
===========================================================================
report_checks -unconstrained
===========================================================================
======================= nom_tt_025C_1v80 Corner ===================================

Startpoint: B[9] (input port clocked by __VIRTUAL_CLK__)
Endpoint: zero (output port clocked by __VIRTUAL_CLK__)
Path Group: __VIRTUAL_CLK__
Path Type: max

Fanout         Cap        Slew       Delay        Time   Description
---------------------------------------------------------------------------------------------
                      0.000000    0.000000    0.000000   clock __VIRTUAL_CLK__ (rise edge)
                                  0.000000    0.000000   clock network delay (ideal)
                                  5.000000    5.000000 v input external delay
     1    0.003771    0.010884    0.006087    5.006087 v B[9] (in)
                                                         B[9] (net)
                      0.010889    0.000000    5.006087 v input64/A (sky130_fd_sc_hd__clkbuf_2)
     2    0.026603    0.105471    0.152253    5.158340 v input64/X (sky130_fd_sc_hd__clkbuf_2)
                                                         net64 (net)
                      0.105482    0.001112    5.159452 v fanout207/A (sky130_fd_sc_hd__buf_6)
     8    0.034282    0.043792    0.163833    5.323285 v fanout207/X (sky130_fd_sc_hd__buf_6)
                                                         net207 (net)
                      0.043814    0.000970    5.324255 v fanout206/A (sky130_fd_sc_hd__buf_2)
     9    0.041418    0.102586    0.189839    5.514094 v fanout206/X (sky130_fd_sc_hd__buf_2)
                                                         net206 (net)
                      0.102675    0.002506    5.516600 v fanout205/A (sky130_fd_sc_hd__clkbuf_4)
    10    0.033689    0.078480    0.206924    5.723525 v fanout205/X (sky130_fd_sc_hd__clkbuf_4)
                                                         net205 (net)
                      0.078561    0.002270    5.725795 v _4959_/B1 (sky130_fd_sc_hd__a22o_2)
     2    0.005396    0.046167    0.224193    5.949987 v _4959_/X (sky130_fd_sc_hd__a22o_2)
                                                         _0635_ (net)
                      0.046167    0.000108    5.950095 v _4961_/A3 (sky130_fd_sc_hd__a31o_2)
     2    0.013584    0.061887    0.273765    6.223860 v _4961_/X (sky130_fd_sc_hd__a31o_2)
                                                         _0637_ (net)
                      0.061887    0.000222    6.224082 v _4969_/B1 (sky130_fd_sc_hd__a21o_4)
     2    0.015582    0.048261    0.204450    6.428532 v _4969_/X (sky130_fd_sc_hd__a21o_4)
                                                         _0646_ (net)
                      0.048266    0.000533    6.429065 v _5043_/A2 (sky130_fd_sc_hd__a21o_4)
     3    0.012491    0.043346    0.223427    6.652492 v _5043_/X (sky130_fd_sc_hd__a21o_4)
                                                         _0727_ (net)
                      0.043383    0.000167    6.652658 v _5044_/C (sky130_fd_sc_hd__and3_4)
     2    0.010293    0.040028    0.184095    6.836753 v _5044_/X (sky130_fd_sc_hd__and3_4)
                                                         _0728_ (net)
                      0.040051    0.000325    6.837079 v _5061_/C1 (sky130_fd_sc_hd__a211o_4)
     3    0.012148    0.060895    0.277286    7.114365 v _5061_/X (sky130_fd_sc_hd__a211o_4)
                                                         _0747_ (net)
                      0.060895    0.000340    7.114705 v _5063_/A2 (sky130_fd_sc_hd__a211o_4)
     4    0.021565    0.074846    0.370429    7.485134 v _5063_/X (sky130_fd_sc_hd__a211o_4)
                                                         _0749_ (net)
                      0.074896    0.001010    7.486144 v _5081_/A (sky130_fd_sc_hd__and3_4)
     3    0.014397    0.045787    0.175066    7.661210 v _5081_/X (sky130_fd_sc_hd__and3_4)
                                                         _0769_ (net)
                      0.045788    0.000303    7.661512 v _5166_/B (sky130_fd_sc_hd__or3_4)
     2    0.007934    0.071305    0.370263    8.031775 v _5166_/X (sky130_fd_sc_hd__or3_4)
                                                         _0862_ (net)
                      0.071305    0.000176    8.031951 v _5169_/A1 (sky130_fd_sc_hd__a211o_4)
     2    0.008638    0.055689    0.334616    8.366568 v _5169_/X (sky130_fd_sc_hd__a211o_4)
                                                         _0866_ (net)
                      0.055689    0.000270    8.366838 v _5170_/C (sky130_fd_sc_hd__and3_4)
     5    0.019911    0.051406    0.206030    8.572867 v _5170_/X (sky130_fd_sc_hd__and3_4)
                                                         _0867_ (net)
                      0.051408    0.000325    8.573193 v _5251_/A1 (sky130_fd_sc_hd__o21ba_4)
     2    0.014998    0.048411    0.234571    8.807764 v _5251_/X (sky130_fd_sc_hd__o21ba_4)
                                                         _0956_ (net)
                      0.048411    0.000452    8.808216 v _5252_/B1 (sky130_fd_sc_hd__a211o_4)
     5    0.023873    0.078044    0.345278    9.153493 v _5252_/X (sky130_fd_sc_hd__a211o_4)
                                                         _0957_ (net)
                      0.078094    0.000879    9.154372 v _5836_/C1 (sky130_fd_sc_hd__o211a_4)
     2    0.006046    0.040917    0.148810    9.303183 v _5836_/X (sky130_fd_sc_hd__o211a_4)
                                                         _1599_ (net)
                      0.040917    0.000211    9.303394 v _5840_/B (sky130_fd_sc_hd__or3_4)
     4    0.015802    0.084774    0.392338    9.695731 v _5840_/X (sky130_fd_sc_hd__or3_4)
                                                         _1604_ (net)
                      0.084774    0.000304    9.696035 v _5842_/C1 (sky130_fd_sc_hd__o211a_4)
     2    0.007703    0.042790    0.154868    9.850904 v _5842_/X (sky130_fd_sc_hd__o211a_4)
                                                         _1606_ (net)
                      0.042790    0.000373    9.851276 v _5856_/B (sky130_fd_sc_hd__or4bb_4)
     2    0.007219    0.089809    0.517816   10.369093 v _5856_/X (sky130_fd_sc_hd__or4bb_4)
                                                         _1621_ (net)
                      0.089809    0.000223   10.369315 v _5872_/C1 (sky130_fd_sc_hd__a2111o_2)
     2    0.010558    0.085362    0.445045   10.814361 v _5872_/X (sky130_fd_sc_hd__a2111o_2)
                                                         _1639_ (net)
                      0.085365    0.000660   10.815021 v _5877_/A2 (sky130_fd_sc_hd__a2111o_2)
     2    0.009413    0.081374    0.502769   11.317790 v _5877_/X (sky130_fd_sc_hd__a2111o_2)
                                                         _1644_ (net)
                      0.081374    0.000380   11.318170 v _5917_/A1 (sky130_fd_sc_hd__a21o_4)
     3    0.008335    0.038020    0.215463   11.533633 v _5917_/X (sky130_fd_sc_hd__a21o_4)
                                                         _1688_ (net)
                      0.038020    0.000228   11.533861 v _5936_/A2 (sky130_fd_sc_hd__a221o_2)
     2    0.010730    0.075843    0.408591   11.942452 v _5936_/X (sky130_fd_sc_hd__a221o_2)
                                                         _1709_ (net)
                      0.075847    0.000609   11.943062 v _5941_/A2 (sky130_fd_sc_hd__a211o_4)
     3    0.019191    0.072527    0.372489   12.315551 v _5941_/X (sky130_fd_sc_hd__a211o_4)
                                                         _1715_ (net)
                      0.072527    0.002075   12.317625 v _6982_/A1 (sky130_fd_sc_hd__a311o_2)
     2    0.007475    0.066148    0.338487   12.656112 v _6982_/X (sky130_fd_sc_hd__a311o_2)
                                                         net94 (net)
                      0.066148    0.000272   12.656384 v _6994_/C (sky130_fd_sc_hd__or4b_4)
     1    0.008053    0.090882    0.495426   13.151810 v _6994_/X (sky130_fd_sc_hd__or4b_4)
                                                         _2841_ (net)
                      0.090882    0.000170   13.151979 v _6995_/D (sky130_fd_sc_hd__nor4_4)
     1    0.005436    0.203429    0.152359   13.304338 ^ _6995_/Y (sky130_fd_sc_hd__nor4_4)
                                                         net103 (net)
                      0.203429    0.000128   13.304466 ^ output103/A (sky130_fd_sc_hd__buf_6)
     1    0.036011    0.081109    0.170347   13.474813 ^ output103/X (sky130_fd_sc_hd__buf_6)
                                                         zero (net)
                      0.081140    0.001489   13.476302 ^ zero (out)
                                             13.476302   data arrival time

                      0.000000   25.000000   25.000000   clock __VIRTUAL_CLK__ (rise edge)
                                  0.000000   25.000000   clock network delay (ideal)
                                 -0.250000   24.750000   clock uncertainty
                                  0.000000   24.750000   clock reconvergence pessimism
                                 -5.000000   19.750000   output external delay
                                             19.750000   data required time
---------------------------------------------------------------------------------------------
                                             19.750000   data required time
                                            -13.476302   data arrival time
---------------------------------------------------------------------------------------------
                                              6.273697   slack (MET)




===========================================================================
report_checks --slack_max -0.01
============================================================================
======================= nom_tt_025C_1v80 Corner ===================================

No paths found.


===========================================================================
 report_check_types -max_slew -max_cap -max_fanout -violators
============================================================================
======================= nom_tt_025C_1v80 Corner ===================================

max slew

Pin                                        Limit        Slew       Slack
------------------------------------------------------------------------
_6824_/B1                               0.750000    0.753782   -0.003782 (VIOLATED)
_6778_/B1                               0.750000    0.753778   -0.003778 (VIOLATED)
_6742_/B1                               0.750000    0.753774   -0.003774 (VIOLATED)
_6720_/A1                               0.750000    0.753770   -0.003770 (VIOLATED)
_6690_/B1                               0.750000    0.753767   -0.003767 (VIOLATED)
_6601_/B1                               0.750000    0.753764   -0.003764 (VIOLATED)
_6443_/B1                               0.750000    0.753760   -0.003760 (VIOLATED)
_6933_/A1                               0.750000    0.753759   -0.003759 (VIOLATED)
_6204_/B1                               0.750000    0.753759   -0.003759 (VIOLATED)
_6487_/B1                               0.750000    0.753756   -0.003756 (VIOLATED)
fanout152/X                             0.750000    0.753565   -0.003565 (VIOLATED)



===========================================================================
report_parasitic_annotation -report_unannotated
============================================================================
Found 0 unannotated drivers.
Found 0 partially unannotated drivers.

===========================================================================
max slew violation count 11
Writing metric design__max_slew_violation__count__corner:nom_tt_025C_1v80: 11
max fanout violation count 0
Writing metric design__max_fanout_violation__count__corner:nom_tt_025C_1v80: 0
max cap violation count 0
Writing metric design__max_cap_violation__count__corner:nom_tt_025C_1v80: 0
============================================================================

===========================================================================
check_setup -verbose -unconstrained_endpoints -multiple_clock -no_clock -no_input_delay -loops -generated_clocks
===========================================================================
