
===========================================================================
report_checks -unconstrained
===========================================================================
======================= nom_tt_025C_1v80 Corner ===================================

Startpoint: B[1] (input port clocked by __VIRTUAL_CLK__)
Endpoint: zero (output port clocked by __VIRTUAL_CLK__)
Path Group: __VIRTUAL_CLK__
Path Type: max

Fanout         Cap        Slew       Delay        Time   Description
---------------------------------------------------------------------------------------------
                      0.000000    0.000000    0.000000   clock __VIRTUAL_CLK__ (rise edge)
                                  0.000000    0.000000   clock network delay (ideal)
                                  5.000000    5.000000 ^ input external delay
     1    0.007757    0.041463    0.026864    5.026864 ^ B[1] (in)
                                                         B[1] (net)
                      0.041467    0.000000    5.026864 ^ input44/A (sky130_fd_sc_hd__clkdlybuf4s25_1)
     2    0.027819    0.283395    0.413699    5.440563 ^ input44/X (sky130_fd_sc_hd__clkdlybuf4s25_1)
                                                         net44 (net)
                      0.283397    0.001268    5.441831 ^ fanout371/A (sky130_fd_sc_hd__buf_2)
     7    0.065514    0.318462    0.370860    5.812691 ^ fanout371/X (sky130_fd_sc_hd__buf_2)
                                                         net371 (net)
                      0.318560    0.004650    5.817341 ^ fanout366/A (sky130_fd_sc_hd__clkbuf_2)
     7    0.050166    0.272002    0.337848    6.155190 ^ fanout366/X (sky130_fd_sc_hd__clkbuf_2)
                                                         net366 (net)
                      0.272073    0.003658    6.158847 ^ fanout365/A (sky130_fd_sc_hd__clkbuf_2)
     5    0.028110    0.158012    0.251714    6.410561 ^ fanout365/X (sky130_fd_sc_hd__clkbuf_2)
                                                         net365 (net)
                      0.158024    0.001493    6.412055 ^ _3503_/A (sky130_fd_sc_hd__inv_2)
     5    0.056279    0.133911    0.155325    6.567380 v _3503_/Y (sky130_fd_sc_hd__inv_2)
                                                         _0260_ (net)
                      0.133930    0.001328    6.568708 v fanout160/A (sky130_fd_sc_hd__clkdlybuf4s25_1)
     3    0.020090    0.155880    0.377063    6.945771 v fanout160/X (sky130_fd_sc_hd__clkdlybuf4s25_1)
                                                         net160 (net)
                      0.155882    0.000848    6.946619 v wire161/A (sky130_fd_sc_hd__buf_4)
     6    0.059954    0.085251    0.243504    7.190123 v wire161/X (sky130_fd_sc_hd__buf_4)
                                                         net161 (net)
                      0.085453    0.003593    7.193715 v _5368_/B (sky130_fd_sc_hd__nor2_2)
     3    0.013910    0.170762    0.168208    7.361923 ^ _5368_/Y (sky130_fd_sc_hd__nor2_2)
                                                         _1084_ (net)
                      0.170763    0.000352    7.362275 ^ _5370_/B (sky130_fd_sc_hd__and3_2)
     2    0.007269    0.062602    0.218762    7.581038 ^ _5370_/X (sky130_fd_sc_hd__and3_2)
                                                         _1087_ (net)
                      0.062602    0.000131    7.581169 ^ _5397_/A (sky130_fd_sc_hd__nor2_2)
     1    0.008610    0.043111    0.050715    7.631884 v _5397_/Y (sky130_fd_sc_hd__nor2_2)
                                                         _1116_ (net)
                      0.043112    0.000260    7.632144 v _5410_/B (sky130_fd_sc_hd__xnor2_2)
     2    0.013929    0.092877    0.155664    7.787808 v _5410_/Y (sky130_fd_sc_hd__xnor2_2)
                                                         _1131_ (net)
                      0.092877    0.000350    7.788158 v _5412_/A (sky130_fd_sc_hd__xnor2_2)
     3    0.018800    0.275531    0.286756    8.074914 ^ _5412_/Y (sky130_fd_sc_hd__xnor2_2)
                                                         _1133_ (net)
                      0.275538    0.001135    8.076050 ^ _5413_/C (sky130_fd_sc_hd__and3_2)
     2    0.008680    0.069664    0.246176    8.322226 ^ _5413_/X (sky130_fd_sc_hd__and3_2)
                                                         _1134_ (net)
                      0.069664    0.000240    8.322466 ^ _5505_/B1 (sky130_fd_sc_hd__a211oi_2)
     2    0.007534    0.060578    0.054206    8.376671 v _5505_/Y (sky130_fd_sc_hd__a211oi_2)
                                                         _1235_ (net)
                      0.060578    0.000175    8.376846 v max_cap114/A (sky130_fd_sc_hd__clkbuf_2)
     5    0.022200    0.089696    0.161958    8.538805 v max_cap114/X (sky130_fd_sc_hd__clkbuf_2)
                                                         net114 (net)
                      0.089698    0.000508    8.539312 v _5508_/A (sky130_fd_sc_hd__or3b_4)
     2    0.007766    0.072575    0.413918    8.953231 v _5508_/X (sky130_fd_sc_hd__or3b_4)
                                                         _1238_ (net)
                      0.072575    0.000195    8.953425 v _5511_/A (sky130_fd_sc_hd__or3_4)
     2    0.010818    0.075913    0.407716    9.361141 v _5511_/X (sky130_fd_sc_hd__or3_4)
                                                         _1242_ (net)
                      0.075913    0.000284    9.361425 v _5563_/A1 (sky130_fd_sc_hd__a21oi_4)
     2    0.009441    0.120586    0.145415    9.506841 ^ _5563_/Y (sky130_fd_sc_hd__a21oi_4)
                                                         _1299_ (net)
                      0.120586    0.000298    9.507138 ^ _5564_/B1 (sky130_fd_sc_hd__a211oi_2)
     4    0.017121    0.096012    0.090187    9.597325 v _5564_/Y (sky130_fd_sc_hd__a211oi_2)
                                                         _1300_ (net)
                      0.096013    0.000517    9.597842 v max_cap109/A (sky130_fd_sc_hd__clkbuf_2)
     3    0.013043    0.057485    0.152802    9.750644 v max_cap109/X (sky130_fd_sc_hd__clkbuf_2)
                                                         net109 (net)
                      0.057486    0.000393    9.751038 v _5567_/B1 (sky130_fd_sc_hd__a211o_2)
     2    0.007230    0.059117    0.321982   10.073020 v _5567_/X (sky130_fd_sc_hd__a211o_2)
                                                         _1303_ (net)
                      0.059117    0.000099   10.073118 v _5615_/A1 (sky130_fd_sc_hd__a211o_2)
     2    0.005352    0.054514    0.302706   10.375825 v _5615_/X (sky130_fd_sc_hd__a211o_2)
                                                         _1356_ (net)
                      0.054514    0.000158   10.375983 v _5651_/A1 (sky130_fd_sc_hd__a21bo_2)
     1    0.004975    0.040422    0.197373   10.573356 v _5651_/X (sky130_fd_sc_hd__a21bo_2)
                                                         _1396_ (net)
                      0.040422    0.000155   10.573510 v _5818_/B1 (sky130_fd_sc_hd__a41oi_2)
     1    0.006175    0.162734    0.166150   10.739660 ^ _5818_/Y (sky130_fd_sc_hd__a41oi_2)
                                                         _1579_ (net)
                      0.162734    0.000207   10.739867 ^ wire105/A (sky130_fd_sc_hd__buf_6)
     4    0.021563    0.054281    0.142224   10.882092 ^ wire105/X (sky130_fd_sc_hd__buf_6)
                                                         net105 (net)
                      0.054317    0.001257   10.883348 ^ _5821_/A1 (sky130_fd_sc_hd__a21o_2)
     2    0.012034    0.070653    0.144841   11.028189 ^ _5821_/X (sky130_fd_sc_hd__a21o_2)
                                                         _1583_ (net)
                      0.070653    0.000242   11.028431 ^ _6739_/A (sky130_fd_sc_hd__xor2_2)
     1    0.004493    0.044933    0.068640   11.097071 v _6739_/X (sky130_fd_sc_hd__xor2_2)
                                                         _2576_ (net)
                      0.044934    0.000163   11.097234 v _6753_/A2 (sky130_fd_sc_hd__a211o_2)
     2    0.022458    0.095737    0.389778   11.487012 v _6753_/X (sky130_fd_sc_hd__a211o_2)
                                                         net78 (net)
                      0.095757    0.001382   11.488394 v _6989_/C (sky130_fd_sc_hd__or4_4)
     1    0.010925    0.095839    0.513407   12.001801 v _6989_/X (sky130_fd_sc_hd__or4_4)
                                                         _2836_ (net)
                      0.095839    0.000448   12.002249 v _6990_/C (sky130_fd_sc_hd__or3_4)
     1    0.009854    0.074421    0.355359   12.357608 v _6990_/X (sky130_fd_sc_hd__or3_4)
                                                         _2837_ (net)
                      0.074421    0.000450   12.358058 v _6991_/B (sky130_fd_sc_hd__or3_4)
     1    0.016017    0.085488    0.404786   12.762844 v _6991_/X (sky130_fd_sc_hd__or3_4)
                                                         _2838_ (net)
                      0.085488    0.001083   12.763927 v _6992_/D (sky130_fd_sc_hd__nor4_4)
     1    0.008801    0.242048    0.180465   12.944392 ^ _6992_/Y (sky130_fd_sc_hd__nor4_4)
                                                         _2839_ (net)
                      0.242048    0.000400   12.944793 ^ wire104/A (sky130_fd_sc_hd__clkbuf_2)
     1    0.028767    0.161147    0.246507   13.191299 ^ wire104/X (sky130_fd_sc_hd__clkbuf_2)
                                                         net104 (net)
                      0.161150    0.000998   13.192297 ^ _6994_/D_N (sky130_fd_sc_hd__or4b_4)
     1    0.008126    0.090976    0.491731   13.684029 v _6994_/X (sky130_fd_sc_hd__or4b_4)
                                                         _2841_ (net)
                      0.090976    0.000236   13.684265 v _6995_/D (sky130_fd_sc_hd__nor4_4)
     1    0.005097    0.199698    0.149393   13.833658 ^ _6995_/Y (sky130_fd_sc_hd__nor4_4)
                                                         net103 (net)
                      0.199698    0.000099   13.833757 ^ output103/A (sky130_fd_sc_hd__buf_6)
     1    0.036689    0.082308    0.170573   14.004331 ^ output103/X (sky130_fd_sc_hd__buf_6)
                                                         zero (net)
                      0.082332    0.001332   14.005663 ^ zero (out)
                                             14.005663   data arrival time

                      0.000000   25.000000   25.000000   clock __VIRTUAL_CLK__ (rise edge)
                                  0.000000   25.000000   clock network delay (ideal)
                                 -0.250000   24.750000   clock uncertainty
                                  0.000000   24.750000   clock reconvergence pessimism
                                 -5.000000   19.750000   output external delay
                                             19.750000   data required time
---------------------------------------------------------------------------------------------
                                             19.750000   data required time
                                            -14.005663   data arrival time
---------------------------------------------------------------------------------------------
                                              5.744337   slack (MET)




===========================================================================
report_checks --slack_max -0.01
============================================================================
======================= nom_tt_025C_1v80 Corner ===================================

No paths found.


===========================================================================
 report_check_types -max_slew -max_cap -max_fanout -violators
============================================================================
======================= nom_tt_025C_1v80 Corner ===================================

max slew

Pin                                        Limit        Slew       Slack
------------------------------------------------------------------------
_6824_/B1                               0.750000    1.151475   -0.401475 (VIOLATED)
_6778_/B1                               0.750000    1.151468   -0.401468 (VIOLATED)
_6742_/B1                               0.750000    1.151459   -0.401459 (VIOLATED)
_6720_/A1                               0.750000    1.151449   -0.401449 (VIOLATED)
_6690_/B1                               0.750000    1.151440   -0.401440 (VIOLATED)
_6601_/B1                               0.750000    1.151432   -0.401432 (VIOLATED)
_6933_/A1                               0.750000    1.151427   -0.401427 (VIOLATED)
_6204_/B1                               0.750000    1.151423   -0.401423 (VIOLATED)
_6443_/B1                               0.750000    1.151423   -0.401423 (VIOLATED)
_6487_/B1                               0.750000    1.151418   -0.401418 (VIOLATED)
fanout152/X                             0.750000    1.151413   -0.401413 (VIOLATED)
_6669_/B1                               0.750000    1.055816   -0.305816 (VIOLATED)
_6704_/A1                               0.750000    1.055815   -0.305815 (VIOLATED)
_6773_/A1                               0.750000    1.055767   -0.305767 (VIOLATED)
_6792_/B1                               0.750000    1.055755   -0.305755 (VIOLATED)
_6777_/A                                0.750000    1.055751   -0.305751 (VIOLATED)
_6870_/A1                               0.750000    1.055749   -0.305749 (VIOLATED)
_6841_/A                                0.750000    1.055711   -0.305711 (VIOLATED)
_6873_/B1                               0.750000    1.055681   -0.305681 (VIOLATED)
_6906_/B1                               0.750000    1.055662   -0.305662 (VIOLATED)
_6063_/B1                               0.750000    1.055614   -0.305614 (VIOLATED)
fanout142/X                             0.750000    1.055608   -0.305608 (VIOLATED)
_6810_/B1                               0.750000    1.043179   -0.293179 (VIOLATED)
_6844_/A2_N                             0.750000    1.043142   -0.293142 (VIOLATED)
_6864_/B1                               0.750000    1.043141   -0.293141 (VIOLATED)
_6892_/B1                               0.750000    1.043112   -0.293112 (VIOLATED)
_6928_/B1                               0.750000    1.043096   -0.293096 (VIOLATED)
_6941_/B1                               0.750000    1.043046   -0.293046 (VIOLATED)
_6964_/B1                               0.750000    1.042993   -0.292993 (VIOLATED)
_6979_/B1                               0.750000    1.042951   -0.292951 (VIOLATED)
fanout126/A                             0.750000    1.042779   -0.292779 (VIOLATED)
fanout125/A                             0.750000    1.042778   -0.292778 (VIOLATED)
fanout127/X                             0.750000    1.042776   -0.292776 (VIOLATED)
_3785_/B                                0.750000    0.868207   -0.118207 (VIOLATED)
_3534_/B                                0.750000    0.868198   -0.118198 (VIOLATED)
_3541_/D                                0.750000    0.868183   -0.118183 (VIOLATED)
_6076_/A                                0.750000    0.868153   -0.118153 (VIOLATED)
_6075_/A                                0.750000    0.868152   -0.118152 (VIOLATED)
_6077_/A                                0.750000    0.868151   -0.118151 (VIOLATED)
_6263_/A_N                              0.750000    0.868148   -0.118148 (VIOLATED)
_4345_/B1                               0.750000    0.868108   -0.118108 (VIOLATED)
_4088_/D                                0.750000    0.868096   -0.118096 (VIOLATED)
_4087_/B                                0.750000    0.868020   -0.118020 (VIOLATED)
fanout331/X                             0.750000    0.868018   -0.118018 (VIOLATED)
_6316_/A0                               0.750000    0.862628   -0.112628 (VIOLATED)
_6460_/B                                0.750000    0.862621   -0.112621 (VIOLATED)
_6529_/B                                0.750000    0.862613   -0.112614 (VIOLATED)
_6494_/A2                               0.750000    0.862610   -0.112610 (VIOLATED)
_6496_/A2                               0.750000    0.862609   -0.112609 (VIOLATED)
_6312_/A                                0.750000    0.862606   -0.112606 (VIOLATED)
_5954_/B                                0.750000    0.862604   -0.112604 (VIOLATED)
_3505_/A                                0.750000    0.862603   -0.112604 (VIOLATED)
_6064_/A                                0.750000    0.862600   -0.112600 (VIOLATED)
_6065_/A                                0.750000    0.862599   -0.112599 (VIOLATED)
fanout585/X                             0.750000    0.862597   -0.112597 (VIOLATED)
_6482_/A2                               0.750000    0.831739   -0.081739 (VIOLATED)
_6528_/A                                0.750000    0.831735   -0.081735 (VIOLATED)
_6675_/B2                               0.750000    0.831731   -0.081731 (VIOLATED)
_6641_/B2                               0.750000    0.831698   -0.081698 (VIOLATED)
_6713_/B2                               0.750000    0.831697   -0.081697 (VIOLATED)
_6911_/B2                               0.750000    0.831685   -0.081685 (VIOLATED)
_6846_/A2                               0.750000    0.831679   -0.081680 (VIOLATED)
_6925_/B2                               0.750000    0.831632   -0.081632 (VIOLATED)
_6960_/A                                0.750000    0.831630   -0.081630 (VIOLATED)
fanout123/A                             0.750000    0.831589   -0.081589 (VIOLATED)
fanout124/X                             0.750000    0.831586   -0.081586 (VIOLATED)
_6818_/A1                               0.750000    0.816816   -0.066816 (VIOLATED)
_6788_/B                                0.750000    0.816803   -0.066803 (VIOLATED)
_6688_/B1                               0.750000    0.816723   -0.066723 (VIOLATED)
_6653_/B1                               0.750000    0.816663   -0.066663 (VIOLATED)
_6616_/B1                               0.750000    0.816593   -0.066593 (VIOLATED)
_6600_/B1                               0.750000    0.816566   -0.066566 (VIOLATED)
_6595_/A1                               0.750000    0.816548   -0.066548 (VIOLATED)
_6566_/B                                0.750000    0.816511   -0.066511 (VIOLATED)
_6543_/B2                               0.750000    0.816433   -0.066433 (VIOLATED)
_6442_/B1                               0.750000    0.816388   -0.066388 (VIOLATED)
fanout146/X                             0.750000    0.816381   -0.066381 (VIOLATED)
_6923_/A                                0.750000    0.798058   -0.048058 (VIOLATED)
_6888_/C1                               0.750000    0.798056   -0.048056 (VIOLATED)
_6820_/A1                               0.750000    0.798045   -0.048046 (VIOLATED)
_6837_/A1                               0.750000    0.798017   -0.048017 (VIOLATED)
_6753_/A1                               0.750000    0.797929   -0.047929 (VIOLATED)
_6706_/B1                               0.750000    0.797906   -0.047906 (VIOLATED)
_6737_/A1                               0.750000    0.797882   -0.047882 (VIOLATED)
_6667_/A1                               0.750000    0.797752   -0.047752 (VIOLATED)
_6473_/A2                               0.750000    0.797639   -0.047639 (VIOLATED)
_6513_/A2                               0.750000    0.797636   -0.047636 (VIOLATED)
fanout144/X                             0.750000    0.797636   -0.047636 (VIOLATED)
fanout191/A                             0.750000    0.790167   -0.040167 (VIOLATED)
_3748_/B                                0.750000    0.790150   -0.040150 (VIOLATED)
_3750_/B2                               0.750000    0.790149   -0.040149 (VIOLATED)
fanout189/A                             0.750000    0.790106   -0.040106 (VIOLATED)
fanout188/A                             0.750000    0.790095   -0.040095 (VIOLATED)
fanout186/A                             0.750000    0.790095   -0.040095 (VIOLATED)
input8/X                                0.750000    0.790057   -0.040057 (VIOLATED)
_6891_/B1                               0.750000    0.778995   -0.028995 (VIOLATED)
_6879_/A2                               0.750000    0.778988   -0.028988 (VIOLATED)
_6334_/A2                               0.750000    0.778964   -0.028964 (VIOLATED)
_6591_/A2                               0.750000    0.778937   -0.028937 (VIOLATED)
_6572_/B1                               0.750000    0.778936   -0.028936 (VIOLATED)
_6551_/A2                               0.750000    0.778934   -0.028934 (VIOLATED)
_6508_/B1                               0.750000    0.778932   -0.028932 (VIOLATED)
_6535_/A2                               0.750000    0.778931   -0.028931 (VIOLATED)
_6468_/B1                               0.750000    0.778918   -0.028918 (VIOLATED)
_6445_/B1                               0.750000    0.778917   -0.028917 (VIOLATED)
fanout135/X                             0.750000    0.778910   -0.028910 (VIOLATED)
_6389_/A                                0.750000    0.766646   -0.016646 (VIOLATED)
_6366_/A                                0.750000    0.766644   -0.016644 (VIOLATED)
_6364_/A                                0.750000    0.766637   -0.016637 (VIOLATED)
_6318_/A                                0.750000    0.766626   -0.016626 (VIOLATED)
_6393_/A                                0.750000    0.766618   -0.016618 (VIOLATED)
_6628_/A1                               0.750000    0.766590   -0.016590 (VIOLATED)
_6531_/A                                0.750000    0.766567   -0.016567 (VIOLATED)
_6228_/B                                0.750000    0.766535   -0.016535 (VIOLATED)
_6464_/A                                0.750000    0.766533   -0.016533 (VIOLATED)
_6483_/A1                               0.750000    0.766532   -0.016532 (VIOLATED)
fanout176/X                             0.750000    0.766530   -0.016530 (VIOLATED)
_6916_/A2                               0.750000    0.764058   -0.014058 (VIOLATED)
_6340_/A2                               0.750000    0.764058   -0.014058 (VIOLATED)
_6591_/B1                               0.750000    0.764057   -0.014057 (VIOLATED)
_6573_/B1                               0.750000    0.764057   -0.014057 (VIOLATED)
_6880_/B1                               0.750000    0.764057   -0.014057 (VIOLATED)
_6339_/A                                0.750000    0.764056   -0.014056 (VIOLATED)
_6535_/B1                               0.750000    0.764054   -0.014054 (VIOLATED)
_6449_/B1                               0.750000    0.764045   -0.014045 (VIOLATED)
_6469_/B1                               0.750000    0.764045   -0.014045 (VIOLATED)
_6506_/B                                0.750000    0.764045   -0.014045 (VIOLATED)
fanout126/X                             0.750000    0.764045   -0.014045 (VIOLATED)



===========================================================================
report_parasitic_annotation -report_unannotated
============================================================================
Found 0 unannotated drivers.
Found 0 partially unannotated drivers.

===========================================================================
max slew violation count 128
max fanout violation count 0
max cap violation count 0
============================================================================

===========================================================================
check_setup -verbose -unconstrained_endpoints -multiple_clock -no_clock -no_input_delay -loops -generated_clocks
===========================================================================
