Reading timing models for corner nom_tt_025C_1v80…
Reading timing library for the 'nom_tt_025C_1v80' corner at '/foss/pdks/ciel/sky130/versions/7b70722e33c03fcb5dabcf4d479fb0822d9251c9/sky130A/libs.ref/sky130_fd_sc_hd/lib/sky130_fd_sc_hd__tt_025C_1v80.lib'…
Reading OpenROAD database at '/foss/designs/alu32_openlane/runs/RUN_2026-05-28_05-26-24/39-openroad-globalrouting/alu32.odb'…
Reading design constraints file at '/usr/local/lib/python3.12/dist-packages/librelane/scripts/base.sdc'…
[WARNING STA-0366] port '__VIRTUAL_CLK__' not found.
[INFO] Using clock __VIRTUAL_CLK__…
[INFO] Setting output delay to: 2.0
[INFO] Setting input delay to: 2.0
[WARNING STA-0366] port '__VIRTUAL_CLK__' not found.
[INFO] Setting load to: 0.033442
[INFO] Setting clock uncertainty to: 0.25
[INFO] Setting clock transition to: 0.1499999999999999944488848768742172978818416595458984375
[WARNING STA-0419] transition time can not be specified for virtual clocks.
[INFO] Setting timing derate to: 5%
[WARNING STA-0450] virtual clock __VIRTUAL_CLK__ can not be propagated.
+ repair_antennas sky130_fd_sc_hd__diode_2 -iterations 3 -ratio_margin 10
[INFO GRT-0012] Found 19 antenna violations.
[INFO GRT-0302] Inserted 19 jumpers for 18 nets.
[INFO GRT-0012] Found 1 antenna violations.
[INFO GRT-0015] Inserted 2 diodes.
[INFO GRT-0012] Found 4 antenna violations.
[INFO GRT-0302] Inserted 4 jumpers for 4 nets.
[INFO GRT-0012] Found 0 antenna violations.
Setting global connections for newly added cells…
[INFO] Setting global connections...
[INFO ODB-0403] 8 connections made, 0 conflicts skipped.
Updating metrics…
Cell type report:                       Count       Area
  Fill cell                               202     758.23
  Tap cell                               1081    1352.55
  Antenna cell                              2       5.00
  Timing Repair Buffer                    752    6359.85
  Inverter                                 73     274.01
  Multi-Input combinational cell         3445   35418.97
  Total                                  5555   44168.61
Writing OpenROAD database to '/foss/designs/alu32_openlane/runs/RUN_2026-05-28_05-26-24/42-openroad-repairantennas/1-openroad-diodeinsertion/alu32.odb'…
Writing layout to '/foss/designs/alu32_openlane/runs/RUN_2026-05-28_05-26-24/42-openroad-repairantennas/1-openroad-diodeinsertion/alu32.def'…
