
===========================================================================
report_checks -path_delay min (Hold)
============================================================================
======================= nom_tt_025C_1v80 Corner ===================================

Startpoint: B[31] (input port clocked by __VIRTUAL_CLK__)
Endpoint: overflow (output port clocked by __VIRTUAL_CLK__)
Path Group: __VIRTUAL_CLK__
Path Type: min

Fanout         Cap        Slew       Delay        Time   Description
---------------------------------------------------------------------------------------------
                      0.000000    0.000000    0.000000   clock __VIRTUAL_CLK__ (rise edge)
                                  0.000000    0.000000   clock network delay (ideal)
                                  5.000000    5.000000 v input external delay
     6    0.023650    0.053933    0.038058    5.038058 v B[31] (in)
                                                         B[31] (net)
                      0.053937    0.000000    5.038058 v _6349_/B (sky130_fd_sc_hd__nor2_2)
     1    0.001648    0.049767    0.063550    5.101608 ^ _6349_/Y (sky130_fd_sc_hd__nor2_2)
                                                         _2163_ (net)
                      0.049767    0.000000    5.101608 ^ _6997_/A0 (sky130_fd_sc_hd__mux2_1)
     1    0.002144    0.037654    0.110807    5.212416 ^ _6997_/X (sky130_fd_sc_hd__mux2_1)
                                                         _2843_ (net)
                      0.037654    0.000003    5.212419 ^ _6998_/B1 (sky130_fd_sc_hd__a2bb2o_2)
     1    0.035854    0.185913    0.266469    5.478888 ^ _6998_/X (sky130_fd_sc_hd__a2bb2o_2)
                                                         overflow (net)
                      0.185913    0.000487    5.479374 ^ overflow (out)
                                              5.479374   data arrival time

                      0.000000    0.000000    0.000000   clock __VIRTUAL_CLK__ (rise edge)
                                  0.000000    0.000000   clock network delay (ideal)
                                  0.250000    0.250000   clock uncertainty
                                  0.000000    0.250000   clock reconvergence pessimism
                                 -5.000000   -4.750000   output external delay
                                             -4.750000   data required time
---------------------------------------------------------------------------------------------
                                             -4.750000   data required time
                                             -5.479374   data arrival time
---------------------------------------------------------------------------------------------
                                             10.229375   slack (MET)


Startpoint: B[31] (input port clocked by __VIRTUAL_CLK__)
Endpoint: carry (output port clocked by __VIRTUAL_CLK__)
Path Group: __VIRTUAL_CLK__
Path Type: min

Fanout         Cap        Slew       Delay        Time   Description
---------------------------------------------------------------------------------------------
                      0.000000    0.000000    0.000000   clock __VIRTUAL_CLK__ (rise edge)
                                  0.000000    0.000000   clock network delay (ideal)
                                  5.000000    5.000000 v input external delay
     6    0.023650    0.053933    0.038062    5.038063 v B[31] (in)
                                                         B[31] (net)
                      0.053937    0.000000    5.038063 v _6065_/B (sky130_fd_sc_hd__nand2_2)
     4    0.013972    0.090739    0.100135    5.138198 ^ _6065_/Y (sky130_fd_sc_hd__nand2_2)
                                                         _1851_ (net)
                      0.090739    0.000013    5.138211 ^ _6999_/A (sky130_fd_sc_hd__nand2_2)
     1    0.002542    0.025629    0.045057    5.183268 v _6999_/Y (sky130_fd_sc_hd__nand2_2)
                                                         _2845_ (net)
                      0.025629    0.000004    5.183272 v _7000_/A3 (sky130_fd_sc_hd__a32o_2)
     1    0.035937    0.107126    0.332820    5.516091 v _7000_/X (sky130_fd_sc_hd__a32o_2)
                                                         carry (net)
                      0.107126    0.000510    5.516601 v carry (out)
                                              5.516601   data arrival time

                      0.000000    0.000000    0.000000   clock __VIRTUAL_CLK__ (rise edge)
                                  0.000000    0.000000   clock network delay (ideal)
                                  0.250000    0.250000   clock uncertainty
                                  0.000000    0.250000   clock reconvergence pessimism
                                 -5.000000   -4.750000   output external delay
                                             -4.750000   data required time
---------------------------------------------------------------------------------------------
                                             -4.750000   data required time
                                             -5.516601   data arrival time
---------------------------------------------------------------------------------------------
                                             10.266602   slack (MET)


Startpoint: B[30] (input port clocked by __VIRTUAL_CLK__)
Endpoint: result[31] (output port clocked by __VIRTUAL_CLK__)
Path Group: __VIRTUAL_CLK__
Path Type: min

Fanout         Cap        Slew       Delay        Time   Description
---------------------------------------------------------------------------------------------
                      0.000000    0.000000    0.000000   clock __VIRTUAL_CLK__ (rise edge)
                                  0.000000    0.000000   clock network delay (ideal)
                                  5.000000    5.000000 v input external delay
     5    0.017285    0.040180    0.027844    5.027844 v B[30] (in)
                                                         B[30] (net)
                      0.040181    0.000000    5.027844 v _6067_/A (sky130_fd_sc_hd__nand2_2)
     5    0.015020    0.085906    0.088730    5.116574 ^ _6067_/Y (sky130_fd_sc_hd__nand2_2)
                                                         _1853_ (net)
                      0.085906    0.000075    5.116650 ^ _6204_/A2 (sky130_fd_sc_hd__a31o_2)
     1    0.002685    0.037725    0.149451    5.266100 ^ _6204_/X (sky130_fd_sc_hd__a31o_2)
                                                         _2004_ (net)
                      0.037725    0.000003    5.266103 ^ _6346_/A2 (sky130_fd_sc_hd__o211a_2)
     1    0.005423    0.054132    0.167182    5.433286 ^ _6346_/X (sky130_fd_sc_hd__o211a_2)
                                                         _2160_ (net)
                      0.054132    0.000028    5.433313 ^ _6347_/B1 (sky130_fd_sc_hd__o21ai_2)
     4    0.048887    0.189112    0.169265    5.602579 v _6347_/Y (sky130_fd_sc_hd__o21ai_2)
                                                         result[31] (net)
                      0.189117    0.000822    5.603401 v result[31] (out)
                                              5.603401   data arrival time

                      0.000000    0.000000    0.000000   clock __VIRTUAL_CLK__ (rise edge)
                                  0.000000    0.000000   clock network delay (ideal)
                                  0.250000    0.250000   clock uncertainty
                                  0.000000    0.250000   clock reconvergence pessimism
                                 -5.000000   -4.750000   output external delay
                                             -4.750000   data required time
---------------------------------------------------------------------------------------------
                                             -4.750000   data required time
                                             -5.603401   data arrival time
---------------------------------------------------------------------------------------------
                                             10.353400   slack (MET)


Startpoint: B[28] (input port clocked by __VIRTUAL_CLK__)
Endpoint: result[29] (output port clocked by __VIRTUAL_CLK__)
Path Group: __VIRTUAL_CLK__
Path Type: min

Fanout         Cap        Slew       Delay        Time   Description
---------------------------------------------------------------------------------------------
                      0.000000    0.000000    0.000000   clock __VIRTUAL_CLK__ (rise edge)
                                  0.000000    0.000000   clock network delay (ideal)
                                  5.000000    5.000000 v input external delay
    10    0.040289    0.090452    0.064882    5.064882 v B[28] (in)
                                                         B[28] (net)
                      0.090477    0.000000    5.064882 v _3484_/A (sky130_fd_sc_hd__inv_2)
     1    0.004815    0.039775    0.064770    5.129652 ^ _3484_/Y (sky130_fd_sc_hd__inv_2)
                                                         _0051_ (net)
                      0.039775    0.000006    5.129657 ^ _6956_/A1 (sky130_fd_sc_hd__a21oi_2)
     1    0.008300    0.037535    0.054920    5.184577 v _6956_/Y (sky130_fd_sc_hd__a21oi_2)
                                                         _2801_ (net)
                      0.037535    0.000010    5.184587 v _6957_/B (sky130_fd_sc_hd__xnor2_2)
     1    0.003374    0.037818    0.110087    5.294674 ^ _6957_/Y (sky130_fd_sc_hd__xnor2_2)
                                                         _2802_ (net)
                      0.037818    0.000013    5.294687 ^ _6967_/A2 (sky130_fd_sc_hd__a211o_2)
     1    0.002807    0.026493    0.112135    5.406822 ^ _6967_/X (sky130_fd_sc_hd__a211o_2)
                                                         _2813_ (net)
                      0.026493    0.000003    5.406825 ^ _6968_/B1 (sky130_fd_sc_hd__a21o_2)
     2    0.040394    0.202117    0.200083    5.606908 ^ _6968_/X (sky130_fd_sc_hd__a21o_2)
                                                         result[29] (net)
                      0.202129    0.001273    5.608181 ^ result[29] (out)
                                              5.608181   data arrival time

                      0.000000    0.000000    0.000000   clock __VIRTUAL_CLK__ (rise edge)
                                  0.000000    0.000000   clock network delay (ideal)
                                  0.250000    0.250000   clock uncertainty
                                  0.000000    0.250000   clock reconvergence pessimism
                                 -5.000000   -4.750000   output external delay
                                             -4.750000   data required time
---------------------------------------------------------------------------------------------
                                             -4.750000   data required time
                                             -5.608181   data arrival time
---------------------------------------------------------------------------------------------
                                             10.358181   slack (MET)


Startpoint: opcode[0] (input port clocked by __VIRTUAL_CLK__)
Endpoint: result[0] (output port clocked by __VIRTUAL_CLK__)
Path Group: __VIRTUAL_CLK__
Path Type: min

Fanout         Cap        Slew       Delay        Time   Description
---------------------------------------------------------------------------------------------
                      0.000000    0.000000    0.000000   clock __VIRTUAL_CLK__ (rise edge)
                                  0.000000    0.000000   clock network delay (ideal)
                                  5.000000    5.000000 ^ input external delay
    12    0.033283    0.154933    0.107091    5.107091 ^ opcode[0] (in)
                                                         opcode[0] (net)
                      0.154935    0.000000    5.107091 ^ _6353_/C (sky130_fd_sc_hd__and4bb_2)
     1    0.005662    0.066116    0.251903    5.358994 ^ _6353_/X (sky130_fd_sc_hd__and4bb_2)
                                                         _2167_ (net)
                      0.066116    0.000077    5.359071 ^ _6408_/B1 (sky130_fd_sc_hd__a211o_2)
     2    0.049512    0.233760    0.248262    5.607333 ^ _6408_/X (sky130_fd_sc_hd__a211o_2)
                                                         result[0] (net)
                      0.233768    0.001119    5.608451 ^ result[0] (out)
                                              5.608451   data arrival time

                      0.000000    0.000000    0.000000   clock __VIRTUAL_CLK__ (rise edge)
                                  0.000000    0.000000   clock network delay (ideal)
                                  0.250000    0.250000   clock uncertainty
                                  0.000000    0.250000   clock reconvergence pessimism
                                 -5.000000   -4.750000   output external delay
                                             -4.750000   data required time
---------------------------------------------------------------------------------------------
                                             -4.750000   data required time
                                             -5.608451   data arrival time
---------------------------------------------------------------------------------------------
                                             10.358451   slack (MET)


Startpoint: opcode[1] (input port clocked by __VIRTUAL_CLK__)
Endpoint: result[15] (output port clocked by __VIRTUAL_CLK__)
Path Group: __VIRTUAL_CLK__
Path Type: min

Fanout         Cap        Slew       Delay        Time   Description
---------------------------------------------------------------------------------------------
                      0.000000    0.000000    0.000000   clock __VIRTUAL_CLK__ (rise edge)
                                  0.000000    0.000000   clock network delay (ideal)
                                  5.000000    5.000000 v input external delay
    12    0.036081    0.080766    0.057718    5.057718 v opcode[1] (in)
                                                         opcode[1] (net)
                      0.080769    0.000000    5.057718 v _6059_/B (sky130_fd_sc_hd__nand2b_2)
     5    0.014118    0.088647    0.113748    5.171466 ^ _6059_/Y (sky130_fd_sc_hd__nand2b_2)
                                                         _1845_ (net)
                      0.088647    0.000055    5.171521 ^ _6061_/A (sky130_fd_sc_hd__nor2_2)
    15    0.076297    0.175113    0.168290    5.339811 v _6061_/Y (sky130_fd_sc_hd__nor2_2)
                                                         _1847_ (net)
                      0.175294    0.004712    5.344523 v _6737_/A1 (sky130_fd_sc_hd__a21o_2)
     2    0.043386    0.118727    0.329445    5.673968 v _6737_/X (sky130_fd_sc_hd__a21o_2)
                                                         result[15] (net)
                      0.118738    0.001251    5.675219 v result[15] (out)
                                              5.675219   data arrival time

                      0.000000    0.000000    0.000000   clock __VIRTUAL_CLK__ (rise edge)
                                  0.000000    0.000000   clock network delay (ideal)
                                  0.250000    0.250000   clock uncertainty
                                  0.000000    0.250000   clock reconvergence pessimism
                                 -5.000000   -4.750000   output external delay
                                             -4.750000   data required time
---------------------------------------------------------------------------------------------
                                             -4.750000   data required time
                                             -5.675219   data arrival time
---------------------------------------------------------------------------------------------
                                             10.425219   slack (MET)


Startpoint: opcode[1] (input port clocked by __VIRTUAL_CLK__)
Endpoint: result[20] (output port clocked by __VIRTUAL_CLK__)
Path Group: __VIRTUAL_CLK__
Path Type: min

Fanout         Cap        Slew       Delay        Time   Description
---------------------------------------------------------------------------------------------
                      0.000000    0.000000    0.000000   clock __VIRTUAL_CLK__ (rise edge)
                                  0.000000    0.000000   clock network delay (ideal)
                                  5.000000    5.000000 v input external delay
    12    0.036081    0.080766    0.057718    5.057718 v opcode[1] (in)
                                                         opcode[1] (net)
                      0.080769    0.000000    5.057718 v _6059_/B (sky130_fd_sc_hd__nand2b_2)
     5    0.014118    0.088647    0.113748    5.171466 ^ _6059_/Y (sky130_fd_sc_hd__nand2b_2)
                                                         _1845_ (net)
                      0.088647    0.000055    5.171521 ^ _6061_/A (sky130_fd_sc_hd__nor2_2)
    15    0.076297    0.175113    0.168290    5.339811 v _6061_/Y (sky130_fd_sc_hd__nor2_2)
                                                         _1847_ (net)
                      0.175345    0.005315    5.345126 v _6820_/A1 (sky130_fd_sc_hd__a21o_2)
     2    0.044773    0.121444    0.331334    5.676460 v _6820_/X (sky130_fd_sc_hd__a21o_2)
                                                         result[20] (net)
                      0.121492    0.002316    5.678776 v result[20] (out)
                                              5.678776   data arrival time

                      0.000000    0.000000    0.000000   clock __VIRTUAL_CLK__ (rise edge)
                                  0.000000    0.000000   clock network delay (ideal)
                                  0.250000    0.250000   clock uncertainty
                                  0.000000    0.250000   clock reconvergence pessimism
                                 -5.000000   -4.750000   output external delay
                                             -4.750000   data required time
---------------------------------------------------------------------------------------------
                                             -4.750000   data required time
                                             -5.678776   data arrival time
---------------------------------------------------------------------------------------------
                                             10.428777   slack (MET)


Startpoint: opcode[1] (input port clocked by __VIRTUAL_CLK__)
Endpoint: result[11] (output port clocked by __VIRTUAL_CLK__)
Path Group: __VIRTUAL_CLK__
Path Type: min

Fanout         Cap        Slew       Delay        Time   Description
---------------------------------------------------------------------------------------------
                      0.000000    0.000000    0.000000   clock __VIRTUAL_CLK__ (rise edge)
                                  0.000000    0.000000   clock network delay (ideal)
                                  5.000000    5.000000 v input external delay
    12    0.036081    0.080766    0.057718    5.057718 v opcode[1] (in)
                                                         opcode[1] (net)
                      0.080769    0.000000    5.057718 v _6059_/B (sky130_fd_sc_hd__nand2b_2)
     5    0.014118    0.088647    0.113748    5.171466 ^ _6059_/Y (sky130_fd_sc_hd__nand2b_2)
                                                         _1845_ (net)
                      0.088647    0.000055    5.171521 ^ _6061_/A (sky130_fd_sc_hd__nor2_2)
    15    0.076297    0.175113    0.168290    5.339811 v _6061_/Y (sky130_fd_sc_hd__nor2_2)
                                                         _1847_ (net)
                      0.175223    0.003693    5.343503 v _6667_/A1 (sky130_fd_sc_hd__a31o_2)
     2    0.039385    0.111759    0.337672    5.681176 v _6667_/X (sky130_fd_sc_hd__a31o_2)
                                                         result[11] (net)
                      0.111761    0.000689    5.681864 v result[11] (out)
                                              5.681864   data arrival time

                      0.000000    0.000000    0.000000   clock __VIRTUAL_CLK__ (rise edge)
                                  0.000000    0.000000   clock network delay (ideal)
                                  0.250000    0.250000   clock uncertainty
                                  0.000000    0.250000   clock reconvergence pessimism
                                 -5.000000   -4.750000   output external delay
                                             -4.750000   data required time
---------------------------------------------------------------------------------------------
                                             -4.750000   data required time
                                             -5.681864   data arrival time
---------------------------------------------------------------------------------------------
                                             10.431865   slack (MET)


Startpoint: opcode[0] (input port clocked by __VIRTUAL_CLK__)
Endpoint: result[1] (output port clocked by __VIRTUAL_CLK__)
Path Group: __VIRTUAL_CLK__
Path Type: min

Fanout         Cap        Slew       Delay        Time   Description
---------------------------------------------------------------------------------------------
                      0.000000    0.000000    0.000000   clock __VIRTUAL_CLK__ (rise edge)
                                  0.000000    0.000000   clock network delay (ideal)
                                  5.000000    5.000000 ^ input external delay
    12    0.033283    0.154933    0.107104    5.107104 ^ opcode[0] (in)
                                                         opcode[0] (net)
                      0.154935    0.000000    5.107104 ^ _6335_/B (sky130_fd_sc_hd__nor3_2)
     5    0.029052    0.078120    0.120642    5.227746 v _6335_/Y (sky130_fd_sc_hd__nor3_2)
                                                         _2148_ (net)
                      0.078122    0.000455    5.228201 v _6390_/B (sky130_fd_sc_hd__nand2_2)
     3    0.015336    0.094866    0.115838    5.344039 ^ _6390_/Y (sky130_fd_sc_hd__nand2_2)
                                                         _2208_ (net)
                      0.094866    0.000052    5.344091 ^ _6425_/B1 (sky130_fd_sc_hd__o21ai_2)
     1    0.003151    0.025312    0.058563    5.402654 v _6425_/Y (sky130_fd_sc_hd__o21ai_2)
                                                         _2245_ (net)
                      0.025312    0.000016    5.402670 v _6452_/A2 (sky130_fd_sc_hd__a21o_2)
     2    0.042513    0.116768    0.292406    5.695076 v _6452_/X (sky130_fd_sc_hd__a21o_2)
                                                         result[1] (net)
                      0.116786    0.001463    5.696539 v result[1] (out)
                                              5.696539   data arrival time

                      0.000000    0.000000    0.000000   clock __VIRTUAL_CLK__ (rise edge)
                                  0.000000    0.000000   clock network delay (ideal)
                                  0.250000    0.250000   clock uncertainty
                                  0.000000    0.250000   clock reconvergence pessimism
                                 -5.000000   -4.750000   output external delay
                                             -4.750000   data required time
---------------------------------------------------------------------------------------------
                                             -4.750000   data required time
                                             -5.696539   data arrival time
---------------------------------------------------------------------------------------------
                                             10.446540   slack (MET)


Startpoint: B[30] (input port clocked by __VIRTUAL_CLK__)
Endpoint: result[30] (output port clocked by __VIRTUAL_CLK__)
Path Group: __VIRTUAL_CLK__
Path Type: min

Fanout         Cap        Slew       Delay        Time   Description
---------------------------------------------------------------------------------------------
                      0.000000    0.000000    0.000000   clock __VIRTUAL_CLK__ (rise edge)
                                  0.000000    0.000000   clock network delay (ideal)
                                  5.000000    5.000000 v input external delay
     5    0.017285    0.040180    0.027844    5.027844 v B[30] (in)
                                                         B[30] (net)
                      0.040181    0.000000    5.027844 v _6067_/A (sky130_fd_sc_hd__nand2_2)
     5    0.015020    0.085906    0.088730    5.116574 ^ _6067_/Y (sky130_fd_sc_hd__nand2_2)
                                                         _1853_ (net)
                      0.085906    0.000041    5.116616 ^ _6070_/A (sky130_fd_sc_hd__nand2_2)
     7    0.028683    0.118342    0.123518    5.240133 v _6070_/Y (sky130_fd_sc_hd__nand2_2)
                                                         _1857_ (net)
                      0.118342    0.000274    5.240408 v _6970_/A (sky130_fd_sc_hd__nand2_2)
     1    0.001618    0.030847    0.068833    5.309241 ^ _6970_/Y (sky130_fd_sc_hd__nand2_2)
                                                         _2816_ (net)
                      0.030847    0.000000    5.309242 ^ _6971_/C (sky130_fd_sc_hd__and3_2)
     1    0.002756    0.042924    0.161524    5.470766 ^ _6971_/X (sky130_fd_sc_hd__and3_2)
                                                         _2817_ (net)
                      0.042924    0.000004    5.470770 ^ _6982_/B1 (sky130_fd_sc_hd__a311o_2)
     2    0.038275    0.199197    0.225604    5.696374 ^ _6982_/X (sky130_fd_sc_hd__a311o_2)
                                                         result[30] (net)
                      0.199256    0.000779    5.697154 ^ result[30] (out)
                                              5.697154   data arrival time

                      0.000000    0.000000    0.000000   clock __VIRTUAL_CLK__ (rise edge)
                                  0.000000    0.000000   clock network delay (ideal)
                                  0.250000    0.250000   clock uncertainty
                                  0.000000    0.250000   clock reconvergence pessimism
                                 -5.000000   -4.750000   output external delay
                                             -4.750000   data required time
---------------------------------------------------------------------------------------------
                                             -4.750000   data required time
                                             -5.697154   data arrival time
---------------------------------------------------------------------------------------------
                                             10.447154   slack (MET)


Startpoint: opcode[3] (input port clocked by __VIRTUAL_CLK__)
Endpoint: result[26] (output port clocked by __VIRTUAL_CLK__)
Path Group: __VIRTUAL_CLK__
Path Type: min

Fanout         Cap        Slew       Delay        Time   Description
---------------------------------------------------------------------------------------------
                      0.000000    0.000000    0.000000   clock __VIRTUAL_CLK__ (rise edge)
                                  0.000000    0.000000   clock network delay (ideal)
                                  5.000000    5.000000 ^ input external delay
    10    0.032188    0.150039    0.103612    5.103612 ^ opcode[3] (in)
                                                         opcode[3] (net)
                      0.150041    0.000000    5.103612 ^ _6202_/D (sky130_fd_sc_hd__nor4_2)
    20    0.100930    0.228942    0.233324    5.336937 v _6202_/Y (sky130_fd_sc_hd__nor4_2)
                                                         _2002_ (net)
                      0.229023    0.002496    5.339433 v _6918_/A1 (sky130_fd_sc_hd__a31o_2)
     2    0.042408    0.117834    0.363734    5.703166 v _6918_/X (sky130_fd_sc_hd__a31o_2)
                                                         result[26] (net)
                      0.117869    0.001946    5.705113 v result[26] (out)
                                              5.705113   data arrival time

                      0.000000    0.000000    0.000000   clock __VIRTUAL_CLK__ (rise edge)
                                  0.000000    0.000000   clock network delay (ideal)
                                  0.250000    0.250000   clock uncertainty
                                  0.000000    0.250000   clock reconvergence pessimism
                                 -5.000000   -4.750000   output external delay
                                             -4.750000   data required time
---------------------------------------------------------------------------------------------
                                             -4.750000   data required time
                                             -5.705113   data arrival time
---------------------------------------------------------------------------------------------
                                             10.455112   slack (MET)


Startpoint: opcode[1] (input port clocked by __VIRTUAL_CLK__)
Endpoint: result[3] (output port clocked by __VIRTUAL_CLK__)
Path Group: __VIRTUAL_CLK__
Path Type: min

Fanout         Cap        Slew       Delay        Time   Description
---------------------------------------------------------------------------------------------
                      0.000000    0.000000    0.000000   clock __VIRTUAL_CLK__ (rise edge)
                                  0.000000    0.000000   clock network delay (ideal)
                                  5.000000    5.000000 v input external delay
    12    0.036081    0.080766    0.057718    5.057718 v opcode[1] (in)
                                                         opcode[1] (net)
                      0.080769    0.000000    5.057718 v _6059_/B (sky130_fd_sc_hd__nand2b_2)
     5    0.014118    0.088647    0.113748    5.171466 ^ _6059_/Y (sky130_fd_sc_hd__nand2b_2)
                                                         _1845_ (net)
                      0.088647    0.000055    5.171521 ^ _6061_/A (sky130_fd_sc_hd__nor2_2)
    15    0.076297    0.175113    0.168290    5.339811 v _6061_/Y (sky130_fd_sc_hd__nor2_2)
                                                         _1847_ (net)
                      0.175126    0.001270    5.341081 v _6513_/A2 (sky130_fd_sc_hd__a31o_2)
     2    0.038911    0.111018    0.370653    5.711733 v _6513_/X (sky130_fd_sc_hd__a31o_2)
                                                         result[3] (net)
                      0.111022    0.000834    5.712567 v result[3] (out)
                                              5.712567   data arrival time

                      0.000000    0.000000    0.000000   clock __VIRTUAL_CLK__ (rise edge)
                                  0.000000    0.000000   clock network delay (ideal)
                                  0.250000    0.250000   clock uncertainty
                                  0.000000    0.250000   clock reconvergence pessimism
                                 -5.000000   -4.750000   output external delay
                                             -4.750000   data required time
---------------------------------------------------------------------------------------------
                                             -4.750000   data required time
                                             -5.712567   data arrival time
---------------------------------------------------------------------------------------------
                                             10.462567   slack (MET)


Startpoint: opcode[1] (input port clocked by __VIRTUAL_CLK__)
Endpoint: result[6] (output port clocked by __VIRTUAL_CLK__)
Path Group: __VIRTUAL_CLK__
Path Type: min

Fanout         Cap        Slew       Delay        Time   Description
---------------------------------------------------------------------------------------------
                      0.000000    0.000000    0.000000   clock __VIRTUAL_CLK__ (rise edge)
                                  0.000000    0.000000   clock network delay (ideal)
                                  5.000000    5.000000 v input external delay
    12    0.036081    0.080766    0.057718    5.057718 v opcode[1] (in)
                                                         opcode[1] (net)
                      0.080769    0.000000    5.057718 v _6059_/B (sky130_fd_sc_hd__nand2b_2)
     5    0.014118    0.088647    0.113748    5.171466 ^ _6059_/Y (sky130_fd_sc_hd__nand2b_2)
                                                         _1845_ (net)
                      0.088647    0.000055    5.171521 ^ _6061_/A (sky130_fd_sc_hd__nor2_2)
    15    0.076297    0.175113    0.168290    5.339811 v _6061_/Y (sky130_fd_sc_hd__nor2_2)
                                                         _1847_ (net)
                      0.175137    0.001747    5.341558 v _6581_/A2 (sky130_fd_sc_hd__a31o_2)
     2    0.039452    0.112178    0.371522    5.713079 v _6581_/X (sky130_fd_sc_hd__a31o_2)
                                                         result[6] (net)
                      0.112186    0.001023    5.714102 v result[6] (out)
                                              5.714102   data arrival time

                      0.000000    0.000000    0.000000   clock __VIRTUAL_CLK__ (rise edge)
                                  0.000000    0.000000   clock network delay (ideal)
                                  0.250000    0.250000   clock uncertainty
                                  0.000000    0.250000   clock reconvergence pessimism
                                 -5.000000   -4.750000   output external delay
                                             -4.750000   data required time
---------------------------------------------------------------------------------------------
                                             -4.750000   data required time
                                             -5.714102   data arrival time
---------------------------------------------------------------------------------------------
                                             10.464103   slack (MET)


Startpoint: B[24] (input port clocked by __VIRTUAL_CLK__)
Endpoint: result[25] (output port clocked by __VIRTUAL_CLK__)
Path Group: __VIRTUAL_CLK__
Path Type: min

Fanout         Cap        Slew       Delay        Time   Description
---------------------------------------------------------------------------------------------
                      0.000000    0.000000    0.000000   clock __VIRTUAL_CLK__ (rise edge)
                                  0.000000    0.000000   clock network delay (ideal)
                                  5.000000    5.000000 v input external delay
    19    0.087227    0.192225    0.141354    5.141355 v B[24] (in)
                                                         B[24] (net)
                      0.192364    0.000000    5.141355 v _3486_/A (sky130_fd_sc_hd__inv_2)
     1    0.002568    0.048901    0.078749    5.220104 ^ _3486_/Y (sky130_fd_sc_hd__inv_2)
                                                         _0073_ (net)
                      0.048901    0.000002    5.220106 ^ _6899_/A1 (sky130_fd_sc_hd__a211o_2)
     1    0.002693    0.027229    0.110709    5.330815 ^ _6899_/X (sky130_fd_sc_hd__a211o_2)
                                                         _2743_ (net)
                      0.027229    0.000003    5.330818 ^ _6900_/A4 (sky130_fd_sc_hd__a41o_2)
     1    0.002869    0.030031    0.176913    5.507731 ^ _6900_/X (sky130_fd_sc_hd__a41o_2)
                                                         _2744_ (net)
                      0.030031    0.000004    5.507735 ^ _6901_/B1 (sky130_fd_sc_hd__a211o_2)
     2    0.043488    0.206262    0.215167    5.722902 ^ _6901_/X (sky130_fd_sc_hd__a211o_2)
                                                         result[25] (net)
                      0.206296    0.002193    5.725095 ^ result[25] (out)
                                              5.725095   data arrival time

                      0.000000    0.000000    0.000000   clock __VIRTUAL_CLK__ (rise edge)
                                  0.000000    0.000000   clock network delay (ideal)
                                  0.250000    0.250000   clock uncertainty
                                  0.000000    0.250000   clock reconvergence pessimism
                                 -5.000000   -4.750000   output external delay
                                             -4.750000   data required time
---------------------------------------------------------------------------------------------
                                             -4.750000   data required time
                                             -5.725095   data arrival time
---------------------------------------------------------------------------------------------
                                             10.475095   slack (MET)


Startpoint: A[28] (input port clocked by __VIRTUAL_CLK__)
Endpoint: result[28] (output port clocked by __VIRTUAL_CLK__)
Path Group: __VIRTUAL_CLK__
Path Type: min

Fanout         Cap        Slew       Delay        Time   Description
---------------------------------------------------------------------------------------------
                      0.000000    0.000000    0.000000   clock __VIRTUAL_CLK__ (rise edge)
                                  0.000000    0.000000   clock network delay (ideal)
                                  5.000000    5.000000 v input external delay
    19    0.081959    0.180573    0.132404    5.132404 v A[28] (in)
                                                         A[28] (net)
                      0.180616    0.000000    5.132404 v _6942_/A1 (sky130_fd_sc_hd__o21ai_2)
     1    0.004089    0.043840    0.180433    5.312837 ^ _6942_/Y (sky130_fd_sc_hd__o21ai_2)
                                                         _2787_ (net)
                      0.043840    0.000033    5.312870 ^ _6943_/B1 (sky130_fd_sc_hd__a211o_2)
     1    0.002108    0.023509    0.084606    5.397476 ^ _6943_/X (sky130_fd_sc_hd__a211o_2)
                                                         _2788_ (net)
                      0.023509    0.000004    5.397480 ^ _6946_/A (sky130_fd_sc_hd__or3_2)
     1    0.003559    0.031250    0.095824    5.493304 ^ _6946_/X (sky130_fd_sc_hd__or3_2)
                                                         _2791_ (net)
                      0.031250    0.000026    5.493330 ^ _6949_/A (sky130_fd_sc_hd__or3b_2)
     2    0.040623    0.232944    0.242347    5.735677 ^ _6949_/X (sky130_fd_sc_hd__or3b_2)
                                                         result[28] (net)
                      0.232949    0.001408    5.737085 ^ result[28] (out)
                                              5.737085   data arrival time

                      0.000000    0.000000    0.000000   clock __VIRTUAL_CLK__ (rise edge)
                                  0.000000    0.000000   clock network delay (ideal)
                                  0.250000    0.250000   clock uncertainty
                                  0.000000    0.250000   clock reconvergence pessimism
                                 -5.000000   -4.750000   output external delay
                                             -4.750000   data required time
---------------------------------------------------------------------------------------------
                                             -4.750000   data required time
                                             -5.737085   data arrival time
---------------------------------------------------------------------------------------------
                                             10.487085   slack (MET)


Startpoint: opcode[3] (input port clocked by __VIRTUAL_CLK__)
Endpoint: result[22] (output port clocked by __VIRTUAL_CLK__)
Path Group: __VIRTUAL_CLK__
Path Type: min

Fanout         Cap        Slew       Delay        Time   Description
---------------------------------------------------------------------------------------------
                      0.000000    0.000000    0.000000   clock __VIRTUAL_CLK__ (rise edge)
                                  0.000000    0.000000   clock network delay (ideal)
                                  5.000000    5.000000 ^ input external delay
    10    0.032188    0.150039    0.103612    5.103612 ^ opcode[3] (in)
                                                         opcode[3] (net)
                      0.150041    0.000000    5.103612 ^ _6202_/D (sky130_fd_sc_hd__nor4_2)
    20    0.100930    0.228942    0.233324    5.336937 v _6202_/Y (sky130_fd_sc_hd__nor4_2)
                                                         _2002_ (net)
                      0.229055    0.003387    5.340324 v _6855_/A2 (sky130_fd_sc_hd__a31o_2)
     2    0.049948    0.134269    0.411359    5.751683 v _6855_/X (sky130_fd_sc_hd__a31o_2)
                                                         result[22] (net)
                      0.134300    0.002017    5.753700 v result[22] (out)
                                              5.753700   data arrival time

                      0.000000    0.000000    0.000000   clock __VIRTUAL_CLK__ (rise edge)
                                  0.000000    0.000000   clock network delay (ideal)
                                  0.250000    0.250000   clock uncertainty
                                  0.000000    0.250000   clock reconvergence pessimism
                                 -5.000000   -4.750000   output external delay
                                             -4.750000   data required time
---------------------------------------------------------------------------------------------
                                             -4.750000   data required time
                                             -5.753700   data arrival time
---------------------------------------------------------------------------------------------
                                             10.503699   slack (MET)


Startpoint: opcode[2] (input port clocked by __VIRTUAL_CLK__)
Endpoint: result[5] (output port clocked by __VIRTUAL_CLK__)
Path Group: __VIRTUAL_CLK__
Path Type: min

Fanout         Cap        Slew       Delay        Time   Description
---------------------------------------------------------------------------------------------
                      0.000000    0.000000    0.000000   clock __VIRTUAL_CLK__ (rise edge)
                                  0.000000    0.000000   clock network delay (ideal)
                                  5.000000    5.000000 v input external delay
    11    0.031865    0.071661    0.051016    5.051016 v opcode[2] (in)
                                                         opcode[2] (net)
                      0.071664    0.000000    5.051016 v _6292_/B (sky130_fd_sc_hd__nand2b_2)
     5    0.013215    0.084033    0.106360    5.157376 ^ _6292_/Y (sky130_fd_sc_hd__nand2b_2)
                                                         _2101_ (net)
                      0.084033    0.000119    5.157495 ^ _6341_/A (sky130_fd_sc_hd__nor2_2)
     6    0.024777    0.065332    0.085928    5.243423 v _6341_/Y (sky130_fd_sc_hd__nor2_2)
                                                         _2155_ (net)
                      0.065332    0.000275    5.243698 v _6391_/B (sky130_fd_sc_hd__nand2_2)
     4    0.017213    0.103375    0.116397    5.360095 ^ _6391_/Y (sky130_fd_sc_hd__nand2_2)
                                                         _2209_ (net)
                      0.103375    0.000031    5.360126 ^ _6555_/A1 (sky130_fd_sc_hd__o22a_2)
     1    0.011015    0.068378    0.187315    5.547440 ^ _6555_/X (sky130_fd_sc_hd__o22a_2)
                                                         _2384_ (net)
                      0.068378    0.000242    5.547682 ^ _6561_/B (sky130_fd_sc_hd__nand3_2)
     2    0.039850    0.239413    0.217050    5.764732 v _6561_/Y (sky130_fd_sc_hd__nand3_2)
                                                         result[5] (net)
                      0.239421    0.001156    5.765888 v result[5] (out)
                                              5.765888   data arrival time

                      0.000000    0.000000    0.000000   clock __VIRTUAL_CLK__ (rise edge)
                                  0.000000    0.000000   clock network delay (ideal)
                                  0.250000    0.250000   clock uncertainty
                                  0.000000    0.250000   clock reconvergence pessimism
                                 -5.000000   -4.750000   output external delay
                                             -4.750000   data required time
---------------------------------------------------------------------------------------------
                                             -4.750000   data required time
                                             -5.765888   data arrival time
---------------------------------------------------------------------------------------------
                                             10.515888   slack (MET)


Startpoint: A[27] (input port clocked by __VIRTUAL_CLK__)
Endpoint: result[27] (output port clocked by __VIRTUAL_CLK__)
Path Group: __VIRTUAL_CLK__
Path Type: min

Fanout         Cap        Slew       Delay        Time   Description
---------------------------------------------------------------------------------------------
                      0.000000    0.000000    0.000000   clock __VIRTUAL_CLK__ (rise edge)
                                  0.000000    0.000000   clock network delay (ideal)
                                  5.000000    5.000000 v input external delay
    22    0.087513    0.192664    0.141686    5.141686 v A[27] (in)
                                                         A[27] (net)
                      0.192763    0.000000    5.141686 v _6928_/A1 (sky130_fd_sc_hd__o221ai_2)
     1    0.005049    0.067406    0.241765    5.383451 ^ _6928_/Y (sky130_fd_sc_hd__o221ai_2)
                                                         _2772_ (net)
                      0.067406    0.000076    5.383528 ^ _6930_/B (sky130_fd_sc_hd__or4b_2)
     1    0.003505    0.034903    0.116759    5.500287 ^ _6930_/X (sky130_fd_sc_hd__or4b_2)
                                                         _2775_ (net)
                      0.034903    0.000022    5.500309 ^ _6934_/B (sky130_fd_sc_hd__or3b_2)
     2    0.048136    0.274409    0.270079    5.770388 ^ _6934_/X (sky130_fd_sc_hd__or3b_2)
                                                         result[27] (net)
                      0.274452    0.002854    5.773242 ^ result[27] (out)
                                              5.773242   data arrival time

                      0.000000    0.000000    0.000000   clock __VIRTUAL_CLK__ (rise edge)
                                  0.000000    0.000000   clock network delay (ideal)
                                  0.250000    0.250000   clock uncertainty
                                  0.000000    0.250000   clock reconvergence pessimism
                                 -5.000000   -4.750000   output external delay
                                             -4.750000   data required time
---------------------------------------------------------------------------------------------
                                             -4.750000   data required time
                                             -5.773242   data arrival time
---------------------------------------------------------------------------------------------
                                             10.523241   slack (MET)


Startpoint: opcode[1] (input port clocked by __VIRTUAL_CLK__)
Endpoint: result[16] (output port clocked by __VIRTUAL_CLK__)
Path Group: __VIRTUAL_CLK__
Path Type: min

Fanout         Cap        Slew       Delay        Time   Description
---------------------------------------------------------------------------------------------
                      0.000000    0.000000    0.000000   clock __VIRTUAL_CLK__ (rise edge)
                                  0.000000    0.000000   clock network delay (ideal)
                                  5.000000    5.000000 v input external delay
    12    0.036081    0.080766    0.057718    5.057718 v opcode[1] (in)
                                                         opcode[1] (net)
                      0.080769    0.000000    5.057718 v _6059_/B (sky130_fd_sc_hd__nand2b_2)
     5    0.014118    0.088647    0.113748    5.171466 ^ _6059_/Y (sky130_fd_sc_hd__nand2b_2)
                                                         _1845_ (net)
                      0.088647    0.000055    5.171521 ^ _6061_/A (sky130_fd_sc_hd__nor2_2)
    15    0.076297    0.175113    0.168290    5.339811 v _6061_/Y (sky130_fd_sc_hd__nor2_2)
                                                         _1847_ (net)
                      0.175308    0.004886    5.344697 v _6753_/A1 (sky130_fd_sc_hd__a211o_2)
     2    0.044144    0.135961    0.452505    5.797202 v _6753_/X (sky130_fd_sc_hd__a211o_2)
                                                         result[16] (net)
                      0.135978    0.001608    5.798810 v result[16] (out)
                                              5.798810   data arrival time

                      0.000000    0.000000    0.000000   clock __VIRTUAL_CLK__ (rise edge)
                                  0.000000    0.000000   clock network delay (ideal)
                                  0.250000    0.250000   clock uncertainty
                                  0.000000    0.250000   clock reconvergence pessimism
                                 -5.000000   -4.750000   output external delay
                                             -4.750000   data required time
---------------------------------------------------------------------------------------------
                                             -4.750000   data required time
                                             -5.798810   data arrival time
---------------------------------------------------------------------------------------------
                                             10.548810   slack (MET)


Startpoint: A[22] (input port clocked by __VIRTUAL_CLK__)
Endpoint: result[23] (output port clocked by __VIRTUAL_CLK__)
Path Group: __VIRTUAL_CLK__
Path Type: min

Fanout         Cap        Slew       Delay        Time   Description
---------------------------------------------------------------------------------------------
                      0.000000    0.000000    0.000000   clock __VIRTUAL_CLK__ (rise edge)
                                  0.000000    0.000000   clock network delay (ideal)
                                  5.000000    5.000000 v input external delay
    27    0.103390    0.226867    0.167543    5.167543 v A[22] (in)
                                                         A[22] (net)
                      0.226962    0.000000    5.167543 v _6265_/B (sky130_fd_sc_hd__nand2_2)
     1    0.003052    0.037313    0.126025    5.293568 ^ _6265_/Y (sky130_fd_sc_hd__nand2_2)
                                                         _2071_ (net)
                      0.037313    0.000008    5.293575 ^ _6861_/A1 (sky130_fd_sc_hd__a21bo_2)
     1    0.002645    0.030296    0.107387    5.400962 ^ _6861_/X (sky130_fd_sc_hd__a21bo_2)
                                                         _2703_ (net)
                      0.030296    0.000002    5.400964 ^ _6869_/A3 (sky130_fd_sc_hd__a311o_2)
     1    0.001826    0.026697    0.148422    5.549386 ^ _6869_/X (sky130_fd_sc_hd__a311o_2)
                                                         _2712_ (net)
                      0.026697    0.000004    5.549390 ^ _6870_/B1_N (sky130_fd_sc_hd__o21bai_2)
     2    0.049998    0.263740    0.250886    5.800276 ^ _6870_/Y (sky130_fd_sc_hd__o21bai_2)
                                                         result[23] (net)
                      0.263762    0.001980    5.802257 ^ result[23] (out)
                                              5.802257   data arrival time

                      0.000000    0.000000    0.000000   clock __VIRTUAL_CLK__ (rise edge)
                                  0.000000    0.000000   clock network delay (ideal)
                                  0.250000    0.250000   clock uncertainty
                                  0.000000    0.250000   clock reconvergence pessimism
                                 -5.000000   -4.750000   output external delay
                                             -4.750000   data required time
---------------------------------------------------------------------------------------------
                                             -4.750000   data required time
                                             -5.802257   data arrival time
---------------------------------------------------------------------------------------------
                                             10.552257   slack (MET)


Startpoint: opcode[1] (input port clocked by __VIRTUAL_CLK__)
Endpoint: result[21] (output port clocked by __VIRTUAL_CLK__)
Path Group: __VIRTUAL_CLK__
Path Type: min

Fanout         Cap        Slew       Delay        Time   Description
---------------------------------------------------------------------------------------------
                      0.000000    0.000000    0.000000   clock __VIRTUAL_CLK__ (rise edge)
                                  0.000000    0.000000   clock network delay (ideal)
                                  5.000000    5.000000 v input external delay
    12    0.036081    0.080766    0.057718    5.057718 v opcode[1] (in)
                                                         opcode[1] (net)
                      0.080769    0.000000    5.057718 v _6059_/B (sky130_fd_sc_hd__nand2b_2)
     5    0.014118    0.088647    0.113748    5.171466 ^ _6059_/Y (sky130_fd_sc_hd__nand2b_2)
                                                         _1845_ (net)
                      0.088647    0.000055    5.171521 ^ _6061_/A (sky130_fd_sc_hd__nor2_2)
    15    0.076297    0.175113    0.168290    5.339811 v _6061_/Y (sky130_fd_sc_hd__nor2_2)
                                                         _1847_ (net)
                      0.175331    0.005151    5.344962 v _6837_/A1 (sky130_fd_sc_hd__a211o_2)
     2    0.048704    0.145168    0.460604    5.805565 v _6837_/X (sky130_fd_sc_hd__a211o_2)
                                                         result[21] (net)
                      0.145209    0.002379    5.807944 v result[21] (out)
                                              5.807944   data arrival time

                      0.000000    0.000000    0.000000   clock __VIRTUAL_CLK__ (rise edge)
                                  0.000000    0.000000   clock network delay (ideal)
                                  0.250000    0.250000   clock uncertainty
                                  0.000000    0.250000   clock reconvergence pessimism
                                 -5.000000   -4.750000   output external delay
                                             -4.750000   data required time
---------------------------------------------------------------------------------------------
                                             -4.750000   data required time
                                             -5.807944   data arrival time
---------------------------------------------------------------------------------------------
                                             10.557944   slack (MET)


Startpoint: opcode[3] (input port clocked by __VIRTUAL_CLK__)
Endpoint: result[14] (output port clocked by __VIRTUAL_CLK__)
Path Group: __VIRTUAL_CLK__
Path Type: min

Fanout         Cap        Slew       Delay        Time   Description
---------------------------------------------------------------------------------------------
                      0.000000    0.000000    0.000000   clock __VIRTUAL_CLK__ (rise edge)
                                  0.000000    0.000000   clock network delay (ideal)
                                  5.000000    5.000000 ^ input external delay
    10    0.032188    0.150039    0.103610    5.103611 ^ opcode[3] (in)
                                                         opcode[3] (net)
                      0.150041    0.000000    5.103611 ^ _6288_/C (sky130_fd_sc_hd__nor4b_2)
    20    0.093652    0.225343    0.233236    5.336846 v _6288_/Y (sky130_fd_sc_hd__nor4b_2)
                                                         _2096_ (net)
                      0.225461    0.004353    5.341199 v _6721_/A1 (sky130_fd_sc_hd__a211o_2)
     2    0.042043    0.131757    0.467194    5.808393 v _6721_/X (sky130_fd_sc_hd__a211o_2)
                                                         result[14] (net)
                      0.131764    0.001122    5.809515 v result[14] (out)
                                              5.809515   data arrival time

                      0.000000    0.000000    0.000000   clock __VIRTUAL_CLK__ (rise edge)
                                  0.000000    0.000000   clock network delay (ideal)
                                  0.250000    0.250000   clock uncertainty
                                  0.000000    0.250000   clock reconvergence pessimism
                                 -5.000000   -4.750000   output external delay
                                             -4.750000   data required time
---------------------------------------------------------------------------------------------
                                             -4.750000   data required time
                                             -5.809515   data arrival time
---------------------------------------------------------------------------------------------
                                             10.559515   slack (MET)


Startpoint: opcode[3] (input port clocked by __VIRTUAL_CLK__)
Endpoint: result[10] (output port clocked by __VIRTUAL_CLK__)
Path Group: __VIRTUAL_CLK__
Path Type: min

Fanout         Cap        Slew       Delay        Time   Description
---------------------------------------------------------------------------------------------
                      0.000000    0.000000    0.000000   clock __VIRTUAL_CLK__ (rise edge)
                                  0.000000    0.000000   clock network delay (ideal)
                                  5.000000    5.000000 ^ input external delay
    10    0.032188    0.150039    0.103610    5.103611 ^ opcode[3] (in)
                                                         opcode[3] (net)
                      0.150041    0.000000    5.103611 ^ _6288_/C (sky130_fd_sc_hd__nor4b_2)
    20    0.093652    0.225343    0.233236    5.336846 v _6288_/Y (sky130_fd_sc_hd__nor4b_2)
                                                         _2096_ (net)
                      0.225415    0.003406    5.340252 v _6649_/A1 (sky130_fd_sc_hd__a211o_2)
     2    0.043293    0.134177    0.469548    5.809800 v _6649_/X (sky130_fd_sc_hd__a211o_2)
                                                         result[10] (net)
                      0.134182    0.001044    5.810844 v result[10] (out)
                                              5.810844   data arrival time

                      0.000000    0.000000    0.000000   clock __VIRTUAL_CLK__ (rise edge)
                                  0.000000    0.000000   clock network delay (ideal)
                                  0.250000    0.250000   clock uncertainty
                                  0.000000    0.250000   clock reconvergence pessimism
                                 -5.000000   -4.750000   output external delay
                                             -4.750000   data required time
---------------------------------------------------------------------------------------------
                                             -4.750000   data required time
                                             -5.810844   data arrival time
---------------------------------------------------------------------------------------------
                                             10.560845   slack (MET)


Startpoint: opcode[3] (input port clocked by __VIRTUAL_CLK__)
Endpoint: result[19] (output port clocked by __VIRTUAL_CLK__)
Path Group: __VIRTUAL_CLK__
Path Type: min

Fanout         Cap        Slew       Delay        Time   Description
---------------------------------------------------------------------------------------------
                      0.000000    0.000000    0.000000   clock __VIRTUAL_CLK__ (rise edge)
                                  0.000000    0.000000   clock network delay (ideal)
                                  5.000000    5.000000 ^ input external delay
    10    0.032188    0.150039    0.103612    5.103612 ^ opcode[3] (in)
                                                         opcode[3] (net)
                      0.150041    0.000000    5.103612 ^ _6202_/D (sky130_fd_sc_hd__nor4_2)
    20    0.100930    0.228942    0.233324    5.336937 v _6202_/Y (sky130_fd_sc_hd__nor4_2)
                                                         _2002_ (net)
                      0.229059    0.003479    5.340416 v _6805_/A1 (sky130_fd_sc_hd__a211o_2)
     2    0.049244    0.146120    0.481550    5.821966 v _6805_/X (sky130_fd_sc_hd__a211o_2)
                                                         result[19] (net)
                      0.146143    0.001903    5.823870 v result[19] (out)
                                              5.823870   data arrival time

                      0.000000    0.000000    0.000000   clock __VIRTUAL_CLK__ (rise edge)
                                  0.000000    0.000000   clock network delay (ideal)
                                  0.250000    0.250000   clock uncertainty
                                  0.000000    0.250000   clock reconvergence pessimism
                                 -5.000000   -4.750000   output external delay
                                             -4.750000   data required time
---------------------------------------------------------------------------------------------
                                             -4.750000   data required time
                                             -5.823870   data arrival time
---------------------------------------------------------------------------------------------
                                             10.573869   slack (MET)


Startpoint: B[28] (input port clocked by __VIRTUAL_CLK__)
Endpoint: zero (output port clocked by __VIRTUAL_CLK__)
Path Group: __VIRTUAL_CLK__
Path Type: min

Fanout         Cap        Slew       Delay        Time   Description
---------------------------------------------------------------------------------------------
                      0.000000    0.000000    0.000000   clock __VIRTUAL_CLK__ (rise edge)
                                  0.000000    0.000000   clock network delay (ideal)
                                  5.000000    5.000000 v input external delay
    10    0.040289    0.090452    0.064882    5.064882 v B[28] (in)
                                                         B[28] (net)
                      0.090477    0.000000    5.064882 v _3484_/A (sky130_fd_sc_hd__inv_2)
     1    0.004815    0.039775    0.064770    5.129652 ^ _3484_/Y (sky130_fd_sc_hd__inv_2)
                                                         _0051_ (net)
                      0.039775    0.000006    5.129657 ^ _6956_/A1 (sky130_fd_sc_hd__a21oi_2)
     1    0.008300    0.037535    0.054920    5.184577 v _6956_/Y (sky130_fd_sc_hd__a21oi_2)
                                                         _2801_ (net)
                      0.037535    0.000010    5.184587 v _6957_/B (sky130_fd_sc_hd__xnor2_2)
     1    0.003374    0.037818    0.110087    5.294674 ^ _6957_/Y (sky130_fd_sc_hd__xnor2_2)
                                                         _2802_ (net)
                      0.037818    0.000013    5.294687 ^ _6967_/A2 (sky130_fd_sc_hd__a211o_2)
     1    0.002807    0.026493    0.112135    5.406822 ^ _6967_/X (sky130_fd_sc_hd__a211o_2)
                                                         _2813_ (net)
                      0.026493    0.000003    5.406825 ^ _6968_/B1 (sky130_fd_sc_hd__a21o_2)
     2    0.040394    0.202117    0.200083    5.606908 ^ _6968_/X (sky130_fd_sc_hd__a21o_2)
                                                         result[29] (net)
                      0.202123    0.000904    5.607812 ^ _6994_/B (sky130_fd_sc_hd__or4b_2)
     1    0.005018    0.045151    0.167743    5.775555 ^ _6994_/X (sky130_fd_sc_hd__or4b_2)
                                                         _2841_ (net)
                      0.045151    0.000009    5.775564 ^ _6995_/D (sky130_fd_sc_hd__nor4_2)
     1    0.035014    0.084015    0.086434    5.861998 v _6995_/Y (sky130_fd_sc_hd__nor4_2)
                                                         zero (net)
                      0.084018    0.000363    5.862361 v zero (out)
                                              5.862361   data arrival time

                      0.000000    0.000000    0.000000   clock __VIRTUAL_CLK__ (rise edge)
                                  0.000000    0.000000   clock network delay (ideal)
                                  0.250000    0.250000   clock uncertainty
                                  0.000000    0.250000   clock reconvergence pessimism
                                 -5.000000   -4.750000   output external delay
                                             -4.750000   data required time
---------------------------------------------------------------------------------------------
                                             -4.750000   data required time
                                             -5.862361   data arrival time
---------------------------------------------------------------------------------------------
                                             10.612361   slack (MET)


Startpoint: opcode[3] (input port clocked by __VIRTUAL_CLK__)
Endpoint: result[17] (output port clocked by __VIRTUAL_CLK__)
Path Group: __VIRTUAL_CLK__
Path Type: min

Fanout         Cap        Slew       Delay        Time   Description
---------------------------------------------------------------------------------------------
                      0.000000    0.000000    0.000000   clock __VIRTUAL_CLK__ (rise edge)
                                  0.000000    0.000000   clock network delay (ideal)
                                  5.000000    5.000000 ^ input external delay
    10    0.032188    0.150039    0.103612    5.103612 ^ opcode[3] (in)
                                                         opcode[3] (net)
                      0.150041    0.000000    5.103612 ^ _6202_/D (sky130_fd_sc_hd__nor4_2)
    20    0.100930    0.228942    0.233324    5.336937 v _6202_/Y (sky130_fd_sc_hd__nor4_2)
                                                         _2002_ (net)
                      0.229057    0.003431    5.340368 v _6772_/A1 (sky130_fd_sc_hd__a311oi_2)
     1    0.006945    0.190057    0.298294    5.638663 ^ _6772_/Y (sky130_fd_sc_hd__a311oi_2)
                                                         _2611_ (net)
                      0.190057    0.000089    5.638752 ^ _6773_/B1 (sky130_fd_sc_hd__o31ai_2)
     2    0.045617    0.181710    0.235016    5.873768 v _6773_/Y (sky130_fd_sc_hd__o31ai_2)
                                                         result[17] (net)
                      0.181760    0.002530    5.876298 v result[17] (out)
                                              5.876298   data arrival time

                      0.000000    0.000000    0.000000   clock __VIRTUAL_CLK__ (rise edge)
                                  0.000000    0.000000   clock network delay (ideal)
                                  0.250000    0.250000   clock uncertainty
                                  0.000000    0.250000   clock reconvergence pessimism
                                 -5.000000   -4.750000   output external delay
                                             -4.750000   data required time
---------------------------------------------------------------------------------------------
                                             -4.750000   data required time
                                             -5.876298   data arrival time
---------------------------------------------------------------------------------------------
                                             10.626298   slack (MET)


Startpoint: opcode[3] (input port clocked by __VIRTUAL_CLK__)
Endpoint: result[7] (output port clocked by __VIRTUAL_CLK__)
Path Group: __VIRTUAL_CLK__
Path Type: min

Fanout         Cap        Slew       Delay        Time   Description
---------------------------------------------------------------------------------------------
                      0.000000    0.000000    0.000000   clock __VIRTUAL_CLK__ (rise edge)
                                  0.000000    0.000000   clock network delay (ideal)
                                  5.000000    5.000000 ^ input external delay
    10    0.032188    0.150039    0.103612    5.103612 ^ opcode[3] (in)
                                                         opcode[3] (net)
                      0.150041    0.000000    5.103612 ^ _6202_/D (sky130_fd_sc_hd__nor4_2)
    20    0.100930    0.228942    0.233324    5.336937 v _6202_/Y (sky130_fd_sc_hd__nor4_2)
                                                         _2002_ (net)
                      0.228961    0.002130    5.339067 v _6596_/B2 (sky130_fd_sc_hd__a221o_2)
     2    0.040170    0.137773    0.537227    5.876294 v _6596_/X (sky130_fd_sc_hd__a221o_2)
                                                         result[7] (net)
                      0.137783    0.001300    5.877594 v result[7] (out)
                                              5.877594   data arrival time

                      0.000000    0.000000    0.000000   clock __VIRTUAL_CLK__ (rise edge)
                                  0.000000    0.000000   clock network delay (ideal)
                                  0.250000    0.250000   clock uncertainty
                                  0.000000    0.250000   clock reconvergence pessimism
                                 -5.000000   -4.750000   output external delay
                                             -4.750000   data required time
---------------------------------------------------------------------------------------------
                                             -4.750000   data required time
                                             -5.877594   data arrival time
---------------------------------------------------------------------------------------------
                                             10.627593   slack (MET)


Startpoint: opcode[1] (input port clocked by __VIRTUAL_CLK__)
Endpoint: result[13] (output port clocked by __VIRTUAL_CLK__)
Path Group: __VIRTUAL_CLK__
Path Type: min

Fanout         Cap        Slew       Delay        Time   Description
---------------------------------------------------------------------------------------------
                      0.000000    0.000000    0.000000   clock __VIRTUAL_CLK__ (rise edge)
                                  0.000000    0.000000   clock network delay (ideal)
                                  5.000000    5.000000 v input external delay
    12    0.036081    0.080766    0.057718    5.057718 v opcode[1] (in)
                                                         opcode[1] (net)
                      0.080769    0.000000    5.057718 v _6059_/B (sky130_fd_sc_hd__nand2b_2)
     5    0.014118    0.088647    0.113748    5.171466 ^ _6059_/Y (sky130_fd_sc_hd__nand2b_2)
                                                         _1845_ (net)
                      0.088647    0.000072    5.171538 ^ _6062_/A (sky130_fd_sc_hd__or2_2)
    16    0.103657    0.523931    0.460775    5.632314 ^ _6062_/X (sky130_fd_sc_hd__or2_2)
                                                         _1848_ (net)
                      0.524033    0.006136    5.638449 ^ _6704_/A1 (sky130_fd_sc_hd__o21ai_2)
     2    0.039990    0.157559    0.270165    5.908614 v _6704_/Y (sky130_fd_sc_hd__o21ai_2)
                                                         result[13] (net)
                      0.157564    0.000703    5.909317 v result[13] (out)
                                              5.909317   data arrival time

                      0.000000    0.000000    0.000000   clock __VIRTUAL_CLK__ (rise edge)
                                  0.000000    0.000000   clock network delay (ideal)
                                  0.250000    0.250000   clock uncertainty
                                  0.000000    0.250000   clock reconvergence pessimism
                                 -5.000000   -4.750000   output external delay
                                             -4.750000   data required time
---------------------------------------------------------------------------------------------
                                             -4.750000   data required time
                                             -5.909317   data arrival time
---------------------------------------------------------------------------------------------
                                             10.659317   slack (MET)


Startpoint: opcode[0] (input port clocked by __VIRTUAL_CLK__)
Endpoint: result[2] (output port clocked by __VIRTUAL_CLK__)
Path Group: __VIRTUAL_CLK__
Path Type: min

Fanout         Cap        Slew       Delay        Time   Description
---------------------------------------------------------------------------------------------
                      0.000000    0.000000    0.000000   clock __VIRTUAL_CLK__ (rise edge)
                                  0.000000    0.000000   clock network delay (ideal)
                                  5.000000    5.000000 ^ input external delay
    12    0.033283    0.154933    0.107104    5.107104 ^ opcode[0] (in)
                                                         opcode[0] (net)
                      0.154935    0.000000    5.107104 ^ _6335_/B (sky130_fd_sc_hd__nor3_2)
     5    0.029052    0.078120    0.120642    5.227746 v _6335_/Y (sky130_fd_sc_hd__nor3_2)
                                                         _2148_ (net)
                      0.078120    0.000207    5.227953 v _6463_/B2 (sky130_fd_sc_hd__a22oi_2)
     2    0.018328    0.259377    0.271134    5.499087 ^ _6463_/Y (sky130_fd_sc_hd__a22oi_2)
                                                         _2286_ (net)
                      0.259377    0.000140    5.499228 ^ _6464_/B (sky130_fd_sc_hd__nor2_2)
     1    0.002645    0.048421    0.047209    5.546437 v _6464_/Y (sky130_fd_sc_hd__nor2_2)
                                                         _2287_ (net)
                      0.048421    0.000007    5.546443 v _6483_/C1 (sky130_fd_sc_hd__a211o_2)
     2    0.038465    0.126111    0.371547    5.917991 v _6483_/X (sky130_fd_sc_hd__a211o_2)
                                                         result[2] (net)
                      0.126112    0.000737    5.918727 v result[2] (out)
                                              5.918727   data arrival time

                      0.000000    0.000000    0.000000   clock __VIRTUAL_CLK__ (rise edge)
                                  0.000000    0.000000   clock network delay (ideal)
                                  0.250000    0.250000   clock uncertainty
                                  0.000000    0.250000   clock reconvergence pessimism
                                 -5.000000   -4.750000   output external delay
                                             -4.750000   data required time
---------------------------------------------------------------------------------------------
                                             -4.750000   data required time
                                             -5.918727   data arrival time
---------------------------------------------------------------------------------------------
                                             10.668728   slack (MET)


Startpoint: opcode[3] (input port clocked by __VIRTUAL_CLK__)
Endpoint: result[24] (output port clocked by __VIRTUAL_CLK__)
Path Group: __VIRTUAL_CLK__
Path Type: min

Fanout         Cap        Slew       Delay        Time   Description
---------------------------------------------------------------------------------------------
                      0.000000    0.000000    0.000000   clock __VIRTUAL_CLK__ (rise edge)
                                  0.000000    0.000000   clock network delay (ideal)
                                  5.000000    5.000000 ^ input external delay
    10    0.032188    0.150039    0.103612    5.103612 ^ opcode[3] (in)
                                                         opcode[3] (net)
                      0.150041    0.000000    5.103612 ^ _6202_/D (sky130_fd_sc_hd__nor4_2)
    20    0.100930    0.228942    0.233324    5.336937 v _6202_/Y (sky130_fd_sc_hd__nor4_2)
                                                         _2002_ (net)
                      0.229035    0.002871    5.339808 v _6885_/A1 (sky130_fd_sc_hd__a21bo_2)
     1    0.008312    0.046010    0.275687    5.615495 v _6885_/X (sky130_fd_sc_hd__a21bo_2)
                                                         _2728_ (net)
                      0.046010    0.000229    5.615724 v _6886_/B1_N (sky130_fd_sc_hd__o21bai_2)
     2    0.051953    0.209737    0.330345    5.946069 v _6886_/Y (sky130_fd_sc_hd__o21bai_2)
                                                         result[24] (net)
                      0.209771    0.002259    5.948328 v result[24] (out)
                                              5.948328   data arrival time

                      0.000000    0.000000    0.000000   clock __VIRTUAL_CLK__ (rise edge)
                                  0.000000    0.000000   clock network delay (ideal)
                                  0.250000    0.250000   clock uncertainty
                                  0.000000    0.250000   clock reconvergence pessimism
                                 -5.000000   -4.750000   output external delay
                                             -4.750000   data required time
---------------------------------------------------------------------------------------------
                                             -4.750000   data required time
                                             -5.948328   data arrival time
---------------------------------------------------------------------------------------------
                                             10.698328   slack (MET)


Startpoint: opcode[1] (input port clocked by __VIRTUAL_CLK__)
Endpoint: result[12] (output port clocked by __VIRTUAL_CLK__)
Path Group: __VIRTUAL_CLK__
Path Type: min

Fanout         Cap        Slew       Delay        Time   Description
---------------------------------------------------------------------------------------------
                      0.000000    0.000000    0.000000   clock __VIRTUAL_CLK__ (rise edge)
                                  0.000000    0.000000   clock network delay (ideal)
                                  5.000000    5.000000 v input external delay
    12    0.036081    0.080766    0.057718    5.057718 v opcode[1] (in)
                                                         opcode[1] (net)
                      0.080769    0.000000    5.057718 v _6059_/B (sky130_fd_sc_hd__nand2b_2)
     5    0.014118    0.088647    0.113748    5.171466 ^ _6059_/Y (sky130_fd_sc_hd__nand2b_2)
                                                         _1845_ (net)
                      0.088647    0.000072    5.171538 ^ _6062_/A (sky130_fd_sc_hd__or2_2)
    16    0.103657    0.523931    0.460775    5.632314 ^ _6062_/X (sky130_fd_sc_hd__or2_2)
                                                         _1848_ (net)
                      0.524028    0.005969    5.638283 ^ _6669_/B1 (sky130_fd_sc_hd__a31o_2)
     1    0.005045    0.050195    0.192236    5.830519 ^ _6669_/X (sky130_fd_sc_hd__a31o_2)
                                                         _2503_ (net)
                      0.050195    0.000009    5.830528 ^ _6685_/A2 (sky130_fd_sc_hd__o21bai_2)
     2    0.040273    0.165955    0.160142    5.990670 v _6685_/Y (sky130_fd_sc_hd__o21bai_2)
                                                         result[12] (net)
                      0.165962    0.000913    5.991583 v result[12] (out)
                                              5.991583   data arrival time

                      0.000000    0.000000    0.000000   clock __VIRTUAL_CLK__ (rise edge)
                                  0.000000    0.000000   clock network delay (ideal)
                                  0.250000    0.250000   clock uncertainty
                                  0.000000    0.250000   clock reconvergence pessimism
                                 -5.000000   -4.750000   output external delay
                                             -4.750000   data required time
---------------------------------------------------------------------------------------------
                                             -4.750000   data required time
                                             -5.991583   data arrival time
---------------------------------------------------------------------------------------------
                                             10.741584   slack (MET)


Startpoint: A[31] (input port clocked by __VIRTUAL_CLK__)
Endpoint: result[18] (output port clocked by __VIRTUAL_CLK__)
Path Group: __VIRTUAL_CLK__
Path Type: min

Fanout         Cap        Slew       Delay        Time   Description
---------------------------------------------------------------------------------------------
                      0.000000    0.000000    0.000000   clock __VIRTUAL_CLK__ (rise edge)
                                  0.000000    0.000000   clock network delay (ideal)
                                  5.000000    5.000000 v input external delay
    15    0.072724    0.160596    0.117565    5.117565 v A[31] (in)
                                                         A[31] (net)
                      0.160639    0.000000    5.117565 v _6731_/A (sky130_fd_sc_hd__nand2_2)
     6    0.030828    0.168089    0.197594    5.315159 ^ _6731_/Y (sky130_fd_sc_hd__nand2_2)
                                                         _2568_ (net)
                      0.168097    0.000949    5.316108 ^ _6785_/A (sky130_fd_sc_hd__and3_2)
     1    0.003099    0.044657    0.195146    5.511254 ^ _6785_/X (sky130_fd_sc_hd__and3_2)
                                                         _2624_ (net)
                      0.044657    0.000008    5.511263 ^ _6786_/C1 (sky130_fd_sc_hd__o211a_2)
     1    0.002787    0.041843    0.151794    5.663057 ^ _6786_/X (sky130_fd_sc_hd__o211a_2)
                                                         _2625_ (net)
                      0.041843    0.000004    5.663061 ^ _6789_/B1 (sky130_fd_sc_hd__o311a_2)
     1    0.007556    0.058649    0.180585    5.843646 ^ _6789_/X (sky130_fd_sc_hd__o311a_2)
                                                         _2629_ (net)
                      0.058649    0.000121    5.843767 ^ _6790_/B (sky130_fd_sc_hd__nand2_2)
     2    0.044600    0.177767    0.162169    6.005936 v _6790_/Y (sky130_fd_sc_hd__nand2_2)
                                                         result[18] (net)
                      0.177816    0.002462    6.008398 v result[18] (out)
                                              6.008398   data arrival time

                      0.000000    0.000000    0.000000   clock __VIRTUAL_CLK__ (rise edge)
                                  0.000000    0.000000   clock network delay (ideal)
                                  0.250000    0.250000   clock uncertainty
                                  0.000000    0.250000   clock reconvergence pessimism
                                 -5.000000   -4.750000   output external delay
                                             -4.750000   data required time
---------------------------------------------------------------------------------------------
                                             -4.750000   data required time
                                             -6.008398   data arrival time
---------------------------------------------------------------------------------------------
                                             10.758397   slack (MET)


Startpoint: A[9] (input port clocked by __VIRTUAL_CLK__)
Endpoint: result[9] (output port clocked by __VIRTUAL_CLK__)
Path Group: __VIRTUAL_CLK__
Path Type: min

Fanout         Cap        Slew       Delay        Time   Description
---------------------------------------------------------------------------------------------
                      0.000000    0.000000    0.000000   clock __VIRTUAL_CLK__ (rise edge)
                                  0.000000    0.000000   clock network delay (ideal)
                                  5.000000    5.000000 v input external delay
    56    0.266438    0.581615    0.429700    5.429700 v A[9] (in)
                                                         A[9] (net)
                      0.581875    0.000000    5.429700 v _6630_/A1 (sky130_fd_sc_hd__o21ai_2)
     1    0.002796    0.037978    0.287113    5.716814 ^ _6630_/Y (sky130_fd_sc_hd__o21ai_2)
                                                         _2463_ (net)
                      0.037978    0.000004    5.716818 ^ _6631_/C1 (sky130_fd_sc_hd__a211o_2)
     1    0.002701    0.025204    0.081368    5.798186 ^ _6631_/X (sky130_fd_sc_hd__a211o_2)
                                                         _2464_ (net)
                      0.025204    0.000012    5.798198 ^ _6632_/D (sky130_fd_sc_hd__or4_2)
     2    0.042670    0.212903    0.229336    6.027534 ^ _6632_/X (sky130_fd_sc_hd__or4_2)
                                                         result[9] (net)
                      0.212903    0.000725    6.028258 ^ result[9] (out)
                                              6.028258   data arrival time

                      0.000000    0.000000    0.000000   clock __VIRTUAL_CLK__ (rise edge)
                                  0.000000    0.000000   clock network delay (ideal)
                                  0.250000    0.250000   clock uncertainty
                                  0.000000    0.250000   clock reconvergence pessimism
                                 -5.000000   -4.750000   output external delay
                                             -4.750000   data required time
---------------------------------------------------------------------------------------------
                                             -4.750000   data required time
                                             -6.028258   data arrival time
---------------------------------------------------------------------------------------------
                                             10.778258   slack (MET)


Startpoint: opcode[3] (input port clocked by __VIRTUAL_CLK__)
Endpoint: result[8] (output port clocked by __VIRTUAL_CLK__)
Path Group: __VIRTUAL_CLK__
Path Type: min

Fanout         Cap        Slew       Delay        Time   Description
---------------------------------------------------------------------------------------------
                      0.000000    0.000000    0.000000   clock __VIRTUAL_CLK__ (rise edge)
                                  0.000000    0.000000   clock network delay (ideal)
                                  5.000000    5.000000 ^ input external delay
    10    0.032188    0.150039    0.103651    5.103651 ^ opcode[3] (in)
                                                         opcode[3] (net)
                      0.150041    0.000000    5.103651 ^ _6289_/C (sky130_fd_sc_hd__or4b_2)
    14    0.081406    0.461683    0.444466    5.548117 ^ _6289_/X (sky130_fd_sc_hd__or4b_2)
                                                         _2098_ (net)
                      0.461696    0.002095    5.550212 ^ _6600_/B1 (sky130_fd_sc_hd__a311oi_2)
     1    0.002559    0.035161    0.082442    5.632654 v _6600_/Y (sky130_fd_sc_hd__a311oi_2)
                                                         _2431_ (net)
                      0.035161    0.000005    5.632658 v _6613_/B1 (sky130_fd_sc_hd__a211o_2)
     2    0.045826    0.138475    0.419215    6.051873 v _6613_/X (sky130_fd_sc_hd__a211o_2)
                                                         result[8] (net)
                      0.138500    0.001874    6.053747 v result[8] (out)
                                              6.053747   data arrival time

                      0.000000    0.000000    0.000000   clock __VIRTUAL_CLK__ (rise edge)
                                  0.000000    0.000000   clock network delay (ideal)
                                  0.250000    0.250000   clock uncertainty
                                  0.000000    0.250000   clock reconvergence pessimism
                                 -5.000000   -4.750000   output external delay
                                             -4.750000   data required time
---------------------------------------------------------------------------------------------
                                             -4.750000   data required time
                                             -6.053747   data arrival time
---------------------------------------------------------------------------------------------
                                             10.803747   slack (MET)


Startpoint: opcode[3] (input port clocked by __VIRTUAL_CLK__)
Endpoint: result[4] (output port clocked by __VIRTUAL_CLK__)
Path Group: __VIRTUAL_CLK__
Path Type: min

Fanout         Cap        Slew       Delay        Time   Description
---------------------------------------------------------------------------------------------
                      0.000000    0.000000    0.000000   clock __VIRTUAL_CLK__ (rise edge)
                                  0.000000    0.000000   clock network delay (ideal)
                                  5.000000    5.000000 ^ input external delay
    10    0.032188    0.150039    0.103651    5.103652 ^ opcode[3] (in)
                                                         opcode[3] (net)
                      0.150041    0.000000    5.103652 ^ _6060_/B (sky130_fd_sc_hd__nand2b_2)
     6    0.016984    0.085279    0.116786    5.220437 v _6060_/Y (sky130_fd_sc_hd__nand2b_2)
                                                         _1846_ (net)
                      0.085279    0.000089    5.220526 v _6062_/B (sky130_fd_sc_hd__or2_2)
    16    0.096597    0.263253    0.507183    5.727709 v _6062_/X (sky130_fd_sc_hd__or2_2)
                                                         _1848_ (net)
                      0.263262    0.001903    5.729612 v _6516_/A (sky130_fd_sc_hd__nor2_2)
     1    0.002839    0.060764    0.167482    5.897095 ^ _6516_/Y (sky130_fd_sc_hd__nor2_2)
                                                         _2342_ (net)
                      0.060764    0.000013    5.897108 ^ _6540_/A (sky130_fd_sc_hd__or4_2)
     2    0.038703    0.193899    0.234796    6.131904 ^ _6540_/X (sky130_fd_sc_hd__or4_2)
                                                         result[4] (net)
                      0.193960    0.000900    6.132804 ^ result[4] (out)
                                              6.132804   data arrival time

                      0.000000    0.000000    0.000000   clock __VIRTUAL_CLK__ (rise edge)
                                  0.000000    0.000000   clock network delay (ideal)
                                  0.250000    0.250000   clock uncertainty
                                  0.000000    0.250000   clock reconvergence pessimism
                                 -5.000000   -4.750000   output external delay
                                             -4.750000   data required time
---------------------------------------------------------------------------------------------
                                             -4.750000   data required time
                                             -6.132804   data arrival time
---------------------------------------------------------------------------------------------
                                             10.882804   slack (MET)



