
===========================================================================
 report_power
============================================================================
======================= Fastest Corner ===================================

Group                  Internal  Switching    Leakage      Total
                          Power      Power      Power      Power (Watts)
----------------------------------------------------------------
Sequential             1.94e-04   8.95e-06   5.13e-08   2.03e-04  10.4%
Combinational          4.52e-04   1.09e-03   1.82e-08   1.54e-03  78.7%
Clock                  1.34e-04   8.01e-05   4.74e-09   2.15e-04  11.0%
Macro                  0.00e+00   0.00e+00   0.00e+00   0.00e+00   0.0%
Pad                    0.00e+00   0.00e+00   0.00e+00   0.00e+00   0.0%
----------------------------------------------------------------
Total                  7.80e-04   1.18e-03   7.42e-08   1.96e-03 100.0%
                          39.8%      60.2%       0.0%

======================= Slowest Corner ===================================

Group                  Internal  Switching    Leakage      Total
                          Power      Power      Power      Power (Watts)
----------------------------------------------------------------
Sequential             1.28e-04   5.74e-06   6.89e-07   1.35e-04   9.9%
Combinational          3.36e-04   7.26e-04   1.05e-05   1.07e-03  79.1%
Clock                  9.67e-05   5.20e-05   1.31e-07   1.49e-04  11.0%
Macro                  0.00e+00   0.00e+00   0.00e+00   0.00e+00   0.0%
Pad                    0.00e+00   0.00e+00   0.00e+00   0.00e+00   0.0%
----------------------------------------------------------------
Total                  5.61e-04   7.83e-04   1.14e-05   1.36e-03 100.0%
                          41.4%      57.8%       0.8%

======================= Typical Corner ===================================

Group                  Internal  Switching    Leakage      Total
                          Power      Power      Power      Power (Watts)
----------------------------------------------------------------
Sequential             1.67e-04   7.43e-06   5.12e-08   1.74e-04  10.3%
Combinational          4.16e-04   9.22e-04   7.83e-09   1.34e-03  78.9%
Clock                  1.18e-04   6.71e-05   4.39e-09   1.85e-04  10.9%
Macro                  0.00e+00   0.00e+00   0.00e+00   0.00e+00   0.0%
Pad                    0.00e+00   0.00e+00   0.00e+00   0.00e+00   0.0%
----------------------------------------------------------------
Total                  7.00e-04   9.97e-04   6.34e-08   1.70e-03 100.0%
                          41.3%      58.7%       0.0%

