
===========================================================================
 report_power
============================================================================
======================= Fastest Corner ===================================

Group                  Internal  Switching    Leakage      Total
                          Power      Power      Power      Power (Watts)
----------------------------------------------------------------
Sequential             0.00e+00   0.00e+00   0.00e+00   0.00e+00   0.0%
Combinational          1.10e-03   1.58e-03   2.85e-08   2.68e-03 100.0%
Clock                 -8.90e-11   0.00e+00   9.33e-09   9.24e-09   0.0%
Macro                  0.00e+00   0.00e+00   0.00e+00   0.00e+00   0.0%
Pad                    0.00e+00   0.00e+00   0.00e+00   0.00e+00   0.0%
----------------------------------------------------------------
Total                  1.10e-03   1.58e-03   3.79e-08   2.68e-03 100.0%
                          41.0%      59.0%       0.0%

======================= Slowest Corner ===================================

Group                  Internal  Switching    Leakage      Total
                          Power      Power      Power      Power (Watts)
----------------------------------------------------------------
Sequential             0.00e+00   0.00e+00   0.00e+00   0.00e+00   0.0%
Combinational          8.09e-04   1.05e-03   1.86e-05   1.88e-03 100.0%
Clock                 -6.04e-11   0.00e+00   9.36e-09   9.30e-09   0.0%
Macro                  0.00e+00   0.00e+00   0.00e+00   0.00e+00   0.0%
Pad                    0.00e+00   0.00e+00   0.00e+00   0.00e+00   0.0%
----------------------------------------------------------------
Total                  8.09e-04   1.05e-03   1.86e-05   1.88e-03 100.0%
                          43.1%      55.9%       1.0%

======================= Typical Corner ===================================

Group                  Internal  Switching    Leakage      Total
                          Power      Power      Power      Power (Watts)
----------------------------------------------------------------
Sequential             0.00e+00   0.00e+00   0.00e+00   0.00e+00   0.0%
Combinational          9.91e-04   1.34e-03   1.47e-08   2.33e-03 100.0%
Clock                  2.09e-12   0.00e+00   9.33e-09   9.33e-09   0.0%
Macro                  0.00e+00   0.00e+00   0.00e+00   0.00e+00   0.0%
Pad                    0.00e+00   0.00e+00   0.00e+00   0.00e+00   0.0%
----------------------------------------------------------------
Total                  9.91e-04   1.34e-03   2.40e-08   2.33e-03 100.0%
                          42.6%      57.4%       0.0%

