┏━━━━━━━┳━━━━━━━━━┳━━━━━━━━━━┳━━━━━━━━┳━━━━━━━━━━━━━━━━┳━━━━━━━┓
┃ P / R ┃ Partial ┃ Required ┃ Net    ┃ Pin            ┃ Layer ┃
┡━━━━━━━╇━━━━━━━━━╇━━━━━━━━━━╇━━━━━━━━╇━━━━━━━━━━━━━━━━╇━━━━━━━┩
│ 3.97  │ 1586.10 │ 400.00   │ net29  │ fanout531/A    │ met3  │
│ 2.35  │ 938.25  │ 400.00   │ net187 │ fanout186/A    │ met3  │
│ 1.75  │ 701.43  │ 400.00   │ net5   │ _6711_/A1      │ met3  │
│ 1.57  │ 626.15  │ 400.00   │ net87  │ output87/A     │ met1  │
│ 1.56  │ 622.29  │ 400.00   │ net475 │ fanout470/A    │ met3  │
│ 1.42  │ 569.51  │ 400.00   │ net15  │ _6876_/A2      │ met3  │
│ 1.38  │ 552.15  │ 400.00   │ net45  │ _5978_/A2      │ met2  │
│ 1.22  │ 489.90  │ 400.00   │ net36  │ fanout430/A    │ met1  │
│ 1.19  │ 477.91  │ 400.00   │ net544 │ _6306_/A2      │ met3  │
│ 1.19  │ 477.91  │ 400.00   │ net544 │ fanout541/A    │ met3  │
│ 1.11  │ 442.59  │ 400.00   │ net86  │ output86/A     │ met1  │
│ 1.06  │ 423.70  │ 400.00   │ net193 │ _6744_/A0      │ met3  │
│ 1.06  │ 422.88  │ 400.00   │ net30  │ fanout508/A    │ met1  │
│ 1.03  │ 410.70  │ 400.00   │ net517 │ load_slew518/A │ met1  │
│ 1.02  │ 407.11  │ 400.00   │ net251 │ fanout248/A    │ met1  │
│ 1.01  │ 402.15  │ 400.00   │ _2424_ │ _6594_/C       │ met1  │
│ 1.00  │ 401.53  │ 400.00   │ net650 │ fanout649/A    │ met1  │
└───────┴─────────┴──────────┴────────┴────────────────┴───────┘
