
===========================================================================
report_checks -unconstrained
===========================================================================
======================= Fastest Corner ===================================

Startpoint: rst_n (input port clocked by clk)
Endpoint: _4212_ (recovery check against rising-edge clock clk)
Path Group: asynchronous
Path Type: max
Corner: Fastest

Fanout     Cap    Slew   Delay    Time   Description
-----------------------------------------------------------------------------
                          0.00    0.00   clock clk (rise edge)
                          0.00    0.00   clock network delay (propagated)
                          2.00    2.00 ^ input external delay
     1    0.00    0.02    0.01    2.01 ^ rst_n (in)
                                         rst_n (net)
                  0.02    0.00    2.01 ^ input70/A (sky130_fd_sc_hd__clkbuf_1)
     1    0.00    0.04    0.05    2.06 ^ input70/X (sky130_fd_sc_hd__clkbuf_1)
                                         net70 (net)
                  0.04    0.00    2.06 ^ fanout124/A (sky130_fd_sc_hd__clkbuf_2)
     5    0.02    0.09    0.12    2.18 ^ fanout124/X (sky130_fd_sc_hd__clkbuf_2)
                                         net124 (net)
                  0.09    0.00    2.18 ^ fanout123/A (sky130_fd_sc_hd__clkbuf_2)
     6    0.03    0.13    0.16    2.34 ^ fanout123/X (sky130_fd_sc_hd__clkbuf_2)
                                         net123 (net)
                  0.13    0.00    2.34 ^ fanout122/A (sky130_fd_sc_hd__clkbuf_4)
    10    0.05    0.11    0.18    2.52 ^ fanout122/X (sky130_fd_sc_hd__clkbuf_4)
                                         net122 (net)
                  0.11    0.00    2.53 ^ _4212_/RESET_B (sky130_fd_sc_hd__dfrtp_1)
                                  2.53   data arrival time

                         10.00   10.00   clock clk (rise edge)
                          0.00   10.00   clock source latency
     1    0.02    0.07    0.05   10.05 ^ clk (in)
                                         clk (net)
                  0.07    0.00   10.05 ^ clkbuf_0_clk/A (sky130_fd_sc_hd__clkbuf_16)
     4    0.05    0.05    0.11   10.15 ^ clkbuf_0_clk/X (sky130_fd_sc_hd__clkbuf_16)
                                         clknet_0_clk (net)
                  0.06    0.00   10.16 ^ clkbuf_2_2__f_clk/A (sky130_fd_sc_hd__clkbuf_16)
     8    0.04    0.04    0.10   10.25 ^ clkbuf_2_2__f_clk/X (sky130_fd_sc_hd__clkbuf_16)
                                         clknet_2_2__leaf_clk (net)
                  0.04    0.00   10.25 ^ _4212_/CLK (sky130_fd_sc_hd__dfrtp_1)
                         -0.25   10.00   clock uncertainty
                          0.00   10.00   clock reconvergence pessimism
                          0.13   10.13   library recovery time
                                 10.13   data required time
-----------------------------------------------------------------------------
                                 10.13   data required time
                                 -2.53   data arrival time
-----------------------------------------------------------------------------
                                  7.61   slack (MET)


Startpoint: A[15] (input port clocked by clk)
Endpoint: _4192_ (rising edge-triggered flip-flop clocked by clk)
Path Group: clk
Path Type: max
Corner: Fastest

Fanout     Cap    Slew   Delay    Time   Description
-----------------------------------------------------------------------------
                          0.00    0.00   clock clk (rise edge)
                          0.00    0.00   clock network delay (propagated)
                          2.00    2.00 ^ input external delay
     1    0.00    0.02    0.01    2.01 ^ A[15] (in)
                                         A[15] (net)
                  0.02    0.00    2.01 ^ input7/A (sky130_fd_sc_hd__buf_1)
     3    0.02    0.18    0.16    2.17 ^ input7/X (sky130_fd_sc_hd__buf_1)
                                         net7 (net)
                  0.18    0.00    2.17 ^ _2150_/A (sky130_fd_sc_hd__clkbuf_4)
    10    0.08    0.19    0.25    2.41 ^ _2150_/X (sky130_fd_sc_hd__clkbuf_4)
                                         _0986_ (net)
                  0.19    0.00    2.41 ^ _2151_/B (sky130_fd_sc_hd__nand2_1)
     1    0.01    0.06    0.06    2.47 v _2151_/Y (sky130_fd_sc_hd__nand2_1)
                                         _0997_ (net)
                  0.06    0.00    2.47 v _2153_/A (sky130_fd_sc_hd__nand2_2)
     4    0.03    0.14    0.13    2.61 ^ _2153_/Y (sky130_fd_sc_hd__nand2_2)
                                         _1018_ (net)
                  0.14    0.00    2.61 ^ _2159_/A (sky130_fd_sc_hd__nand4_1)
     1    0.01    0.10    0.10    2.71 v _2159_/Y (sky130_fd_sc_hd__nand4_1)
                                         _1082_ (net)
                  0.10    0.00    2.71 v _2174_/A (sky130_fd_sc_hd__nor2_2)
     3    0.04    0.28    0.27    2.99 ^ _2174_/Y (sky130_fd_sc_hd__nor2_2)
                                         _1243_ (net)
                  0.28    0.00    2.99 ^ _2205_/A (sky130_fd_sc_hd__nand4_4)
     3    0.07    0.22    0.21    3.20 v _2205_/Y (sky130_fd_sc_hd__nand4_4)
                                         _1311_ (net)
                  0.22    0.00    3.20 v _2312_/A1 (sky130_fd_sc_hd__a31oi_4)
     3    0.07    0.39    0.39    3.58 ^ _2312_/Y (sky130_fd_sc_hd__a31oi_4)
                                         _1418_ (net)
                  0.39    0.01    3.59 ^ _2313_/B2 (sky130_fd_sc_hd__o22ai_4)
     3    0.02    0.10    0.06    3.65 v _2313_/Y (sky130_fd_sc_hd__o22ai_4)
                                         _1419_ (net)
                  0.10    0.00    3.65 v _2337_/B2 (sky130_fd_sc_hd__a2bb2oi_4)
     9    0.05    0.26    0.26    3.91 ^ _2337_/Y (sky130_fd_sc_hd__a2bb2oi_4)
                                         _1443_ (net)
                  0.26    0.01    3.92 ^ _2832_/A (sky130_fd_sc_hd__clkbuf_4)
    10    0.06    0.13    0.22    4.13 ^ _2832_/X (sky130_fd_sc_hd__clkbuf_4)
                                         _1937_ (net)
                  0.13    0.00    4.13 ^ _2833_/A (sky130_fd_sc_hd__clkbuf_4)
    10    0.07    0.16    0.22    4.35 ^ _2833_/X (sky130_fd_sc_hd__clkbuf_4)
                                         _1938_ (net)
                  0.16    0.00    4.36 ^ _3665_/A2 (sky130_fd_sc_hd__o21ai_1)
     1    0.00    0.04    0.04    4.39 v _3665_/Y (sky130_fd_sc_hd__o21ai_1)
                                         _0730_ (net)
                  0.04    0.00    4.39 v _3696_/A2 (sky130_fd_sc_hd__o211ai_1)
     1    0.02    0.27    0.24    4.64 ^ _3696_/Y (sky130_fd_sc_hd__o211ai_1)
                                         _2088_ (net)
                  0.27    0.00    4.64 ^ _4192_/D (sky130_fd_sc_hd__dfrtp_1)
                                  4.64   data arrival time

                         10.00   10.00   clock clk (rise edge)
                          0.00   10.00   clock source latency
     1    0.02    0.07    0.05   10.05 ^ clk (in)
                                         clk (net)
                  0.07    0.00   10.05 ^ clkbuf_0_clk/A (sky130_fd_sc_hd__clkbuf_16)
     4    0.05    0.05    0.11   10.15 ^ clkbuf_0_clk/X (sky130_fd_sc_hd__clkbuf_16)
                                         clknet_0_clk (net)
                  0.06    0.00   10.16 ^ clkbuf_2_0__f_clk/A (sky130_fd_sc_hd__clkbuf_16)
    13    0.04    0.05    0.10   10.26 ^ clkbuf_2_0__f_clk/X (sky130_fd_sc_hd__clkbuf_16)
                                         clknet_2_0__leaf_clk (net)
                  0.05    0.00   10.26 ^ _4192_/CLK (sky130_fd_sc_hd__dfrtp_1)
                         -0.25   10.01   clock uncertainty
                          0.00   10.01   clock reconvergence pessimism
                         -0.06    9.95   library setup time
                                  9.95   data required time
-----------------------------------------------------------------------------
                                  9.95   data required time
                                 -4.64   data arrival time
-----------------------------------------------------------------------------
                                  5.31   slack (MET)



======================= Slowest Corner ===================================

Startpoint: rst_n (input port clocked by clk)
Endpoint: _4210_ (recovery check against rising-edge clock clk)
Path Group: asynchronous
Path Type: max
Corner: Slowest

Fanout     Cap    Slew   Delay    Time   Description
-----------------------------------------------------------------------------
                          0.00    0.00   clock clk (rise edge)
                          0.00    0.00   clock network delay (propagated)
                          2.00    2.00 ^ input external delay
     1    0.00    0.03    0.02    2.02 ^ rst_n (in)
                                         rst_n (net)
                  0.03    0.00    2.02 ^ input70/A (sky130_fd_sc_hd__clkbuf_1)
     1    0.00    0.08    0.15    2.16 ^ input70/X (sky130_fd_sc_hd__clkbuf_1)
                                         net70 (net)
                  0.08    0.00    2.16 ^ fanout124/A (sky130_fd_sc_hd__clkbuf_2)
     5    0.02    0.18    0.29    2.45 ^ fanout124/X (sky130_fd_sc_hd__clkbuf_2)
                                         net124 (net)
                  0.18    0.00    2.45 ^ fanout123/A (sky130_fd_sc_hd__clkbuf_2)
     6    0.03    0.26    0.40    2.85 ^ fanout123/X (sky130_fd_sc_hd__clkbuf_2)
                                         net123 (net)
                  0.26    0.00    2.85 ^ fanout122/A (sky130_fd_sc_hd__clkbuf_4)
    10    0.04    0.22    0.47    3.32 ^ fanout122/X (sky130_fd_sc_hd__clkbuf_4)
                                         net122 (net)
                  0.22    0.00    3.32 ^ _4210_/RESET_B (sky130_fd_sc_hd__dfrtp_1)
                                  3.32   data arrival time

                         10.00   10.00   clock clk (rise edge)
                          0.00   10.00   clock source latency
     1    0.02    0.15    0.09   10.09 ^ clk (in)
                                         clk (net)
                  0.15    0.00   10.09 ^ clkbuf_0_clk/A (sky130_fd_sc_hd__clkbuf_16)
     4    0.05    0.11    0.28   10.38 ^ clkbuf_0_clk/X (sky130_fd_sc_hd__clkbuf_16)
                                         clknet_0_clk (net)
                  0.11    0.00   10.38 ^ clkbuf_2_3__f_clk/A (sky130_fd_sc_hd__clkbuf_16)
     9    0.03    0.09    0.25   10.63 ^ clkbuf_2_3__f_clk/X (sky130_fd_sc_hd__clkbuf_16)
                                         clknet_2_3__leaf_clk (net)
                  0.09    0.00   10.63 ^ _4210_/CLK (sky130_fd_sc_hd__dfrtp_1)
                         -0.25   10.38   clock uncertainty
                          0.00   10.38   clock reconvergence pessimism
                          0.41   10.79   library recovery time
                                 10.79   data required time
-----------------------------------------------------------------------------
                                 10.79   data required time
                                 -3.32   data arrival time
-----------------------------------------------------------------------------
                                  7.47   slack (MET)


Startpoint: A[15] (input port clocked by clk)
Endpoint: _4192_ (rising edge-triggered flip-flop clocked by clk)
Path Group: clk
Path Type: max
Corner: Slowest

Fanout     Cap    Slew   Delay    Time   Description
-----------------------------------------------------------------------------
                          0.00    0.00   clock clk (rise edge)
                          0.00    0.00   clock network delay (propagated)
                          2.00    2.00 ^ input external delay
     1    0.00    0.04    0.02    2.02 ^ A[15] (in)
                                         A[15] (net)
                  0.04    0.00    2.02 ^ input7/A (sky130_fd_sc_hd__buf_1)
     3    0.02    0.38    0.37    2.39 ^ input7/X (sky130_fd_sc_hd__buf_1)
                                         net7 (net)
                  0.38    0.00    2.39 ^ _2150_/A (sky130_fd_sc_hd__clkbuf_4)
    10    0.08    0.39    0.65    3.04 ^ _2150_/X (sky130_fd_sc_hd__clkbuf_4)
                                         _0986_ (net)
                  0.39    0.00    3.04 ^ _2151_/B (sky130_fd_sc_hd__nand2_1)
     1    0.01    0.17    0.27    3.32 v _2151_/Y (sky130_fd_sc_hd__nand2_1)
                                         _0997_ (net)
                  0.17    0.00    3.32 v _2153_/A (sky130_fd_sc_hd__nand2_2)
     4    0.03    0.29    0.31    3.63 ^ _2153_/Y (sky130_fd_sc_hd__nand2_2)
                                         _1018_ (net)
                  0.29    0.00    3.63 ^ _2159_/A (sky130_fd_sc_hd__nand4_1)
     1    0.01    0.40    0.45    4.08 v _2159_/Y (sky130_fd_sc_hd__nand4_1)
                                         _1082_ (net)
                  0.40    0.00    4.08 v _2174_/A (sky130_fd_sc_hd__nor2_2)
     3    0.04    0.64    0.73    4.81 ^ _2174_/Y (sky130_fd_sc_hd__nor2_2)
                                         _1243_ (net)
                  0.64    0.00    4.81 ^ _2205_/A (sky130_fd_sc_hd__nand4_4)
     3    0.07    0.64    0.76    5.57 v _2205_/Y (sky130_fd_sc_hd__nand4_4)
                                         _1311_ (net)
                  0.64    0.00    5.57 v _2312_/A1 (sky130_fd_sc_hd__a31oi_4)
     3    0.07    0.81    0.97    6.54 ^ _2312_/Y (sky130_fd_sc_hd__a31oi_4)
                                         _1418_ (net)
                  0.81    0.01    6.55 ^ _2313_/B2 (sky130_fd_sc_hd__o22ai_4)
     3    0.02    0.24    0.42    6.97 v _2313_/Y (sky130_fd_sc_hd__o22ai_4)
                                         _1419_ (net)
                  0.24    0.00    6.97 v _2337_/B2 (sky130_fd_sc_hd__a2bb2oi_4)
     9    0.05    0.55    0.62    7.59 ^ _2337_/Y (sky130_fd_sc_hd__a2bb2oi_4)
                                         _1443_ (net)
                  0.55    0.01    7.60 ^ _2832_/A (sky130_fd_sc_hd__clkbuf_4)
    10    0.05    0.27    0.64    8.24 ^ _2832_/X (sky130_fd_sc_hd__clkbuf_4)
                                         _1937_ (net)
                  0.27    0.00    8.24 ^ _2833_/A (sky130_fd_sc_hd__clkbuf_4)
    10    0.07    0.34    0.56    8.80 ^ _2833_/X (sky130_fd_sc_hd__clkbuf_4)
                                         _1938_ (net)
                  0.34    0.00    8.81 ^ _3665_/A2 (sky130_fd_sc_hd__o21ai_1)
     1    0.00    0.12    0.21    9.01 v _3665_/Y (sky130_fd_sc_hd__o21ai_1)
                                         _0730_ (net)
                  0.12    0.00    9.01 v _3696_/A2 (sky130_fd_sc_hd__o211ai_1)
     1    0.02    0.63    0.61    9.63 ^ _3696_/Y (sky130_fd_sc_hd__o211ai_1)
                                         _2088_ (net)
                  0.63    0.00    9.63 ^ _4192_/D (sky130_fd_sc_hd__dfrtp_1)
                                  9.63   data arrival time

                         10.00   10.00   clock clk (rise edge)
                          0.00   10.00   clock source latency
     1    0.02    0.15    0.09   10.09 ^ clk (in)
                                         clk (net)
                  0.15    0.00   10.09 ^ clkbuf_0_clk/A (sky130_fd_sc_hd__clkbuf_16)
     4    0.05    0.11    0.28   10.38 ^ clkbuf_0_clk/X (sky130_fd_sc_hd__clkbuf_16)
                                         clknet_0_clk (net)
                  0.11    0.00   10.38 ^ clkbuf_2_0__f_clk/A (sky130_fd_sc_hd__clkbuf_16)
    13    0.04    0.09    0.25   10.63 ^ clkbuf_2_0__f_clk/X (sky130_fd_sc_hd__clkbuf_16)
                                         clknet_2_0__leaf_clk (net)
                  0.09    0.00   10.64 ^ _4192_/CLK (sky130_fd_sc_hd__dfrtp_1)
                         -0.25   10.39   clock uncertainty
                          0.00   10.39   clock reconvergence pessimism
                         -0.27   10.12   library setup time
                                 10.12   data required time
-----------------------------------------------------------------------------
                                 10.12   data required time
                                 -9.63   data arrival time
-----------------------------------------------------------------------------
                                  0.49   slack (MET)



======================= Typical Corner ===================================

Startpoint: rst_n (input port clocked by clk)
Endpoint: _4212_ (recovery check against rising-edge clock clk)
Path Group: asynchronous
Path Type: max
Corner: Typical

Fanout     Cap    Slew   Delay    Time   Description
-----------------------------------------------------------------------------
                          0.00    0.00   clock clk (rise edge)
                          0.00    0.00   clock network delay (propagated)
                          2.00    2.00 ^ input external delay
     1    0.00    0.02    0.01    2.01 ^ rst_n (in)
                                         rst_n (net)
                  0.02    0.00    2.01 ^ input70/A (sky130_fd_sc_hd__clkbuf_1)
     1    0.00    0.05    0.08    2.09 ^ input70/X (sky130_fd_sc_hd__clkbuf_1)
                                         net70 (net)
                  0.05    0.00    2.09 ^ fanout124/A (sky130_fd_sc_hd__clkbuf_2)
     5    0.02    0.12    0.17    2.26 ^ fanout124/X (sky130_fd_sc_hd__clkbuf_2)
                                         net124 (net)
                  0.12    0.00    2.26 ^ fanout123/A (sky130_fd_sc_hd__clkbuf_2)
     6    0.03    0.17    0.24    2.50 ^ fanout123/X (sky130_fd_sc_hd__clkbuf_2)
                                         net123 (net)
                  0.17    0.00    2.50 ^ fanout122/A (sky130_fd_sc_hd__clkbuf_4)
    10    0.05    0.15    0.27    2.77 ^ fanout122/X (sky130_fd_sc_hd__clkbuf_4)
                                         net122 (net)
                  0.15    0.00    2.77 ^ _4212_/RESET_B (sky130_fd_sc_hd__dfrtp_1)
                                  2.77   data arrival time

                         10.00   10.00   clock clk (rise edge)
                          0.00   10.00   clock source latency
     1    0.02    0.09    0.06   10.06 ^ clk (in)
                                         clk (net)
                  0.09    0.00   10.06 ^ clkbuf_0_clk/A (sky130_fd_sc_hd__clkbuf_16)
     4    0.05    0.07    0.16   10.22 ^ clkbuf_0_clk/X (sky130_fd_sc_hd__clkbuf_16)
                                         clknet_0_clk (net)
                  0.07    0.00   10.22 ^ clkbuf_2_2__f_clk/A (sky130_fd_sc_hd__clkbuf_16)
     8    0.04    0.06    0.14   10.36 ^ clkbuf_2_2__f_clk/X (sky130_fd_sc_hd__clkbuf_16)
                                         clknet_2_2__leaf_clk (net)
                  0.06    0.00   10.36 ^ _4212_/CLK (sky130_fd_sc_hd__dfrtp_1)
                         -0.25   10.11   clock uncertainty
                          0.00   10.11   clock reconvergence pessimism
                          0.21   10.32   library recovery time
                                 10.32   data required time
-----------------------------------------------------------------------------
                                 10.32   data required time
                                 -2.77   data arrival time
-----------------------------------------------------------------------------
                                  7.55   slack (MET)


Startpoint: A[15] (input port clocked by clk)
Endpoint: _4192_ (rising edge-triggered flip-flop clocked by clk)
Path Group: clk
Path Type: max
Corner: Typical

Fanout     Cap    Slew   Delay    Time   Description
-----------------------------------------------------------------------------
                          0.00    0.00   clock clk (rise edge)
                          0.00    0.00   clock network delay (propagated)
                          2.00    2.00 ^ input external delay
     1    0.00    0.02    0.01    2.01 ^ A[15] (in)
                                         A[15] (net)
                  0.02    0.00    2.01 ^ input7/A (sky130_fd_sc_hd__buf_1)
     3    0.02    0.24    0.22    2.23 ^ input7/X (sky130_fd_sc_hd__buf_1)
                                         net7 (net)
                  0.24    0.00    2.23 ^ _2150_/A (sky130_fd_sc_hd__clkbuf_4)
    10    0.08    0.25    0.37    2.60 ^ _2150_/X (sky130_fd_sc_hd__clkbuf_4)
                                         _0986_ (net)
                  0.25    0.00    2.60 ^ _2151_/B (sky130_fd_sc_hd__nand2_1)
     1    0.01    0.09    0.12    2.72 v _2151_/Y (sky130_fd_sc_hd__nand2_1)
                                         _0997_ (net)
                  0.09    0.00    2.72 v _2153_/A (sky130_fd_sc_hd__nand2_2)
     4    0.03    0.18    0.19    2.90 ^ _2153_/Y (sky130_fd_sc_hd__nand2_2)
                                         _1018_ (net)
                  0.18    0.00    2.91 ^ _2159_/A (sky130_fd_sc_hd__nand4_1)
     1    0.01    0.17    0.19    3.09 v _2159_/Y (sky130_fd_sc_hd__nand4_1)
                                         _1082_ (net)
                  0.17    0.00    3.10 v _2174_/A (sky130_fd_sc_hd__nor2_2)
     3    0.04    0.39    0.40    3.50 ^ _2174_/Y (sky130_fd_sc_hd__nor2_2)
                                         _1243_ (net)
                  0.39    0.00    3.50 ^ _2205_/A (sky130_fd_sc_hd__nand4_4)
     3    0.07    0.32    0.35    3.85 v _2205_/Y (sky130_fd_sc_hd__nand4_4)
                                         _1311_ (net)
                  0.32    0.00    3.85 v _2312_/A1 (sky130_fd_sc_hd__a31oi_4)
     3    0.07    0.52    0.55    4.41 ^ _2312_/Y (sky130_fd_sc_hd__a31oi_4)
                                         _1418_ (net)
                  0.52    0.01    4.42 ^ _2313_/B2 (sky130_fd_sc_hd__o22ai_4)
     3    0.02    0.14    0.18    4.60 v _2313_/Y (sky130_fd_sc_hd__o22ai_4)
                                         _1419_ (net)
                  0.14    0.00    4.60 v _2337_/B2 (sky130_fd_sc_hd__a2bb2oi_4)
     9    0.05    0.35    0.37    4.97 ^ _2337_/Y (sky130_fd_sc_hd__a2bb2oi_4)
                                         _1443_ (net)
                  0.35    0.01    4.98 ^ _2832_/A (sky130_fd_sc_hd__clkbuf_4)
    10    0.06    0.17    0.34    5.32 ^ _2832_/X (sky130_fd_sc_hd__clkbuf_4)
                                         _1937_ (net)
                  0.17    0.00    5.32 ^ _2833_/A (sky130_fd_sc_hd__clkbuf_4)
    10    0.07    0.21    0.32    5.63 ^ _2833_/X (sky130_fd_sc_hd__clkbuf_4)
                                         _1938_ (net)
                  0.21    0.00    5.64 ^ _3665_/A2 (sky130_fd_sc_hd__o21ai_1)
     1    0.00    0.07    0.09    5.72 v _3665_/Y (sky130_fd_sc_hd__o21ai_1)
                                         _0730_ (net)
                  0.07    0.00    5.72 v _3696_/A2 (sky130_fd_sc_hd__o211ai_1)
     1    0.02    0.38    0.36    6.08 ^ _3696_/Y (sky130_fd_sc_hd__o211ai_1)
                                         _2088_ (net)
                  0.38    0.00    6.08 ^ _4192_/D (sky130_fd_sc_hd__dfrtp_1)
                                  6.08   data arrival time

                         10.00   10.00   clock clk (rise edge)
                          0.00   10.00   clock source latency
     1    0.02    0.09    0.06   10.06 ^ clk (in)
                                         clk (net)
                  0.09    0.00   10.06 ^ clkbuf_0_clk/A (sky130_fd_sc_hd__clkbuf_16)
     4    0.05    0.07    0.16   10.22 ^ clkbuf_0_clk/X (sky130_fd_sc_hd__clkbuf_16)
                                         clknet_0_clk (net)
                  0.07    0.00   10.22 ^ clkbuf_2_0__f_clk/A (sky130_fd_sc_hd__clkbuf_16)
    13    0.04    0.06    0.14   10.37 ^ clkbuf_2_0__f_clk/X (sky130_fd_sc_hd__clkbuf_16)
                                         clknet_2_0__leaf_clk (net)
                  0.06    0.00   10.37 ^ _4192_/CLK (sky130_fd_sc_hd__dfrtp_1)
                         -0.25   10.12   clock uncertainty
                          0.00   10.12   clock reconvergence pessimism
                         -0.13    9.99   library setup time
                                  9.99   data required time
-----------------------------------------------------------------------------
                                  9.99   data required time
                                 -6.08   data arrival time
-----------------------------------------------------------------------------
                                  3.90   slack (MET)




===========================================================================
report_checks --slack_max -0.01
============================================================================
======================= Fastest Corner ===================================

No paths found.

======================= Slowest Corner ===================================

No paths found.

======================= Typical Corner ===================================

No paths found.


===========================================================================
 report_check_types -max_slew -max_cap -max_fanout -violators
============================================================================
======================= Fastest Corner ===================================

max fanout

Pin                                   Limit Fanout  Slack
---------------------------------------------------------
clkbuf_2_0__f_clk/X                      10     13     -3 (VIOLATED)
_2379_/X                                 10     12     -2 (VIOLATED)
_2455_/X                                 10     12     -2 (VIOLATED)
_3209_/X                                 10     12     -2 (VIOLATED)
_3286_/X                                 10     12     -2 (VIOLATED)
_2224_/X                                 10     11        (VIOLATED)
_2268_/Y                                 10     11        (VIOLATED)
_2723_/X                                 10     11        (VIOLATED)
_2976_/X                                 10     11        (VIOLATED)
_3225_/X                                 10     11        (VIOLATED)


max slew violations count Fastest: 0
max fanout violations count Fastest: 10
max cap violations count Fastest: 0
======================= Slowest Corner ===================================

max slew

Pin                                    Limit    Slew   Slack
------------------------------------------------------------
_3093_/A1                               0.75    1.43   -0.68 (VIOLATED)
_4092_/A3                               0.75    1.43   -0.68 (VIOLATED)
_3539_/C                                0.75    1.43   -0.68 (VIOLATED)
_3092_/X                                0.75    1.43   -0.68 (VIOLATED)
_2585_/A2                               0.75    1.30   -0.55 (VIOLATED)
_3668_/B2                               0.75    1.30   -0.55 (VIOLATED)
_3692_/C                                0.75    1.30   -0.55 (VIOLATED)
_2484_/X                                0.75    1.30   -0.55 (VIOLATED)
_3641_/B1                               0.75    1.29   -0.54 (VIOLATED)
_3904_/C1                               0.75    1.29   -0.54 (VIOLATED)
_3640_/Y                                0.75    1.29   -0.54 (VIOLATED)
_2796_/A1                               0.75    1.28   -0.53 (VIOLATED)
_2749_/A0                               0.75    1.28   -0.53 (VIOLATED)
_3089_/A3                               0.75    1.28   -0.53 (VIOLATED)
_2742_/Y                                0.75    1.28   -0.53 (VIOLATED)
_2951_/A1                               0.75    1.28   -0.53 (VIOLATED)
_3238_/B                                0.75    1.20   -0.45 (VIOLATED)
_3235_/Y                                0.75    1.20   -0.45 (VIOLATED)
ANTENNA_11/DIODE                        0.75    1.17   -0.42 (VIOLATED)
ANTENNA_12/DIODE                        0.75    1.17   -0.42 (VIOLATED)
_3617_/A_N                              0.75    1.17   -0.42 (VIOLATED)
_3601_/X                                0.75    1.17   -0.42 (VIOLATED)
_3703_/C1                               0.75    1.13   -0.38 (VIOLATED)
_3702_/X                                0.75    1.13   -0.38 (VIOLATED)
_3586_/B1                               0.75    0.98   -0.23 (VIOLATED)
_3585_/X                                0.75    0.98   -0.23 (VIOLATED)
_3396_/B2                               0.75    0.98   -0.23 (VIOLATED)
_3643_/A2                               0.75    0.98   -0.23 (VIOLATED)
_2995_/Y                                0.75    0.98   -0.23 (VIOLATED)
_2998_/B2                               0.75    0.98   -0.23 (VIOLATED)
_3149_/A2                               0.75    0.98   -0.23 (VIOLATED)
_3430_/Y                                0.75    0.96   -0.21 (VIOLATED)
_3434_/B1                               0.75    0.96   -0.21 (VIOLATED)
_3788_/D1                               0.75    0.91   -0.16 (VIOLATED)
_3787_/Y                                0.75    0.91   -0.16 (VIOLATED)
_3002_/B                                0.75    0.90   -0.15 (VIOLATED)
_2984_/Y                                0.75    0.90   -0.15 (VIOLATED)
_3275_/C1                               0.75    0.88   -0.13 (VIOLATED)
_3668_/A2                               0.75    0.88   -0.13 (VIOLATED)
ANTENNA_29/DIODE                        0.75    0.88   -0.13 (VIOLATED)
_2584_/A3                               0.75    0.88   -0.13 (VIOLATED)
_2557_/X                                0.75    0.88   -0.13 (VIOLATED)
_3753_/C1                               0.75    0.82   -0.07 (VIOLATED)
_3751_/Y                                0.75    0.82   -0.07 (VIOLATED)
_3887_/C                                0.75    0.81   -0.06 (VIOLATED)
_3886_/Y                                0.75    0.81   -0.06 (VIOLATED)
_2313_/B2                               0.75    0.81   -0.06 (VIOLATED)
_3271_/A2                               0.75    0.81   -0.06 (VIOLATED)
_2844_/B2                               0.75    0.81   -0.06 (VIOLATED)
_2312_/Y                                0.75    0.81   -0.06 (VIOLATED)
_2777_/C1                               0.75    0.80   -0.05 (VIOLATED)
_2615_/A                                0.75    0.80   -0.05 (VIOLATED)
_2594_/A                                0.75    0.80   -0.05 (VIOLATED)
_3231_/S                                0.75    0.80   -0.05 (VIOLATED)
_3169_/C1                               0.75    0.80   -0.05 (VIOLATED)
_2771_/A                                0.75    0.80   -0.05 (VIOLATED)
_2593_/Y                                0.75    0.80   -0.05 (VIOLATED)
_3327_/B1                               0.75    0.80   -0.05 (VIOLATED)
_3530_/B1                               0.75    0.80   -0.05 (VIOLATED)
_3435_/B1                               0.75    0.80   -0.05 (VIOLATED)
_3248_/A1                               0.75    0.80   -0.05 (VIOLATED)
_3087_/B1                               0.75    0.80   -0.05 (VIOLATED)
_2254_/A1                               0.75    0.80   -0.05 (VIOLATED)
_2845_/B1                               0.75    0.80   -0.05 (VIOLATED)
_3145_/B1                               0.75    0.80   -0.05 (VIOLATED)
_2247_/Y                                0.75    0.80   -0.05 (VIOLATED)
_2761_/C1                               0.75    0.80   -0.05 (VIOLATED)
_2884_/C1                               0.75    0.80   -0.05 (VIOLATED)
_3635_/A2                               0.75    0.80   -0.05 (VIOLATED)
_3946_/B1                               0.75    0.80   -0.05 (VIOLATED)
_3180_/A1                               0.75    0.80   -0.05 (VIOLATED)
_3788_/A1                               0.75    0.80   -0.05 (VIOLATED)
_3743_/B1                               0.75    0.80   -0.05 (VIOLATED)
_2999_/B1                               0.75    0.80   -0.05 (VIOLATED)
_3213_/B1                               0.75    0.80   -0.05 (VIOLATED)
_2760_/Y                                0.75    0.80   -0.05 (VIOLATED)
_3597_/C                                0.75    0.79   -0.04 (VIOLATED)
ANTENNA_22/DIODE                        0.75    0.79   -0.04 (VIOLATED)
_2737_/A                                0.75    0.79   -0.04 (VIOLATED)
ANTENNA_21/DIODE                        0.75    0.79   -0.04 (VIOLATED)
ANTENNA_20/DIODE                        0.75    0.79   -0.04 (VIOLATED)
_2579_/A1                               0.75    0.79   -0.04 (VIOLATED)
_2537_/B1                               0.75    0.79   -0.04 (VIOLATED)
_2483_/C                                0.75    0.79   -0.04 (VIOLATED)
_2528_/A                                0.75    0.79   -0.04 (VIOLATED)
_3316_/B                                0.75    0.79   -0.04 (VIOLATED)
_2269_/A                                0.75    0.79   -0.04 (VIOLATED)
_2268_/Y                                0.75    0.79   -0.04 (VIOLATED)
_3778_/A2                               0.75    0.77   -0.02 (VIOLATED)
_3456_/A2                               0.75    0.77   -0.02 (VIOLATED)
_3451_/Y                                0.75    0.77   -0.02 (VIOLATED)
_3879_/B1                               0.75    0.77   -0.02 (VIOLATED)
ANTENNA_18/DIODE                        0.75    0.77   -0.02 (VIOLATED)
_3874_/X                                0.75    0.77   -0.02 (VIOLATED)
_3048_/Y                                0.75    0.77   -0.02 (VIOLATED)
_3052_/B1                               0.75    0.77   -0.02 (VIOLATED)
_3909_/A4                               0.75    0.77   -0.02 (VIOLATED)
_2963_/A3                               0.75    0.76   -0.01 (VIOLATED)
_2544_/A                                0.75    0.76   -0.01 (VIOLATED)
_3647_/B                                0.75    0.76   -0.01 (VIOLATED)
_2972_/A1                               0.75    0.76   -0.01 (VIOLATED)
_2542_/Y                                0.75    0.76   -0.01 (VIOLATED)
_3106_/A1                               0.75    0.76   -0.01 (VIOLATED)
_3149_/B1                               0.75    0.76   -0.01 (VIOLATED)
_3819_/B                                0.75    0.76   -0.01 (VIOLATED)
_2602_/A1                               0.75    0.76   -0.01 (VIOLATED)
_2544_/B                                0.75    0.76   -0.01 (VIOLATED)
_3791_/A3                               0.75    0.76   -0.01 (VIOLATED)
_3232_/A3                               0.75    0.76   -0.01 (VIOLATED)
_2597_/A3                               0.75    0.76   -0.01 (VIOLATED)
_2972_/A2                               0.75    0.76   -0.01 (VIOLATED)
_2543_/Y                                0.75    0.76   -0.01 (VIOLATED)

max fanout

Pin                                   Limit Fanout  Slack
---------------------------------------------------------
clkbuf_2_0__f_clk/X                      10     13     -3 (VIOLATED)
_2379_/X                                 10     12     -2 (VIOLATED)
_2455_/X                                 10     12     -2 (VIOLATED)
_3209_/X                                 10     12     -2 (VIOLATED)
_3286_/X                                 10     12     -2 (VIOLATED)
_2224_/X                                 10     11        (VIOLATED)
_2268_/Y                                 10     11        (VIOLATED)
_2723_/X                                 10     11        (VIOLATED)
_2976_/X                                 10     11        (VIOLATED)
_3225_/X                                 10     11        (VIOLATED)


max slew violations count Slowest: 112
max fanout violations count Slowest: 10
max cap violations count Slowest: 0
======================= Typical Corner ===================================

max slew

Pin                                    Limit    Slew   Slack
------------------------------------------------------------
_3093_/A1                               0.75    0.89   -0.14 (VIOLATED)
_4092_/A3                               0.75    0.89   -0.14 (VIOLATED)
_3539_/C                                0.75    0.89   -0.14 (VIOLATED)
_3092_/X                                0.75    0.89   -0.14 (VIOLATED)
_2585_/A2                               0.75    0.80   -0.05 (VIOLATED)
_3692_/C                                0.75    0.80   -0.05 (VIOLATED)
_3668_/B2                               0.75    0.80   -0.05 (VIOLATED)
_2484_/X                                0.75    0.80   -0.05 (VIOLATED)
_2796_/A1                               0.75    0.77   -0.02 (VIOLATED)
_2749_/A0                               0.75    0.77   -0.02 (VIOLATED)
_3089_/A3                               0.75    0.77   -0.02 (VIOLATED)
_2951_/A1                               0.75    0.77   -0.02 (VIOLATED)
_2742_/Y                                0.75    0.77   -0.02 (VIOLATED)

max fanout

Pin                                   Limit Fanout  Slack
---------------------------------------------------------
clkbuf_2_0__f_clk/X                      10     13     -3 (VIOLATED)
_2379_/X                                 10     12     -2 (VIOLATED)
_2455_/X                                 10     12     -2 (VIOLATED)
_3209_/X                                 10     12     -2 (VIOLATED)
_3286_/X                                 10     12     -2 (VIOLATED)
_2224_/X                                 10     11        (VIOLATED)
_2268_/Y                                 10     11        (VIOLATED)
_2723_/X                                 10     11        (VIOLATED)
_2976_/X                                 10     11        (VIOLATED)
_3225_/X                                 10     11        (VIOLATED)


max slew violations count Typical: 13
max fanout violations count Typical: 10
max cap violations count Typical: 0

===========================================================================
report_parasitic_annotation -report_unannotated
============================================================================
Found 3 unannotated drivers.
 clkload0/Y
 clkload1/Y
 clkload2/Y
Found 0 partially unannotated drivers.

===========================================================================
max slew violation count 112
max fanout violation count 10
max cap violation count 0
============================================================================

===========================================================================
check_setup -verbose -unconstrained_endpoints -multiple_clock -no_clock -no_input_delay -loops -generated_clocks
===========================================================================
