
===========================================================================
 report_power
============================================================================
======================= Fastest Corner ===================================

Group                  Internal  Switching    Leakage      Total
                          Power      Power      Power      Power (Watts)
----------------------------------------------------------------
Sequential             1.94e-04   8.60e-06   5.13e-08   2.02e-04  10.7%
Combinational          4.51e-04   1.02e-03   1.82e-08   1.48e-03  78.1%
Clock                  1.34e-04   7.71e-05   4.74e-09   2.11e-04  11.2%
Macro                  0.00e+00   0.00e+00   0.00e+00   0.00e+00   0.0%
Pad                    0.00e+00   0.00e+00   0.00e+00   0.00e+00   0.0%
----------------------------------------------------------------
Total                  7.79e-04   1.11e-03   7.42e-08   1.89e-03 100.0%
                          41.2%      58.8%       0.0%

======================= Slowest Corner ===================================

Group                  Internal  Switching    Leakage      Total
                          Power      Power      Power      Power (Watts)
----------------------------------------------------------------
Sequential             1.28e-04   5.50e-06   6.89e-07   1.35e-04  10.3%
Combinational          3.36e-04   6.82e-04   1.05e-05   1.03e-03  78.5%
Clock                  9.65e-05   4.99e-05   1.31e-07   1.47e-04  11.2%
Macro                  0.00e+00   0.00e+00   0.00e+00   0.00e+00   0.0%
Pad                    0.00e+00   0.00e+00   0.00e+00   0.00e+00   0.0%
----------------------------------------------------------------
Total                  5.61e-04   7.38e-04   1.14e-05   1.31e-03 100.0%
                          42.8%      56.3%       0.9%

======================= Typical Corner ===================================

Group                  Internal  Switching    Leakage      Total
                          Power      Power      Power      Power (Watts)
----------------------------------------------------------------
Sequential             1.67e-04   7.13e-06   5.12e-08   1.74e-04  10.6%
Combinational          4.16e-04   8.68e-04   7.83e-09   1.28e-03  78.3%
Clock                  1.18e-04   6.45e-05   4.39e-09   1.82e-04  11.1%
Macro                  0.00e+00   0.00e+00   0.00e+00   0.00e+00   0.0%
Pad                    0.00e+00   0.00e+00   0.00e+00   0.00e+00   0.0%
----------------------------------------------------------------
Total                  7.00e-04   9.39e-04   6.34e-08   1.64e-03 100.0%
                          42.7%      57.3%       0.0%

