
===========================================================================
 report_power
============================================================================
======================= Fastest Corner ===================================

Group                  Internal  Switching    Leakage      Total
                          Power      Power      Power      Power (Watts)
----------------------------------------------------------------
Sequential             0.00e+00   0.00e+00   0.00e+00   0.00e+00   0.0%
Combinational          1.10e-03   1.64e-03   2.85e-08   2.74e-03 100.0%
Clock                 -1.11e-10   0.00e+00   9.33e-09   9.22e-09   0.0%
Macro                  0.00e+00   0.00e+00   0.00e+00   0.00e+00   0.0%
Pad                    0.00e+00   0.00e+00   0.00e+00   0.00e+00   0.0%
----------------------------------------------------------------
Total                  1.10e-03   1.64e-03   3.79e-08   2.74e-03 100.0%
                          40.1%      59.9%       0.0%

======================= Slowest Corner ===================================

Group                  Internal  Switching    Leakage      Total
                          Power      Power      Power      Power (Watts)
----------------------------------------------------------------
Sequential             0.00e+00   0.00e+00   0.00e+00   0.00e+00   0.0%
Combinational          8.09e-04   1.09e-03   1.86e-05   1.92e-03 100.0%
Clock                 -6.41e-11   0.00e+00   9.36e-09   9.29e-09   0.0%
Macro                  0.00e+00   0.00e+00   0.00e+00   0.00e+00   0.0%
Pad                    0.00e+00   0.00e+00   0.00e+00   0.00e+00   0.0%
----------------------------------------------------------------
Total                  8.09e-04   1.09e-03   1.86e-05   1.92e-03 100.0%
                          42.1%      56.9%       1.0%

======================= Typical Corner ===================================

Group                  Internal  Switching    Leakage      Total
                          Power      Power      Power      Power (Watts)
----------------------------------------------------------------
Sequential             0.00e+00   0.00e+00   0.00e+00   0.00e+00   0.0%
Combinational          9.92e-04   1.39e-03   1.47e-08   2.38e-03 100.0%
Clock                 -1.01e-11   0.00e+00   9.33e-09   9.32e-09   0.0%
Macro                  0.00e+00   0.00e+00   0.00e+00   0.00e+00   0.0%
Pad                    0.00e+00   0.00e+00   0.00e+00   0.00e+00   0.0%
----------------------------------------------------------------
Total                  9.92e-04   1.39e-03   2.40e-08   2.38e-03 100.0%
                          41.6%      58.4%       0.0%

