Reading timing models for corner nom_tt_025C_1v80…
Reading timing library for the 'nom_tt_025C_1v80' corner at '/foss/pdks/ciel/sky130/versions/7b70722e33c03fcb5dabcf4d479fb0822d9251c9/sky130A/libs.ref/sky130_fd_sc_hd/lib/sky130_fd_sc_hd__tt_025C_1v80.lib'…
Reading OpenROAD database at '/foss/designs/alu32_openlane/runs/RUN_2026-05-28_05-40-44/21-openroad-generatepdn/alu32.odb'…
Reading design constraints file at '/usr/local/lib/python3.12/dist-packages/librelane/scripts/base.sdc'…
[WARNING STA-0366] port '__VIRTUAL_CLK__' not found.
[INFO] Using clock __VIRTUAL_CLK__…
[INFO] Setting output delay to: 5.0
[INFO] Setting input delay to: 5.0
[WARNING STA-0366] port '__VIRTUAL_CLK__' not found.
[INFO] Setting load to: 0.033442
[INFO] Setting clock uncertainty to: 0.25
[INFO] Setting clock transition to: 0.1499999999999999944488848768742172978818416595458984375
[WARNING STA-0419] transition time can not be specified for virtual clocks.
[INFO] Setting timing derate to: 5%
[WARNING STA-0450] virtual clock __VIRTUAL_CLK__ can not be propagated.
+ global_placement -density 0.45 -skip_io -pad_right 0 -pad_left 0 -init_wirelength_coef 0.25
[INFO GPL-0001] ---- Initialize GPL Main Data Structures
[INFO GPL-0002] DBU: 1000
[INFO GPL-0003] SiteSize: (  0.460  2.720 ) um
[INFO GPL-0004] CoreBBox: (  5.520 10.880 ) ( 298.540 301.920 ) um
[INFO GPL-0036] Movable instances area:      34423.014 um^2
[INFO GPL-0037] Total instances area:        36726.474 um^2
[INFO GPL-0035] Pin density area adjust:      2683.563 um^2
[INFO GPL-0032] ---- Initialize Region: Top-level
[INFO GPL-0006] Number of instances:              4931
[INFO GPL-0007] Movable instances:                3518
[INFO GPL-0008] Fixed instances:                  1413
[INFO GPL-0009] Dummy instances:                     0
[INFO GPL-0010] Number of nets:                   3586
[INFO GPL-0011] Number of pins:                  13965
[INFO GPL-0012] Die BBox:  (  0.000  0.000 ) ( 304.395 315.115 ) um
[INFO GPL-0013] Core BBox: (  5.520 10.880 ) ( 298.540 301.920 ) um
[INFO GPL-0016] Core area:                   85280.541 um^2
[INFO GPL-0014] Region name: top-level.
[INFO GPL-0015] Region area:                 85280.541 um^2
[INFO GPL-0017] Fixed instances area:         2303.459 um^2
[INFO GPL-0018] Movable instances area:      37106.578 um^2
[INFO GPL-0019] Utilization:                    44.719 %
[INFO GPL-0020] Standard cells area:         37106.578 um^2
[INFO GPL-0021] Large instances area:            0.000 um^2
[INFO GPL-0005] ---- Execute Conjugate Gradient Initial Placement.
[INFO GPL-0051] Source of initial instance position counters:
	Odb location = 0	Core center = 3518	Region center = 0
[INFO GPL-0033] ---- Initialize Nesterov Region: Top-level
[INFO GPL-0023] Placement target density:       0.4500
[INFO GPL-0024] Movable insts average area:     10.548 um^2
[INFO GPL-0025] Ideal bin area:                 23.439 um^2
[INFO GPL-0026] Ideal bin count:                  3638
[INFO GPL-0027] Total bin area:              85280.541 um^2
[INFO GPL-0028] Bin count (X, Y):          32 ,     32
[INFO GPL-0029] Bin size (W * H):       9.157 *  9.095 um
[INFO GPL-0030] Number of bins:                   1024
[INFO GPL-0007] ---- Execute Nesterov Global Placement.
[INFO GPL-0031] HPWL: Half-Perimeter Wirelength
Iteration | Overflow |     HPWL (um) |  HPWL(%) |   Penalty | Group
---------------------------------------------------------------
        0 |   0.9959 |  1.021497e+04 |   +0.00% |  5.56e-15 |      
       10 |   0.9950 |  6.349380e+03 |  -37.84% |  9.06e-15 |      
       20 |   0.9942 |  6.297837e+03 |   -0.81% |  1.48e-14 |      
       30 |   0.9940 |  6.287873e+03 |   -0.16% |  2.40e-14 |      
       40 |   0.9940 |  6.286771e+03 |   -0.02% |  3.91e-14 |      
       50 |   0.9940 |  6.286322e+03 |   -0.01% |  6.38e-14 |      
       60 |   0.9939 |  6.285572e+03 |   -0.01% |  1.04e-13 |      
       70 |   0.9938 |  6.286061e+03 |   +0.01% |  1.69e-13 |      
       80 |   0.9935 |  6.287183e+03 |   +0.02% |  2.76e-13 |      
       90 |   0.9930 |  6.291073e+03 |   +0.06% |  4.49e-13 |      
      100 |   0.9920 |  6.306882e+03 |   +0.25% |  7.31e-13 |      
      110 |   0.9919 |  6.363291e+03 |   +0.89% |  1.19e-12 |      
      120 |   0.9919 |  6.603937e+03 |   +3.78% |  1.94e-12 |      
      130 |   0.9898 |  7.808216e+03 |  +18.24% |  3.16e-12 |      
      140 |   0.9780 |  1.191106e+04 |  +52.55% |  5.15e-12 |      
      150 |   0.9590 |  1.838629e+04 |  +54.36% |  8.38e-12 |      
      160 |   0.9352 |  2.370872e+04 |  +28.95% |  1.36e-11 |      
      170 |   0.9172 |  2.670560e+04 |  +12.64% |  2.22e-11 |      
      180 |   0.9022 |  3.079816e+04 |  +15.32% |  3.61e-11 |      
      190 |   0.8633 |  3.701868e+04 |  +20.20% |  5.88e-11 |      
      200 |   0.8180 |  4.190011e+04 |  +13.19% |  9.58e-11 |      
      210 |   0.7760 |  4.535154e+04 |   +8.24% |  1.56e-10 |      
      220 |   0.7358 |  4.955152e+04 |   +9.26% |  2.54e-10 |      
      230 |   0.6803 |  5.426792e+04 |   +9.52% |  4.13e-10 |      
      240 |   0.6313 |  5.810618e+04 |   +7.07% |  6.73e-10 |      
      250 |   0.5810 |  6.226028e+04 |   +7.15% |  1.10e-09 |      
      260 |   0.5280 |  6.611555e+04 |   +6.19% |  1.78e-09 |      
      270 |   0.4723 |  6.904926e+04 |   +4.44% |  2.91e-09 |      
      280 |   0.4089 |  7.132858e+04 |   +3.30% |  4.73e-09 |      
      290 |   0.3512 |  7.265956e+04 |   +1.87% |  7.71e-09 |      
      300 |   0.3269 |  7.414246e+04 |   +2.04% |  1.16e-08 |      
      310 |   0.2945 |  7.568876e+04 |   +2.09% |  1.71e-08 |      
      320 |   0.2647 |  7.669081e+04 |   +1.32% |  2.51e-08 |      
      330 |   0.2356 |  7.788910e+04 |   +1.56% |  3.70e-08 |      
      340 |   0.2055 |  7.830740e+04 |   +0.54% |  5.45e-08 |      
      350 |   0.1838 |  7.869438e+04 |   +0.49% |  8.03e-08 |      
      360 |   0.1585 |  7.896273e+04 |   +0.34% |  1.18e-07 |      
      370 |   0.1364 |  7.929958e+04 |   +0.43% |  1.74e-07 |      
      380 |   0.1199 |  7.945428e+04 |   +0.20% |  2.57e-07 |      
      390 |   0.1022 |  7.956238e+04 |   +0.14% |  3.78e-07 |      
      392 |   0.0995 |  7.959605e+04 |          |  4.25e-07 |      
---------------------------------------------------------------
[INFO GPL-1001] Global placement finished at iteration 392
[INFO GPL-1002] Placed Cell Area            37106.5778
[INFO GPL-1003] Available Free Area         82977.0816
[INFO GPL-1004] Minimum Feasible Density        0.4500 (cell_area / free_area)
[INFO GPL-1006]   Suggested Target Densities:
[INFO GPL-1007]     - For 90% usage of free space: 0.4969
[INFO GPL-1008]     - For 80% usage of free space: 0.5590
[INFO GPL-1009]     - For 50% usage of free space: 0.8944
[INFO GPL-1014] Final placement area: 37106.58 (+0.00%)
Setting global connections for newly added cells…
[INFO] Setting global connections...
[INFO ODB-0403] 0 connections made, 0 conflicts skipped.
Updating metrics…
Cell type report:                       Count       Area
  Fill cell                               214     803.27
  Tap cell                               1199    1500.19
  Inverter                                 73     274.01
  Multi-Input combinational cell         3445   34149.00
  Total                                  4931   36726.47
Writing OpenROAD database to '/foss/designs/alu32_openlane/runs/RUN_2026-05-28_05-40-44/24-openroad-globalplacementskipio/alu32.odb'…
Writing netlist to '/foss/designs/alu32_openlane/runs/RUN_2026-05-28_05-40-44/24-openroad-globalplacementskipio/alu32.nl.v'…
Writing powered netlist to '/foss/designs/alu32_openlane/runs/RUN_2026-05-28_05-40-44/24-openroad-globalplacementskipio/alu32.pnl.v'…
Writing layout to '/foss/designs/alu32_openlane/runs/RUN_2026-05-28_05-40-44/24-openroad-globalplacementskipio/alu32.def'…
Writing timing constraints to '/foss/designs/alu32_openlane/runs/RUN_2026-05-28_05-40-44/24-openroad-globalplacementskipio/alu32.sdc'…
