Reading timing models for corner max_tt_025C_1v80…
Reading timing library for the 'max_tt_025C_1v80' corner at '/foss/pdks/ciel/sky130/versions/7b70722e33c03fcb5dabcf4d479fb0822d9251c9/sky130A/libs.ref/sky130_fd_sc_hd/lib/sky130_fd_sc_hd__tt_025C_1v80.lib'…
Reading timing models for corner min_ss_100C_1v60…
Reading timing library for the 'min_ss_100C_1v60' corner at '/foss/pdks/ciel/sky130/versions/7b70722e33c03fcb5dabcf4d479fb0822d9251c9/sky130A/libs.ref/sky130_fd_sc_hd/lib/sky130_fd_sc_hd__ss_100C_1v60.lib'…
Reading timing models for corner nom_tt_025C_1v80…
Reading timing library for the 'nom_tt_025C_1v80' corner at '/foss/pdks/ciel/sky130/versions/7b70722e33c03fcb5dabcf4d479fb0822d9251c9/sky130A/libs.ref/sky130_fd_sc_hd/lib/sky130_fd_sc_hd__tt_025C_1v80.lib'…
[WARNING STA-1140] /foss/pdks/ciel/sky130/versions/7b70722e33c03fcb5dabcf4d479fb0822d9251c9/sky130A/libs.ref/sky130_fd_sc_hd/lib/sky130_fd_sc_hd__tt_025C_1v80.lib line 1, library sky130_fd_sc_hd__tt_025C_1v80 already exists.
Reading timing models for corner max_ff_n40C_1v95…
Reading timing library for the 'max_ff_n40C_1v95' corner at '/foss/pdks/ciel/sky130/versions/7b70722e33c03fcb5dabcf4d479fb0822d9251c9/sky130A/libs.ref/sky130_fd_sc_hd/lib/sky130_fd_sc_hd__ff_n40C_1v95.lib'…
Reading timing models for corner nom_ff_n40C_1v95…
Reading timing library for the 'nom_ff_n40C_1v95' corner at '/foss/pdks/ciel/sky130/versions/7b70722e33c03fcb5dabcf4d479fb0822d9251c9/sky130A/libs.ref/sky130_fd_sc_hd/lib/sky130_fd_sc_hd__ff_n40C_1v95.lib'…
[WARNING STA-1140] /foss/pdks/ciel/sky130/versions/7b70722e33c03fcb5dabcf4d479fb0822d9251c9/sky130A/libs.ref/sky130_fd_sc_hd/lib/sky130_fd_sc_hd__ff_n40C_1v95.lib line 1, library sky130_fd_sc_hd__ff_n40C_1v95 already exists.
Reading timing models for corner max_ss_100C_1v60…
Reading timing library for the 'max_ss_100C_1v60' corner at '/foss/pdks/ciel/sky130/versions/7b70722e33c03fcb5dabcf4d479fb0822d9251c9/sky130A/libs.ref/sky130_fd_sc_hd/lib/sky130_fd_sc_hd__ss_100C_1v60.lib'…
[WARNING STA-1140] /foss/pdks/ciel/sky130/versions/7b70722e33c03fcb5dabcf4d479fb0822d9251c9/sky130A/libs.ref/sky130_fd_sc_hd/lib/sky130_fd_sc_hd__ss_100C_1v60.lib line 1, library sky130_fd_sc_hd__ss_100C_1v60 already exists.
Reading timing models for corner min_tt_025C_1v80…
Reading timing library for the 'min_tt_025C_1v80' corner at '/foss/pdks/ciel/sky130/versions/7b70722e33c03fcb5dabcf4d479fb0822d9251c9/sky130A/libs.ref/sky130_fd_sc_hd/lib/sky130_fd_sc_hd__tt_025C_1v80.lib'…
[WARNING STA-1140] /foss/pdks/ciel/sky130/versions/7b70722e33c03fcb5dabcf4d479fb0822d9251c9/sky130A/libs.ref/sky130_fd_sc_hd/lib/sky130_fd_sc_hd__tt_025C_1v80.lib line 1, library sky130_fd_sc_hd__tt_025C_1v80 already exists.
Reading timing models for corner nom_ss_100C_1v60…
Reading timing library for the 'nom_ss_100C_1v60' corner at '/foss/pdks/ciel/sky130/versions/7b70722e33c03fcb5dabcf4d479fb0822d9251c9/sky130A/libs.ref/sky130_fd_sc_hd/lib/sky130_fd_sc_hd__ss_100C_1v60.lib'…
[WARNING STA-1140] /foss/pdks/ciel/sky130/versions/7b70722e33c03fcb5dabcf4d479fb0822d9251c9/sky130A/libs.ref/sky130_fd_sc_hd/lib/sky130_fd_sc_hd__ss_100C_1v60.lib line 1, library sky130_fd_sc_hd__ss_100C_1v60 already exists.
Reading timing models for corner min_ff_n40C_1v95…
Reading timing library for the 'min_ff_n40C_1v95' corner at '/foss/pdks/ciel/sky130/versions/7b70722e33c03fcb5dabcf4d479fb0822d9251c9/sky130A/libs.ref/sky130_fd_sc_hd/lib/sky130_fd_sc_hd__ff_n40C_1v95.lib'…
[WARNING STA-1140] /foss/pdks/ciel/sky130/versions/7b70722e33c03fcb5dabcf4d479fb0822d9251c9/sky130A/libs.ref/sky130_fd_sc_hd/lib/sky130_fd_sc_hd__ff_n40C_1v95.lib line 1, library sky130_fd_sc_hd__ff_n40C_1v95 already exists.
Reading OpenROAD database at '/foss/designs/alu32_openlane/runs/RUN_2026-05-28_05-26-24/34-openroad-detailedplacement/alu32.odb'…
Reading design constraints file at '/usr/local/lib/python3.12/dist-packages/librelane/scripts/base.sdc'…
[WARNING STA-0366] port '__VIRTUAL_CLK__' not found.
[INFO] Using clock __VIRTUAL_CLK__…
[INFO] Setting output delay to: 2.0
[INFO] Setting input delay to: 2.0
[WARNING STA-0366] port '__VIRTUAL_CLK__' not found.
[INFO] Setting load to: 0.033442
[INFO] Setting clock uncertainty to: 0.25
[INFO] Setting clock transition to: 0.1499999999999999944488848768742172978818416595458984375
[WARNING STA-0419] transition time can not be specified for virtual clocks.
[INFO] Setting timing derate to: 5%
[WARNING STA-0450] virtual clock __VIRTUAL_CLK__ can not be propagated.
[WARNING STA-0450] virtual clock __VIRTUAL_CLK__ can not be propagated.
+ repair_timing -verbose -setup -setup_margin 0.05000000000000000277555756156289135105907917022705078125 -max_buffer_percent 50
[INFO RSZ-0100] Repair move sequence: UnbufferMove SizeUpMove SwapPinsMove BufferMove CloneMove SplitLoadMove 
[INFO RSZ-0094] Found 35 endpoints with setup violations.
[INFO RSZ-0099] Repairing 35 out of 35 (100.00%) violating endpoints...
   Iter   | Removed | Resized | Inserted | Cloned |  Pin  |   Area   |    WNS   |   TNS      |  Viol  | Worst
          | Buffers |  Gates  | Buffers  |  Gates | Swaps |          |          |            | Endpts | Endpt
--------------------------------------------------------------------------------------------------------------
        0 |       0 |       0 |        0 |      0 |     0 |    +0.0% |  -18.041 |     -403.2 |     35 | zero
       10 |       0 |       9 |        0 |      0 |     0 |    +0.0% |  -17.335 |     -400.1 |     35 | zero
       20 |       0 |      19 |        0 |      0 |     0 |    +0.0% |  -17.100 |     -392.7 |     35 | zero
       30 |       0 |      29 |        0 |      0 |     0 |    +0.0% |  -16.891 |     -388.8 |     35 | zero
       40 |       1 |      38 |        0 |      0 |     0 |    -0.0% |  -16.748 |     -385.3 |     35 | zero
       50 |       1 |      48 |        0 |      0 |     0 |    -0.0% |  -16.584 |     -379.2 |     35 | zero
       60 |       1 |      58 |        0 |      0 |     0 |    -0.1% |  -16.422 |     -376.3 |     35 | zero
       70 |       1 |      68 |        0 |      0 |     0 |    -0.1% |  -16.296 |     -373.1 |     35 | zero
       80 |       2 |      77 |        0 |      0 |     0 |    -0.1% |  -16.180 |     -366.9 |     35 | zero
       90 |       2 |      87 |        0 |      0 |     0 |    -0.1% |  -16.052 |     -362.2 |     35 | zero
      100 |       2 |      97 |        0 |      0 |     0 |    -0.1% |  -15.947 |     -359.9 |     35 | zero
      110 |       3 |     106 |        0 |      0 |     0 |    -0.1% |  -15.776 |     -355.1 |     35 | zero
      120 |       3 |     116 |        0 |      0 |     0 |    -0.1% |  -15.547 |     -349.5 |     35 | zero
      130 |       3 |     126 |        0 |      0 |     0 |    -0.1% |  -15.416 |     -346.5 |     35 | zero
      140 |       4 |     134 |        0 |      0 |     1 |    -0.1% |  -15.334 |     -343.1 |     35 | zero
      150 |       4 |     144 |        0 |      0 |     1 |    -0.1% |  -15.325 |     -340.9 |     35 | zero
      160 |       4 |     154 |        0 |      0 |     1 |    -0.1% |  -15.260 |     -338.5 |     35 | zero
      170 |       4 |     164 |        0 |      0 |     1 |    -0.1% |  -15.164 |     -334.5 |     35 | zero
      180 |       4 |     174 |        0 |      0 |     1 |    -0.1% |  -14.959 |     -332.4 |     35 | zero
      190 |       4 |     182 |        2 |      0 |     2 |    -0.0% |  -14.774 |     -329.1 |     35 | zero
      200 |       4 |     191 |        2 |      0 |     3 |    -0.1% |  -14.663 |     -326.7 |     35 | zero
      210 |       4 |     200 |        2 |      0 |     4 |    -0.0% |  -14.542 |     -323.3 |     35 | zero
      220 |       5 |     209 |        2 |      0 |     4 |    -0.1% |  -14.469 |     -321.9 |     35 | zero
      230 |       5 |     218 |        3 |      0 |     4 |    -0.1% |  -14.438 |     -321.4 |     35 | zero
      240 |       5 |     228 |        3 |      0 |     4 |    -0.0% |  -14.380 |     -319.6 |     35 | zero
      250 |       5 |     238 |        3 |      0 |     4 |    -0.0% |  -14.320 |     -317.5 |     35 | zero
      260 |       5 |     248 |        3 |      0 |     4 |    -0.0% |  -14.250 |     -316.1 |     35 | zero
      270 |       5 |     258 |        3 |      0 |     4 |    -0.0% |  -14.190 |     -314.5 |     35 | zero
      280 |       5 |     266 |        3 |      0 |     6 |    -0.0% |  -14.306 |     -314.9 |     35 | zero
      290 |       5 |     275 |        4 |      0 |     6 |    +0.0% |  -14.160 |     -313.6 |     35 | zero
      300 |       5 |     285 |        4 |      0 |     6 |    +0.0% |  -14.143 |     -313.1 |     35 | zero
      310 |       5 |     295 |        4 |      0 |     6 |    +0.1% |  -14.105 |     -312.3 |     35 | zero
      320 |       5 |     305 |        4 |      0 |     6 |    +0.1% |  -14.080 |     -311.4 |     35 | zero
      330 |       5 |     315 |        4 |      0 |     6 |    +0.0% |  -14.047 |     -309.9 |     35 | zero
      340 |       5 |     325 |        4 |      0 |     6 |    +0.0% |  -14.037 |     -309.3 |     35 | zero
      350 |       5 |     335 |        4 |      0 |     6 |    +0.1% |  -13.539 |     -307.7 |     35 | overflow
      360 |       5 |     345 |        4 |      0 |     6 |    +0.2% |  -13.375 |     -306.6 |     35 | zero
      370 |       6 |     354 |        4 |      0 |     6 |    +0.1% |  -13.317 |     -304.9 |     35 | zero
      380 |       6 |     364 |        4 |      0 |     6 |    +0.1% |  -13.278 |     -304.3 |     35 | zero
      390 |       6 |     374 |        4 |      0 |     6 |    +0.2% |  -13.234 |     -303.6 |     35 | zero
      400 |       6 |     384 |        4 |      0 |     6 |    +0.2% |  -13.166 |     -302.7 |     35 | zero
      410 |       6 |     393 |        4 |      0 |     7 |    +0.2% |  -13.061 |     -301.1 |     35 | zero
      420 |       6 |     402 |        4 |      0 |     8 |    +0.1% |  -13.037 |     -300.6 |     35 | zero
      430 |       6 |     411 |        5 |      0 |     8 |    +0.2% |  -13.005 |     -300.0 |     35 | zero
      440 |       6 |     421 |        5 |      0 |     8 |    +0.2% |  -12.980 |     -299.3 |     35 | zero
      450 |       6 |     431 |        5 |      0 |     8 |    +0.2% |  -12.941 |     -298.5 |     35 | zero
      460 |       6 |     440 |        5 |      0 |     9 |    +0.1% |  -12.901 |     -297.9 |     35 | zero
      470 |       6 |     449 |        5 |      0 |    10 |    +0.2% |  -12.861 |     -296.9 |     35 | zero
      480 |       6 |     459 |        5 |      0 |    10 |    +0.1% |  -12.839 |     -296.2 |     35 | zero
      490 |       6 |     468 |        5 |      0 |    11 |    +0.1% |  -13.018 |     -297.2 |     35 | zero
      500 |       6 |     478 |        5 |      0 |    11 |    +0.1% |  -12.798 |     -295.2 |     35 | zero
      510 |       6 |     488 |        5 |      0 |    11 |    +0.1% |  -12.770 |     -294.2 |     35 | zero
      520 |       6 |     498 |        5 |      0 |    11 |    +0.1% |  -12.736 |     -293.5 |     35 | zero
      530 |       6 |     508 |        5 |      0 |    11 |    +0.1% |  -12.719 |     -292.9 |     35 | zero
      540 |       6 |     518 |        5 |      0 |    11 |    +0.1% |  -12.694 |     -292.4 |     35 | zero
      550 |       6 |     525 |        6 |      0 |    13 |    +0.1% |  -12.647 |     -291.6 |     35 | zero
      560 |       6 |     535 |        6 |      0 |    13 |    +0.1% |  -12.607 |     -289.9 |     35 | zero
      570 |       7 |     543 |        6 |      0 |    14 |    +0.1% |  -12.585 |     -289.5 |     35 | zero
      580 |       7 |     552 |        6 |      0 |    15 |    +0.1% |  -12.554 |     -288.5 |     35 | zero
      590 |       7 |     561 |        7 |      0 |    15 |    +0.2% |  -12.510 |     -287.5 |     35 | zero
      600 |       7 |     570 |        8 |      0 |    15 |    +0.2% |  -12.491 |     -287.3 |     35 | zero
      610 |       7 |     579 |        9 |      0 |    15 |    +0.2% |  -12.480 |     -286.1 |     35 | zero
      620 |       7 |     589 |        9 |      0 |    15 |    +0.3% |  -12.452 |     -285.5 |     35 | zero
      630 |       7 |     599 |        9 |      0 |    15 |    +0.3% |  -12.423 |     -284.9 |     35 | zero
      640 |       7 |     605 |       12 |      0 |    17 |    +0.4% |  -12.357 |     -283.8 |     35 | zero
      650 |       7 |     614 |       13 |      0 |    17 |    +0.4% |  -12.361 |     -283.4 |     35 | zero
      660 |       7 |     622 |       13 |      0 |    19 |    +0.5% |  -12.304 |     -282.3 |     35 | zero
      670 |       8 |     631 |       13 |      0 |    19 |    +0.5% |  -12.251 |     -281.5 |     35 | zero
      680 |       8 |     641 |       13 |      0 |    19 |    +0.4% |  -12.212 |     -281.1 |     35 | zero
      690 |       8 |     651 |       13 |      0 |    19 |    +0.5% |  -12.187 |     -280.7 |     35 | zero
      700 |       8 |     661 |       13 |      0 |    19 |    +0.5% |  -12.166 |     -280.2 |     35 | zero
      710 |       8 |     671 |       13 |      0 |    19 |    +0.6% |  -12.136 |     -279.8 |     35 | zero
      720 |       8 |     681 |       13 |      0 |    19 |    +0.6% |  -12.111 |     -279.4 |     35 | zero
      730 |       8 |     689 |       14 |      0 |    20 |    +0.6% |  -12.089 |     -279.1 |     35 | zero
      740 |       8 |     699 |       14 |      0 |    20 |    +0.7% |  -12.060 |     -278.6 |     35 | zero
      750 |       8 |     709 |       14 |      0 |    20 |    +0.7% |  -12.063 |     -278.7 |     35 | zero
      760 |       8 |     718 |       15 |      0 |    20 |    +0.7% |  -12.013 |     -278.1 |     35 | zero
      770 |       8 |     727 |       17 |      0 |    20 |    +0.8% |  -11.993 |     -277.8 |     35 | zero
      780 |       8 |     736 |       18 |      0 |    20 |    +0.7% |  -11.965 |     -277.5 |     35 | zero
      790 |       8 |     745 |       18 |      0 |    21 |    +0.8% |  -11.951 |     -277.1 |     35 | zero
      800 |       9 |     754 |       18 |      0 |    21 |    +0.8% |  -11.890 |     -276.1 |     35 | zero
      810 |       9 |     762 |       19 |      0 |    22 |    +0.8% |  -11.820 |     -275.3 |     35 | zero
      820 |       9 |     772 |       19 |      0 |    22 |    +0.8% |  -11.794 |     -274.6 |     35 | zero
      830 |       9 |     780 |       20 |      0 |    23 |    +0.9% |  -11.740 |     -274.2 |     35 | zero
      840 |       9 |     788 |       21 |      0 |    24 |    +0.8% |  -11.748 |     -274.2 |     35 | zero
      850 |      10 |     797 |       21 |      0 |    24 |    +0.8% |  -11.675 |     -273.7 |     35 | zero
      860 |      10 |     807 |       21 |      0 |    24 |    +0.9% |  -11.636 |     -272.7 |     35 | zero
      870 |      10 |     817 |       21 |      0 |    24 |    +0.9% |  -11.609 |     -272.5 |     35 | zero
      880 |      10 |     826 |       21 |      0 |    25 |    +0.9% |  -11.577 |     -270.9 |     35 | zero
      890 |      10 |     836 |       21 |      0 |    25 |    +0.9% |  -11.553 |     -269.5 |     35 | zero
      900 |      10 |     845 |       22 |      0 |    25 |    +0.9% |  -11.514 |     -269.1 |     35 | zero
      910 |      10 |     854 |       22 |      0 |    26 |    +0.9% |  -11.473 |     -268.7 |     35 | zero
      920 |      10 |     864 |       22 |      0 |    26 |    +1.0% |  -11.418 |     -267.2 |     35 | zero
      930 |      10 |     872 |       22 |      0 |    28 |    +1.0% |  -11.382 |     -265.8 |     35 | zero
      940 |      10 |     880 |       24 |      0 |    28 |    +1.0% |  -11.347 |     -264.9 |     35 | zero
      950 |      10 |     887 |       26 |      0 |    30 |    +1.0% |  -11.279 |     -264.0 |     35 | zero
      960 |      10 |     893 |       28 |      0 |    32 |    +1.1% |  -11.151 |     -263.1 |     35 | zero
      970 |      10 |     901 |       30 |      0 |    32 |    +1.2% |  -11.048 |     -261.8 |     35 | zero
      980 |      10 |     905 |       33 |      0 |    35 |    +1.2% |  -11.002 |     -260.1 |     35 | zero
      990 |      10 |     914 |       33 |      0 |    36 |    +1.2% |  -10.982 |     -259.0 |     35 | zero
     1000 |      10 |     923 |       34 |      0 |    36 |    +1.3% |  -10.955 |     -257.9 |     35 | overflow
     1010 |      10 |     932 |       34 |      0 |    37 |    +1.3% |  -10.974 |     -255.2 |     35 | overflow
     1020 |      11 |     940 |       35 |      0 |    37 |    +1.3% |  -10.905 |     -254.6 |     35 | zero
     1030 |      11 |     949 |       36 |      0 |    37 |    +1.3% |  -10.891 |     -254.3 |     35 | zero
     1040 |      11 |     959 |       36 |      0 |    37 |    +1.3% |  -10.882 |     -254.2 |     35 | overflow
     1050 |      11 |     968 |       36 |      0 |    38 |    +1.3% |  -10.865 |     -253.5 |     35 | zero
     1060 |      11 |     977 |       36 |      0 |    39 |    +1.3% |  -10.882 |     -253.0 |     35 | zero
     1070 |      11 |     985 |       38 |      0 |    40 |    +1.3% |  -10.850 |     -252.3 |     35 | overflow
     1080 |      11 |     994 |       39 |      0 |    40 |    +1.4% |  -10.820 |     -252.0 |     35 | zero
     1090 |      11 |    1002 |       40 |      0 |    41 |    +1.4% |  -10.806 |     -251.9 |     35 | zero
     1100 |      11 |    1010 |       40 |      0 |    43 |    +1.5% |  -10.793 |     -251.6 |     35 | overflow
     1110 |      11 |    1017 |       43 |      0 |    44 |    +1.6% |  -10.784 |     -251.3 |     35 | overflow
     1120 |      11 |    1027 |       43 |      0 |    44 |    +1.6% |  -10.762 |     -250.7 |     35 | zero
     1130 |      11 |    1037 |       43 |      0 |    44 |    +1.6% |  -10.737 |     -250.3 |     35 | overflow
     1140 |      11 |    1045 |       43 |      0 |    46 |    +1.6% |  -10.721 |     -250.0 |     35 | zero
     1150 |      11 |    1054 |       44 |      0 |    46 |    +1.7% |  -10.702 |     -249.6 |     35 | overflow
     1160 |      12 |    1062 |       45 |      0 |    46 |    +1.7% |  -10.678 |     -248.5 |     35 | zero
     1170 |      12 |    1071 |       45 |      0 |    47 |    +1.8% |  -10.669 |     -248.1 |     35 | zero
     1180 |      12 |    1081 |       45 |      0 |    47 |    +1.8% |  -10.646 |     -247.9 |     35 | overflow
     1190 |      12 |    1089 |       46 |      0 |    48 |    +1.8% |  -10.635 |     -247.7 |     35 | overflow
     1200 |      12 |    1099 |       46 |      0 |    48 |    +1.8% |  -10.607 |     -246.6 |     35 | zero
     1210 |      12 |    1106 |       46 |      0 |    51 |    +1.9% |  -10.719 |     -246.7 |     35 | zero
     1220 |      12 |    1114 |       46 |      0 |    53 |    +1.9% |  -10.667 |     -246.0 |     35 | zero
     1230 |      12 |    1122 |       47 |      0 |    54 |    +1.9% |  -10.641 |     -245.5 |     35 | zero
     1240 |      12 |    1130 |       47 |      0 |    56 |    +2.0% |  -10.635 |     -245.2 |     35 | zero
     1250 |      12 |    1137 |       48 |      0 |    58 |    +2.0% |  -10.628 |     -245.2 |     35 | zero
     1257 |      12 |    1106 |       46 |      0 |    48 |    +1.9% |  -10.591 |     -246.4 |     35 | zero
     1260 |      12 |    1107 |       47 |      0 |    48 |    +1.9% |  -10.591 |     -246.2 |     35 | zero
     1270 |      12 |    1115 |       48 |      0 |    49 |    +2.0% |  -10.570 |     -245.9 |     35 | zero
     1280 |      12 |    1125 |       48 |      0 |    49 |    +1.9% |  -10.549 |     -245.6 |     35 | zero
     1290 |      12 |    1134 |       49 |      0 |    49 |    +2.0% |  -10.554 |     -245.7 |     35 | zero
     1300 |      12 |    1143 |       50 |      0 |    49 |    +2.0% |  -10.535 |     -245.3 |     35 | zero
     1310 |      12 |    1150 |       51 |      0 |    51 |    +2.0% |  -10.535 |     -245.3 |     35 | zero
     1320 |      12 |    1159 |       52 |      0 |    51 |    +2.1% |  -10.535 |     -245.1 |     35 | zero
     1330 |      12 |    1167 |       54 |      0 |    51 |    +2.2% |  -10.535 |     -245.0 |     35 | zero
     1340 |      12 |    1176 |       55 |      0 |    51 |    +2.3% |  -10.510 |     -244.6 |     35 | zero
     1350 |      12 |    1185 |       56 |      0 |    51 |    +2.3% |  -10.510 |     -244.5 |     35 | zero
     1360 |      12 |    1194 |       60 |      0 |    51 |    +2.4% |  -10.510 |     -244.4 |     35 | zero
     1370 |      12 |    1204 |       60 |      0 |    51 |    +2.5% |  -10.528 |     -244.6 |     35 | zero
     1380 |      12 |    1213 |       61 |      0 |    51 |    +2.6% |  -10.495 |     -243.9 |     35 | zero
     1390 |      12 |    1223 |       61 |      0 |    51 |    +2.5% |  -10.495 |     -243.1 |     35 | zero
     1400 |      13 |    1229 |       63 |      0 |    52 |    +2.5% |  -10.489 |     -242.9 |     35 | zero
     1410 |      13 |    1237 |       64 |      0 |    53 |    +2.6% |  -10.481 |     -242.7 |     35 | zero
     1420 |      13 |    1246 |       65 |      0 |    53 |    +2.7% |  -10.465 |     -242.3 |     35 | zero
     1430 |      13 |    1253 |       65 |      0 |    56 |    +2.7% |  -10.465 |     -242.2 |     35 | zero
     1440 |      13 |    1261 |       65 |      0 |    58 |    +2.7% |  -10.431 |     -241.6 |     35 | zero
     1450 |      13 |    1271 |       65 |      0 |    58 |    +2.7% |  -10.431 |     -241.4 |     35 | zero
     1460 |      15 |    1278 |       66 |      0 |    58 |    +2.6% |  -10.363 |     -240.2 |     35 | zero
     1470 |      15 |    1286 |       70 |      0 |    58 |    +2.7% |  -10.358 |     -239.9 |     35 | zero
     1480 |      15 |    1295 |       71 |      0 |    58 |    +2.8% |  -10.358 |     -239.6 |     35 | zero
     1490 |      15 |    1302 |       76 |      0 |    58 |    +2.9% |  -10.323 |     -239.2 |     35 | zero
     1500 |      15 |    1310 |       77 |      0 |    59 |    +2.9% |  -10.350 |     -239.8 |     35 | zero
     1510 |      15 |    1318 |       77 |      0 |    61 |    +2.9% |  -10.323 |     -238.7 |     35 | zero
     1520 |      15 |    1327 |       77 |      0 |    62 |    +3.0% |  -10.323 |     -238.6 |     35 | zero
     1530 |      15 |    1335 |       78 |      0 |    63 |    +3.0% |  -10.323 |     -238.4 |     35 | zero
     1540 |      15 |    1342 |       80 |      0 |    64 |    +3.1% |  -10.323 |     -238.3 |     35 | zero
     1550 |      15 |    1349 |       83 |      0 |    65 |    +3.1% |  -10.323 |     -238.3 |     35 | zero
     1560 |      15 |    1358 |       84 |      0 |    65 |    +3.2% |  -10.323 |     -237.6 |     35 | zero
     1570 |      15 |    1367 |       84 |      0 |    66 |    +3.3% |  -10.323 |     -237.0 |     35 | zero
     1580 |      15 |    1372 |       86 |      0 |    69 |    +3.3% |  -10.323 |     -236.9 |     35 | zero
     1590 |      15 |    1379 |       87 |      0 |    71 |    +3.3% |  -10.323 |     -236.8 |     35 | zero
     1600 |      15 |    1387 |       89 |      0 |    71 |    +3.4% |  -10.323 |     -236.3 |     35 | zero
     1610 |      15 |    1393 |       93 |      0 |    72 |    +3.5% |  -10.323 |     -236.6 |     35 | zero
     1620 |      15 |    1400 |       94 |      0 |    74 |    +3.6% |  -10.323 |     -236.5 |     35 | zero
     1630 |      15 |    1408 |       96 |      0 |    74 |    +3.6% |  -10.323 |     -236.3 |     35 | zero
     1640 |      15 |    1416 |       97 |      0 |    75 |    +3.7% |  -10.323 |     -236.2 |     35 | zero
     1650 |      15 |    1426 |       97 |      0 |    75 |    +3.8% |  -10.323 |     -236.1 |     35 | zero
     1655 |      15 |    1390 |       90 |      0 |    72 |    +3.5% |  -10.323 |     -236.3 |     35 | zero
     1660 |      15 |    1394 |       90 |      0 |    72 |    +3.5% |  -10.323 |     -235.8 |     35 | zero
     1670 |      15 |    1402 |       91 |      0 |    73 |    +3.5% |  -10.323 |     -235.5 |     35 | zero
     1680 |      15 |    1408 |       96 |      0 |    73 |    +3.6% |  -10.323 |     -235.9 |     35 | zero
     1690 |      15 |    1415 |       99 |      0 |    73 |    +3.7% |  -10.323 |     -236.0 |     35 | zero
     1700 |      15 |    1425 |       99 |      0 |    73 |    +3.7% |  -10.323 |     -235.6 |     35 | zero
     1710 |      15 |    1434 |      100 |      0 |    73 |    +3.8% |  -10.323 |     -235.4 |     35 | zero
     1718 |      15 |    1402 |       90 |      0 |    72 |    +3.5% |  -10.323 |     -235.4 |     35 | zero
     1720 |      15 |    1403 |       90 |      0 |    72 |    +3.5% |  -10.323 |     -235.3 |     35 | zero
     1730 |      15 |    1413 |       90 |      0 |    72 |    +3.6% |  -10.323 |     -234.8 |     35 | zero
     1740 |      15 |    1417 |       93 |      0 |    75 |    +3.7% |  -10.323 |     -235.5 |     35 | zero
     1750 |      15 |    1422 |       99 |      0 |    75 |    +3.8% |  -10.323 |     -236.1 |     35 | zero
     1760 |      15 |    1429 |      102 |      0 |    75 |    +3.9% |  -10.323 |     -235.9 |     35 | zero
     1770 |      15 |    1438 |      103 |      0 |    75 |    +4.0% |  -10.323 |     -235.6 |     35 | zero
     1780 |      15 |    1445 |      106 |      0 |    75 |    +4.1% |  -10.323 |     -235.5 |     35 | zero
     1781 |      15 |    1414 |       90 |      0 |    72 |    +3.6% |  -10.323 |     -234.9 |     35 | zero
     1790 |      15 |    1422 |       90 |      0 |    72 |    +3.6% |  -10.323 |     -234.4 |     35 | zero
     1800 |      15 |    1427 |       94 |      0 |    73 |    +3.7% |  -10.323 |     -235.4 |     35 | zero
     1810 |      15 |    1433 |       99 |      0 |    73 |    +3.8% |  -10.323 |     -235.7 |     35 | zero
     1820 |      15 |    1440 |      102 |      0 |    73 |    +4.0% |  -10.323 |     -235.6 |     35 | zero
     1830 |      15 |    1449 |      103 |      0 |    73 |    +4.0% |  -10.323 |     -235.2 |     35 | zero
     1840 |      15 |    1456 |      106 |      0 |    73 |    +4.2% |  -10.323 |     -235.0 |     35 | zero
     1841 |      15 |    1423 |       90 |      0 |    72 |    +3.6% |  -10.323 |     -234.4 |     35 | zero
     1850 |      15 |    1431 |       90 |      0 |    72 |    +3.6% |  -10.323 |     -233.7 |     35 | zero
     1860 |      15 |    1441 |       90 |      0 |    72 |    +3.6% |  -10.322 |     -233.2 |     35 | zero
     1870 |      15 |    1447 |       92 |      0 |    74 |    +3.7% |  -10.327 |     -233.1 |     35 | zero
     1880 |      15 |    1454 |       94 |      0 |    75 |    +3.8% |  -10.327 |     -232.3 |     35 | zero
     1890 |      15 |    1459 |       97 |      0 |    77 |    +3.9% |  -10.327 |     -232.2 |     35 | zero
     1900 |      15 |    1467 |       98 |      0 |    78 |    +4.0% |  -10.327 |     -232.1 |     35 | zero
     1906 |      15 |    1437 |       90 |      0 |    72 |    +3.6% |  -10.314 |     -233.3 |     35 | zero
     1910 |      15 |    1440 |       90 |      0 |    72 |    +3.6% |  -10.314 |     -233.0 |     35 | zero
     1920 |      15 |    1448 |       92 |      0 |    72 |    +3.7% |  -10.314 |     -232.8 |     35 | zero
     1930 |      15 |    1454 |       96 |      0 |    73 |    +3.8% |  -10.314 |     -233.0 |     35 | zero
     1940 |      15 |    1461 |       99 |      0 |    73 |    +3.9% |  -10.314 |     -232.8 |     35 | zero
     1950 |      15 |    1470 |      100 |      0 |    73 |    +4.0% |  -10.314 |     -232.5 |     35 | zero
     1960 |      15 |    1475 |      104 |      0 |    74 |    +4.1% |  -10.314 |     -233.0 |     35 | zero
     1970 |      15 |    1482 |      107 |      0 |    74 |    +4.2% |  -10.314 |     -233.0 |     35 | zero
     1974 |      15 |    1451 |       92 |      0 |    73 |    +3.7% |  -10.314 |     -232.8 |     35 | zero
     1980 |      15 |    1456 |       92 |      0 |    73 |    +3.7% |  -10.314 |     -232.4 |     35 | zero
     1990 |      15 |    1463 |       93 |      0 |    75 |    +3.7% |  -10.314 |     -232.3 |     35 | zero
     2000 |      15 |    1470 |       96 |      0 |    76 |    +3.9% |  -10.314 |     -232.4 |     35 | zero
     2000 |      15 |    1466 |       93 |      0 |    76 |    +3.8% |  -10.314 |     -232.3 |     35 | zero
     2010 |      15 |    1475 |       93 |      0 |    76 |    +3.8% |  -10.314 |     -231.7 |     35 | zero
     2020 |      15 |    1482 |       95 |      0 |    77 |    +3.9% |  -10.322 |     -231.7 |     35 | zero
     2030 |      15 |    1487 |       99 |      0 |    78 |    +4.0% |  -10.322 |     -232.3 |     35 | zero
     2040 |      15 |    1493 |      104 |      0 |    78 |    +4.2% |  -10.322 |     -232.0 |     35 | zero
     2050 |      15 |    1502 |      105 |      0 |    78 |    +4.2% |  -10.322 |     -231.7 |     35 | zero
     2060 |      15 |    1509 |      108 |      0 |    78 |    +4.3% |  -10.322 |     -231.7 |     35 | zero
     2062 |      15 |    1476 |       94 |      0 |    76 |    +3.8% |  -10.314 |     -231.7 |     35 | zero
     2070 |      15 |    1483 |       94 |      0 |    76 |    +3.8% |  -10.314 |     -231.2 |     35 | zero
     2080 |      15 |    1490 |       96 |      0 |    77 |    +3.9% |  -10.314 |     -231.5 |     35 | zero
     2090 |      15 |    1494 |      101 |      0 |    78 |    +4.1% |  -10.314 |     -232.5 |     35 | zero
     2100 |      15 |    1501 |      105 |      0 |    78 |    +4.2% |  -10.314 |     -233.0 |     35 | zero
     2100 |      15 |    1486 |       94 |      0 |    77 |    +3.9% |  -10.314 |     -231.1 |     35 | zero
    2100* |      15 |    1486 |       94 |      0 |    77 |    +3.9% |  -10.314 |     -231.1 |     35 | zero
    2110* |      15 |    1495 |       94 |      0 |    77 |    +3.9% |  -10.168 |     -230.2 |     35 | zero
    2110* |      15 |    1496 |       94 |      0 |    77 |    +3.9% |  -10.166 |     -230.0 |     35 | zero
    2111* |      15 |    1496 |       94 |      0 |    77 |    +3.9% |  -10.166 |     -230.0 |     35 | zero
    2113* |      15 |    1497 |       94 |      0 |    77 |    +3.9% |  -10.166 |     -229.9 |     35 | zero
    2115* |      15 |    1498 |       94 |      0 |    77 |    +3.9% |  -10.166 |     -229.9 |     35 | zero
    2117* |      15 |    1499 |       94 |      0 |    77 |    +3.9% |  -10.166 |     -229.9 |     35 | zero
    2119* |      15 |    1500 |       94 |      0 |    77 |    +3.9% |  -10.166 |     -229.7 |     35 | zero
    2120* |      15 |    1500 |       94 |      0 |    77 |    +3.9% |  -10.166 |     -229.7 |     35 | zero
    2123* |      15 |    1503 |       94 |      0 |    77 |    +4.0% |  -10.166 |     -229.7 |     35 | zero
    2124* |      15 |    1503 |       94 |      0 |    77 |    +4.0% |  -10.166 |     -229.7 |     35 | zero
    2125* |      15 |    1503 |       94 |      0 |    77 |    +4.0% |  -10.166 |     -229.7 |     35 | zero
    2127* |      15 |    1504 |       94 |      0 |    77 |    +4.0% |  -10.166 |     -229.5 |     35 | zero
    2128* |      15 |    1504 |       94 |      0 |    77 |    +4.0% |  -10.166 |     -229.5 |     35 | zero
    2130* |      15 |    1505 |       94 |      0 |    77 |    +4.0% |  -10.166 |     -229.3 |     35 | zero
    2130* |      15 |    1505 |       94 |      0 |    77 |    +4.0% |  -10.166 |     -229.3 |     35 | zero
    2131* |      15 |    1505 |       94 |      0 |    77 |    +4.0% |  -10.166 |     -229.3 |     35 | zero
    2136* |      15 |    1509 |       94 |      0 |    77 |    +4.0% |  -10.166 |     -228.8 |     35 | zero
    2140* |      15 |    1512 |       94 |      0 |    77 |    +4.0% |  -10.166 |     -228.6 |     35 | zero
    2141* |      15 |    1513 |       94 |      0 |    77 |    +4.0% |  -10.166 |     -228.4 |     35 | zero
    2143* |      15 |    1514 |       94 |      0 |    77 |    +4.0% |  -10.166 |     -228.2 |     35 | zero
    2145* |      15 |    1515 |       94 |      0 |    77 |    +4.0% |  -10.166 |     -228.0 |     35 | zero
    2150* |      15 |    1519 |       94 |      0 |    77 |    +4.0% |  -10.166 |     -227.6 |     35 | zero
    2153* |      15 |    1522 |       94 |      0 |    77 |    +4.0% |  -10.166 |     -227.5 |     35 | zero
    2156* |      15 |    1524 |       94 |      0 |    77 |    +4.0% |  -10.166 |     -227.2 |     35 | zero
    2160* |      15 |    1527 |       94 |      0 |    77 |    +4.0% |  -10.165 |     -227.0 |     35 | zero
    2160* |      15 |    1527 |       94 |      0 |    77 |    +4.0% |  -10.165 |     -227.0 |     35 | zero
    2165* |      15 |    1531 |       94 |      0 |    77 |    +4.0% |  -10.165 |     -226.5 |     35 | zero
    2170* |      15 |    1535 |       94 |      0 |    77 |    +4.0% |  -10.165 |     -226.1 |     35 | zero
    2170* |      15 |    1535 |       94 |      0 |    77 |    +4.0% |  -10.165 |     -226.1 |     35 | zero
    2172* |      15 |    1536 |       94 |      0 |    77 |    +4.0% |  -10.165 |     -225.9 |     35 | zero
    2177* |      15 |    1540 |       94 |      0 |    77 |    +4.0% |  -10.165 |     -225.5 |     35 | zero
    2179* |      15 |    1541 |       94 |      0 |    77 |    +4.0% |  -10.165 |     -225.3 |     35 | zero
    2180* |      15 |    1541 |       94 |      0 |    77 |    +4.0% |  -10.165 |     -225.3 |     35 | zero
    2184* |      15 |    1545 |       94 |      0 |    77 |    +4.0% |  -10.165 |     -224.9 |     35 | zero
    2189* |      15 |    1549 |       94 |      0 |    77 |    +4.0% |  -10.165 |     -224.4 |     35 | zero
    2190* |      15 |    1549 |       94 |      0 |    77 |    +4.0% |  -10.165 |     -224.4 |     35 | zero
    2194* |      15 |    1553 |       94 |      0 |    77 |    +3.9% |  -10.165 |     -224.0 |     35 | zero
    2200* |      15 |    1558 |       94 |      0 |    77 |    +3.9% |  -10.165 |     -222.4 |     35 | zero
    2205* |      15 |    1562 |       94 |      0 |    77 |    +3.9% |  -10.165 |     -222.0 |     35 | zero
    2207* |      15 |    1563 |       94 |      0 |    77 |    +3.9% |  -10.165 |     -221.9 |     35 | zero
    2210* |      15 |    1565 |       94 |      0 |    77 |    +3.9% |  -10.165 |     -221.9 |     35 | zero
    2213* |      15 |    1567 |       94 |      0 |    78 |    +3.9% |  -10.165 |     -221.5 |     35 | zero
    2218* |      15 |    1571 |       94 |      0 |    78 |    +3.9% |  -10.165 |     -221.1 |     35 | zero
    2219* |      15 |    1571 |       94 |      0 |    78 |    +3.9% |  -10.165 |     -221.1 |     35 | zero
    2220* |      15 |    1571 |       94 |      0 |    78 |    +3.9% |  -10.165 |     -221.1 |     35 | zero
    2220* |      15 |    1571 |       94 |      0 |    78 |    +3.9% |  -10.165 |     -221.1 |     35 | zero
    final |      15 |    1571 |       94 |      0 |    78 |    +3.9% |  -10.165 |     -221.1 |     35 | zero
--------------------------------------------------------------------------------------------------------------
[INFO RSZ-0059] Removed 15 buffers.
[INFO RSZ-0040] Inserted 94 buffers.
[INFO RSZ-0051] Resized 1571 instances: 1571 up, 0 up match, 0 down, 0 VT
[INFO RSZ-0043] Swapped pins on 78 instances.
[WARNING RSZ-0062] Unable to repair all setup violations.
+ repair_timing -verbose -hold -setup_margin 0.05000000000000000277555756156289135105907917022705078125 -hold_margin 0.1000000000000000055511151231257827021181583404541015625 -max_buffer_percent 50
[INFO RSZ-0033] No hold violations found.
+ detailed_placement -max_displacement  500 100 
Placement Analysis
---------------------------------
total displacement       1702.9 u
average displacement        0.3 u
max displacement           15.6 u
original HPWL          141948.2 u
legalized HPWL         146356.3 u
delta HPWL                    3 %

[INFO DPL-0020] Mirrored 1771 instances
[INFO DPL-0021] HPWL before          146356.3 u
[INFO DPL-0022] HPWL after           142985.7 u
[INFO DPL-0023] HPWL delta               -2.3 %
Setting global connections for newly added cells…
[INFO] Setting global connections...
[INFO ODB-0403] 376 connections made, 0 conflicts skipped.
Updating metrics…
Cell type report:                       Count       Area
  Fill cell                               202     758.23
  Tap cell                               1081    1352.55
  Timing Repair Buffer                    752    6359.85
  Inverter                                 73     274.01
  Multi-Input combinational cell         3445   35418.97
  Total                                  5553   44163.61
Writing OpenROAD database to '/foss/designs/alu32_openlane/runs/RUN_2026-05-28_05-26-24/37-openroad-resizertimingpostcts/alu32.odb'…
Writing netlist to '/foss/designs/alu32_openlane/runs/RUN_2026-05-28_05-26-24/37-openroad-resizertimingpostcts/alu32.nl.v'…
Writing powered netlist to '/foss/designs/alu32_openlane/runs/RUN_2026-05-28_05-26-24/37-openroad-resizertimingpostcts/alu32.pnl.v'…
Writing layout to '/foss/designs/alu32_openlane/runs/RUN_2026-05-28_05-26-24/37-openroad-resizertimingpostcts/alu32.def'…
Writing timing constraints to '/foss/designs/alu32_openlane/runs/RUN_2026-05-28_05-26-24/37-openroad-resizertimingpostcts/alu32.sdc'…
