
===========================================================================
report_checks -unconstrained
===========================================================================
======================= nom_tt_025C_1v80 Corner ===================================

Startpoint: B[7] (input port clocked by __VIRTUAL_CLK__)
Endpoint: zero (output port clocked by __VIRTUAL_CLK__)
Path Group: __VIRTUAL_CLK__
Path Type: max

Fanout         Cap        Slew       Delay        Time   Description
---------------------------------------------------------------------------------------------
                      0.000000    0.000000    0.000000   clock __VIRTUAL_CLK__ (rise edge)
                                  0.000000    0.000000   clock network delay (ideal)
                                  2.000000    2.000000 v input external delay
     1    0.002859    0.008769    0.004512    2.004512 v B[7] (in)
                                                         B[7] (net)
                      0.008769    0.000000    2.004512 v input62/A (sky130_fd_sc_hd__clkdlybuf4s25_1)
     2    0.021990    0.168914    0.334464    2.338976 v input62/X (sky130_fd_sc_hd__clkdlybuf4s25_1)
                                                         net62 (net)
                      0.168914    0.000266    2.339241 v fanout228/A (sky130_fd_sc_hd__clkdlybuf4s25_1)
     3    0.012326    0.102305    0.347304    2.686546 v fanout228/X (sky130_fd_sc_hd__clkdlybuf4s25_1)
                                                         net228 (net)
                      0.102305    0.000060    2.686605 v load_slew229/A (sky130_fd_sc_hd__buf_2)
     7    0.028833    0.077807    0.195931    2.882536 v load_slew229/X (sky130_fd_sc_hd__buf_2)
                                                         net229 (net)
                      0.077815    0.000820    2.883357 v fanout227/A (sky130_fd_sc_hd__clkdlybuf4s25_1)
     7    0.035836    0.266462    0.436294    3.319650 v fanout227/X (sky130_fd_sc_hd__clkdlybuf4s25_1)
                                                         net227 (net)
                      0.266462    0.000100    3.319751 v fanout226/A (sky130_fd_sc_hd__clkdlybuf4s25_1)
     8    0.033805    0.251892    0.494853    3.814604 v fanout226/X (sky130_fd_sc_hd__clkdlybuf4s25_1)
                                                         net226 (net)
                      0.251892    0.000521    3.815125 v fanout225/A (sky130_fd_sc_hd__clkdlybuf4s25_1)
    10    0.036027    0.267660    0.501504    4.316629 v fanout225/X (sky130_fd_sc_hd__clkdlybuf4s25_1)
                                                         net225 (net)
                      0.267660    0.000814    4.317443 v _4964_/C (sky130_fd_sc_hd__and4_2)
     3    0.008537    0.053230    0.340941    4.658384 v _4964_/X (sky130_fd_sc_hd__and4_2)
                                                         _0640_ (net)
                      0.053230    0.000011    4.658396 v _4967_/A (sky130_fd_sc_hd__or3_2)
     3    0.012344    0.111690    0.523480    5.181876 v _4967_/X (sky130_fd_sc_hd__or3_2)
                                                         _0643_ (net)
                      0.111690    0.000031    5.181907 v _4968_/B (sky130_fd_sc_hd__nand2b_2)
     2    0.008384    0.069123    0.107547    5.289454 ^ _4968_/Y (sky130_fd_sc_hd__nand2b_2)
                                                         _0644_ (net)
                      0.069123    0.000041    5.289495 ^ _4970_/B (sky130_fd_sc_hd__nand3_2)
     5    0.018828    0.126522    0.132903    5.422397 v _4970_/Y (sky130_fd_sc_hd__nand3_2)
                                                         _0647_ (net)
                      0.126522    0.000035    5.422432 v _5044_/A (sky130_fd_sc_hd__and3_2)
     2    0.007010    0.047704    0.218593    5.641026 v _5044_/X (sky130_fd_sc_hd__and3_2)
                                                         _0728_ (net)
                      0.047704    0.000019    5.641044 v _5061_/C1 (sky130_fd_sc_hd__a211o_2)
     5    0.019353    0.087929    0.320806    5.961850 v _5061_/X (sky130_fd_sc_hd__a211o_2)
                                                         _0747_ (net)
                      0.087929    0.000182    5.962032 v _5063_/A2 (sky130_fd_sc_hd__a211o_2)
     4    0.016259    0.081218    0.389845    6.351877 v _5063_/X (sky130_fd_sc_hd__a211o_2)
                                                         _0749_ (net)
                      0.081218    0.000086    6.351963 v _5081_/A (sky130_fd_sc_hd__and3_2)
     3    0.011383    0.058754    0.212576    6.564539 v _5081_/X (sky130_fd_sc_hd__and3_2)
                                                         _0769_ (net)
                      0.058754    0.000032    6.564570 v _5166_/A (sky130_fd_sc_hd__or3_2)
     4    0.014606    0.113930    0.533465    7.098035 v _5166_/X (sky130_fd_sc_hd__or3_2)
                                                         _0862_ (net)
                      0.113930    0.000012    7.098047 v _5169_/A1 (sky130_fd_sc_hd__a211o_2)
     2    0.006827    0.058141    0.329873    7.427920 v _5169_/X (sky130_fd_sc_hd__a211o_2)
                                                         _0866_ (net)
                      0.058141    0.000020    7.427939 v _5170_/C (sky130_fd_sc_hd__and3_2)
     5    0.016393    0.067946    0.250730    7.678669 v _5170_/X (sky130_fd_sc_hd__and3_2)
                                                         _0867_ (net)
                      0.067946    0.000026    7.678695 v _5251_/A1 (sky130_fd_sc_hd__o21ba_2)
     2    0.006828    0.045717    0.227642    7.906337 v _5251_/X (sky130_fd_sc_hd__o21ba_2)
                                                         _0956_ (net)
                      0.045717    0.000012    7.906350 v _5252_/C1 (sky130_fd_sc_hd__a211o_2)
     5    0.019933    0.089234    0.321916    8.228266 v _5252_/X (sky130_fd_sc_hd__a211o_2)
                                                         _0957_ (net)
                      0.089234    0.000124    8.228390 v _5836_/C1 (sky130_fd_sc_hd__o211a_2)
     2    0.007034    0.052746    0.143991    8.372380 v _5836_/X (sky130_fd_sc_hd__o211a_2)
                                                         _1599_ (net)
                      0.052746    0.000015    8.372396 v _5840_/A (sky130_fd_sc_hd__or3_2)
     4    0.014299    0.116788    0.530449    8.902844 v _5840_/X (sky130_fd_sc_hd__or3_2)
                                                         _1604_ (net)
                      0.116788    0.000030    8.902874 v _5853_/B1 (sky130_fd_sc_hd__o211ai_2)
     5    0.018239    0.263969    0.150900    9.053774 ^ _5853_/Y (sky130_fd_sc_hd__o211ai_2)
                                                         _1618_ (net)
                      0.263969    0.000226    9.054000 ^ _5856_/C_N (sky130_fd_sc_hd__or4bb_2)
     2    0.006135    0.107260    0.658068    9.712068 v _5856_/X (sky130_fd_sc_hd__or4bb_2)
                                                         _1621_ (net)
                      0.107260    0.000023    9.712090 v _5872_/B1 (sky130_fd_sc_hd__a2111o_2)
     3    0.013987    0.094278    0.505998   10.218089 v _5872_/X (sky130_fd_sc_hd__a2111o_2)
                                                         _1639_ (net)
                      0.094278    0.000247   10.218336 v _5877_/A1 (sky130_fd_sc_hd__a2111o_2)
     3    0.012224    0.089688    0.471655   10.689991 v _5877_/X (sky130_fd_sc_hd__a2111o_2)
                                                         _1644_ (net)
                      0.089688    0.000123   10.690114 v _5917_/A2 (sky130_fd_sc_hd__a21o_2)
     4    0.013374    0.058547    0.256072   10.946186 v _5917_/X (sky130_fd_sc_hd__a21o_2)
                                                         _1688_ (net)
                      0.058547    0.000086   10.946272 v _5935_/A1 (sky130_fd_sc_hd__a22o_2)
     1    0.008521    0.053573    0.255322   11.201593 v _5935_/X (sky130_fd_sc_hd__a22o_2)
                                                         _1708_ (net)
                      0.053573    0.000037   11.201631 v _6935_/B (sky130_fd_sc_hd__xor2_2)
     1    0.013306    0.088573    0.166401   11.368032 v _6935_/X (sky130_fd_sc_hd__xor2_2)
                                                         _2779_ (net)
                      0.088575    0.000592   11.368624 v _6948_/B1 (sky130_fd_sc_hd__a2bb2o_2)
     1    0.002739    0.042474    0.266791   11.635415 v _6948_/X (sky130_fd_sc_hd__a2bb2o_2)
                                                         _2793_ (net)
                      0.042474    0.000012   11.635427 v _6949_/B (sky130_fd_sc_hd__or3b_2)
     2    0.005663    0.086440    0.450336   12.085763 v _6949_/X (sky130_fd_sc_hd__or3b_2)
                                                         net91 (net)
                      0.086440    0.000056   12.085819 v _6994_/A (sky130_fd_sc_hd__or4b_2)
     1    0.004138    0.107118    0.680669   12.766488 v _6994_/X (sky130_fd_sc_hd__or4b_2)
                                                         _2841_ (net)
                      0.107118    0.000005   12.766493 v _6995_/D (sky130_fd_sc_hd__nor4_2)
     1    0.002622    0.182203    0.141449   12.907942 ^ _6995_/Y (sky130_fd_sc_hd__nor4_2)
                                                         net103 (net)
                      0.182203    0.000004   12.907946 ^ output103/A (sky130_fd_sc_hd__clkdlybuf4s25_1)
     1    0.035334    0.356810    0.507950   13.415895 ^ output103/X (sky130_fd_sc_hd__clkdlybuf4s25_1)
                                                         zero (net)
                      0.356810    0.000409   13.416304 ^ zero (out)
                                             13.416304   data arrival time

                      0.000000   10.000000   10.000000   clock __VIRTUAL_CLK__ (rise edge)
                                  0.000000   10.000000   clock network delay (ideal)
                                 -0.250000    9.750000   clock uncertainty
                                  0.000000    9.750000   clock reconvergence pessimism
                                 -2.000000    7.750000   output external delay
                                              7.750000   data required time
---------------------------------------------------------------------------------------------
                                              7.750000   data required time
                                            -13.416304   data arrival time
---------------------------------------------------------------------------------------------
                                             -5.666304   slack (VIOLATED)




===========================================================================
report_checks --slack_max -0.01
============================================================================
======================= nom_tt_025C_1v80 Corner ===================================

Startpoint: B[7] (input port clocked by __VIRTUAL_CLK__)
Endpoint: zero (output port clocked by __VIRTUAL_CLK__)
Path Group: __VIRTUAL_CLK__
Path Type: max

Fanout         Cap        Slew       Delay        Time   Description
---------------------------------------------------------------------------------------------
                      0.000000    0.000000    0.000000   clock __VIRTUAL_CLK__ (rise edge)
                                  0.000000    0.000000   clock network delay (ideal)
                                  2.000000    2.000000 v input external delay
     1    0.002859    0.008769    0.004512    2.004512 v B[7] (in)
                                                         B[7] (net)
                      0.008769    0.000000    2.004512 v input62/A (sky130_fd_sc_hd__clkdlybuf4s25_1)
     2    0.021990    0.168914    0.334464    2.338976 v input62/X (sky130_fd_sc_hd__clkdlybuf4s25_1)
                                                         net62 (net)
                      0.168914    0.000266    2.339241 v fanout228/A (sky130_fd_sc_hd__clkdlybuf4s25_1)
     3    0.012326    0.102305    0.347304    2.686546 v fanout228/X (sky130_fd_sc_hd__clkdlybuf4s25_1)
                                                         net228 (net)
                      0.102305    0.000060    2.686605 v load_slew229/A (sky130_fd_sc_hd__buf_2)
     7    0.028833    0.077807    0.195931    2.882536 v load_slew229/X (sky130_fd_sc_hd__buf_2)
                                                         net229 (net)
                      0.077815    0.000820    2.883357 v fanout227/A (sky130_fd_sc_hd__clkdlybuf4s25_1)
     7    0.035836    0.266462    0.436294    3.319650 v fanout227/X (sky130_fd_sc_hd__clkdlybuf4s25_1)
                                                         net227 (net)
                      0.266462    0.000100    3.319751 v fanout226/A (sky130_fd_sc_hd__clkdlybuf4s25_1)
     8    0.033805    0.251892    0.494853    3.814604 v fanout226/X (sky130_fd_sc_hd__clkdlybuf4s25_1)
                                                         net226 (net)
                      0.251892    0.000521    3.815125 v fanout225/A (sky130_fd_sc_hd__clkdlybuf4s25_1)
    10    0.036027    0.267660    0.501504    4.316629 v fanout225/X (sky130_fd_sc_hd__clkdlybuf4s25_1)
                                                         net225 (net)
                      0.267660    0.000814    4.317443 v _4964_/C (sky130_fd_sc_hd__and4_2)
     3    0.008537    0.053230    0.340941    4.658384 v _4964_/X (sky130_fd_sc_hd__and4_2)
                                                         _0640_ (net)
                      0.053230    0.000011    4.658396 v _4967_/A (sky130_fd_sc_hd__or3_2)
     3    0.012344    0.111690    0.523480    5.181876 v _4967_/X (sky130_fd_sc_hd__or3_2)
                                                         _0643_ (net)
                      0.111690    0.000031    5.181907 v _4968_/B (sky130_fd_sc_hd__nand2b_2)
     2    0.008384    0.069123    0.107547    5.289454 ^ _4968_/Y (sky130_fd_sc_hd__nand2b_2)
                                                         _0644_ (net)
                      0.069123    0.000041    5.289495 ^ _4970_/B (sky130_fd_sc_hd__nand3_2)
     5    0.018828    0.126522    0.132903    5.422397 v _4970_/Y (sky130_fd_sc_hd__nand3_2)
                                                         _0647_ (net)
                      0.126522    0.000035    5.422432 v _5044_/A (sky130_fd_sc_hd__and3_2)
     2    0.007010    0.047704    0.218593    5.641026 v _5044_/X (sky130_fd_sc_hd__and3_2)
                                                         _0728_ (net)
                      0.047704    0.000019    5.641044 v _5061_/C1 (sky130_fd_sc_hd__a211o_2)
     5    0.019353    0.087929    0.320806    5.961850 v _5061_/X (sky130_fd_sc_hd__a211o_2)
                                                         _0747_ (net)
                      0.087929    0.000182    5.962032 v _5063_/A2 (sky130_fd_sc_hd__a211o_2)
     4    0.016259    0.081218    0.389845    6.351877 v _5063_/X (sky130_fd_sc_hd__a211o_2)
                                                         _0749_ (net)
                      0.081218    0.000086    6.351963 v _5081_/A (sky130_fd_sc_hd__and3_2)
     3    0.011383    0.058754    0.212576    6.564539 v _5081_/X (sky130_fd_sc_hd__and3_2)
                                                         _0769_ (net)
                      0.058754    0.000032    6.564570 v _5166_/A (sky130_fd_sc_hd__or3_2)
     4    0.014606    0.113930    0.533465    7.098035 v _5166_/X (sky130_fd_sc_hd__or3_2)
                                                         _0862_ (net)
                      0.113930    0.000012    7.098047 v _5169_/A1 (sky130_fd_sc_hd__a211o_2)
     2    0.006827    0.058141    0.329873    7.427920 v _5169_/X (sky130_fd_sc_hd__a211o_2)
                                                         _0866_ (net)
                      0.058141    0.000020    7.427939 v _5170_/C (sky130_fd_sc_hd__and3_2)
     5    0.016393    0.067946    0.250730    7.678669 v _5170_/X (sky130_fd_sc_hd__and3_2)
                                                         _0867_ (net)
                      0.067946    0.000026    7.678695 v _5251_/A1 (sky130_fd_sc_hd__o21ba_2)
     2    0.006828    0.045717    0.227642    7.906337 v _5251_/X (sky130_fd_sc_hd__o21ba_2)
                                                         _0956_ (net)
                      0.045717    0.000012    7.906350 v _5252_/C1 (sky130_fd_sc_hd__a211o_2)
     5    0.019933    0.089234    0.321916    8.228266 v _5252_/X (sky130_fd_sc_hd__a211o_2)
                                                         _0957_ (net)
                      0.089234    0.000124    8.228390 v _5836_/C1 (sky130_fd_sc_hd__o211a_2)
     2    0.007034    0.052746    0.143991    8.372380 v _5836_/X (sky130_fd_sc_hd__o211a_2)
                                                         _1599_ (net)
                      0.052746    0.000015    8.372396 v _5840_/A (sky130_fd_sc_hd__or3_2)
     4    0.014299    0.116788    0.530449    8.902844 v _5840_/X (sky130_fd_sc_hd__or3_2)
                                                         _1604_ (net)
                      0.116788    0.000030    8.902874 v _5853_/B1 (sky130_fd_sc_hd__o211ai_2)
     5    0.018239    0.263969    0.150900    9.053774 ^ _5853_/Y (sky130_fd_sc_hd__o211ai_2)
                                                         _1618_ (net)
                      0.263969    0.000226    9.054000 ^ _5856_/C_N (sky130_fd_sc_hd__or4bb_2)
     2    0.006135    0.107260    0.658068    9.712068 v _5856_/X (sky130_fd_sc_hd__or4bb_2)
                                                         _1621_ (net)
                      0.107260    0.000023    9.712090 v _5872_/B1 (sky130_fd_sc_hd__a2111o_2)
     3    0.013987    0.094278    0.505998   10.218089 v _5872_/X (sky130_fd_sc_hd__a2111o_2)
                                                         _1639_ (net)
                      0.094278    0.000247   10.218336 v _5877_/A1 (sky130_fd_sc_hd__a2111o_2)
     3    0.012224    0.089688    0.471655   10.689991 v _5877_/X (sky130_fd_sc_hd__a2111o_2)
                                                         _1644_ (net)
                      0.089688    0.000123   10.690114 v _5917_/A2 (sky130_fd_sc_hd__a21o_2)
     4    0.013374    0.058547    0.256072   10.946186 v _5917_/X (sky130_fd_sc_hd__a21o_2)
                                                         _1688_ (net)
                      0.058547    0.000086   10.946272 v _5935_/A1 (sky130_fd_sc_hd__a22o_2)
     1    0.008521    0.053573    0.255322   11.201593 v _5935_/X (sky130_fd_sc_hd__a22o_2)
                                                         _1708_ (net)
                      0.053573    0.000037   11.201631 v _6935_/B (sky130_fd_sc_hd__xor2_2)
     1    0.013306    0.088573    0.166401   11.368032 v _6935_/X (sky130_fd_sc_hd__xor2_2)
                                                         _2779_ (net)
                      0.088575    0.000592   11.368624 v _6948_/B1 (sky130_fd_sc_hd__a2bb2o_2)
     1    0.002739    0.042474    0.266791   11.635415 v _6948_/X (sky130_fd_sc_hd__a2bb2o_2)
                                                         _2793_ (net)
                      0.042474    0.000012   11.635427 v _6949_/B (sky130_fd_sc_hd__or3b_2)
     2    0.005663    0.086440    0.450336   12.085763 v _6949_/X (sky130_fd_sc_hd__or3b_2)
                                                         net91 (net)
                      0.086440    0.000056   12.085819 v _6994_/A (sky130_fd_sc_hd__or4b_2)
     1    0.004138    0.107118    0.680669   12.766488 v _6994_/X (sky130_fd_sc_hd__or4b_2)
                                                         _2841_ (net)
                      0.107118    0.000005   12.766493 v _6995_/D (sky130_fd_sc_hd__nor4_2)
     1    0.002622    0.182203    0.141449   12.907942 ^ _6995_/Y (sky130_fd_sc_hd__nor4_2)
                                                         net103 (net)
                      0.182203    0.000004   12.907946 ^ output103/A (sky130_fd_sc_hd__clkdlybuf4s25_1)
     1    0.035334    0.356810    0.507950   13.415895 ^ output103/X (sky130_fd_sc_hd__clkdlybuf4s25_1)
                                                         zero (net)
                      0.356810    0.000409   13.416304 ^ zero (out)
                                             13.416304   data arrival time

                      0.000000   10.000000   10.000000   clock __VIRTUAL_CLK__ (rise edge)
                                  0.000000   10.000000   clock network delay (ideal)
                                 -0.250000    9.750000   clock uncertainty
                                  0.000000    9.750000   clock reconvergence pessimism
                                 -2.000000    7.750000   output external delay
                                              7.750000   data required time
---------------------------------------------------------------------------------------------
                                              7.750000   data required time
                                            -13.416304   data arrival time
---------------------------------------------------------------------------------------------
                                             -5.666304   slack (VIOLATED)




===========================================================================
 report_check_types -max_slew -max_cap -max_fanout -violators
============================================================================
======================= nom_tt_025C_1v80 Corner ===================================



===========================================================================
report_parasitic_annotation -report_unannotated
============================================================================
Found 0 unannotated drivers.
Found 0 partially unannotated drivers.

===========================================================================
max slew violation count 0
Writing metric design__max_slew_violation__count__corner:nom_tt_025C_1v80: 0
max fanout violation count 0
Writing metric design__max_fanout_violation__count__corner:nom_tt_025C_1v80: 0
max cap violation count 0
Writing metric design__max_cap_violation__count__corner:nom_tt_025C_1v80: 0
============================================================================

===========================================================================
check_setup -verbose -unconstrained_endpoints -multiple_clock -no_clock -no_input_delay -loops -generated_clocks
===========================================================================
