
===========================================================================
report_checks -unconstrained
===========================================================================
======================= nom_tt_025C_1v80 Corner ===================================

Startpoint: B[1] (input port clocked by __VIRTUAL_CLK__)
Endpoint: zero (output port clocked by __VIRTUAL_CLK__)
Path Group: __VIRTUAL_CLK__
Path Type: max

Fanout         Cap        Slew       Delay        Time   Description
---------------------------------------------------------------------------------------------
                      0.000000    0.000000    0.000000   clock __VIRTUAL_CLK__ (rise edge)
                                  0.000000    0.000000   clock network delay (ideal)
                                  2.000000    2.000000 ^ input external delay
     1    0.009043    0.047158    0.030952    2.030952 ^ B[1] (in)
                                                         B[1] (net)
                      0.047159    0.000000    2.030952 ^ input44/A (sky130_fd_sc_hd__clkdlybuf4s25_1)
     2    0.028879    0.293574    0.423079    2.454031 ^ input44/X (sky130_fd_sc_hd__clkdlybuf4s25_1)
                                                         net44 (net)
                      0.293574    0.001141    2.455172 ^ fanout356/A (sky130_fd_sc_hd__clkdlybuf4s25_1)
     2    0.010429    0.115140    0.363106    2.818278 ^ fanout356/X (sky130_fd_sc_hd__clkdlybuf4s25_1)
                                                         net356 (net)
                      0.115140    0.000451    2.818730 ^ wire357/A (sky130_fd_sc_hd__clkbuf_4)
     6    0.067737    0.206506    0.276465    3.095195 ^ wire357/X (sky130_fd_sc_hd__clkbuf_4)
                                                         net357 (net)
                      0.206812    0.006503    3.101698 ^ fanout349/A (sky130_fd_sc_hd__clkdlybuf4s25_1)
     4    0.019711    0.204855    0.406730    3.508428 ^ fanout349/X (sky130_fd_sc_hd__clkdlybuf4s25_1)
                                                         net349 (net)
                      0.204855    0.000510    3.508939 ^ load_slew350/A (sky130_fd_sc_hd__buf_4)
     7    0.048719    0.140359    0.232980    3.741919 ^ load_slew350/X (sky130_fd_sc_hd__buf_4)
                                                         net350 (net)
                      0.140533    0.003386    3.745305 ^ _3503_/A (sky130_fd_sc_hd__inv_2)
     4    0.054488    0.127559    0.146331    3.891636 v _3503_/Y (sky130_fd_sc_hd__inv_2)
                                                         _0260_ (net)
                      0.127600    0.001936    3.893573 v fanout165/A (sky130_fd_sc_hd__clkbuf_4)
    10    0.112313    0.219158    0.323761    4.217334 v fanout165/X (sky130_fd_sc_hd__clkbuf_4)
                                                         net165 (net)
                      0.219931    0.010727    4.228062 v _5368_/B (sky130_fd_sc_hd__nor2_2)
     3    0.014322    0.183333    0.225780    4.453841 ^ _5368_/Y (sky130_fd_sc_hd__nor2_2)
                                                         _1084_ (net)
                      0.183333    0.000203    4.454044 ^ _5370_/B (sky130_fd_sc_hd__and3_2)
     2    0.008834    0.069870    0.229329    4.683372 ^ _5370_/X (sky130_fd_sc_hd__and3_2)
                                                         _1087_ (net)
                      0.069870    0.000278    4.683650 ^ _5397_/A (sky130_fd_sc_hd__nor2_2)
     1    0.008621    0.044420    0.052897    4.736547 v _5397_/Y (sky130_fd_sc_hd__nor2_2)
                                                         _1116_ (net)
                      0.044421    0.000260    4.736807 v _5410_/B (sky130_fd_sc_hd__xnor2_2)
     2    0.014102    0.092361    0.156737    4.893544 v _5410_/Y (sky130_fd_sc_hd__xnor2_2)
                                                         _1131_ (net)
                      0.092361    0.000368    4.893912 v _5412_/A (sky130_fd_sc_hd__xnor2_2)
     2    0.012399    0.203581    0.233022    5.126935 ^ _5412_/Y (sky130_fd_sc_hd__xnor2_2)
                                                         _1133_ (net)
                      0.203581    0.000715    5.127650 ^ rebuffer711/A (sky130_fd_sc_hd__buf_2)
     2    0.007736    0.050177    0.159586    5.287236 ^ rebuffer711/X (sky130_fd_sc_hd__buf_2)
                                                         net711 (net)
                      0.050177    0.000133    5.287368 ^ rebuffer710/A (sky130_fd_sc_hd__buf_2)
     1    0.005004    0.036087    0.101381    5.388749 ^ rebuffer710/X (sky130_fd_sc_hd__buf_2)
                                                         net710 (net)
                      0.036087    0.000103    5.388852 ^ _5414_/C (sky130_fd_sc_hd__nand3_2)
     2    0.011099    0.094850    0.094677    5.483529 v _5414_/Y (sky130_fd_sc_hd__nand3_2)
                                                         _1135_ (net)
                      0.094850    0.000324    5.483853 v _5415_/A2 (sky130_fd_sc_hd__a211o_4)
     4    0.020002    0.072998    0.381893    5.865746 v _5415_/X (sky130_fd_sc_hd__a211o_4)
                                                         _1136_ (net)
                      0.072998    0.000492    5.866238 v _5417_/B (sky130_fd_sc_hd__and3_2)
     5    0.022570    0.081397    0.256890    6.123127 v _5417_/X (sky130_fd_sc_hd__and3_2)
                                                         _1138_ (net)
                      0.081399    0.000541    6.123669 v _5511_/B (sky130_fd_sc_hd__or3_4)
     2    0.011285    0.076660    0.393268    6.516936 v _5511_/X (sky130_fd_sc_hd__or3_4)
                                                         _1242_ (net)
                      0.076660    0.000361    6.517298 v _5563_/A1 (sky130_fd_sc_hd__a21oi_4)
     2    0.009734    0.122345    0.147155    6.664453 ^ _5563_/Y (sky130_fd_sc_hd__a21oi_4)
                                                         _1299_ (net)
                      0.122346    0.000318    6.664771 ^ _5564_/B1 (sky130_fd_sc_hd__a211oi_2)
     4    0.017484    0.097247    0.091437    6.756208 v _5564_/Y (sky130_fd_sc_hd__a211oi_2)
                                                         _1300_ (net)
                      0.097248    0.000560    6.756768 v max_cap110/A (sky130_fd_sc_hd__clkbuf_2)
     3    0.012165    0.054440    0.150917    6.907684 v max_cap110/X (sky130_fd_sc_hd__clkbuf_2)
                                                         net110 (net)
                      0.054442    0.000444    6.908128 v _5567_/B1 (sky130_fd_sc_hd__a211o_2)
     2    0.007585    0.060058    0.322338    7.230466 v _5567_/X (sky130_fd_sc_hd__a211o_2)
                                                         _1303_ (net)
                      0.060058    0.000163    7.230629 v _5615_/A1 (sky130_fd_sc_hd__a211o_2)
     2    0.006146    0.056526    0.306205    7.536834 v _5615_/X (sky130_fd_sc_hd__a211o_2)
                                                         _1356_ (net)
                      0.056526    0.000162    7.536995 v _5651_/A1 (sky130_fd_sc_hd__a21bo_2)
     1    0.008799    0.049390    0.210383    7.747378 v _5651_/X (sky130_fd_sc_hd__a21bo_2)
                                                         _1396_ (net)
                      0.049390    0.000277    7.747655 v _5818_/B1 (sky130_fd_sc_hd__a41oi_4)
     2    0.020359    0.250059    0.245549    7.993205 ^ _5818_/Y (sky130_fd_sc_hd__a41oi_4)
                                                         _1579_ (net)
                      0.250061    0.001396    7.994601 ^ rebuffer693/A (sky130_fd_sc_hd__buf_6)
     4    0.016029    0.046592    0.152594    8.147195 ^ rebuffer693/X (sky130_fd_sc_hd__buf_6)
                                                         net693 (net)
                      0.046594    0.000355    8.147551 ^ _5821_/A2 (sky130_fd_sc_hd__a21o_4)
     2    0.012348    0.048375    0.124655    8.272205 ^ _5821_/X (sky130_fd_sc_hd__a21o_4)
                                                         _1583_ (net)
                      0.048376    0.000264    8.272470 ^ _6739_/A (sky130_fd_sc_hd__xor2_2)
     1    0.006982    0.052916    0.070145    8.342614 v _6739_/X (sky130_fd_sc_hd__xor2_2)
                                                         _2576_ (net)
                      0.052917    0.000276    8.342890 v _6753_/A2 (sky130_fd_sc_hd__a211o_4)
     2    0.019490    0.074737    0.363888    8.706779 v _6753_/X (sky130_fd_sc_hd__a211o_4)
                                                         net78 (net)
                      0.074737    0.001126    8.707905 v _6989_/C (sky130_fd_sc_hd__or4_4)
     1    0.009532    0.093299    0.501294    9.209199 v _6989_/X (sky130_fd_sc_hd__or4_4)
                                                         _2836_ (net)
                      0.093299    0.000394    9.209594 v _6990_/C (sky130_fd_sc_hd__or3_4)
     1    0.016043    0.085725    0.373194    9.582788 v _6990_/X (sky130_fd_sc_hd__or3_4)
                                                         _2837_ (net)
                      0.085725    0.000768    9.583555 v _6991_/C (sky130_fd_sc_hd__or3_4)
     1    0.010278    0.075149    0.353237    9.936792 v _6991_/X (sky130_fd_sc_hd__or3_4)
                                                         _2838_ (net)
                      0.075149    0.000466    9.937259 v _6992_/D (sky130_fd_sc_hd__nor4_4)
     1    0.010257    0.257871    0.190035   10.127293 ^ _6992_/Y (sky130_fd_sc_hd__nor4_4)
                                                         _2839_ (net)
                      0.257872    0.000663   10.127955 ^ wire104/A (sky130_fd_sc_hd__clkbuf_2)
     1    0.026182    0.147922    0.241340   10.369296 ^ wire104/X (sky130_fd_sc_hd__clkbuf_2)
                                                         net104 (net)
                      0.147924    0.000875   10.370171 ^ _6994_/D_N (sky130_fd_sc_hd__or4b_4)
     1    0.008203    0.091153    0.489610   10.859781 v _6994_/X (sky130_fd_sc_hd__or4b_4)
                                                         _2841_ (net)
                      0.091153    0.000241   10.860022 v _6995_/D (sky130_fd_sc_hd__nor4_4)
     1    0.005695    0.206325    0.154741   11.014763 ^ _6995_/Y (sky130_fd_sc_hd__nor4_4)
                                                         net103 (net)
                      0.206325    0.000175   11.014937 ^ output103/A (sky130_fd_sc_hd__buf_6)
     1    0.036600    0.082218    0.171720   11.186657 ^ output103/X (sky130_fd_sc_hd__buf_6)
                                                         zero (net)
                      0.082251    0.001553   11.188210 ^ zero (out)
                                             11.188210   data arrival time

                      0.000000   10.000000   10.000000   clock __VIRTUAL_CLK__ (rise edge)
                                  0.000000   10.000000   clock network delay (ideal)
                                 -0.250000    9.750000   clock uncertainty
                                  0.000000    9.750000   clock reconvergence pessimism
                                 -2.000000    7.750000   output external delay
                                              7.750000   data required time
---------------------------------------------------------------------------------------------
                                              7.750000   data required time
                                            -11.188210   data arrival time
---------------------------------------------------------------------------------------------
                                             -3.438211   slack (VIOLATED)




===========================================================================
report_checks --slack_max -0.01
============================================================================
======================= nom_tt_025C_1v80 Corner ===================================

Startpoint: B[1] (input port clocked by __VIRTUAL_CLK__)
Endpoint: zero (output port clocked by __VIRTUAL_CLK__)
Path Group: __VIRTUAL_CLK__
Path Type: max

Fanout         Cap        Slew       Delay        Time   Description
---------------------------------------------------------------------------------------------
                      0.000000    0.000000    0.000000   clock __VIRTUAL_CLK__ (rise edge)
                                  0.000000    0.000000   clock network delay (ideal)
                                  2.000000    2.000000 ^ input external delay
     1    0.009043    0.047158    0.030952    2.030952 ^ B[1] (in)
                                                         B[1] (net)
                      0.047159    0.000000    2.030952 ^ input44/A (sky130_fd_sc_hd__clkdlybuf4s25_1)
     2    0.028879    0.293574    0.423079    2.454031 ^ input44/X (sky130_fd_sc_hd__clkdlybuf4s25_1)
                                                         net44 (net)
                      0.293574    0.001141    2.455172 ^ fanout356/A (sky130_fd_sc_hd__clkdlybuf4s25_1)
     2    0.010429    0.115140    0.363106    2.818278 ^ fanout356/X (sky130_fd_sc_hd__clkdlybuf4s25_1)
                                                         net356 (net)
                      0.115140    0.000451    2.818730 ^ wire357/A (sky130_fd_sc_hd__clkbuf_4)
     6    0.067737    0.206506    0.276465    3.095195 ^ wire357/X (sky130_fd_sc_hd__clkbuf_4)
                                                         net357 (net)
                      0.206812    0.006503    3.101698 ^ fanout349/A (sky130_fd_sc_hd__clkdlybuf4s25_1)
     4    0.019711    0.204855    0.406730    3.508428 ^ fanout349/X (sky130_fd_sc_hd__clkdlybuf4s25_1)
                                                         net349 (net)
                      0.204855    0.000510    3.508939 ^ load_slew350/A (sky130_fd_sc_hd__buf_4)
     7    0.048719    0.140359    0.232980    3.741919 ^ load_slew350/X (sky130_fd_sc_hd__buf_4)
                                                         net350 (net)
                      0.140533    0.003386    3.745305 ^ _3503_/A (sky130_fd_sc_hd__inv_2)
     4    0.054488    0.127559    0.146331    3.891636 v _3503_/Y (sky130_fd_sc_hd__inv_2)
                                                         _0260_ (net)
                      0.127600    0.001936    3.893573 v fanout165/A (sky130_fd_sc_hd__clkbuf_4)
    10    0.112313    0.219158    0.323761    4.217334 v fanout165/X (sky130_fd_sc_hd__clkbuf_4)
                                                         net165 (net)
                      0.219931    0.010727    4.228062 v _5368_/B (sky130_fd_sc_hd__nor2_2)
     3    0.014322    0.183333    0.225780    4.453841 ^ _5368_/Y (sky130_fd_sc_hd__nor2_2)
                                                         _1084_ (net)
                      0.183333    0.000203    4.454044 ^ _5370_/B (sky130_fd_sc_hd__and3_2)
     2    0.008834    0.069870    0.229329    4.683372 ^ _5370_/X (sky130_fd_sc_hd__and3_2)
                                                         _1087_ (net)
                      0.069870    0.000278    4.683650 ^ _5397_/A (sky130_fd_sc_hd__nor2_2)
     1    0.008621    0.044420    0.052897    4.736547 v _5397_/Y (sky130_fd_sc_hd__nor2_2)
                                                         _1116_ (net)
                      0.044421    0.000260    4.736807 v _5410_/B (sky130_fd_sc_hd__xnor2_2)
     2    0.014102    0.092361    0.156737    4.893544 v _5410_/Y (sky130_fd_sc_hd__xnor2_2)
                                                         _1131_ (net)
                      0.092361    0.000368    4.893912 v _5412_/A (sky130_fd_sc_hd__xnor2_2)
     2    0.012399    0.203581    0.233022    5.126935 ^ _5412_/Y (sky130_fd_sc_hd__xnor2_2)
                                                         _1133_ (net)
                      0.203581    0.000715    5.127650 ^ rebuffer711/A (sky130_fd_sc_hd__buf_2)
     2    0.007736    0.050177    0.159586    5.287236 ^ rebuffer711/X (sky130_fd_sc_hd__buf_2)
                                                         net711 (net)
                      0.050177    0.000133    5.287368 ^ rebuffer710/A (sky130_fd_sc_hd__buf_2)
     1    0.005004    0.036087    0.101381    5.388749 ^ rebuffer710/X (sky130_fd_sc_hd__buf_2)
                                                         net710 (net)
                      0.036087    0.000103    5.388852 ^ _5414_/C (sky130_fd_sc_hd__nand3_2)
     2    0.011099    0.094850    0.094677    5.483529 v _5414_/Y (sky130_fd_sc_hd__nand3_2)
                                                         _1135_ (net)
                      0.094850    0.000324    5.483853 v _5415_/A2 (sky130_fd_sc_hd__a211o_4)
     4    0.020002    0.072998    0.381893    5.865746 v _5415_/X (sky130_fd_sc_hd__a211o_4)
                                                         _1136_ (net)
                      0.072998    0.000492    5.866238 v _5417_/B (sky130_fd_sc_hd__and3_2)
     5    0.022570    0.081397    0.256890    6.123127 v _5417_/X (sky130_fd_sc_hd__and3_2)
                                                         _1138_ (net)
                      0.081399    0.000541    6.123669 v _5511_/B (sky130_fd_sc_hd__or3_4)
     2    0.011285    0.076660    0.393268    6.516936 v _5511_/X (sky130_fd_sc_hd__or3_4)
                                                         _1242_ (net)
                      0.076660    0.000361    6.517298 v _5563_/A1 (sky130_fd_sc_hd__a21oi_4)
     2    0.009734    0.122345    0.147155    6.664453 ^ _5563_/Y (sky130_fd_sc_hd__a21oi_4)
                                                         _1299_ (net)
                      0.122346    0.000318    6.664771 ^ _5564_/B1 (sky130_fd_sc_hd__a211oi_2)
     4    0.017484    0.097247    0.091437    6.756208 v _5564_/Y (sky130_fd_sc_hd__a211oi_2)
                                                         _1300_ (net)
                      0.097248    0.000560    6.756768 v max_cap110/A (sky130_fd_sc_hd__clkbuf_2)
     3    0.012165    0.054440    0.150917    6.907684 v max_cap110/X (sky130_fd_sc_hd__clkbuf_2)
                                                         net110 (net)
                      0.054442    0.000444    6.908128 v _5567_/B1 (sky130_fd_sc_hd__a211o_2)
     2    0.007585    0.060058    0.322338    7.230466 v _5567_/X (sky130_fd_sc_hd__a211o_2)
                                                         _1303_ (net)
                      0.060058    0.000163    7.230629 v _5615_/A1 (sky130_fd_sc_hd__a211o_2)
     2    0.006146    0.056526    0.306205    7.536834 v _5615_/X (sky130_fd_sc_hd__a211o_2)
                                                         _1356_ (net)
                      0.056526    0.000162    7.536995 v _5651_/A1 (sky130_fd_sc_hd__a21bo_2)
     1    0.008799    0.049390    0.210383    7.747378 v _5651_/X (sky130_fd_sc_hd__a21bo_2)
                                                         _1396_ (net)
                      0.049390    0.000277    7.747655 v _5818_/B1 (sky130_fd_sc_hd__a41oi_4)
     2    0.020359    0.250059    0.245549    7.993205 ^ _5818_/Y (sky130_fd_sc_hd__a41oi_4)
                                                         _1579_ (net)
                      0.250061    0.001396    7.994601 ^ rebuffer693/A (sky130_fd_sc_hd__buf_6)
     4    0.016029    0.046592    0.152594    8.147195 ^ rebuffer693/X (sky130_fd_sc_hd__buf_6)
                                                         net693 (net)
                      0.046594    0.000355    8.147551 ^ _5821_/A2 (sky130_fd_sc_hd__a21o_4)
     2    0.012348    0.048375    0.124655    8.272205 ^ _5821_/X (sky130_fd_sc_hd__a21o_4)
                                                         _1583_ (net)
                      0.048376    0.000264    8.272470 ^ _6739_/A (sky130_fd_sc_hd__xor2_2)
     1    0.006982    0.052916    0.070145    8.342614 v _6739_/X (sky130_fd_sc_hd__xor2_2)
                                                         _2576_ (net)
                      0.052917    0.000276    8.342890 v _6753_/A2 (sky130_fd_sc_hd__a211o_4)
     2    0.019490    0.074737    0.363888    8.706779 v _6753_/X (sky130_fd_sc_hd__a211o_4)
                                                         net78 (net)
                      0.074737    0.001126    8.707905 v _6989_/C (sky130_fd_sc_hd__or4_4)
     1    0.009532    0.093299    0.501294    9.209199 v _6989_/X (sky130_fd_sc_hd__or4_4)
                                                         _2836_ (net)
                      0.093299    0.000394    9.209594 v _6990_/C (sky130_fd_sc_hd__or3_4)
     1    0.016043    0.085725    0.373194    9.582788 v _6990_/X (sky130_fd_sc_hd__or3_4)
                                                         _2837_ (net)
                      0.085725    0.000768    9.583555 v _6991_/C (sky130_fd_sc_hd__or3_4)
     1    0.010278    0.075149    0.353237    9.936792 v _6991_/X (sky130_fd_sc_hd__or3_4)
                                                         _2838_ (net)
                      0.075149    0.000466    9.937259 v _6992_/D (sky130_fd_sc_hd__nor4_4)
     1    0.010257    0.257871    0.190035   10.127293 ^ _6992_/Y (sky130_fd_sc_hd__nor4_4)
                                                         _2839_ (net)
                      0.257872    0.000663   10.127955 ^ wire104/A (sky130_fd_sc_hd__clkbuf_2)
     1    0.026182    0.147922    0.241340   10.369296 ^ wire104/X (sky130_fd_sc_hd__clkbuf_2)
                                                         net104 (net)
                      0.147924    0.000875   10.370171 ^ _6994_/D_N (sky130_fd_sc_hd__or4b_4)
     1    0.008203    0.091153    0.489610   10.859781 v _6994_/X (sky130_fd_sc_hd__or4b_4)
                                                         _2841_ (net)
                      0.091153    0.000241   10.860022 v _6995_/D (sky130_fd_sc_hd__nor4_4)
     1    0.005695    0.206325    0.154741   11.014763 ^ _6995_/Y (sky130_fd_sc_hd__nor4_4)
                                                         net103 (net)
                      0.206325    0.000175   11.014937 ^ output103/A (sky130_fd_sc_hd__buf_6)
     1    0.036600    0.082218    0.171720   11.186657 ^ output103/X (sky130_fd_sc_hd__buf_6)
                                                         zero (net)
                      0.082251    0.001553   11.188210 ^ zero (out)
                                             11.188210   data arrival time

                      0.000000   10.000000   10.000000   clock __VIRTUAL_CLK__ (rise edge)
                                  0.000000   10.000000   clock network delay (ideal)
                                 -0.250000    9.750000   clock uncertainty
                                  0.000000    9.750000   clock reconvergence pessimism
                                 -2.000000    7.750000   output external delay
                                              7.750000   data required time
---------------------------------------------------------------------------------------------
                                              7.750000   data required time
                                            -11.188210   data arrival time
---------------------------------------------------------------------------------------------
                                             -3.438211   slack (VIOLATED)




===========================================================================
 report_check_types -max_slew -max_cap -max_fanout -violators
============================================================================
======================= nom_tt_025C_1v80 Corner ===================================

max slew

Pin                                        Limit        Slew       Slack
------------------------------------------------------------------------
_6841_/A                                0.750000    1.055882   -0.305882 (VIOLATED)
_6906_/B1                               0.750000    1.055881   -0.305881 (VIOLATED)
_6873_/B1                               0.750000    1.055877   -0.305877 (VIOLATED)
_6870_/A1                               0.750000    1.055856   -0.305856 (VIOLATED)
_6063_/B1                               0.750000    1.055801   -0.305801 (VIOLATED)
_6633_/B1                               0.750000    1.055443   -0.305443 (VIOLATED)
fanout146/A                             0.750000    1.055396   -0.305396 (VIOLATED)
fanout147/X                             0.750000    1.055388   -0.305388 (VIOLATED)
_6778_/B1                               0.750000    1.026061   -0.276061 (VIOLATED)
_6742_/B1                               0.750000    1.026059   -0.276059 (VIOLATED)
_6720_/A1                               0.750000    1.026051   -0.276051 (VIOLATED)
_6690_/B1                               0.750000    1.026036   -0.276036 (VIOLATED)
_6601_/B1                               0.750000    1.026000   -0.276001 (VIOLATED)
_6443_/B1                               0.750000    1.025986   -0.275986 (VIOLATED)
_6204_/B1                               0.750000    1.025985   -0.275985 (VIOLATED)
_6543_/A2                               0.750000    1.025984   -0.275984 (VIOLATED)
_6517_/B1                               0.750000    1.025972   -0.275972 (VIOLATED)
_6487_/B1                               0.750000    1.025969   -0.275969 (VIOLATED)
fanout157/X                             0.750000    1.025964   -0.275964 (VIOLATED)
_3785_/B                                0.750000    0.909617   -0.159617 (VIOLATED)
_3534_/B                                0.750000    0.909612   -0.159612 (VIOLATED)
_3541_/D                                0.750000    0.909597   -0.159597 (VIOLATED)
_6075_/A                                0.750000    0.909575   -0.159575 (VIOLATED)
_6076_/A                                0.750000    0.909575   -0.159575 (VIOLATED)
_6263_/A_N                              0.750000    0.909574   -0.159574 (VIOLATED)
_6077_/A                                0.750000    0.909574   -0.159574 (VIOLATED)
_4345_/B1                               0.750000    0.909383   -0.159383 (VIOLATED)
_4088_/D                                0.750000    0.909360   -0.159360 (VIOLATED)
_4087_/B                                0.750000    0.909255   -0.159255 (VIOLATED)
fanout326/X                             0.750000    0.909251   -0.159251 (VIOLATED)
_6826_/A2                               0.750000    0.903895   -0.153895 (VIOLATED)
_6863_/A2                               0.750000    0.903889   -0.153889 (VIOLATED)
_6927_/A2                               0.750000    0.903860   -0.153860 (VIOLATED)
_6891_/A2                               0.750000    0.903833   -0.153833 (VIOLATED)
_6963_/A2                               0.750000    0.903820   -0.153820 (VIOLATED)
_6590_/A2                               0.750000    0.903818   -0.153818 (VIOLATED)
_6572_/A2                               0.750000    0.903817   -0.153817 (VIOLATED)
_6533_/A2                               0.750000    0.903811   -0.153811 (VIOLATED)
fanout141/A                             0.750000    0.903802   -0.153802 (VIOLATED)
fanout142/X                             0.750000    0.903796   -0.153796 (VIOLATED)
_6731_/A                                0.750000    0.840428   -0.090428 (VIOLATED)
_6570_/A1                               0.750000    0.840426   -0.090426 (VIOLATED)
_6460_/B                                0.750000    0.840424   -0.090424 (VIOLATED)
_6312_/A                                0.750000    0.840419   -0.090420 (VIOLATED)
_6494_/A2                               0.750000    0.840414   -0.090414 (VIOLATED)
_6496_/A2                               0.750000    0.840412   -0.090412 (VIOLATED)
_6529_/B                                0.750000    0.840376   -0.090376 (VIOLATED)
_6316_/A0                               0.750000    0.840358   -0.090358 (VIOLATED)
_5954_/B                                0.750000    0.840309   -0.090309 (VIOLATED)
_3505_/A                                0.750000    0.840287   -0.090287 (VIOLATED)
fanout574/X                             0.750000    0.840287   -0.090287 (VIOLATED)
_6628_/A1                               0.750000    0.831989   -0.081989 (VIOLATED)
_6531_/A                                0.750000    0.831988   -0.081988 (VIOLATED)
_6897_/S                                0.750000    0.831988   -0.081988 (VIOLATED)
_6389_/A                                0.750000    0.831980   -0.081980 (VIOLATED)
_6364_/A                                0.750000    0.831970   -0.081970 (VIOLATED)
_6228_/B                                0.750000    0.831956   -0.081956 (VIOLATED)
_6393_/A                                0.750000    0.831955   -0.081955 (VIOLATED)
_6318_/A                                0.750000    0.831953   -0.081953 (VIOLATED)
_6464_/A                                0.750000    0.831943   -0.081943 (VIOLATED)
_6483_/A1                               0.750000    0.831942   -0.081942 (VIOLATED)
fanout179/X                             0.750000    0.831942   -0.081942 (VIOLATED)
_6864_/B1                               0.750000    0.827858   -0.077858 (VIOLATED)
_6844_/A2_N                             0.750000    0.827856   -0.077856 (VIOLATED)
_6928_/B1                               0.750000    0.827855   -0.077855 (VIOLATED)
fanout130/A                             0.750000    0.827842   -0.077842 (VIOLATED)
fanout128/A                             0.750000    0.827812   -0.077812 (VIOLATED)
fanout129/A                             0.750000    0.827805   -0.077805 (VIOLATED)
fanout131/X                             0.750000    0.827799   -0.077799 (VIOLATED)
_6853_/A                                0.750000    0.825107   -0.075107 (VIOLATED)
_6818_/A1                               0.750000    0.825105   -0.075105 (VIOLATED)
_6788_/B                                0.750000    0.825098   -0.075098 (VIOLATED)
_6688_/B1                               0.750000    0.824998   -0.074998 (VIOLATED)
_6653_/B1                               0.750000    0.824970   -0.074970 (VIOLATED)
_6616_/B1                               0.750000    0.824927   -0.074927 (VIOLATED)
_6595_/A1                               0.750000    0.824882   -0.074882 (VIOLATED)
_6566_/B                                0.750000    0.824850   -0.074850 (VIOLATED)
_6543_/B2                               0.750000    0.824825   -0.074825 (VIOLATED)
_6442_/B1                               0.750000    0.824808   -0.074808 (VIOLATED)
fanout150/X                             0.750000    0.824805   -0.074805 (VIOLATED)
_6923_/A                                0.750000    0.819352   -0.069352 (VIOLATED)
_6888_/C1                               0.750000    0.819352   -0.069352 (VIOLATED)
_6837_/A1                               0.750000    0.819335   -0.069335 (VIOLATED)
_6820_/A1                               0.750000    0.819317   -0.069317 (VIOLATED)
_6753_/A1                               0.750000    0.819249   -0.069249 (VIOLATED)
_6706_/B1                               0.750000    0.819218   -0.069218 (VIOLATED)
_6737_/A1                               0.750000    0.819207   -0.069207 (VIOLATED)
_6667_/A1                               0.750000    0.819109   -0.069109 (VIOLATED)
_6473_/A2                               0.750000    0.819007   -0.069007 (VIOLATED)
_6513_/A2                               0.750000    0.819004   -0.069004 (VIOLATED)
fanout148/X                             0.750000    0.819001   -0.069001 (VIOLATED)
_6777_/A                                0.750000    0.814416   -0.064416 (VIOLATED)
_6792_/B1                               0.750000    0.814415   -0.064415 (VIOLATED)
_6773_/A1                               0.750000    0.814410   -0.064410 (VIOLATED)
_6704_/A1                               0.750000    0.814348   -0.064348 (VIOLATED)
_6669_/B1                               0.750000    0.814334   -0.064334 (VIOLATED)
_6614_/B1                               0.750000    0.814266   -0.064266 (VIOLATED)
_6598_/B1                               0.750000    0.814240   -0.064240 (VIOLATED)
_6440_/B1                               0.750000    0.814216   -0.064216 (VIOLATED)
_6541_/B1                               0.750000    0.814196   -0.064196 (VIOLATED)
_6516_/A                                0.750000    0.814192   -0.064192 (VIOLATED)
fanout146/X                             0.750000    0.814190   -0.064190 (VIOLATED)
_6768_/A1                               0.750000    0.771027   -0.021027 (VIOLATED)
_6801_/B2                               0.750000    0.771012   -0.021012 (VIOLATED)
_6866_/A2                               0.750000    0.771008   -0.021008 (VIOLATED)
_6593_/A2_N                             0.750000    0.770983   -0.020983 (VIOLATED)
_6784_/B2                               0.750000    0.770977   -0.020977 (VIOLATED)
_6849_/B2                               0.750000    0.770968   -0.020968 (VIOLATED)
_6511_/A1                               0.750000    0.770914   -0.020914 (VIOLATED)
_6576_/B2                               0.750000    0.770912   -0.020912 (VIOLATED)
_6451_/A1                               0.750000    0.770910   -0.020910 (VIOLATED)
_6372_/B                                0.750000    0.770873   -0.020873 (VIOLATED)
fanout124/X                             0.750000    0.770871   -0.020871 (VIOLATED)
_6891_/B1                               0.750000    0.770682   -0.020682 (VIOLATED)
_6879_/A2                               0.750000    0.770677   -0.020677 (VIOLATED)
_6591_/A2                               0.750000    0.770675   -0.020675 (VIOLATED)
_6572_/B1                               0.750000    0.770675   -0.020675 (VIOLATED)
_6334_/A2                               0.750000    0.770674   -0.020674 (VIOLATED)
_6551_/A2                               0.750000    0.770674   -0.020674 (VIOLATED)
_6445_/B1                               0.750000    0.770673   -0.020673 (VIOLATED)
_6468_/B1                               0.750000    0.770673   -0.020673 (VIOLATED)
_6508_/B1                               0.750000    0.770673   -0.020673 (VIOLATED)
_6535_/A2                               0.750000    0.770673   -0.020673 (VIOLATED)
fanout139/X                             0.750000    0.770673   -0.020673 (VIOLATED)
_6641_/A2                               0.750000    0.770086   -0.020086 (VIOLATED)
_6911_/A1                               0.750000    0.770074   -0.020074 (VIOLATED)
_6925_/A1                               0.750000    0.770053   -0.020053 (VIOLATED)
_6659_/A1                               0.750000    0.770038   -0.020038 (VIOLATED)
_6308_/B1                               0.750000    0.770032   -0.020032 (VIOLATED)
_6961_/A1                               0.750000    0.769998   -0.019998 (VIOLATED)
_6895_/A1                               0.750000    0.769973   -0.019973 (VIOLATED)
_6693_/A1                               0.750000    0.769959   -0.019959 (VIOLATED)
_6623_/A1                               0.750000    0.769932   -0.019932 (VIOLATED)
_6675_/A1                               0.750000    0.769828   -0.019828 (VIOLATED)
fanout125/X                             0.750000    0.769826   -0.019826 (VIOLATED)
_6811_/A2                               0.750000    0.754599   -0.004599 (VIOLATED)
_6826_/B1                               0.750000    0.754598   -0.004598 (VIOLATED)
_6863_/B1                               0.750000    0.754589   -0.004589 (VIOLATED)
_6843_/A2                               0.750000    0.754587   -0.004587 (VIOLATED)
_6927_/B1                               0.750000    0.754556   -0.004556 (VIOLATED)
_6913_/B1                               0.750000    0.754551   -0.004551 (VIOLATED)
_6645_/B1                               0.750000    0.754336   -0.004336 (VIOLATED)
_6662_/B1                               0.750000    0.754336   -0.004336 (VIOLATED)
fanout137/A                             0.750000    0.754336   -0.004336 (VIOLATED)
fanout138/X                             0.750000    0.754336   -0.004336 (VIOLATED)
_6925_/B2                               0.750000    0.751108   -0.001108 (VIOLATED)
_6960_/A                                0.750000    0.751108   -0.001108 (VIOLATED)
_6865_/A2                               0.750000    0.751107   -0.001107 (VIOLATED)
_6911_/B2                               0.750000    0.751080   -0.001080 (VIOLATED)
fanout126/A                             0.750000    0.751038   -0.001038 (VIOLATED)
_6713_/B2                               0.750000    0.751025   -0.001025 (VIOLATED)
_6482_/A2                               0.750000    0.750940   -0.000940 (VIOLATED)
_6675_/B2                               0.750000    0.750846   -0.000846 (VIOLATED)
_6528_/A                                0.750000    0.750824   -0.000824 (VIOLATED)
_6743_/A1                               0.750000    0.750801   -0.000801 (VIOLATED)
fanout127/X                             0.750000    0.750795   -0.000795 (VIOLATED)

max fanout

Pin                                   Limit Fanout  Slack
---------------------------------------------------------
fanout312/X                              10     11        (VIOLATED)



===========================================================================
report_parasitic_annotation -report_unannotated
============================================================================
Found 0 unannotated drivers.
Found 0 partially unannotated drivers.

===========================================================================
max slew violation count 156
max fanout violation count 1
max cap violation count 0
============================================================================

===========================================================================
check_setup -verbose -unconstrained_endpoints -multiple_clock -no_clock -no_input_delay -loops -generated_clocks
===========================================================================
