
===========================================================================
report_checks -unconstrained
===========================================================================
======================= min_ff_n40C_1v95 Corner ===================================

Startpoint: B[1] (input port clocked by __VIRTUAL_CLK__)
Endpoint: zero (output port clocked by __VIRTUAL_CLK__)
Path Group: __VIRTUAL_CLK__
Path Type: max

Fanout         Cap        Slew       Delay        Time   Description
---------------------------------------------------------------------------------------------
                      0.000000    0.000000    0.000000   clock __VIRTUAL_CLK__ (rise edge)
                                  0.000000    0.000000   clock network delay (ideal)
                                  2.000000    2.000000 ^ input external delay
     1    0.008239    0.032556    0.020794    2.020794 ^ B[1] (in)
                                                         B[1] (net)
                      0.032556    0.000000    2.020794 ^ input44/A (sky130_fd_sc_hd__clkdlybuf4s25_1)
     2    0.027229    0.207705    0.283099    2.303892 ^ input44/X (sky130_fd_sc_hd__clkdlybuf4s25_1)
                                                         net44 (net)
                      0.207705    0.000419    2.304311 ^ fanout356/A (sky130_fd_sc_hd__clkdlybuf4s25_1)
     2    0.009827    0.081221    0.221555    2.525866 ^ fanout356/X (sky130_fd_sc_hd__clkdlybuf4s25_1)
                                                         net356 (net)
                      0.081221    0.000212    2.526078 ^ wire357/A (sky130_fd_sc_hd__clkbuf_4)
     6    0.062738    0.145449    0.182001    2.708079 ^ wire357/X (sky130_fd_sc_hd__clkbuf_4)
                                                         net357 (net)
                      0.145623    0.004116    2.712195 ^ fanout349/A (sky130_fd_sc_hd__clkdlybuf4s25_1)
     4    0.019230    0.149506    0.264008    2.976204 ^ fanout349/X (sky130_fd_sc_hd__clkdlybuf4s25_1)
                                                         net349 (net)
                      0.149506    0.000219    2.976422 ^ load_slew350/A (sky130_fd_sc_hd__buf_4)
     7    0.046314    0.100647    0.145993    3.122415 ^ load_slew350/X (sky130_fd_sc_hd__buf_4)
                                                         net350 (net)
                      0.100758    0.002167    3.124582 ^ _3503_/A (sky130_fd_sc_hd__inv_2)
     4    0.050213    0.084042    0.089216    3.213798 v _3503_/Y (sky130_fd_sc_hd__inv_2)
                                                         _0260_ (net)
                      0.084056    0.000910    3.214708 v fanout165/A (sky130_fd_sc_hd__clkbuf_4)
    10    0.103762    0.142448    0.211292    3.426000 v fanout165/X (sky130_fd_sc_hd__clkbuf_4)
                                                         net165 (net)
                      0.142916    0.006719    3.432719 v _5368_/B (sky130_fd_sc_hd__nor2_2)
     3    0.014085    0.129197    0.149483    3.582202 ^ _5368_/Y (sky130_fd_sc_hd__nor2_2)
                                                         _1084_ (net)
                      0.129197    0.000073    3.582275 ^ _5370_/B (sky130_fd_sc_hd__and3_2)
     2    0.008663    0.047701    0.135481    3.717756 ^ _5370_/X (sky130_fd_sc_hd__and3_2)
                                                         _1087_ (net)
                      0.047701    0.000118    3.717874 ^ _5397_/A (sky130_fd_sc_hd__nor2_2)
     1    0.008484    0.033518    0.031832    3.749706 v _5397_/Y (sky130_fd_sc_hd__nor2_2)
                                                         _1116_ (net)
                      0.033518    0.000081    3.749786 v _5410_/B (sky130_fd_sc_hd__xnor2_2)
     2    0.013915    0.063131    0.100850    3.850636 v _5410_/Y (sky130_fd_sc_hd__xnor2_2)
                                                         _1131_ (net)
                      0.063131    0.000130    3.850766 v _5412_/A (sky130_fd_sc_hd__xnor2_2)
     2    0.011685    0.147298    0.159495    4.010261 ^ _5412_/Y (sky130_fd_sc_hd__xnor2_2)
                                                         _1133_ (net)
                      0.147298    0.000464    4.010725 ^ rebuffer711/A (sky130_fd_sc_hd__buf_2)
     2    0.007737    0.037378    0.096741    4.107465 ^ rebuffer711/X (sky130_fd_sc_hd__buf_2)
                                                         net711 (net)
                      0.037378    0.000044    4.107509 ^ rebuffer710/A (sky130_fd_sc_hd__buf_2)
     1    0.004994    0.025972    0.066614    4.174122 ^ rebuffer710/X (sky130_fd_sc_hd__buf_2)
                                                         net710 (net)
                      0.025972    0.000025    4.174148 ^ _5414_/C (sky130_fd_sc_hd__nand3_2)
     2    0.010933    0.063657    0.055418    4.229566 v _5414_/Y (sky130_fd_sc_hd__nand3_2)
                                                         _1135_ (net)
                      0.063657    0.000138    4.229703 v _5415_/A2 (sky130_fd_sc_hd__a211o_4)
     4    0.019775    0.052825    0.238709    4.468412 v _5415_/X (sky130_fd_sc_hd__a211o_4)
                                                         _1136_ (net)
                      0.052825    0.000218    4.468630 v _5417_/B (sky130_fd_sc_hd__and3_2)
     5    0.022163    0.057886    0.164748    4.633378 v _5417_/X (sky130_fd_sc_hd__and3_2)
                                                         _1138_ (net)
                      0.057886    0.000231    4.633609 v _5511_/B (sky130_fd_sc_hd__or3_4)
     2    0.011210    0.053273    0.237486    4.871095 v _5511_/X (sky130_fd_sc_hd__or3_4)
                                                         _1242_ (net)
                      0.053273    0.000140    4.871235 v _5563_/A1 (sky130_fd_sc_hd__a21oi_4)
     2    0.009536    0.091128    0.101119    4.972355 ^ _5563_/Y (sky130_fd_sc_hd__a21oi_4)
                                                         _1299_ (net)
                      0.091128    0.000151    4.972506 ^ _5564_/B1 (sky130_fd_sc_hd__a211oi_2)
     4    0.016957    0.064524    0.053302    5.025808 v _5564_/Y (sky130_fd_sc_hd__a211oi_2)
                                                         _1300_ (net)
                      0.064549    0.000285    5.026093 v max_cap110/A (sky130_fd_sc_hd__clkbuf_2)
     3    0.011835    0.038120    0.098412    5.124505 v max_cap110/X (sky130_fd_sc_hd__clkbuf_2)
                                                         net110 (net)
                      0.038121    0.000221    5.124725 v _5567_/B1 (sky130_fd_sc_hd__a211o_2)
     2    0.007515    0.043054    0.151994    5.276720 v _5567_/X (sky130_fd_sc_hd__a211o_2)
                                                         _1303_ (net)
                      0.043054    0.000060    5.276779 v _5615_/A1 (sky130_fd_sc_hd__a211o_2)
     2    0.006008    0.040357    0.188151    5.464931 v _5615_/X (sky130_fd_sc_hd__a211o_2)
                                                         _1356_ (net)
                      0.040357    0.000051    5.464981 v _5652_/A (sky130_fd_sc_hd__and2_4)
     2    0.017848    0.034892    0.105385    5.570365 v _5652_/X (sky130_fd_sc_hd__and2_4)
                                                         _1397_ (net)
                      0.034893    0.000166    5.570531 v _5818_/A2 (sky130_fd_sc_hd__a41oi_4)
     2    0.018950    0.187668    0.163837    5.734368 ^ _5818_/Y (sky130_fd_sc_hd__a41oi_4)
                                                         _1579_ (net)
                      0.187669    0.000884    5.735252 ^ rebuffer693/A (sky130_fd_sc_hd__buf_6)
     4    0.015973    0.035106    0.084801    5.820053 ^ rebuffer693/X (sky130_fd_sc_hd__buf_6)
                                                         net693 (net)
                      0.035106    0.000133    5.820186 ^ _5821_/A2 (sky130_fd_sc_hd__a21o_4)
     2    0.012281    0.035107    0.079766    5.899952 ^ _5821_/X (sky130_fd_sc_hd__a21o_4)
                                                         _1583_ (net)
                      0.035107    0.000085    5.900037 ^ _6739_/A (sky130_fd_sc_hd__xor2_2)
     1    0.006768    0.035723    0.043040    5.943077 v _6739_/X (sky130_fd_sc_hd__xor2_2)
                                                         _2576_ (net)
                      0.035723    0.000127    5.943204 v _6753_/A2 (sky130_fd_sc_hd__a211o_4)
     2    0.017820    0.051450    0.225198    6.168402 v _6753_/X (sky130_fd_sc_hd__a211o_4)
                                                         net78 (net)
                      0.051450    0.000697    6.169099 v _6989_/C (sky130_fd_sc_hd__or4_4)
     1    0.008653    0.063507    0.295982    6.465081 v _6989_/X (sky130_fd_sc_hd__or4_4)
                                                         _2836_ (net)
                      0.063507    0.000252    6.465333 v _6990_/C (sky130_fd_sc_hd__or3_4)
     1    0.014651    0.057013    0.220800    6.686133 v _6990_/X (sky130_fd_sc_hd__or3_4)
                                                         _2837_ (net)
                      0.057037    0.000506    6.686639 v _6991_/C (sky130_fd_sc_hd__or3_4)
     1    0.009958    0.051915    0.210008    6.896647 v _6991_/X (sky130_fd_sc_hd__or3_4)
                                                         _2838_ (net)
                      0.051915    0.000197    6.896844 v _6992_/D (sky130_fd_sc_hd__nor4_4)
     1    0.009409    0.180549    0.122166    7.019011 ^ _6992_/Y (sky130_fd_sc_hd__nor4_4)
                                                         _2839_ (net)
                      0.180549    0.000357    7.019367 ^ wire104/A (sky130_fd_sc_hd__clkbuf_2)
     1    0.024387    0.106071    0.146339    7.165707 ^ wire104/X (sky130_fd_sc_hd__clkbuf_2)
                                                         net104 (net)
                      0.106071    0.000465    7.166172 ^ _6994_/D_N (sky130_fd_sc_hd__or4b_4)
     1    0.008140    0.063014    0.283078    7.449249 v _6994_/X (sky130_fd_sc_hd__or4b_4)
                                                         _2841_ (net)
                      0.063014    0.000071    7.449321 v _6995_/D (sky130_fd_sc_hd__nor4_4)
     1    0.005648    0.147723    0.102722    7.552043 ^ _6995_/Y (sky130_fd_sc_hd__nor4_4)
                                                         net103 (net)
                      0.147723    0.000058    7.552101 ^ output103/A (sky130_fd_sc_hd__buf_6)
     1    0.036316    0.061281    0.104360    7.656461 ^ output103/X (sky130_fd_sc_hd__buf_6)
                                                         zero (net)
                      0.061294    0.000886    7.657346 ^ zero (out)
                                              7.657346   data arrival time

                      0.000000   10.000000   10.000000   clock __VIRTUAL_CLK__ (rise edge)
                                  0.000000   10.000000   clock network delay (ideal)
                                 -0.250000    9.750000   clock uncertainty
                                  0.000000    9.750000   clock reconvergence pessimism
                                 -2.000000    7.750000   output external delay
                                              7.750000   data required time
---------------------------------------------------------------------------------------------
                                              7.750000   data required time
                                             -7.657346   data arrival time
---------------------------------------------------------------------------------------------
                                              0.092654   slack (MET)




===========================================================================
report_checks --slack_max -0.01
============================================================================
======================= min_ff_n40C_1v95 Corner ===================================

No paths found.


===========================================================================
 report_check_types -max_slew -max_cap -max_fanout -violators
============================================================================
======================= min_ff_n40C_1v95 Corner ===================================

max fanout

Pin                                   Limit Fanout  Slack
---------------------------------------------------------
fanout312/X                              10     11        (VIOLATED)



===========================================================================
report_parasitic_annotation -report_unannotated
============================================================================
Found 0 unannotated drivers.
Found 0 partially unannotated drivers.

===========================================================================
max slew violation count 0
max fanout violation count 1
max cap violation count 0
============================================================================

===========================================================================
check_setup -verbose -unconstrained_endpoints -multiple_clock -no_clock -no_input_delay -loops -generated_clocks
===========================================================================
