
===========================================================================
report_checks -unconstrained
===========================================================================
======================= nom_ss_100C_1v60 Corner ===================================

Startpoint: B[1] (input port clocked by __VIRTUAL_CLK__)
Endpoint: zero (output port clocked by __VIRTUAL_CLK__)
Path Group: __VIRTUAL_CLK__
Path Type: max

Fanout         Cap        Slew       Delay        Time   Description
---------------------------------------------------------------------------------------------
                      0.000000    0.000000    0.000000   clock __VIRTUAL_CLK__ (rise edge)
                                  0.000000    0.000000   clock network delay (ideal)
                                  5.000000    5.000000 ^ input external delay
     1    0.007727    0.065650    0.041219    5.041219 ^ B[1] (in)
                                                         B[1] (net)
                      0.065652    0.000000    5.041219 ^ input44/A (sky130_fd_sc_hd__clkdlybuf4s25_1)
     2    0.027752    0.452521    0.737315    5.778534 ^ input44/X (sky130_fd_sc_hd__clkdlybuf4s25_1)
                                                         net44 (net)
                      0.452521    0.001264    5.779799 ^ fanout371/A (sky130_fd_sc_hd__buf_2)
     7    0.065120    0.501099    0.665717    6.445516 ^ fanout371/X (sky130_fd_sc_hd__buf_2)
                                                         net371 (net)
                      0.501136    0.004626    6.450142 ^ fanout366/A (sky130_fd_sc_hd__clkbuf_2)
     7    0.049897    0.422247    0.616359    7.066501 ^ fanout366/X (sky130_fd_sc_hd__clkbuf_2)
                                                         net366 (net)
                      0.422272    0.003638    7.070139 ^ fanout365/A (sky130_fd_sc_hd__clkbuf_2)
     5    0.027953    0.245225    0.463251    7.533390 ^ fanout365/X (sky130_fd_sc_hd__clkbuf_2)
                                                         net365 (net)
                      0.245230    0.001487    7.534877 ^ _3503_/A (sky130_fd_sc_hd__inv_2)
     5    0.056356    0.246595    0.299710    7.834587 v _3503_/Y (sky130_fd_sc_hd__inv_2)
                                                         _0260_ (net)
                      0.246599    0.001331    7.835918 v fanout160/A (sky130_fd_sc_hd__clkdlybuf4s25_1)
     3    0.020155    0.285047    0.711605    8.547523 v fanout160/X (sky130_fd_sc_hd__clkdlybuf4s25_1)
                                                         net160 (net)
                      0.285047    0.000852    8.548375 v wire161/A (sky130_fd_sc_hd__buf_4)
     6    0.059677    0.153327    0.448583    8.996957 v wire161/X (sky130_fd_sc_hd__buf_4)
                                                         net161 (net)
                      0.153391    0.002926    8.999883 v _6500_/S (sky130_fd_sc_hd__mux2_1)
     3    0.020947    0.263794    0.911144    9.911027 v _6500_/X (sky130_fd_sc_hd__mux2_1)
                                                         _2326_ (net)
                      0.263794    0.000590    9.911616 v _6501_/A1 (sky130_fd_sc_hd__mux2_1)
     2    0.017436    0.235645    0.891502   10.803119 v _6501_/X (sky130_fd_sc_hd__mux2_1)
                                                         _2327_ (net)
                      0.235645    0.000104   10.803223 v _6504_/A0 (sky130_fd_sc_hd__mux2_1)
     1    0.008167    0.160396    0.764759   11.567982 v _6504_/X (sky130_fd_sc_hd__mux2_1)
                                                         _2330_ (net)
                      0.160396    0.000369   11.568351 v _6510_/B1 (sky130_fd_sc_hd__a22o_2)
     1    0.002749    0.067790    0.411260   11.979611 v _6510_/X (sky130_fd_sc_hd__a22o_2)
                                                         _2337_ (net)
                      0.067790    0.000078   11.979690 v _6511_/C1 (sky130_fd_sc_hd__a2111o_2)
     1    0.008055    0.138640    0.819552   12.799242 v _6511_/X (sky130_fd_sc_hd__a2111o_2)
                                                         _2338_ (net)
                      0.138640    0.000373   12.799615 v _6512_/C (sky130_fd_sc_hd__or3_2)
     1    0.004934    0.178063    1.016183   13.815798 v _6512_/X (sky130_fd_sc_hd__or3_2)
                                                         _2339_ (net)
                      0.178063    0.000184   13.815982 v _6513_/B1 (sky130_fd_sc_hd__a31o_2)
     2    0.010268    0.101579    0.475550   14.291532 v _6513_/X (sky130_fd_sc_hd__a31o_2)
                                                         net96 (net)
                      0.101579    0.000450   14.291983 v _6985_/C (sky130_fd_sc_hd__or4_2)
     1    0.005145    0.238112    1.495454   15.787436 v _6985_/X (sky130_fd_sc_hd__or4_2)
                                                         _2831_ (net)
                      0.238112    0.000153   15.787588 v _6986_/D (sky130_fd_sc_hd__or4_4)
     1    0.016075    0.191815    0.961441   16.749029 v _6986_/X (sky130_fd_sc_hd__or4_4)
                                                         _2832_ (net)
                      0.191815    0.001325   16.750355 v _6987_/D (sky130_fd_sc_hd__nor4_2)
     1    0.005885    0.406102    0.341682   17.092037 ^ _6987_/Y (sky130_fd_sc_hd__nor4_2)
                                                         _2833_ (net)
                      0.406102    0.000242   17.092278 ^ _6988_/C_N (sky130_fd_sc_hd__or3b_4)
     1    0.006486    0.126817    0.860954   17.953232 v _6988_/X (sky130_fd_sc_hd__or3b_4)
                                                         _2834_ (net)
                      0.126818    0.000270   17.953503 v _6989_/D (sky130_fd_sc_hd__or4_4)
     1    0.010971    0.176265    0.896643   18.850145 v _6989_/X (sky130_fd_sc_hd__or4_4)
                                                         _2836_ (net)
                      0.176265    0.000451   18.850595 v _6990_/C (sky130_fd_sc_hd__or3_4)
     1    0.009890    0.134410    0.713287   19.563883 v _6990_/X (sky130_fd_sc_hd__or3_4)
                                                         _2837_ (net)
                      0.134410    0.000453   19.564337 v _6991_/B (sky130_fd_sc_hd__or3_4)
     1    0.016176    0.150444    0.798847   20.363184 v _6991_/X (sky130_fd_sc_hd__or3_4)
                                                         _2838_ (net)
                      0.150546    0.001096   20.364279 v _6992_/D (sky130_fd_sc_hd__nor4_4)
     1    0.008779    0.397618    0.319778   20.684057 ^ _6992_/Y (sky130_fd_sc_hd__nor4_4)
                                                         _2839_ (net)
                      0.397619    0.000398   20.684456 ^ wire104/A (sky130_fd_sc_hd__clkbuf_2)
     1    0.028679    0.250801    0.458282   21.142738 ^ wire104/X (sky130_fd_sc_hd__clkbuf_2)
                                                         net104 (net)
                      0.250801    0.000993   21.143730 ^ _6994_/D_N (sky130_fd_sc_hd__or4b_4)
     1    0.008285    0.169033    1.015067   22.158798 v _6994_/X (sky130_fd_sc_hd__or4b_4)
                                                         _2841_ (net)
                      0.169033    0.000242   22.159040 v _6995_/D (sky130_fd_sc_hd__nor4_4)
     1    0.005060    0.326609    0.270614   22.429653 ^ _6995_/Y (sky130_fd_sc_hd__nor4_4)
                                                         net103 (net)
                      0.326609    0.000098   22.429750 ^ output103/A (sky130_fd_sc_hd__buf_6)
     1    0.036689    0.131246    0.333207   22.762959 ^ output103/X (sky130_fd_sc_hd__buf_6)
                                                         zero (net)
                      0.131258    0.001332   22.764290 ^ zero (out)
                                             22.764290   data arrival time

                      0.000000   25.000000   25.000000   clock __VIRTUAL_CLK__ (rise edge)
                                  0.000000   25.000000   clock network delay (ideal)
                                 -0.250000   24.750000   clock uncertainty
                                  0.000000   24.750000   clock reconvergence pessimism
                                 -5.000000   19.750000   output external delay
                                             19.750000   data required time
---------------------------------------------------------------------------------------------
                                             19.750000   data required time
                                            -22.764290   data arrival time
---------------------------------------------------------------------------------------------
                                             -3.014291   slack (VIOLATED)




===========================================================================
report_checks --slack_max -0.01
============================================================================
======================= nom_ss_100C_1v60 Corner ===================================

Startpoint: B[1] (input port clocked by __VIRTUAL_CLK__)
Endpoint: zero (output port clocked by __VIRTUAL_CLK__)
Path Group: __VIRTUAL_CLK__
Path Type: max

Fanout         Cap        Slew       Delay        Time   Description
---------------------------------------------------------------------------------------------
                      0.000000    0.000000    0.000000   clock __VIRTUAL_CLK__ (rise edge)
                                  0.000000    0.000000   clock network delay (ideal)
                                  5.000000    5.000000 ^ input external delay
     1    0.007727    0.065650    0.041219    5.041219 ^ B[1] (in)
                                                         B[1] (net)
                      0.065652    0.000000    5.041219 ^ input44/A (sky130_fd_sc_hd__clkdlybuf4s25_1)
     2    0.027752    0.452521    0.737315    5.778534 ^ input44/X (sky130_fd_sc_hd__clkdlybuf4s25_1)
                                                         net44 (net)
                      0.452521    0.001264    5.779799 ^ fanout371/A (sky130_fd_sc_hd__buf_2)
     7    0.065120    0.501099    0.665717    6.445516 ^ fanout371/X (sky130_fd_sc_hd__buf_2)
                                                         net371 (net)
                      0.501136    0.004626    6.450142 ^ fanout366/A (sky130_fd_sc_hd__clkbuf_2)
     7    0.049897    0.422247    0.616359    7.066501 ^ fanout366/X (sky130_fd_sc_hd__clkbuf_2)
                                                         net366 (net)
                      0.422272    0.003638    7.070139 ^ fanout365/A (sky130_fd_sc_hd__clkbuf_2)
     5    0.027953    0.245225    0.463251    7.533390 ^ fanout365/X (sky130_fd_sc_hd__clkbuf_2)
                                                         net365 (net)
                      0.245230    0.001487    7.534877 ^ _3503_/A (sky130_fd_sc_hd__inv_2)
     5    0.056356    0.246595    0.299710    7.834587 v _3503_/Y (sky130_fd_sc_hd__inv_2)
                                                         _0260_ (net)
                      0.246599    0.001331    7.835918 v fanout160/A (sky130_fd_sc_hd__clkdlybuf4s25_1)
     3    0.020155    0.285047    0.711605    8.547523 v fanout160/X (sky130_fd_sc_hd__clkdlybuf4s25_1)
                                                         net160 (net)
                      0.285047    0.000852    8.548375 v wire161/A (sky130_fd_sc_hd__buf_4)
     6    0.059677    0.153327    0.448583    8.996957 v wire161/X (sky130_fd_sc_hd__buf_4)
                                                         net161 (net)
                      0.153391    0.002926    8.999883 v _6500_/S (sky130_fd_sc_hd__mux2_1)
     3    0.020947    0.263794    0.911144    9.911027 v _6500_/X (sky130_fd_sc_hd__mux2_1)
                                                         _2326_ (net)
                      0.263794    0.000590    9.911616 v _6501_/A1 (sky130_fd_sc_hd__mux2_1)
     2    0.017436    0.235645    0.891502   10.803119 v _6501_/X (sky130_fd_sc_hd__mux2_1)
                                                         _2327_ (net)
                      0.235645    0.000104   10.803223 v _6504_/A0 (sky130_fd_sc_hd__mux2_1)
     1    0.008167    0.160396    0.764759   11.567982 v _6504_/X (sky130_fd_sc_hd__mux2_1)
                                                         _2330_ (net)
                      0.160396    0.000369   11.568351 v _6510_/B1 (sky130_fd_sc_hd__a22o_2)
     1    0.002749    0.067790    0.411260   11.979611 v _6510_/X (sky130_fd_sc_hd__a22o_2)
                                                         _2337_ (net)
                      0.067790    0.000078   11.979690 v _6511_/C1 (sky130_fd_sc_hd__a2111o_2)
     1    0.008055    0.138640    0.819552   12.799242 v _6511_/X (sky130_fd_sc_hd__a2111o_2)
                                                         _2338_ (net)
                      0.138640    0.000373   12.799615 v _6512_/C (sky130_fd_sc_hd__or3_2)
     1    0.004934    0.178063    1.016183   13.815798 v _6512_/X (sky130_fd_sc_hd__or3_2)
                                                         _2339_ (net)
                      0.178063    0.000184   13.815982 v _6513_/B1 (sky130_fd_sc_hd__a31o_2)
     2    0.010268    0.101579    0.475550   14.291532 v _6513_/X (sky130_fd_sc_hd__a31o_2)
                                                         net96 (net)
                      0.101579    0.000450   14.291983 v _6985_/C (sky130_fd_sc_hd__or4_2)
     1    0.005145    0.238112    1.495454   15.787436 v _6985_/X (sky130_fd_sc_hd__or4_2)
                                                         _2831_ (net)
                      0.238112    0.000153   15.787588 v _6986_/D (sky130_fd_sc_hd__or4_4)
     1    0.016075    0.191815    0.961441   16.749029 v _6986_/X (sky130_fd_sc_hd__or4_4)
                                                         _2832_ (net)
                      0.191815    0.001325   16.750355 v _6987_/D (sky130_fd_sc_hd__nor4_2)
     1    0.005885    0.406102    0.341682   17.092037 ^ _6987_/Y (sky130_fd_sc_hd__nor4_2)
                                                         _2833_ (net)
                      0.406102    0.000242   17.092278 ^ _6988_/C_N (sky130_fd_sc_hd__or3b_4)
     1    0.006486    0.126817    0.860954   17.953232 v _6988_/X (sky130_fd_sc_hd__or3b_4)
                                                         _2834_ (net)
                      0.126818    0.000270   17.953503 v _6989_/D (sky130_fd_sc_hd__or4_4)
     1    0.010971    0.176265    0.896643   18.850145 v _6989_/X (sky130_fd_sc_hd__or4_4)
                                                         _2836_ (net)
                      0.176265    0.000451   18.850595 v _6990_/C (sky130_fd_sc_hd__or3_4)
     1    0.009890    0.134410    0.713287   19.563883 v _6990_/X (sky130_fd_sc_hd__or3_4)
                                                         _2837_ (net)
                      0.134410    0.000453   19.564337 v _6991_/B (sky130_fd_sc_hd__or3_4)
     1    0.016176    0.150444    0.798847   20.363184 v _6991_/X (sky130_fd_sc_hd__or3_4)
                                                         _2838_ (net)
                      0.150546    0.001096   20.364279 v _6992_/D (sky130_fd_sc_hd__nor4_4)
     1    0.008779    0.397618    0.319778   20.684057 ^ _6992_/Y (sky130_fd_sc_hd__nor4_4)
                                                         _2839_ (net)
                      0.397619    0.000398   20.684456 ^ wire104/A (sky130_fd_sc_hd__clkbuf_2)
     1    0.028679    0.250801    0.458282   21.142738 ^ wire104/X (sky130_fd_sc_hd__clkbuf_2)
                                                         net104 (net)
                      0.250801    0.000993   21.143730 ^ _6994_/D_N (sky130_fd_sc_hd__or4b_4)
     1    0.008285    0.169033    1.015067   22.158798 v _6994_/X (sky130_fd_sc_hd__or4b_4)
                                                         _2841_ (net)
                      0.169033    0.000242   22.159040 v _6995_/D (sky130_fd_sc_hd__nor4_4)
     1    0.005060    0.326609    0.270614   22.429653 ^ _6995_/Y (sky130_fd_sc_hd__nor4_4)
                                                         net103 (net)
                      0.326609    0.000098   22.429750 ^ output103/A (sky130_fd_sc_hd__buf_6)
     1    0.036689    0.131246    0.333207   22.762959 ^ output103/X (sky130_fd_sc_hd__buf_6)
                                                         zero (net)
                      0.131258    0.001332   22.764290 ^ zero (out)
                                             22.764290   data arrival time

                      0.000000   25.000000   25.000000   clock __VIRTUAL_CLK__ (rise edge)
                                  0.000000   25.000000   clock network delay (ideal)
                                 -0.250000   24.750000   clock uncertainty
                                  0.000000   24.750000   clock reconvergence pessimism
                                 -5.000000   19.750000   output external delay
                                             19.750000   data required time
---------------------------------------------------------------------------------------------
                                             19.750000   data required time
                                            -22.764290   data arrival time
---------------------------------------------------------------------------------------------
                                             -3.014291   slack (VIOLATED)




===========================================================================
 report_check_types -max_slew -max_cap -max_fanout -violators
============================================================================
======================= nom_ss_100C_1v60 Corner ===================================

max slew

Pin                                        Limit        Slew       Slack
------------------------------------------------------------------------
_6824_/B1                               0.750000    1.826161   -1.076161 (VIOLATED)
_6778_/B1                               0.750000    1.826156   -1.076156 (VIOLATED)
_6742_/B1                               0.750000    1.826151   -1.076151 (VIOLATED)
_6720_/A1                               0.750000    1.826145   -1.076145 (VIOLATED)
_6690_/B1                               0.750000    1.826139   -1.076139 (VIOLATED)
_6601_/B1                               0.750000    1.826134   -1.076134 (VIOLATED)
_6933_/A1                               0.750000    1.826131   -1.076131 (VIOLATED)
_6204_/B1                               0.750000    1.825694   -1.075694 (VIOLATED)
_6443_/B1                               0.750000    1.825694   -1.075694 (VIOLATED)
_6487_/B1                               0.750000    1.825694   -1.075694 (VIOLATED)
fanout152/X                             0.750000    1.825694   -1.075694 (VIOLATED)
_6669_/B1                               0.750000    1.679051   -0.929051 (VIOLATED)
_6704_/A1                               0.750000    1.679050   -0.929051 (VIOLATED)
_6773_/A1                               0.750000    1.679021   -0.929021 (VIOLATED)
_6792_/B1                               0.750000    1.679013   -0.929013 (VIOLATED)
_6777_/A                                0.750000    1.679011   -0.929011 (VIOLATED)
_6870_/A1                               0.750000    1.679010   -0.929010 (VIOLATED)
_6841_/A                                0.750000    1.678987   -0.928987 (VIOLATED)
_6873_/B1                               0.750000    1.678968   -0.928968 (VIOLATED)
_6906_/B1                               0.750000    1.678956   -0.928956 (VIOLATED)
_6063_/B1                               0.750000    1.678927   -0.928927 (VIOLATED)
fanout142/X                             0.750000    1.678924   -0.928924 (VIOLATED)
_6810_/B1                               0.750000    1.657503   -0.907503 (VIOLATED)
_6844_/A2_N                             0.750000    1.657480   -0.907480 (VIOLATED)
_6864_/B1                               0.750000    1.657480   -0.907480 (VIOLATED)
_6892_/B1                               0.750000    1.657462   -0.907462 (VIOLATED)
_6928_/B1                               0.750000    1.657452   -0.907452 (VIOLATED)
_6941_/B1                               0.750000    1.657421   -0.907421 (VIOLATED)
_6964_/B1                               0.750000    1.657388   -0.907388 (VIOLATED)
_6979_/B1                               0.750000    1.657362   -0.907362 (VIOLATED)
fanout125/A                             0.750000    1.657254   -0.907254 (VIOLATED)
fanout126/A                             0.750000    1.657254   -0.907254 (VIOLATED)
fanout127/X                             0.750000    1.657254   -0.907254 (VIOLATED)
_3785_/B                                0.750000    1.379497   -0.629497 (VIOLATED)
_3534_/B                                0.750000    1.379493   -0.629493 (VIOLATED)
_3541_/D                                0.750000    1.379486   -0.629486 (VIOLATED)
_6075_/A                                0.750000    1.379471   -0.629471 (VIOLATED)
_6076_/A                                0.750000    1.379471   -0.629471 (VIOLATED)
_6077_/A                                0.750000    1.379470   -0.629470 (VIOLATED)
_6263_/A_N                              0.750000    1.379469   -0.629469 (VIOLATED)
_4345_/B1                               0.750000    1.379451   -0.629451 (VIOLATED)
_4088_/D                                0.750000    1.379446   -0.629446 (VIOLATED)
_4087_/B                                0.750000    1.379428   -0.629428 (VIOLATED)
fanout331/X                             0.750000    1.379428   -0.629428 (VIOLATED)
_6316_/A0                               0.750000    1.370841   -0.620841 (VIOLATED)
_3505_/A                                0.750000    1.370840   -0.620840 (VIOLATED)
_5954_/B                                0.750000    1.370840   -0.620840 (VIOLATED)
_6064_/A                                0.750000    1.370840   -0.620840 (VIOLATED)
_6065_/A                                0.750000    1.370840   -0.620840 (VIOLATED)
_6312_/A                                0.750000    1.370840   -0.620840 (VIOLATED)
_6460_/B                                0.750000    1.370840   -0.620840 (VIOLATED)
_6494_/A2                               0.750000    1.370840   -0.620840 (VIOLATED)
_6496_/A2                               0.750000    1.370840   -0.620840 (VIOLATED)
_6529_/B                                0.750000    1.370840   -0.620840 (VIOLATED)
fanout585/X                             0.750000    1.370840   -0.620840 (VIOLATED)
_6482_/A2                               0.750000    1.322819   -0.572819 (VIOLATED)
_6528_/A                                0.750000    1.322817   -0.572817 (VIOLATED)
_6675_/B2                               0.750000    1.322814   -0.572814 (VIOLATED)
_6641_/B2                               0.750000    1.322794   -0.572794 (VIOLATED)
_6713_/B2                               0.750000    1.322794   -0.572794 (VIOLATED)
_6911_/B2                               0.750000    1.322786   -0.572786 (VIOLATED)
_6846_/A2                               0.750000    1.322783   -0.572783 (VIOLATED)
_6925_/B2                               0.750000    1.322754   -0.572754 (VIOLATED)
_6960_/A                                0.750000    1.322752   -0.572752 (VIOLATED)
fanout123/A                             0.750000    1.322409   -0.572409 (VIOLATED)
fanout124/X                             0.750000    1.322409   -0.572409 (VIOLATED)
_6818_/A1                               0.750000    1.299215   -0.549215 (VIOLATED)
_6788_/B                                0.750000    1.299207   -0.549207 (VIOLATED)
_6688_/B1                               0.750000    1.299158   -0.549158 (VIOLATED)
_6653_/B1                               0.750000    1.299121   -0.549121 (VIOLATED)
_6616_/B1                               0.750000    1.299078   -0.549078 (VIOLATED)
_6600_/B1                               0.750000    1.299061   -0.549061 (VIOLATED)
_6595_/A1                               0.750000    1.299050   -0.549050 (VIOLATED)
_6566_/B                                0.750000    1.298657   -0.548657 (VIOLATED)
_6543_/B2                               0.750000    1.298623   -0.548624 (VIOLATED)
_6442_/B1                               0.750000    1.298616   -0.548616 (VIOLATED)
fanout146/X                             0.750000    1.298616   -0.548616 (VIOLATED)
_6923_/A                                0.750000    1.273019   -0.523019 (VIOLATED)
_6888_/C1                               0.750000    1.273017   -0.523017 (VIOLATED)
_6820_/A1                               0.750000    1.273011   -0.523011 (VIOLATED)
_6837_/A1                               0.750000    1.272994   -0.522994 (VIOLATED)
_6753_/A1                               0.750000    1.272939   -0.522940 (VIOLATED)
_6706_/B1                               0.750000    1.272925   -0.522925 (VIOLATED)
_6737_/A1                               0.750000    1.272911   -0.522911 (VIOLATED)
_6667_/A1                               0.750000    1.272830   -0.522831 (VIOLATED)
_6473_/A2                               0.750000    1.272424   -0.522424 (VIOLATED)
_6513_/A2                               0.750000    1.272424   -0.522424 (VIOLATED)
fanout144/X                             0.750000    1.272424   -0.522424 (VIOLATED)
fanout191/A                             0.750000    1.257246   -0.507246 (VIOLATED)
_3748_/B                                0.750000    1.257236   -0.507236 (VIOLATED)
_3750_/B2                               0.750000    1.257236   -0.507236 (VIOLATED)
fanout189/A                             0.750000    1.257209   -0.507209 (VIOLATED)
fanout186/A                             0.750000    1.257202   -0.507202 (VIOLATED)
fanout188/A                             0.750000    1.257202   -0.507202 (VIOLATED)
input8/X                                0.750000    1.256879   -0.506879 (VIOLATED)
_6891_/B1                               0.750000    1.240686   -0.490686 (VIOLATED)
_6879_/A2                               0.750000    1.240683   -0.490683 (VIOLATED)
_6334_/A2                               0.750000    1.240673   -0.490673 (VIOLATED)
_6445_/B1                               0.750000    1.240664   -0.490664 (VIOLATED)
_6468_/B1                               0.750000    1.240664   -0.490664 (VIOLATED)
_6508_/B1                               0.750000    1.240664   -0.490664 (VIOLATED)
_6535_/A2                               0.750000    1.240664   -0.490664 (VIOLATED)
_6551_/A2                               0.750000    1.240664   -0.490664 (VIOLATED)
_6572_/B1                               0.750000    1.240664   -0.490664 (VIOLATED)
_6591_/A2                               0.750000    1.240664   -0.490664 (VIOLATED)
fanout135/X                             0.750000    1.240664   -0.490664 (VIOLATED)
_6340_/A2                               0.750000    1.220301   -0.470301 (VIOLATED)
_6916_/A2                               0.750000    1.220302   -0.470302 (VIOLATED)
_6339_/A                                0.750000    1.220301   -0.470301 (VIOLATED)
_6573_/B1                               0.750000    1.220301   -0.470301 (VIOLATED)
_6591_/B1                               0.750000    1.220301   -0.470301 (VIOLATED)
_6880_/B1                               0.750000    1.220301   -0.470301 (VIOLATED)
_6449_/B1                               0.750000    1.220300   -0.470300 (VIOLATED)
_6469_/B1                               0.750000    1.220300   -0.470300 (VIOLATED)
_6506_/B                                0.750000    1.220300   -0.470300 (VIOLATED)
_6535_/B1                               0.750000    1.220300   -0.470300 (VIOLATED)
fanout126/X                             0.750000    1.220300   -0.470300 (VIOLATED)
_6389_/A                                0.750000    1.217367   -0.467368 (VIOLATED)
_6366_/A                                0.750000    1.217366   -0.467366 (VIOLATED)
_6364_/A                                0.750000    1.217362   -0.467362 (VIOLATED)
_6318_/A                                0.750000    1.217356   -0.467356 (VIOLATED)
_6393_/A                                0.750000    1.217351   -0.467351 (VIOLATED)
_6628_/A1                               0.750000    1.217014   -0.467014 (VIOLATED)
_6531_/A                                0.750000    1.217005   -0.467005 (VIOLATED)
_6228_/B                                0.750000    1.217002   -0.467002 (VIOLATED)
_6464_/A                                0.750000    1.217002   -0.467002 (VIOLATED)
_6483_/A1                               0.750000    1.217002   -0.467002 (VIOLATED)
fanout176/X                             0.750000    1.217002   -0.467002 (VIOLATED)
_3765_/A                                0.750000    1.173057   -0.423057 (VIOLATED)
_6316_/A3                               0.750000    1.173041   -0.423041 (VIOLATED)
_6958_/A1                               0.750000    1.173038   -0.423039 (VIOLATED)
_6416_/A3                               0.750000    1.173037   -0.423037 (VIOLATED)
_6492_/A1                               0.750000    1.173033   -0.423034 (VIOLATED)
_6938_/A0                               0.750000    1.173024   -0.423024 (VIOLATED)
_6956_/A2                               0.750000    1.172976   -0.422976 (VIOLATED)
_6975_/A2                               0.750000    1.172968   -0.422968 (VIOLATED)
_6397_/A0                               0.750000    1.172967   -0.422967 (VIOLATED)
fanout605/A                             0.750000    1.172959   -0.422959 (VIOLATED)
fanout606/X                             0.750000    1.172660   -0.422660 (VIOLATED)
_6925_/A1                               0.750000    1.143631   -0.393631 (VIOLATED)
_6659_/A1                               0.750000    1.143629   -0.393629 (VIOLATED)
_6308_/B1                               0.750000    1.143628   -0.393628 (VIOLATED)
_6895_/A1                               0.750000    1.143624   -0.393624 (VIOLATED)
_6961_/A1                               0.750000    1.143616   -0.393616 (VIOLATED)
_6693_/A1                               0.750000    1.143613   -0.393613 (VIOLATED)
_6623_/A1                               0.750000    1.143605   -0.393605 (VIOLATED)
_6675_/A1                               0.750000    1.143597   -0.393597 (VIOLATED)
_6641_/A2                               0.750000    1.143571   -0.393571 (VIOLATED)
_6713_/A1                               0.750000    1.143571   -0.393571 (VIOLATED)
fanout122/X                             0.750000    1.143571   -0.393571 (VIOLATED)
_6511_/A1                               0.750000    1.134806   -0.384806 (VIOLATED)
_6451_/A1                               0.750000    1.134806   -0.384806 (VIOLATED)
_6576_/B2                               0.750000    1.134806   -0.384806 (VIOLATED)
_6372_/B                                0.750000    1.134800   -0.384800 (VIOLATED)
_6784_/B2                               0.750000    1.134765   -0.384765 (VIOLATED)
_6593_/A2_N                             0.750000    1.134758   -0.384758 (VIOLATED)
_6881_/A1                               0.750000    1.134749   -0.384749 (VIOLATED)
_6801_/B2                               0.750000    1.134740   -0.384740 (VIOLATED)
_6866_/A2                               0.750000    1.134738   -0.384738 (VIOLATED)
_6768_/A1                               0.750000    1.134735   -0.384735 (VIOLATED)
fanout121/X                             0.750000    1.134735   -0.384735 (VIOLATED)
_6177_/A                                0.750000    1.132897   -0.382897 (VIOLATED)
_6178_/A                                0.750000    1.132897   -0.382897 (VIOLATED)
_6275_/A_N                              0.750000    1.132897   -0.382897 (VIOLATED)
_4067_/B                                0.750000    1.132892   -0.382893 (VIOLATED)
_4107_/A2                               0.750000    1.132892   -0.382892 (VIOLATED)
_3889_/D                                0.750000    1.132891   -0.382891 (VIOLATED)
_3890_/D                                0.750000    1.132891   -0.382891 (VIOLATED)
_3956_/B                                0.750000    1.132891   -0.382891 (VIOLATED)
_3959_/A2                               0.750000    1.132891   -0.382891 (VIOLATED)
_4045_/B1                               0.750000    1.132891   -0.382891 (VIOLATED)
fanout316/X                             0.750000    1.132891   -0.382891 (VIOLATED)
_6681_/A2                               0.750000    1.103030   -0.353031 (VIOLATED)
_6590_/B1                               0.750000    1.103030   -0.353030 (VIOLATED)
_6573_/A2                               0.750000    1.103028   -0.353028 (VIOLATED)
_6509_/A2                               0.750000    1.103027   -0.353027 (VIOLATED)
_6551_/B1                               0.750000    1.103024   -0.353024 (VIOLATED)
_6533_/B1                               0.750000    1.103017   -0.353017 (VIOLATED)
_6469_/A2                               0.750000    1.103011   -0.353011 (VIOLATED)
_6449_/A2                               0.750000    1.103004   -0.353004 (VIOLATED)
_6334_/B1                               0.750000    1.103000   -0.353000 (VIOLATED)
_6374_/B1                               0.750000    1.103000   -0.353000 (VIOLATED)
fanout131/X                             0.750000    1.103000   -0.353000 (VIOLATED)
_6958_/A0                               0.750000    1.092740   -0.342740 (VIOLATED)
_6316_/A2                               0.750000    1.092737   -0.342737 (VIOLATED)
_3530_/A                                0.750000    1.092735   -0.342735 (VIOLATED)
_6492_/A2                               0.750000    1.092735   -0.342735 (VIOLATED)
_3533_/A1                               0.750000    1.092733   -0.342733 (VIOLATED)
_3502_/A                                0.750000    1.092712   -0.342712 (VIOLATED)
_3868_/A                                0.750000    1.092712   -0.342712 (VIOLATED)
_5967_/A1                               0.750000    1.092709   -0.342709 (VIOLATED)
_5955_/A2                               0.750000    1.092705   -0.342705 (VIOLATED)
_6071_/B                                0.750000    1.092705   -0.342705 (VIOLATED)
fanout604/X                             0.750000    1.092705   -0.342705 (VIOLATED)
_4176_/A                                0.750000    1.088796   -0.338796 (VIOLATED)
_4447_/A1                               0.750000    1.088790   -0.338790 (VIOLATED)
_3766_/A1                               0.750000    1.088775   -0.338775 (VIOLATED)
_3528_/A                                0.750000    1.088761   -0.338761 (VIOLATED)
_6310_/A0                               0.750000    1.088739   -0.338739 (VIOLATED)
_6958_/A2                               0.750000    1.088726   -0.338726 (VIOLATED)
_6416_/A2                               0.750000    1.088361   -0.338361 (VIOLATED)
_6492_/A0                               0.750000    1.088347   -0.338347 (VIOLATED)
_6938_/A1                               0.750000    1.088337   -0.338337 (VIOLATED)
fanout607/A                             0.750000    1.088273   -0.338273 (VIOLATED)
fanout608/X                             0.750000    1.088273   -0.338273 (VIOLATED)
_6174_/A                                0.750000    1.079797   -0.329797 (VIOLATED)
_6173_/A                                0.750000    1.079796   -0.329796 (VIOLATED)
_6175_/A                                0.750000    1.079796   -0.329796 (VIOLATED)
_3485_/A                                0.750000    1.079794   -0.329794 (VIOLATED)
_3889_/C                                0.750000    1.079782   -0.329782 (VIOLATED)
_3890_/C                                0.750000    1.079782   -0.329782 (VIOLATED)
_3955_/D                                0.750000    1.079782   -0.329782 (VIOLATED)
_3957_/B1                               0.750000    1.079782   -0.329782 (VIOLATED)
_3993_/B2                               0.750000    1.079782   -0.329782 (VIOLATED)
_5993_/A                                0.750000    1.079782   -0.329782 (VIOLATED)
fanout315/X                             0.750000    1.079782   -0.329782 (VIOLATED)
_4290_/A                                0.750000    1.079210   -0.329210 (VIOLATED)
_3776_/A                                0.750000    1.079202   -0.329202 (VIOLATED)
_4177_/A1                               0.750000    1.079202   -0.329202 (VIOLATED)
_6310_/A1                               0.750000    1.079200   -0.329200 (VIOLATED)
_6958_/A3                               0.750000    1.079200   -0.329200 (VIOLATED)
_6416_/A1                               0.750000    1.079197   -0.329197 (VIOLATED)
_6489_/A3                               0.750000    1.079196   -0.329196 (VIOLATED)
_3512_/A                                0.750000    1.079194   -0.329194 (VIOLATED)
_6938_/A2                               0.750000    1.079191   -0.329191 (VIOLATED)
fanout620/A                             0.750000    1.079157   -0.329157 (VIOLATED)
fanout621/X                             0.750000    1.079157   -0.329157 (VIOLATED)
_3643_/A2                               0.750000    1.075866   -0.325866 (VIOLATED)
fanout417/A                             0.750000    1.075840   -0.325840 (VIOLATED)
load_slew424/A                          0.750000    1.075833   -0.325833 (VIOLATED)
fanout419/A                             0.750000    1.075833   -0.325833 (VIOLATED)
input38/X                               0.750000    1.075829   -0.325829 (VIOLATED)
_6891_/A2                               0.750000    1.054155   -0.304155 (VIOLATED)
_6927_/A2                               0.750000    1.054154   -0.304154 (VIOLATED)
_6590_/A2                               0.750000    1.054152   -0.304152 (VIOLATED)
_6963_/A2                               0.750000    1.054152   -0.304152 (VIOLATED)
_6572_/A2                               0.750000    1.054151   -0.304151 (VIOLATED)
_6445_/A2                               0.750000    1.054150   -0.304150 (VIOLATED)
_6508_/A2                               0.750000    1.054150   -0.304150 (VIOLATED)
_6533_/A2                               0.750000    1.054150   -0.304150 (VIOLATED)
fanout138/X                             0.750000    1.054150   -0.304150 (VIOLATED)
_6602_/A                                0.750000    1.050787   -0.300787 (VIOLATED)
_6568_/C1                               0.750000    1.050786   -0.300786 (VIOLATED)
_6589_/A                                0.750000    1.050786   -0.300786 (VIOLATED)
_6303_/A                                0.750000    1.050784   -0.300784 (VIOLATED)
_6481_/S1                               0.750000    1.050780   -0.300780 (VIOLATED)
_6577_/S0                               0.750000    1.050780   -0.300780 (VIOLATED)
_6219_/B                                0.750000    1.050777   -0.300778 (VIOLATED)
_6226_/A2                               0.750000    1.050777   -0.300778 (VIOLATED)
_6407_/S1                               0.750000    1.050777   -0.300778 (VIOLATED)
_6524_/S                                0.750000    1.050777   -0.300778 (VIOLATED)
fanout174/X                             0.750000    1.050777   -0.300778 (VIOLATED)
_6305_/A1                               0.750000    1.003785   -0.253785 (VIOLATED)
_4045_/B2                               0.750000    1.003767   -0.253767 (VIOLATED)
_3997_/A                                0.750000    1.003758   -0.253758 (VIOLATED)
_4003_/B                                0.750000    1.003758   -0.253758 (VIOLATED)
fanout658/A                             0.750000    1.003755   -0.253755 (VIOLATED)
fanout660/X                             0.750000    1.003752   -0.253752 (VIOLATED)
_6865_/A2                               0.750000    0.996856   -0.246856 (VIOLATED)
_6659_/B2                               0.750000    0.996855   -0.246855 (VIOLATED)
_6308_/A1                               0.750000    0.996854   -0.246854 (VIOLATED)
_6895_/B2                               0.750000    0.996851   -0.246851 (VIOLATED)
_6554_/A                                0.750000    0.996848   -0.246848 (VIOLATED)
_6623_/B2                               0.750000    0.996848   -0.246848 (VIOLATED)
_6693_/B2                               0.750000    0.996848   -0.246848 (VIOLATED)
_6743_/A1                               0.750000    0.996848   -0.246848 (VIOLATED)
_6765_/B                                0.750000    0.996848   -0.246848 (VIOLATED)
_6799_/A2                               0.750000    0.996848   -0.246848 (VIOLATED)
fanout123/X                             0.750000    0.996848   -0.246848 (VIOLATED)
_5975_/B1                               0.750000    0.973242   -0.223242 (VIOLATED)
_5976_/C                                0.750000    0.973242   -0.223242 (VIOLATED)
_6028_/A2                               0.750000    0.973239   -0.223239 (VIOLATED)
fanout385/A                             0.750000    0.972931   -0.222931 (VIOLATED)
fanout387/A                             0.750000    0.972931   -0.222931 (VIOLATED)
input41/X                               0.750000    0.972931   -0.222931 (VIOLATED)
_6751_/A1                               0.750000    0.945979   -0.195979 (VIOLATED)
_6817_/A1                               0.750000    0.945979   -0.195979 (VIOLATED)
_6610_/B2                               0.750000    0.945974   -0.195974 (VIOLATED)
_6438_/A                                0.750000    0.945965   -0.195965 (VIOLATED)
_6586_/A                                0.750000    0.945964   -0.195964 (VIOLATED)
_6510_/B2                               0.750000    0.945957   -0.195957 (VIOLATED)
_6559_/B2                               0.750000    0.945952   -0.195952 (VIOLATED)
_6370_/B                                0.750000    0.945948   -0.195948 (VIOLATED)
_6538_/B2                               0.750000    0.945948   -0.195948 (VIOLATED)
_6579_/B2                               0.750000    0.945948   -0.195948 (VIOLATED)
fanout118/X                             0.750000    0.945948   -0.195948 (VIOLATED)
_6798_/A2                               0.750000    0.922011   -0.172011 (VIOLATED)
_6781_/B1                               0.750000    0.922007   -0.172007 (VIOLATED)
_6763_/B1                               0.750000    0.922004   -0.172004 (VIOLATED)
_6750_/A2                               0.750000    0.922001   -0.172002 (VIOLATED)
_6718_/B1                               0.750000    0.921985   -0.171985 (VIOLATED)
_6733_/B1                               0.750000    0.921974   -0.171974 (VIOLATED)
_6697_/B1                               0.750000    0.921964   -0.171964 (VIOLATED)
_6664_/A3                               0.750000    0.921950   -0.171950 (VIOLATED)
_6605_/B1                               0.750000    0.921938   -0.171938 (VIOLATED)
_6646_/B1                               0.750000    0.921938   -0.171938 (VIOLATED)
fanout125/X                             0.750000    0.921938   -0.171938 (VIOLATED)
_6863_/A2                               0.750000    0.921678   -0.171678 (VIOLATED)
_6826_/A2                               0.750000    0.921673   -0.171673 (VIOLATED)
_6762_/A2                               0.750000    0.921664   -0.171664 (VIOLATED)
_6717_/B                                0.750000    0.921654   -0.171654 (VIOLATED)
_6733_/A2                               0.750000    0.921649   -0.171649 (VIOLATED)
_6696_/A2                               0.750000    0.921647   -0.171647 (VIOLATED)
_6679_/A2                               0.750000    0.921634   -0.171634 (VIOLATED)
_6629_/A2                               0.750000    0.921630   -0.171630 (VIOLATED)
_6645_/A2                               0.750000    0.921630   -0.171630 (VIOLATED)
_6662_/A2                               0.750000    0.921630   -0.171630 (VIOLATED)
fanout137/X                             0.750000    0.921630   -0.171630 (VIOLATED)
_3518_/A                                0.750000    0.920054   -0.170054 (VIOLATED)
_3519_/A1                               0.750000    0.920054   -0.170054 (VIOLATED)
_3872_/A                                0.750000    0.920054   -0.170054 (VIOLATED)
_5953_/A1                               0.750000    0.920054   -0.170054 (VIOLATED)
_5957_/B2                               0.750000    0.920054   -0.170054 (VIOLATED)
_5958_/D                                0.750000    0.920054   -0.170054 (VIOLATED)
_6072_/B                                0.750000    0.920054   -0.170054 (VIOLATED)
_6073_/B                                0.750000    0.920054   -0.170054 (VIOLATED)
_6205_/A                                0.750000    0.920054   -0.170054 (VIOLATED)
_6942_/A1                               0.750000    0.920054   -0.170054 (VIOLATED)
fanout605/X                             0.750000    0.920054   -0.170054 (VIOLATED)
_6405_/A1                               0.750000    0.886721   -0.136721 (VIOLATED)
_6909_/A3                               0.750000    0.886721   -0.136721 (VIOLATED)
_6413_/A2                               0.750000    0.886720   -0.136720 (VIOLATED)
_6489_/A0                               0.750000    0.886720   -0.136720 (VIOLATED)
_6876_/A1                               0.750000    0.886715   -0.136715 (VIOLATED)
_6864_/A1                               0.750000    0.886713   -0.136713 (VIOLATED)
_3522_/A                                0.750000    0.886713   -0.136713 (VIOLATED)
_6319_/A0                               0.750000    0.886712   -0.136712 (VIOLATED)
_3523_/A1                               0.750000    0.886710   -0.136710 (VIOLATED)
_3679_/A                                0.750000    0.886710   -0.136710 (VIOLATED)
fanout628/X                             0.750000    0.886710   -0.136710 (VIOLATED)
_6523_/S                                0.750000    0.882849   -0.132849 (VIOLATED)
_6577_/S1                               0.750000    0.882848   -0.132848 (VIOLATED)
_6710_/S1                               0.750000    0.882842   -0.132842 (VIOLATED)
_6569_/A                                0.750000    0.882838   -0.132838 (VIOLATED)
_6976_/S                                0.750000    0.882836   -0.132836 (VIOLATED)
fanout169/A                             0.750000    0.882836   -0.132836 (VIOLATED)
fanout171/A                             0.750000    0.882836   -0.132836 (VIOLATED)
fanout173/X                             0.750000    0.882836   -0.132836 (VIOLATED)
_6491_/A                                0.750000    0.879026   -0.129026 (VIOLATED)
_6588_/A                                0.750000    0.879026   -0.129026 (VIOLATED)
_6546_/C1                               0.750000    0.879025   -0.129026 (VIOLATED)
_6415_/A                                0.750000    0.879025   -0.129025 (VIOLATED)
_6437_/S1                               0.750000    0.879025   -0.129025 (VIOLATED)
_6504_/S                                0.750000    0.879025   -0.129025 (VIOLATED)
_6558_/S0                               0.750000    0.879025   -0.129025 (VIOLATED)
_6585_/S0                               0.750000    0.879025   -0.129025 (VIOLATED)
_6608_/S                                0.750000    0.879025   -0.129025 (VIOLATED)
_6620_/S1                               0.750000    0.879025   -0.129025 (VIOLATED)
fanout175/X                             0.750000    0.879025   -0.129025 (VIOLATED)
_4517_/C                                0.750000    0.875250   -0.125250 (VIOLATED)
_4519_/A2                               0.750000    0.875249   -0.125249 (VIOLATED)
_6015_/A1                               0.750000    0.875241   -0.125241 (VIOLATED)
_6016_/A                                0.750000    0.875241   -0.125241 (VIOLATED)
fanout451/A                             0.750000    0.875241   -0.125241 (VIOLATED)
fanout452/A                             0.750000    0.875241   -0.125241 (VIOLATED)
fanout453/X                             0.750000    0.875241   -0.125241 (VIOLATED)
_5978_/A2                               0.750000    0.865947   -0.115947 (VIOLATED)
fanout344/A                             0.750000    0.865940   -0.115940 (VIOLATED)
fanout346/A                             0.750000    0.865940   -0.115940 (VIOLATED)
fanout347/A                             0.750000    0.865940   -0.115940 (VIOLATED)
input45/X                               0.750000    0.865940   -0.115940 (VIOLATED)
_3572_/A1                               0.750000    0.862922   -0.112922 (VIOLATED)
_3570_/A                                0.750000    0.862921   -0.112921 (VIOLATED)
fanout579/A                             0.750000    0.862912   -0.112912 (VIOLATED)
_4634_/A                                0.750000    0.862901   -0.112901 (VIOLATED)
_4635_/A1                               0.750000    0.862901   -0.112901 (VIOLATED)
fanout580/X                             0.750000    0.862901   -0.112901 (VIOLATED)
_3969_/B                                0.750000    0.862284   -0.112284 (VIOLATED)
_5981_/A                                0.750000    0.862283   -0.112283 (VIOLATED)
_6078_/A                                0.750000    0.862273   -0.112273 (VIOLATED)
_6079_/A                                0.750000    0.862271   -0.112271 (VIOLATED)
fanout333/A                             0.750000    0.862239   -0.112239 (VIOLATED)
fanout335/X                             0.750000    0.862239   -0.112239 (VIOLATED)
_6781_/A2                               0.750000    0.852964   -0.102964 (VIOLATED)
_6763_/A2                               0.750000    0.852963   -0.102963 (VIOLATED)
_6749_/B1                               0.750000    0.852962   -0.102962 (VIOLATED)
_6719_/A2                               0.750000    0.852959   -0.102959 (VIOLATED)
_6732_/B1                               0.750000    0.852957   -0.102957 (VIOLATED)
_6697_/A2                               0.750000    0.852953   -0.102953 (VIOLATED)
_6663_/A2                               0.750000    0.852942   -0.102942 (VIOLATED)
_6605_/A2                               0.750000    0.852941   -0.102941 (VIOLATED)
_6630_/A2                               0.750000    0.852941   -0.102941 (VIOLATED)
_6646_/A2                               0.750000    0.852941   -0.102941 (VIOLATED)
fanout129/X                             0.750000    0.852941   -0.102941 (VIOLATED)
_3577_/B                                0.750000    0.848776   -0.098776 (VIOLATED)
_6096_/A                                0.750000    0.848776   -0.098776 (VIOLATED)
_6097_/A                                0.750000    0.848776   -0.098776 (VIOLATED)
_6098_/A                                0.750000    0.848776   -0.098776 (VIOLATED)
fanout387/X                             0.750000    0.848776   -0.098776 (VIOLATED)
load_slew388/A                          0.750000    0.848776   -0.098776 (VIOLATED)
_6843_/A2                               0.750000    0.847029   -0.097029 (VIOLATED)
_6863_/B1                               0.750000    0.847028   -0.097029 (VIOLATED)
_6826_/B1                               0.750000    0.847022   -0.097022 (VIOLATED)
_6811_/A2                               0.750000    0.847017   -0.097017 (VIOLATED)
_6797_/A2                               0.750000    0.847010   -0.097010 (VIOLATED)
_6645_/B1                               0.750000    0.846971   -0.096971 (VIOLATED)
fanout133/A                             0.750000    0.846971   -0.096971 (VIOLATED)
fanout134/X                             0.750000    0.846971   -0.096971 (VIOLATED)
_4433_/A1                               0.750000    0.836940   -0.086940 (VIOLATED)
_4432_/A                                0.750000    0.836939   -0.086939 (VIOLATED)
_4291_/A1                               0.750000    0.836937   -0.086937 (VIOLATED)
_4187_/A                                0.750000    0.836937   -0.086937 (VIOLATED)
_3498_/A                                0.750000    0.836933   -0.086933 (VIOLATED)
_3524_/C                                0.750000    0.836933   -0.086933 (VIOLATED)
_6310_/A2                               0.750000    0.836933   -0.086933 (VIOLATED)
_6416_/A0                               0.750000    0.836933   -0.086933 (VIOLATED)
_6489_/A2                               0.750000    0.836933   -0.086933 (VIOLATED)
_6938_/A3                               0.750000    0.836933   -0.086933 (VIOLATED)
fanout623/X                             0.750000    0.836933   -0.086933 (VIOLATED)
_5000_/Y                                0.750000    0.835204   -0.085205 (VIOLATED)
_5002_/B1                               0.750000    0.835204   -0.085205 (VIOLATED)
_5004_/A1                               0.750000    0.835204   -0.085205 (VIOLATED)
_5006_/C1                               0.750000    0.835204   -0.085205 (VIOLATED)
_5094_/A1                               0.750000    0.835204   -0.085205 (VIOLATED)
_6928_/A1                               0.750000    0.824059   -0.074059 (VIOLATED)
_6174_/B                                0.750000    0.824057   -0.074057 (VIOLATED)
_6173_/B                                0.750000    0.824056   -0.074056 (VIOLATED)
_6175_/B                                0.750000    0.824055   -0.074055 (VIOLATED)
_6282_/A2                               0.750000    0.824054   -0.074054 (VIOLATED)
_3506_/A                                0.750000    0.824050   -0.074050 (VIOLATED)
_3869_/C                                0.750000    0.824049   -0.074049 (VIOLATED)
_3870_/B1                               0.750000    0.824049   -0.074049 (VIOLATED)
_3874_/A1                               0.750000    0.824049   -0.074049 (VIOLATED)
_5957_/A2                               0.750000    0.824049   -0.074049 (VIOLATED)
fanout607/X                             0.750000    0.824049   -0.074049 (VIOLATED)
_6773_/Y                                0.750000    0.820990   -0.070990 (VIOLATED)
_6984_/A                                0.750000    0.820990   -0.070990 (VIOLATED)
output79/A                              0.750000    0.820990   -0.070990 (VIOLATED)
_5158_/B                                0.750000    0.820913   -0.070913 (VIOLATED)
_5160_/A2                               0.750000    0.820912   -0.070912 (VIOLATED)
_5230_/B                                0.750000    0.820912   -0.070912 (VIOLATED)
_5273_/B                                0.750000    0.820912   -0.070912 (VIOLATED)
_5232_/A2                               0.750000    0.820911   -0.070911 (VIOLATED)
_6411_/S                                0.750000    0.820906   -0.070906 (VIOLATED)
_6431_/S                                0.750000    0.820906   -0.070906 (VIOLATED)
_6499_/S                                0.750000    0.820906   -0.070906 (VIOLATED)
fanout351/X                             0.750000    0.820906   -0.070906 (VIOLATED)
_3828_/B                                0.750000    0.820885   -0.070885 (VIOLATED)
_3829_/B                                0.750000    0.820885   -0.070885 (VIOLATED)
_3936_/B                                0.750000    0.820884   -0.070884 (VIOLATED)
_6013_/A1                               0.750000    0.820876   -0.070876 (VIOLATED)
_6014_/A                                0.750000    0.820875   -0.070875 (VIOLATED)
_3622_/B                                0.750000    0.820874   -0.070874 (VIOLATED)
_3628_/D                                0.750000    0.820848   -0.070848 (VIOLATED)
_3660_/A2_N                             0.750000    0.820843   -0.070843 (VIOLATED)
_3666_/B                                0.750000    0.820826   -0.070827 (VIOLATED)
_3735_/A2                               0.750000    0.820822   -0.070822 (VIOLATED)
fanout445/X                             0.750000    0.820822   -0.070822 (VIOLATED)
_4519_/B1                               0.750000    0.819679   -0.069679 (VIOLATED)
_4517_/D                                0.750000    0.819679   -0.069679 (VIOLATED)
fanout208/A                             0.750000    0.819660   -0.069660 (VIOLATED)
_5946_/B2                               0.750000    0.819644   -0.069644 (VIOLATED)
_6015_/B1                               0.750000    0.819644   -0.069644 (VIOLATED)
_6016_/C                                0.750000    0.819644   -0.069644 (VIOLATED)
fanout209/A                             0.750000    0.819644   -0.069644 (VIOLATED)
fanout210/X                             0.750000    0.819644   -0.069644 (VIOLATED)
_4551_/A                                0.750000    0.811832   -0.061832 (VIOLATED)
_4300_/A                                0.750000    0.811830   -0.061830 (VIOLATED)
_3772_/C                                0.750000    0.811826   -0.061826 (VIOLATED)
_4179_/A1_N                             0.750000    0.811824   -0.061824 (VIOLATED)
_4534_/A                                0.750000    0.811821   -0.061821 (VIOLATED)
_6310_/A3                               0.750000    0.811816   -0.061816 (VIOLATED)
_3522_/B                                0.750000    0.811814   -0.061814 (VIOLATED)
_3523_/B2                               0.750000    0.811812   -0.061812 (VIOLATED)
_3695_/A                                0.750000    0.811810   -0.061810 (VIOLATED)
_3848_/A1                               0.750000    0.811810   -0.061810 (VIOLATED)
fanout624/X                             0.750000    0.811810   -0.061810 (VIOLATED)
_6909_/A0                               0.750000    0.808255   -0.058255 (VIOLATED)
_6914_/A1                               0.750000    0.808254   -0.058254 (VIOLATED)
_5947_/B                                0.750000    0.808252   -0.058252 (VIOLATED)
_6275_/B                                0.750000    0.808252   -0.058252 (VIOLATED)
_6177_/B                                0.750000    0.808252   -0.058252 (VIOLATED)
_6178_/B                                0.750000    0.808252   -0.058252 (VIOLATED)
_3507_/B                                0.750000    0.808251   -0.058251 (VIOLATED)
_3508_/B2                               0.750000    0.808251   -0.058251 (VIOLATED)
_3515_/A1                               0.750000    0.808251   -0.058251 (VIOLATED)
_3869_/A                                0.750000    0.808251   -0.058251 (VIOLATED)
fanout620/X                             0.750000    0.808251   -0.058251 (VIOLATED)
_3976_/A                                0.750000    0.804934   -0.054934 (VIOLATED)
_6028_/A1                               0.750000    0.804932   -0.054933 (VIOLATED)
_5983_/D                                0.750000    0.804932   -0.054932 (VIOLATED)
_5982_/B2                               0.750000    0.804931   -0.054931 (VIOLATED)
_3815_/A1                               0.750000    0.804925   -0.054925 (VIOLATED)
_3814_/A                                0.750000    0.804924   -0.054924 (VIOLATED)
_3593_/B                                0.750000    0.804914   -0.054914 (VIOLATED)
_3594_/B2                               0.750000    0.804911   -0.054911 (VIOLATED)
_3588_/A                                0.750000    0.804909   -0.054909 (VIOLATED)
_3604_/A1                               0.750000    0.804909   -0.054909 (VIOLATED)
fanout327/X                             0.750000    0.804909   -0.054909 (VIOLATED)
_6024_/B                                0.750000    0.802729   -0.052729 (VIOLATED)
_3656_/A1                               0.750000    0.802728   -0.052728 (VIOLATED)
_3825_/B                                0.750000    0.802728   -0.052728 (VIOLATED)
_3826_/B2                               0.750000    0.802728   -0.052728 (VIOLATED)
_3933_/A                                0.750000    0.802728   -0.052728 (VIOLATED)
_3934_/A1                               0.750000    0.802728   -0.052728 (VIOLATED)
_6814_/A3                               0.750000    0.802728   -0.052728 (VIOLATED)
fanout184/X                             0.750000    0.802728   -0.052728 (VIOLATED)
_3535_/C                                0.750000    0.798672   -0.048672 (VIOLATED)
_3536_/A2                               0.750000    0.798672   -0.048672 (VIOLATED)
_3539_/C                                0.750000    0.798672   -0.048672 (VIOLATED)
_3540_/A2                               0.750000    0.798672   -0.048672 (VIOLATED)
_3786_/C                                0.750000    0.798672   -0.048672 (VIOLATED)
_3787_/A2                               0.750000    0.798672   -0.048672 (VIOLATED)
_3892_/C                                0.750000    0.798672   -0.048672 (VIOLATED)
_3893_/A2                               0.750000    0.798672   -0.048672 (VIOLATED)
_3961_/C                                0.750000    0.798672   -0.048672 (VIOLATED)
_3962_/A2                               0.750000    0.798672   -0.048672 (VIOLATED)
fanout318/X                             0.750000    0.798672   -0.048672 (VIOLATED)
_3962_/B1                               0.750000    0.793358   -0.043358 (VIOLATED)
_3961_/D                                0.750000    0.793358   -0.043358 (VIOLATED)
_3892_/D                                0.750000    0.793354   -0.043354 (VIOLATED)
_3893_/B1                               0.750000    0.793353   -0.043353 (VIOLATED)
_3786_/D                                0.750000    0.793349   -0.043349 (VIOLATED)
_3787_/B1                               0.750000    0.793348   -0.043349 (VIOLATED)
_3535_/D                                0.750000    0.793341   -0.043341 (VIOLATED)
_3536_/B1                               0.750000    0.793341   -0.043341 (VIOLATED)
_3539_/D                                0.750000    0.793337   -0.043337 (VIOLATED)
_3540_/B1                               0.750000    0.793337   -0.043337 (VIOLATED)
fanout329/X                             0.750000    0.793337   -0.043337 (VIOLATED)
_6633_/B1                               0.750000    0.793081   -0.043081 (VIOLATED)
_6614_/B1                               0.750000    0.793079   -0.043079 (VIOLATED)
_6598_/B1                               0.750000    0.793078   -0.043078 (VIOLATED)
_6440_/B1                               0.750000    0.793076   -0.043076 (VIOLATED)
_6516_/A                                0.750000    0.793076   -0.043076 (VIOLATED)
_6541_/B1                               0.750000    0.793076   -0.043076 (VIOLATED)
fanout143/X                             0.750000    0.793076   -0.043076 (VIOLATED)
_3740_/B2                               0.750000    0.791497   -0.041497 (VIOLATED)
_3739_/B                                0.750000    0.791496   -0.041496 (VIOLATED)
_4261_/A1                               0.750000    0.791493   -0.041493 (VIOLATED)
_4149_/A                                0.750000    0.791492   -0.041492 (VIOLATED)
_4275_/A1                               0.750000    0.791483   -0.041483 (VIOLATED)
_4273_/A                                0.750000    0.791480   -0.041480 (VIOLATED)
_4401_/B2                               0.750000    0.791475   -0.041475 (VIOLATED)
_4399_/B                                0.750000    0.791473   -0.041473 (VIOLATED)
_4518_/A                                0.750000    0.791473   -0.041473 (VIOLATED)
_4521_/A1                               0.750000    0.791473   -0.041473 (VIOLATED)
fanout322/X                             0.750000    0.791473   -0.041473 (VIOLATED)
_6489_/A1                               0.750000    0.789270   -0.039270 (VIOLATED)
_6413_/A3                               0.750000    0.789270   -0.039270 (VIOLATED)
_6876_/A0                               0.750000    0.789268   -0.039268 (VIOLATED)
fanout624/A                             0.750000    0.789260   -0.039260 (VIOLATED)
fanout625/A                             0.750000    0.789243   -0.039243 (VIOLATED)
_6394_/A0                               0.750000    0.789224   -0.039224 (VIOLATED)
_6879_/B2                               0.750000    0.789224   -0.039224 (VIOLATED)
fanout626/X                             0.750000    0.789224   -0.039224 (VIOLATED)
fanout629/A                             0.750000    0.786648   -0.036648 (VIOLATED)
fanout628/A                             0.750000    0.786647   -0.036647 (VIOLATED)
_4293_/A1_N                             0.750000    0.786634   -0.036634 (VIOLATED)
fanout627/A                             0.750000    0.786625   -0.036625 (VIOLATED)
input16/X                               0.750000    0.786609   -0.036609 (VIOLATED)
_6779_/B                                0.750000    0.784346   -0.034346 (VIOLATED)
_6464_/B                                0.750000    0.784343   -0.034343 (VIOLATED)
_6463_/Y                                0.750000    0.784341   -0.034341 (VIOLATED)
_3741_/A                                0.750000    0.779603   -0.029603 (VIOLATED)
_4145_/A1                               0.750000    0.779602   -0.029602 (VIOLATED)
_4159_/A1                               0.750000    0.779600   -0.029600 (VIOLATED)
_4157_/A                                0.750000    0.779600   -0.029600 (VIOLATED)
_4273_/B                                0.750000    0.779600   -0.029600 (VIOLATED)
_4275_/B2                               0.750000    0.779600   -0.029600 (VIOLATED)
_4400_/A                                0.750000    0.779600   -0.029600 (VIOLATED)
_4403_/A1                               0.750000    0.779600   -0.029600 (VIOLATED)
_4524_/A                                0.750000    0.779600   -0.029600 (VIOLATED)
_4525_/A1                               0.750000    0.779600   -0.029600 (VIOLATED)
fanout258/X                             0.750000    0.779600   -0.029600 (VIOLATED)
_4572_/B1                               0.750000    0.777948   -0.027948 (VIOLATED)
_4570_/D                                0.750000    0.777947   -0.027947 (VIOLATED)
_4792_/D                                0.750000    0.777944   -0.027944 (VIOLATED)
_4794_/B1                               0.750000    0.777943   -0.027943 (VIOLATED)
_4786_/B1                               0.750000    0.777940   -0.027940 (VIOLATED)
_4784_/D                                0.750000    0.777937   -0.027937 (VIOLATED)
_4579_/D                                0.750000    0.777936   -0.027936 (VIOLATED)
_4581_/B1                               0.750000    0.777936   -0.027936 (VIOLATED)
_6314_/B                                0.750000    0.777926   -0.027926 (VIOLATED)
_6296_/A                                0.750000    0.777925   -0.027925 (VIOLATED)
fanout286/X                             0.750000    0.777925   -0.027925 (VIOLATED)
_5992_/A                                0.750000    0.776601   -0.026601 (VIOLATED)
_5999_/A2                               0.750000    0.776599   -0.026599 (VIOLATED)
_4014_/B                                0.750000    0.776597   -0.026597 (VIOLATED)
_3960_/B                                0.750000    0.776593   -0.026593 (VIOLATED)
_3891_/B                                0.750000    0.776590   -0.026590 (VIOLATED)
_3898_/A2                               0.750000    0.776586   -0.026586 (VIOLATED)
_4089_/A2_N                             0.750000    0.776585   -0.026585 (VIOLATED)
fanout332/X                             0.750000    0.776585   -0.026585 (VIOLATED)
_4288_/A2                               0.750000    0.775828   -0.025828 (VIOLATED)
_4289_/C1                               0.750000    0.775828   -0.025828 (VIOLATED)
_4287_/Y                                0.750000    0.775827   -0.025827 (VIOLATED)
_4415_/B1                               0.750000    0.775827   -0.025827 (VIOLATED)
_4416_/A1                               0.750000    0.775827   -0.025827 (VIOLATED)
_6015_/A2                               0.750000    0.772776   -0.022776 (VIOLATED)
_6016_/B                                0.750000    0.772773   -0.022773 (VIOLATED)
_3941_/C                                0.750000    0.772768   -0.022768 (VIOLATED)
_3942_/B1                               0.750000    0.772768   -0.022768 (VIOLATED)
fanout638/A                             0.750000    0.772741   -0.022741 (VIOLATED)
fanout637/A                             0.750000    0.772701   -0.022701 (VIOLATED)
input14/X                               0.750000    0.772668   -0.022668 (VIOLATED)
_3977_/B                                0.750000    0.761145   -0.011145 (VIOLATED)
_3978_/A2                               0.750000    0.761144   -0.011144 (VIOLATED)
_3909_/C                                0.750000    0.761141   -0.011141 (VIOLATED)
_3910_/A2                               0.750000    0.761140   -0.011140 (VIOLATED)
_3801_/C                                0.750000    0.761137   -0.011137 (VIOLATED)
_3802_/A2                               0.750000    0.761133   -0.011133 (VIOLATED)
_3559_/A2                               0.750000    0.761103   -0.011103 (VIOLATED)
_3558_/C                                0.750000    0.761098   -0.011098 (VIOLATED)
_3578_/C                                0.750000    0.761054   -0.011054 (VIOLATED)
_3579_/A2                               0.750000    0.761050   -0.011050 (VIOLATED)
fanout374/X                             0.750000    0.761049   -0.011049 (VIOLATED)
output87/A                              0.750000    0.759640   -0.009640 (VIOLATED)
_6991_/A                                0.750000    0.759620   -0.009620 (VIOLATED)
_6886_/Y                                0.750000    0.759613   -0.009613 (VIOLATED)
_6780_/B1                               0.750000    0.757902   -0.007902 (VIOLATED)
_6762_/B1                               0.750000    0.757901   -0.007901 (VIOLATED)
_6749_/A2                               0.750000    0.757899   -0.007899 (VIOLATED)
_6718_/A2                               0.750000    0.757897   -0.007897 (VIOLATED)
_6732_/A2                               0.750000    0.757896   -0.007896 (VIOLATED)
_6696_/B1                               0.750000    0.757892   -0.007892 (VIOLATED)
_6679_/B1                               0.750000    0.757890   -0.007890 (VIOLATED)
_6604_/B1                               0.750000    0.757888   -0.007888 (VIOLATED)
_6629_/B1                               0.750000    0.757888   -0.007888 (VIOLATED)
_6662_/B1                               0.750000    0.757888   -0.007888 (VIOLATED)
fanout133/X                             0.750000    0.757888   -0.007888 (VIOLATED)
_4832_/Y                                0.750000    0.757174   -0.007174 (VIOLATED)
_4834_/C                                0.750000    0.757174   -0.007174 (VIOLATED)
_4880_/A2                               0.750000    0.757174   -0.007174 (VIOLATED)
_4999_/B1                               0.750000    0.757174   -0.007174 (VIOLATED)
_5003_/C1                               0.750000    0.757174   -0.007174 (VIOLATED)
_6892_/A1                               0.750000    0.757125   -0.007125 (VIOLATED)
_6909_/A1                               0.750000    0.757124   -0.007124 (VIOLATED)
_6187_/B                                0.750000    0.757123   -0.007123 (VIOLATED)
_3854_/A                                0.750000    0.757122   -0.007122 (VIOLATED)
_6185_/B                                0.750000    0.757121   -0.007121 (VIOLATED)
_5945_/A1                               0.750000    0.757121   -0.007121 (VIOLATED)
_5948_/B                                0.750000    0.757119   -0.007119 (VIOLATED)
_3513_/B2                               0.750000    0.757112   -0.007112 (VIOLATED)
_3511_/B                                0.750000    0.757109   -0.007109 (VIOLATED)
_3507_/A                                0.750000    0.757107   -0.007107 (VIOLATED)
fanout622/X                             0.750000    0.757107   -0.007107 (VIOLATED)
_6181_/B                                0.750000    0.755500   -0.005500 (VIOLATED)
_6182_/B                                0.750000    0.755499   -0.005499 (VIOLATED)
_6909_/A2                               0.750000    0.755498   -0.005498 (VIOLATED)
_3511_/A                                0.750000    0.755496   -0.005496 (VIOLATED)
_3513_/A1                               0.750000    0.755496   -0.005496 (VIOLATED)
_3850_/B                                0.750000    0.755496   -0.005496 (VIOLATED)
_3851_/C                                0.750000    0.755496   -0.005496 (VIOLATED)
_3852_/B1                               0.750000    0.755496   -0.005496 (VIOLATED)
_6276_/C_N                              0.750000    0.755496   -0.005496 (VIOLATED)
_6899_/A2                               0.750000    0.755496   -0.005496 (VIOLATED)
fanout625/X                             0.750000    0.755496   -0.005496 (VIOLATED)
_6277_/A1                               0.750000    0.754697   -0.004697 (VIOLATED)
_6185_/A                                0.750000    0.754695   -0.004695 (VIOLATED)
_6187_/A                                0.750000    0.754694   -0.004694 (VIOLATED)
_4010_/A                                0.750000    0.754678   -0.004679 (VIOLATED)
_4011_/B                                0.750000    0.754677   -0.004677 (VIOLATED)
_4012_/A2                               0.750000    0.754677   -0.004677 (VIOLATED)
fanout318/A                             0.750000    0.754677   -0.004677 (VIOLATED)
fanout319/X                             0.750000    0.754677   -0.004677 (VIOLATED)
_6797_/B1                               0.750000    0.753199   -0.003199 (VIOLATED)
_6811_/B1                               0.750000    0.753197   -0.003197 (VIOLATED)
_6827_/A2                               0.750000    0.753196   -0.003196 (VIOLATED)
_6864_/A2                               0.750000    0.753195   -0.003195 (VIOLATED)
_6843_/B1                               0.750000    0.753194   -0.003194 (VIOLATED)
_6892_/A2                               0.750000    0.753173   -0.003173 (VIOLATED)
fanout130/X                             0.750000    0.753173   -0.003173 (VIOLATED)
fanout458/A                             0.750000    0.752841   -0.002841 (VIOLATED)
_4433_/A2                               0.750000    0.752841   -0.002841 (VIOLATED)
_4901_/A2                               0.750000    0.752838   -0.002838 (VIOLATED)
_4900_/B                                0.750000    0.752838   -0.002838 (VIOLATED)
_4551_/B                                0.750000    0.752834   -0.002834 (VIOLATED)
_6958_/S0                               0.750000    0.752832   -0.002832 (VIOLATED)
fanout462/A                             0.750000    0.752832   -0.002832 (VIOLATED)
fanout464/X                             0.750000    0.752832   -0.002832 (VIOLATED)
output86/A                              0.750000    0.751635   -0.001635 (VIOLATED)
_6870_/Y                                0.750000    0.751634   -0.001635 (VIOLATED)
_6992_/B                                0.750000    0.751634   -0.001635 (VIOLATED)

max capacitance

Pin                                        Limit         Cap       Slack
------------------------------------------------------------------------
fanout152/X                             0.094309    0.116185   -0.021876 (VIOLATED)
fanout142/X                             0.094309    0.106229   -0.011920 (VIOLATED)
fanout127/X                             0.094309    0.105054   -0.010745 (VIOLATED)



===========================================================================
report_parasitic_annotation -report_unannotated
============================================================================
Found 0 unannotated drivers.
Found 0 partially unannotated drivers.

===========================================================================
max slew violation count 673
max fanout violation count 0
max cap violation count 3
============================================================================

===========================================================================
check_setup -verbose -unconstrained_endpoints -multiple_clock -no_clock -no_input_delay -loops -generated_clocks
===========================================================================
