
===========================================================================
report_checks -path_delay min (Hold)
============================================================================
======================= nom_tt_025C_1v80 Corner ===================================

Startpoint: B[31] (input port clocked by __VIRTUAL_CLK__)
Endpoint: overflow (output port clocked by __VIRTUAL_CLK__)
Path Group: __VIRTUAL_CLK__
Path Type: min

Fanout         Cap        Slew       Delay        Time   Description
---------------------------------------------------------------------------------------------
                      0.000000    0.000000    0.000000   clock __VIRTUAL_CLK__ (rise edge)
                                  0.000000    0.000000   clock network delay (ideal)
                                  2.000000    2.000000 v input external delay
     6    0.025056    0.056966    0.040245    2.040245 v B[31] (in)
                                                         B[31] (net)
                      0.056970    0.000000    2.040245 v _6349_/B (sky130_fd_sc_hd__nor2_2)
     1    0.001711    0.050879    0.065234    2.105479 ^ _6349_/Y (sky130_fd_sc_hd__nor2_2)
                                                         _2163_ (net)
                      0.050879    0.000000    2.105480 ^ _6997_/A0 (sky130_fd_sc_hd__mux2_1)
     1    0.002224    0.038293    0.111835    2.217315 ^ _6997_/X (sky130_fd_sc_hd__mux2_1)
                                                         _2843_ (net)
                      0.038293    0.000004    2.217319 ^ _6998_/B1 (sky130_fd_sc_hd__a2bb2o_2)
     1    0.036390    0.188568    0.268480    2.485799 ^ _6998_/X (sky130_fd_sc_hd__a2bb2o_2)
                                                         overflow (net)
                      0.188568    0.000562    2.486361 ^ overflow (out)
                                              2.486361   data arrival time

                      0.000000    0.000000    0.000000   clock __VIRTUAL_CLK__ (rise edge)
                                  0.000000    0.000000   clock network delay (ideal)
                                  0.250000    0.250000   clock uncertainty
                                  0.000000    0.250000   clock reconvergence pessimism
                                 -2.000000   -1.750000   output external delay
                                             -1.750000   data required time
---------------------------------------------------------------------------------------------
                                             -1.750000   data required time
                                             -2.486361   data arrival time
---------------------------------------------------------------------------------------------
                                              4.236361   slack (MET)


Startpoint: B[31] (input port clocked by __VIRTUAL_CLK__)
Endpoint: carry (output port clocked by __VIRTUAL_CLK__)
Path Group: __VIRTUAL_CLK__
Path Type: min

Fanout         Cap        Slew       Delay        Time   Description
---------------------------------------------------------------------------------------------
                      0.000000    0.000000    0.000000   clock __VIRTUAL_CLK__ (rise edge)
                                  0.000000    0.000000   clock network delay (ideal)
                                  2.000000    2.000000 v input external delay
     6    0.025056    0.056966    0.040260    2.040260 v B[31] (in)
                                                         B[31] (net)
                      0.056970    0.000000    2.040260 v _6065_/B (sky130_fd_sc_hd__nand2_2)
     4    0.013895    0.090481    0.101257    2.141517 ^ _6065_/Y (sky130_fd_sc_hd__nand2_2)
                                                         _1851_ (net)
                      0.090481    0.000017    2.141534 ^ _6999_/A (sky130_fd_sc_hd__nand2_2)
     1    0.002510    0.026888    0.044869    2.186403 v _6999_/Y (sky130_fd_sc_hd__nand2_2)
                                                         _2845_ (net)
                      0.026888    0.000003    2.186406 v _7000_/A3 (sky130_fd_sc_hd__a32o_2)
     1    0.036085    0.107370    0.333636    2.520043 v _7000_/X (sky130_fd_sc_hd__a32o_2)
                                                         carry (net)
                      0.107371    0.000519    2.520562 v carry (out)
                                              2.520562   data arrival time

                      0.000000    0.000000    0.000000   clock __VIRTUAL_CLK__ (rise edge)
                                  0.000000    0.000000   clock network delay (ideal)
                                  0.250000    0.250000   clock uncertainty
                                  0.000000    0.250000   clock reconvergence pessimism
                                 -2.000000   -1.750000   output external delay
                                             -1.750000   data required time
---------------------------------------------------------------------------------------------
                                             -1.750000   data required time
                                             -2.520562   data arrival time
---------------------------------------------------------------------------------------------
                                              4.270562   slack (MET)


Startpoint: opcode[0] (input port clocked by __VIRTUAL_CLK__)
Endpoint: result[0] (output port clocked by __VIRTUAL_CLK__)
Path Group: __VIRTUAL_CLK__
Path Type: min

Fanout         Cap        Slew       Delay        Time   Description
---------------------------------------------------------------------------------------------
                      0.000000    0.000000    0.000000   clock __VIRTUAL_CLK__ (rise edge)
                                  0.000000    0.000000   clock network delay (ideal)
                                  2.000000    2.000000 ^ input external delay
    12    0.032366    0.150827    0.104208    2.104208 ^ opcode[0] (in)
                                                         opcode[0] (net)
                      0.150828    0.000000    2.104208 ^ _6353_/C (sky130_fd_sc_hd__and4bb_2)
     1    0.003710    0.056135    0.239230    2.343438 ^ _6353_/X (sky130_fd_sc_hd__and4bb_2)
                                                         _2167_ (net)
                      0.056135    0.000023    2.343461 ^ _6408_/B1 (sky130_fd_sc_hd__a211o_2)
     2    0.048158    0.227499    0.240619    2.584080 ^ _6408_/X (sky130_fd_sc_hd__a211o_2)
                                                         result[0] (net)
                      0.227502    0.000701    2.584782 ^ result[0] (out)
                                              2.584782   data arrival time

                      0.000000    0.000000    0.000000   clock __VIRTUAL_CLK__ (rise edge)
                                  0.000000    0.000000   clock network delay (ideal)
                                  0.250000    0.250000   clock uncertainty
                                  0.000000    0.250000   clock reconvergence pessimism
                                 -2.000000   -1.750000   output external delay
                                             -1.750000   data required time
---------------------------------------------------------------------------------------------
                                             -1.750000   data required time
                                             -2.584782   data arrival time
---------------------------------------------------------------------------------------------
                                              4.334782   slack (MET)


Startpoint: B[30] (input port clocked by __VIRTUAL_CLK__)
Endpoint: result[31] (output port clocked by __VIRTUAL_CLK__)
Path Group: __VIRTUAL_CLK__
Path Type: min

Fanout         Cap        Slew       Delay        Time   Description
---------------------------------------------------------------------------------------------
                      0.000000    0.000000    0.000000   clock __VIRTUAL_CLK__ (rise edge)
                                  0.000000    0.000000   clock network delay (ideal)
                                  2.000000    2.000000 v input external delay
     5    0.018702    0.043244    0.030084    2.030084 v B[30] (in)
                                                         B[30] (net)
                      0.043246    0.000000    2.030084 v _6067_/A (sky130_fd_sc_hd__nand2_2)
     5    0.014695    0.086725    0.088904    2.118988 ^ _6067_/Y (sky130_fd_sc_hd__nand2_2)
                                                         _1853_ (net)
                      0.086725    0.000023    2.119011 ^ _6204_/A2 (sky130_fd_sc_hd__a31o_2)
     1    0.002660    0.037589    0.149546    2.268557 ^ _6204_/X (sky130_fd_sc_hd__a31o_2)
                                                         _2004_ (net)
                      0.037589    0.000003    2.268560 ^ _6346_/A2 (sky130_fd_sc_hd__o211a_2)
     1    0.004851    0.053077    0.164413    2.432973 ^ _6346_/X (sky130_fd_sc_hd__o211a_2)
                                                         _2160_ (net)
                      0.053077    0.000009    2.432982 ^ _6347_/B1 (sky130_fd_sc_hd__o21ai_2)
     4    0.050094    0.193454    0.171907    2.604889 v _6347_/Y (sky130_fd_sc_hd__o21ai_2)
                                                         result[31] (net)
                      0.193462    0.001071    2.605960 v result[31] (out)
                                              2.605960   data arrival time

                      0.000000    0.000000    0.000000   clock __VIRTUAL_CLK__ (rise edge)
                                  0.000000    0.000000   clock network delay (ideal)
                                  0.250000    0.250000   clock uncertainty
                                  0.000000    0.250000   clock reconvergence pessimism
                                 -2.000000   -1.750000   output external delay
                                             -1.750000   data required time
---------------------------------------------------------------------------------------------
                                             -1.750000   data required time
                                             -2.605960   data arrival time
---------------------------------------------------------------------------------------------
                                              4.355960   slack (MET)


Startpoint: B[28] (input port clocked by __VIRTUAL_CLK__)
Endpoint: result[29] (output port clocked by __VIRTUAL_CLK__)
Path Group: __VIRTUAL_CLK__
Path Type: min

Fanout         Cap        Slew       Delay        Time   Description
---------------------------------------------------------------------------------------------
                      0.000000    0.000000    0.000000   clock __VIRTUAL_CLK__ (rise edge)
                                  0.000000    0.000000   clock network delay (ideal)
                                  2.000000    2.000000 v input external delay
    10    0.039339    0.088342    0.063185    2.063185 v B[28] (in)
                                                         B[28] (net)
                      0.088356    0.000000    2.063185 v _3484_/A (sky130_fd_sc_hd__inv_2)
     1    0.004729    0.039005    0.063674    2.126859 ^ _3484_/Y (sky130_fd_sc_hd__inv_2)
                                                         _0051_ (net)
                      0.039005    0.000003    2.126862 ^ _6956_/A1 (sky130_fd_sc_hd__a21oi_2)
     1    0.008522    0.036115    0.055213    2.182075 v _6956_/Y (sky130_fd_sc_hd__a21oi_2)
                                                         _2801_ (net)
                      0.036115    0.000023    2.182098 v _6957_/B (sky130_fd_sc_hd__xnor2_2)
     1    0.003341    0.037719    0.109337    2.291435 ^ _6957_/Y (sky130_fd_sc_hd__xnor2_2)
                                                         _2802_ (net)
                      0.037719    0.000013    2.291448 ^ _6967_/A2 (sky130_fd_sc_hd__a211o_2)
     1    0.003005    0.027516    0.113044    2.404492 ^ _6967_/X (sky130_fd_sc_hd__a211o_2)
                                                         _2813_ (net)
                      0.027516    0.000006    2.404498 ^ _6968_/B1 (sky130_fd_sc_hd__a21o_2)
     2    0.041809    0.208961    0.205040    2.609539 ^ _6968_/X (sky130_fd_sc_hd__a21o_2)
                                                         result[29] (net)
                      0.208976    0.001480    2.611018 ^ result[29] (out)
                                              2.611018   data arrival time

                      0.000000    0.000000    0.000000   clock __VIRTUAL_CLK__ (rise edge)
                                  0.000000    0.000000   clock network delay (ideal)
                                  0.250000    0.250000   clock uncertainty
                                  0.000000    0.250000   clock reconvergence pessimism
                                 -2.000000   -1.750000   output external delay
                                             -1.750000   data required time
---------------------------------------------------------------------------------------------
                                             -1.750000   data required time
                                             -2.611018   data arrival time
---------------------------------------------------------------------------------------------
                                              4.361018   slack (MET)


Startpoint: opcode[1] (input port clocked by __VIRTUAL_CLK__)
Endpoint: result[15] (output port clocked by __VIRTUAL_CLK__)
Path Group: __VIRTUAL_CLK__
Path Type: min

Fanout         Cap        Slew       Delay        Time   Description
---------------------------------------------------------------------------------------------
                      0.000000    0.000000    0.000000   clock __VIRTUAL_CLK__ (rise edge)
                                  0.000000    0.000000   clock network delay (ideal)
                                  2.000000    2.000000 v input external delay
    12    0.035800    0.080152    0.057255    2.057255 v opcode[1] (in)
                                                         opcode[1] (net)
                      0.080155    0.000000    2.057255 v _6059_/B (sky130_fd_sc_hd__nand2b_2)
     5    0.013699    0.089356    0.112023    2.169277 ^ _6059_/Y (sky130_fd_sc_hd__nand2b_2)
                                                         _1845_ (net)
                      0.089356    0.000025    2.169302 ^ _6061_/A (sky130_fd_sc_hd__nor2_2)
    15    0.076633    0.175746    0.169444    2.338746 v _6061_/Y (sky130_fd_sc_hd__nor2_2)
                                                         _1847_ (net)
                      0.175882    0.004099    2.342845 v _6737_/A1 (sky130_fd_sc_hd__a21o_2)
     2    0.042733    0.117339    0.328600    2.671445 v _6737_/X (sky130_fd_sc_hd__a21o_2)
                                                         result[15] (net)
                      0.117348    0.001139    2.672584 v result[15] (out)
                                              2.672584   data arrival time

                      0.000000    0.000000    0.000000   clock __VIRTUAL_CLK__ (rise edge)
                                  0.000000    0.000000   clock network delay (ideal)
                                  0.250000    0.250000   clock uncertainty
                                  0.000000    0.250000   clock reconvergence pessimism
                                 -2.000000   -1.750000   output external delay
                                             -1.750000   data required time
---------------------------------------------------------------------------------------------
                                             -1.750000   data required time
                                             -2.672584   data arrival time
---------------------------------------------------------------------------------------------
                                              4.422584   slack (MET)


Startpoint: opcode[1] (input port clocked by __VIRTUAL_CLK__)
Endpoint: result[20] (output port clocked by __VIRTUAL_CLK__)
Path Group: __VIRTUAL_CLK__
Path Type: min

Fanout         Cap        Slew       Delay        Time   Description
---------------------------------------------------------------------------------------------
                      0.000000    0.000000    0.000000   clock __VIRTUAL_CLK__ (rise edge)
                                  0.000000    0.000000   clock network delay (ideal)
                                  2.000000    2.000000 v input external delay
    12    0.035800    0.080152    0.057255    2.057255 v opcode[1] (in)
                                                         opcode[1] (net)
                      0.080155    0.000000    2.057255 v _6059_/B (sky130_fd_sc_hd__nand2b_2)
     5    0.013699    0.089356    0.112023    2.169277 ^ _6059_/Y (sky130_fd_sc_hd__nand2b_2)
                                                         _1845_ (net)
                      0.089356    0.000025    2.169302 ^ _6061_/A (sky130_fd_sc_hd__nor2_2)
    15    0.076633    0.175746    0.169444    2.338746 v _6061_/Y (sky130_fd_sc_hd__nor2_2)
                                                         _1847_ (net)
                      0.175914    0.004548    2.343295 v _6820_/A1 (sky130_fd_sc_hd__a21o_2)
     2    0.045360    0.122963    0.332832    2.676126 v _6820_/X (sky130_fd_sc_hd__a21o_2)
                                                         result[20] (net)
                      0.122988    0.001732    2.677859 v result[20] (out)
                                              2.677859   data arrival time

                      0.000000    0.000000    0.000000   clock __VIRTUAL_CLK__ (rise edge)
                                  0.000000    0.000000   clock network delay (ideal)
                                  0.250000    0.250000   clock uncertainty
                                  0.000000    0.250000   clock reconvergence pessimism
                                 -2.000000   -1.750000   output external delay
                                             -1.750000   data required time
---------------------------------------------------------------------------------------------
                                             -1.750000   data required time
                                             -2.677859   data arrival time
---------------------------------------------------------------------------------------------
                                              4.427859   slack (MET)


Startpoint: opcode[1] (input port clocked by __VIRTUAL_CLK__)
Endpoint: result[11] (output port clocked by __VIRTUAL_CLK__)
Path Group: __VIRTUAL_CLK__
Path Type: min

Fanout         Cap        Slew       Delay        Time   Description
---------------------------------------------------------------------------------------------
                      0.000000    0.000000    0.000000   clock __VIRTUAL_CLK__ (rise edge)
                                  0.000000    0.000000   clock network delay (ideal)
                                  2.000000    2.000000 v input external delay
    12    0.035800    0.080152    0.057255    2.057255 v opcode[1] (in)
                                                         opcode[1] (net)
                      0.080155    0.000000    2.057255 v _6059_/B (sky130_fd_sc_hd__nand2b_2)
     5    0.013699    0.089356    0.112023    2.169277 ^ _6059_/Y (sky130_fd_sc_hd__nand2b_2)
                                                         _1845_ (net)
                      0.089356    0.000025    2.169302 ^ _6061_/A (sky130_fd_sc_hd__nor2_2)
    15    0.076633    0.175746    0.169444    2.338746 v _6061_/Y (sky130_fd_sc_hd__nor2_2)
                                                         _1847_ (net)
                      0.175824    0.003124    2.341870 v _6667_/A1 (sky130_fd_sc_hd__a31o_2)
     2    0.038776    0.110459    0.336929    2.678799 v _6667_/X (sky130_fd_sc_hd__a31o_2)
                                                         result[11] (net)
                      0.110460    0.000521    2.679320 v result[11] (out)
                                              2.679320   data arrival time

                      0.000000    0.000000    0.000000   clock __VIRTUAL_CLK__ (rise edge)
                                  0.000000    0.000000   clock network delay (ideal)
                                  0.250000    0.250000   clock uncertainty
                                  0.000000    0.250000   clock reconvergence pessimism
                                 -2.000000   -1.750000   output external delay
                                             -1.750000   data required time
---------------------------------------------------------------------------------------------
                                             -1.750000   data required time
                                             -2.679320   data arrival time
---------------------------------------------------------------------------------------------
                                              4.429320   slack (MET)


Startpoint: opcode[3] (input port clocked by __VIRTUAL_CLK__)
Endpoint: result[26] (output port clocked by __VIRTUAL_CLK__)
Path Group: __VIRTUAL_CLK__
Path Type: min

Fanout         Cap        Slew       Delay        Time   Description
---------------------------------------------------------------------------------------------
                      0.000000    0.000000    0.000000   clock __VIRTUAL_CLK__ (rise edge)
                                  0.000000    0.000000   clock network delay (ideal)
                                  2.000000    2.000000 ^ input external delay
    10    0.031633    0.147552    0.101860    2.101860 ^ opcode[3] (in)
                                                         opcode[3] (net)
                      0.147552    0.000000    2.101860 ^ _6202_/D (sky130_fd_sc_hd__nor4_2)
    20    0.097757    0.222289    0.226605    2.328464 v _6202_/Y (sky130_fd_sc_hd__nor4_2)
                                                         _2002_ (net)
                      0.222299    0.001300    2.329764 v _6918_/A1 (sky130_fd_sc_hd__a31o_2)
     2    0.040286    0.113644    0.357625    2.687389 v _6918_/X (sky130_fd_sc_hd__a31o_2)
                                                         result[26] (net)
                      0.113658    0.001305    2.688694 v result[26] (out)
                                              2.688694   data arrival time

                      0.000000    0.000000    0.000000   clock __VIRTUAL_CLK__ (rise edge)
                                  0.000000    0.000000   clock network delay (ideal)
                                  0.250000    0.250000   clock uncertainty
                                  0.000000    0.250000   clock reconvergence pessimism
                                 -2.000000   -1.750000   output external delay
                                             -1.750000   data required time
---------------------------------------------------------------------------------------------
                                             -1.750000   data required time
                                             -2.688694   data arrival time
---------------------------------------------------------------------------------------------
                                              4.438694   slack (MET)


Startpoint: opcode[0] (input port clocked by __VIRTUAL_CLK__)
Endpoint: result[1] (output port clocked by __VIRTUAL_CLK__)
Path Group: __VIRTUAL_CLK__
Path Type: min

Fanout         Cap        Slew       Delay        Time   Description
---------------------------------------------------------------------------------------------
                      0.000000    0.000000    0.000000   clock __VIRTUAL_CLK__ (rise edge)
                                  0.000000    0.000000   clock network delay (ideal)
                                  2.000000    2.000000 ^ input external delay
    12    0.032366    0.150827    0.104206    2.104206 ^ opcode[0] (in)
                                                         opcode[0] (net)
                      0.150828    0.000000    2.104206 ^ _6335_/B (sky130_fd_sc_hd__nor3_2)
     5    0.030448    0.080873    0.121990    2.226196 v _6335_/Y (sky130_fd_sc_hd__nor3_2)
                                                         _2148_ (net)
                      0.080874    0.000462    2.226658 v _6390_/B (sky130_fd_sc_hd__nand2_2)
     3    0.014468    0.090870    0.114105    2.340762 ^ _6390_/Y (sky130_fd_sc_hd__nand2_2)
                                                         _2208_ (net)
                      0.090870    0.000080    2.340842 ^ _6425_/B1 (sky130_fd_sc_hd__o21ai_2)
     1    0.002692    0.023953    0.055736    2.396578 v _6425_/Y (sky130_fd_sc_hd__o21ai_2)
                                                         _2245_ (net)
                      0.023953    0.000007    2.396585 v _6452_/A2 (sky130_fd_sc_hd__a21o_2)
     2    0.042915    0.117331    0.292417    2.689003 v _6452_/X (sky130_fd_sc_hd__a21o_2)
                                                         result[1] (net)
                      0.117359    0.001761    2.690763 v result[1] (out)
                                              2.690763   data arrival time

                      0.000000    0.000000    0.000000   clock __VIRTUAL_CLK__ (rise edge)
                                  0.000000    0.000000   clock network delay (ideal)
                                  0.250000    0.250000   clock uncertainty
                                  0.000000    0.250000   clock reconvergence pessimism
                                 -2.000000   -1.750000   output external delay
                                             -1.750000   data required time
---------------------------------------------------------------------------------------------
                                             -1.750000   data required time
                                             -2.690763   data arrival time
---------------------------------------------------------------------------------------------
                                              4.440763   slack (MET)


Startpoint: B[24] (input port clocked by __VIRTUAL_CLK__)
Endpoint: result[25] (output port clocked by __VIRTUAL_CLK__)
Path Group: __VIRTUAL_CLK__
Path Type: min

Fanout         Cap        Slew       Delay        Time   Description
---------------------------------------------------------------------------------------------
                      0.000000    0.000000    0.000000   clock __VIRTUAL_CLK__ (rise edge)
                                  0.000000    0.000000   clock network delay (ideal)
                                  2.000000    2.000000 v input external delay
    19    0.081161    0.179113    0.132705    2.132704 v B[24] (in)
                                                         B[24] (net)
                      0.179342    0.000000    2.132704 v _3486_/A (sky130_fd_sc_hd__inv_2)
     1    0.002463    0.046391    0.075296    2.208000 ^ _3486_/Y (sky130_fd_sc_hd__inv_2)
                                                         _0073_ (net)
                      0.046391    0.000000    2.208000 ^ _6899_/A1 (sky130_fd_sc_hd__a211o_2)
     1    0.002581    0.026931    0.109346    2.317347 ^ _6899_/X (sky130_fd_sc_hd__a211o_2)
                                                         _2743_ (net)
                      0.026931    0.000002    2.317348 ^ _6900_/A4 (sky130_fd_sc_hd__a41o_2)
     1    0.003168    0.030418    0.178675    2.496023 ^ _6900_/X (sky130_fd_sc_hd__a41o_2)
                                                         _2744_ (net)
                      0.030418    0.000010    2.496033 ^ _6901_/B1 (sky130_fd_sc_hd__a211o_2)
     2    0.040954    0.194556    0.207736    2.703769 ^ _6901_/X (sky130_fd_sc_hd__a211o_2)
                                                         result[25] (net)
                      0.194627    0.001453    2.705222 ^ result[25] (out)
                                              2.705222   data arrival time

                      0.000000    0.000000    0.000000   clock __VIRTUAL_CLK__ (rise edge)
                                  0.000000    0.000000   clock network delay (ideal)
                                  0.250000    0.250000   clock uncertainty
                                  0.000000    0.250000   clock reconvergence pessimism
                                 -2.000000   -1.750000   output external delay
                                             -1.750000   data required time
---------------------------------------------------------------------------------------------
                                             -1.750000   data required time
                                             -2.705222   data arrival time
---------------------------------------------------------------------------------------------
                                              4.455222   slack (MET)


Startpoint: A[28] (input port clocked by __VIRTUAL_CLK__)
Endpoint: result[28] (output port clocked by __VIRTUAL_CLK__)
Path Group: __VIRTUAL_CLK__
Path Type: min

Fanout         Cap        Slew       Delay        Time   Description
---------------------------------------------------------------------------------------------
                      0.000000    0.000000    0.000000   clock __VIRTUAL_CLK__ (rise edge)
                                  0.000000    0.000000   clock network delay (ideal)
                                  2.000000    2.000000 v input external delay
    19    0.077461    0.170803    0.124275    2.124275 v A[28] (in)
                                                         A[28] (net)
                      0.170831    0.000000    2.124275 v _6942_/A1 (sky130_fd_sc_hd__o21ai_2)
     1    0.003168    0.039012    0.169644    2.293919 ^ _6942_/Y (sky130_fd_sc_hd__o21ai_2)
                                                         _2787_ (net)
                      0.039012    0.000010    2.293929 ^ _6943_/B1 (sky130_fd_sc_hd__a211o_2)
     1    0.002143    0.023655    0.082949    2.376878 ^ _6943_/X (sky130_fd_sc_hd__a211o_2)
                                                         _2788_ (net)
                      0.023655    0.000004    2.376883 ^ _6946_/A (sky130_fd_sc_hd__or3_2)
     1    0.003611    0.031494    0.096108    2.472991 ^ _6946_/X (sky130_fd_sc_hd__or3_2)
                                                         _2791_ (net)
                      0.031494    0.000025    2.473016 ^ _6949_/A (sky130_fd_sc_hd__or3b_2)
     2    0.038512    0.221267    0.234873    2.707889 ^ _6949_/X (sky130_fd_sc_hd__or3b_2)
                                                         result[28] (net)
                      0.221267    0.000849    2.708738 ^ result[28] (out)
                                              2.708738   data arrival time

                      0.000000    0.000000    0.000000   clock __VIRTUAL_CLK__ (rise edge)
                                  0.000000    0.000000   clock network delay (ideal)
                                  0.250000    0.250000   clock uncertainty
                                  0.000000    0.250000   clock reconvergence pessimism
                                 -2.000000   -1.750000   output external delay
                                             -1.750000   data required time
---------------------------------------------------------------------------------------------
                                             -1.750000   data required time
                                             -2.708738   data arrival time
---------------------------------------------------------------------------------------------
                                              4.458738   slack (MET)


Startpoint: opcode[1] (input port clocked by __VIRTUAL_CLK__)
Endpoint: result[3] (output port clocked by __VIRTUAL_CLK__)
Path Group: __VIRTUAL_CLK__
Path Type: min

Fanout         Cap        Slew       Delay        Time   Description
---------------------------------------------------------------------------------------------
                      0.000000    0.000000    0.000000   clock __VIRTUAL_CLK__ (rise edge)
                                  0.000000    0.000000   clock network delay (ideal)
                                  2.000000    2.000000 v input external delay
    12    0.035800    0.080152    0.057255    2.057255 v opcode[1] (in)
                                                         opcode[1] (net)
                      0.080155    0.000000    2.057255 v _6059_/B (sky130_fd_sc_hd__nand2b_2)
     5    0.013699    0.089356    0.112023    2.169277 ^ _6059_/Y (sky130_fd_sc_hd__nand2b_2)
                                                         _1845_ (net)
                      0.089356    0.000025    2.169302 ^ _6061_/A (sky130_fd_sc_hd__nor2_2)
    15    0.076633    0.175746    0.169444    2.338746 v _6061_/Y (sky130_fd_sc_hd__nor2_2)
                                                         _1847_ (net)
                      0.175752    0.000908    2.339654 v _6513_/A2 (sky130_fd_sc_hd__a31o_2)
     2    0.038775    0.110726    0.370683    2.710337 v _6513_/X (sky130_fd_sc_hd__a31o_2)
                                                         result[3] (net)
                      0.110730    0.000787    2.711124 v result[3] (out)
                                              2.711124   data arrival time

                      0.000000    0.000000    0.000000   clock __VIRTUAL_CLK__ (rise edge)
                                  0.000000    0.000000   clock network delay (ideal)
                                  0.250000    0.250000   clock uncertainty
                                  0.000000    0.250000   clock reconvergence pessimism
                                 -2.000000   -1.750000   output external delay
                                             -1.750000   data required time
---------------------------------------------------------------------------------------------
                                             -1.750000   data required time
                                             -2.711124   data arrival time
---------------------------------------------------------------------------------------------
                                              4.461123   slack (MET)


Startpoint: opcode[1] (input port clocked by __VIRTUAL_CLK__)
Endpoint: result[6] (output port clocked by __VIRTUAL_CLK__)
Path Group: __VIRTUAL_CLK__
Path Type: min

Fanout         Cap        Slew       Delay        Time   Description
---------------------------------------------------------------------------------------------
                      0.000000    0.000000    0.000000   clock __VIRTUAL_CLK__ (rise edge)
                                  0.000000    0.000000   clock network delay (ideal)
                                  2.000000    2.000000 v input external delay
    12    0.035800    0.080152    0.057255    2.057255 v opcode[1] (in)
                                                         opcode[1] (net)
                      0.080155    0.000000    2.057255 v _6059_/B (sky130_fd_sc_hd__nand2b_2)
     5    0.013699    0.089356    0.112023    2.169277 ^ _6059_/Y (sky130_fd_sc_hd__nand2b_2)
                                                         _1845_ (net)
                      0.089356    0.000025    2.169302 ^ _6061_/A (sky130_fd_sc_hd__nor2_2)
    15    0.076633    0.175746    0.169444    2.338746 v _6061_/Y (sky130_fd_sc_hd__nor2_2)
                                                         _1847_ (net)
                      0.175763    0.001495    2.340242 v _6581_/A2 (sky130_fd_sc_hd__a31o_2)
     2    0.039537    0.112358    0.371917    2.712159 v _6581_/X (sky130_fd_sc_hd__a31o_2)
                                                         result[6] (net)
                      0.112366    0.001035    2.713194 v result[6] (out)
                                              2.713194   data arrival time

                      0.000000    0.000000    0.000000   clock __VIRTUAL_CLK__ (rise edge)
                                  0.000000    0.000000   clock network delay (ideal)
                                  0.250000    0.250000   clock uncertainty
                                  0.000000    0.250000   clock reconvergence pessimism
                                 -2.000000   -1.750000   output external delay
                                             -1.750000   data required time
---------------------------------------------------------------------------------------------
                                             -1.750000   data required time
                                             -2.713194   data arrival time
---------------------------------------------------------------------------------------------
                                              4.463193   slack (MET)


Startpoint: opcode[3] (input port clocked by __VIRTUAL_CLK__)
Endpoint: result[22] (output port clocked by __VIRTUAL_CLK__)
Path Group: __VIRTUAL_CLK__
Path Type: min

Fanout         Cap        Slew       Delay        Time   Description
---------------------------------------------------------------------------------------------
                      0.000000    0.000000    0.000000   clock __VIRTUAL_CLK__ (rise edge)
                                  0.000000    0.000000   clock network delay (ideal)
                                  2.000000    2.000000 ^ input external delay
    10    0.031633    0.147552    0.101860    2.101860 ^ opcode[3] (in)
                                                         opcode[3] (net)
                      0.147552    0.000000    2.101860 ^ _6202_/D (sky130_fd_sc_hd__nor4_2)
    20    0.097757    0.222289    0.226605    2.328464 v _6202_/Y (sky130_fd_sc_hd__nor4_2)
                                                         _2002_ (net)
                      0.222447    0.004996    2.333460 v _6855_/A2 (sky130_fd_sc_hd__a31o_2)
     2    0.049253    0.132774    0.407571    2.741031 v _6855_/X (sky130_fd_sc_hd__a31o_2)
                                                         result[22] (net)
                      0.132800    0.001866    2.742897 v result[22] (out)
                                              2.742897   data arrival time

                      0.000000    0.000000    0.000000   clock __VIRTUAL_CLK__ (rise edge)
                                  0.000000    0.000000   clock network delay (ideal)
                                  0.250000    0.250000   clock uncertainty
                                  0.000000    0.250000   clock reconvergence pessimism
                                 -2.000000   -1.750000   output external delay
                                             -1.750000   data required time
---------------------------------------------------------------------------------------------
                                             -1.750000   data required time
                                             -2.742897   data arrival time
---------------------------------------------------------------------------------------------
                                              4.492897   slack (MET)


Startpoint: A[27] (input port clocked by __VIRTUAL_CLK__)
Endpoint: result[27] (output port clocked by __VIRTUAL_CLK__)
Path Group: __VIRTUAL_CLK__
Path Type: min

Fanout         Cap        Slew       Delay        Time   Description
---------------------------------------------------------------------------------------------
                      0.000000    0.000000    0.000000   clock __VIRTUAL_CLK__ (rise edge)
                                  0.000000    0.000000   clock network delay (ideal)
                                  2.000000    2.000000 v input external delay
    22    0.087086    0.191904    0.140887    2.140887 v A[27] (in)
                                                         A[27] (net)
                      0.192025    0.000000    2.140887 v _6928_/A1 (sky130_fd_sc_hd__o221ai_2)
     1    0.003095    0.057136    0.225535    2.366422 ^ _6928_/Y (sky130_fd_sc_hd__o221ai_2)
                                                         _2772_ (net)
                      0.057136    0.000022    2.366444 ^ _6930_/B (sky130_fd_sc_hd__or4b_2)
     1    0.002613    0.030507    0.108384    2.474828 ^ _6930_/X (sky130_fd_sc_hd__or4b_2)
                                                         _2775_ (net)
                      0.030507    0.000010    2.474838 ^ _6934_/B (sky130_fd_sc_hd__or3b_2)
     2    0.047714    0.272036    0.266903    2.741741 ^ _6934_/X (sky130_fd_sc_hd__or3b_2)
                                                         result[27] (net)
                      0.272075    0.002694    2.744435 ^ result[27] (out)
                                              2.744435   data arrival time

                      0.000000    0.000000    0.000000   clock __VIRTUAL_CLK__ (rise edge)
                                  0.000000    0.000000   clock network delay (ideal)
                                  0.250000    0.250000   clock uncertainty
                                  0.000000    0.250000   clock reconvergence pessimism
                                 -2.000000   -1.750000   output external delay
                                             -1.750000   data required time
---------------------------------------------------------------------------------------------
                                             -1.750000   data required time
                                             -2.744435   data arrival time
---------------------------------------------------------------------------------------------
                                              4.494435   slack (MET)


Startpoint: B[30] (input port clocked by __VIRTUAL_CLK__)
Endpoint: result[30] (output port clocked by __VIRTUAL_CLK__)
Path Group: __VIRTUAL_CLK__
Path Type: min

Fanout         Cap        Slew       Delay        Time   Description
---------------------------------------------------------------------------------------------
                      0.000000    0.000000    0.000000   clock __VIRTUAL_CLK__ (rise edge)
                                  0.000000    0.000000   clock network delay (ideal)
                                  2.000000    2.000000 v input external delay
     5    0.018702    0.043244    0.030084    2.030084 v B[30] (in)
                                                         B[30] (net)
                      0.043246    0.000000    2.030084 v _6067_/A (sky130_fd_sc_hd__nand2_2)
     5    0.014695    0.086725    0.088904    2.118988 ^ _6067_/Y (sky130_fd_sc_hd__nand2_2)
                                                         _1853_ (net)
                      0.086725    0.000029    2.119017 ^ _6070_/A (sky130_fd_sc_hd__nand2_2)
     7    0.031931    0.130309    0.132864    2.251881 v _6070_/Y (sky130_fd_sc_hd__nand2_2)
                                                         _1857_ (net)
                      0.130310    0.000270    2.252151 v _6970_/A (sky130_fd_sc_hd__nand2_2)
     1    0.001648    0.030983    0.072283    2.324434 ^ _6970_/Y (sky130_fd_sc_hd__nand2_2)
                                                         _2816_ (net)
                      0.030983    0.000000    2.324435 ^ _6971_/C (sky130_fd_sc_hd__and3_2)
     1    0.005627    0.054832    0.177137    2.501571 ^ _6971_/X (sky130_fd_sc_hd__and3_2)
                                                         _2817_ (net)
                      0.054832    0.000087    2.501659 ^ _6982_/B1 (sky130_fd_sc_hd__a311o_2)
     2    0.043321    0.224461    0.246914    2.748572 ^ _6982_/X (sky130_fd_sc_hd__a311o_2)
                                                         result[30] (net)
                      0.224485    0.001941    2.750514 ^ result[30] (out)
                                              2.750514   data arrival time

                      0.000000    0.000000    0.000000   clock __VIRTUAL_CLK__ (rise edge)
                                  0.000000    0.000000   clock network delay (ideal)
                                  0.250000    0.250000   clock uncertainty
                                  0.000000    0.250000   clock reconvergence pessimism
                                 -2.000000   -1.750000   output external delay
                                             -1.750000   data required time
---------------------------------------------------------------------------------------------
                                             -1.750000   data required time
                                             -2.750514   data arrival time
---------------------------------------------------------------------------------------------
                                              4.500514   slack (MET)


Startpoint: opcode[2] (input port clocked by __VIRTUAL_CLK__)
Endpoint: result[5] (output port clocked by __VIRTUAL_CLK__)
Path Group: __VIRTUAL_CLK__
Path Type: min

Fanout         Cap        Slew       Delay        Time   Description
---------------------------------------------------------------------------------------------
                      0.000000    0.000000    0.000000   clock __VIRTUAL_CLK__ (rise edge)
                                  0.000000    0.000000   clock network delay (ideal)
                                  2.000000    2.000000 v input external delay
    11    0.031117    0.070027    0.049816    2.049816 v opcode[2] (in)
                                                         opcode[2] (net)
                      0.070030    0.000000    2.049816 v _6292_/B (sky130_fd_sc_hd__nand2b_2)
     5    0.014140    0.088677    0.108824    2.158640 ^ _6292_/Y (sky130_fd_sc_hd__nand2b_2)
                                                         _2101_ (net)
                      0.088677    0.000151    2.158792 ^ _6341_/A (sky130_fd_sc_hd__nor2_2)
     6    0.027577    0.071097    0.092251    2.251043 v _6341_/Y (sky130_fd_sc_hd__nor2_2)
                                                         _2155_ (net)
                      0.071097    0.000217    2.251260 v _6391_/B (sky130_fd_sc_hd__nand2_2)
     4    0.015551    0.095651    0.113364    2.364624 ^ _6391_/Y (sky130_fd_sc_hd__nand2_2)
                                                         _2209_ (net)
                      0.095651    0.000014    2.364638 ^ _6555_/A1 (sky130_fd_sc_hd__o22a_2)
     1    0.010377    0.065563    0.182407    2.547045 ^ _6555_/X (sky130_fd_sc_hd__o22a_2)
                                                         _2384_ (net)
                      0.065563    0.000234    2.547279 ^ _6561_/B (sky130_fd_sc_hd__nand3_2)
     2    0.039790    0.239096    0.215937    2.763216 v _6561_/Y (sky130_fd_sc_hd__nand3_2)
                                                         result[5] (net)
                      0.239104    0.001156    2.764372 v result[5] (out)
                                              2.764372   data arrival time

                      0.000000    0.000000    0.000000   clock __VIRTUAL_CLK__ (rise edge)
                                  0.000000    0.000000   clock network delay (ideal)
                                  0.250000    0.250000   clock uncertainty
                                  0.000000    0.250000   clock reconvergence pessimism
                                 -2.000000   -1.750000   output external delay
                                             -1.750000   data required time
---------------------------------------------------------------------------------------------
                                             -1.750000   data required time
                                             -2.764372   data arrival time
---------------------------------------------------------------------------------------------
                                              4.514372   slack (MET)


Startpoint: A[22] (input port clocked by __VIRTUAL_CLK__)
Endpoint: result[23] (output port clocked by __VIRTUAL_CLK__)
Path Group: __VIRTUAL_CLK__
Path Type: min

Fanout         Cap        Slew       Delay        Time   Description
---------------------------------------------------------------------------------------------
                      0.000000    0.000000    0.000000   clock __VIRTUAL_CLK__ (rise edge)
                                  0.000000    0.000000   clock network delay (ideal)
                                  2.000000    2.000000 v input external delay
    27    0.100318    0.220186    0.162465    2.162465 v A[22] (in)
                                                         A[22] (net)
                      0.220269    0.000000    2.162465 v _6265_/B (sky130_fd_sc_hd__nand2_2)
     1    0.002917    0.036367    0.123006    2.285471 ^ _6265_/Y (sky130_fd_sc_hd__nand2_2)
                                                         _2071_ (net)
                      0.036367    0.000006    2.285476 ^ _6861_/A1 (sky130_fd_sc_hd__a21bo_2)
     1    0.002609    0.030127    0.106896    2.392372 ^ _6861_/X (sky130_fd_sc_hd__a21bo_2)
                                                         _2703_ (net)
                      0.030127    0.000001    2.392374 ^ _6869_/A3 (sky130_fd_sc_hd__a311o_2)
     1    0.001674    0.025945    0.147463    2.539836 ^ _6869_/X (sky130_fd_sc_hd__a311o_2)
                                                         _2712_ (net)
                      0.025945    0.000002    2.539839 ^ _6870_/B1_N (sky130_fd_sc_hd__o21bai_2)
     2    0.049444    0.261120    0.248803    2.788641 ^ _6870_/Y (sky130_fd_sc_hd__o21bai_2)
                                                         result[23] (net)
                      0.261140    0.001876    2.790517 ^ result[23] (out)
                                              2.790517   data arrival time

                      0.000000    0.000000    0.000000   clock __VIRTUAL_CLK__ (rise edge)
                                  0.000000    0.000000   clock network delay (ideal)
                                  0.250000    0.250000   clock uncertainty
                                  0.000000    0.250000   clock reconvergence pessimism
                                 -2.000000   -1.750000   output external delay
                                             -1.750000   data required time
---------------------------------------------------------------------------------------------
                                             -1.750000   data required time
                                             -2.790517   data arrival time
---------------------------------------------------------------------------------------------
                                              4.540516   slack (MET)


Startpoint: opcode[1] (input port clocked by __VIRTUAL_CLK__)
Endpoint: result[16] (output port clocked by __VIRTUAL_CLK__)
Path Group: __VIRTUAL_CLK__
Path Type: min

Fanout         Cap        Slew       Delay        Time   Description
---------------------------------------------------------------------------------------------
                      0.000000    0.000000    0.000000   clock __VIRTUAL_CLK__ (rise edge)
                                  0.000000    0.000000   clock network delay (ideal)
                                  2.000000    2.000000 v input external delay
    12    0.035800    0.080152    0.057255    2.057255 v opcode[1] (in)
                                                         opcode[1] (net)
                      0.080155    0.000000    2.057255 v _6059_/B (sky130_fd_sc_hd__nand2b_2)
     5    0.013699    0.089356    0.112023    2.169277 ^ _6059_/Y (sky130_fd_sc_hd__nand2b_2)
                                                         _1845_ (net)
                      0.089356    0.000025    2.169302 ^ _6061_/A (sky130_fd_sc_hd__nor2_2)
    15    0.076633    0.175746    0.169444    2.338746 v _6061_/Y (sky130_fd_sc_hd__nor2_2)
                                                         _1847_ (net)
                      0.175894    0.004274    2.343020 v _6753_/A1 (sky130_fd_sc_hd__a211o_2)
     2    0.043397    0.134467    0.451386    2.794406 v _6753_/X (sky130_fd_sc_hd__a211o_2)
                                                         result[16] (net)
                      0.134482    0.001500    2.795906 v result[16] (out)
                                              2.795906   data arrival time

                      0.000000    0.000000    0.000000   clock __VIRTUAL_CLK__ (rise edge)
                                  0.000000    0.000000   clock network delay (ideal)
                                  0.250000    0.250000   clock uncertainty
                                  0.000000    0.250000   clock reconvergence pessimism
                                 -2.000000   -1.750000   output external delay
                                             -1.750000   data required time
---------------------------------------------------------------------------------------------
                                             -1.750000   data required time
                                             -2.795906   data arrival time
---------------------------------------------------------------------------------------------
                                              4.545906   slack (MET)


Startpoint: B[20] (input port clocked by __VIRTUAL_CLK__)
Endpoint: result[21] (output port clocked by __VIRTUAL_CLK__)
Path Group: __VIRTUAL_CLK__
Path Type: min

Fanout         Cap        Slew       Delay        Time   Description
---------------------------------------------------------------------------------------------
                      0.000000    0.000000    0.000000   clock __VIRTUAL_CLK__ (rise edge)
                                  0.000000    0.000000   clock network delay (ideal)
                                  2.000000    2.000000 v input external delay
    26    0.121781    0.266910    0.196655    2.196655 v B[20] (in)
                                                         B[20] (net)
                      0.266956    0.000000    2.196655 v _6084_/A (sky130_fd_sc_hd__nand2_2)
     6    0.019825    0.138672    0.203725    2.400380 ^ _6084_/Y (sky130_fd_sc_hd__nand2_2)
                                                         _1872_ (net)
                      0.138672    0.000015    2.400395 ^ _6823_/A1 (sky130_fd_sc_hd__a21oi_2)
     1    0.004362    0.031644    0.070915    2.471310 v _6823_/Y (sky130_fd_sc_hd__a21oi_2)
                                                         _2663_ (net)
                      0.031644    0.000004    2.471314 v _6825_/A (sky130_fd_sc_hd__nor2_2)
     1    0.002925    0.062938    0.087184    2.558498 ^ _6825_/Y (sky130_fd_sc_hd__nor2_2)
                                                         _2665_ (net)
                      0.062938    0.000007    2.558505 ^ _6837_/B1 (sky130_fd_sc_hd__a211o_2)
     2    0.048506    0.229273    0.243150    2.801655 ^ _6837_/X (sky130_fd_sc_hd__a211o_2)
                                                         result[21] (net)
                      0.229307    0.002340    2.803995 ^ result[21] (out)
                                              2.803995   data arrival time

                      0.000000    0.000000    0.000000   clock __VIRTUAL_CLK__ (rise edge)
                                  0.000000    0.000000   clock network delay (ideal)
                                  0.250000    0.250000   clock uncertainty
                                  0.000000    0.250000   clock reconvergence pessimism
                                 -2.000000   -1.750000   output external delay
                                             -1.750000   data required time
---------------------------------------------------------------------------------------------
                                             -1.750000   data required time
                                             -2.803995   data arrival time
---------------------------------------------------------------------------------------------
                                              4.553995   slack (MET)


Startpoint: opcode[3] (input port clocked by __VIRTUAL_CLK__)
Endpoint: result[14] (output port clocked by __VIRTUAL_CLK__)
Path Group: __VIRTUAL_CLK__
Path Type: min

Fanout         Cap        Slew       Delay        Time   Description
---------------------------------------------------------------------------------------------
                      0.000000    0.000000    0.000000   clock __VIRTUAL_CLK__ (rise edge)
                                  0.000000    0.000000   clock network delay (ideal)
                                  2.000000    2.000000 ^ input external delay
    10    0.031633    0.147552    0.101862    2.101862 ^ opcode[3] (in)
                                                         opcode[3] (net)
                      0.147552    0.000000    2.101862 ^ _6288_/C (sky130_fd_sc_hd__nor4b_2)
    20    0.094164    0.226128    0.233256    2.335118 v _6288_/Y (sky130_fd_sc_hd__nor4b_2)
                                                         _2096_ (net)
                      0.226214    0.003729    2.338847 v _6721_/A1 (sky130_fd_sc_hd__a211o_2)
     2    0.041480    0.130644    0.466460    2.805307 v _6721_/X (sky130_fd_sc_hd__a211o_2)
                                                         result[14] (net)
                      0.130650    0.001048    2.806355 v result[14] (out)
                                              2.806355   data arrival time

                      0.000000    0.000000    0.000000   clock __VIRTUAL_CLK__ (rise edge)
                                  0.000000    0.000000   clock network delay (ideal)
                                  0.250000    0.250000   clock uncertainty
                                  0.000000    0.250000   clock reconvergence pessimism
                                 -2.000000   -1.750000   output external delay
                                             -1.750000   data required time
---------------------------------------------------------------------------------------------
                                             -1.750000   data required time
                                             -2.806355   data arrival time
---------------------------------------------------------------------------------------------
                                              4.556355   slack (MET)


Startpoint: opcode[3] (input port clocked by __VIRTUAL_CLK__)
Endpoint: result[10] (output port clocked by __VIRTUAL_CLK__)
Path Group: __VIRTUAL_CLK__
Path Type: min

Fanout         Cap        Slew       Delay        Time   Description
---------------------------------------------------------------------------------------------
                      0.000000    0.000000    0.000000   clock __VIRTUAL_CLK__ (rise edge)
                                  0.000000    0.000000   clock network delay (ideal)
                                  2.000000    2.000000 ^ input external delay
    10    0.031633    0.147552    0.101862    2.101862 ^ opcode[3] (in)
                                                         opcode[3] (net)
                      0.147552    0.000000    2.101862 ^ _6288_/C (sky130_fd_sc_hd__nor4b_2)
    20    0.094164    0.226128    0.233256    2.335118 v _6288_/Y (sky130_fd_sc_hd__nor4b_2)
                                                         _2096_ (net)
                      0.226175    0.002762    2.337879 v _6649_/A1 (sky130_fd_sc_hd__a211o_2)
     2    0.042969    0.133505    0.469303    2.807182 v _6649_/X (sky130_fd_sc_hd__a211o_2)
                                                         result[10] (net)
                      0.133509    0.000902    2.808084 v result[10] (out)
                                              2.808084   data arrival time

                      0.000000    0.000000    0.000000   clock __VIRTUAL_CLK__ (rise edge)
                                  0.000000    0.000000   clock network delay (ideal)
                                  0.250000    0.250000   clock uncertainty
                                  0.000000    0.250000   clock reconvergence pessimism
                                 -2.000000   -1.750000   output external delay
                                             -1.750000   data required time
---------------------------------------------------------------------------------------------
                                             -1.750000   data required time
                                             -2.808084   data arrival time
---------------------------------------------------------------------------------------------
                                              4.558084   slack (MET)


Startpoint: opcode[3] (input port clocked by __VIRTUAL_CLK__)
Endpoint: result[19] (output port clocked by __VIRTUAL_CLK__)
Path Group: __VIRTUAL_CLK__
Path Type: min

Fanout         Cap        Slew       Delay        Time   Description
---------------------------------------------------------------------------------------------
                      0.000000    0.000000    0.000000   clock __VIRTUAL_CLK__ (rise edge)
                                  0.000000    0.000000   clock network delay (ideal)
                                  2.000000    2.000000 ^ input external delay
    10    0.031633    0.147552    0.101860    2.101860 ^ opcode[3] (in)
                                                         opcode[3] (net)
                      0.147552    0.000000    2.101860 ^ _6202_/D (sky130_fd_sc_hd__nor4_2)
    20    0.097757    0.222289    0.226605    2.328464 v _6202_/Y (sky130_fd_sc_hd__nor4_2)
                                                         _2002_ (net)
                      0.222437    0.004847    2.333312 v _6805_/A1 (sky130_fd_sc_hd__a211o_2)
     2    0.048565    0.144721    0.477957    2.811269 v _6805_/X (sky130_fd_sc_hd__a211o_2)
                                                         result[19] (net)
                      0.144739    0.001725    2.812994 v result[19] (out)
                                              2.812994   data arrival time

                      0.000000    0.000000    0.000000   clock __VIRTUAL_CLK__ (rise edge)
                                  0.000000    0.000000   clock network delay (ideal)
                                  0.250000    0.250000   clock uncertainty
                                  0.000000    0.250000   clock reconvergence pessimism
                                 -2.000000   -1.750000   output external delay
                                             -1.750000   data required time
---------------------------------------------------------------------------------------------
                                             -1.750000   data required time
                                             -2.812994   data arrival time
---------------------------------------------------------------------------------------------
                                              4.562994   slack (MET)


Startpoint: opcode[3] (input port clocked by __VIRTUAL_CLK__)
Endpoint: result[17] (output port clocked by __VIRTUAL_CLK__)
Path Group: __VIRTUAL_CLK__
Path Type: min

Fanout         Cap        Slew       Delay        Time   Description
---------------------------------------------------------------------------------------------
                      0.000000    0.000000    0.000000   clock __VIRTUAL_CLK__ (rise edge)
                                  0.000000    0.000000   clock network delay (ideal)
                                  2.000000    2.000000 ^ input external delay
    10    0.031633    0.147552    0.101860    2.101860 ^ opcode[3] (in)
                                                         opcode[3] (net)
                      0.147552    0.000000    2.101860 ^ _6202_/D (sky130_fd_sc_hd__nor4_2)
    20    0.097757    0.222289    0.226605    2.328464 v _6202_/Y (sky130_fd_sc_hd__nor4_2)
                                                         _2002_ (net)
                      0.222427    0.004680    2.333144 v _6772_/A1 (sky130_fd_sc_hd__a311oi_2)
     1    0.006458    0.182813    0.290126    2.623270 ^ _6772_/Y (sky130_fd_sc_hd__a311oi_2)
                                                         _2611_ (net)
                      0.182813    0.000068    2.623338 ^ _6773_/B1 (sky130_fd_sc_hd__o31ai_2)
     2    0.045583    0.181574    0.232434    2.855772 v _6773_/Y (sky130_fd_sc_hd__o31ai_2)
                                                         result[17] (net)
                      0.181623    0.002479    2.858251 v result[17] (out)
                                              2.858251   data arrival time

                      0.000000    0.000000    0.000000   clock __VIRTUAL_CLK__ (rise edge)
                                  0.000000    0.000000   clock network delay (ideal)
                                  0.250000    0.250000   clock uncertainty
                                  0.000000    0.250000   clock reconvergence pessimism
                                 -2.000000   -1.750000   output external delay
                                             -1.750000   data required time
---------------------------------------------------------------------------------------------
                                             -1.750000   data required time
                                             -2.858251   data arrival time
---------------------------------------------------------------------------------------------
                                              4.608251   slack (MET)


Startpoint: opcode[3] (input port clocked by __VIRTUAL_CLK__)
Endpoint: result[7] (output port clocked by __VIRTUAL_CLK__)
Path Group: __VIRTUAL_CLK__
Path Type: min

Fanout         Cap        Slew       Delay        Time   Description
---------------------------------------------------------------------------------------------
                      0.000000    0.000000    0.000000   clock __VIRTUAL_CLK__ (rise edge)
                                  0.000000    0.000000   clock network delay (ideal)
                                  2.000000    2.000000 ^ input external delay
    10    0.031633    0.147552    0.101860    2.101860 ^ opcode[3] (in)
                                                         opcode[3] (net)
                      0.147552    0.000000    2.101860 ^ _6202_/D (sky130_fd_sc_hd__nor4_2)
    20    0.097757    0.222289    0.226605    2.328464 v _6202_/Y (sky130_fd_sc_hd__nor4_2)
                                                         _2002_ (net)
                      0.222322    0.002301    2.330765 v _6596_/B2 (sky130_fd_sc_hd__a221o_2)
     2    0.040065    0.137560    0.534581    2.865346 v _6596_/X (sky130_fd_sc_hd__a221o_2)
                                                         result[7] (net)
                      0.137569    0.001258    2.866604 v result[7] (out)
                                              2.866604   data arrival time

                      0.000000    0.000000    0.000000   clock __VIRTUAL_CLK__ (rise edge)
                                  0.000000    0.000000   clock network delay (ideal)
                                  0.250000    0.250000   clock uncertainty
                                  0.000000    0.250000   clock reconvergence pessimism
                                 -2.000000   -1.750000   output external delay
                                             -1.750000   data required time
---------------------------------------------------------------------------------------------
                                             -1.750000   data required time
                                             -2.866604   data arrival time
---------------------------------------------------------------------------------------------
                                              4.616604   slack (MET)


Startpoint: B[28] (input port clocked by __VIRTUAL_CLK__)
Endpoint: zero (output port clocked by __VIRTUAL_CLK__)
Path Group: __VIRTUAL_CLK__
Path Type: min

Fanout         Cap        Slew       Delay        Time   Description
---------------------------------------------------------------------------------------------
                      0.000000    0.000000    0.000000   clock __VIRTUAL_CLK__ (rise edge)
                                  0.000000    0.000000   clock network delay (ideal)
                                  2.000000    2.000000 v input external delay
    10    0.039339    0.088342    0.063185    2.063185 v B[28] (in)
                                                         B[28] (net)
                      0.088356    0.000000    2.063185 v _3484_/A (sky130_fd_sc_hd__inv_2)
     1    0.004729    0.039005    0.063674    2.126859 ^ _3484_/Y (sky130_fd_sc_hd__inv_2)
                                                         _0051_ (net)
                      0.039005    0.000003    2.126862 ^ _6956_/A1 (sky130_fd_sc_hd__a21oi_2)
     1    0.008522    0.036115    0.055213    2.182075 v _6956_/Y (sky130_fd_sc_hd__a21oi_2)
                                                         _2801_ (net)
                      0.036115    0.000023    2.182098 v _6957_/B (sky130_fd_sc_hd__xnor2_2)
     1    0.003341    0.037719    0.109337    2.291435 ^ _6957_/Y (sky130_fd_sc_hd__xnor2_2)
                                                         _2802_ (net)
                      0.037719    0.000013    2.291448 ^ _6967_/A2 (sky130_fd_sc_hd__a211o_2)
     1    0.003005    0.027516    0.113044    2.404492 ^ _6967_/X (sky130_fd_sc_hd__a211o_2)
                                                         _2813_ (net)
                      0.027516    0.000006    2.404498 ^ _6968_/B1 (sky130_fd_sc_hd__a21o_2)
     2    0.041809    0.208961    0.205040    2.609539 ^ _6968_/X (sky130_fd_sc_hd__a21o_2)
                                                         result[29] (net)
                      0.208970    0.001144    2.610683 ^ _6994_/B (sky130_fd_sc_hd__or4b_2)
     1    0.004945    0.044774    0.169444    2.780127 ^ _6994_/X (sky130_fd_sc_hd__or4b_2)
                                                         _2841_ (net)
                      0.044774    0.000007    2.780133 ^ _6995_/D (sky130_fd_sc_hd__nor4_2)
     1    0.034957    0.083888    0.086209    2.866343 v _6995_/Y (sky130_fd_sc_hd__nor4_2)
                                                         zero (net)
                      0.083890    0.000349    2.866692 v zero (out)
                                              2.866692   data arrival time

                      0.000000    0.000000    0.000000   clock __VIRTUAL_CLK__ (rise edge)
                                  0.000000    0.000000   clock network delay (ideal)
                                  0.250000    0.250000   clock uncertainty
                                  0.000000    0.250000   clock reconvergence pessimism
                                 -2.000000   -1.750000   output external delay
                                             -1.750000   data required time
---------------------------------------------------------------------------------------------
                                             -1.750000   data required time
                                             -2.866692   data arrival time
---------------------------------------------------------------------------------------------
                                              4.616692   slack (MET)


Startpoint: opcode[0] (input port clocked by __VIRTUAL_CLK__)
Endpoint: result[2] (output port clocked by __VIRTUAL_CLK__)
Path Group: __VIRTUAL_CLK__
Path Type: min

Fanout         Cap        Slew       Delay        Time   Description
---------------------------------------------------------------------------------------------
                      0.000000    0.000000    0.000000   clock __VIRTUAL_CLK__ (rise edge)
                                  0.000000    0.000000   clock network delay (ideal)
                                  2.000000    2.000000 ^ input external delay
    12    0.032366    0.150827    0.104206    2.104206 ^ opcode[0] (in)
                                                         opcode[0] (net)
                      0.150828    0.000000    2.104206 ^ _6335_/B (sky130_fd_sc_hd__nor3_2)
     5    0.030448    0.080873    0.121990    2.226196 v _6335_/Y (sky130_fd_sc_hd__nor3_2)
                                                         _2148_ (net)
                      0.080874    0.000455    2.226651 v _6463_/B2 (sky130_fd_sc_hd__a22oi_2)
     2    0.018018    0.256076    0.269668    2.496319 ^ _6463_/Y (sky130_fd_sc_hd__a22oi_2)
                                                         _2286_ (net)
                      0.256076    0.000235    2.496554 ^ _6464_/B (sky130_fd_sc_hd__nor2_2)
     1    0.002661    0.048041    0.047157    2.543711 v _6464_/Y (sky130_fd_sc_hd__nor2_2)
                                                         _2287_ (net)
                      0.048041    0.000007    2.543718 v _6483_/C1 (sky130_fd_sc_hd__a211o_2)
     2    0.037919    0.125084    0.370495    2.914213 v _6483_/X (sky130_fd_sc_hd__a211o_2)
                                                         result[2] (net)
                      0.125084    0.000611    2.914824 v result[2] (out)
                                              2.914824   data arrival time

                      0.000000    0.000000    0.000000   clock __VIRTUAL_CLK__ (rise edge)
                                  0.000000    0.000000   clock network delay (ideal)
                                  0.250000    0.250000   clock uncertainty
                                  0.000000    0.250000   clock reconvergence pessimism
                                 -2.000000   -1.750000   output external delay
                                             -1.750000   data required time
---------------------------------------------------------------------------------------------
                                             -1.750000   data required time
                                             -2.914824   data arrival time
---------------------------------------------------------------------------------------------
                                              4.664824   slack (MET)


Startpoint: opcode[1] (input port clocked by __VIRTUAL_CLK__)
Endpoint: result[13] (output port clocked by __VIRTUAL_CLK__)
Path Group: __VIRTUAL_CLK__
Path Type: min

Fanout         Cap        Slew       Delay        Time   Description
---------------------------------------------------------------------------------------------
                      0.000000    0.000000    0.000000   clock __VIRTUAL_CLK__ (rise edge)
                                  0.000000    0.000000   clock network delay (ideal)
                                  2.000000    2.000000 v input external delay
    12    0.035800    0.080152    0.057255    2.057255 v opcode[1] (in)
                                                         opcode[1] (net)
                      0.080155    0.000000    2.057255 v _6059_/B (sky130_fd_sc_hd__nand2b_2)
     5    0.013699    0.089356    0.112023    2.169277 ^ _6059_/Y (sky130_fd_sc_hd__nand2b_2)
                                                         _1845_ (net)
                      0.089356    0.000030    2.169307 ^ _6062_/A (sky130_fd_sc_hd__or2_2)
    16    0.108691    0.548761    0.478683    2.647990 ^ _6062_/X (sky130_fd_sc_hd__or2_2)
                                                         _1848_ (net)
                      0.548851    0.005870    2.653860 ^ _6704_/A1 (sky130_fd_sc_hd__o21ai_2)
     2    0.039576    0.155992    0.273959    2.927819 v _6704_/Y (sky130_fd_sc_hd__o21ai_2)
                                                         result[13] (net)
                      0.155996    0.000671    2.928489 v result[13] (out)
                                              2.928489   data arrival time

                      0.000000    0.000000    0.000000   clock __VIRTUAL_CLK__ (rise edge)
                                  0.000000    0.000000   clock network delay (ideal)
                                  0.250000    0.250000   clock uncertainty
                                  0.000000    0.250000   clock reconvergence pessimism
                                 -2.000000   -1.750000   output external delay
                                             -1.750000   data required time
---------------------------------------------------------------------------------------------
                                             -1.750000   data required time
                                             -2.928489   data arrival time
---------------------------------------------------------------------------------------------
                                              4.678489   slack (MET)


Startpoint: opcode[3] (input port clocked by __VIRTUAL_CLK__)
Endpoint: result[24] (output port clocked by __VIRTUAL_CLK__)
Path Group: __VIRTUAL_CLK__
Path Type: min

Fanout         Cap        Slew       Delay        Time   Description
---------------------------------------------------------------------------------------------
                      0.000000    0.000000    0.000000   clock __VIRTUAL_CLK__ (rise edge)
                                  0.000000    0.000000   clock network delay (ideal)
                                  2.000000    2.000000 ^ input external delay
    10    0.031633    0.147552    0.101860    2.101860 ^ opcode[3] (in)
                                                         opcode[3] (net)
                      0.147552    0.000000    2.101860 ^ _6202_/D (sky130_fd_sc_hd__nor4_2)
    20    0.097757    0.222289    0.226605    2.328464 v _6202_/Y (sky130_fd_sc_hd__nor4_2)
                                                         _2002_ (net)
                      0.222297    0.001146    2.329610 v _6885_/A1 (sky130_fd_sc_hd__a21bo_2)
     1    0.011359    0.053512    0.282875    2.612485 v _6885_/X (sky130_fd_sc_hd__a21bo_2)
                                                         _2728_ (net)
                      0.053514    0.000431    2.612916 v _6886_/B1_N (sky130_fd_sc_hd__o21bai_2)
     2    0.048180    0.195699    0.322492    2.935408 v _6886_/Y (sky130_fd_sc_hd__o21bai_2)
                                                         result[24] (net)
                      0.195738    0.002318    2.937726 v result[24] (out)
                                              2.937726   data arrival time

                      0.000000    0.000000    0.000000   clock __VIRTUAL_CLK__ (rise edge)
                                  0.000000    0.000000   clock network delay (ideal)
                                  0.250000    0.250000   clock uncertainty
                                  0.000000    0.250000   clock reconvergence pessimism
                                 -2.000000   -1.750000   output external delay
                                             -1.750000   data required time
---------------------------------------------------------------------------------------------
                                             -1.750000   data required time
                                             -2.937726   data arrival time
---------------------------------------------------------------------------------------------
                                              4.687727   slack (MET)


Startpoint: opcode[1] (input port clocked by __VIRTUAL_CLK__)
Endpoint: result[12] (output port clocked by __VIRTUAL_CLK__)
Path Group: __VIRTUAL_CLK__
Path Type: min

Fanout         Cap        Slew       Delay        Time   Description
---------------------------------------------------------------------------------------------
                      0.000000    0.000000    0.000000   clock __VIRTUAL_CLK__ (rise edge)
                                  0.000000    0.000000   clock network delay (ideal)
                                  2.000000    2.000000 v input external delay
    12    0.035800    0.080152    0.057255    2.057255 v opcode[1] (in)
                                                         opcode[1] (net)
                      0.080155    0.000000    2.057255 v _6059_/B (sky130_fd_sc_hd__nand2b_2)
     5    0.013699    0.089356    0.112023    2.169277 ^ _6059_/Y (sky130_fd_sc_hd__nand2b_2)
                                                         _1845_ (net)
                      0.089356    0.000030    2.169307 ^ _6062_/A (sky130_fd_sc_hd__or2_2)
    16    0.108691    0.548761    0.478683    2.647990 ^ _6062_/X (sky130_fd_sc_hd__or2_2)
                                                         _1848_ (net)
                      0.548843    0.005602    2.653592 ^ _6669_/B1 (sky130_fd_sc_hd__a31o_2)
     1    0.005026    0.050093    0.195140    2.848732 ^ _6669_/X (sky130_fd_sc_hd__a31o_2)
                                                         _2503_ (net)
                      0.050093    0.000008    2.848740 ^ _6685_/A2 (sky130_fd_sc_hd__o21bai_2)
     2    0.039600    0.163416    0.158339    3.007079 v _6685_/Y (sky130_fd_sc_hd__o21bai_2)
                                                         result[12] (net)
                      0.163421    0.000766    3.007845 v result[12] (out)
                                              3.007845   data arrival time

                      0.000000    0.000000    0.000000   clock __VIRTUAL_CLK__ (rise edge)
                                  0.000000    0.000000   clock network delay (ideal)
                                  0.250000    0.250000   clock uncertainty
                                  0.000000    0.250000   clock reconvergence pessimism
                                 -2.000000   -1.750000   output external delay
                                             -1.750000   data required time
---------------------------------------------------------------------------------------------
                                             -1.750000   data required time
                                             -3.007845   data arrival time
---------------------------------------------------------------------------------------------
                                              4.757845   slack (MET)


Startpoint: A[31] (input port clocked by __VIRTUAL_CLK__)
Endpoint: result[18] (output port clocked by __VIRTUAL_CLK__)
Path Group: __VIRTUAL_CLK__
Path Type: min

Fanout         Cap        Slew       Delay        Time   Description
---------------------------------------------------------------------------------------------
                      0.000000    0.000000    0.000000   clock __VIRTUAL_CLK__ (rise edge)
                                  0.000000    0.000000   clock network delay (ideal)
                                  2.000000    2.000000 v input external delay
    15    0.077563    0.171090    0.126107    2.126107 v A[31] (in)
                                                         A[31] (net)
                      0.171171    0.000000    2.126107 v _6731_/A (sky130_fd_sc_hd__nand2_2)
     6    0.031782    0.173316    0.205920    2.332027 ^ _6731_/Y (sky130_fd_sc_hd__nand2_2)
                                                         _2568_ (net)
                      0.173371    0.000644    2.332672 ^ _6785_/A (sky130_fd_sc_hd__and3_2)
     1    0.003197    0.045170    0.197414    2.530086 ^ _6785_/X (sky130_fd_sc_hd__and3_2)
                                                         _2624_ (net)
                      0.045170    0.000010    2.530095 ^ _6786_/C1 (sky130_fd_sc_hd__o211a_2)
     1    0.002835    0.042114    0.152247    2.682342 ^ _6786_/X (sky130_fd_sc_hd__o211a_2)
                                                         _2625_ (net)
                      0.042114    0.000004    2.682346 ^ _6789_/B1 (sky130_fd_sc_hd__o311a_2)
     1    0.006164    0.052227    0.174355    2.856702 ^ _6789_/X (sky130_fd_sc_hd__o311a_2)
                                                         _2629_ (net)
                      0.052227    0.000054    2.856755 ^ _6790_/B (sky130_fd_sc_hd__nand2_2)
     2    0.044046    0.175470    0.159326    3.016082 v _6790_/Y (sky130_fd_sc_hd__nand2_2)
                                                         result[18] (net)
                      0.175486    0.001410    3.017492 v result[18] (out)
                                              3.017492   data arrival time

                      0.000000    0.000000    0.000000   clock __VIRTUAL_CLK__ (rise edge)
                                  0.000000    0.000000   clock network delay (ideal)
                                  0.250000    0.250000   clock uncertainty
                                  0.000000    0.250000   clock reconvergence pessimism
                                 -2.000000   -1.750000   output external delay
                                             -1.750000   data required time
---------------------------------------------------------------------------------------------
                                             -1.750000   data required time
                                             -3.017492   data arrival time
---------------------------------------------------------------------------------------------
                                              4.767492   slack (MET)


Startpoint: A[9] (input port clocked by __VIRTUAL_CLK__)
Endpoint: result[9] (output port clocked by __VIRTUAL_CLK__)
Path Group: __VIRTUAL_CLK__
Path Type: min

Fanout         Cap        Slew       Delay        Time   Description
---------------------------------------------------------------------------------------------
                      0.000000    0.000000    0.000000   clock __VIRTUAL_CLK__ (rise edge)
                                  0.000000    0.000000   clock network delay (ideal)
                                  2.000000    2.000000 v input external delay
    56    0.263473    0.575862    0.425990    2.425990 v A[9] (in)
                                                         A[9] (net)
                      0.576290    0.000000    2.425990 v _6630_/A1 (sky130_fd_sc_hd__o21ai_2)
     1    0.002578    0.036866    0.282989    2.708978 ^ _6630_/Y (sky130_fd_sc_hd__o21ai_2)
                                                         _2463_ (net)
                      0.036866    0.000000    2.708979 ^ _6631_/C1 (sky130_fd_sc_hd__a211o_2)
     1    0.002492    0.024402    0.080058    2.789037 ^ _6631_/X (sky130_fd_sc_hd__a211o_2)
                                                         _2464_ (net)
                      0.024402    0.000011    2.789048 ^ _6632_/D (sky130_fd_sc_hd__or4_2)
     2    0.045992    0.228954    0.239409    3.028456 ^ _6632_/X (sky130_fd_sc_hd__or4_2)
                                                         result[9] (net)
                      0.228978    0.001969    3.030426 ^ result[9] (out)
                                              3.030426   data arrival time

                      0.000000    0.000000    0.000000   clock __VIRTUAL_CLK__ (rise edge)
                                  0.000000    0.000000   clock network delay (ideal)
                                  0.250000    0.250000   clock uncertainty
                                  0.000000    0.250000   clock reconvergence pessimism
                                 -2.000000   -1.750000   output external delay
                                             -1.750000   data required time
---------------------------------------------------------------------------------------------
                                             -1.750000   data required time
                                             -3.030426   data arrival time
---------------------------------------------------------------------------------------------
                                              4.780426   slack (MET)


Startpoint: opcode[3] (input port clocked by __VIRTUAL_CLK__)
Endpoint: result[8] (output port clocked by __VIRTUAL_CLK__)
Path Group: __VIRTUAL_CLK__
Path Type: min

Fanout         Cap        Slew       Delay        Time   Description
---------------------------------------------------------------------------------------------
                      0.000000    0.000000    0.000000   clock __VIRTUAL_CLK__ (rise edge)
                                  0.000000    0.000000   clock network delay (ideal)
                                  2.000000    2.000000 ^ input external delay
    10    0.031633    0.147552    0.101894    2.101894 ^ opcode[3] (in)
                                                         opcode[3] (net)
                      0.147553    0.000000    2.101894 ^ _6289_/C (sky130_fd_sc_hd__or4b_2)
    14    0.078001    0.442871    0.430509    2.532403 ^ _6289_/X (sky130_fd_sc_hd__or4b_2)
                                                         _2098_ (net)
                      0.442892    0.002545    2.534948 ^ _6600_/B1 (sky130_fd_sc_hd__a311oi_2)
     1    0.002495    0.035047    0.081476    2.616424 v _6600_/Y (sky130_fd_sc_hd__a311oi_2)
                                                         _2431_ (net)
                      0.035047    0.000004    2.616428 v _6613_/B1 (sky130_fd_sc_hd__a211o_2)
     2    0.045207    0.137221    0.418064    3.034492 v _6613_/X (sky130_fd_sc_hd__a211o_2)
                                                         result[8] (net)
                      0.137242    0.001768    3.036260 v result[8] (out)
                                              3.036260   data arrival time

                      0.000000    0.000000    0.000000   clock __VIRTUAL_CLK__ (rise edge)
                                  0.000000    0.000000   clock network delay (ideal)
                                  0.250000    0.250000   clock uncertainty
                                  0.000000    0.250000   clock reconvergence pessimism
                                 -2.000000   -1.750000   output external delay
                                             -1.750000   data required time
---------------------------------------------------------------------------------------------
                                             -1.750000   data required time
                                             -3.036260   data arrival time
---------------------------------------------------------------------------------------------
                                              4.786261   slack (MET)


Startpoint: opcode[3] (input port clocked by __VIRTUAL_CLK__)
Endpoint: result[4] (output port clocked by __VIRTUAL_CLK__)
Path Group: __VIRTUAL_CLK__
Path Type: min

Fanout         Cap        Slew       Delay        Time   Description
---------------------------------------------------------------------------------------------
                      0.000000    0.000000    0.000000   clock __VIRTUAL_CLK__ (rise edge)
                                  0.000000    0.000000   clock network delay (ideal)
                                  2.000000    2.000000 ^ input external delay
    10    0.031633    0.147552    0.101895    2.101895 ^ opcode[3] (in)
                                                         opcode[3] (net)
                      0.147553    0.000000    2.101895 ^ _6060_/B (sky130_fd_sc_hd__nand2b_2)
     6    0.017036    0.085180    0.116427    2.218322 v _6060_/Y (sky130_fd_sc_hd__nand2b_2)
                                                         _1846_ (net)
                      0.085180    0.000073    2.218395 v _6062_/B (sky130_fd_sc_hd__or2_2)
    16    0.101631    0.274265    0.517363    2.735758 v _6062_/X (sky130_fd_sc_hd__or2_2)
                                                         _1848_ (net)
                      0.274273    0.001844    2.737603 v _6516_/A (sky130_fd_sc_hd__nor2_2)
     1    0.002816    0.060538    0.170715    2.908318 ^ _6516_/Y (sky130_fd_sc_hd__nor2_2)
                                                         _2342_ (net)
                      0.060538    0.000012    2.908329 ^ _6540_/A (sky130_fd_sc_hd__or4_2)
     2    0.038405    0.192471    0.233767    3.142097 ^ _6540_/X (sky130_fd_sc_hd__or4_2)
                                                         result[4] (net)
                      0.192530    0.000813    3.142910 ^ result[4] (out)
                                              3.142910   data arrival time

                      0.000000    0.000000    0.000000   clock __VIRTUAL_CLK__ (rise edge)
                                  0.000000    0.000000   clock network delay (ideal)
                                  0.250000    0.250000   clock uncertainty
                                  0.000000    0.250000   clock reconvergence pessimism
                                 -2.000000   -1.750000   output external delay
                                             -1.750000   data required time
---------------------------------------------------------------------------------------------
                                             -1.750000   data required time
                                             -3.142910   data arrival time
---------------------------------------------------------------------------------------------
                                              4.892910   slack (MET)



