
===========================================================================
Violator List
============================================================================
[setup in-out] B[2] -> zero : -4.808629
[setup in-out] B[2] -> overflow : -4.378268
[setup in-out] B[2] -> result[31] : -3.658042
[setup in-out] B[2] -> result[28] : -3.452238
[setup in-out] B[2] -> result[30] : -3.378911
[setup in-out] B[2] -> result[27] : -3.242104
[setup in-out] B[2] -> result[29] : -3.206116
[setup in-out] B[2] -> result[26] : -3.028282
[setup in-out] B[2] -> result[22] : -2.926096
[setup in-out] B[2] -> result[25] : -2.753630
[setup in-out] B[2] -> result[24] : -2.620770
[setup in-out] B[2] -> result[23] : -2.511108
[setup in-out] B[0] -> carry : -2.410319
[setup in-out] B[2] -> result[19] : -2.345456
[setup in-out] B[2] -> result[21] : -2.241489
[setup in-out] B[2] -> result[18] : -2.181689
[setup in-out] B[2] -> result[17] : -2.059906
[setup in-out] B[2] -> result[20] : -1.983013
[setup in-out] B[4] -> result[16] : -1.426433
[setup in-out] B[4] -> result[14] : -1.291559
[setup in-out] B[4] -> result[15] : -1.257606
[setup in-out] B[2] -> result[0] : -1.199907
[setup in-out] B[4] -> result[13] : -1.099091
[setup in-out] B[4] -> result[12] : -0.954511
[setup in-out] B[4] -> result[9] : -0.751066
[setup in-out] B[4] -> result[11] : -0.709933
[setup in-out] B[4] -> result[10] : -0.527295
[setup in-out] B[4] -> result[8] : -0.393583
Writing metric timing__hold_vio__count__corner:nom_tt_025C_1v80: 0
Writing metric timing__hold_r2r__ws__corner:nom_tt_025C_1v80: 1e30
Writing metric timing__hold_r2r_vio__count__corner:nom_tt_025C_1v80: 0
Writing metric timing__setup_vio__count__corner:nom_tt_025C_1v80: 28
Writing metric timing__setup_r2r__ws__corner:nom_tt_025C_1v80: 1e30
Writing metric timing__setup_r2r_vio__count__corner:nom_tt_025C_1v80: 0
