
===========================================================================
report_checks -unconstrained
===========================================================================
======================= Typical Corner ===================================

Startpoint: rst_n (input port clocked by clk)
Endpoint: _4184_ (recovery check against rising-edge clock clk)
Path Group: asynchronous
Path Type: max

Fanout     Cap    Slew   Delay    Time   Description
-----------------------------------------------------------------------------
                  0.15    0.00    0.00   clock clk (rise edge)
                          0.00    0.00   clock network delay (ideal)
                          2.00    2.00 ^ input external delay
    37    0.13    0.61    0.44    2.44 ^ rst_n (in)
                                         rst_n (net)
                  0.61    0.00    2.44 ^ _4184_/RESET_B (sky130_fd_sc_hd__dfrtp_2)
                                  2.44   data arrival time

                  0.15   10.00   10.00   clock clk (rise edge)
                          0.00   10.00   clock network delay (ideal)
                         -0.25    9.75   clock uncertainty
                          0.00    9.75   clock reconvergence pessimism
                                  9.75 ^ _4184_/CLK (sky130_fd_sc_hd__dfrtp_2)
                          0.08    9.83   library recovery time
                                  9.83   data required time
-----------------------------------------------------------------------------
                                  9.83   data required time
                                 -2.44   data arrival time
-----------------------------------------------------------------------------
                                  7.40   slack (MET)


Startpoint: B[0] (input port clocked by clk)
Endpoint: _4196_ (rising edge-triggered flip-flop clocked by clk)
Path Group: clk
Path Type: max

Fanout     Cap    Slew   Delay    Time   Description
-----------------------------------------------------------------------------
                  0.15    0.00    0.00   clock clk (rise edge)
                          0.00    0.00   clock network delay (ideal)
                          2.00    2.00 ^ input external delay
     2    0.00    0.03    0.02    2.02 ^ B[0] (in)
                                         B[0] (net)
                  0.03    0.00    2.02 ^ _2199_/A (sky130_fd_sc_hd__buf_1)
    10    0.03    0.30    0.26    2.28 ^ _2199_/X (sky130_fd_sc_hd__buf_1)
                                         _1305_ (net)
                  0.30    0.00    2.28 ^ _2469_/A (sky130_fd_sc_hd__buf_1)
    10    0.03    0.34    0.35    2.63 ^ _2469_/X (sky130_fd_sc_hd__buf_1)
                                         _1575_ (net)
                  0.34    0.00    2.63 ^ _2470_/A (sky130_fd_sc_hd__buf_1)
    10    0.05    0.53    0.49    3.12 ^ _2470_/X (sky130_fd_sc_hd__buf_1)
                                         _1576_ (net)
                  0.53    0.00    3.12 ^ _2471_/A (sky130_fd_sc_hd__buf_1)
    10    0.05    0.57    0.53    3.65 ^ _2471_/X (sky130_fd_sc_hd__buf_1)
                                         _1577_ (net)
                  0.57    0.00    3.65 ^ _3292_/S0 (sky130_fd_sc_hd__mux4_2)
     2    0.00    0.08    0.60    4.25 v _3292_/X (sky130_fd_sc_hd__mux4_2)
                                         _0330_ (net)
                  0.08    0.00    4.25 v _3818_/A2 (sky130_fd_sc_hd__mux4_2)
     1    0.00    0.08    0.48    4.73 v _3818_/X (sky130_fd_sc_hd__mux4_2)
                                         _0894_ (net)
                  0.08    0.00    4.73 v _3820_/A1 (sky130_fd_sc_hd__a21o_2)
     1    0.00    0.04    0.21    4.94 v _3820_/X (sky130_fd_sc_hd__a21o_2)
                                         _0896_ (net)
                  0.04    0.00    4.94 v _3821_/A2 (sky130_fd_sc_hd__a22oi_2)
     1    0.00    0.12    0.17    5.10 ^ _3821_/Y (sky130_fd_sc_hd__a22oi_2)
                                         _0897_ (net)
                  0.12    0.00    5.10 ^ _3829_/B1 (sky130_fd_sc_hd__o2111a_2)
     1    0.00    0.05    0.22    5.33 ^ _3829_/X (sky130_fd_sc_hd__o2111a_2)
                                         _0906_ (net)
                  0.05    0.00    5.33 ^ _3830_/B (sky130_fd_sc_hd__nand2_2)
     1    0.00    0.05    0.05    5.37 v _3830_/Y (sky130_fd_sc_hd__nand2_2)
                                         _0907_ (net)
                  0.05    0.00    5.37 v _3831_/C1 (sky130_fd_sc_hd__a211o_2)
     1    0.00    0.04    0.27    5.64 v _3831_/X (sky130_fd_sc_hd__a211o_2)
                                         _2061_ (net)
                  0.04    0.00    5.64 v _4196_/D (sky130_fd_sc_hd__dfrtp_2)
                                  5.64   data arrival time

                  0.15   10.00   10.00   clock clk (rise edge)
                          0.00   10.00   clock network delay (ideal)
                         -0.25    9.75   clock uncertainty
                          0.00    9.75   clock reconvergence pessimism
                                  9.75 ^ _4196_/CLK (sky130_fd_sc_hd__dfrtp_2)
                         -0.09    9.66   library setup time
                                  9.66   data required time
-----------------------------------------------------------------------------
                                  9.66   data required time
                                 -5.64   data arrival time
-----------------------------------------------------------------------------
                                  4.02   slack (MET)




===========================================================================
report_checks --slack_max -0.01
============================================================================
======================= Typical Corner ===================================

No paths found.


===========================================================================
 report_check_types -max_slew -max_cap -max_fanout -violators
============================================================================
======================= Typical Corner ===================================

max fanout

Pin                                   Limit Fanout  Slack
---------------------------------------------------------
rst_n                                    10     37    -27 (VIOLATED)


max slew violations count Typical: 0
max fanout violations count Typical: 1
max cap violations count Typical: 0

===========================================================================
report_parasitic_annotation -report_unannotated
============================================================================
Found 2201 unannotated drivers.
 A[0]
 A[10]
 A[11]
 A[12]
 A[13]
 A[14]
 A[15]
 A[16]
 A[17]
 A[18]
 A[19]
 A[1]
 A[20]
 A[21]
 A[22]
 A[23]
 A[24]
 A[25]
 A[26]
 A[27]
 A[28]
 A[29]
 A[2]
 A[30]
 A[31]
 A[3]
 A[4]
 A[5]
 A[6]
 A[7]
 A[8]
 A[9]
 B[0]
 B[10]
 B[11]
 B[12]
 B[13]
 B[14]
 B[15]
 B[16]
 B[17]
 B[18]
 B[19]
 B[1]
 B[20]
 B[21]
 B[22]
 B[23]
 B[24]
 B[25]
 B[26]
 B[27]
 B[28]
 B[29]
 B[2]
 B[30]
 B[31]
 B[3]
 B[4]
 B[5]
 B[6]
 B[7]
 B[8]
 B[9]
 clk
 opcode[0]
 opcode[1]
 opcode[2]
 opcode[3]
 opcode[4]
 rst_n
 valid_in
 _2092_/Y
 _2093_/X
 _2094_/X
 _2095_/Y
 _2096_/Y
 _2097_/X
 _2098_/X
 _2099_/Y
 _2100_/X
 _2101_/X
 _2102_/X
 _2103_/X
 _2104_/X
 _2105_/Y
 _2106_/X
 _2107_/Y
 _2108_/Y
 _2109_/Y
 _2110_/Y
 _2111_/Y
 _2112_/Y
 _2113_/X
 _2114_/X
 _2115_/X
 _2116_/Y
 _2117_/Y
 _2118_/Y
 _2119_/Y
 _2120_/X
 _2121_/X
 _2122_/Y
 _2123_/Y
 _2124_/X
 _2125_/X
 _2126_/Y
 _2127_/Y
 _2128_/X
 _2129_/X
 _2130_/Y
 _2131_/X
 _2132_/X
 _2133_/Y
 _2134_/X
 _2135_/Y
 _2136_/X
 _2137_/X
 _2138_/X
 _2139_/X
 _2140_/X
 _2141_/Y
 _2142_/Y
 _2143_/Y
 _2144_/Y
 _2145_/Y
 _2146_/X
 _2147_/Y
 _2148_/X
 _2149_/Y
 _2150_/X
 _2151_/Y
 _2152_/X
 _2153_/Y
 _2154_/X
 _2155_/Y
 _2156_/X
 _2157_/Y
 _2158_/Y
 _2159_/Y
 _2160_/X
 _2161_/Y
 _2162_/Y
 _2163_/Y
 _2164_/X
 _2165_/Y
 _2166_/Y
 _2167_/X
 _2168_/Y
 _2169_/Y
 _2170_/X
 _2171_/Y
 _2172_/Y
 _2173_/Y
 _2174_/Y
 _2175_/X
 _2176_/Y
 _2177_/X
 _2178_/X
 _2179_/X
 _2180_/Y
 _2181_/Y
 _2182_/X
 _2183_/X
 _2184_/Y
 _2185_/Y
 _2186_/X
 _2187_/Y
 _2188_/X
 _2189_/Y
 _2190_/X
 _2191_/X
 _2192_/Y
 _2193_/X
 _2194_/X
 _2195_/X
 _2196_/X
 _2197_/X
 _2198_/Y
 _2199_/X
 _2200_/Y
 _2201_/X
 _2202_/X
 _2203_/Y
 _2204_/X
 _2205_/Y
 _2206_/X
 _2207_/X
 _2208_/X
 _2209_/X
 _2210_/Y
 _2211_/X
 _2212_/Y
 _2213_/Y
 _2214_/Y
 _2215_/X
 _2216_/X
 _2217_/Y
 _2218_/X
 _2219_/Y
 _2220_/X
 _2221_/X
 _2222_/Y
 _2223_/X
 _2224_/X
 _2225_/X
 _2226_/X
 _2227_/Y
 _2228_/Y
 _2229_/X
 _2230_/X
 _2231_/Y
 _2232_/X
 _2233_/X
 _2234_/X
 _2235_/Y
 _2236_/X
 _2237_/X
 _2238_/X
 _2239_/Y
 _2240_/Y
 _2241_/X
 _2242_/Y
 _2243_/Y
 _2244_/Y
 _2245_/Y
 _2246_/Y
 _2247_/Y
 _2248_/Y
 _2249_/Y
 _2250_/X
 _2251_/Y
 _2252_/X
 _2253_/Y
 _2254_/X
 _2255_/X
 _2256_/Y
 _2257_/Y
 _2258_/Y
 _2259_/X
 _2260_/Y
 _2261_/Y
 _2262_/X
 _2263_/X
 _2264_/X
 _2265_/Y
 _2266_/X
 _2267_/Y
 _2268_/Y
 _2269_/Y
 _2270_/Y
 _2271_/Y
 _2272_/Y
 _2273_/X
 _2274_/Y
 _2275_/Y
 _2276_/X
 _2277_/X
 _2278_/X
 _2279_/Y
 _2280_/Y
 _2281_/Y
 _2282_/Y
 _2283_/X
 _2284_/X
 _2285_/X
 _2286_/X
 _2287_/Y
 _2288_/Y
 _2289_/Y
 _2290_/Y
 _2291_/X
 _2292_/Y
 _2293_/Y
 _2294_/X
 _2295_/Y
 _2296_/X
 _2297_/X
 _2298_/Y
 _2299_/X
 _2300_/X
 _2301_/X
 _2302_/X
 _2303_/X
 _2304_/X
 _2305_/X
 _2306_/X
 _2307_/Y
 _2308_/Y
 _2309_/Y
 _2310_/Y
 _2311_/Y
 _2312_/Y
 _2313_/Y
 _2314_/Y
 _2315_/X
 _2316_/X
 _2317_/X
 _2318_/X
 _2319_/Y
 _2320_/X
 _2321_/X
 _2322_/Y
 _2323_/X
 _2324_/Y
 _2325_/X
 _2326_/X
 _2327_/X
 _2328_/X
 _2329_/X
 _2330_/X
 _2331_/X
 _2332_/X
 _2333_/X
 _2334_/Y
 _2335_/X
 _2336_/Y
 _2337_/Y
 _2338_/X
 _2339_/X
 _2340_/X
 _2341_/X
 _2342_/Y
 _2343_/X
 _2344_/X
 _2345_/X
 _2346_/X
 _2347_/X
 _2348_/X
 _2349_/X
 _2350_/X
 _2351_/X
 _2352_/X
 _2353_/X
 _2354_/Y
 _2355_/X
 _2356_/Y
 _2357_/X
 _2358_/Y
 _2359_/Y
 _2360_/Y
 _2361_/X
 _2362_/X
 _2363_/X
 _2364_/Y
 _2365_/X
 _2366_/X
 _2367_/Y
 _2368_/X
 _2369_/X
 _2370_/Y
 _2371_/Y
 _2372_/X
 _2373_/X
 _2374_/X
 _2375_/X
 _2376_/X
 _2377_/X
 _2378_/X
 _2379_/X
 _2380_/X
 _2381_/X
 _2382_/Y
 _2383_/X
 _2384_/Y
 _2385_/X
 _2386_/X
 _2387_/X
 _2388_/Y
 _2389_/X
 _2390_/X
 _2391_/X
 _2392_/X
 _2393_/X
 _2394_/X
 _2395_/Y
 _2396_/Y
 _2397_/Y
 _2398_/X
 _2399_/X
 _2400_/Y
 _2401_/X
 _2402_/Y
 _2403_/X
 _2404_/X
 _2405_/X
 _2406_/Y
 _2407_/Y
 _2408_/Y
 _2409_/Y
 _2410_/Y
 _2411_/X
 _2412_/Y
 _2413_/Y
 _2414_/Y
 _2415_/Y
 _2416_/X
 _2417_/Y
 _2418_/Y
 _2419_/Y
 _2420_/Y
 _2421_/Y
 _2422_/X
 _2423_/Y
 _2424_/Y
 _2425_/Y
 _2426_/X
 _2427_/Y
 _2428_/Y
 _2429_/Y
 _2430_/Y
 _2431_/X
 _2432_/Y
 _2433_/X
 _2434_/X
 _2435_/X
 _2436_/X
 _2437_/X
 _2438_/X
 _2439_/X
 _2440_/Y
 _2441_/X
 _2442_/Y
 _2443_/Y
 _2444_/X
 _2445_/X
 _2446_/Y
 _2447_/X
 _2448_/X
 _2449_/X
 _2450_/X
 _2451_/X
 _2452_/Y
 _2453_/X
 _2454_/X
 _2455_/X
 _2456_/X
 _2457_/X
 _2458_/X
 _2459_/Y
 _2460_/X
 _2461_/X
 _2462_/Y
 _2463_/X
 _2464_/X
 _2465_/X
 _2466_/X
 _2467_/Y
 _2468_/X
 _2469_/X
 _2470_/X
 _2471_/X
 _2472_/X
 _2473_/Y
 _2474_/Y
 _2475_/X
 _2476_/X
 _2477_/X
 _2478_/X
 _2479_/X
 _2480_/X
 _2481_/X
 _2482_/X
 _2483_/X
 _2484_/X
 _2485_/X
 _2486_/X
 _2487_/X
 _2488_/Y
 _2489_/X
 _2490_/X
 _2491_/Y
 _2492_/X
 _2493_/X
 _2494_/Y
 _2495_/Y
 _2496_/Y
 _2497_/X
 _2498_/X
 _2499_/X
 _2500_/Y
 _2501_/X
 _2502_/X
 _2503_/Y
 _2504_/Y
 _2505_/X
 _2506_/Y
 _2507_/X
 _2508_/Y
 _2509_/X
 _2510_/X
 _2511_/Y
 _2512_/X
 _2513_/X
 _2514_/Y
 _2515_/X
 _2516_/Y
 _2517_/Y
 _2518_/Y
 _2519_/Y
 _2520_/Y
 _2521_/X
 _2522_/Y
 _2523_/X
 _2524_/X
 _2525_/X
 _2526_/X
 _2527_/X
 _2528_/Y
 _2529_/Y
 _2530_/X
 _2531_/X
 _2532_/X
 _2533_/X
 _2534_/X
 _2535_/X
 _2536_/X
 _2537_/X
 _2538_/X
 _2539_/X
 _2540_/X
 _2541_/X
 _2542_/Y
 _2543_/Y
 _2544_/X
 _2545_/X
 _2546_/Y
 _2547_/X
 _2548_/X
 _2549_/X
 _2550_/X
 _2551_/Y
 _2552_/X
 _2553_/X
 _2554_/Y
 _2555_/X
 _2556_/X
 _2557_/X
 _2558_/X
 _2559_/Y
 _2560_/Y
 _2561_/X
 _2562_/Y
 _2563_/X
 _2564_/X
 _2565_/Y
 _2566_/X
 _2567_/Y
 _2568_/X
 _2569_/Y
 _2570_/X
 _2571_/X
 _2572_/X
 _2573_/X
 _2574_/Y
 _2575_/Y
 _2576_/Y
 _2577_/Y
 _2578_/X
 _2579_/X
 _2580_/X
 _2581_/X
 _2582_/Y
 _2583_/Y
 _2584_/X
 _2585_/X
 _2586_/X
 _2587_/X
 _2588_/X
 _2589_/X
 _2590_/X
 _2591_/X
 _2592_/X
 _2593_/Y
 _2594_/X
 _2595_/X
 _2596_/X
 _2597_/X
 _2598_/X
 _2599_/Y
 _2600_/X
 _2601_/X
 _2602_/X
 _2603_/X
 _2604_/X
 _2605_/Y
 _2606_/X
 _2607_/Y
 _2608_/X
 _2609_/Y
 _2610_/Y
 _2611_/Y
 _2612_/Y
 _2613_/X
 _2614_/X
 _2615_/X
 _2616_/X
 _2617_/X
 _2618_/X
 _2619_/X
 _2620_/X
 _2621_/X
 _2622_/X
 _2623_/Y
 _2624_/X
 _2625_/X
 _2626_/X
 _2627_/X
 _2628_/X
 _2629_/Y
 _2630_/X
 _2631_/X
 _2632_/X
 _2633_/X
 _2634_/X
 _2635_/Y
 _2636_/Y
 _2637_/Y
 _2638_/Y
 _2639_/Y
 _2640_/Y
 _2641_/X
 _2642_/Y
 _2643_/Y
 _2644_/Y
 _2645_/Y
 _2646_/Y
 _2647_/Y
 _2648_/Y
 _2649_/X
 _2650_/Y
 _2651_/X
 _2652_/X
 _2653_/Y
 _2654_/Y
 _2655_/Y
 _2656_/Y
 _2657_/Y
 _2658_/X
 _2659_/Y
 _2660_/Y
 _2661_/Y
 _2662_/X
 _2663_/Y
 _2664_/Y
 _2665_/Y
 _2666_/Y
 _2667_/Y
 _2668_/Y
 _2669_/X
 _2670_/Y
 _2671_/Y
 _2672_/Y
 _2673_/X
 _2674_/Y
 _2675_/Y
 _2676_/Y
 _2677_/Y
 _2678_/Y
 _2679_/X
 _2680_/X
 _2681_/Y
 _2682_/X
 _2683_/X
 _2684_/Y
 _2685_/X
 _2686_/X
 _2687_/X
 _2688_/X
 _2689_/Y
 _2690_/Y
 _2691_/Y
 _2692_/X
 _2693_/X
 _2694_/X
 _2695_/X
 _2696_/X
 _2697_/Y
 _2698_/X
 _2699_/Y
 _2700_/X
 _2701_/X
 _2702_/X
 _2703_/X
 _2704_/X
 _2705_/X
 _2706_/Y
 _2707_/Y
 _2708_/Y
 _2709_/X
 _2710_/Y
 _2711_/X
 _2712_/Y
 _2713_/Y
 _2714_/Y
 _2715_/X
 _2716_/X
 _2717_/Y
 _2718_/X
 _2719_/X
 _2720_/X
 _2721_/Y
 _2722_/Y
 _2723_/X
 _2724_/Y
 _2725_/X
 _2726_/Y
 _2727_/X
 _2728_/Y
 _2729_/Y
 _2730_/X
 _2731_/X
 _2732_/Y
 _2733_/X
 _2734_/Y
 _2735_/X
 _2736_/X
 _2737_/X
 _2738_/Y
 _2739_/X
 _2740_/X
 _2741_/Y
 _2742_/Y
 _2743_/X
 _2744_/Y
 _2745_/Y
 _2746_/Y
 _2747_/X
 _2748_/Y
 _2749_/X
 _2750_/Y
 _2751_/Y
 _2752_/X
 _2753_/Y
 _2754_/X
 _2755_/Y
 _2756_/Y
 _2757_/Y
 _2758_/X
 _2759_/X
 _2760_/Y
 _2761_/X
 _2762_/X
 _2763_/Y
 _2764_/X
 _2765_/X
 _2766_/Y
 _2767_/X
 _2768_/Y
 _2769_/X
 _2770_/X
 _2771_/X
 _2772_/X
 _2773_/Y
 _2774_/Y
 _2775_/Y
 _2776_/Y
 _2777_/X
 _2778_/Y
 _2779_/Y
 _2780_/X
 _2781_/X
 _2782_/X
 _2783_/X
 _2784_/X
 _2785_/X
 _2786_/X
 _2787_/X
 _2788_/X
 _2789_/X
 _2790_/X
 _2791_/X
 _2792_/X
 _2793_/Y
 _2794_/Y
 _2795_/X
 _2796_/X
 _2797_/X
 _2798_/X
 _2799_/Y
 _2800_/Y
 _2801_/Y
 _2802_/Y
 _2803_/Y
 _2804_/X
 _2805_/X
 _2806_/Y
 _2807_/X
 _2808_/X
 _2809_/X
 _2810_/Y
 _2811_/Y
 _2812_/Y
 _2813_/X
 _2814_/X
 _2815_/X
 _2816_/Y
 _2817_/X
 _2818_/X
 _2819_/X
 _2820_/X
 _2821_/X
 _2822_/Y
 _2823_/X
 _2824_/X
 _2825_/X
 _2826_/X
 _2827_/X
 _2828_/X
 _2829_/X
 _2830_/X
 _2831_/Y
 _2832_/X
 _2833_/X
 _2834_/X
 _2835_/X
 _2836_/X
 _2837_/X
 _2838_/Y
 _2839_/Y
 _2840_/X
 _2841_/X
 _2842_/X
 _2843_/Y
 _2844_/X
 _2845_/X
 _2846_/X
 _2847_/X
 _2848_/Y
 _2849_/Y
 _2850_/X
 _2851_/X
 _2852_/X
 _2853_/Y
 _2854_/X
 _2855_/Y
 _2856_/X
 _2857_/X
 _2858_/X
 _2859_/Y
 _2860_/X
 _2861_/X
 _2862_/X
 _2863_/X
 _2864_/X
 _2865_/X
 _2866_/X
 _2867_/X
 _2868_/X
 _2869_/Y
 _2870_/Y
 _2871_/X
 _2872_/X
 _2873_/X
 _2874_/Y
 _2875_/X
 _2876_/X
 _2877_/X
 _2878_/X
 _2879_/X
 _2880_/X
 _2881_/X
 _2882_/X
 _2883_/Y
 _2884_/X
 _2885_/X
 _2886_/X
 _2887_/X
 _2888_/Y
 _2889_/Y
 _2890_/X
 _2891_/X
 _2892_/X
 _2893_/X
 _2894_/X
 _2895_/X
 _2896_/Y
 _2897_/X
 _2898_/Y
 _2899_/X
 _2900_/X
 _2901_/X
 _2902_/Y
 _2903_/X
 _2904_/X
 _2905_/X
 _2906_/X
 _2907_/Y
 _2908_/X
 _2909_/X
 _2910_/X
 _2911_/X
 _2912_/Y
 _2913_/X
 _2914_/X
 _2915_/X
 _2916_/X
 _2917_/X
 _2918_/X
 _2919_/X
 _2920_/X
 _2921_/X
 _2922_/X
 _2923_/X
 _2924_/Y
 _2925_/X
 _2926_/X
 _2927_/Y
 _2928_/X
 _2929_/X
 _2930_/Y
 _2931_/Y
 _2932_/X
 _2933_/Y
 _2934_/X
 _2935_/X
 _2936_/X
 _2937_/Y
 _2938_/X
 _2939_/X
 _2940_/Y
 _2941_/Y
 _2942_/Y
 _2943_/Y
 _2944_/Y
 _2945_/X
 _2946_/Y
 _2947_/Y
 _2948_/Y
 _2949_/Y
 _2950_/X
 _2951_/X
 _2952_/X
 _2953_/X
 _2954_/X
 _2955_/X
 _2956_/X
 _2957_/X
 _2958_/X
 _2959_/Y
 _2960_/X
 _2961_/X
 _2962_/X
 _2963_/X
 _2964_/X
 _2965_/X
 _2966_/X
 _2967_/X
 _2968_/Y
 _2969_/X
 _2970_/X
 _2971_/X
 _2972_/X
 _2973_/X
 _2974_/X
 _2975_/X
 _2976_/X
 _2977_/X
 _2978_/X
 _2979_/X
 _2980_/X
 _2981_/X
 _2982_/Y
 _2983_/X
 _2984_/Y
 _2985_/X
 _2986_/X
 _2987_/X
 _2988_/Y
 _2989_/X
 _2990_/X
 _2991_/X
 _2992_/Y
 _2993_/X
 _2994_/X
 _2995_/Y
 _2996_/X
 _2997_/Y
 _2998_/X
 _2999_/X
 _3000_/Y
 _3001_/X
 _3002_/X
 _3003_/X
 _3004_/X
 _3005_/Y
 _3006_/Y
 _3007_/Y
 _3008_/X
 _3009_/Y
 _3010_/Y
 _3011_/X
 _3012_/X
 _3013_/Y
 _3014_/X
 _3015_/X
 _3016_/Y
 _3017_/Y
 _3018_/X
 _3019_/X
 _3020_/X
 _3021_/X
 _3022_/Y
 _3023_/X
 _3024_/X
 _3025_/X
 _3026_/Y
 _3027_/Y
 _3028_/X
 _3029_/X
 _3030_/X
 _3031_/X
 _3032_/X
 _3033_/X
 _3034_/Y
 _3035_/X
 _3036_/Y
 _3037_/Y
 _3038_/X
 _3039_/X
 _3040_/Y
 _3041_/Y
 _3042_/X
 _3043_/X
 _3044_/X
 _3045_/X
 _3046_/X
 _3047_/X
 _3048_/Y
 _3049_/X
 _3050_/X
 _3051_/X
 _3052_/X
 _3053_/X
 _3054_/Y
 _3055_/X
 _3056_/X
 _3057_/Y
 _3058_/X
 _3059_/X
 _3060_/X
 _3061_/X
 _3062_/X
 _3063_/Y
 _3064_/Y
 _3065_/X
 _3066_/X
 _3067_/X
 _3068_/X
 _3069_/X
 _3070_/X
 _3071_/X
 _3072_/Y
 _3073_/Y
 _3074_/X
 _3075_/Y
 _3076_/X
 _3077_/Y
 _3078_/Y
 _3079_/Y
 _3080_/Y
 _3081_/Y
 _3082_/Y
 _3083_/X
 _3084_/X
 _3085_/Y
 _3086_/Y
 _3087_/X
 _3088_/X
 _3089_/X
 _3090_/X
 _3091_/Y
 _3092_/X
 _3093_/X
 _3094_/X
 _3095_/Y
 _3096_/Y
 _3097_/X
 _3098_/X
 _3099_/X
 _3100_/X
 _3101_/X
 _3102_/X
 _3103_/X
 _3104_/Y
 _3105_/X
 _3106_/X
 _3107_/X
 _3108_/Y
 _3109_/X
 _3110_/Y
 _3111_/X
 _3112_/X
 _3113_/X
 _3114_/Y
 _3115_/Y
 _3116_/Y
 _3117_/Y
 _3118_/X
 _3119_/Y
 _3120_/Y
 _3121_/X
 _3122_/X
 _3123_/X
 _3124_/Y
 _3125_/Y
 _3126_/X
 _3127_/Y
 _3128_/Y
 _3129_/X
 _3130_/X
 _3131_/Y
 _3132_/X
 _3133_/X
 _3134_/X
 _3135_/Y
 _3136_/X
 _3137_/X
 _3138_/Y
 _3139_/Y
 _3140_/X
 _3141_/Y
 _3142_/Y
 _3143_/X
 _3144_/X
 _3145_/Y
 _3146_/X
 _3147_/X
 _3148_/X
 _3149_/X
 _3150_/Y
 _3151_/X
 _3152_/X
 _3153_/X
 _3154_/Y
 _3155_/X
 _3156_/X
 _3157_/X
 _3158_/X
 _3159_/X
 _3160_/X
 _3161_/X
 _3162_/X
 _3163_/X
 _3164_/X
 _3165_/X
 _3166_/X
 _3167_/X
 _3168_/X
 _3169_/X
 _3170_/Y
 _3171_/X
 _3172_/Y
 _3173_/X
 _3174_/X
 _3175_/X
 _3176_/Y
 _3177_/Y
 _3178_/X
 _3179_/X
 _3180_/Y
 _3181_/Y
 _3182_/X
 _3183_/X
 _3184_/Y
 _3185_/Y
 _3186_/Y
 _3187_/Y
 _3188_/X
 _3189_/X
 _3190_/X
 _3191_/Y
 _3192_/Y
 _3193_/X
 _3194_/Y
 _3195_/Y
 _3196_/Y
 _3197_/X
 _3198_/Y
 _3199_/X
 _3200_/X
 _3201_/X
 _3202_/X
 _3203_/X
 _3204_/X
 _3205_/X
 _3206_/X
 _3207_/Y
 _3208_/X
 _3209_/X
 _3210_/X
 _3211_/X
 _3212_/X
 _3213_/Y
 _3214_/X
 _3215_/X
 _3216_/X
 _3217_/X
 _3218_/X
 _3219_/X
 _3220_/X
 _3221_/X
 _3222_/X
 _3223_/Y
 _3224_/X
 _3225_/X
 _3226_/X
 _3227_/X
 _3228_/Y
 _3229_/Y
 _3230_/Y
 _3231_/X
 _3232_/X
 _3233_/Y
 _3234_/Y
 _3235_/Y
 _3236_/X
 _3237_/X
 _3238_/X
 _3239_/Y
 _3240_/Y
 _3241_/Y
 _3242_/Y
 _3243_/Y
 _3244_/X
 _3245_/Y
 _3246_/Y
 _3247_/Y
 _3248_/Y
 _3249_/Y
 _3250_/X
 _3251_/X
 _3252_/X
 _3253_/Y
 _3254_/Y
 _3255_/X
 _3256_/X
 _3257_/X
 _3258_/X
 _3259_/X
 _3260_/X
 _3261_/X
 _3262_/X
 _3263_/X
 _3264_/X
 _3265_/Y
 _3266_/X
 _3267_/X
 _3268_/Y
 _3269_/X
 _3270_/X
 _3271_/X
 _3272_/X
 _3273_/X
 _3274_/X
 _3275_/X
 _3276_/Y
 _3277_/Y
 _3278_/X
 _3279_/Y
 _3280_/X
 _3281_/Y
 _3282_/X
 _3283_/Y
 _3284_/X
 _3285_/X
 _3286_/X
 _3287_/X
 _3288_/Y
 _3289_/Y
 _3290_/X
 _3291_/X
 _3292_/X
 _3293_/X
 _3294_/X
 _3295_/X
 _3296_/Y
 _3297_/X
 _3298_/X
 _3299_/X
 _3300_/X
 _3301_/X
 _3302_/X
 _3303_/Y
 _3304_/Y
 _3305_/Y
 _3306_/X
 _3307_/Y
 _3308_/X
 _3309_/Y
 _3310_/Y
 _3311_/X
 _3312_/X
 _3313_/Y
 _3314_/X
 _3315_/X
 _3316_/X
 _3317_/X
 _3318_/X
 _3319_/X
 _3320_/Y
 _3321_/Y
 _3322_/Y
 _3323_/X
 _3324_/Y
 _3325_/Y
 _3326_/Y
 _3327_/X
 _3328_/Y
 _3329_/Y
 _3330_/Y
 _3331_/X
 _3332_/X
 _3333_/X
 _3334_/X
 _3335_/Y
 _3336_/Y
 _3337_/X
 _3338_/Y
 _3339_/Y
 _3340_/X
 _3341_/X
 _3342_/X
 _3343_/X
 _3344_/X
 _3345_/X
 _3346_/X
 _3347_/Y
 _3348_/X
 _3349_/X
 _3350_/Y
 _3351_/Y
 _3352_/Y
 _3353_/X
 _3354_/X
 _3355_/X
 _3356_/X
 _3357_/X
 _3358_/X
 _3359_/X
 _3360_/X
 _3361_/X
 _3362_/X
 _3363_/Y
 _3364_/Y
 _3365_/X
 _3366_/X
 _3367_/X
 _3368_/X
 _3369_/X
 _3370_/Y
 _3371_/Y
 _3372_/X
 _3373_/Y
 _3374_/X
 _3375_/X
 _3376_/X
 _3377_/X
 _3378_/X
 _3379_/Y
 _3380_/Y
 _3381_/X
 _3382_/Y
 _3383_/X
 _3384_/X
 _3385_/X
 _3386_/X
 _3387_/X
 _3388_/X
 _3389_/X
 _3390_/X
 _3391_/X
 _3392_/X
 _3393_/X
 _3394_/Y
 _3395_/X
 _3396_/Y
 _3397_/Y
 _3398_/X
 _3399_/Y
 _3400_/X
 _3401_/X
 _3402_/X
 _3403_/Y
 _3404_/X
 _3405_/X
 _3406_/X
 _3407_/X
 _3408_/X
 _3409_/X
 _3410_/X
 _3411_/X
 _3412_/X
 _3413_/X
 _3414_/Y
 _3415_/X
 _3416_/X
 _3417_/X
 _3418_/Y
 _3419_/X
 _3420_/X
 _3421_/X
 _3422_/X
 _3423_/X
 _3424_/X
 _3425_/X
 _3426_/X
 _3427_/Y
 _3428_/X
 _3429_/X
 _3430_/Y
 _3431_/X
 _3432_/X
 _3433_/X
 _3434_/X
 _3435_/X
 _3436_/Y
 _3437_/Y
 _3438_/X
 _3439_/X
 _3440_/Y
 _3441_/Y
 _3442_/X
 _3443_/X
 _3444_/X
 _3445_/Y
 _3446_/X
 _3447_/Y
 _3448_/X
 _3449_/Y
 _3450_/X
 _3451_/Y
 _3452_/X
 _3453_/X
 _3454_/X
 _3455_/X
 _3456_/Y
 _3457_/X
 _3458_/X
 _3459_/Y
 _3460_/X
 _3461_/X
 _3462_/X
 _3463_/X
 _3464_/X
 _3465_/X
 _3466_/X
 _3467_/X
 _3468_/X
 _3469_/X
 _3470_/X
 _3471_/Y
 _3472_/X
 _3473_/X
 _3474_/X
 _3475_/Y
 _3476_/X
 _3477_/X
 _3478_/X
 _3479_/X
 _3480_/Y
 _3481_/Y
 _3482_/Y
 _3483_/Y
 _3484_/Y
 _3485_/X
 _3486_/Y
 _3487_/Y
 _3488_/Y
 _3489_/X
 _3490_/X
 _3491_/Y
 _3492_/X
 _3493_/X
 _3494_/X
 _3495_/X
 _3496_/X
 _3497_/Y
 _3498_/X
 _3499_/X
 _3500_/Y
 _3501_/Y
 _3502_/X
 _3503_/X
 _3504_/Y
 _3505_/X
 _3506_/X
 _3507_/Y
 _3508_/Y
 _3509_/X
 _3510_/X
 _3511_/X
 _3512_/X
 _3513_/X
 _3514_/X
 _3515_/Y
 _3516_/X
 _3517_/X
 _3518_/Y
 _3519_/X
 _3520_/X
 _3521_/X
 _3522_/X
 _3523_/X
 _3524_/X
 _3525_/X
 _3526_/X
 _3527_/Y
 _3528_/X
 _3529_/Y
 _3530_/X
 _3531_/Y
 _3532_/X
 _3533_/Y
 _3534_/X
 _3535_/X
 _3536_/X
 _3537_/Y
 _3538_/X
 _3539_/X
 _3540_/X
 _3541_/X
 _3542_/X
 _3543_/Y
 _3544_/X
 _3545_/X
 _3546_/Y
 _3547_/X
 _3548_/Y
 _3549_/X
 _3550_/X
 _3551_/X
 _3552_/X
 _3553_/Y
 _3554_/X
 _3555_/Y
 _3556_/X
 _3557_/Y
 _3558_/X
 _3559_/X
 _3560_/X
 _3561_/X
 _3562_/X
 _3563_/Y
 _3564_/Y
 _3565_/X
 _3566_/X
 _3567_/X
 _3568_/X
 _3569_/X
 _3570_/Y
 _3571_/X
 _3572_/X
 _3573_/X
 _3574_/Y
 _3575_/X
 _3576_/Y
 _3577_/Y
 _3578_/X
 _3579_/Y
 _3580_/X
 _3581_/X
 _3582_/Y
 _3583_/Y
 _3584_/X
 _3585_/X
 _3586_/Y
 _3587_/X
 _3588_/X
 _3589_/X
 _3590_/Y
 _3591_/Y
 _3592_/Y
 _3593_/X
 _3594_/Y
 _3595_/X
 _3596_/X
 _3597_/X
 _3598_/Y
 _3599_/X
 _3600_/Y
 _3601_/X
 _3602_/X
 _3603_/Y
 _3604_/X
 _3605_/X
 _3606_/Y
 _3607_/X
 _3608_/X
 _3609_/Y
 _3610_/X
 _3611_/X
 _3612_/X
 _3613_/X
 _3614_/X
 _3615_/X
 _3616_/X
 _3617_/X
 _3618_/X
 _3619_/X
 _3620_/Y
 _3621_/X
 _3622_/X
 _3623_/Y
 _3624_/X
 _3625_/X
 _3626_/X
 _3627_/X
 _3628_/X
 _3629_/X
 _3630_/Y
 _3631_/X
 _3632_/X
 _3633_/X
 _3634_/X
 _3635_/X
 _3636_/X
 _3637_/Y
 _3638_/X
 _3639_/Y
 _3640_/Y
 _3641_/Y
 _3642_/X
 _3643_/Y
 _3644_/X
 _3645_/Y
 _3646_/X
 _3647_/X
 _3648_/Y
 _3649_/X
 _3650_/X
 _3651_/Y
 _3652_/Y
 _3653_/Y
 _3654_/Y
 _3655_/X
 _3656_/Y
 _3657_/Y
 _3658_/X
 _3659_/Y
 _3660_/X
 _3661_/X
 _3662_/Y
 _3663_/Y
 _3664_/Y
 _3665_/Y
 _3666_/Y
 _3667_/X
 _3668_/X
 _3669_/X
 _3670_/Y
 _3671_/X
 _3672_/X
 _3673_/Y
 _3674_/X
 _3675_/Y
 _3676_/Y
 _3677_/X
 _3678_/X
 _3679_/X
 _3680_/Y
 _3681_/X
 _3682_/X
 _3683_/X
 _3684_/X
 _3685_/Y
 _3686_/X
 _3687_/Y
 _3688_/X
 _3689_/X
 _3690_/Y
 _3691_/X
 _3692_/X
 _3693_/X
 _3694_/Y
 _3695_/X
 _3696_/Y
 _3697_/X
 _3698_/X
 _3699_/X
 _3700_/X
 _3701_/X
 _3702_/X
 _3703_/X
 _3704_/X
 _3705_/X
 _3706_/Y
 _3707_/Y
 _3708_/Y
 _3709_/X
 _3710_/X
 _3711_/X
 _3712_/Y
 _3713_/X
 _3714_/X
 _3715_/X
 _3716_/X
 _3717_/Y
 _3718_/Y
 _3719_/X
 _3720_/Y
 _3721_/Y
 _3722_/X
 _3723_/Y
 _3724_/X
 _3725_/X
 _3726_/X
 _3727_/X
 _3728_/Y
 _3729_/X
 _3730_/X
 _3731_/X
 _3732_/X
 _3733_/Y
 _3734_/Y
 _3735_/X
 _3736_/Y
 _3737_/Y
 _3738_/Y
 _3739_/X
 _3740_/X
 _3741_/X
 _3742_/X
 _3743_/Y
 _3744_/X
 _3745_/X
 _3746_/X
 _3747_/X
 _3748_/Y
 _3749_/X
 _3750_/X
 _3751_/Y
 _3752_/X
 _3753_/X
 _3754_/X
 _3755_/Y
 _3756_/Y
 _3757_/X
 _3758_/X
 _3759_/Y
 _3760_/Y
 _3761_/Y
 _3762_/X
 _3763_/Y
 _3764_/X
 _3765_/X
 _3766_/X
 _3767_/X
 _3768_/Y
 _3769_/X
 _3770_/X
 _3771_/Y
 _3772_/Y
 _3773_/X
 _3774_/Y
 _3775_/Y
 _3776_/X
 _3777_/X
 _3778_/X
 _3779_/Y
 _3780_/X
 _3781_/X
 _3782_/Y
 _3783_/X
 _3784_/X
 _3785_/Y
 _3786_/Y
 _3787_/Y
 _3788_/X
 _3789_/X
 _3790_/X
 _3791_/X
 _3792_/Y
 _3793_/Y
 _3794_/Y
 _3795_/X
 _3796_/Y
 _3797_/X
 _3798_/X
 _3799_/X
 _3800_/X
 _3801_/X
 _3802_/X
 _3803_/X
 _3804_/Y
 _3805_/X
 _3806_/X
 _3807_/X
 _3808_/X
 _3809_/X
 _3810_/X
 _3811_/X
 _3812_/X
 _3813_/Y
 _3814_/Y
 _3815_/Y
 _3816_/X
 _3817_/X
 _3818_/X
 _3819_/X
 _3820_/X
 _3821_/Y
 _3822_/Y
 _3823_/Y
 _3824_/Y
 _3825_/X
 _3826_/X
 _3827_/X
 _3828_/Y
 _3829_/X
 _3830_/Y
 _3831_/X
 _3832_/X
 _3833_/X
 _3834_/X
 _3835_/X
 _3836_/Y
 _3837_/Y
 _3838_/X
 _3839_/Y
 _3840_/X
 _3841_/Y
 _3842_/X
 _3843_/X
 _3844_/X
 _3845_/Y
 _3846_/X
 _3847_/X
 _3848_/X
 _3849_/X
 _3850_/X
 _3851_/Y
 _3852_/Y
 _3853_/Y
 _3854_/Y
 _3855_/Y
 _3856_/X
 _3857_/X
 _3858_/X
 _3859_/Y
 _3860_/Y
 _3861_/X
 _3862_/X
 _3863_/X
 _3864_/X
 _3865_/X
 _3866_/Y
 _3867_/Y
 _3868_/Y
 _3869_/X
 _3870_/Y
 _3871_/X
 _3872_/X
 _3873_/X
 _3874_/X
 _3875_/X
 _3876_/X
 _3877_/X
 _3878_/X
 _3879_/X
 _3880_/X
 _3881_/Y
 _3882_/Y
 _3883_/X
 _3884_/X
 _3885_/X
 _3886_/Y
 _3887_/Y
 _3888_/X
 _3889_/Y
 _3890_/Y
 _3891_/Y
 _3892_/Y
 _3893_/Y
 _3894_/X
 _3895_/Y
 _3896_/Y
 _3897_/X
 _3898_/X
 _3899_/Y
 _3900_/X
 _3901_/X
 _3902_/X
 _3903_/Y
 _3904_/X
 _3905_/X
 _3906_/X
 _3907_/Y
 _3908_/X
 _3909_/X
 _3910_/X
 _3911_/X
 _3912_/X
 _3913_/X
 _3914_/X
 _3915_/X
 _3916_/Y
 _3917_/Y
 _3918_/Y
 _3919_/X
 _3920_/Y
 _3921_/X
 _3922_/X
 _3923_/Y
 _3924_/X
 _3925_/Y
 _3926_/X
 _3927_/X
 _3928_/X
 _3929_/X
 _3930_/X
 _3931_/X
 _3932_/X
 _3933_/X
 _3934_/X
 _3935_/X
 _3936_/X
 _3937_/X
 _3938_/Y
 _3939_/Y
 _3940_/X
 _3941_/Y
 _3942_/Y
 _3943_/X
 _3944_/X
 _3945_/X
 _3946_/X
 _3947_/X
 _3948_/Y
 _3949_/X
 _3950_/X
 _3951_/Y
 _3952_/X
 _3953_/X
 _3954_/Y
 _3955_/X
 _3956_/X
 _3957_/Y
 _3958_/X
 _3959_/Y
 _3960_/X
 _3961_/Y
 _3962_/X
 _3963_/Y
 _3964_/Y
 _3965_/X
 _3966_/X
 _3967_/X
 _3968_/Y
 _3969_/X
 _3970_/X
 _3971_/X
 _3972_/X
 _3973_/X
 _3974_/X
 _3975_/X
 _3976_/X
 _3977_/Y
 _3978_/X
 _3979_/X
 _3980_/X
 _3981_/Y
 _3982_/Y
 _3983_/X
 _3984_/Y
 _3985_/X
 _3986_/X
 _3987_/X
 _3988_/X
 _3989_/X
 _3990_/X
 _3991_/Y
 _3992_/X
 _3993_/X
 _3994_/X
 _3995_/X
 _3996_/X
 _3997_/X
 _3998_/Y
 _3999_/X
 _4000_/X
 _4001_/Y
 _4002_/Y
 _4003_/Y
 _4004_/X
 _4005_/Y
 _4006_/Y
 _4007_/X
 _4008_/X
 _4009_/X
 _4010_/X
 _4011_/Y
 _4012_/X
 _4013_/X
 _4014_/X
 _4015_/X
 _4016_/Y
 _4017_/Y
 _4018_/X
 _4019_/Y
 _4020_/X
 _4021_/Y
 _4022_/Y
 _4023_/Y
 _4024_/Y
 _4025_/Y
 _4026_/X
 _4027_/Y
 _4028_/X
 _4029_/Y
 _4030_/Y
 _4031_/X
 _4032_/X
 _4033_/Y
 _4034_/X
 _4035_/X
 _4036_/Y
 _4037_/X
 _4038_/X
 _4039_/Y
 _4040_/Y
 _4041_/Y
 _4042_/Y
 _4043_/X
 _4044_/X
 _4045_/Y
 _4046_/X
 _4047_/Y
 _4048_/Y
 _4049_/X
 _4050_/Y
 _4051_/X
 _4052_/Y
 _4053_/X
 _4054_/Y
 _4055_/Y
 _4056_/X
 _4057_/X
 _4058_/X
 _4059_/X
 _4060_/Y
 _4061_/Y
 _4062_/X
 _4063_/X
 _4064_/Y
 _4065_/Y
 _4066_/X
 _4067_/Y
 _4068_/Y
 _4069_/X
 _4070_/Y
 _4071_/X
 _4072_/X
 _4073_/Y
 _4074_/X
 _4075_/X
 _4076_/Y
 _4077_/X
 _4078_/Y
 _4079_/X
 _4080_/Y
 _4081_/X
 _4082_/X
 _4083_/X
 _4084_/X
 _4085_/X
 _4086_/X
 _4087_/X
 _4088_/X
 _4089_/X
 _4090_/Y
 _4091_/X
 _4092_/X
 _4093_/X
 _4094_/X
 _4095_/Y
 _4096_/X
 _4097_/X
 _4098_/X
 _4099_/X
 _4100_/Y
 _4101_/Y
 _4102_/X
 _4103_/Y
 _4104_/Y
 _4105_/X
 _4106_/X
 _4107_/Y
 _4108_/Y
 _4109_/Y
 _4110_/X
 _4111_/X
 _4112_/Y
 _4113_/Y
 _4114_/X
 _4115_/Y
 _4116_/Y
 _4117_/X
 _4118_/Y
 _4119_/X
 _4120_/X
 _4121_/Y
 _4122_/Y
 _4123_/X
 _4124_/X
 _4125_/Y
 _4126_/Y
 _4127_/Y
 _4128_/X
 _4129_/X
 _4130_/X
 _4131_/X
 _4132_/Y
 _4133_/X
 _4134_/X
 _4135_/X
 _4136_/Y
 _4137_/Y
 _4138_/Y
 _4139_/X
 _4140_/Y
 _4141_/X
 _4142_/X
 _4143_/Y
 _4144_/Y
 _4145_/X
 _4146_/X
 _4147_/Y
 _4148_/Y
 _4149_/Y
 _4150_/X
 _4151_/Y
 _4152_/X
 _4153_/Y
 _4154_/X
 _4155_/Y
 _4156_/Y
 _4157_/X
 _4158_/Y
 _4159_/X
 _4160_/Y
 _4161_/X
 _4162_/Y
 _4163_/Y
 _4164_/Y
 _4165_/X
 _4166_/X
 _4167_/X
 _4168_/X
 _4169_/Y
 _4170_/X
 _4171_/Y
 _4172_/X
 _4173_/X
 _4174_/X
 _4175_/X
 _4176_/X
 _4177_/X
 _4178_/X
 _4179_/Y
 _4180_/Y
 _4181_/Y
 _4182_/X
 _4183_/Y
 _4184_/Q
 _4185_/Q
 _4186_/Q
 _4187_/Q
 _4188_/Q
 _4189_/Q
 _4190_/Q
 _4191_/Q
 _4192_/Q
 _4193_/Q
 _4194_/Q
 _4195_/Q
 _4196_/Q
 _4197_/Q
 _4198_/Q
 _4199_/Q
 _4200_/Q
 _4201_/Q
 _4202_/Q
 _4203_/Q
 _4204_/Q
 _4205_/Q
 _4206_/Q
 _4207_/Q
 _4208_/Q
 _4209_/Q
 _4210_/Q
 _4211_/Q
 _4212_/Q
 _4213_/Q
 _4214_/Q
 _4215_/Q
 _4216_/Q
 _4217_/Q
 _4218_/Q
 _4219_/Q
 _4220_/Q
Found 0 partially unannotated drivers.

===========================================================================
max slew violation count 0
max fanout violation count 1
max cap violation count 0
============================================================================

===========================================================================
check_setup -verbose -unconstrained_endpoints -multiple_clock -no_clock -no_input_delay -loops -generated_clocks
===========================================================================
