
===========================================================================
report_checks -unconstrained
===========================================================================
======================= min_ss_100C_1v60 Corner ===================================

Startpoint: B[1] (input port clocked by __VIRTUAL_CLK__)
Endpoint: zero (output port clocked by __VIRTUAL_CLK__)
Path Group: __VIRTUAL_CLK__
Path Type: max

Fanout         Cap        Slew       Delay        Time   Description
---------------------------------------------------------------------------------------------
                      0.000000    0.000000    0.000000   clock __VIRTUAL_CLK__ (rise edge)
                                  0.000000    0.000000   clock network delay (ideal)
                                  5.000000    5.000000 ^ input external delay
     1    0.007208    0.062119    0.038579    5.038579 ^ B[1] (in)
                                                         B[1] (net)
                      0.062119    0.000000    5.038579 ^ input44/A (sky130_fd_sc_hd__clkdlybuf4s25_1)
     2    0.025168    0.412502    0.707616    5.746196 ^ input44/X (sky130_fd_sc_hd__clkdlybuf4s25_1)
                                                         net44 (net)
                      0.412502    0.000667    5.746863 ^ fanout371/A (sky130_fd_sc_hd__buf_2)
     7    0.060399    0.466119    0.626502    6.373364 ^ fanout371/X (sky130_fd_sc_hd__buf_2)
                                                         net371 (net)
                      0.466129    0.002772    6.376137 ^ fanout366/A (sky130_fd_sc_hd__clkbuf_2)
     7    0.046910    0.397945    0.587138    6.963275 ^ fanout366/X (sky130_fd_sc_hd__clkbuf_2)
                                                         net366 (net)
                      0.397951    0.002259    6.965534 ^ fanout365/A (sky130_fd_sc_hd__clkbuf_2)
     5    0.026786    0.235568    0.447708    7.413242 ^ fanout365/X (sky130_fd_sc_hd__clkbuf_2)
                                                         net365 (net)
                      0.235568    0.000795    7.414038 ^ _3503_/A (sky130_fd_sc_hd__inv_2)
     5    0.052262    0.228784    0.283584    7.697621 v _3503_/Y (sky130_fd_sc_hd__inv_2)
                                                         _0260_ (net)
                      0.228784    0.000609    7.698231 v fanout160/A (sky130_fd_sc_hd__clkdlybuf4s25_1)
     3    0.018772    0.267494    0.692503    8.390734 v fanout160/X (sky130_fd_sc_hd__clkdlybuf4s25_1)
                                                         net160 (net)
                      0.267494    0.000509    8.391243 v wire161/A (sky130_fd_sc_hd__buf_4)
     6    0.056210    0.146396    0.435306    8.826549 v wire161/X (sky130_fd_sc_hd__buf_4)
                                                         net161 (net)
                      0.146406    0.001329    8.827877 v _6500_/S (sky130_fd_sc_hd__mux2_1)
     3    0.019081    0.248795    0.893992    9.721869 v _6500_/X (sky130_fd_sc_hd__mux2_1)
                                                         _2326_ (net)
                      0.248795    0.000259    9.722128 v _6501_/A1 (sky130_fd_sc_hd__mux2_1)
     2    0.015771    0.222826    0.871934   10.594062 v _6501_/X (sky130_fd_sc_hd__mux2_1)
                                                         _2327_ (net)
                      0.222826    0.000040   10.594102 v _6504_/A0 (sky130_fd_sc_hd__mux2_1)
     1    0.007627    0.155457    0.752880   11.346982 v _6504_/X (sky130_fd_sc_hd__mux2_1)
                                                         _2330_ (net)
                      0.155457    0.000239   11.347221 v _6510_/B1 (sky130_fd_sc_hd__a22o_2)
     1    0.002701    0.066875    0.408940   11.756161 v _6510_/X (sky130_fd_sc_hd__a22o_2)
                                                         _2337_ (net)
                      0.066875    0.000023   11.756184 v _6511_/C1 (sky130_fd_sc_hd__a2111o_2)
     1    0.007420    0.135717    0.814288   12.570472 v _6511_/X (sky130_fd_sc_hd__a2111o_2)
                                                         _2338_ (net)
                      0.135717    0.000254   12.570726 v _6512_/C (sky130_fd_sc_hd__or3_2)
     1    0.004627    0.174543    1.010005   13.580730 v _6512_/X (sky130_fd_sc_hd__or3_2)
                                                         _2339_ (net)
                      0.174543    0.000080   13.580811 v _6513_/B1 (sky130_fd_sc_hd__a31o_2)
     2    0.009497    0.096967    0.470028   14.050838 v _6513_/X (sky130_fd_sc_hd__a31o_2)
                                                         net96 (net)
                      0.096967    0.000259   14.051098 v _6985_/C (sky130_fd_sc_hd__or4_2)
     1    0.004814    0.233122    1.486913   15.538011 v _6985_/X (sky130_fd_sc_hd__or4_2)
                                                         _2831_ (net)
                      0.233122    0.000068   15.538078 v _6986_/D (sky130_fd_sc_hd__or4_4)
     1    0.014947    0.188214    0.953113   16.491192 v _6986_/X (sky130_fd_sc_hd__or4_4)
                                                         _2832_ (net)
                      0.188227    0.000867   16.492058 v _6987_/D (sky130_fd_sc_hd__nor4_2)
     1    0.005493    0.393584    0.330264   16.822321 ^ _6987_/Y (sky130_fd_sc_hd__nor4_2)
                                                         _2833_ (net)
                      0.393584    0.000142   16.822464 ^ _6988_/C_N (sky130_fd_sc_hd__or3b_4)
     1    0.006079    0.124755    0.854158   17.676622 v _6988_/X (sky130_fd_sc_hd__or3b_4)
                                                         _2834_ (net)
                      0.124755    0.000158   17.676779 v _6989_/D (sky130_fd_sc_hd__or4_4)
     1    0.009850    0.173141    0.889340   18.566120 v _6989_/X (sky130_fd_sc_hd__or4_4)
                                                         _2836_ (net)
                      0.173141    0.000291   18.566412 v _6990_/C (sky130_fd_sc_hd__or3_4)
     1    0.009061    0.132407    0.708184   19.274595 v _6990_/X (sky130_fd_sc_hd__or3_4)
                                                         _2837_ (net)
                      0.132407    0.000297   19.274891 v _6991_/B (sky130_fd_sc_hd__or3_4)
     1    0.015386    0.148130    0.794358   20.069250 v _6991_/X (sky130_fd_sc_hd__or3_4)
                                                         _2838_ (net)
                      0.148130    0.000675   20.069925 v _6992_/D (sky130_fd_sc_hd__nor4_4)
     1    0.008095    0.385457    0.308738   20.378662 ^ _6992_/Y (sky130_fd_sc_hd__nor4_4)
                                                         _2839_ (net)
                      0.385457    0.000259   20.378922 ^ wire104/A (sky130_fd_sc_hd__clkbuf_2)
     1    0.026749    0.235141    0.442840   20.821762 ^ wire104/X (sky130_fd_sc_hd__clkbuf_2)
                                                         net104 (net)
                      0.235141    0.000558   20.822321 ^ _6994_/D_N (sky130_fd_sc_hd__or4b_4)
     1    0.008250    0.168912    1.010040   21.832361 v _6994_/X (sky130_fd_sc_hd__or4b_4)
                                                         _2841_ (net)
                      0.168912    0.000071   21.832432 v _6995_/D (sky130_fd_sc_hd__nor4_4)
     1    0.005028    0.328408    0.270116   22.102549 ^ _6995_/Y (sky130_fd_sc_hd__nor4_4)
                                                         net103 (net)
                      0.328408    0.000020   22.102568 ^ output103/A (sky130_fd_sc_hd__buf_6)
     1    0.036404    0.130660    0.333479   22.436047 ^ output103/X (sky130_fd_sc_hd__buf_6)
                                                         zero (net)
                      0.130662    0.000830   22.436876 ^ zero (out)
                                             22.436876   data arrival time

                      0.000000   25.000000   25.000000   clock __VIRTUAL_CLK__ (rise edge)
                                  0.000000   25.000000   clock network delay (ideal)
                                 -0.250000   24.750000   clock uncertainty
                                  0.000000   24.750000   clock reconvergence pessimism
                                 -5.000000   19.750000   output external delay
                                             19.750000   data required time
---------------------------------------------------------------------------------------------
                                             19.750000   data required time
                                            -22.436876   data arrival time
---------------------------------------------------------------------------------------------
                                             -2.686877   slack (VIOLATED)




===========================================================================
report_checks --slack_max -0.01
============================================================================
======================= min_ss_100C_1v60 Corner ===================================

Startpoint: B[1] (input port clocked by __VIRTUAL_CLK__)
Endpoint: zero (output port clocked by __VIRTUAL_CLK__)
Path Group: __VIRTUAL_CLK__
Path Type: max

Fanout         Cap        Slew       Delay        Time   Description
---------------------------------------------------------------------------------------------
                      0.000000    0.000000    0.000000   clock __VIRTUAL_CLK__ (rise edge)
                                  0.000000    0.000000   clock network delay (ideal)
                                  5.000000    5.000000 ^ input external delay
     1    0.007208    0.062119    0.038579    5.038579 ^ B[1] (in)
                                                         B[1] (net)
                      0.062119    0.000000    5.038579 ^ input44/A (sky130_fd_sc_hd__clkdlybuf4s25_1)
     2    0.025168    0.412502    0.707616    5.746196 ^ input44/X (sky130_fd_sc_hd__clkdlybuf4s25_1)
                                                         net44 (net)
                      0.412502    0.000667    5.746863 ^ fanout371/A (sky130_fd_sc_hd__buf_2)
     7    0.060399    0.466119    0.626502    6.373364 ^ fanout371/X (sky130_fd_sc_hd__buf_2)
                                                         net371 (net)
                      0.466129    0.002772    6.376137 ^ fanout366/A (sky130_fd_sc_hd__clkbuf_2)
     7    0.046910    0.397945    0.587138    6.963275 ^ fanout366/X (sky130_fd_sc_hd__clkbuf_2)
                                                         net366 (net)
                      0.397951    0.002259    6.965534 ^ fanout365/A (sky130_fd_sc_hd__clkbuf_2)
     5    0.026786    0.235568    0.447708    7.413242 ^ fanout365/X (sky130_fd_sc_hd__clkbuf_2)
                                                         net365 (net)
                      0.235568    0.000795    7.414038 ^ _3503_/A (sky130_fd_sc_hd__inv_2)
     5    0.052262    0.228784    0.283584    7.697621 v _3503_/Y (sky130_fd_sc_hd__inv_2)
                                                         _0260_ (net)
                      0.228784    0.000609    7.698231 v fanout160/A (sky130_fd_sc_hd__clkdlybuf4s25_1)
     3    0.018772    0.267494    0.692503    8.390734 v fanout160/X (sky130_fd_sc_hd__clkdlybuf4s25_1)
                                                         net160 (net)
                      0.267494    0.000509    8.391243 v wire161/A (sky130_fd_sc_hd__buf_4)
     6    0.056210    0.146396    0.435306    8.826549 v wire161/X (sky130_fd_sc_hd__buf_4)
                                                         net161 (net)
                      0.146406    0.001329    8.827877 v _6500_/S (sky130_fd_sc_hd__mux2_1)
     3    0.019081    0.248795    0.893992    9.721869 v _6500_/X (sky130_fd_sc_hd__mux2_1)
                                                         _2326_ (net)
                      0.248795    0.000259    9.722128 v _6501_/A1 (sky130_fd_sc_hd__mux2_1)
     2    0.015771    0.222826    0.871934   10.594062 v _6501_/X (sky130_fd_sc_hd__mux2_1)
                                                         _2327_ (net)
                      0.222826    0.000040   10.594102 v _6504_/A0 (sky130_fd_sc_hd__mux2_1)
     1    0.007627    0.155457    0.752880   11.346982 v _6504_/X (sky130_fd_sc_hd__mux2_1)
                                                         _2330_ (net)
                      0.155457    0.000239   11.347221 v _6510_/B1 (sky130_fd_sc_hd__a22o_2)
     1    0.002701    0.066875    0.408940   11.756161 v _6510_/X (sky130_fd_sc_hd__a22o_2)
                                                         _2337_ (net)
                      0.066875    0.000023   11.756184 v _6511_/C1 (sky130_fd_sc_hd__a2111o_2)
     1    0.007420    0.135717    0.814288   12.570472 v _6511_/X (sky130_fd_sc_hd__a2111o_2)
                                                         _2338_ (net)
                      0.135717    0.000254   12.570726 v _6512_/C (sky130_fd_sc_hd__or3_2)
     1    0.004627    0.174543    1.010005   13.580730 v _6512_/X (sky130_fd_sc_hd__or3_2)
                                                         _2339_ (net)
                      0.174543    0.000080   13.580811 v _6513_/B1 (sky130_fd_sc_hd__a31o_2)
     2    0.009497    0.096967    0.470028   14.050838 v _6513_/X (sky130_fd_sc_hd__a31o_2)
                                                         net96 (net)
                      0.096967    0.000259   14.051098 v _6985_/C (sky130_fd_sc_hd__or4_2)
     1    0.004814    0.233122    1.486913   15.538011 v _6985_/X (sky130_fd_sc_hd__or4_2)
                                                         _2831_ (net)
                      0.233122    0.000068   15.538078 v _6986_/D (sky130_fd_sc_hd__or4_4)
     1    0.014947    0.188214    0.953113   16.491192 v _6986_/X (sky130_fd_sc_hd__or4_4)
                                                         _2832_ (net)
                      0.188227    0.000867   16.492058 v _6987_/D (sky130_fd_sc_hd__nor4_2)
     1    0.005493    0.393584    0.330264   16.822321 ^ _6987_/Y (sky130_fd_sc_hd__nor4_2)
                                                         _2833_ (net)
                      0.393584    0.000142   16.822464 ^ _6988_/C_N (sky130_fd_sc_hd__or3b_4)
     1    0.006079    0.124755    0.854158   17.676622 v _6988_/X (sky130_fd_sc_hd__or3b_4)
                                                         _2834_ (net)
                      0.124755    0.000158   17.676779 v _6989_/D (sky130_fd_sc_hd__or4_4)
     1    0.009850    0.173141    0.889340   18.566120 v _6989_/X (sky130_fd_sc_hd__or4_4)
                                                         _2836_ (net)
                      0.173141    0.000291   18.566412 v _6990_/C (sky130_fd_sc_hd__or3_4)
     1    0.009061    0.132407    0.708184   19.274595 v _6990_/X (sky130_fd_sc_hd__or3_4)
                                                         _2837_ (net)
                      0.132407    0.000297   19.274891 v _6991_/B (sky130_fd_sc_hd__or3_4)
     1    0.015386    0.148130    0.794358   20.069250 v _6991_/X (sky130_fd_sc_hd__or3_4)
                                                         _2838_ (net)
                      0.148130    0.000675   20.069925 v _6992_/D (sky130_fd_sc_hd__nor4_4)
     1    0.008095    0.385457    0.308738   20.378662 ^ _6992_/Y (sky130_fd_sc_hd__nor4_4)
                                                         _2839_ (net)
                      0.385457    0.000259   20.378922 ^ wire104/A (sky130_fd_sc_hd__clkbuf_2)
     1    0.026749    0.235141    0.442840   20.821762 ^ wire104/X (sky130_fd_sc_hd__clkbuf_2)
                                                         net104 (net)
                      0.235141    0.000558   20.822321 ^ _6994_/D_N (sky130_fd_sc_hd__or4b_4)
     1    0.008250    0.168912    1.010040   21.832361 v _6994_/X (sky130_fd_sc_hd__or4b_4)
                                                         _2841_ (net)
                      0.168912    0.000071   21.832432 v _6995_/D (sky130_fd_sc_hd__nor4_4)
     1    0.005028    0.328408    0.270116   22.102549 ^ _6995_/Y (sky130_fd_sc_hd__nor4_4)
                                                         net103 (net)
                      0.328408    0.000020   22.102568 ^ output103/A (sky130_fd_sc_hd__buf_6)
     1    0.036404    0.130660    0.333479   22.436047 ^ output103/X (sky130_fd_sc_hd__buf_6)
                                                         zero (net)
                      0.130662    0.000830   22.436876 ^ zero (out)
                                             22.436876   data arrival time

                      0.000000   25.000000   25.000000   clock __VIRTUAL_CLK__ (rise edge)
                                  0.000000   25.000000   clock network delay (ideal)
                                 -0.250000   24.750000   clock uncertainty
                                  0.000000   24.750000   clock reconvergence pessimism
                                 -5.000000   19.750000   output external delay
                                             19.750000   data required time
---------------------------------------------------------------------------------------------
                                             19.750000   data required time
                                            -22.436876   data arrival time
---------------------------------------------------------------------------------------------
                                             -2.686877   slack (VIOLATED)




===========================================================================
 report_check_types -max_slew -max_cap -max_fanout -violators
============================================================================
======================= min_ss_100C_1v60 Corner ===================================

max slew

Pin                                        Limit        Slew       Slack
------------------------------------------------------------------------
_6204_/B1                               0.750000    1.719492   -0.969492 (VIOLATED)
_6443_/B1                               0.750000    1.719492   -0.969492 (VIOLATED)
_6487_/B1                               0.750000    1.719492   -0.969492 (VIOLATED)
_6601_/B1                               0.750000    1.719492   -0.969492 (VIOLATED)
_6690_/B1                               0.750000    1.719492   -0.969492 (VIOLATED)
_6720_/A1                               0.750000    1.719492   -0.969492 (VIOLATED)
_6742_/B1                               0.750000    1.719492   -0.969492 (VIOLATED)
_6778_/B1                               0.750000    1.719492   -0.969492 (VIOLATED)
_6824_/B1                               0.750000    1.719492   -0.969492 (VIOLATED)
_6933_/A1                               0.750000    1.719492   -0.969492 (VIOLATED)
fanout152/X                             0.750000    1.719492   -0.969492 (VIOLATED)
_6669_/B1                               0.750000    1.583041   -0.833041 (VIOLATED)
_6704_/A1                               0.750000    1.583041   -0.833041 (VIOLATED)
_6773_/A1                               0.750000    1.583027   -0.833027 (VIOLATED)
_6777_/A                                0.750000    1.583023   -0.833023 (VIOLATED)
_6792_/B1                               0.750000    1.583024   -0.833024 (VIOLATED)
_6870_/A1                               0.750000    1.583023   -0.833023 (VIOLATED)
_6841_/A                                0.750000    1.583014   -0.833014 (VIOLATED)
_6873_/B1                               0.750000    1.583006   -0.833006 (VIOLATED)
_6906_/B1                               0.750000    1.583001   -0.833001 (VIOLATED)
_6063_/B1                               0.750000    1.582628   -0.832628 (VIOLATED)
fanout142/X                             0.750000    1.582628   -0.832628 (VIOLATED)
_6810_/B1                               0.750000    1.536340   -0.786340 (VIOLATED)
_6844_/A2_N                             0.750000    1.536329   -0.786329 (VIOLATED)
_6864_/B1                               0.750000    1.536329   -0.786329 (VIOLATED)
_6892_/B1                               0.750000    1.536324   -0.786324 (VIOLATED)
_6928_/B1                               0.750000    1.536318   -0.786318 (VIOLATED)
_6941_/B1                               0.750000    1.536309   -0.786309 (VIOLATED)
_6964_/B1                               0.750000    1.536295   -0.786295 (VIOLATED)
_6979_/B1                               0.750000    1.536282   -0.786282 (VIOLATED)
fanout125/A                             0.750000    1.536233   -0.786233 (VIOLATED)
fanout126/A                             0.750000    1.536233   -0.786233 (VIOLATED)
fanout127/X                             0.750000    1.536233   -0.786233 (VIOLATED)
_3785_/B                                0.750000    1.301157   -0.551157 (VIOLATED)
_3534_/B                                0.750000    1.301156   -0.551156 (VIOLATED)
_3541_/D                                0.750000    1.301153   -0.551153 (VIOLATED)
_6075_/A                                0.750000    1.301144   -0.551144 (VIOLATED)
_6076_/A                                0.750000    1.301145   -0.551145 (VIOLATED)
_6077_/A                                0.750000    1.301144   -0.551144 (VIOLATED)
_6263_/A_N                              0.750000    1.301144   -0.551144 (VIOLATED)
_4345_/B1                               0.750000    1.301136   -0.551136 (VIOLATED)
_4088_/D                                0.750000    1.301134   -0.551134 (VIOLATED)
_4087_/B                                0.750000    1.301131   -0.551131 (VIOLATED)
fanout331/X                             0.750000    1.301131   -0.551131 (VIOLATED)
_3505_/A                                0.750000    1.292810   -0.542810 (VIOLATED)
_5954_/B                                0.750000    1.292810   -0.542810 (VIOLATED)
_6064_/A                                0.750000    1.292810   -0.542810 (VIOLATED)
_6065_/A                                0.750000    1.292810   -0.542810 (VIOLATED)
_6312_/A                                0.750000    1.292810   -0.542810 (VIOLATED)
_6316_/A0                               0.750000    1.292810   -0.542810 (VIOLATED)
_6460_/B                                0.750000    1.292810   -0.542810 (VIOLATED)
_6494_/A2                               0.750000    1.292810   -0.542810 (VIOLATED)
_6496_/A2                               0.750000    1.292810   -0.542810 (VIOLATED)
_6529_/B                                0.750000    1.292810   -0.542810 (VIOLATED)
fanout585/X                             0.750000    1.292810   -0.542810 (VIOLATED)
_6482_/A2                               0.750000    1.235157   -0.485157 (VIOLATED)
_6528_/A                                0.750000    1.235155   -0.485155 (VIOLATED)
_6675_/B2                               0.750000    1.235155   -0.485155 (VIOLATED)
_6641_/B2                               0.750000    1.235148   -0.485148 (VIOLATED)
_6713_/B2                               0.750000    1.235148   -0.485148 (VIOLATED)
_6911_/B2                               0.750000    1.235146   -0.485146 (VIOLATED)
_6846_/A2                               0.750000    1.235145   -0.485145 (VIOLATED)
_6925_/B2                               0.750000    1.235142   -0.485142 (VIOLATED)
_6960_/A                                0.750000    1.235142   -0.485142 (VIOLATED)
fanout123/A                             0.750000    1.235142   -0.485142 (VIOLATED)
fanout124/X                             0.750000    1.235142   -0.485142 (VIOLATED)
_6818_/A1                               0.750000    1.213546   -0.463546 (VIOLATED)
_6788_/B                                0.750000    1.213543   -0.463543 (VIOLATED)
_6688_/B1                               0.750000    1.213525   -0.463525 (VIOLATED)
_6653_/B1                               0.750000    1.213512   -0.463512 (VIOLATED)
_6616_/B1                               0.750000    1.213496   -0.463496 (VIOLATED)
_6600_/B1                               0.750000    1.213491   -0.463491 (VIOLATED)
_6595_/A1                               0.750000    1.213487   -0.463487 (VIOLATED)
_6566_/B                                0.750000    1.213480   -0.463480 (VIOLATED)
_6442_/B1                               0.750000    1.213471   -0.463472 (VIOLATED)
_6543_/B2                               0.750000    1.213471   -0.463472 (VIOLATED)
fanout146/X                             0.750000    1.213471   -0.463472 (VIOLATED)
_6923_/A                                0.750000    1.179777   -0.429777 (VIOLATED)
_6888_/C1                               0.750000    1.179776   -0.429776 (VIOLATED)
_6820_/A1                               0.750000    1.179775   -0.429775 (VIOLATED)
_6837_/A1                               0.750000    1.179767   -0.429767 (VIOLATED)
_6753_/A1                               0.750000    1.179746   -0.429746 (VIOLATED)
_6706_/B1                               0.750000    1.179740   -0.429740 (VIOLATED)
_6737_/A1                               0.750000    1.179735   -0.429735 (VIOLATED)
_6667_/A1                               0.750000    1.179705   -0.429705 (VIOLATED)
_6473_/A2                               0.750000    1.179694   -0.429694 (VIOLATED)
_6513_/A2                               0.750000    1.179694   -0.429694 (VIOLATED)
fanout144/X                             0.750000    1.179694   -0.429694 (VIOLATED)
_6366_/A                                0.750000    1.150760   -0.400760 (VIOLATED)
_6389_/A                                0.750000    1.150760   -0.400760 (VIOLATED)
_6364_/A                                0.750000    1.150758   -0.400758 (VIOLATED)
_6318_/A                                0.750000    1.150756   -0.400757 (VIOLATED)
_6393_/A                                0.750000    1.150755   -0.400755 (VIOLATED)
_6628_/A1                               0.750000    1.150750   -0.400750 (VIOLATED)
_6228_/B                                0.750000    1.150750   -0.400750 (VIOLATED)
_6464_/A                                0.750000    1.150750   -0.400750 (VIOLATED)
_6483_/A1                               0.750000    1.150750   -0.400750 (VIOLATED)
_6531_/A                                0.750000    1.150750   -0.400750 (VIOLATED)
fanout176/X                             0.750000    1.150750   -0.400750 (VIOLATED)
fanout191/A                             0.750000    1.149794   -0.399794 (VIOLATED)
_3748_/B                                0.750000    1.149790   -0.399790 (VIOLATED)
_3750_/B2                               0.750000    1.149790   -0.399790 (VIOLATED)
fanout186/A                             0.750000    1.149785   -0.399785 (VIOLATED)
fanout188/A                             0.750000    1.149785   -0.399785 (VIOLATED)
fanout189/A                             0.750000    1.149785   -0.399785 (VIOLATED)
input8/X                                0.750000    1.149785   -0.399785 (VIOLATED)
_6339_/A                                0.750000    1.148887   -0.398887 (VIOLATED)
_6340_/A2                               0.750000    1.148887   -0.398887 (VIOLATED)
_6449_/B1                               0.750000    1.148887   -0.398887 (VIOLATED)
_6469_/B1                               0.750000    1.148887   -0.398887 (VIOLATED)
_6506_/B                                0.750000    1.148887   -0.398887 (VIOLATED)
_6535_/B1                               0.750000    1.148887   -0.398887 (VIOLATED)
_6573_/B1                               0.750000    1.148887   -0.398887 (VIOLATED)
_6591_/B1                               0.750000    1.148887   -0.398887 (VIOLATED)
_6880_/B1                               0.750000    1.148887   -0.398887 (VIOLATED)
_6916_/A2                               0.750000    1.148887   -0.398887 (VIOLATED)
fanout126/X                             0.750000    1.148887   -0.398887 (VIOLATED)
_6891_/B1                               0.750000    1.148315   -0.398315 (VIOLATED)
_6879_/A2                               0.750000    1.148314   -0.398313 (VIOLATED)
_6334_/A2                               0.750000    1.148312   -0.398312 (VIOLATED)
_6445_/B1                               0.750000    1.148312   -0.398312 (VIOLATED)
_6468_/B1                               0.750000    1.148312   -0.398312 (VIOLATED)
_6508_/B1                               0.750000    1.148312   -0.398312 (VIOLATED)
_6535_/A2                               0.750000    1.148312   -0.398312 (VIOLATED)
_6551_/A2                               0.750000    1.148312   -0.398312 (VIOLATED)
_6572_/B1                               0.750000    1.148312   -0.398312 (VIOLATED)
_6591_/A2                               0.750000    1.148312   -0.398312 (VIOLATED)
fanout135/X                             0.750000    1.148312   -0.398312 (VIOLATED)
_3765_/A                                0.750000    1.090345   -0.340345 (VIOLATED)
_6316_/A3                               0.750000    1.090337   -0.340337 (VIOLATED)
_6958_/A1                               0.750000    1.090336   -0.340336 (VIOLATED)
_6416_/A3                               0.750000    1.090336   -0.340336 (VIOLATED)
_6492_/A1                               0.750000    1.090334   -0.340334 (VIOLATED)
_6938_/A0                               0.750000    1.090330   -0.340330 (VIOLATED)
_6397_/A0                               0.750000    1.090029   -0.340029 (VIOLATED)
_6956_/A2                               0.750000    1.090029   -0.340029 (VIOLATED)
_6975_/A2                               0.750000    1.090029   -0.340029 (VIOLATED)
fanout605/A                             0.750000    1.090029   -0.340029 (VIOLATED)
fanout606/X                             0.750000    1.090029   -0.340029 (VIOLATED)
_3889_/D                                0.750000    1.075276   -0.325276 (VIOLATED)
_3890_/D                                0.750000    1.075276   -0.325276 (VIOLATED)
_3956_/B                                0.750000    1.075276   -0.325276 (VIOLATED)
_3959_/A2                               0.750000    1.075276   -0.325276 (VIOLATED)
_4045_/B1                               0.750000    1.075276   -0.325276 (VIOLATED)
_4067_/B                                0.750000    1.075276   -0.325276 (VIOLATED)
_4107_/A2                               0.750000    1.075276   -0.325276 (VIOLATED)
_6177_/A                                0.750000    1.075276   -0.325276 (VIOLATED)
_6178_/A                                0.750000    1.075276   -0.325276 (VIOLATED)
_6275_/A_N                              0.750000    1.075276   -0.325276 (VIOLATED)
fanout316/X                             0.750000    1.075276   -0.325276 (VIOLATED)
_6925_/A1                               0.750000    1.071798   -0.321798 (VIOLATED)
_6659_/A1                               0.750000    1.071797   -0.321797 (VIOLATED)
_6308_/B1                               0.750000    1.071797   -0.321797 (VIOLATED)
_6895_/A1                               0.750000    1.071795   -0.321795 (VIOLATED)
_6961_/A1                               0.750000    1.071792   -0.321792 (VIOLATED)
_6693_/A1                               0.750000    1.071791   -0.321791 (VIOLATED)
_6623_/A1                               0.750000    1.071787   -0.321787 (VIOLATED)
_6675_/A1                               0.750000    1.071783   -0.321783 (VIOLATED)
_6641_/A2                               0.750000    1.071779   -0.321779 (VIOLATED)
_6713_/A1                               0.750000    1.071779   -0.321779 (VIOLATED)
fanout122/X                             0.750000    1.071779   -0.321779 (VIOLATED)
_6511_/A1                               0.750000    1.055228   -0.305228 (VIOLATED)
_6451_/A1                               0.750000    1.055227   -0.305227 (VIOLATED)
_6576_/B2                               0.750000    1.055227   -0.305227 (VIOLATED)
_6372_/B                                0.750000    1.055225   -0.305225 (VIOLATED)
_6784_/B2                               0.750000    1.055209   -0.305209 (VIOLATED)
_6593_/A2_N                             0.750000    1.055207   -0.305207 (VIOLATED)
_6768_/A1                               0.750000    1.055202   -0.305202 (VIOLATED)
_6801_/B2                               0.750000    1.055202   -0.305202 (VIOLATED)
_6866_/A2                               0.750000    1.055202   -0.305202 (VIOLATED)
_6881_/A1                               0.750000    1.055202   -0.305202 (VIOLATED)
fanout121/X                             0.750000    1.055202   -0.305202 (VIOLATED)
_6590_/B1                               0.750000    1.033581   -0.283581 (VIOLATED)
_6681_/A2                               0.750000    1.033581   -0.283581 (VIOLATED)
_6573_/A2                               0.750000    1.033580   -0.283580 (VIOLATED)
_6509_/A2                               0.750000    1.033580   -0.283580 (VIOLATED)
_6551_/B1                               0.750000    1.033579   -0.283579 (VIOLATED)
_6334_/B1                               0.750000    1.033577   -0.283577 (VIOLATED)
_6374_/B1                               0.750000    1.033577   -0.283577 (VIOLATED)
_6449_/A2                               0.750000    1.033577   -0.283577 (VIOLATED)
_6469_/A2                               0.750000    1.033577   -0.283577 (VIOLATED)
_6533_/B1                               0.750000    1.033577   -0.283577 (VIOLATED)
fanout131/X                             0.750000    1.033577   -0.283577 (VIOLATED)
_6958_/A0                               0.750000    1.030200   -0.280200 (VIOLATED)
_6316_/A2                               0.750000    1.030199   -0.280199 (VIOLATED)
_3530_/A                                0.750000    1.030199   -0.280199 (VIOLATED)
_6492_/A2                               0.750000    1.030199   -0.280199 (VIOLATED)
_3533_/A1                               0.750000    1.030198   -0.280198 (VIOLATED)
_3502_/A                                0.750000    1.030191   -0.280191 (VIOLATED)
_3868_/A                                0.750000    1.030191   -0.280191 (VIOLATED)
_5955_/A2                               0.750000    1.030191   -0.280191 (VIOLATED)
_5967_/A1                               0.750000    1.030191   -0.280191 (VIOLATED)
_6071_/B                                0.750000    1.030191   -0.280191 (VIOLATED)
fanout604/X                             0.750000    1.030191   -0.280191 (VIOLATED)
_6173_/A                                0.750000    1.026563   -0.276563 (VIOLATED)
_6174_/A                                0.750000    1.026563   -0.276563 (VIOLATED)
_6175_/A                                0.750000    1.026563   -0.276563 (VIOLATED)
_3485_/A                                0.750000    1.026563   -0.276563 (VIOLATED)
_3889_/C                                0.750000    1.026561   -0.276561 (VIOLATED)
_3890_/C                                0.750000    1.026561   -0.276561 (VIOLATED)
_3955_/D                                0.750000    1.026561   -0.276561 (VIOLATED)
_3957_/B1                               0.750000    1.026561   -0.276561 (VIOLATED)
_3993_/B2                               0.750000    1.026561   -0.276561 (VIOLATED)
_5993_/A                                0.750000    1.026561   -0.276561 (VIOLATED)
fanout315/X                             0.750000    1.026561   -0.276561 (VIOLATED)
_4176_/A                                0.750000    1.016041   -0.266041 (VIOLATED)
_4447_/A1                               0.750000    1.016039   -0.266039 (VIOLATED)
_3766_/A1                               0.750000    1.016033   -0.266033 (VIOLATED)
_3528_/A                                0.750000    1.016029   -0.266029 (VIOLATED)
_6310_/A0                               0.750000    1.016022   -0.266022 (VIOLATED)
_6958_/A2                               0.750000    1.016019   -0.266019 (VIOLATED)
_6416_/A2                               0.750000    1.016007   -0.266007 (VIOLATED)
_6492_/A0                               0.750000    1.016003   -0.266003 (VIOLATED)
_6938_/A1                               0.750000    1.015999   -0.265999 (VIOLATED)
fanout607/A                             0.750000    1.015974   -0.265974 (VIOLATED)
fanout608/X                             0.750000    1.015974   -0.265974 (VIOLATED)
_4290_/A                                0.750000    1.013157   -0.263157 (VIOLATED)
_3776_/A                                0.750000    1.013153   -0.263153 (VIOLATED)
_4177_/A1                               0.750000    1.013153   -0.263153 (VIOLATED)
_6310_/A1                               0.750000    1.013152   -0.263152 (VIOLATED)
_6958_/A3                               0.750000    1.013151   -0.263151 (VIOLATED)
_6416_/A1                               0.750000    1.013150   -0.263150 (VIOLATED)
_6489_/A3                               0.750000    1.013150   -0.263150 (VIOLATED)
_3512_/A                                0.750000    1.013149   -0.263149 (VIOLATED)
_6938_/A2                               0.750000    1.013148   -0.263148 (VIOLATED)
fanout620/A                             0.750000    1.013137   -0.263137 (VIOLATED)
fanout621/X                             0.750000    1.013137   -0.263137 (VIOLATED)
_6219_/B                                0.750000    0.990697   -0.240697 (VIOLATED)
_6226_/A2                               0.750000    0.990697   -0.240697 (VIOLATED)
_6303_/A                                0.750000    0.990697   -0.240697 (VIOLATED)
_6407_/S1                               0.750000    0.990697   -0.240697 (VIOLATED)
_6481_/S1                               0.750000    0.990697   -0.240697 (VIOLATED)
_6524_/S                                0.750000    0.990697   -0.240697 (VIOLATED)
_6568_/C1                               0.750000    0.990697   -0.240697 (VIOLATED)
_6577_/S0                               0.750000    0.990697   -0.240697 (VIOLATED)
_6589_/A                                0.750000    0.990697   -0.240697 (VIOLATED)
_6602_/A                                0.750000    0.990697   -0.240697 (VIOLATED)
fanout174/X                             0.750000    0.990697   -0.240697 (VIOLATED)
_3643_/A2                               0.750000    0.989162   -0.239162 (VIOLATED)
fanout417/A                             0.750000    0.989150   -0.239150 (VIOLATED)
fanout419/A                             0.750000    0.989147   -0.239147 (VIOLATED)
input38/X                               0.750000    0.989147   -0.239147 (VIOLATED)
load_slew424/A                          0.750000    0.989147   -0.239147 (VIOLATED)
_6445_/A2                               0.750000    0.976469   -0.226469 (VIOLATED)
_6508_/A2                               0.750000    0.976469   -0.226469 (VIOLATED)
_6533_/A2                               0.750000    0.976469   -0.226469 (VIOLATED)
_6572_/A2                               0.750000    0.976469   -0.226469 (VIOLATED)
_6590_/A2                               0.750000    0.976469   -0.226469 (VIOLATED)
_6891_/A2                               0.750000    0.976469   -0.226469 (VIOLATED)
_6927_/A2                               0.750000    0.976469   -0.226469 (VIOLATED)
_6963_/A2                               0.750000    0.976469   -0.226469 (VIOLATED)
fanout138/X                             0.750000    0.976469   -0.226469 (VIOLATED)
_6308_/A1                               0.750000    0.938844   -0.188844 (VIOLATED)
_6554_/A                                0.750000    0.938844   -0.188844 (VIOLATED)
_6623_/B2                               0.750000    0.938844   -0.188844 (VIOLATED)
_6659_/B2                               0.750000    0.938844   -0.188844 (VIOLATED)
_6693_/B2                               0.750000    0.938844   -0.188844 (VIOLATED)
_6743_/A1                               0.750000    0.938844   -0.188844 (VIOLATED)
_6765_/B                                0.750000    0.938844   -0.188844 (VIOLATED)
_6799_/A2                               0.750000    0.938844   -0.188844 (VIOLATED)
_6865_/A2                               0.750000    0.938844   -0.188844 (VIOLATED)
_6895_/B2                               0.750000    0.938844   -0.188844 (VIOLATED)
fanout123/X                             0.750000    0.938844   -0.188844 (VIOLATED)
_6305_/A1                               0.750000    0.932515   -0.182515 (VIOLATED)
_4045_/B2                               0.750000    0.932509   -0.182509 (VIOLATED)
_3997_/A                                0.750000    0.932505   -0.182505 (VIOLATED)
_4003_/B                                0.750000    0.932505   -0.182505 (VIOLATED)
fanout658/A                             0.750000    0.932503   -0.182503 (VIOLATED)
fanout660/X                             0.750000    0.932503   -0.182503 (VIOLATED)
_5975_/B1                               0.750000    0.922974   -0.172974 (VIOLATED)
_5976_/C                                0.750000    0.922974   -0.172974 (VIOLATED)
_6028_/A2                               0.750000    0.922974   -0.172974 (VIOLATED)
fanout385/A                             0.750000    0.922968   -0.172968 (VIOLATED)
fanout387/A                             0.750000    0.922968   -0.172968 (VIOLATED)
input41/X                               0.750000    0.922968   -0.172968 (VIOLATED)
_6751_/A1                               0.750000    0.902440   -0.152440 (VIOLATED)
_6817_/A1                               0.750000    0.902440   -0.152440 (VIOLATED)
_6610_/B2                               0.750000    0.902438   -0.152438 (VIOLATED)
_6438_/A                                0.750000    0.902434   -0.152434 (VIOLATED)
_6586_/A                                0.750000    0.902434   -0.152434 (VIOLATED)
_6370_/B                                0.750000    0.902432   -0.152432 (VIOLATED)
_6510_/B2                               0.750000    0.902432   -0.152432 (VIOLATED)
_6538_/B2                               0.750000    0.902432   -0.152432 (VIOLATED)
_6559_/B2                               0.750000    0.902432   -0.152432 (VIOLATED)
_6579_/B2                               0.750000    0.902432   -0.152432 (VIOLATED)
fanout118/X                             0.750000    0.902432   -0.152432 (VIOLATED)
_3518_/A                                0.750000    0.883264   -0.133264 (VIOLATED)
_3519_/A1                               0.750000    0.883264   -0.133264 (VIOLATED)
_3872_/A                                0.750000    0.883264   -0.133264 (VIOLATED)
_5953_/A1                               0.750000    0.883264   -0.133264 (VIOLATED)
_5957_/B2                               0.750000    0.883264   -0.133264 (VIOLATED)
_5958_/D                                0.750000    0.883264   -0.133264 (VIOLATED)
_6072_/B                                0.750000    0.883264   -0.133264 (VIOLATED)
_6073_/B                                0.750000    0.883264   -0.133264 (VIOLATED)
_6205_/A                                0.750000    0.883264   -0.133264 (VIOLATED)
_6942_/A1                               0.750000    0.883264   -0.133264 (VIOLATED)
fanout605/X                             0.750000    0.883264   -0.133264 (VIOLATED)
_6798_/A2                               0.750000    0.872105   -0.122105 (VIOLATED)
_6781_/B1                               0.750000    0.872104   -0.122104 (VIOLATED)
_6763_/B1                               0.750000    0.872103   -0.122103 (VIOLATED)
_6750_/A2                               0.750000    0.872102   -0.122102 (VIOLATED)
_6718_/B1                               0.750000    0.872097   -0.122097 (VIOLATED)
_6733_/B1                               0.750000    0.872093   -0.122093 (VIOLATED)
_6697_/B1                               0.750000    0.872090   -0.122090 (VIOLATED)
_6605_/B1                               0.750000    0.872086   -0.122086 (VIOLATED)
_6646_/B1                               0.750000    0.872086   -0.122086 (VIOLATED)
_6664_/A3                               0.750000    0.872086   -0.122086 (VIOLATED)
fanout125/X                             0.750000    0.872086   -0.122086 (VIOLATED)
_6863_/A2                               0.750000    0.865421   -0.115421 (VIOLATED)
_6826_/A2                               0.750000    0.865419   -0.115419 (VIOLATED)
_6762_/A2                               0.750000    0.865417   -0.115417 (VIOLATED)
_6717_/B                                0.750000    0.865413   -0.115413 (VIOLATED)
_6733_/A2                               0.750000    0.865412   -0.115412 (VIOLATED)
_6629_/A2                               0.750000    0.865411   -0.115411 (VIOLATED)
_6645_/A2                               0.750000    0.865411   -0.115411 (VIOLATED)
_6662_/A2                               0.750000    0.865411   -0.115411 (VIOLATED)
_6679_/A2                               0.750000    0.865411   -0.115411 (VIOLATED)
_6696_/A2                               0.750000    0.865411   -0.115411 (VIOLATED)
fanout137/X                             0.750000    0.865411   -0.115411 (VIOLATED)
_6415_/A                                0.750000    0.849308   -0.099308 (VIOLATED)
_6437_/S1                               0.750000    0.849308   -0.099308 (VIOLATED)
_6491_/A                                0.750000    0.849308   -0.099308 (VIOLATED)
_6504_/S                                0.750000    0.849308   -0.099308 (VIOLATED)
_6546_/C1                               0.750000    0.849308   -0.099308 (VIOLATED)
_6558_/S0                               0.750000    0.849308   -0.099308 (VIOLATED)
_6585_/S0                               0.750000    0.849308   -0.099308 (VIOLATED)
_6588_/A                                0.750000    0.849308   -0.099308 (VIOLATED)
_6608_/S                                0.750000    0.849308   -0.099308 (VIOLATED)
_6620_/S1                               0.750000    0.849308   -0.099308 (VIOLATED)
fanout175/X                             0.750000    0.849308   -0.099308 (VIOLATED)
_5000_/Y                                0.750000    0.849070   -0.099071 (VIOLATED)
_5002_/B1                               0.750000    0.849070   -0.099071 (VIOLATED)
_5004_/A1                               0.750000    0.849070   -0.099071 (VIOLATED)
_5006_/C1                               0.750000    0.849070   -0.099071 (VIOLATED)
_5094_/A1                               0.750000    0.849070   -0.099071 (VIOLATED)
_6405_/A1                               0.750000    0.837069   -0.087069 (VIOLATED)
_6909_/A3                               0.750000    0.837069   -0.087069 (VIOLATED)
_6413_/A2                               0.750000    0.837068   -0.087068 (VIOLATED)
_6489_/A0                               0.750000    0.837068   -0.087068 (VIOLATED)
_3522_/A                                0.750000    0.837068   -0.087068 (VIOLATED)
_3523_/A1                               0.750000    0.837068   -0.087068 (VIOLATED)
_3679_/A                                0.750000    0.837068   -0.087068 (VIOLATED)
_6319_/A0                               0.750000    0.837068   -0.087068 (VIOLATED)
_6864_/A1                               0.750000    0.837068   -0.087068 (VIOLATED)
_6876_/A1                               0.750000    0.837068   -0.087068 (VIOLATED)
fanout628/X                             0.750000    0.837068   -0.087068 (VIOLATED)
_4517_/C                                0.750000    0.824692   -0.074692 (VIOLATED)
_4519_/A2                               0.750000    0.824692   -0.074692 (VIOLATED)
_6015_/A1                               0.750000    0.824692   -0.074692 (VIOLATED)
_6016_/A                                0.750000    0.824692   -0.074692 (VIOLATED)
fanout451/A                             0.750000    0.824692   -0.074692 (VIOLATED)
fanout452/A                             0.750000    0.824692   -0.074692 (VIOLATED)
fanout453/X                             0.750000    0.824692   -0.074692 (VIOLATED)
_5978_/A2                               0.750000    0.822387   -0.072387 (VIOLATED)
fanout344/A                             0.750000    0.822387   -0.072387 (VIOLATED)
fanout346/A                             0.750000    0.822387   -0.072387 (VIOLATED)
fanout347/A                             0.750000    0.822387   -0.072387 (VIOLATED)
input45/X                               0.750000    0.822387   -0.072387 (VIOLATED)
_6523_/S                                0.750000    0.821164   -0.071164 (VIOLATED)
_6577_/S1                               0.750000    0.821163   -0.071164 (VIOLATED)
_6569_/A                                0.750000    0.821163   -0.071163 (VIOLATED)
_6710_/S1                               0.750000    0.821163   -0.071163 (VIOLATED)
_6976_/S                                0.750000    0.821163   -0.071163 (VIOLATED)
fanout169/A                             0.750000    0.821163   -0.071163 (VIOLATED)
fanout171/A                             0.750000    0.821163   -0.071163 (VIOLATED)
fanout173/X                             0.750000    0.821163   -0.071163 (VIOLATED)
_3572_/A1                               0.750000    0.812106   -0.062106 (VIOLATED)
_3570_/A                                0.750000    0.812106   -0.062106 (VIOLATED)
fanout579/A                             0.750000    0.812103   -0.062103 (VIOLATED)
_4634_/A                                0.750000    0.812102   -0.062102 (VIOLATED)
_4635_/A1                               0.750000    0.812102   -0.062102 (VIOLATED)
fanout580/X                             0.750000    0.812102   -0.062102 (VIOLATED)
_6781_/A2                               0.750000    0.809439   -0.059439 (VIOLATED)
_6763_/A2                               0.750000    0.809439   -0.059439 (VIOLATED)
_6749_/B1                               0.750000    0.809439   -0.059439 (VIOLATED)
_6719_/A2                               0.750000    0.809438   -0.059438 (VIOLATED)
_6732_/B1                               0.750000    0.809437   -0.059437 (VIOLATED)
_6697_/A2                               0.750000    0.809435   -0.059435 (VIOLATED)
_6605_/A2                               0.750000    0.809435   -0.059435 (VIOLATED)
_6630_/A2                               0.750000    0.809435   -0.059435 (VIOLATED)
_6646_/A2                               0.750000    0.809435   -0.059435 (VIOLATED)
_6663_/A2                               0.750000    0.809435   -0.059435 (VIOLATED)
fanout129/X                             0.750000    0.809435   -0.059435 (VIOLATED)
_3577_/B                                0.750000    0.804515   -0.054515 (VIOLATED)
_6096_/A                                0.750000    0.804515   -0.054515 (VIOLATED)
_6097_/A                                0.750000    0.804515   -0.054515 (VIOLATED)
_6098_/A                                0.750000    0.804515   -0.054515 (VIOLATED)
fanout387/X                             0.750000    0.804515   -0.054515 (VIOLATED)
load_slew388/A                          0.750000    0.804515   -0.054515 (VIOLATED)
_3969_/B                                0.750000    0.796620   -0.046620 (VIOLATED)
_5981_/A                                0.750000    0.796619   -0.046619 (VIOLATED)
_6078_/A                                0.750000    0.796612   -0.046612 (VIOLATED)
_6079_/A                                0.750000    0.796611   -0.046611 (VIOLATED)
fanout333/A                             0.750000    0.796598   -0.046598 (VIOLATED)
fanout335/X                             0.750000    0.796598   -0.046598 (VIOLATED)
_6928_/A1                               0.750000    0.795556   -0.045556 (VIOLATED)
_3506_/A                                0.750000    0.795555   -0.045555 (VIOLATED)
_3869_/C                                0.750000    0.795555   -0.045555 (VIOLATED)
_3870_/B1                               0.750000    0.795555   -0.045555 (VIOLATED)
_3874_/A1                               0.750000    0.795555   -0.045555 (VIOLATED)
_5957_/A2                               0.750000    0.795555   -0.045555 (VIOLATED)
_6173_/B                                0.750000    0.795555   -0.045555 (VIOLATED)
_6174_/B                                0.750000    0.795555   -0.045555 (VIOLATED)
_6175_/B                                0.750000    0.795555   -0.045555 (VIOLATED)
_6282_/A2                               0.750000    0.795555   -0.045555 (VIOLATED)
fanout607/X                             0.750000    0.795555   -0.045555 (VIOLATED)
_3498_/A                                0.750000    0.793115   -0.043115 (VIOLATED)
_3524_/C                                0.750000    0.793115   -0.043115 (VIOLATED)
_4187_/A                                0.750000    0.793115   -0.043115 (VIOLATED)
_4291_/A1                               0.750000    0.793115   -0.043115 (VIOLATED)
_4432_/A                                0.750000    0.793115   -0.043115 (VIOLATED)
_4433_/A1                               0.750000    0.793115   -0.043115 (VIOLATED)
_6310_/A2                               0.750000    0.793115   -0.043115 (VIOLATED)
_6416_/A0                               0.750000    0.793115   -0.043115 (VIOLATED)
_6489_/A2                               0.750000    0.793115   -0.043115 (VIOLATED)
_6938_/A3                               0.750000    0.793115   -0.043115 (VIOLATED)
fanout623/X                             0.750000    0.793115   -0.043115 (VIOLATED)
_6843_/A2                               0.750000    0.784667   -0.034667 (VIOLATED)
_6863_/B1                               0.750000    0.784667   -0.034667 (VIOLATED)
_6826_/B1                               0.750000    0.784664   -0.034664 (VIOLATED)
_6811_/A2                               0.750000    0.784662   -0.034662 (VIOLATED)
_6797_/A2                               0.750000    0.784659   -0.034659 (VIOLATED)
_6645_/B1                               0.750000    0.784647   -0.034647 (VIOLATED)
fanout133/A                             0.750000    0.784647   -0.034647 (VIOLATED)
fanout134/X                             0.750000    0.784647   -0.034647 (VIOLATED)
_5158_/B                                0.750000    0.779579   -0.029579 (VIOLATED)
_5160_/A2                               0.750000    0.779579   -0.029579 (VIOLATED)
_5230_/B                                0.750000    0.779579   -0.029579 (VIOLATED)
_5232_/A2                               0.750000    0.779579   -0.029579 (VIOLATED)
_5273_/B                                0.750000    0.779579   -0.029579 (VIOLATED)
_6411_/S                                0.750000    0.779579   -0.029579 (VIOLATED)
_6431_/S                                0.750000    0.779579   -0.029579 (VIOLATED)
_6499_/S                                0.750000    0.779579   -0.029579 (VIOLATED)
fanout351/X                             0.750000    0.779579   -0.029579 (VIOLATED)
_3829_/B                                0.750000    0.776750   -0.026750 (VIOLATED)
_3828_/B                                0.750000    0.776750   -0.026750 (VIOLATED)
_3936_/B                                0.750000    0.776749   -0.026749 (VIOLATED)
_6013_/A1                               0.750000    0.776747   -0.026747 (VIOLATED)
_6014_/A                                0.750000    0.776747   -0.026747 (VIOLATED)
_3622_/B                                0.750000    0.776745   -0.026745 (VIOLATED)
_3628_/D                                0.750000    0.776506   -0.026506 (VIOLATED)
_3660_/A2_N                             0.750000    0.776506   -0.026506 (VIOLATED)
_3666_/B                                0.750000    0.776506   -0.026506 (VIOLATED)
_3735_/A2                               0.750000    0.776506   -0.026506 (VIOLATED)
fanout445/X                             0.750000    0.776506   -0.026506 (VIOLATED)
_6773_/Y                                0.750000    0.770932   -0.020932 (VIOLATED)
_6984_/A                                0.750000    0.770932   -0.020932 (VIOLATED)
output79/A                              0.750000    0.770932   -0.020932 (VIOLATED)
_3976_/A                                0.750000    0.770900   -0.020900 (VIOLATED)
_6028_/A1                               0.750000    0.770899   -0.020899 (VIOLATED)
_5983_/D                                0.750000    0.770899   -0.020899 (VIOLATED)
_5982_/B2                               0.750000    0.770899   -0.020899 (VIOLATED)
_3815_/A1                               0.750000    0.770896   -0.020896 (VIOLATED)
_3814_/A                                0.750000    0.770896   -0.020896 (VIOLATED)
_3588_/A                                0.750000    0.770894   -0.020894 (VIOLATED)
_3593_/B                                0.750000    0.770894   -0.020894 (VIOLATED)
_3594_/B2                               0.750000    0.770894   -0.020894 (VIOLATED)
_3604_/A1                               0.750000    0.770894   -0.020894 (VIOLATED)
fanout327/X                             0.750000    0.770894   -0.020894 (VIOLATED)
_4519_/B1                               0.750000    0.767412   -0.017412 (VIOLATED)
_4517_/D                                0.750000    0.767412   -0.017412 (VIOLATED)
fanout208/A                             0.750000    0.767404   -0.017404 (VIOLATED)
_5946_/B2                               0.750000    0.767402   -0.017402 (VIOLATED)
_6015_/B1                               0.750000    0.767402   -0.017402 (VIOLATED)
_6016_/C                                0.750000    0.767402   -0.017402 (VIOLATED)
fanout209/A                             0.750000    0.767402   -0.017402 (VIOLATED)
fanout210/X                             0.750000    0.767402   -0.017402 (VIOLATED)
_3535_/C                                0.750000    0.767137   -0.017137 (VIOLATED)
_3536_/A2                               0.750000    0.767137   -0.017137 (VIOLATED)
_3539_/C                                0.750000    0.767137   -0.017137 (VIOLATED)
_3540_/A2                               0.750000    0.767137   -0.017137 (VIOLATED)
_3786_/C                                0.750000    0.767137   -0.017137 (VIOLATED)
_3787_/A2                               0.750000    0.767137   -0.017137 (VIOLATED)
_3892_/C                                0.750000    0.767137   -0.017137 (VIOLATED)
_3893_/A2                               0.750000    0.767137   -0.017137 (VIOLATED)
_3961_/C                                0.750000    0.767137   -0.017137 (VIOLATED)
_3962_/A2                               0.750000    0.767137   -0.017137 (VIOLATED)
fanout318/X                             0.750000    0.767137   -0.017137 (VIOLATED)
_4832_/Y                                0.750000    0.766385   -0.016385 (VIOLATED)
_4834_/C                                0.750000    0.766385   -0.016385 (VIOLATED)
_4880_/A2                               0.750000    0.766385   -0.016385 (VIOLATED)
_4999_/B1                               0.750000    0.766385   -0.016385 (VIOLATED)
_5003_/C1                               0.750000    0.766385   -0.016385 (VIOLATED)
_4551_/A                                0.750000    0.765980   -0.015980 (VIOLATED)
_4300_/A                                0.750000    0.765980   -0.015980 (VIOLATED)
_3772_/C                                0.750000    0.765978   -0.015978 (VIOLATED)
_4179_/A1_N                             0.750000    0.765978   -0.015978 (VIOLATED)
_3522_/B                                0.750000    0.765978   -0.015978 (VIOLATED)
_3523_/B2                               0.750000    0.765978   -0.015978 (VIOLATED)
_3695_/A                                0.750000    0.765978   -0.015978 (VIOLATED)
_3848_/A1                               0.750000    0.765978   -0.015978 (VIOLATED)
_4534_/A                                0.750000    0.765978   -0.015978 (VIOLATED)
_6310_/A3                               0.750000    0.765978   -0.015978 (VIOLATED)
fanout624/X                             0.750000    0.765978   -0.015978 (VIOLATED)
_3507_/B                                0.750000    0.764318   -0.014318 (VIOLATED)
_3508_/B2                               0.750000    0.764318   -0.014318 (VIOLATED)
_3515_/A1                               0.750000    0.764318   -0.014318 (VIOLATED)
_3869_/A                                0.750000    0.764318   -0.014318 (VIOLATED)
_5947_/B                                0.750000    0.764318   -0.014318 (VIOLATED)
_6177_/B                                0.750000    0.764318   -0.014318 (VIOLATED)
_6178_/B                                0.750000    0.764318   -0.014318 (VIOLATED)
_6275_/B                                0.750000    0.764318   -0.014318 (VIOLATED)
_6909_/A0                               0.750000    0.764318   -0.014318 (VIOLATED)
_6914_/A1                               0.750000    0.764318   -0.014318 (VIOLATED)
fanout620/X                             0.750000    0.764318   -0.014318 (VIOLATED)
_3961_/D                                0.750000    0.761652   -0.011652 (VIOLATED)
_3962_/B1                               0.750000    0.761652   -0.011652 (VIOLATED)
_3892_/D                                0.750000    0.761651   -0.011651 (VIOLATED)
_3893_/B1                               0.750000    0.761651   -0.011651 (VIOLATED)
_3786_/D                                0.750000    0.761649   -0.011649 (VIOLATED)
_3787_/B1                               0.750000    0.761649   -0.011649 (VIOLATED)
_3535_/D                                0.750000    0.761645   -0.011645 (VIOLATED)
_3536_/B1                               0.750000    0.761645   -0.011645 (VIOLATED)
_3539_/D                                0.750000    0.761644   -0.011644 (VIOLATED)
_3540_/B1                               0.750000    0.761644   -0.011644 (VIOLATED)
fanout329/X                             0.750000    0.761644   -0.011644 (VIOLATED)
_3656_/A1                               0.750000    0.761278   -0.011278 (VIOLATED)
_3825_/B                                0.750000    0.761278   -0.011278 (VIOLATED)
_3826_/B2                               0.750000    0.761278   -0.011278 (VIOLATED)
_3933_/A                                0.750000    0.761278   -0.011278 (VIOLATED)
_3934_/A1                               0.750000    0.761278   -0.011278 (VIOLATED)
_6024_/B                                0.750000    0.761278   -0.011278 (VIOLATED)
_6814_/A3                               0.750000    0.761278   -0.011278 (VIOLATED)
fanout184/X                             0.750000    0.761278   -0.011278 (VIOLATED)
_6440_/B1                               0.750000    0.759302   -0.009303 (VIOLATED)
_6516_/A                                0.750000    0.759302   -0.009303 (VIOLATED)
_6541_/B1                               0.750000    0.759302   -0.009303 (VIOLATED)
_6598_/B1                               0.750000    0.759302   -0.009303 (VIOLATED)
_6614_/B1                               0.750000    0.759302   -0.009303 (VIOLATED)
_6633_/B1                               0.750000    0.759302   -0.009303 (VIOLATED)
fanout143/X                             0.750000    0.759302   -0.009303 (VIOLATED)
_3740_/B2                               0.750000    0.756073   -0.006073 (VIOLATED)
_3739_/B                                0.750000    0.756073   -0.006073 (VIOLATED)
_4261_/A1                               0.750000    0.756072   -0.006072 (VIOLATED)
_4149_/A                                0.750000    0.756072   -0.006072 (VIOLATED)
_4273_/A                                0.750000    0.756070   -0.006070 (VIOLATED)
_4275_/A1                               0.750000    0.756070   -0.006070 (VIOLATED)
_4399_/B                                0.750000    0.756070   -0.006070 (VIOLATED)
_4401_/B2                               0.750000    0.756070   -0.006070 (VIOLATED)
_4518_/A                                0.750000    0.756070   -0.006070 (VIOLATED)
_4521_/A1                               0.750000    0.756070   -0.006070 (VIOLATED)
fanout322/X                             0.750000    0.756070   -0.006070 (VIOLATED)
_4287_/Y                                0.750000    0.752117   -0.002117 (VIOLATED)
_4288_/A2                               0.750000    0.752117   -0.002117 (VIOLATED)
_4289_/C1                               0.750000    0.752117   -0.002117 (VIOLATED)
_4415_/B1                               0.750000    0.752117   -0.002117 (VIOLATED)
_4416_/A1                               0.750000    0.752117   -0.002117 (VIOLATED)

max capacitance

Pin                                        Limit         Cap       Slack
------------------------------------------------------------------------
fanout152/X                             0.094309    0.109349   -0.015040 (VIOLATED)
fanout142/X                             0.094309    0.100177   -0.005868 (VIOLATED)
fanout127/X                             0.094309    0.097356   -0.003047 (VIOLATED)



===========================================================================
report_parasitic_annotation -report_unannotated
============================================================================
Found 0 unannotated drivers.
Found 0 partially unannotated drivers.

===========================================================================
max slew violation count 547
max fanout violation count 0
max cap violation count 3
============================================================================

===========================================================================
check_setup -verbose -unconstrained_endpoints -multiple_clock -no_clock -no_input_delay -loops -generated_clocks
===========================================================================
