
===========================================================================
report_checks -unconstrained
===========================================================================
======================= Typical Corner ===================================

Startpoint: rst_n (input port clocked by clk)
Endpoint: _4220_ (recovery check against rising-edge clock clk)
Path Group: asynchronous
Path Type: max

Fanout     Cap    Slew   Delay    Time   Description
-----------------------------------------------------------------------------
                  0.15    0.00    0.00   clock clk (rise edge)
                          0.00    0.00   clock network delay (ideal)
                          2.00    2.00 ^ input external delay
     1    0.00    0.02    0.01    2.01 ^ rst_n (in)
                                         rst_n (net)
                  0.02    0.00    2.01 ^ input70/A (sky130_fd_sc_hd__clkbuf_1)
     1    0.00    0.04    0.07    2.09 ^ input70/X (sky130_fd_sc_hd__clkbuf_1)
                                         net70 (net)
                  0.04    0.00    2.09 ^ fanout124/A (sky130_fd_sc_hd__clkbuf_2)
     5    0.02    0.11    0.16    2.24 ^ fanout124/X (sky130_fd_sc_hd__clkbuf_2)
                                         net124 (net)
                  0.11    0.00    2.24 ^ fanout121/A (sky130_fd_sc_hd__clkbuf_4)
    10    0.04    0.13    0.23    2.47 ^ fanout121/X (sky130_fd_sc_hd__clkbuf_4)
                                         net121 (net)
                  0.13    0.00    2.47 ^ fanout120/A (sky130_fd_sc_hd__clkbuf_4)
    10    0.04    0.13    0.24    2.72 ^ fanout120/X (sky130_fd_sc_hd__clkbuf_4)
                                         net120 (net)
                  0.13    0.00    2.72 ^ _4220_/RESET_B (sky130_fd_sc_hd__dfrtp_1)
                                  2.72   data arrival time

                  0.15   10.00   10.00   clock clk (rise edge)
                          0.00   10.00   clock network delay (ideal)
                         -0.25    9.75   clock uncertainty
                          0.00    9.75   clock reconvergence pessimism
                                  9.75 ^ _4220_/CLK (sky130_fd_sc_hd__dfrtp_1)
                          0.24    9.99   library recovery time
                                  9.99   data required time
-----------------------------------------------------------------------------
                                  9.99   data required time
                                 -2.72   data arrival time
-----------------------------------------------------------------------------
                                  7.27   slack (MET)


Startpoint: B[0] (input port clocked by clk)
Endpoint: _4196_ (rising edge-triggered flip-flop clocked by clk)
Path Group: clk
Path Type: max

Fanout     Cap    Slew   Delay    Time   Description
-----------------------------------------------------------------------------
                  0.15    0.00    0.00   clock clk (rise edge)
                          0.00    0.00   clock network delay (ideal)
                          2.00    2.00 ^ input external delay
     1    0.00    0.02    0.01    2.01 ^ B[0] (in)
                                         B[0] (net)
                  0.02    0.00    2.01 ^ input33/A (sky130_fd_sc_hd__clkbuf_1)
     2    0.00    0.07    0.09    2.10 ^ input33/X (sky130_fd_sc_hd__clkbuf_1)
                                         net33 (net)
                  0.07    0.00    2.10 ^ _2199_/A (sky130_fd_sc_hd__clkbuf_4)
    10    0.04    0.12    0.21    2.31 ^ _2199_/X (sky130_fd_sc_hd__clkbuf_4)
                                         _1305_ (net)
                  0.12    0.00    2.31 ^ _2469_/A (sky130_fd_sc_hd__clkbuf_4)
    10    0.04    0.14    0.24    2.55 ^ _2469_/X (sky130_fd_sc_hd__clkbuf_4)
                                         _1575_ (net)
                  0.14    0.00    2.56 ^ _2470_/A (sky130_fd_sc_hd__buf_4)
    10    0.06    0.18    0.25    2.81 ^ _2470_/X (sky130_fd_sc_hd__buf_4)
                                         _1576_ (net)
                  0.18    0.00    2.81 ^ _2471_/A (sky130_fd_sc_hd__buf_4)
    10    0.06    0.16    0.25    3.06 ^ _2471_/X (sky130_fd_sc_hd__buf_4)
                                         _1577_ (net)
                  0.16    0.00    3.06 ^ _3292_/S0 (sky130_fd_sc_hd__mux4_1)
     2    0.01    0.10    0.62    3.68 v _3292_/X (sky130_fd_sc_hd__mux4_1)
                                         _0330_ (net)
                  0.10    0.00    3.68 v _3818_/A2 (sky130_fd_sc_hd__mux4_1)
     1    0.00    0.09    0.52    4.21 v _3818_/X (sky130_fd_sc_hd__mux4_1)
                                         _0894_ (net)
                  0.09    0.00    4.21 v _3820_/A1 (sky130_fd_sc_hd__a21o_1)
     1    0.01    0.08    0.22    4.43 v _3820_/X (sky130_fd_sc_hd__a21o_1)
                                         _0896_ (net)
                  0.08    0.00    4.43 v _3821_/A2 (sky130_fd_sc_hd__a22oi_2)
     1    0.01    0.18    0.23    4.66 ^ _3821_/Y (sky130_fd_sc_hd__a22oi_2)
                                         _0897_ (net)
                  0.18    0.00    4.66 ^ _3829_/B1 (sky130_fd_sc_hd__o2111a_1)
     1    0.00    0.05    0.21    4.88 ^ _3829_/X (sky130_fd_sc_hd__o2111a_1)
                                         _0906_ (net)
                  0.05    0.00    4.88 ^ _3830_/B (sky130_fd_sc_hd__nand2_1)
     1    0.00    0.06    0.05    4.93 v _3830_/Y (sky130_fd_sc_hd__nand2_1)
                                         _0907_ (net)
                  0.06    0.00    4.93 v _3831_/C1 (sky130_fd_sc_hd__a211o_1)
     1    0.00    0.05    0.25    5.18 v _3831_/X (sky130_fd_sc_hd__a211o_1)
                                         _2061_ (net)
                  0.05    0.00    5.18 v _4196_/D (sky130_fd_sc_hd__dfrtp_1)
                                  5.18   data arrival time

                  0.15   10.00   10.00   clock clk (rise edge)
                          0.00   10.00   clock network delay (ideal)
                         -0.25    9.75   clock uncertainty
                          0.00    9.75   clock reconvergence pessimism
                                  9.75 ^ _4196_/CLK (sky130_fd_sc_hd__dfrtp_1)
                         -0.09    9.66   library setup time
                                  9.66   data required time
-----------------------------------------------------------------------------
                                  9.66   data required time
                                 -5.18   data arrival time
-----------------------------------------------------------------------------
                                  4.48   slack (MET)




===========================================================================
report_checks --slack_max -0.01
============================================================================
======================= Typical Corner ===================================

No paths found.


===========================================================================
 report_check_types -max_slew -max_cap -max_fanout -violators
============================================================================
======================= Typical Corner ===================================


max slew violations count Typical: 0
max fanout violations count Typical: 0
max cap violations count Typical: 0

===========================================================================
report_parasitic_annotation -report_unannotated
============================================================================
Found 1 unannotated drivers.
 clk
Found 0 partially unannotated drivers.

===========================================================================
max slew violation count 0
max fanout violation count 0
max cap violation count 0
============================================================================

===========================================================================
check_setup -verbose -unconstrained_endpoints -multiple_clock -no_clock -no_input_delay -loops -generated_clocks
===========================================================================
