Thu May 28 06:15:58 +0000 2026 - Executing "{openroad -exit -no_init -python /nix/store/xpc7xd67rslanlqh566s6jph53bn830w-openlane1-1.1.1/bin/scripts/odbpy/lefutil.py get_metal_layers -o /work/runs/RUN_FINAL/tmp/layers.list /root/.volare/volare/sky130/versions/bdc9412b3e468c102d01b7cf6337be06ec6e9c9a/sky130A/libs.ref/sky130_fd_sc_hd/techlef/sky130_fd_sc_hd__nom.tlef}"

Thu May 28 06:15:59 +0000 2026 - Executing "{/nix/store/xpc7xd67rslanlqh566s6jph53bn830w-openlane1-1.1.1/bin/scripts/mergeLef.py -o /work/runs/RUN_FINAL/tmp/merged.nom.lef -i /root/.volare/volare/sky130/versions/bdc9412b3e468c102d01b7cf6337be06ec6e9c9a/sky130A/libs.ref/sky130_fd_sc_hd/techlef/sky130_fd_sc_hd__nom.tlef {/root/.volare/volare/sky130/versions/bdc9412b3e468c102d01b7cf6337be06ec6e9c9a/sky130A/libs.ref/sky130_fd_sc_hd/lef/sky130_fd_sc_hd.lef /root/.volare/volare/sky130/versions/bdc9412b3e468c102d01b7cf6337be06ec6e9c9a/sky130A/libs.ref/sky130_fd_sc_hd/lef/sky130_ef_sc_hd.lef} |& tee /dev/null}"

Thu May 28 06:15:59 +0000 2026 - Executing "{/nix/store/xpc7xd67rslanlqh566s6jph53bn830w-openlane1-1.1.1/bin/scripts/mergeLef.py -o /work/runs/RUN_FINAL/tmp/merged.min.lef -i /root/.volare/volare/sky130/versions/bdc9412b3e468c102d01b7cf6337be06ec6e9c9a/sky130A/libs.ref/sky130_fd_sc_hd/techlef/sky130_fd_sc_hd__min.tlef {/root/.volare/volare/sky130/versions/bdc9412b3e468c102d01b7cf6337be06ec6e9c9a/sky130A/libs.ref/sky130_fd_sc_hd/lef/sky130_fd_sc_hd.lef /root/.volare/volare/sky130/versions/bdc9412b3e468c102d01b7cf6337be06ec6e9c9a/sky130A/libs.ref/sky130_fd_sc_hd/lef/sky130_ef_sc_hd.lef} |& tee /dev/null}"

Thu May 28 06:15:59 +0000 2026 - Executing "{/nix/store/xpc7xd67rslanlqh566s6jph53bn830w-openlane1-1.1.1/bin/scripts/mergeLef.py -o /work/runs/RUN_FINAL/tmp/merged.max.lef -i /root/.volare/volare/sky130/versions/bdc9412b3e468c102d01b7cf6337be06ec6e9c9a/sky130A/libs.ref/sky130_fd_sc_hd/techlef/sky130_fd_sc_hd__max.tlef {/root/.volare/volare/sky130/versions/bdc9412b3e468c102d01b7cf6337be06ec6e9c9a/sky130A/libs.ref/sky130_fd_sc_hd/lef/sky130_fd_sc_hd.lef /root/.volare/volare/sky130/versions/bdc9412b3e468c102d01b7cf6337be06ec6e9c9a/sky130A/libs.ref/sky130_fd_sc_hd/lef/sky130_ef_sc_hd.lef} |& tee /dev/null}"

Thu May 28 06:15:59 +0000 2026 - Executing "{python3 /nix/store/xpc7xd67rslanlqh566s6jph53bn830w-openlane1-1.1.1/bin/scripts/mergeLib.py --output /work/runs/RUN_FINAL/tmp/synthesis/merged.lib --name sky130A_merged /root/.volare/volare/sky130/versions/bdc9412b3e468c102d01b7cf6337be06ec6e9c9a/sky130A/libs.ref/sky130_fd_sc_hd/lib/sky130_fd_sc_hd__tt_025C_1v80.lib}"

Thu May 28 06:15:59 +0000 2026 - Executing "{python3 /nix/store/xpc7xd67rslanlqh566s6jph53bn830w-openlane1-1.1.1/bin/scripts/libtrim.py --cell-file /work/runs/RUN_FINAL/tmp/synthesis/trimmed.lib.exclude.list --output /work/runs/RUN_FINAL/tmp/synthesis/trimmed.lib /work/runs/RUN_FINAL/tmp/synthesis/merged.lib}"

Thu May 28 06:15:59 +0000 2026 - Executing "{python3 /nix/store/xpc7xd67rslanlqh566s6jph53bn830w-openlane1-1.1.1/bin/scripts/libtrim.py --cell-file /work/runs/RUN_FINAL/tmp/cts/cts.lib.exclude.list --output /work/runs/RUN_FINAL/tmp/cts/cts.lib /root/.volare/volare/sky130/versions/bdc9412b3e468c102d01b7cf6337be06ec6e9c9a/sky130A/libs.ref/sky130_fd_sc_hd/lib/sky130_fd_sc_hd__tt_025C_1v80.lib}"

Thu May 28 06:16:00 +0000 2026 - Executing "{python3 /nix/store/xpc7xd67rslanlqh566s6jph53bn830w-openlane1-1.1.1/bin/scripts/libtrim.py --cell-file /work/runs/RUN_FINAL/tmp/cts/cts-fastest.lib.exclude.list --output /work/runs/RUN_FINAL/tmp/cts/cts-fastest.lib /root/.volare/volare/sky130/versions/bdc9412b3e468c102d01b7cf6337be06ec6e9c9a/sky130A/libs.ref/sky130_fd_sc_hd/lib/sky130_fd_sc_hd__ff_n40C_1v95.lib}"

Thu May 28 06:16:01 +0000 2026 - Executing "{python3 /nix/store/xpc7xd67rslanlqh566s6jph53bn830w-openlane1-1.1.1/bin/scripts/libtrim.py --cell-file /work/runs/RUN_FINAL/tmp/cts/cts-slowest.lib.exclude.list --output /work/runs/RUN_FINAL/tmp/cts/cts-slowest.lib /root/.volare/volare/sky130/versions/bdc9412b3e468c102d01b7cf6337be06ec6e9c9a/sky130A/libs.ref/sky130_fd_sc_hd/lib/sky130_fd_sc_hd__ss_100C_1v60.lib}"

Thu May 28 06:16:02 +0000 2026 - Executing "{python3 /nix/store/xpc7xd67rslanlqh566s6jph53bn830w-openlane1-1.1.1/bin/scripts/new_tracks.py -i /root/.volare/volare/sky130/versions/bdc9412b3e468c102d01b7cf6337be06ec6e9c9a/sky130A/libs.tech/openlane/sky130_fd_sc_hd/tracks.info -o /work/runs/RUN_FINAL/tmp/routing/config.tracks}"

Thu May 28 06:16:02 +0000 2026 - Executing "{echo {OpenLane } > /work/runs/RUN_FINAL/OPENLANE_COMMIT}"

Thu May 28 06:16:02 +0000 2026 - Executing "{yosys -c /nix/store/xpc7xd67rslanlqh566s6jph53bn830w-openlane1-1.1.1/bin/scripts/yosys/blackbox.tcl}"

Thu May 28 06:16:02 +0000 2026 - Executing "{verilator -Wall --lint-only --Wno-DECLFILENAME --top-module alu32 /work/runs/RUN_FINAL/tmp/synthesis/blackbox/sky130_fd_sc_hd__blackbox.v /work/src/alu32.v -Wno-fatal --relative-includes |& tee /work/runs/RUN_FINAL/logs/synthesis/linter.log /dev/null}"

Thu May 28 06:16:02 +0000 2026 - Executing "{sed -E {s/^([[:space:]]+)pg_pin(.*)/\1pin\2\n\1    direction : "inout";/g} /root/.volare/volare/sky130/versions/bdc9412b3e468c102d01b7cf6337be06ec6e9c9a/sky130A/libs.ref/sky130_fd_sc_hd/lib/sky130_fd_sc_hd__tt_025C_1v80.lib > /work/runs/RUN_FINAL/tmp/synthesis/1-sky130_fd_sc_hd__tt_025C_1v80.no_pg.lib}"

Thu May 28 06:16:03 +0000 2026 - Executing "{sed -E {s/^([[:space:]]+)pg_pin(.*)/\1pin\2\n\1    direction : "inout";/g} /work/runs/RUN_FINAL/tmp/synthesis/trimmed.lib > /work/runs/RUN_FINAL/tmp/synthesis/1-trimmed.no_pg.lib}"

Thu May 28 06:16:03 +0000 2026 - Executing "yosys -c /nix/store/xpc7xd67rslanlqh566s6jph53bn830w-openlane1-1.1.1/bin/scripts/yosys/synth.tcl |& tee /dev/null /work/runs/RUN_FINAL/logs/synthesis/1-synthesis.log"

Thu May 28 06:16:03 +0000 2026 - Executing "{yosys -c /nix/store/xpc7xd67rslanlqh566s6jph53bn830w-openlane1-1.1.1/bin/scripts/yosys/synth.tcl |& tee /dev/null /work/runs/RUN_FINAL/logs/synthesis/1-synthesis.log}"

Thu May 28 06:16:10 +0000 2026 - Executing "{sed -i.bak -e {s/\(set ::env(CURRENT_NETLIST)\).*/\1 \/work\/runs\/RUN_FINAL\/results\/synthesis\/alu32.v/} /work/runs/RUN_FINAL/config.tcl}"

Thu May 28 06:16:10 +0000 2026 - Executing "{sed -i.bak /defparam/d /work/runs/RUN_FINAL/results/synthesis/alu32.v}"

Thu May 28 06:16:11 +0000 2026 - Executing "sta -exit -no_init /nix/store/xpc7xd67rslanlqh566s6jph53bn830w-openlane1-1.1.1/bin/scripts/openroad/sta/multi_corner.tcl |& tee /dev/null /work/runs/RUN_FINAL/logs/synthesis/2-sta.log"

Thu May 28 06:16:11 +0000 2026 - Executing "{sta -exit -no_init /nix/store/xpc7xd67rslanlqh566s6jph53bn830w-openlane1-1.1.1/bin/scripts/openroad/sta/multi_corner.tcl |& tee /dev/null /work/runs/RUN_FINAL/logs/synthesis/2-sta.log}"

Thu May 28 06:16:11 +0000 2026 - Executing "openroad -exit /nix/store/xpc7xd67rslanlqh566s6jph53bn830w-openlane1-1.1.1/bin/scripts/openroad/floorplan.tcl |& tee /dev/null /work/runs/RUN_FINAL/logs/floorplan/3-initial_fp.log"

Thu May 28 06:16:11 +0000 2026 - Executing "{openroad -exit /nix/store/xpc7xd67rslanlqh566s6jph53bn830w-openlane1-1.1.1/bin/scripts/openroad/floorplan.tcl |& tee /dev/null /work/runs/RUN_FINAL/logs/floorplan/3-initial_fp.log}"

Thu May 28 06:16:12 +0000 2026 - Executing "{openroad -exit -no_init -python /nix/store/xpc7xd67rslanlqh566s6jph53bn830w-openlane1-1.1.1/bin/scripts/odbpy/defutil.py extract_core_dims --output-data /work/runs/RUN_FINAL/tmp/dimensions.txt --input-lef /work/runs/RUN_FINAL/tmp/merged.nom.lef /work/runs/RUN_FINAL/tmp/floorplan/3-initial_fp.def}"

Thu May 28 06:16:13 +0000 2026 - Executing "openroad -exit /nix/store/xpc7xd67rslanlqh566s6jph53bn830w-openlane1-1.1.1/bin/scripts/openroad/ioplacer.tcl |& tee /dev/null /work/runs/RUN_FINAL/logs/floorplan/4-io.log"

Thu May 28 06:16:13 +0000 2026 - Executing "{openroad -exit /nix/store/xpc7xd67rslanlqh566s6jph53bn830w-openlane1-1.1.1/bin/scripts/openroad/ioplacer.tcl |& tee /dev/null /work/runs/RUN_FINAL/logs/floorplan/4-io.log}"

Thu May 28 06:16:13 +0000 2026 - Executing "openroad -exit /nix/store/xpc7xd67rslanlqh566s6jph53bn830w-openlane1-1.1.1/bin/scripts/openroad/tapcell.tcl |& tee /dev/null /work/runs/RUN_FINAL/logs/floorplan/5-tap.log"

Thu May 28 06:16:13 +0000 2026 - Executing "{openroad -exit /nix/store/xpc7xd67rslanlqh566s6jph53bn830w-openlane1-1.1.1/bin/scripts/openroad/tapcell.tcl |& tee /dev/null /work/runs/RUN_FINAL/logs/floorplan/5-tap.log}"

Thu May 28 06:16:14 +0000 2026 - Executing "openroad -exit /nix/store/xpc7xd67rslanlqh566s6jph53bn830w-openlane1-1.1.1/bin/scripts/openroad/pdn.tcl |& tee /dev/null /work/runs/RUN_FINAL/logs/floorplan/6-pdn.log"

Thu May 28 06:16:14 +0000 2026 - Executing "{openroad -exit /nix/store/xpc7xd67rslanlqh566s6jph53bn830w-openlane1-1.1.1/bin/scripts/openroad/pdn.tcl |& tee /dev/null /work/runs/RUN_FINAL/logs/floorplan/6-pdn.log}"

Thu May 28 06:16:15 +0000 2026 - Executing "openroad -exit /nix/store/xpc7xd67rslanlqh566s6jph53bn830w-openlane1-1.1.1/bin/scripts/openroad/gpl.tcl |& tee /dev/null /work/runs/RUN_FINAL/logs/placement/6-global_skip_io.log"

Thu May 28 06:16:15 +0000 2026 - Executing "{openroad -exit /nix/store/xpc7xd67rslanlqh566s6jph53bn830w-openlane1-1.1.1/bin/scripts/openroad/gpl.tcl |& tee /dev/null /work/runs/RUN_FINAL/logs/placement/6-global_skip_io.log}"

Thu May 28 06:16:16 +0000 2026 - Executing "{sed -i.bak -e {s/\(set ::env(CURRENT_NETLIST)\).*/\1 \/work\/runs\/RUN_FINAL\/tmp\/placement\/7-global_skip_io.nl.v/} /work/runs/RUN_FINAL/config.tcl}"

Thu May 28 06:16:16 +0000 2026 - Executing "openroad -exit /nix/store/xpc7xd67rslanlqh566s6jph53bn830w-openlane1-1.1.1/bin/scripts/openroad/sta/multi_corner.tcl |& tee /dev/null /work/runs/RUN_FINAL/logs/placement/8-gpl_sta.log"

Thu May 28 06:16:16 +0000 2026 - Executing "{openroad -exit /nix/store/xpc7xd67rslanlqh566s6jph53bn830w-openlane1-1.1.1/bin/scripts/openroad/sta/multi_corner.tcl |& tee /dev/null /work/runs/RUN_FINAL/logs/placement/8-gpl_sta.log}"

Thu May 28 06:16:17 +0000 2026 - Executing "openroad -exit /nix/store/xpc7xd67rslanlqh566s6jph53bn830w-openlane1-1.1.1/bin/scripts/openroad/ioplacer.tcl |& tee /dev/null /work/runs/RUN_FINAL/logs/placement/9-io.log"

Thu May 28 06:16:17 +0000 2026 - Executing "{openroad -exit /nix/store/xpc7xd67rslanlqh566s6jph53bn830w-openlane1-1.1.1/bin/scripts/openroad/ioplacer.tcl |& tee /dev/null /work/runs/RUN_FINAL/logs/placement/9-io.log}"

Thu May 28 06:16:18 +0000 2026 - Executing "openroad -exit /nix/store/xpc7xd67rslanlqh566s6jph53bn830w-openlane1-1.1.1/bin/scripts/openroad/gpl.tcl |& tee /dev/null /work/runs/RUN_FINAL/logs/placement/9-global.log"

Thu May 28 06:16:18 +0000 2026 - Executing "{openroad -exit /nix/store/xpc7xd67rslanlqh566s6jph53bn830w-openlane1-1.1.1/bin/scripts/openroad/gpl.tcl |& tee /dev/null /work/runs/RUN_FINAL/logs/placement/9-global.log}"

Thu May 28 06:16:19 +0000 2026 - Executing "{sed -i.bak -e {s/\(set ::env(CURRENT_NETLIST)\).*/\1 \/work\/runs\/RUN_FINAL\/tmp\/placement\/10-global.nl.v/} /work/runs/RUN_FINAL/config.tcl}"

Thu May 28 06:16:20 +0000 2026 - Executing "openroad -exit /nix/store/xpc7xd67rslanlqh566s6jph53bn830w-openlane1-1.1.1/bin/scripts/openroad/sta/multi_corner.tcl |& tee /dev/null /work/runs/RUN_FINAL/logs/placement/11-gpl_sta.log"

Thu May 28 06:16:20 +0000 2026 - Executing "{openroad -exit /nix/store/xpc7xd67rslanlqh566s6jph53bn830w-openlane1-1.1.1/bin/scripts/openroad/sta/multi_corner.tcl |& tee /dev/null /work/runs/RUN_FINAL/logs/placement/11-gpl_sta.log}"

Thu May 28 06:16:21 +0000 2026 - Executing "openroad -exit /nix/store/xpc7xd67rslanlqh566s6jph53bn830w-openlane1-1.1.1/bin/scripts/openroad/resizer.tcl |& tee /dev/null /work/runs/RUN_FINAL/logs/placement/12-resizer.log"

Thu May 28 06:16:21 +0000 2026 - Executing "{openroad -exit /nix/store/xpc7xd67rslanlqh566s6jph53bn830w-openlane1-1.1.1/bin/scripts/openroad/resizer.tcl |& tee /dev/null /work/runs/RUN_FINAL/logs/placement/12-resizer.log}"

Thu May 28 06:16:25 +0000 2026 - Executing "{sed -i.bak -e {s/\(set ::env(CURRENT_NETLIST)\).*/\1 \/work\/runs\/RUN_FINAL\/tmp\/placement\/12-resizer.nl.v/} /work/runs/RUN_FINAL/config.tcl}"

Thu May 28 06:16:25 +0000 2026 - Executing "openroad -exit /nix/store/xpc7xd67rslanlqh566s6jph53bn830w-openlane1-1.1.1/bin/scripts/openroad/dpl.tcl |& tee /dev/null /work/runs/RUN_FINAL/logs/placement/13-detailed.log"

Thu May 28 06:16:25 +0000 2026 - Executing "{openroad -exit /nix/store/xpc7xd67rslanlqh566s6jph53bn830w-openlane1-1.1.1/bin/scripts/openroad/dpl.tcl |& tee /dev/null /work/runs/RUN_FINAL/logs/placement/13-detailed.log}"

Thu May 28 06:16:25 +0000 2026 - Executing "{sed -i.bak -e {s/\(set ::env(CURRENT_NETLIST)\).*/\1 \/work\/runs\/RUN_FINAL\/results\/placement\/alu32.nl.v/} /work/runs/RUN_FINAL/config.tcl}"

Thu May 28 06:16:26 +0000 2026 - Executing "openroad -exit /nix/store/xpc7xd67rslanlqh566s6jph53bn830w-openlane1-1.1.1/bin/scripts/openroad/sta/multi_corner.tcl |& tee /dev/null /work/runs/RUN_FINAL/logs/placement/14-dpl_sta.log"

Thu May 28 06:16:26 +0000 2026 - Executing "{openroad -exit /nix/store/xpc7xd67rslanlqh566s6jph53bn830w-openlane1-1.1.1/bin/scripts/openroad/sta/multi_corner.tcl |& tee /dev/null /work/runs/RUN_FINAL/logs/placement/14-dpl_sta.log}"

Thu May 28 06:16:27 +0000 2026 - Executing "openroad -exit /nix/store/xpc7xd67rslanlqh566s6jph53bn830w-openlane1-1.1.1/bin/scripts/openroad/cts.tcl |& tee /dev/null /work/runs/RUN_FINAL/logs/cts/15-cts.log"

Thu May 28 06:16:27 +0000 2026 - Executing "{openroad -exit /nix/store/xpc7xd67rslanlqh566s6jph53bn830w-openlane1-1.1.1/bin/scripts/openroad/cts.tcl |& tee /dev/null /work/runs/RUN_FINAL/logs/cts/15-cts.log}"

Thu May 28 06:16:34 +0000 2026 - Executing "openroad -exit /nix/store/xpc7xd67rslanlqh566s6jph53bn830w-openlane1-1.1.1/bin/scripts/openroad/sta/multi_corner.tcl |& tee /dev/null /work/runs/RUN_FINAL/logs/cts/16-cts_sta.log"

Thu May 28 06:16:34 +0000 2026 - Executing "{openroad -exit /nix/store/xpc7xd67rslanlqh566s6jph53bn830w-openlane1-1.1.1/bin/scripts/openroad/sta/multi_corner.tcl |& tee /dev/null /work/runs/RUN_FINAL/logs/cts/16-cts_sta.log}"

Thu May 28 06:16:37 +0000 2026 - Executing "openroad -exit /nix/store/xpc7xd67rslanlqh566s6jph53bn830w-openlane1-1.1.1/bin/scripts/openroad/resizer_timing.tcl |& tee /dev/null /work/runs/RUN_FINAL/logs/cts/17-resizer.log"

Thu May 28 06:16:37 +0000 2026 - Executing "{openroad -exit /nix/store/xpc7xd67rslanlqh566s6jph53bn830w-openlane1-1.1.1/bin/scripts/openroad/resizer_timing.tcl |& tee /dev/null /work/runs/RUN_FINAL/logs/cts/17-resizer.log}"

Thu May 28 06:17:13 +0000 2026 - Executing "{sed -i.bak -e {s/\(set ::env(CURRENT_NETLIST)\).*/\1 \/work\/runs\/RUN_FINAL\/tmp\/cts\/17-alu32.resized.nl.v/} /work/runs/RUN_FINAL/config.tcl}"

Thu May 28 06:17:13 +0000 2026 - Executing "openroad -exit /nix/store/xpc7xd67rslanlqh566s6jph53bn830w-openlane1-1.1.1/bin/scripts/openroad/resizer_routing_design.tcl |& tee /dev/null /work/runs/RUN_FINAL/logs/routing/18-resizer_design.log"

Thu May 28 06:17:13 +0000 2026 - Executing "{openroad -exit /nix/store/xpc7xd67rslanlqh566s6jph53bn830w-openlane1-1.1.1/bin/scripts/openroad/resizer_routing_design.tcl |& tee /dev/null /work/runs/RUN_FINAL/logs/routing/18-resizer_design.log}"

Thu May 28 06:17:17 +0000 2026 - Executing "{sed -i.bak -e {s/\(set ::env(CURRENT_NETLIST)\).*/\1 \/work\/runs\/RUN_FINAL\/tmp\/18-alu32.nl.v/} /work/runs/RUN_FINAL/config.tcl}"

Thu May 28 06:17:17 +0000 2026 - Executing "openroad -exit /nix/store/xpc7xd67rslanlqh566s6jph53bn830w-openlane1-1.1.1/bin/scripts/openroad/sta/multi_corner.tcl |& tee /dev/null /work/runs/RUN_FINAL/logs/routing/19-rsz_design_sta.log"

Thu May 28 06:17:17 +0000 2026 - Executing "{openroad -exit /nix/store/xpc7xd67rslanlqh566s6jph53bn830w-openlane1-1.1.1/bin/scripts/openroad/sta/multi_corner.tcl |& tee /dev/null /work/runs/RUN_FINAL/logs/routing/19-rsz_design_sta.log}"

Thu May 28 06:17:20 +0000 2026 - Executing "openroad -exit /nix/store/xpc7xd67rslanlqh566s6jph53bn830w-openlane1-1.1.1/bin/scripts/openroad/resizer_routing_timing.tcl |& tee /dev/null /work/runs/RUN_FINAL/logs/routing/20-resizer_timing.log"

Thu May 28 06:17:20 +0000 2026 - Executing "{openroad -exit /nix/store/xpc7xd67rslanlqh566s6jph53bn830w-openlane1-1.1.1/bin/scripts/openroad/resizer_routing_timing.tcl |& tee /dev/null /work/runs/RUN_FINAL/logs/routing/20-resizer_timing.log}"

Thu May 28 06:17:35 +0000 2026 - Executing "{sed -i.bak -e {s/\(set ::env(CURRENT_NETLIST)\).*/\1 \/work\/runs\/RUN_FINAL\/tmp\/20-alu32.nl.v/} /work/runs/RUN_FINAL/config.tcl}"

Thu May 28 06:17:35 +0000 2026 - Executing "openroad -exit /nix/store/xpc7xd67rslanlqh566s6jph53bn830w-openlane1-1.1.1/bin/scripts/openroad/sta/multi_corner.tcl |& tee /dev/null /work/runs/RUN_FINAL/logs/routing/21-rsz_timing_sta.log"

Thu May 28 06:17:35 +0000 2026 - Executing "{openroad -exit /nix/store/xpc7xd67rslanlqh566s6jph53bn830w-openlane1-1.1.1/bin/scripts/openroad/sta/multi_corner.tcl |& tee /dev/null /work/runs/RUN_FINAL/logs/routing/21-rsz_timing_sta.log}"

Thu May 28 06:17:38 +0000 2026 - Executing "openroad -exit /nix/store/xpc7xd67rslanlqh566s6jph53bn830w-openlane1-1.1.1/bin/scripts/openroad/repair_antennas.tcl |& tee /dev/null /work/runs/RUN_FINAL/logs/routing/22-global.log"

Thu May 28 06:17:38 +0000 2026 - Executing "{openroad -exit /nix/store/xpc7xd67rslanlqh566s6jph53bn830w-openlane1-1.1.1/bin/scripts/openroad/repair_antennas.tcl |& tee /dev/null /work/runs/RUN_FINAL/logs/routing/22-global.log}"

Thu May 28 06:17:40 +0000 2026 - Executing "openroad -exit /nix/store/xpc7xd67rslanlqh566s6jph53bn830w-openlane1-1.1.1/bin/scripts/openroad/write_views.tcl |& tee /dev/null /work/runs/RUN_FINAL/logs/routing/22-global_write_netlist.log"

Thu May 28 06:17:40 +0000 2026 - Executing "{openroad -exit /nix/store/xpc7xd67rslanlqh566s6jph53bn830w-openlane1-1.1.1/bin/scripts/openroad/write_views.tcl |& tee /dev/null /work/runs/RUN_FINAL/logs/routing/22-global_write_netlist.log}"

Thu May 28 06:17:41 +0000 2026 - Executing "{sed -i.bak -e {s/\(set ::env(CURRENT_NETLIST)\).*/\1 \/work\/runs\/RUN_FINAL\/tmp\/routing\/global.nl.v/} /work/runs/RUN_FINAL/config.tcl}"

Thu May 28 06:17:41 +0000 2026 - Executing "openroad -exit /nix/store/xpc7xd67rslanlqh566s6jph53bn830w-openlane1-1.1.1/bin/scripts/openroad/sta/multi_corner.tcl |& tee /dev/null /work/runs/RUN_FINAL/logs/routing/24-grt_sta.log"

Thu May 28 06:17:41 +0000 2026 - Executing "{openroad -exit /nix/store/xpc7xd67rslanlqh566s6jph53bn830w-openlane1-1.1.1/bin/scripts/openroad/sta/multi_corner.tcl |& tee /dev/null /work/runs/RUN_FINAL/logs/routing/24-grt_sta.log}"

Thu May 28 06:17:42 +0000 2026 - Executing "openroad -exit /nix/store/xpc7xd67rslanlqh566s6jph53bn830w-openlane1-1.1.1/bin/scripts/openroad/fill.tcl |& tee /dev/null /work/runs/RUN_FINAL/logs/routing/25-fill.log"

Thu May 28 06:17:42 +0000 2026 - Executing "{openroad -exit /nix/store/xpc7xd67rslanlqh566s6jph53bn830w-openlane1-1.1.1/bin/scripts/openroad/fill.tcl |& tee /dev/null /work/runs/RUN_FINAL/logs/routing/25-fill.log}"

Thu May 28 06:17:43 +0000 2026 - Executing "{sed -i.bak -e {s/\(set ::env(CURRENT_NETLIST)\).*/\1 \/work\/runs\/RUN_FINAL\/tmp\/routing\/25-fill.nl.v/} /work/runs/RUN_FINAL/config.tcl}"

Thu May 28 06:17:43 +0000 2026 - Executing "openroad -exit -metrics /work/runs/RUN_FINAL/reports/routing/26-drt_metrics.json /nix/store/xpc7xd67rslanlqh566s6jph53bn830w-openlane1-1.1.1/bin/scripts/openroad/droute.tcl |& tee /dev/null /work/runs/RUN_FINAL/logs/routing/26-detailed.log"

Thu May 28 06:17:43 +0000 2026 - Executing "{openroad -exit -metrics /work/runs/RUN_FINAL/reports/routing/26-drt_metrics.json /nix/store/xpc7xd67rslanlqh566s6jph53bn830w-openlane1-1.1.1/bin/scripts/openroad/droute.tcl |& tee /dev/null /work/runs/RUN_FINAL/logs/routing/26-detailed.log}"

Thu May 28 06:21:54 +0000 2026 - Executing "{sed -i.bak -e {s/\(set ::env(CURRENT_NETLIST)\).*/\1 \/work\/runs\/RUN_FINAL\/results\/routing\/alu32.nl.v/} /work/runs/RUN_FINAL/config.tcl}"

Thu May 28 06:21:54 +0000 2026 - Executing "{python3 /nix/store/xpc7xd67rslanlqh566s6jph53bn830w-openlane1-1.1.1/bin/scripts/drc_rosetta.py tr to_klayout -o /work/runs/RUN_FINAL/reports/routing/drt.klayout.xml --design-name alu32 /work/runs/RUN_FINAL/reports/routing/drt.drc}"

Thu May 28 06:21:54 +0000 2026 - Executing "{openroad -exit -no_init -python /nix/store/xpc7xd67rslanlqh566s6jph53bn830w-openlane1-1.1.1/bin/scripts/odbpy/wire_lengths.py --report-out /work/runs/RUN_FINAL/reports/routing/27-wire_lengths.csv --input-lef /work/runs/RUN_FINAL/tmp/merged.nom.lef --output-def /work/runs/RUN_FINAL/results/routing/alu32.def --output /work/runs/RUN_FINAL/results/routing/alu32.odb /work/runs/RUN_FINAL/results/routing/alu32.odb |& tee /dev/null /work/runs/RUN_FINAL/logs/routing/27-wire_lengths.log}"

Thu May 28 06:21:56 +0000 2026 - Executing "openroad -exit /nix/store/xpc7xd67rslanlqh566s6jph53bn830w-openlane1-1.1.1/bin/scripts/openroad/rcx.tcl |& tee /dev/null /work/runs/RUN_FINAL/logs/signoff/28-parasitics_extraction.min.log"

Thu May 28 06:21:56 +0000 2026 - Executing "{openroad -exit /nix/store/xpc7xd67rslanlqh566s6jph53bn830w-openlane1-1.1.1/bin/scripts/openroad/rcx.tcl |& tee /dev/null /work/runs/RUN_FINAL/logs/signoff/28-parasitics_extraction.min.log}"

Thu May 28 06:22:01 +0000 2026 - Executing "sta -exit -no_init /nix/store/xpc7xd67rslanlqh566s6jph53bn830w-openlane1-1.1.1/bin/scripts/openroad/sta/multi_corner.tcl |& tee /dev/null /work/runs/RUN_FINAL/logs/signoff/29-rcx_mcsta.min.log"

Thu May 28 06:22:01 +0000 2026 - Executing "{sta -exit -no_init /nix/store/xpc7xd67rslanlqh566s6jph53bn830w-openlane1-1.1.1/bin/scripts/openroad/sta/multi_corner.tcl |& tee /dev/null /work/runs/RUN_FINAL/logs/signoff/29-rcx_mcsta.min.log}"

Thu May 28 06:22:31 +0000 2026 - Executing "openroad -exit /nix/store/xpc7xd67rslanlqh566s6jph53bn830w-openlane1-1.1.1/bin/scripts/openroad/rcx.tcl |& tee /dev/null /work/runs/RUN_FINAL/logs/signoff/30-parasitics_extraction.max.log"

Thu May 28 06:22:31 +0000 2026 - Executing "{openroad -exit /nix/store/xpc7xd67rslanlqh566s6jph53bn830w-openlane1-1.1.1/bin/scripts/openroad/rcx.tcl |& tee /dev/null /work/runs/RUN_FINAL/logs/signoff/30-parasitics_extraction.max.log}"

Thu May 28 06:22:35 +0000 2026 - Executing "sta -exit -no_init /nix/store/xpc7xd67rslanlqh566s6jph53bn830w-openlane1-1.1.1/bin/scripts/openroad/sta/multi_corner.tcl |& tee /dev/null /work/runs/RUN_FINAL/logs/signoff/31-rcx_mcsta.max.log"

Thu May 28 06:22:35 +0000 2026 - Executing "{sta -exit -no_init /nix/store/xpc7xd67rslanlqh566s6jph53bn830w-openlane1-1.1.1/bin/scripts/openroad/sta/multi_corner.tcl |& tee /dev/null /work/runs/RUN_FINAL/logs/signoff/31-rcx_mcsta.max.log}"

Thu May 28 06:23:01 +0000 2026 - Executing "openroad -exit /nix/store/xpc7xd67rslanlqh566s6jph53bn830w-openlane1-1.1.1/bin/scripts/openroad/rcx.tcl |& tee /dev/null /work/runs/RUN_FINAL/logs/signoff/32-parasitics_extraction.nom.log"

Thu May 28 06:23:01 +0000 2026 - Executing "{openroad -exit /nix/store/xpc7xd67rslanlqh566s6jph53bn830w-openlane1-1.1.1/bin/scripts/openroad/rcx.tcl |& tee /dev/null /work/runs/RUN_FINAL/logs/signoff/32-parasitics_extraction.nom.log}"

Thu May 28 06:23:04 +0000 2026 - Executing "sta -exit -no_init /nix/store/xpc7xd67rslanlqh566s6jph53bn830w-openlane1-1.1.1/bin/scripts/openroad/sta/multi_corner.tcl |& tee /dev/null /work/runs/RUN_FINAL/logs/signoff/33-rcx_mcsta.nom.log"

Thu May 28 06:23:04 +0000 2026 - Executing "{sta -exit -no_init /nix/store/xpc7xd67rslanlqh566s6jph53bn830w-openlane1-1.1.1/bin/scripts/openroad/sta/multi_corner.tcl |& tee /dev/null /work/runs/RUN_FINAL/logs/signoff/33-rcx_mcsta.nom.log}"

Thu May 28 06:23:32 +0000 2026 - Executing "openroad -exit /nix/store/xpc7xd67rslanlqh566s6jph53bn830w-openlane1-1.1.1/bin/scripts/openroad/irdrop.tcl |& tee /dev/null /work/runs/RUN_FINAL/logs/signoff/34-irdrop.log"

Thu May 28 06:23:32 +0000 2026 - Executing "{openroad -exit /nix/store/xpc7xd67rslanlqh566s6jph53bn830w-openlane1-1.1.1/bin/scripts/openroad/irdrop.tcl |& tee /dev/null /work/runs/RUN_FINAL/logs/signoff/34-irdrop.log}"

Thu May 28 06:23:37 +0000 2026 - Executing "magic -noconsole -dnull -rcfile /root/.volare/volare/sky130/versions/bdc9412b3e468c102d01b7cf6337be06ec6e9c9a/sky130A/libs.tech/magic/sky130A.magicrc < /nix/store/xpc7xd67rslanlqh566s6jph53bn830w-openlane1-1.1.1/bin/scripts/magic/wrapper.tcl |& tee /dev/null /work/runs/RUN_FINAL/logs/signoff/35-gdsii.log"

Thu May 28 06:23:37 +0000 2026 - Executing "{magic -noconsole -dnull -rcfile /root/.volare/volare/sky130/versions/bdc9412b3e468c102d01b7cf6337be06ec6e9c9a/sky130A/libs.tech/magic/sky130A.magicrc < /nix/store/xpc7xd67rslanlqh566s6jph53bn830w-openlane1-1.1.1/bin/scripts/magic/wrapper.tcl |& tee /dev/null /work/runs/RUN_FINAL/logs/signoff/35-gdsii.log}"

Thu May 28 06:23:44 +0000 2026 - Executing "magic -noconsole -dnull -rcfile /root/.volare/volare/sky130/versions/bdc9412b3e468c102d01b7cf6337be06ec6e9c9a/sky130A/libs.tech/magic/sky130A.magicrc < /nix/store/xpc7xd67rslanlqh566s6jph53bn830w-openlane1-1.1.1/bin/scripts/magic/wrapper.tcl |& tee /dev/null /work/runs/RUN_FINAL/logs/signoff/35-gds_ptrs.log"

Thu May 28 06:23:44 +0000 2026 - Executing "{magic -noconsole -dnull -rcfile /root/.volare/volare/sky130/versions/bdc9412b3e468c102d01b7cf6337be06ec6e9c9a/sky130A/libs.tech/magic/sky130A.magicrc < /nix/store/xpc7xd67rslanlqh566s6jph53bn830w-openlane1-1.1.1/bin/scripts/magic/wrapper.tcl |& tee /dev/null /work/runs/RUN_FINAL/logs/signoff/35-gds_ptrs.log}"

Thu May 28 06:23:47 +0000 2026 - Executing "{sed -i.bak -n {/^<< properties >>/,/^<< end >>/p} /work/runs/RUN_FINAL/tmp/signoff/gds_ptrs.mag}"

Thu May 28 06:23:48 +0000 2026 - Executing "magic -noconsole -dnull -rcfile /root/.volare/volare/sky130/versions/bdc9412b3e468c102d01b7cf6337be06ec6e9c9a/sky130A/libs.tech/magic/sky130A.magicrc < /nix/store/xpc7xd67rslanlqh566s6jph53bn830w-openlane1-1.1.1/bin/scripts/magic/wrapper.tcl |& tee /dev/null /work/runs/RUN_FINAL/logs/signoff/35-lef.log"

Thu May 28 06:23:48 +0000 2026 - Executing "{magic -noconsole -dnull -rcfile /root/.volare/volare/sky130/versions/bdc9412b3e468c102d01b7cf6337be06ec6e9c9a/sky130A/libs.tech/magic/sky130A.magicrc < /nix/store/xpc7xd67rslanlqh566s6jph53bn830w-openlane1-1.1.1/bin/scripts/magic/wrapper.tcl |& tee /dev/null /work/runs/RUN_FINAL/logs/signoff/35-lef.log}"

Thu May 28 06:23:53 +0000 2026 - Executing "magic -noconsole -dnull -rcfile /root/.volare/volare/sky130/versions/bdc9412b3e468c102d01b7cf6337be06ec6e9c9a/sky130A/libs.tech/magic/sky130A.magicrc < /nix/store/xpc7xd67rslanlqh566s6jph53bn830w-openlane1-1.1.1/bin/scripts/magic/wrapper.tcl |& tee /dev/null /work/runs/RUN_FINAL/logs/signoff/35-maglef.log"

Thu May 28 06:23:53 +0000 2026 - Executing "{magic -noconsole -dnull -rcfile /root/.volare/volare/sky130/versions/bdc9412b3e468c102d01b7cf6337be06ec6e9c9a/sky130A/libs.tech/magic/sky130A.magicrc < /nix/store/xpc7xd67rslanlqh566s6jph53bn830w-openlane1-1.1.1/bin/scripts/magic/wrapper.tcl |& tee /dev/null /work/runs/RUN_FINAL/logs/signoff/35-maglef.log}"

Thu May 28 06:23:54 +0000 2026 - Executing "{python3 /nix/store/xpc7xd67rslanlqh566s6jph53bn830w-openlane1-1.1.1/bin/scripts/klayout/stream_out.py --output /work/runs/RUN_FINAL/results/signoff/alu32.klayout.gds --lyt /root/.volare/volare/sky130/versions/bdc9412b3e468c102d01b7cf6337be06ec6e9c9a/sky130A/libs.tech/klayout/tech/sky130A.lyt --lym /root/.volare/volare/sky130/versions/bdc9412b3e468c102d01b7cf6337be06ec6e9c9a/sky130A/libs.tech/klayout/tech/sky130A.map --lyp /root/.volare/volare/sky130/versions/bdc9412b3e468c102d01b7cf6337be06ec6e9c9a/sky130A/libs.tech/klayout/tech/sky130A.lyp --top alu32 --with-gds-file /root/.volare/volare/sky130/versions/bdc9412b3e468c102d01b7cf6337be06ec6e9c9a/sky130A/libs.ref/sky130_fd_sc_hd/gds/sky130_fd_sc_hd.gds --input-lef /work/runs/RUN_FINAL/tmp/merged.nom.lef /work/runs/RUN_FINAL/results/routing/alu32.def |& tee /dev/null /work/runs/RUN_FINAL/logs/signoff/36-gdsii-klayout.log}"

Thu May 28 06:23:56 +0000 2026 - Executing "{klayout -b -r /nix/store/xpc7xd67rslanlqh566s6jph53bn830w-openlane1-1.1.1/bin/scripts/klayout/xor.drc -rd a=/work/runs/RUN_FINAL/results/signoff/alu32.gds -rd b=/work/runs/RUN_FINAL/results/signoff/alu32.klayout.gds -rd jobs=1 -rd rdb_out=/work/runs/RUN_FINAL/reports/signoff/37-xor.xml -rd ignore=81/14 -rd rpt_out=/work/runs/RUN_FINAL/reports/signoff/37-xor.rpt |& tee /dev/null /work/runs/RUN_FINAL/logs/signoff/37-xor.log}"

Thu May 28 06:24:05 +0000 2026 - Executing "magic -noconsole -dnull -rcfile /root/.volare/volare/sky130/versions/bdc9412b3e468c102d01b7cf6337be06ec6e9c9a/sky130A/libs.tech/magic/sky130A.magicrc < /nix/store/xpc7xd67rslanlqh566s6jph53bn830w-openlane1-1.1.1/bin/scripts/magic/wrapper.tcl |& tee /dev/null /work/runs/RUN_FINAL/logs/signoff/38-spice.log"

Thu May 28 06:24:05 +0000 2026 - Executing "{magic -noconsole -dnull -rcfile /root/.volare/volare/sky130/versions/bdc9412b3e468c102d01b7cf6337be06ec6e9c9a/sky130A/libs.tech/magic/sky130A.magicrc < /nix/store/xpc7xd67rslanlqh566s6jph53bn830w-openlane1-1.1.1/bin/scripts/magic/wrapper.tcl |& tee /dev/null /work/runs/RUN_FINAL/logs/signoff/38-spice.log}"

Thu May 28 06:24:18 +0000 2026 - Executing "{openroad -exit -no_init -python /nix/store/xpc7xd67rslanlqh566s6jph53bn830w-openlane1-1.1.1/bin/scripts/odbpy/power_utils.py write_powered_def --output /work/runs/RUN_FINAL/tmp/signoff/38-alu32.p.def --input-lef /work/runs/RUN_FINAL/tmp/merged.nom.lef --power-port VPWR --ground-port VGND --powered-netlist {} /work/runs/RUN_FINAL/results/routing/alu32.def |& tee /dev/null /work/runs/RUN_FINAL/logs/signoff/39-write_powered_def.log}"

Thu May 28 06:24:20 +0000 2026 - Executing "openroad -exit /nix/store/xpc7xd67rslanlqh566s6jph53bn830w-openlane1-1.1.1/bin/scripts/openroad/write_views.tcl |& tee /dev/null /work/runs/RUN_FINAL/logs/signoff/39-write_powered_verilog.log"

Thu May 28 06:24:20 +0000 2026 - Executing "{openroad -exit /nix/store/xpc7xd67rslanlqh566s6jph53bn830w-openlane1-1.1.1/bin/scripts/openroad/write_views.tcl |& tee /dev/null /work/runs/RUN_FINAL/logs/signoff/39-write_powered_verilog.log}"

Thu May 28 06:24:22 +0000 2026 - Executing "{sed -i.bak -e {s/\(set ::env(CURRENT_NETLIST)\).*/\1 \/work\/runs\/RUN_FINAL\/tmp\/signoff\/38-alu32.nl.v/} /work/runs/RUN_FINAL/config.tcl}"

Thu May 28 06:24:22 +0000 2026 - Executing "{netgen -batch source /work/runs/RUN_FINAL/tmp/signoff/41-setup_file.lef.lvs |& tee /dev/null /work/runs/RUN_FINAL/logs/signoff/41-lvs.lef.log}"

Thu May 28 06:24:25 +0000 2026 - Executing "magic -noconsole -dnull -rcfile /root/.volare/volare/sky130/versions/bdc9412b3e468c102d01b7cf6337be06ec6e9c9a/sky130A/libs.tech/magic/sky130A.magicrc < /nix/store/xpc7xd67rslanlqh566s6jph53bn830w-openlane1-1.1.1/bin/scripts/magic/wrapper.tcl |& tee /dev/null /work/runs/RUN_FINAL/logs/signoff/42-drc.log"

Thu May 28 06:24:25 +0000 2026 - Executing "{magic -noconsole -dnull -rcfile /root/.volare/volare/sky130/versions/bdc9412b3e468c102d01b7cf6337be06ec6e9c9a/sky130A/libs.tech/magic/sky130A.magicrc < /nix/store/xpc7xd67rslanlqh566s6jph53bn830w-openlane1-1.1.1/bin/scripts/magic/wrapper.tcl |& tee /dev/null /work/runs/RUN_FINAL/logs/signoff/42-drc.log}"

Thu May 28 06:24:51 +0000 2026 - Executing "{python3 /nix/store/xpc7xd67rslanlqh566s6jph53bn830w-openlane1-1.1.1/bin/scripts/drc_rosetta.py magic to_tcl -o /work/runs/RUN_FINAL/reports/signoff/drc.tcl /work/runs/RUN_FINAL/reports/signoff/drc.rpt}"

Thu May 28 06:24:51 +0000 2026 - Executing "{python3 /nix/store/xpc7xd67rslanlqh566s6jph53bn830w-openlane1-1.1.1/bin/scripts/drc_rosetta.py magic to_tr -o /work/runs/RUN_FINAL/reports/signoff/drc.tr /work/runs/RUN_FINAL/reports/signoff/drc.rpt}"

Thu May 28 06:24:51 +0000 2026 - Executing "{python3 /nix/store/xpc7xd67rslanlqh566s6jph53bn830w-openlane1-1.1.1/bin/scripts/drc_rosetta.py tr to_klayout -o /work/runs/RUN_FINAL/reports/signoff/drc.klayout.xml --design-name alu32 /work/runs/RUN_FINAL/reports/signoff/drc.tr}"

Thu May 28 06:24:51 +0000 2026 - Executing "{python3 /nix/store/xpc7xd67rslanlqh566s6jph53bn830w-openlane1-1.1.1/bin/scripts/drc_rosetta.py magic to_rdb -o /work/runs/RUN_FINAL/reports/signoff/drc.rdb /work/runs/RUN_FINAL/reports/signoff/drc.rpt}"

Thu May 28 06:24:52 +0000 2026 - Executing "{klayout -b -zz -r /root/.volare/volare/sky130/versions/bdc9412b3e468c102d01b7cf6337be06ec6e9c9a/sky130A/libs.tech/klayout/drc/sky130A_mr.drc -rd topcell=alu32 -rd input=/work/runs/RUN_FINAL/results/signoff/alu32.gds -rd report=/work/runs/RUN_FINAL/reports/signoff/violations.xml -rd feol=true -rd beol=true -rd floating_metal=false -rd seal=true -rd thread=1 |& tee /dev/null /work/runs/RUN_FINAL/logs/signoff/43-drc-klayout.log}"

Thu May 28 06:25:30 +0000 2026 - Executing "{python3 /nix/store/xpc7xd67rslanlqh566s6jph53bn830w-openlane1-1.1.1/bin/scripts/klayout/xml_drc_report_to_json.py --xml-file /work/runs/RUN_FINAL/reports/signoff/violations.xml --json-file /work/runs/RUN_FINAL/reports/signoff/violations.json}"

Thu May 28 06:25:30 +0000 2026 - Executing "openroad -exit /nix/store/xpc7xd67rslanlqh566s6jph53bn830w-openlane1-1.1.1/bin/scripts/openroad/antenna_check.tcl |& tee /dev/null /work/runs/RUN_FINAL/logs/signoff/44-arc.log"

Thu May 28 06:25:30 +0000 2026 - Executing "{openroad -exit /nix/store/xpc7xd67rslanlqh566s6jph53bn830w-openlane1-1.1.1/bin/scripts/openroad/antenna_check.tcl |& tee /dev/null /work/runs/RUN_FINAL/logs/signoff/44-arc.log}"

Thu May 28 06:25:32 +0000 2026 - Executing "{python3 /nix/store/xpc7xd67rslanlqh566s6jph53bn830w-openlane1-1.1.1/bin/scripts/extract_antenna_violators.py --output /work/runs/RUN_FINAL/reports/signoff/44-antenna_violators.rpt --plain-out /work/runs/RUN_FINAL/reports/signoff/44-antenna_violators_pins.txt /work/runs/RUN_FINAL/logs/signoff/44-arc.log}"

Thu May 28 06:25:42 +0000 2026 - Executing "{python3 /nix/store/xpc7xd67rslanlqh566s6jph53bn830w-openlane1-1.1.1/bin/scripts/write_runtime.py --conclude --seconds --time-in 1779949542 {flow completed}}"

Thu May 28 06:25:52 +0000 2026 - Executing "{python3 /nix/store/xpc7xd67rslanlqh566s6jph53bn830w-openlane1-1.1.1/bin/scripts/generate_reports.py -d /work --design_name alu32 --tag RUN_FINAL --output_file /work/runs/RUN_FINAL/reports/metrics.csv --man_report /work/runs/RUN_FINAL/reports/manufacturability.rpt --run_path /work/runs/RUN_FINAL}"

