
===========================================================================
report_checks -unconstrained
===========================================================================
======================= max_ss_100C_1v60 Corner ===================================

Startpoint: B[1] (input port clocked by __VIRTUAL_CLK__)
Endpoint: zero (output port clocked by __VIRTUAL_CLK__)
Path Group: __VIRTUAL_CLK__
Path Type: max

Fanout         Cap        Slew       Delay        Time   Description
---------------------------------------------------------------------------------------------
                      0.000000    0.000000    0.000000   clock __VIRTUAL_CLK__ (rise edge)
                                  0.000000    0.000000   clock network delay (ideal)
                                  5.000000    5.000000 ^ input external delay
     1    0.008007    0.067562    0.042720    5.042720 ^ B[1] (in)
                                                         B[1] (net)
                      0.067568    0.000000    5.042720 ^ input44/A (sky130_fd_sc_hd__clkdlybuf4s25_1)
     2    0.029229    0.475513    0.753870    5.796589 ^ input44/X (sky130_fd_sc_hd__clkdlybuf4s25_1)
                                                         net44 (net)
                      0.475517    0.002141    5.798730 ^ fanout371/A (sky130_fd_sc_hd__buf_2)
     7    0.069899    0.537103    0.697754    6.496484 ^ fanout371/X (sky130_fd_sc_hd__buf_2)
                                                         net371 (net)
                      0.537427    0.007825    6.504309 ^ fanout366/A (sky130_fd_sc_hd__clkbuf_2)
     7    0.052354    0.440565    0.641803    7.146112 ^ fanout366/X (sky130_fd_sc_hd__clkbuf_2)
                                                         net366 (net)
                      0.440891    0.007115    7.153227 ^ fanout365/A (sky130_fd_sc_hd__clkbuf_2)
     5    0.029039    0.254286    0.475578    7.628805 ^ fanout365/X (sky130_fd_sc_hd__clkbuf_2)
                                                         net365 (net)
                      0.254328    0.003253    7.632057 ^ _3503_/A (sky130_fd_sc_hd__inv_2)
     5    0.058844    0.258339    0.309961    7.942018 v _3503_/Y (sky130_fd_sc_hd__inv_2)
                                                         _0260_ (net)
                      0.258373    0.002933    7.944951 v fanout160/A (sky130_fd_sc_hd__clkdlybuf4s25_1)
     3    0.021274    0.299325    0.725991    8.670941 v fanout160/X (sky130_fd_sc_hd__clkdlybuf4s25_1)
                                                         net160 (net)
                      0.299328    0.001502    8.672443 v wire161/A (sky130_fd_sc_hd__buf_4)
     6    0.062283    0.160227    0.457113    9.129556 v wire161/X (sky130_fd_sc_hd__buf_4)
                                                         net161 (net)
                      0.160595    0.006710    9.136266 v _6500_/S (sky130_fd_sc_hd__mux2_1)
     3    0.022476    0.276499    0.925396   10.061662 v _6500_/X (sky130_fd_sc_hd__mux2_1)
                                                         _2326_ (net)
                      0.276501    0.001433   10.063095 v _6501_/A1 (sky130_fd_sc_hd__mux2_1)
     2    0.018609    0.244916    0.906083   10.969178 v _6501_/X (sky130_fd_sc_hd__mux2_1)
                                                         _2327_ (net)
                      0.244916    0.000226   10.969404 v _6504_/A0 (sky130_fd_sc_hd__mux2_1)
     1    0.008913    0.167673    0.777318   11.746722 v _6504_/X (sky130_fd_sc_hd__mux2_1)
                                                         _2330_ (net)
                      0.167673    0.000720   11.747442 v _6510_/B1 (sky130_fd_sc_hd__a22o_2)
     1    0.002807    0.068837    0.414555   12.161997 v _6510_/X (sky130_fd_sc_hd__a22o_2)
                                                         _2337_ (net)
                      0.068837    0.000196   12.162193 v _6511_/C1 (sky130_fd_sc_hd__a2111o_2)
     1    0.008867    0.142537    0.826162   12.988356 v _6511_/X (sky130_fd_sc_hd__a2111o_2)
                                                         _2338_ (net)
                      0.142537    0.000721   12.989077 v _6512_/C (sky130_fd_sc_hd__or3_2)
     1    0.005184    0.181023    1.021683   14.010760 v _6512_/X (sky130_fd_sc_hd__or3_2)
                                                         _2339_ (net)
                      0.181023    0.000376   14.011136 v _6513_/B1 (sky130_fd_sc_hd__a31o_2)
     2    0.010947    0.106013    0.480202   14.491338 v _6513_/X (sky130_fd_sc_hd__a31o_2)
                                                         net96 (net)
                      0.106013    0.000881   14.492219 v _6985_/C (sky130_fd_sc_hd__or4_2)
     1    0.005269    0.240026    1.499477   15.991695 v _6985_/X (sky130_fd_sc_hd__or4_2)
                                                         _2831_ (net)
                      0.240026    0.000236   15.991932 v _6986_/D (sky130_fd_sc_hd__or4_4)
     1    0.017879    0.198207    0.972367   16.964298 v _6986_/X (sky130_fd_sc_hd__or4_4)
                                                         _2832_ (net)
                      0.198207    0.002464   16.966763 v _6987_/D (sky130_fd_sc_hd__nor4_2)
     1    0.006454    0.424305    0.358579   17.325342 ^ _6987_/Y (sky130_fd_sc_hd__nor4_2)
                                                         _2833_ (net)
                      0.424305    0.000524   17.325865 ^ _6988_/C_N (sky130_fd_sc_hd__or3b_4)
     1    0.007030    0.128248    0.869271   18.195137 v _6988_/X (sky130_fd_sc_hd__or3b_4)
                                                         _2834_ (net)
                      0.128248    0.000592   18.195728 v _6989_/D (sky130_fd_sc_hd__or4_4)
     1    0.011369    0.177371    0.899382   19.095110 v _6989_/X (sky130_fd_sc_hd__or4_4)
                                                         _2836_ (net)
                      0.177371    0.000743   19.095852 v _6990_/C (sky130_fd_sc_hd__or3_4)
     1    0.010615    0.136188    0.717144   19.812996 v _6990_/X (sky130_fd_sc_hd__or3_4)
                                                         _2837_ (net)
                      0.136188    0.000769   19.813765 v _6991_/B (sky130_fd_sc_hd__or3_4)
     1    0.016820    0.152559    0.802350   20.616116 v _6991_/X (sky130_fd_sc_hd__or3_4)
                                                         _2838_ (net)
                      0.152689    0.002055   20.618172 v _6992_/D (sky130_fd_sc_hd__nor4_4)
     1    0.009787    0.415350    0.335483   20.953653 ^ _6992_/Y (sky130_fd_sc_hd__nor4_4)
                                                         _2839_ (net)
                      0.415351    0.000840   20.954494 ^ wire104/A (sky130_fd_sc_hd__clkbuf_2)
     1    0.029427    0.257155    0.468392   21.422886 ^ wire104/X (sky130_fd_sc_hd__clkbuf_2)
                                                         net104 (net)
                      0.257173    0.002339   21.425224 ^ _6994_/D_N (sky130_fd_sc_hd__or4b_4)
     1    0.008341    0.169237    1.017286   22.442511 v _6994_/X (sky130_fd_sc_hd__or4b_4)
                                                         _2841_ (net)
                      0.169237    0.000632   22.443144 v _6995_/D (sky130_fd_sc_hd__nor4_4)
     1    0.005072    0.326837    0.270848   22.713991 ^ _6995_/Y (sky130_fd_sc_hd__nor4_4)
                                                         net103 (net)
                      0.326837    0.000238   22.714230 ^ output103/A (sky130_fd_sc_hd__buf_6)
     1    0.037014    0.132151    0.333367   23.047596 ^ output103/X (sky130_fd_sc_hd__buf_6)
                                                         zero (net)
                      0.132198    0.002359   23.049955 ^ zero (out)
                                             23.049955   data arrival time

                      0.000000   25.000000   25.000000   clock __VIRTUAL_CLK__ (rise edge)
                                  0.000000   25.000000   clock network delay (ideal)
                                 -0.250000   24.750000   clock uncertainty
                                  0.000000   24.750000   clock reconvergence pessimism
                                 -5.000000   19.750000   output external delay
                                             19.750000   data required time
---------------------------------------------------------------------------------------------
                                             19.750000   data required time
                                            -23.049955   data arrival time
---------------------------------------------------------------------------------------------
                                             -3.299956   slack (VIOLATED)




===========================================================================
report_checks --slack_max -0.01
============================================================================
======================= max_ss_100C_1v60 Corner ===================================

Startpoint: B[1] (input port clocked by __VIRTUAL_CLK__)
Endpoint: zero (output port clocked by __VIRTUAL_CLK__)
Path Group: __VIRTUAL_CLK__
Path Type: max

Fanout         Cap        Slew       Delay        Time   Description
---------------------------------------------------------------------------------------------
                      0.000000    0.000000    0.000000   clock __VIRTUAL_CLK__ (rise edge)
                                  0.000000    0.000000   clock network delay (ideal)
                                  5.000000    5.000000 ^ input external delay
     1    0.008007    0.067562    0.042720    5.042720 ^ B[1] (in)
                                                         B[1] (net)
                      0.067568    0.000000    5.042720 ^ input44/A (sky130_fd_sc_hd__clkdlybuf4s25_1)
     2    0.029229    0.475513    0.753870    5.796589 ^ input44/X (sky130_fd_sc_hd__clkdlybuf4s25_1)
                                                         net44 (net)
                      0.475517    0.002141    5.798730 ^ fanout371/A (sky130_fd_sc_hd__buf_2)
     7    0.069899    0.537103    0.697754    6.496484 ^ fanout371/X (sky130_fd_sc_hd__buf_2)
                                                         net371 (net)
                      0.537427    0.007825    6.504309 ^ fanout366/A (sky130_fd_sc_hd__clkbuf_2)
     7    0.052354    0.440565    0.641803    7.146112 ^ fanout366/X (sky130_fd_sc_hd__clkbuf_2)
                                                         net366 (net)
                      0.440891    0.007115    7.153227 ^ fanout365/A (sky130_fd_sc_hd__clkbuf_2)
     5    0.029039    0.254286    0.475578    7.628805 ^ fanout365/X (sky130_fd_sc_hd__clkbuf_2)
                                                         net365 (net)
                      0.254328    0.003253    7.632057 ^ _3503_/A (sky130_fd_sc_hd__inv_2)
     5    0.058844    0.258339    0.309961    7.942018 v _3503_/Y (sky130_fd_sc_hd__inv_2)
                                                         _0260_ (net)
                      0.258373    0.002933    7.944951 v fanout160/A (sky130_fd_sc_hd__clkdlybuf4s25_1)
     3    0.021274    0.299325    0.725991    8.670941 v fanout160/X (sky130_fd_sc_hd__clkdlybuf4s25_1)
                                                         net160 (net)
                      0.299328    0.001502    8.672443 v wire161/A (sky130_fd_sc_hd__buf_4)
     6    0.062283    0.160227    0.457113    9.129556 v wire161/X (sky130_fd_sc_hd__buf_4)
                                                         net161 (net)
                      0.160595    0.006710    9.136266 v _6500_/S (sky130_fd_sc_hd__mux2_1)
     3    0.022476    0.276499    0.925396   10.061662 v _6500_/X (sky130_fd_sc_hd__mux2_1)
                                                         _2326_ (net)
                      0.276501    0.001433   10.063095 v _6501_/A1 (sky130_fd_sc_hd__mux2_1)
     2    0.018609    0.244916    0.906083   10.969178 v _6501_/X (sky130_fd_sc_hd__mux2_1)
                                                         _2327_ (net)
                      0.244916    0.000226   10.969404 v _6504_/A0 (sky130_fd_sc_hd__mux2_1)
     1    0.008913    0.167673    0.777318   11.746722 v _6504_/X (sky130_fd_sc_hd__mux2_1)
                                                         _2330_ (net)
                      0.167673    0.000720   11.747442 v _6510_/B1 (sky130_fd_sc_hd__a22o_2)
     1    0.002807    0.068837    0.414555   12.161997 v _6510_/X (sky130_fd_sc_hd__a22o_2)
                                                         _2337_ (net)
                      0.068837    0.000196   12.162193 v _6511_/C1 (sky130_fd_sc_hd__a2111o_2)
     1    0.008867    0.142537    0.826162   12.988356 v _6511_/X (sky130_fd_sc_hd__a2111o_2)
                                                         _2338_ (net)
                      0.142537    0.000721   12.989077 v _6512_/C (sky130_fd_sc_hd__or3_2)
     1    0.005184    0.181023    1.021683   14.010760 v _6512_/X (sky130_fd_sc_hd__or3_2)
                                                         _2339_ (net)
                      0.181023    0.000376   14.011136 v _6513_/B1 (sky130_fd_sc_hd__a31o_2)
     2    0.010947    0.106013    0.480202   14.491338 v _6513_/X (sky130_fd_sc_hd__a31o_2)
                                                         net96 (net)
                      0.106013    0.000881   14.492219 v _6985_/C (sky130_fd_sc_hd__or4_2)
     1    0.005269    0.240026    1.499477   15.991695 v _6985_/X (sky130_fd_sc_hd__or4_2)
                                                         _2831_ (net)
                      0.240026    0.000236   15.991932 v _6986_/D (sky130_fd_sc_hd__or4_4)
     1    0.017879    0.198207    0.972367   16.964298 v _6986_/X (sky130_fd_sc_hd__or4_4)
                                                         _2832_ (net)
                      0.198207    0.002464   16.966763 v _6987_/D (sky130_fd_sc_hd__nor4_2)
     1    0.006454    0.424305    0.358579   17.325342 ^ _6987_/Y (sky130_fd_sc_hd__nor4_2)
                                                         _2833_ (net)
                      0.424305    0.000524   17.325865 ^ _6988_/C_N (sky130_fd_sc_hd__or3b_4)
     1    0.007030    0.128248    0.869271   18.195137 v _6988_/X (sky130_fd_sc_hd__or3b_4)
                                                         _2834_ (net)
                      0.128248    0.000592   18.195728 v _6989_/D (sky130_fd_sc_hd__or4_4)
     1    0.011369    0.177371    0.899382   19.095110 v _6989_/X (sky130_fd_sc_hd__or4_4)
                                                         _2836_ (net)
                      0.177371    0.000743   19.095852 v _6990_/C (sky130_fd_sc_hd__or3_4)
     1    0.010615    0.136188    0.717144   19.812996 v _6990_/X (sky130_fd_sc_hd__or3_4)
                                                         _2837_ (net)
                      0.136188    0.000769   19.813765 v _6991_/B (sky130_fd_sc_hd__or3_4)
     1    0.016820    0.152559    0.802350   20.616116 v _6991_/X (sky130_fd_sc_hd__or3_4)
                                                         _2838_ (net)
                      0.152689    0.002055   20.618172 v _6992_/D (sky130_fd_sc_hd__nor4_4)
     1    0.009787    0.415350    0.335483   20.953653 ^ _6992_/Y (sky130_fd_sc_hd__nor4_4)
                                                         _2839_ (net)
                      0.415351    0.000840   20.954494 ^ wire104/A (sky130_fd_sc_hd__clkbuf_2)
     1    0.029427    0.257155    0.468392   21.422886 ^ wire104/X (sky130_fd_sc_hd__clkbuf_2)
                                                         net104 (net)
                      0.257173    0.002339   21.425224 ^ _6994_/D_N (sky130_fd_sc_hd__or4b_4)
     1    0.008341    0.169237    1.017286   22.442511 v _6994_/X (sky130_fd_sc_hd__or4b_4)
                                                         _2841_ (net)
                      0.169237    0.000632   22.443144 v _6995_/D (sky130_fd_sc_hd__nor4_4)
     1    0.005072    0.326837    0.270848   22.713991 ^ _6995_/Y (sky130_fd_sc_hd__nor4_4)
                                                         net103 (net)
                      0.326837    0.000238   22.714230 ^ output103/A (sky130_fd_sc_hd__buf_6)
     1    0.037014    0.132151    0.333367   23.047596 ^ output103/X (sky130_fd_sc_hd__buf_6)
                                                         zero (net)
                      0.132198    0.002359   23.049955 ^ zero (out)
                                             23.049955   data arrival time

                      0.000000   25.000000   25.000000   clock __VIRTUAL_CLK__ (rise edge)
                                  0.000000   25.000000   clock network delay (ideal)
                                 -0.250000   24.750000   clock uncertainty
                                  0.000000   24.750000   clock reconvergence pessimism
                                 -5.000000   19.750000   output external delay
                                             19.750000   data required time
---------------------------------------------------------------------------------------------
                                             19.750000   data required time
                                            -23.049955   data arrival time
---------------------------------------------------------------------------------------------
                                             -3.299956   slack (VIOLATED)




===========================================================================
 report_check_types -max_slew -max_cap -max_fanout -violators
============================================================================
======================= max_ss_100C_1v60 Corner ===================================

max slew

Pin                                        Limit        Slew       Slack
------------------------------------------------------------------------
_6824_/B1                               0.750000    1.905007   -1.155007 (VIOLATED)
_6778_/B1                               0.750000    1.904994   -1.154994 (VIOLATED)
_6742_/B1                               0.750000    1.904971   -1.154971 (VIOLATED)
_6720_/A1                               0.750000    1.904951   -1.154951 (VIOLATED)
_6690_/B1                               0.750000    1.904923   -1.154923 (VIOLATED)
_6601_/B1                               0.750000    1.904902   -1.154902 (VIOLATED)
_6933_/A1                               0.750000    1.904885   -1.154885 (VIOLATED)
_6204_/B1                               0.750000    1.904879   -1.154879 (VIOLATED)
_6443_/B1                               0.750000    1.904880   -1.154880 (VIOLATED)
_6487_/B1                               0.750000    1.904869   -1.154869 (VIOLATED)
fanout152/X                             0.750000    1.904844   -1.154844 (VIOLATED)
_6810_/B1                               0.750000    1.772173   -1.022173 (VIOLATED)
_6844_/A2_N                             0.750000    1.772107   -1.022107 (VIOLATED)
_6864_/B1                               0.750000    1.772099   -1.022099 (VIOLATED)
_6892_/B1                               0.750000    1.772037   -1.022037 (VIOLATED)
_6928_/B1                               0.750000    1.772018   -1.022018 (VIOLATED)
_6941_/B1                               0.750000    1.771911   -1.021911 (VIOLATED)
_6964_/B1                               0.750000    1.771776   -1.021776 (VIOLATED)
_6979_/B1                               0.750000    1.771703   -1.021703 (VIOLATED)
fanout126/A                             0.750000    1.771352   -1.021352 (VIOLATED)
fanout125/A                             0.750000    1.771348   -1.021348 (VIOLATED)
fanout127/X                             0.750000    1.771345   -1.021345 (VIOLATED)
_6669_/B1                               0.750000    1.746202   -0.996202 (VIOLATED)
_6704_/A1                               0.750000    1.746200   -0.996200 (VIOLATED)
_6773_/A1                               0.750000    1.746126   -0.996126 (VIOLATED)
_6792_/B1                               0.750000    1.746099   -0.996099 (VIOLATED)
_6777_/A                                0.750000    1.746085   -0.996085 (VIOLATED)
_6870_/A1                               0.750000    1.746080   -0.996080 (VIOLATED)
_6841_/A                                0.750000    1.746012   -0.996012 (VIOLATED)
_6873_/B1                               0.750000    1.745970   -0.995970 (VIOLATED)
_6906_/B1                               0.750000    1.745944   -0.995944 (VIOLATED)
_6063_/B1                               0.750000    1.745849   -0.995849 (VIOLATED)
fanout142/X                             0.750000    1.745830   -0.995830 (VIOLATED)
_3785_/B                                0.750000    1.458567   -0.708567 (VIOLATED)
_3534_/B                                0.750000    1.458555   -0.708555 (VIOLATED)
_3541_/D                                0.750000    1.458528   -0.708528 (VIOLATED)
_6076_/A                                0.750000    1.458503   -0.708503 (VIOLATED)
_6075_/A                                0.750000    1.458502   -0.708502 (VIOLATED)
_6077_/A                                0.750000    1.458499   -0.708499 (VIOLATED)
_6263_/A_N                              0.750000    1.458491   -0.708492 (VIOLATED)
_4345_/B1                               0.750000    1.458426   -0.708426 (VIOLATED)
_4088_/D                                0.750000    1.458392   -0.708392 (VIOLATED)
_4087_/B                                0.750000    1.457911   -0.707911 (VIOLATED)
fanout331/X                             0.750000    1.457911   -0.707911 (VIOLATED)
_6316_/A0                               0.750000    1.434595   -0.684595 (VIOLATED)
_6460_/B                                0.750000    1.434583   -0.684583 (VIOLATED)
_6529_/B                                0.750000    1.434572   -0.684572 (VIOLATED)
_6494_/A2                               0.750000    1.434567   -0.684567 (VIOLATED)
_6496_/A2                               0.750000    1.434565   -0.684565 (VIOLATED)
_6312_/A                                0.750000    1.434556   -0.684556 (VIOLATED)
_3505_/A                                0.750000    1.434547   -0.684547 (VIOLATED)
_5954_/B                                0.750000    1.434547   -0.684547 (VIOLATED)
_6064_/A                                0.750000    1.434541   -0.684541 (VIOLATED)
_6065_/A                                0.750000    1.434538   -0.684538 (VIOLATED)
fanout585/X                             0.750000    1.434196   -0.684196 (VIOLATED)
_6528_/A                                0.750000    1.412952   -0.662952 (VIOLATED)
_6482_/A2                               0.750000    1.412950   -0.662950 (VIOLATED)
_6675_/B2                               0.750000    1.412942   -0.662942 (VIOLATED)
_6641_/B2                               0.750000    1.412882   -0.662882 (VIOLATED)
_6713_/B2                               0.750000    1.412879   -0.662879 (VIOLATED)
_6911_/B2                               0.750000    1.412854   -0.662854 (VIOLATED)
_6846_/A2                               0.750000    1.412840   -0.662840 (VIOLATED)
_6925_/B2                               0.750000    1.412766   -0.662766 (VIOLATED)
_6960_/A                                0.750000    1.412760   -0.662760 (VIOLATED)
fanout123/A                             0.750000    1.412641   -0.662641 (VIOLATED)
fanout124/X                             0.750000    1.412629   -0.662629 (VIOLATED)
_6818_/A1                               0.750000    1.384961   -0.634962 (VIOLATED)
_6788_/B                                0.750000    1.384943   -0.634943 (VIOLATED)
_6688_/B1                               0.750000    1.384782   -0.634782 (VIOLATED)
_6653_/B1                               0.750000    1.384650   -0.634650 (VIOLATED)
_6616_/B1                               0.750000    1.384514   -0.634514 (VIOLATED)
_6600_/B1                               0.750000    1.384457   -0.634457 (VIOLATED)
_6595_/A1                               0.750000    1.384432   -0.634432 (VIOLATED)
_6566_/B                                0.750000    1.384352   -0.634352 (VIOLATED)
_6543_/B2                               0.750000    1.384148   -0.634149 (VIOLATED)
_6442_/B1                               0.750000    1.384068   -0.634068 (VIOLATED)
fanout146/X                             0.750000    1.384041   -0.634041 (VIOLATED)
fanout191/A                             0.750000    1.369331   -0.619331 (VIOLATED)
_3748_/B                                0.750000    1.369307   -0.619307 (VIOLATED)
_3750_/B2                               0.750000    1.369306   -0.619306 (VIOLATED)
fanout189/A                             0.750000    1.369233   -0.619233 (VIOLATED)
fanout186/A                             0.750000    1.369221   -0.619221 (VIOLATED)
fanout188/A                             0.750000    1.369220   -0.619220 (VIOLATED)
input8/X                                0.750000    1.369150   -0.619150 (VIOLATED)
_6923_/A                                0.750000    1.368540   -0.618540 (VIOLATED)
_6888_/C1                               0.750000    1.368538   -0.618539 (VIOLATED)
_6820_/A1                               0.750000    1.368516   -0.618516 (VIOLATED)
_6837_/A1                               0.750000    1.368474   -0.618474 (VIOLATED)
_6753_/A1                               0.750000    1.368328   -0.618328 (VIOLATED)
_6706_/B1                               0.750000    1.368288   -0.618288 (VIOLATED)
_6737_/A1                               0.750000    1.368241   -0.618241 (VIOLATED)
_6667_/A1                               0.750000    1.368027   -0.618027 (VIOLATED)
_6473_/A2                               0.750000    1.367878   -0.617878 (VIOLATED)
_6513_/A2                               0.750000    1.367870   -0.617870 (VIOLATED)
fanout144/X                             0.750000    1.367866   -0.617866 (VIOLATED)
_6891_/B1                               0.750000    1.325915   -0.575915 (VIOLATED)
_6879_/A2                               0.750000    1.325904   -0.575904 (VIOLATED)
_6334_/A2                               0.750000    1.325852   -0.575852 (VIOLATED)
_6591_/A2                               0.750000    1.325786   -0.575786 (VIOLATED)
_6572_/B1                               0.750000    1.325785   -0.575785 (VIOLATED)
_6551_/A2                               0.750000    1.325780   -0.575780 (VIOLATED)
_6508_/B1                               0.750000    1.325777   -0.575777 (VIOLATED)
_6535_/A2                               0.750000    1.325773   -0.575773 (VIOLATED)
_6468_/B1                               0.750000    1.325395   -0.575395 (VIOLATED)
_6445_/B1                               0.750000    1.325391   -0.575391 (VIOLATED)
fanout135/X                             0.750000    1.325384   -0.575384 (VIOLATED)
_6916_/A2                               0.750000    1.289135   -0.539135 (VIOLATED)
_6573_/B1                               0.750000    1.289133   -0.539133 (VIOLATED)
_6591_/B1                               0.750000    1.289132   -0.539133 (VIOLATED)
_6339_/A                                0.750000    1.289132   -0.539132 (VIOLATED)
_6340_/A2                               0.750000    1.289132   -0.539132 (VIOLATED)
_6880_/B1                               0.750000    1.289131   -0.539131 (VIOLATED)
_6535_/B1                               0.750000    1.289125   -0.539125 (VIOLATED)
_6506_/B                                0.750000    1.289100   -0.539100 (VIOLATED)
_6449_/B1                               0.750000    1.289093   -0.539093 (VIOLATED)
_6469_/B1                               0.750000    1.289093   -0.539093 (VIOLATED)
fanout126/X                             0.750000    1.289093   -0.539093 (VIOLATED)
_6389_/A                                0.750000    1.284348   -0.534348 (VIOLATED)
_6366_/A                                0.750000    1.284345   -0.534345 (VIOLATED)
_6364_/A                                0.750000    1.284334   -0.534334 (VIOLATED)
_6318_/A                                0.750000    1.284310   -0.534310 (VIOLATED)
_6393_/A                                0.750000    1.284302   -0.534302 (VIOLATED)
_6628_/A1                               0.750000    1.284248   -0.534248 (VIOLATED)
_6531_/A                                0.750000    1.284208   -0.534208 (VIOLATED)
_6228_/B                                0.750000    1.284157   -0.534157 (VIOLATED)
_6464_/A                                0.750000    1.284155   -0.534155 (VIOLATED)
_6483_/A1                               0.750000    1.284152   -0.534152 (VIOLATED)
fanout176/X                             0.750000    1.283816   -0.533816 (VIOLATED)
_3765_/A                                0.750000    1.250986   -0.500986 (VIOLATED)
_6316_/A3                               0.750000    1.250944   -0.500944 (VIOLATED)
_6958_/A1                               0.750000    1.250924   -0.500924 (VIOLATED)
_6416_/A3                               0.750000    1.250919   -0.500919 (VIOLATED)
_6492_/A1                               0.750000    1.250909   -0.500909 (VIOLATED)
_6938_/A0                               0.750000    1.250868   -0.500868 (VIOLATED)
_6956_/A2                               0.750000    1.250728   -0.500728 (VIOLATED)
_6975_/A2                               0.750000    1.250695   -0.500695 (VIOLATED)
_6397_/A0                               0.750000    1.250692   -0.500692 (VIOLATED)
fanout605/A                             0.750000    1.250657   -0.500657 (VIOLATED)
fanout606/X                             0.750000    1.250646   -0.500646 (VIOLATED)
_6925_/A1                               0.750000    1.211429   -0.461429 (VIOLATED)
_6659_/A1                               0.750000    1.211418   -0.461418 (VIOLATED)
_6308_/B1                               0.750000    1.211412   -0.461412 (VIOLATED)
_6895_/A1                               0.750000    1.211389   -0.461389 (VIOLATED)
_6961_/A1                               0.750000    1.211359   -0.461359 (VIOLATED)
_6693_/A1                               0.750000    1.211343   -0.461343 (VIOLATED)
_6623_/A1                               0.750000    1.211316   -0.461316 (VIOLATED)
_6675_/A1                               0.750000    1.211277   -0.461277 (VIOLATED)
_6641_/A2                               0.750000    1.210789   -0.460789 (VIOLATED)
_6713_/A1                               0.750000    1.210762   -0.460762 (VIOLATED)
fanout122/X                             0.750000    1.210759   -0.460759 (VIOLATED)
_6511_/A1                               0.750000    1.203816   -0.453816 (VIOLATED)
_6451_/A1                               0.750000    1.203814   -0.453814 (VIOLATED)
_6576_/B2                               0.750000    1.203814   -0.453814 (VIOLATED)
_6372_/B                                0.750000    1.203791   -0.453791 (VIOLATED)
_6784_/B2                               0.750000    1.203286   -0.453286 (VIOLATED)
_6593_/A2_N                             0.750000    1.203260   -0.453260 (VIOLATED)
_6881_/A1                               0.750000    1.203236   -0.453236 (VIOLATED)
_6801_/B2                               0.750000    1.203208   -0.453208 (VIOLATED)
_6866_/A2                               0.750000    1.203190   -0.453190 (VIOLATED)
_6768_/A1                               0.750000    1.203139   -0.453139 (VIOLATED)
fanout121/X                             0.750000    1.203139   -0.453139 (VIOLATED)
_6178_/A                                0.750000    1.192338   -0.442338 (VIOLATED)
_6177_/A                                0.750000    1.192337   -0.442337 (VIOLATED)
_6275_/A_N                              0.750000    1.192336   -0.442336 (VIOLATED)
_4067_/B                                0.750000    1.192323   -0.442324 (VIOLATED)
_4107_/A2                               0.750000    1.192322   -0.442322 (VIOLATED)
_3890_/D                                0.750000    1.192301   -0.442301 (VIOLATED)
_4045_/B1                               0.750000    1.192293   -0.442293 (VIOLATED)
_3889_/D                                0.750000    1.192279   -0.442279 (VIOLATED)
_3956_/B                                0.750000    1.192279   -0.442279 (VIOLATED)
_3959_/A2                               0.750000    1.192279   -0.442279 (VIOLATED)
fanout316/X                             0.750000    1.192279   -0.442279 (VIOLATED)
_4176_/A                                0.750000    1.168167   -0.418167 (VIOLATED)
_4447_/A1                               0.750000    1.168147   -0.418147 (VIOLATED)
_3766_/A1                               0.750000    1.168105   -0.418105 (VIOLATED)
_3528_/A                                0.750000    1.168049   -0.418049 (VIOLATED)
_6310_/A0                               0.750000    1.167962   -0.417962 (VIOLATED)
_6958_/A2                               0.750000    1.167902   -0.417902 (VIOLATED)
_6416_/A2                               0.750000    1.167781   -0.417782 (VIOLATED)
_6492_/A0                               0.750000    1.167713   -0.417713 (VIOLATED)
_6938_/A1                               0.750000    1.167669   -0.417669 (VIOLATED)
fanout607/A                             0.750000    1.167402   -0.417402 (VIOLATED)
fanout608/X                             0.750000    1.167381   -0.417381 (VIOLATED)
_6958_/A0                               0.750000    1.164952   -0.414952 (VIOLATED)
_6316_/A2                               0.750000    1.164945   -0.414945 (VIOLATED)
_6492_/A2                               0.750000    1.164934   -0.414934 (VIOLATED)
_3530_/A                                0.750000    1.164933   -0.414933 (VIOLATED)
_3533_/A1                               0.750000    1.164927   -0.414927 (VIOLATED)
_3502_/A                                0.750000    1.164863   -0.414863 (VIOLATED)
_3868_/A                                0.750000    1.164861   -0.414861 (VIOLATED)
_5967_/A1                               0.750000    1.164848   -0.414848 (VIOLATED)
_6071_/B                                0.750000    1.164810   -0.414810 (VIOLATED)
_5955_/A2                               0.750000    1.164790   -0.414790 (VIOLATED)
fanout604/X                             0.750000    1.164785   -0.414785 (VIOLATED)
_6681_/A2                               0.750000    1.160843   -0.410843 (VIOLATED)
_6590_/B1                               0.750000    1.160840   -0.410840 (VIOLATED)
_6573_/A2                               0.750000    1.160836   -0.410836 (VIOLATED)
_6509_/A2                               0.750000    1.160822   -0.410822 (VIOLATED)
_6551_/B1                               0.750000    1.160804   -0.410804 (VIOLATED)
_6533_/B1                               0.750000    1.160761   -0.410761 (VIOLATED)
_6469_/A2                               0.750000    1.160387   -0.410387 (VIOLATED)
_6449_/A2                               0.750000    1.160347   -0.410347 (VIOLATED)
_6334_/B1                               0.750000    1.160276   -0.410276 (VIOLATED)
_6374_/B1                               0.750000    1.160272   -0.410272 (VIOLATED)
fanout131/X                             0.750000    1.160270   -0.410270 (VIOLATED)
_4290_/A                                0.750000    1.159405   -0.409405 (VIOLATED)
_4177_/A1                               0.750000    1.159385   -0.409385 (VIOLATED)
_6310_/A1                               0.750000    1.159385   -0.409385 (VIOLATED)
_3776_/A                                0.750000    1.159382   -0.409382 (VIOLATED)
_6958_/A3                               0.750000    1.159382   -0.409382 (VIOLATED)
_6416_/A1                               0.750000    1.159374   -0.409374 (VIOLATED)
_6489_/A3                               0.750000    1.159366   -0.409366 (VIOLATED)
_3512_/A                                0.750000    1.159364   -0.409364 (VIOLATED)
_6938_/A2                               0.750000    1.159345   -0.409345 (VIOLATED)
fanout620/A                             0.750000    1.158876   -0.408876 (VIOLATED)
fanout621/X                             0.750000    1.158871   -0.408871 (VIOLATED)
_3643_/A2                               0.750000    1.137826   -0.387826 (VIOLATED)
fanout417/A                             0.750000    1.137766   -0.387766 (VIOLATED)
load_slew424/A                          0.750000    1.137743   -0.387743 (VIOLATED)
fanout419/A                             0.750000    1.137742   -0.387742 (VIOLATED)
input38/X                               0.750000    1.137724   -0.387724 (VIOLATED)
_6174_/A                                0.750000    1.133205   -0.383205 (VIOLATED)
_6173_/A                                0.750000    1.133201   -0.383201 (VIOLATED)
_6175_/A                                0.750000    1.133199   -0.383199 (VIOLATED)
_3485_/A                                0.750000    1.133192   -0.383192 (VIOLATED)
_3993_/B2                               0.750000    1.133150   -0.383150 (VIOLATED)
_5993_/A                                0.750000    1.133144   -0.383144 (VIOLATED)
_3889_/C                                0.750000    1.133130   -0.383130 (VIOLATED)
_3890_/C                                0.750000    1.133130   -0.383130 (VIOLATED)
_3955_/D                                0.750000    1.133130   -0.383130 (VIOLATED)
_3957_/B1                               0.750000    1.133130   -0.383130 (VIOLATED)
fanout315/X                             0.750000    1.133130   -0.383130 (VIOLATED)
_6891_/A2                               0.750000    1.119049   -0.369049 (VIOLATED)
_6927_/A2                               0.750000    1.119048   -0.369048 (VIOLATED)
_6590_/A2                               0.750000    1.119046   -0.369046 (VIOLATED)
_6572_/A2                               0.750000    1.119043   -0.369043 (VIOLATED)
_6963_/A2                               0.750000    1.119042   -0.369042 (VIOLATED)
_6508_/A2                               0.750000    1.119038   -0.369038 (VIOLATED)
_6533_/A2                               0.750000    1.119031   -0.369031 (VIOLATED)
_6445_/A2                               0.750000    1.119016   -0.369016 (VIOLATED)
fanout138/X                             0.750000    1.119016   -0.369016 (VIOLATED)
_6602_/A                                0.750000    1.106816   -0.356816 (VIOLATED)
_6568_/C1                               0.750000    1.106809   -0.356809 (VIOLATED)
_6589_/A                                0.750000    1.106487   -0.356487 (VIOLATED)
_6303_/A                                0.750000    1.106482   -0.356482 (VIOLATED)
_6481_/S1                               0.750000    1.106464   -0.356464 (VIOLATED)
_6577_/S0                               0.750000    1.106464   -0.356464 (VIOLATED)
_6219_/B                                0.750000    1.106424   -0.356424 (VIOLATED)
_6407_/S1                               0.750000    1.106424   -0.356424 (VIOLATED)
_6226_/A2                               0.750000    1.106421   -0.356421 (VIOLATED)
_6524_/S                                0.750000    1.106409   -0.356409 (VIOLATED)
fanout174/X                             0.750000    1.106409   -0.356409 (VIOLATED)
_6305_/A1                               0.750000    1.083530   -0.333530 (VIOLATED)
_4045_/B2                               0.750000    1.083493   -0.333493 (VIOLATED)
_4003_/B                                0.750000    1.083467   -0.333467 (VIOLATED)
_3997_/A                                0.750000    1.083466   -0.333466 (VIOLATED)
fanout658/A                             0.750000    1.083456   -0.333456 (VIOLATED)
fanout660/X                             0.750000    1.083438   -0.333438 (VIOLATED)
_6865_/A2                               0.750000    1.054299   -0.304299 (VIOLATED)
_6659_/B2                               0.750000    1.054294   -0.304294 (VIOLATED)
_6308_/A1                               0.750000    1.054287   -0.304287 (VIOLATED)
_6895_/B2                               0.750000    1.054277   -0.304277 (VIOLATED)
_6799_/A2                               0.750000    1.054259   -0.304259 (VIOLATED)
_6765_/B                                0.750000    1.054254   -0.304254 (VIOLATED)
_6743_/A1                               0.750000    1.054238   -0.304238 (VIOLATED)
_6554_/A                                0.750000    1.054235   -0.304235 (VIOLATED)
_6623_/B2                               0.750000    1.054232   -0.304232 (VIOLATED)
_6693_/B2                               0.750000    1.054232   -0.304232 (VIOLATED)
fanout123/X                             0.750000    1.054232   -0.304232 (VIOLATED)
_5975_/B1                               0.750000    1.008116   -0.258116 (VIOLATED)
_5976_/C                                0.750000    1.008115   -0.258115 (VIOLATED)
_6028_/A2                               0.750000    1.008107   -0.258107 (VIOLATED)
fanout387/A                             0.750000    1.007994   -0.257994 (VIOLATED)
fanout385/A                             0.750000    1.007953   -0.257953 (VIOLATED)
input41/X                               0.750000    1.007943   -0.257943 (VIOLATED)
_6751_/A1                               0.750000    0.994112   -0.244112 (VIOLATED)
_6817_/A1                               0.750000    0.994112   -0.244112 (VIOLATED)
_6610_/B2                               0.750000    0.994095   -0.244095 (VIOLATED)
_6438_/A                                0.750000    0.993753   -0.243753 (VIOLATED)
_6586_/A                                0.750000    0.993751   -0.243751 (VIOLATED)
_6510_/B2                               0.750000    0.993719   -0.243719 (VIOLATED)
_6559_/B2                               0.750000    0.993690   -0.243690 (VIOLATED)
_6370_/B                                0.750000    0.993667   -0.243667 (VIOLATED)
_6538_/B2                               0.750000    0.993664   -0.243664 (VIOLATED)
_6579_/B2                               0.750000    0.993647   -0.243647 (VIOLATED)
fanout118/X                             0.750000    0.993645   -0.243645 (VIOLATED)
_6798_/A2                               0.750000    0.970888   -0.220888 (VIOLATED)
_6781_/B1                               0.750000    0.970878   -0.220878 (VIOLATED)
_6763_/B1                               0.750000    0.970861   -0.220861 (VIOLATED)
_6750_/A2                               0.750000    0.970851   -0.220851 (VIOLATED)
_6718_/B1                               0.750000    0.970764   -0.220764 (VIOLATED)
_6733_/B1                               0.750000    0.970699   -0.220699 (VIOLATED)
_6697_/B1                               0.750000    0.970650   -0.220650 (VIOLATED)
_6664_/A3                               0.750000    0.970588   -0.220588 (VIOLATED)
_6646_/B1                               0.750000    0.970522   -0.220522 (VIOLATED)
_6605_/B1                               0.750000    0.970491   -0.220491 (VIOLATED)
fanout125/X                             0.750000    0.970491   -0.220491 (VIOLATED)
_6863_/A2                               0.750000    0.968196   -0.218196 (VIOLATED)
_6826_/A2                               0.750000    0.968181   -0.218181 (VIOLATED)
_6762_/A2                               0.750000    0.968139   -0.218139 (VIOLATED)
_6717_/B                                0.750000    0.968099   -0.218099 (VIOLATED)
_6733_/A2                               0.750000    0.968072   -0.218072 (VIOLATED)
_6696_/A2                               0.750000    0.968065   -0.218065 (VIOLATED)
_6679_/A2                               0.750000    0.967979   -0.217980 (VIOLATED)
_6662_/A2                               0.750000    0.967633   -0.217633 (VIOLATED)
_6629_/A2                               0.750000    0.967622   -0.217622 (VIOLATED)
_6645_/A2                               0.750000    0.967622   -0.217622 (VIOLATED)
fanout137/X                             0.750000    0.967622   -0.217622 (VIOLATED)
_6942_/A1                               0.750000    0.966241   -0.216241 (VIOLATED)
_6072_/B                                0.750000    0.966235   -0.216235 (VIOLATED)
_6073_/B                                0.750000    0.966235   -0.216235 (VIOLATED)
_3519_/A1                               0.750000    0.966232   -0.216232 (VIOLATED)
_3518_/A                                0.750000    0.966232   -0.216232 (VIOLATED)
_5953_/A1                               0.750000    0.966227   -0.216227 (VIOLATED)
_6205_/A                                0.750000    0.966227   -0.216227 (VIOLATED)
_3872_/A                                0.750000    0.966226   -0.216226 (VIOLATED)
_5957_/B2                               0.750000    0.966221   -0.216221 (VIOLATED)
_5958_/D                                0.750000    0.966221   -0.216221 (VIOLATED)
fanout605/X                             0.750000    0.966221   -0.216221 (VIOLATED)
_6523_/S                                0.750000    0.942284   -0.192284 (VIOLATED)
_6577_/S1                               0.750000    0.942281   -0.192281 (VIOLATED)
_6710_/S1                               0.750000    0.941968   -0.191968 (VIOLATED)
_6569_/A                                0.750000    0.941948   -0.191948 (VIOLATED)
_6976_/S                                0.750000    0.941933   -0.191933 (VIOLATED)
fanout169/A                             0.750000    0.941917   -0.191917 (VIOLATED)
fanout171/A                             0.750000    0.941917   -0.191917 (VIOLATED)
fanout173/X                             0.750000    0.941917   -0.191917 (VIOLATED)
_6909_/A3                               0.750000    0.940519   -0.190519 (VIOLATED)
_6405_/A1                               0.750000    0.940519   -0.190519 (VIOLATED)
_6413_/A2                               0.750000    0.940516   -0.190516 (VIOLATED)
_6489_/A0                               0.750000    0.940514   -0.190514 (VIOLATED)
_6876_/A1                               0.750000    0.940496   -0.190496 (VIOLATED)
_3522_/A                                0.750000    0.940492   -0.190492 (VIOLATED)
_6864_/A1                               0.750000    0.940491   -0.190491 (VIOLATED)
_6319_/A0                               0.750000    0.940484   -0.190484 (VIOLATED)
_3523_/A1                               0.750000    0.940477   -0.190477 (VIOLATED)
_3679_/A                                0.750000    0.940461   -0.190461 (VIOLATED)
fanout628/X                             0.750000    0.940461   -0.190461 (VIOLATED)
_3969_/B                                0.750000    0.924603   -0.174603 (VIOLATED)
_5981_/A                                0.750000    0.924604   -0.174604 (VIOLATED)
_6078_/A                                0.750000    0.924596   -0.174596 (VIOLATED)
_6079_/A                                0.750000    0.924590   -0.174590 (VIOLATED)
fanout333/A                             0.750000    0.924492   -0.174492 (VIOLATED)
fanout335/X                             0.750000    0.924489   -0.174489 (VIOLATED)
_6588_/A                                0.750000    0.913674   -0.163674 (VIOLATED)
_6491_/A                                0.750000    0.913674   -0.163674 (VIOLATED)
_6546_/C1                               0.750000    0.913672   -0.163672 (VIOLATED)
_6608_/S                                0.750000    0.913665   -0.163665 (VIOLATED)
_6585_/S0                               0.750000    0.913659   -0.163659 (VIOLATED)
_6504_/S                                0.750000    0.913658   -0.163658 (VIOLATED)
_6437_/S1                               0.750000    0.913657   -0.163657 (VIOLATED)
_6558_/S0                               0.750000    0.913655   -0.163655 (VIOLATED)
_6620_/S1                               0.750000    0.913647   -0.163647 (VIOLATED)
_6415_/A                                0.750000    0.913643   -0.163643 (VIOLATED)
fanout175/X                             0.750000    0.913643   -0.163643 (VIOLATED)
_5978_/A2                               0.750000    0.912769   -0.162769 (VIOLATED)
fanout347/A                             0.750000    0.912742   -0.162742 (VIOLATED)
fanout344/A                             0.750000    0.912729   -0.162729 (VIOLATED)
fanout346/A                             0.750000    0.912728   -0.162728 (VIOLATED)
input45/X                               0.750000    0.912728   -0.162728 (VIOLATED)
_4517_/C                                0.750000    0.904584   -0.154584 (VIOLATED)
_4519_/A2                               0.750000    0.904583   -0.154583 (VIOLATED)
fanout451/A                             0.750000    0.904251   -0.154251 (VIOLATED)
fanout452/A                             0.750000    0.904235   -0.154235 (VIOLATED)
_6015_/A1                               0.750000    0.904234   -0.154234 (VIOLATED)
_6016_/A                                0.750000    0.904234   -0.154234 (VIOLATED)
fanout453/X                             0.750000    0.904234   -0.154234 (VIOLATED)
_6843_/A2                               0.750000    0.902388   -0.152388 (VIOLATED)
_6863_/B1                               0.750000    0.902383   -0.152383 (VIOLATED)
_6826_/B1                               0.750000    0.902359   -0.152359 (VIOLATED)
_6811_/A2                               0.750000    0.902340   -0.152340 (VIOLATED)
_6797_/A2                               0.750000    0.902305   -0.152305 (VIOLATED)
_6645_/B1                               0.750000    0.901867   -0.151867 (VIOLATED)
fanout133/A                             0.750000    0.901841   -0.151841 (VIOLATED)
fanout134/X                             0.750000    0.901840   -0.151840 (VIOLATED)
_6781_/A2                               0.750000    0.899197   -0.149197 (VIOLATED)
_6763_/A2                               0.750000    0.899195   -0.149195 (VIOLATED)
_6749_/B1                               0.750000    0.899190   -0.149190 (VIOLATED)
_6719_/A2                               0.750000    0.899175   -0.149176 (VIOLATED)
_6732_/B1                               0.750000    0.899168   -0.149169 (VIOLATED)
_6697_/A2                               0.750000    0.899150   -0.149150 (VIOLATED)
_6663_/A2                               0.750000    0.899091   -0.149091 (VIOLATED)
_6646_/A2                               0.750000    0.899072   -0.149072 (VIOLATED)
_6605_/A2                               0.750000    0.899069   -0.149070 (VIOLATED)
_6630_/A2                               0.750000    0.899070   -0.149070 (VIOLATED)
fanout129/X                             0.750000    0.899069   -0.149070 (VIOLATED)
_3572_/A1                               0.750000    0.890561   -0.140561 (VIOLATED)
_3570_/A                                0.750000    0.890557   -0.140558 (VIOLATED)
fanout579/A                             0.750000    0.890533   -0.140533 (VIOLATED)
_4634_/A                                0.750000    0.890465   -0.140465 (VIOLATED)
_4635_/A1                               0.750000    0.890465   -0.140465 (VIOLATED)
fanout580/X                             0.750000    0.890465   -0.140465 (VIOLATED)
_4433_/A1                               0.750000    0.889027   -0.139027 (VIOLATED)
_4432_/A                                0.750000    0.889023   -0.139023 (VIOLATED)
_4291_/A1                               0.750000    0.889019   -0.139019 (VIOLATED)
_4187_/A                                0.750000    0.889016   -0.139016 (VIOLATED)
_3524_/C                                0.750000    0.888990   -0.138990 (VIOLATED)
_3498_/A                                0.750000    0.888985   -0.138985 (VIOLATED)
_6310_/A2                               0.750000    0.888983   -0.138983 (VIOLATED)
_6416_/A0                               0.750000    0.888983   -0.138983 (VIOLATED)
_6489_/A2                               0.750000    0.888983   -0.138983 (VIOLATED)
_6938_/A3                               0.750000    0.888983   -0.138983 (VIOLATED)
fanout623/X                             0.750000    0.888983   -0.138983 (VIOLATED)
_4519_/B1                               0.750000    0.886941   -0.136941 (VIOLATED)
_4517_/D                                0.750000    0.886940   -0.136941 (VIOLATED)
fanout208/A                             0.750000    0.886877   -0.136878 (VIOLATED)
fanout209/A                             0.750000    0.886806   -0.136806 (VIOLATED)
_5946_/B2                               0.750000    0.886801   -0.136801 (VIOLATED)
_6015_/B1                               0.750000    0.886793   -0.136793 (VIOLATED)
_6016_/C                                0.750000    0.886793   -0.136793 (VIOLATED)
fanout210/X                             0.750000    0.886793   -0.136793 (VIOLATED)
_6097_/A                                0.750000    0.877000   -0.127000 (VIOLATED)
_6096_/A                                0.750000    0.876999   -0.126999 (VIOLATED)
_6098_/A                                0.750000    0.876998   -0.126998 (VIOLATED)
_3577_/B                                0.750000    0.876993   -0.126993 (VIOLATED)
fanout387/X                             0.750000    0.876993   -0.126993 (VIOLATED)
load_slew388/A                          0.750000    0.876993   -0.126993 (VIOLATED)
_3828_/B                                0.750000    0.874208   -0.124208 (VIOLATED)
_3829_/B                                0.750000    0.874207   -0.124207 (VIOLATED)
_3936_/B                                0.750000    0.874206   -0.124206 (VIOLATED)
_3622_/B                                0.750000    0.874170   -0.124170 (VIOLATED)
_6013_/A1                               0.750000    0.874158   -0.124158 (VIOLATED)
_6014_/A                                0.750000    0.874156   -0.124156 (VIOLATED)
_3628_/D                                0.750000    0.874055   -0.124055 (VIOLATED)
_3660_/A2_N                             0.750000    0.874032   -0.124032 (VIOLATED)
_3666_/B                                0.750000    0.873966   -0.123966 (VIOLATED)
_3735_/A2                               0.750000    0.873947   -0.123947 (VIOLATED)
fanout445/X                             0.750000    0.873943   -0.123943 (VIOLATED)
_6773_/Y                                0.750000    0.873038   -0.123038 (VIOLATED)
_6984_/A                                0.750000    0.873038   -0.123038 (VIOLATED)
output79/A                              0.750000    0.873038   -0.123038 (VIOLATED)
_5158_/B                                0.750000    0.868080   -0.118080 (VIOLATED)
_5230_/B                                0.750000    0.868078   -0.118078 (VIOLATED)
_5273_/B                                0.750000    0.868078   -0.118078 (VIOLATED)
_5160_/A2                               0.750000    0.868077   -0.118077 (VIOLATED)
_5232_/A2                               0.750000    0.868075   -0.118075 (VIOLATED)
_6411_/S                                0.750000    0.868051   -0.118051 (VIOLATED)
_6431_/S                                0.750000    0.868051   -0.118051 (VIOLATED)
_6499_/S                                0.750000    0.868051   -0.118051 (VIOLATED)
fanout351/X                             0.750000    0.868051   -0.118051 (VIOLATED)
_6909_/A0                               0.750000    0.859800   -0.109800 (VIOLATED)
_6914_/A1                               0.750000    0.859796   -0.109796 (VIOLATED)
_6177_/B                                0.750000    0.859788   -0.109788 (VIOLATED)
_5947_/B                                0.750000    0.859786   -0.109786 (VIOLATED)
_6275_/B                                0.750000    0.859784   -0.109784 (VIOLATED)
_6178_/B                                0.750000    0.859783   -0.109783 (VIOLATED)
_3515_/A1                               0.750000    0.859765   -0.109765 (VIOLATED)
_3507_/B                                0.750000    0.859761   -0.109761 (VIOLATED)
_3508_/B2                               0.750000    0.859761   -0.109761 (VIOLATED)
_3869_/A                                0.750000    0.859761   -0.109761 (VIOLATED)
fanout620/X                             0.750000    0.859761   -0.109761 (VIOLATED)
_6928_/A1                               0.750000    0.859641   -0.109641 (VIOLATED)
_6174_/B                                0.750000    0.859637   -0.109637 (VIOLATED)
_6173_/B                                0.750000    0.859631   -0.109631 (VIOLATED)
_6175_/B                                0.750000    0.859629   -0.109629 (VIOLATED)
_6282_/A2                               0.750000    0.859623   -0.109623 (VIOLATED)
_3506_/A                                0.750000    0.859609   -0.109609 (VIOLATED)
_3874_/A1                               0.750000    0.859598   -0.109598 (VIOLATED)
_3870_/B1                               0.750000    0.859595   -0.109595 (VIOLATED)
_3869_/C                                0.750000    0.859594   -0.109594 (VIOLATED)
_5957_/A2                               0.750000    0.859592   -0.109592 (VIOLATED)
fanout607/X                             0.750000    0.859592   -0.109592 (VIOLATED)
_4551_/A                                0.750000    0.857430   -0.107430 (VIOLATED)
_4300_/A                                0.750000    0.857420   -0.107420 (VIOLATED)
_3772_/C                                0.750000    0.857399   -0.107399 (VIOLATED)
_4179_/A1_N                             0.750000    0.857381   -0.107381 (VIOLATED)
_4534_/A                                0.750000    0.857358   -0.107358 (VIOLATED)
_6310_/A3                               0.750000    0.857334   -0.107334 (VIOLATED)
_3522_/B                                0.750000    0.857310   -0.107310 (VIOLATED)
_3523_/B2                               0.750000    0.857298   -0.107298 (VIOLATED)
_3848_/A1                               0.750000    0.856960   -0.106960 (VIOLATED)
_3695_/A                                0.750000    0.856943   -0.106943 (VIOLATED)
fanout624/X                             0.750000    0.856943   -0.106943 (VIOLATED)
_6489_/A1                               0.750000    0.854171   -0.104171 (VIOLATED)
_6413_/A3                               0.750000    0.854169   -0.104169 (VIOLATED)
_6876_/A0                               0.750000    0.853882   -0.103882 (VIOLATED)
fanout624/A                             0.750000    0.853858   -0.103858 (VIOLATED)
fanout625/A                             0.750000    0.853808   -0.103808 (VIOLATED)
_6879_/B2                               0.750000    0.853748   -0.103748 (VIOLATED)
_6394_/A0                               0.750000    0.853732   -0.103732 (VIOLATED)
fanout626/X                             0.750000    0.853732   -0.103732 (VIOLATED)
_6024_/B                                0.750000    0.849267   -0.099267 (VIOLATED)
_3934_/A1                               0.750000    0.849263   -0.099263 (VIOLATED)
_3826_/B2                               0.750000    0.849263   -0.099263 (VIOLATED)
_3933_/A                                0.750000    0.849257   -0.099257 (VIOLATED)
_3825_/B                                0.750000    0.849257   -0.099257 (VIOLATED)
_3656_/A1                               0.750000    0.849253   -0.099253 (VIOLATED)
_6814_/A3                               0.750000    0.849243   -0.099243 (VIOLATED)
fanout184/X                             0.750000    0.849243   -0.099243 (VIOLATED)
_3976_/A                                0.750000    0.844829   -0.094830 (VIOLATED)
_6028_/A1                               0.750000    0.844822   -0.094822 (VIOLATED)
_5983_/D                                0.750000    0.844821   -0.094821 (VIOLATED)
_5982_/B2                               0.750000    0.844817   -0.094817 (VIOLATED)
_3815_/A1                               0.750000    0.844796   -0.094796 (VIOLATED)
_3814_/A                                0.750000    0.844793   -0.094793 (VIOLATED)
_3593_/B                                0.750000    0.844751   -0.094751 (VIOLATED)
_3594_/B2                               0.750000    0.844736   -0.094736 (VIOLATED)
_3588_/A                                0.750000    0.844715   -0.094715 (VIOLATED)
_3604_/A1                               0.750000    0.844715   -0.094715 (VIOLATED)
fanout327/X                             0.750000    0.844715   -0.094715 (VIOLATED)
fanout629/A                             0.750000    0.844588   -0.094588 (VIOLATED)
fanout628/A                             0.750000    0.844586   -0.094586 (VIOLATED)
_4293_/A1_N                             0.750000    0.844541   -0.094541 (VIOLATED)
fanout627/A                             0.750000    0.844512   -0.094512 (VIOLATED)
input16/X                               0.750000    0.844195   -0.094195 (VIOLATED)
_5004_/A1                               0.750000    0.842201   -0.092202 (VIOLATED)
_5002_/B1                               0.750000    0.842200   -0.092200 (VIOLATED)
_5006_/C1                               0.750000    0.842200   -0.092200 (VIOLATED)
_5000_/Y                                0.750000    0.842198   -0.092198 (VIOLATED)
_5094_/A1                               0.750000    0.842198   -0.092198 (VIOLATED)
_3962_/A2                               0.750000    0.834777   -0.084777 (VIOLATED)
_3961_/C                                0.750000    0.834777   -0.084777 (VIOLATED)
_3893_/A2                               0.750000    0.834775   -0.084775 (VIOLATED)
_3892_/C                                0.750000    0.834774   -0.084774 (VIOLATED)
_3540_/A2                               0.750000    0.834774   -0.084774 (VIOLATED)
_3539_/C                                0.750000    0.834773   -0.084773 (VIOLATED)
_3535_/C                                0.750000    0.834770   -0.084770 (VIOLATED)
_3536_/A2                               0.750000    0.834769   -0.084769 (VIOLATED)
_3787_/A2                               0.750000    0.834767   -0.084767 (VIOLATED)
_3786_/C                                0.750000    0.834767   -0.084767 (VIOLATED)
fanout318/X                             0.750000    0.834527   -0.084527 (VIOLATED)
_6633_/B1                               0.750000    0.831884   -0.081884 (VIOLATED)
_6614_/B1                               0.750000    0.831878   -0.081878 (VIOLATED)
_6598_/B1                               0.750000    0.831873   -0.081873 (VIOLATED)
_6516_/A                                0.750000    0.831869   -0.081869 (VIOLATED)
_6541_/B1                               0.750000    0.831869   -0.081869 (VIOLATED)
_6440_/B1                               0.750000    0.831858   -0.081858 (VIOLATED)
fanout143/X                             0.750000    0.831858   -0.081858 (VIOLATED)
_6015_/A2                               0.750000    0.829353   -0.079353 (VIOLATED)
_6016_/B                                0.750000    0.829342   -0.079342 (VIOLATED)
_3941_/C                                0.750000    0.829327   -0.079327 (VIOLATED)
_3942_/B1                               0.750000    0.829327   -0.079327 (VIOLATED)
fanout638/A                             0.750000    0.829252   -0.079252 (VIOLATED)
fanout637/A                             0.750000    0.829159   -0.079159 (VIOLATED)
input14/X                               0.750000    0.829053   -0.079053 (VIOLATED)
_3962_/B1                               0.750000    0.828363   -0.078363 (VIOLATED)
_3961_/D                                0.750000    0.828362   -0.078362 (VIOLATED)
_3892_/D                                0.750000    0.828348   -0.078348 (VIOLATED)
_3893_/B1                               0.750000    0.828344   -0.078344 (VIOLATED)
_3786_/D                                0.750000    0.828328   -0.078328 (VIOLATED)
_3787_/B1                               0.750000    0.828328   -0.078328 (VIOLATED)
_3535_/D                                0.750000    0.828308   -0.078308 (VIOLATED)
_3536_/B1                               0.750000    0.828307   -0.078307 (VIOLATED)
_3540_/B1                               0.750000    0.828296   -0.078296 (VIOLATED)
_3539_/D                                0.750000    0.828296   -0.078296 (VIOLATED)
fanout329/X                             0.750000    0.828291   -0.078291 (VIOLATED)
_3740_/B2                               0.750000    0.827517   -0.077517 (VIOLATED)
_3739_/B                                0.750000    0.827513   -0.077513 (VIOLATED)
_4261_/A1                               0.750000    0.827493   -0.077494 (VIOLATED)
_4149_/A                                0.750000    0.827492   -0.077492 (VIOLATED)
_4275_/A1                               0.750000    0.827166   -0.077166 (VIOLATED)
_4273_/A                                0.750000    0.827141   -0.077141 (VIOLATED)
_4401_/B2                               0.750000    0.827111   -0.077111 (VIOLATED)
_4399_/B                                0.750000    0.827099   -0.077099 (VIOLATED)
_4521_/A1                               0.750000    0.827071   -0.077071 (VIOLATED)
_4518_/A                                0.750000    0.827068   -0.077068 (VIOLATED)
fanout322/X                             0.750000    0.827068   -0.077068 (VIOLATED)
_4572_/B1                               0.750000    0.826700   -0.076700 (VIOLATED)
_4570_/D                                0.750000    0.826698   -0.076698 (VIOLATED)
_4792_/D                                0.750000    0.826691   -0.076691 (VIOLATED)
_4794_/B1                               0.750000    0.826690   -0.076690 (VIOLATED)
_4786_/B1                               0.750000    0.826677   -0.076677 (VIOLATED)
_4784_/D                                0.750000    0.826662   -0.076662 (VIOLATED)
_4579_/D                                0.750000    0.826659   -0.076659 (VIOLATED)
_4581_/B1                               0.750000    0.826658   -0.076658 (VIOLATED)
_6314_/B                                0.750000    0.826633   -0.076633 (VIOLATED)
_6296_/A                                0.750000    0.826631   -0.076631 (VIOLATED)
fanout286/X                             0.750000    0.826627   -0.076628 (VIOLATED)
_3741_/A                                0.750000    0.811057   -0.061057 (VIOLATED)
_4145_/A1                               0.750000    0.811053   -0.061053 (VIOLATED)
_4159_/A1                               0.750000    0.811043   -0.061043 (VIOLATED)
_4157_/A                                0.750000    0.811039   -0.061039 (VIOLATED)
_4273_/B                                0.750000    0.811035   -0.061035 (VIOLATED)
_4275_/B2                               0.750000    0.811035   -0.061035 (VIOLATED)
_4403_/A1                               0.750000    0.811028   -0.061028 (VIOLATED)
_4400_/A                                0.750000    0.811025   -0.061025 (VIOLATED)
_4524_/A                                0.750000    0.811022   -0.061022 (VIOLATED)
_4525_/A1                               0.750000    0.811022   -0.061022 (VIOLATED)
fanout258/X                             0.750000    0.811022   -0.061022 (VIOLATED)
_5992_/A                                0.750000    0.810524   -0.060524 (VIOLATED)
_5999_/A2                               0.750000    0.810517   -0.060517 (VIOLATED)
_4014_/B                                0.750000    0.810512   -0.060512 (VIOLATED)
_3960_/B                                0.750000    0.810501   -0.060501 (VIOLATED)
_3891_/B                                0.750000    0.810494   -0.060494 (VIOLATED)
_3898_/A2                               0.750000    0.810480   -0.060480 (VIOLATED)
_4089_/A2_N                             0.750000    0.810467   -0.060467 (VIOLATED)
fanout332/X                             0.750000    0.810467   -0.060467 (VIOLATED)
_6779_/B                                0.750000    0.806630   -0.056630 (VIOLATED)
_6464_/B                                0.750000    0.806625   -0.056625 (VIOLATED)
_6463_/Y                                0.750000    0.806614   -0.056614 (VIOLATED)
_3977_/B                                0.750000    0.805140   -0.055140 (VIOLATED)
_3978_/A2                               0.750000    0.805137   -0.055137 (VIOLATED)
_3909_/C                                0.750000    0.805129   -0.055129 (VIOLATED)
_3910_/A2                               0.750000    0.805125   -0.055125 (VIOLATED)
_3801_/C                                0.750000    0.805110   -0.055110 (VIOLATED)
_3802_/A2                               0.750000    0.805094   -0.055094 (VIOLATED)
_3559_/A2                               0.750000    0.805004   -0.055005 (VIOLATED)
_3558_/C                                0.750000    0.804980   -0.054980 (VIOLATED)
_3578_/C                                0.750000    0.804820   -0.054820 (VIOLATED)
_3579_/A2                               0.750000    0.804797   -0.054797 (VIOLATED)
fanout374/X                             0.750000    0.804788   -0.054788 (VIOLATED)
output87/A                              0.750000    0.802071   -0.052071 (VIOLATED)
_6991_/A                                0.750000    0.802013   -0.052013 (VIOLATED)
_6886_/Y                                0.750000    0.801988   -0.051988 (VIOLATED)
_6797_/B1                               0.750000    0.801447   -0.051447 (VIOLATED)
_6811_/B1                               0.750000    0.801441   -0.051441 (VIOLATED)
_6827_/A2                               0.750000    0.801436   -0.051436 (VIOLATED)
_6864_/A2                               0.750000    0.801436   -0.051436 (VIOLATED)
_6843_/B1                               0.750000    0.801434   -0.051434 (VIOLATED)
_6892_/A2                               0.750000    0.801336   -0.051336 (VIOLATED)
fanout130/X                             0.750000    0.801336   -0.051336 (VIOLATED)
_6181_/B                                0.750000    0.800625   -0.050625 (VIOLATED)
_6182_/B                                0.750000    0.800624   -0.050624 (VIOLATED)
_6909_/A2                               0.750000    0.800622   -0.050622 (VIOLATED)
_6899_/A2                               0.750000    0.800611   -0.050611 (VIOLATED)
_6276_/C_N                              0.750000    0.800609   -0.050610 (VIOLATED)
_3851_/C                                0.750000    0.800605   -0.050605 (VIOLATED)
_3852_/B1                               0.750000    0.800601   -0.050601 (VIOLATED)
_3850_/B                                0.750000    0.800600   -0.050600 (VIOLATED)
_3511_/A                                0.750000    0.800598   -0.050598 (VIOLATED)
_3513_/A1                               0.750000    0.800598   -0.050598 (VIOLATED)
fanout625/X                             0.750000    0.800598   -0.050598 (VIOLATED)
_6780_/B1                               0.750000    0.800235   -0.050235 (VIOLATED)
_6762_/B1                               0.750000    0.800233   -0.050233 (VIOLATED)
_6749_/A2                               0.750000    0.800227   -0.050227 (VIOLATED)
_6718_/A2                               0.750000    0.800219   -0.050219 (VIOLATED)
_6732_/A2                               0.750000    0.800216   -0.050216 (VIOLATED)
_6696_/B1                               0.750000    0.800196   -0.050196 (VIOLATED)
_6679_/B1                               0.750000    0.800190   -0.050190 (VIOLATED)
_6662_/B1                               0.750000    0.800177   -0.050177 (VIOLATED)
_6604_/B1                               0.750000    0.800167   -0.050167 (VIOLATED)
_6629_/B1                               0.750000    0.800167   -0.050167 (VIOLATED)
fanout133/X                             0.750000    0.800167   -0.050167 (VIOLATED)
_6892_/A1                               0.750000    0.798368   -0.048368 (VIOLATED)
_6909_/A1                               0.750000    0.798365   -0.048365 (VIOLATED)
_6187_/B                                0.750000    0.798359   -0.048359 (VIOLATED)
_3854_/A                                0.750000    0.798355   -0.048355 (VIOLATED)
_5945_/A1                               0.750000    0.798351   -0.048351 (VIOLATED)
_6185_/B                                0.750000    0.798347   -0.048347 (VIOLATED)
_5948_/B                                0.750000    0.798342   -0.048342 (VIOLATED)
_3513_/B2                               0.750000    0.798309   -0.048309 (VIOLATED)
_3511_/B                                0.750000    0.798279   -0.048279 (VIOLATED)
_3507_/A                                0.750000    0.798239   -0.048239 (VIOLATED)
fanout622/X                             0.750000    0.798230   -0.048230 (VIOLATED)
_6277_/A1                               0.750000    0.796801   -0.046801 (VIOLATED)
_6185_/A                                0.750000    0.796795   -0.046795 (VIOLATED)
_6187_/A                                0.750000    0.796791   -0.046791 (VIOLATED)
_4010_/A                                0.750000    0.796749   -0.046749 (VIOLATED)
_4012_/A2                               0.750000    0.796741   -0.046741 (VIOLATED)
_4011_/B                                0.750000    0.796740   -0.046740 (VIOLATED)
fanout318/A                             0.750000    0.796738   -0.046738 (VIOLATED)
fanout319/X                             0.750000    0.796738   -0.046738 (VIOLATED)
fanout458/A                             0.750000    0.794025   -0.044025 (VIOLATED)
_4433_/A2                               0.750000    0.794024   -0.044024 (VIOLATED)
_4901_/A2                               0.750000    0.794015   -0.044015 (VIOLATED)
_4900_/B                                0.750000    0.794014   -0.044014 (VIOLATED)
_4551_/B                                0.750000    0.794004   -0.044004 (VIOLATED)
_6958_/S0                               0.750000    0.793988   -0.043988 (VIOLATED)
fanout462/A                             0.750000    0.793987   -0.043987 (VIOLATED)
fanout464/X                             0.750000    0.793987   -0.043987 (VIOLATED)
_4288_/A2                               0.750000    0.793771   -0.043771 (VIOLATED)
_4289_/C1                               0.750000    0.793770   -0.043770 (VIOLATED)
_4415_/B1                               0.750000    0.793767   -0.043767 (VIOLATED)
_4416_/A1                               0.750000    0.793766   -0.043766 (VIOLATED)
_4287_/Y                                0.750000    0.793764   -0.043764 (VIOLATED)
_4540_/A2                               0.750000    0.790257   -0.040257 (VIOLATED)
_4572_/A2                               0.750000    0.790256   -0.040256 (VIOLATED)
_4570_/C                                0.750000    0.790250   -0.040250 (VIOLATED)
_4581_/A2                               0.750000    0.790234   -0.040234 (VIOLATED)
_4579_/C                                0.750000    0.790228   -0.040228 (VIOLATED)
_4784_/C                                0.750000    0.790224   -0.040224 (VIOLATED)
_4792_/C                                0.750000    0.790222   -0.040222 (VIOLATED)
_4794_/A2                               0.750000    0.790222   -0.040222 (VIOLATED)
_4786_/A2                               0.750000    0.790218   -0.040218 (VIOLATED)
_6295_/A                                0.750000    0.790202   -0.040202 (VIOLATED)
fanout269/X                             0.750000    0.790202   -0.040202 (VIOLATED)
_3640_/A2                               0.750000    0.788578   -0.038578 (VIOLATED)
_3638_/C                                0.750000    0.788576   -0.038576 (VIOLATED)
fanout372/A                             0.750000    0.788512   -0.038512 (VIOLATED)
_4628_/C                                0.750000    0.788182   -0.038182 (VIOLATED)
_4629_/A2                               0.750000    0.788182   -0.038182 (VIOLATED)
fanout373/X                             0.750000    0.788182   -0.038182 (VIOLATED)
_5981_/B                                0.750000    0.785649   -0.035649 (VIOLATED)
_5980_/A2                               0.750000    0.785649   -0.035649 (VIOLATED)
_6301_/A2                               0.750000    0.785647   -0.035647 (VIOLATED)
fanout490/A                             0.750000    0.785647   -0.035647 (VIOLATED)
_6639_/A1                               0.750000    0.785642   -0.035642 (VIOLATED)
fanout492/X                             0.750000    0.785642   -0.035642 (VIOLATED)
output86/A                              0.750000    0.783198   -0.033198 (VIOLATED)
_6870_/Y                                0.750000    0.783173   -0.033173 (VIOLATED)
_6992_/B                                0.750000    0.783173   -0.033173 (VIOLATED)
_3656_/B1                               0.750000    0.780860   -0.030860 (VIOLATED)
_3713_/B1                               0.750000    0.780860   -0.030860 (VIOLATED)
_3711_/D                                0.750000    0.780860   -0.030860 (VIOLATED)
_3655_/D                                0.750000    0.780853   -0.030853 (VIOLATED)
_3616_/B1                               0.750000    0.780847   -0.030847 (VIOLATED)
_3615_/D                                0.750000    0.780847   -0.030847 (VIOLATED)
_3834_/D                                0.750000    0.780845   -0.030845 (VIOLATED)
_3835_/B1                               0.750000    0.780845   -0.030845 (VIOLATED)
_3942_/B2                               0.750000    0.780845   -0.030845 (VIOLATED)
_3943_/A1                               0.750000    0.780845   -0.030845 (VIOLATED)
fanout209/X                             0.750000    0.780845   -0.030845 (VIOLATED)
_6582_/B1                               0.750000    0.773062   -0.023062 (VIOLATED)
_6581_/A2                               0.750000    0.773061   -0.023061 (VIOLATED)
_6948_/B2                               0.750000    0.773058   -0.023058 (VIOLATED)
_6968_/A1                               0.750000    0.773057   -0.023057 (VIOLATED)
_6982_/A2                               0.750000    0.773053   -0.023053 (VIOLATED)
fanout145/X                             0.750000    0.773053   -0.023053 (VIOLATED)
_6321_/S                                0.750000    0.766609   -0.016609 (VIOLATED)
_6310_/S1                               0.750000    0.766609   -0.016609 (VIOLATED)
_6958_/S1                               0.750000    0.766606   -0.016606 (VIOLATED)
_6893_/S                                0.750000    0.766605   -0.016605 (VIOLATED)
_6316_/S1                               0.750000    0.766603   -0.016603 (VIOLATED)
_6876_/S1                               0.750000    0.766602   -0.016602 (VIOLATED)
_6814_/S1                               0.750000    0.766600   -0.016600 (VIOLATED)
_6938_/S1                               0.750000    0.766595   -0.016595 (VIOLATED)
_6416_/S1                               0.750000    0.766593   -0.016593 (VIOLATED)
_6489_/S1                               0.750000    0.766593   -0.016593 (VIOLATED)
fanout364/X                             0.750000    0.766593   -0.016593 (VIOLATED)
_6711_/A3                               0.750000    0.763485   -0.013485 (VIOLATED)
_6301_/A0                               0.750000    0.763470   -0.013470 (VIOLATED)
load_slew529/A                          0.750000    0.763430   -0.013430 (VIOLATED)
_3585_/A                                0.750000    0.763428   -0.013428 (VIOLATED)
_3587_/A1                               0.750000    0.763428   -0.013428 (VIOLATED)
fanout528/X                             0.750000    0.763428   -0.013428 (VIOLATED)
_5003_/C1                               0.750000    0.763070   -0.013070 (VIOLATED)
_4880_/A2                               0.750000    0.763069   -0.013069 (VIOLATED)
_4999_/B1                               0.750000    0.763067   -0.013067 (VIOLATED)
_4834_/C                                0.750000    0.763067   -0.013067 (VIOLATED)
_4832_/Y                                0.750000    0.763064   -0.013064 (VIOLATED)
fanout674/A                             0.750000    0.758961   -0.008961 (VIOLATED)
fanout669/A                             0.750000    0.758956   -0.008956 (VIOLATED)
fanout671/A                             0.750000    0.758888   -0.008888 (VIOLATED)
input10/X                               0.750000    0.758535   -0.008535 (VIOLATED)
_3486_/A                                0.750000    0.756820   -0.006820 (VIOLATED)
fanout330/A                             0.750000    0.756817   -0.006817 (VIOLATED)
_4088_/C                                0.750000    0.756810   -0.006810 (VIOLATED)
_4345_/A2                               0.750000    0.756810   -0.006810 (VIOLATED)
input49/X                               0.750000    0.756810   -0.006810 (VIOLATED)

max capacitance

Pin                                        Limit         Cap       Slack
------------------------------------------------------------------------
fanout152/X                             0.094309    0.121199   -0.026890 (VIOLATED)
fanout127/X                             0.094309    0.112370   -0.018061 (VIOLATED)
fanout142/X                             0.094309    0.110841   -0.016532 (VIOLATED)



===========================================================================
report_parasitic_annotation -report_unannotated
============================================================================
Found 0 unannotated drivers.
Found 0 partially unannotated drivers.

===========================================================================
max slew violation count 739
max fanout violation count 0
max cap violation count 3
============================================================================

===========================================================================
check_setup -verbose -unconstrained_endpoints -multiple_clock -no_clock -no_input_delay -loops -generated_clocks
===========================================================================
