106. Printing statistics.

=== alu32 ===

        +----------Local Count, excluding submodules.
        | 
     4660 wires
     4756 wire bits
        7 public wires
      103 public wire bits
        7 ports
      103 port bits
     4688 cells
     1399   $_ANDNOT_
      549   $_AND_
      313   $_MUX_
      155   $_NAND_
      316   $_NOR_
       96   $_NOT_
      244   $_ORNOT_
      497   $_OR_
      316   $_XNOR_
      803   $_XOR_

   Area for cell type $_ANDNOT_ is unknown!
   Area for cell type $_AND_ is unknown!
   Area for cell type $_MUX_ is unknown!
   Area for cell type $_NAND_ is unknown!
   Area for cell type $_NOR_ is unknown!
   Area for cell type $_NOT_ is unknown!
   Area for cell type $_ORNOT_ is unknown!
   Area for cell type $_OR_ is unknown!
   Area for cell type $_XNOR_ is unknown!
   Area for cell type $_XOR_ is unknown!

