114. Printing statistics.

=== alu32 ===

        +----------Local Count, excluding submodules.
        |        +-Local Area, excluding submodules.
        |        | 
     3490        - wires
     3586        - wire bits
        7        - public wires
      103        - public wire bits
        7        - ports
      103        - port bits
     3518 3.44E+04 cells
        6   75.072   sky130_fd_sc_hd__a2111o_2
      103 1.03E+03   sky130_fd_sc_hd__a211o_2
       74  925.888   sky130_fd_sc_hd__a211oi_2
       27  270.259   sky130_fd_sc_hd__a21bo_2
       12   135.13   sky130_fd_sc_hd__a21boi_2
      154 1.35E+03   sky130_fd_sc_hd__a21o_2
      164 1.44E+03   sky130_fd_sc_hd__a21oi_2
       11  123.869   sky130_fd_sc_hd__a221o_2
      141 1.41E+03   sky130_fd_sc_hd__a22o_2
       70   875.84   sky130_fd_sc_hd__a22oi_2
        9  101.347   sky130_fd_sc_hd__a2bb2o_2
        7   78.826   sky130_fd_sc_hd__a311o_2
        3   45.043   sky130_fd_sc_hd__a311oi_2
       96  840.806   sky130_fd_sc_hd__a31o_2
       17  212.704   sky130_fd_sc_hd__a31oi_2
       15  168.912   sky130_fd_sc_hd__a32o_2
        2   32.531   sky130_fd_sc_hd__a32oi_2
        3   33.782   sky130_fd_sc_hd__a41o_2
        1   16.266   sky130_fd_sc_hd__a41oi_2
       90  675.648   sky130_fd_sc_hd__and2_2
      106   928.39   sky130_fd_sc_hd__and2b_2
      145 1.09E+03   sky130_fd_sc_hd__and3_2
        8   80.077   sky130_fd_sc_hd__and3b_2
      128 1.28E+03   sky130_fd_sc_hd__and4_2
        5   56.304   sky130_fd_sc_hd__and4b_2
       14  175.168   sky130_fd_sc_hd__and4bb_2
       73  274.013   sky130_fd_sc_hd__inv_2
       89    1E+03   sky130_fd_sc_hd__mux2_1
       48 1.08E+03   sky130_fd_sc_hd__mux4_2
      355  2220.88   sky130_fd_sc_hd__nand2_2
       63  551.779   sky130_fd_sc_hd__nand2b_2
      104 1.04E+03   sky130_fd_sc_hd__nand3_2
        3   33.782   sky130_fd_sc_hd__nand3b_2
       60   750.72   sky130_fd_sc_hd__nand4_2
      214 1.34E+03   sky130_fd_sc_hd__nor2_2
       29  290.278   sky130_fd_sc_hd__nor3_2
        3   37.536   sky130_fd_sc_hd__nor3b_2
        8  100.096   sky130_fd_sc_hd__nor4_2
        1   15.014   sky130_fd_sc_hd__nor4b_2
       89  890.854   sky130_fd_sc_hd__o211a_2
       81 1.01E+03   sky130_fd_sc_hd__o211ai_2
       47  411.645   sky130_fd_sc_hd__o21a_2
      112  980.941   sky130_fd_sc_hd__o21ai_2
       15  150.144   sky130_fd_sc_hd__o21ba_2
       21  236.477   sky130_fd_sc_hd__o21bai_2
       29  326.563   sky130_fd_sc_hd__o221a_2
        6   90.086   sky130_fd_sc_hd__o221ai_2
       32  320.307   sky130_fd_sc_hd__o22a_2
        3   37.536   sky130_fd_sc_hd__o22ai_2
       21  236.477   sky130_fd_sc_hd__o2bb2a_2
        7   78.826   sky130_fd_sc_hd__o311a_2
        1   16.266   sky130_fd_sc_hd__o311ai_2
        4   40.038   sky130_fd_sc_hd__o31a_2
        2   25.024   sky130_fd_sc_hd__o31ai_2
        2   22.522   sky130_fd_sc_hd__o32a_2
        1   12.512   sky130_fd_sc_hd__o41a_2
      106  663.136   sky130_fd_sc_hd__or2_2
       87  653.126   sky130_fd_sc_hd__or3_2
       18  157.651   sky130_fd_sc_hd__or3b_2
       19   166.41   sky130_fd_sc_hd__or4_2
        7   70.067   sky130_fd_sc_hd__or4b_2
        2   25.024   sky130_fd_sc_hd__or4bb_2
      281 4.57E+03   sky130_fd_sc_hd__xnor2_2
       64 1.04E+03   sky130_fd_sc_hd__xor2_2

   Chip area for module '\alu32': 34423.014400
     of which used for sequential elements: 0.000000 (0.00%)

