
===========================================================================
report_checks -unconstrained
===========================================================================
======================= nom_tt_025C_1v80 Corner ===================================

Startpoint: B[10] (input port clocked by __VIRTUAL_CLK__)
Endpoint: zero (output port clocked by __VIRTUAL_CLK__)
Path Group: __VIRTUAL_CLK__
Path Type: max

Fanout         Cap        Slew       Delay        Time   Description
---------------------------------------------------------------------------------------------
                      0.000000    0.000000    0.000000   clock __VIRTUAL_CLK__ (rise edge)
                                  0.000000    0.000000   clock network delay (ideal)
                                  2.000000    2.000000 v input external delay
     1    0.003379    0.009978    0.005422    2.005422 v B[10] (in)
                                                         B[10] (net)
                      0.009979    0.000000    2.005422 v input34/A (sky130_fd_sc_hd__clkbuf_2)
     3    0.028991    0.114083    0.158059    2.163482 v input34/X (sky130_fd_sc_hd__clkbuf_2)
                                                         net34 (net)
                      0.114105    0.001549    2.165031 v fanout440/A (sky130_fd_sc_hd__buf_6)
     6    0.028098    0.039103    0.163550    2.328580 v fanout440/X (sky130_fd_sc_hd__buf_6)
                                                         net440 (net)
                      0.039175    0.001439    2.330019 v fanout439/A (sky130_fd_sc_hd__clkbuf_4)
     9    0.039010    0.088806    0.185565    2.515584 v fanout439/X (sky130_fd_sc_hd__clkbuf_4)
                                                         net439 (net)
                      0.088979    0.002734    2.518318 v fanout438/A (sky130_fd_sc_hd__buf_4)
    10    0.031466    0.055867    0.184325    2.702644 v fanout438/X (sky130_fd_sc_hd__buf_4)
                                                         net438 (net)
                      0.055906    0.001345    2.703989 v _4959_/A2 (sky130_fd_sc_hd__a22o_2)
     2    0.005412    0.045877    0.264820    2.968809 v _4959_/X (sky130_fd_sc_hd__a22o_2)
                                                         _0635_ (net)
                      0.045877    0.000130    2.968939 v _4961_/A3 (sky130_fd_sc_hd__a31o_2)
     2    0.014542    0.063881    0.275862    3.244801 v _4961_/X (sky130_fd_sc_hd__a31o_2)
                                                         _0637_ (net)
                      0.063882    0.000336    3.245137 v _4969_/B1 (sky130_fd_sc_hd__a21o_4)
     2    0.011895    0.042589    0.198188    3.443325 v _4969_/X (sky130_fd_sc_hd__a21o_4)
                                                         _0646_ (net)
                      0.042589    0.000344    3.443669 v _5043_/A2 (sky130_fd_sc_hd__a21o_2)
     3    0.013297    0.058603    0.237108    3.680777 v _5043_/X (sky130_fd_sc_hd__a21o_2)
                                                         _0727_ (net)
                      0.058604    0.000373    3.681149 v _5044_/C (sky130_fd_sc_hd__and3_4)
     2    0.009729    0.039330    0.189947    3.871096 v _5044_/X (sky130_fd_sc_hd__and3_4)
                                                         _0728_ (net)
                      0.039330    0.000241    3.871337 v _5061_/C1 (sky130_fd_sc_hd__a211o_4)
     3    0.015013    0.066102    0.284284    4.155622 v _5061_/X (sky130_fd_sc_hd__a211o_4)
                                                         _0747_ (net)
                      0.066107    0.000647    4.156268 v _5063_/A1 (sky130_fd_sc_hd__a211o_4)
     2    0.006660    0.052777    0.327526    4.483794 v _5063_/X (sky130_fd_sc_hd__a211o_4)
                                                         _0749_ (net)
                      0.052777    0.000261    4.484055 v _5081_/A (sky130_fd_sc_hd__and3_4)
     3    0.013650    0.044678    0.163862    4.647917 v _5081_/X (sky130_fd_sc_hd__and3_4)
                                                         _0769_ (net)
                      0.044680    0.000382    4.648299 v _5166_/B (sky130_fd_sc_hd__or3_4)
     2    0.007484    0.070576    0.368511    5.016810 v _5166_/X (sky130_fd_sc_hd__or3_4)
                                                         _0862_ (net)
                      0.070576    0.000186    5.016996 v _5169_/A1 (sky130_fd_sc_hd__a211o_4)
     2    0.009083    0.056345    0.335471    5.352468 v _5169_/X (sky130_fd_sc_hd__a211o_4)
                                                         _0866_ (net)
                      0.056345    0.000300    5.352768 v _5170_/C (sky130_fd_sc_hd__and3_4)
     5    0.024141    0.055777    0.211315    5.564083 v _5170_/X (sky130_fd_sc_hd__and3_4)
                                                         _0867_ (net)
                      0.055792    0.000857    5.564939 v _5251_/A1 (sky130_fd_sc_hd__o21ba_2)
     2    0.009584    0.051366    0.232352    5.797292 v _5251_/X (sky130_fd_sc_hd__o21ba_2)
                                                         _0956_ (net)
                      0.051366    0.000188    5.797480 v _5252_/C1 (sky130_fd_sc_hd__a211o_4)
     5    0.023895    0.078085    0.303312    6.100791 v _5252_/X (sky130_fd_sc_hd__a211o_4)
                                                         _0957_ (net)
                      0.078136    0.000917    6.101708 v _5836_/C1 (sky130_fd_sc_hd__o211a_4)
     2    0.006384    0.041326    0.149466    6.251175 v _5836_/X (sky130_fd_sc_hd__o211a_4)
                                                         _1599_ (net)
                      0.041326    0.000210    6.251385 v _5840_/A (sky130_fd_sc_hd__or3_4)
     4    0.017593    0.088420    0.415125    6.666510 v _5840_/X (sky130_fd_sc_hd__or3_4)
                                                         _1604_ (net)
                      0.088420    0.000341    6.666851 v _5842_/C1 (sky130_fd_sc_hd__o211a_4)
     2    0.007596    0.042661    0.156320    6.823171 v _5842_/X (sky130_fd_sc_hd__o211a_4)
                                                         _1606_ (net)
                      0.042661    0.000354    6.823525 v _5856_/B (sky130_fd_sc_hd__or4bb_4)
     2    0.008140    0.091510    0.521098    7.344624 v _5856_/X (sky130_fd_sc_hd__or4bb_4)
                                                         _1621_ (net)
                      0.091510    0.000253    7.344876 v _5872_/C1 (sky130_fd_sc_hd__a2111o_2)
     2    0.013251    0.092913    0.457854    7.802730 v _5872_/X (sky130_fd_sc_hd__a2111o_2)
                                                         _1639_ (net)
                      0.092913    0.000788    7.803518 v _5877_/A2 (sky130_fd_sc_hd__a2111o_2)
     2    0.011252    0.087793    0.514449    8.317967 v _5877_/X (sky130_fd_sc_hd__a2111o_2)
                                                         _1644_ (net)
                      0.087794    0.000539    8.318506 v _5917_/A2 (sky130_fd_sc_hd__a21o_4)
     4    0.017247    0.049663    0.249000    8.567506 v _5917_/X (sky130_fd_sc_hd__a21o_4)
                                                         _1688_ (net)
                      0.049663    0.000821    8.568327 v _5936_/A1 (sky130_fd_sc_hd__a221o_2)
     2    0.014033    0.083001    0.393013    8.961340 v _5936_/X (sky130_fd_sc_hd__a221o_2)
                                                         _1709_ (net)
                      0.083001    0.000875    8.962214 v _5941_/A2 (sky130_fd_sc_hd__a211o_4)
     3    0.016379    0.068399    0.370506    9.332721 v _5941_/X (sky130_fd_sc_hd__a211o_4)
                                                         _1715_ (net)
                      0.068432    0.001304    9.334024 v _6982_/A1 (sky130_fd_sc_hd__a311o_2)
     2    0.014561    0.084506    0.362934    9.696959 v _6982_/X (sky130_fd_sc_hd__a311o_2)
                                                         net94 (net)
                      0.084507    0.001091    9.698049 v _6994_/C (sky130_fd_sc_hd__or4b_4)
     1    0.008820    0.092392    0.504337   10.202386 v _6994_/X (sky130_fd_sc_hd__or4b_4)
                                                         _2841_ (net)
                      0.092392    0.000324   10.202710 v _6995_/D (sky130_fd_sc_hd__nor4_4)
     1    0.005470    0.203803    0.153190   10.355901 ^ _6995_/Y (sky130_fd_sc_hd__nor4_4)
                                                         net103 (net)
                      0.203803    0.000129   10.356030 ^ output103/A (sky130_fd_sc_hd__buf_6)
     1    0.035809    0.080746    0.170205   10.526235 ^ output103/X (sky130_fd_sc_hd__buf_6)
                                                         zero (net)
                      0.080773    0.001398   10.527633 ^ zero (out)
                                             10.527633   data arrival time

                      0.000000   10.000000   10.000000   clock __VIRTUAL_CLK__ (rise edge)
                                  0.000000   10.000000   clock network delay (ideal)
                                 -0.250000    9.750000   clock uncertainty
                                  0.000000    9.750000   clock reconvergence pessimism
                                 -2.000000    7.750000   output external delay
                                              7.750000   data required time
---------------------------------------------------------------------------------------------
                                              7.750000   data required time
                                            -10.527633   data arrival time
---------------------------------------------------------------------------------------------
                                             -2.777632   slack (VIOLATED)




===========================================================================
report_checks --slack_max -0.01
============================================================================
======================= nom_tt_025C_1v80 Corner ===================================

Startpoint: B[10] (input port clocked by __VIRTUAL_CLK__)
Endpoint: zero (output port clocked by __VIRTUAL_CLK__)
Path Group: __VIRTUAL_CLK__
Path Type: max

Fanout         Cap        Slew       Delay        Time   Description
---------------------------------------------------------------------------------------------
                      0.000000    0.000000    0.000000   clock __VIRTUAL_CLK__ (rise edge)
                                  0.000000    0.000000   clock network delay (ideal)
                                  2.000000    2.000000 v input external delay
     1    0.003379    0.009978    0.005422    2.005422 v B[10] (in)
                                                         B[10] (net)
                      0.009979    0.000000    2.005422 v input34/A (sky130_fd_sc_hd__clkbuf_2)
     3    0.028991    0.114083    0.158059    2.163482 v input34/X (sky130_fd_sc_hd__clkbuf_2)
                                                         net34 (net)
                      0.114105    0.001549    2.165031 v fanout440/A (sky130_fd_sc_hd__buf_6)
     6    0.028098    0.039103    0.163550    2.328580 v fanout440/X (sky130_fd_sc_hd__buf_6)
                                                         net440 (net)
                      0.039175    0.001439    2.330019 v fanout439/A (sky130_fd_sc_hd__clkbuf_4)
     9    0.039010    0.088806    0.185565    2.515584 v fanout439/X (sky130_fd_sc_hd__clkbuf_4)
                                                         net439 (net)
                      0.088979    0.002734    2.518318 v fanout438/A (sky130_fd_sc_hd__buf_4)
    10    0.031466    0.055867    0.184325    2.702644 v fanout438/X (sky130_fd_sc_hd__buf_4)
                                                         net438 (net)
                      0.055906    0.001345    2.703989 v _4959_/A2 (sky130_fd_sc_hd__a22o_2)
     2    0.005412    0.045877    0.264820    2.968809 v _4959_/X (sky130_fd_sc_hd__a22o_2)
                                                         _0635_ (net)
                      0.045877    0.000130    2.968939 v _4961_/A3 (sky130_fd_sc_hd__a31o_2)
     2    0.014542    0.063881    0.275862    3.244801 v _4961_/X (sky130_fd_sc_hd__a31o_2)
                                                         _0637_ (net)
                      0.063882    0.000336    3.245137 v _4969_/B1 (sky130_fd_sc_hd__a21o_4)
     2    0.011895    0.042589    0.198188    3.443325 v _4969_/X (sky130_fd_sc_hd__a21o_4)
                                                         _0646_ (net)
                      0.042589    0.000344    3.443669 v _5043_/A2 (sky130_fd_sc_hd__a21o_2)
     3    0.013297    0.058603    0.237108    3.680777 v _5043_/X (sky130_fd_sc_hd__a21o_2)
                                                         _0727_ (net)
                      0.058604    0.000373    3.681149 v _5044_/C (sky130_fd_sc_hd__and3_4)
     2    0.009729    0.039330    0.189947    3.871096 v _5044_/X (sky130_fd_sc_hd__and3_4)
                                                         _0728_ (net)
                      0.039330    0.000241    3.871337 v _5061_/C1 (sky130_fd_sc_hd__a211o_4)
     3    0.015013    0.066102    0.284284    4.155622 v _5061_/X (sky130_fd_sc_hd__a211o_4)
                                                         _0747_ (net)
                      0.066107    0.000647    4.156268 v _5063_/A1 (sky130_fd_sc_hd__a211o_4)
     2    0.006660    0.052777    0.327526    4.483794 v _5063_/X (sky130_fd_sc_hd__a211o_4)
                                                         _0749_ (net)
                      0.052777    0.000261    4.484055 v _5081_/A (sky130_fd_sc_hd__and3_4)
     3    0.013650    0.044678    0.163862    4.647917 v _5081_/X (sky130_fd_sc_hd__and3_4)
                                                         _0769_ (net)
                      0.044680    0.000382    4.648299 v _5166_/B (sky130_fd_sc_hd__or3_4)
     2    0.007484    0.070576    0.368511    5.016810 v _5166_/X (sky130_fd_sc_hd__or3_4)
                                                         _0862_ (net)
                      0.070576    0.000186    5.016996 v _5169_/A1 (sky130_fd_sc_hd__a211o_4)
     2    0.009083    0.056345    0.335471    5.352468 v _5169_/X (sky130_fd_sc_hd__a211o_4)
                                                         _0866_ (net)
                      0.056345    0.000300    5.352768 v _5170_/C (sky130_fd_sc_hd__and3_4)
     5    0.024141    0.055777    0.211315    5.564083 v _5170_/X (sky130_fd_sc_hd__and3_4)
                                                         _0867_ (net)
                      0.055792    0.000857    5.564939 v _5251_/A1 (sky130_fd_sc_hd__o21ba_2)
     2    0.009584    0.051366    0.232352    5.797292 v _5251_/X (sky130_fd_sc_hd__o21ba_2)
                                                         _0956_ (net)
                      0.051366    0.000188    5.797480 v _5252_/C1 (sky130_fd_sc_hd__a211o_4)
     5    0.023895    0.078085    0.303312    6.100791 v _5252_/X (sky130_fd_sc_hd__a211o_4)
                                                         _0957_ (net)
                      0.078136    0.000917    6.101708 v _5836_/C1 (sky130_fd_sc_hd__o211a_4)
     2    0.006384    0.041326    0.149466    6.251175 v _5836_/X (sky130_fd_sc_hd__o211a_4)
                                                         _1599_ (net)
                      0.041326    0.000210    6.251385 v _5840_/A (sky130_fd_sc_hd__or3_4)
     4    0.017593    0.088420    0.415125    6.666510 v _5840_/X (sky130_fd_sc_hd__or3_4)
                                                         _1604_ (net)
                      0.088420    0.000341    6.666851 v _5842_/C1 (sky130_fd_sc_hd__o211a_4)
     2    0.007596    0.042661    0.156320    6.823171 v _5842_/X (sky130_fd_sc_hd__o211a_4)
                                                         _1606_ (net)
                      0.042661    0.000354    6.823525 v _5856_/B (sky130_fd_sc_hd__or4bb_4)
     2    0.008140    0.091510    0.521098    7.344624 v _5856_/X (sky130_fd_sc_hd__or4bb_4)
                                                         _1621_ (net)
                      0.091510    0.000253    7.344876 v _5872_/C1 (sky130_fd_sc_hd__a2111o_2)
     2    0.013251    0.092913    0.457854    7.802730 v _5872_/X (sky130_fd_sc_hd__a2111o_2)
                                                         _1639_ (net)
                      0.092913    0.000788    7.803518 v _5877_/A2 (sky130_fd_sc_hd__a2111o_2)
     2    0.011252    0.087793    0.514449    8.317967 v _5877_/X (sky130_fd_sc_hd__a2111o_2)
                                                         _1644_ (net)
                      0.087794    0.000539    8.318506 v _5917_/A2 (sky130_fd_sc_hd__a21o_4)
     4    0.017247    0.049663    0.249000    8.567506 v _5917_/X (sky130_fd_sc_hd__a21o_4)
                                                         _1688_ (net)
                      0.049663    0.000821    8.568327 v _5936_/A1 (sky130_fd_sc_hd__a221o_2)
     2    0.014033    0.083001    0.393013    8.961340 v _5936_/X (sky130_fd_sc_hd__a221o_2)
                                                         _1709_ (net)
                      0.083001    0.000875    8.962214 v _5941_/A2 (sky130_fd_sc_hd__a211o_4)
     3    0.016379    0.068399    0.370506    9.332721 v _5941_/X (sky130_fd_sc_hd__a211o_4)
                                                         _1715_ (net)
                      0.068432    0.001304    9.334024 v _6982_/A1 (sky130_fd_sc_hd__a311o_2)
     2    0.014561    0.084506    0.362934    9.696959 v _6982_/X (sky130_fd_sc_hd__a311o_2)
                                                         net94 (net)
                      0.084507    0.001091    9.698049 v _6994_/C (sky130_fd_sc_hd__or4b_4)
     1    0.008820    0.092392    0.504337   10.202386 v _6994_/X (sky130_fd_sc_hd__or4b_4)
                                                         _2841_ (net)
                      0.092392    0.000324   10.202710 v _6995_/D (sky130_fd_sc_hd__nor4_4)
     1    0.005470    0.203803    0.153190   10.355901 ^ _6995_/Y (sky130_fd_sc_hd__nor4_4)
                                                         net103 (net)
                      0.203803    0.000129   10.356030 ^ output103/A (sky130_fd_sc_hd__buf_6)
     1    0.035809    0.080746    0.170205   10.526235 ^ output103/X (sky130_fd_sc_hd__buf_6)
                                                         zero (net)
                      0.080773    0.001398   10.527633 ^ zero (out)
                                             10.527633   data arrival time

                      0.000000   10.000000   10.000000   clock __VIRTUAL_CLK__ (rise edge)
                                  0.000000   10.000000   clock network delay (ideal)
                                 -0.250000    9.750000   clock uncertainty
                                  0.000000    9.750000   clock reconvergence pessimism
                                 -2.000000    7.750000   output external delay
                                              7.750000   data required time
---------------------------------------------------------------------------------------------
                                              7.750000   data required time
                                            -10.527633   data arrival time
---------------------------------------------------------------------------------------------
                                             -2.777632   slack (VIOLATED)




===========================================================================
 report_check_types -max_slew -max_cap -max_fanout -violators
============================================================================
======================= nom_tt_025C_1v80 Corner ===================================



===========================================================================
report_parasitic_annotation -report_unannotated
============================================================================
Found 0 unannotated drivers.
Found 0 partially unannotated drivers.

===========================================================================
max slew violation count 0
Writing metric design__max_slew_violation__count__corner:nom_tt_025C_1v80: 0
max fanout violation count 0
Writing metric design__max_fanout_violation__count__corner:nom_tt_025C_1v80: 0
max cap violation count 0
Writing metric design__max_cap_violation__count__corner:nom_tt_025C_1v80: 0
============================================================================

===========================================================================
check_setup -verbose -unconstrained_endpoints -multiple_clock -no_clock -no_input_delay -loops -generated_clocks
===========================================================================
