
===========================================================================
report_checks -unconstrained
===========================================================================
======================= max_ss_100C_1v60 Corner ===================================

Startpoint: B[0] (input port clocked by __VIRTUAL_CLK__)
Endpoint: zero (output port clocked by __VIRTUAL_CLK__)
Path Group: __VIRTUAL_CLK__
Path Type: max

Fanout         Cap        Slew       Delay        Time   Description
---------------------------------------------------------------------------------------------
                      0.000000    0.000000    0.000000   clock __VIRTUAL_CLK__ (rise edge)
                                  0.000000    0.000000   clock network delay (ideal)
                                  2.000000    2.000000 ^ input external delay
     1    0.004361    0.042814    0.024091    2.024091 ^ B[0] (in)
                                                         B[0] (net)
                      0.042815    0.000000    2.024091 ^ input33/A (sky130_fd_sc_hd__dlymetal6s4s_1)
     4    0.069565    1.042305    0.981072    3.005164 ^ input33/X (sky130_fd_sc_hd__dlymetal6s4s_1)
                                                         net33 (net)
                      1.042440    0.009943    3.015107 ^ fanout456/A (sky130_fd_sc_hd__buf_4)
     6    0.052697    0.249178    0.677254    3.692361 ^ fanout456/X (sky130_fd_sc_hd__buf_4)
                                                         net456 (net)
                      0.249314    0.005355    3.697716 ^ fanout447/A (sky130_fd_sc_hd__clkdlybuf4s25_1)
     6    0.048304    0.774567    1.040891    4.738606 ^ fanout447/X (sky130_fd_sc_hd__clkdlybuf4s25_1)
                                                         net447 (net)
                      0.774567    0.002145    4.740751 ^ fanout446/A (sky130_fd_sc_hd__dlymetal6s4s_1)
     7    0.052018    0.790372    1.048749    5.789500 ^ fanout446/X (sky130_fd_sc_hd__dlymetal6s4s_1)
                                                         net446 (net)
                      0.790372    0.002332    5.791832 ^ _6409_/S (sky130_fd_sc_hd__mux2_1)
     2    0.005408    0.136992    0.930396    6.722229 v _6409_/X (sky130_fd_sc_hd__mux2_1)
                                                         _2228_ (net)
                      0.136992    0.000445    6.722674 v _6500_/A0 (sky130_fd_sc_hd__mux2_1)
     3    0.019174    0.249319    0.831218    7.553892 v _6500_/X (sky130_fd_sc_hd__mux2_1)
                                                         _2326_ (net)
                      0.249319    0.000770    7.554662 v _6501_/A1 (sky130_fd_sc_hd__mux2_1)
     2    0.014235    0.211547    0.859823    8.414485 v _6501_/X (sky130_fd_sc_hd__mux2_1)
                                                         _2327_ (net)
                      0.211547    0.000660    8.415145 v _6504_/A0 (sky130_fd_sc_hd__mux2_1)
     1    0.005576    0.138612    0.724786    9.139931 v _6504_/X (sky130_fd_sc_hd__mux2_1)
                                                         _2330_ (net)
                      0.138612    0.000533    9.140464 v _6510_/B1 (sky130_fd_sc_hd__a22o_2)
     1    0.003712    0.072851    0.411251    9.551714 v _6510_/X (sky130_fd_sc_hd__a22o_2)
                                                         _2337_ (net)
                      0.072851    0.000239    9.551953 v _6511_/C1 (sky130_fd_sc_hd__a2111o_2)
     1    0.024620    0.216065    0.932267   10.484220 v _6511_/X (sky130_fd_sc_hd__a2111o_2)
                                                         _2338_ (net)
                      0.216100    0.002721   10.486941 v _6512_/C (sky130_fd_sc_hd__or3_2)
     1    0.005702    0.184842    1.052986   11.539927 v _6512_/X (sky130_fd_sc_hd__or3_2)
                                                         _2339_ (net)
                      0.184842    0.000421   11.540349 v _6513_/B1 (sky130_fd_sc_hd__a31o_2)
     2    0.013912    0.121312    0.497614   12.037963 v _6513_/X (sky130_fd_sc_hd__a31o_2)
                                                         net96 (net)
                      0.121312    0.001517   12.039480 v _6985_/C (sky130_fd_sc_hd__or4_4)
     1    0.009425    0.172287    1.003182   13.042663 v _6985_/X (sky130_fd_sc_hd__or4_4)
                                                         _2831_ (net)
                      0.172287    0.000759   13.043422 v _6986_/C (sky130_fd_sc_hd__or4_4)
     1    0.024345    0.222393    1.108780   14.152202 v _6986_/X (sky130_fd_sc_hd__or4_4)
                                                         _2832_ (net)
                      0.222393    0.003842   14.156044 v _6987_/D (sky130_fd_sc_hd__nor4_4)
     1    0.010610    0.427030    0.371153   14.527197 ^ _6987_/Y (sky130_fd_sc_hd__nor4_4)
                                                         _2833_ (net)
                      0.427031    0.001058   14.528255 ^ _6988_/C_N (sky130_fd_sc_hd__or3b_4)
     1    0.007620    0.129842    0.873108   15.401362 v _6988_/X (sky130_fd_sc_hd__or3b_4)
                                                         _2834_ (net)
                      0.129842    0.000627   15.401989 v _6989_/D (sky130_fd_sc_hd__or4_4)
     1    0.010121    0.173959    0.892443   16.294434 v _6989_/X (sky130_fd_sc_hd__or4_4)
                                                         _2836_ (net)
                      0.173959    0.000657   16.295090 v _6990_/C (sky130_fd_sc_hd__or3_4)
     1    0.017164    0.153630    0.747820   17.042910 v _6990_/X (sky130_fd_sc_hd__or3_4)
                                                         _2837_ (net)
                      0.153642    0.001464   17.044373 v _6991_/C (sky130_fd_sc_hd__or3_4)
     1    0.010730    0.136716    0.709504   17.753878 v _6991_/X (sky130_fd_sc_hd__or3_4)
                                                         _2838_ (net)
                      0.136716    0.001144   17.755020 v _6992_/D (sky130_fd_sc_hd__nor4_4)
     1    0.011451    0.444660    0.354870   18.109892 ^ _6992_/Y (sky130_fd_sc_hd__nor4_4)
                                                         _2839_ (net)
                      0.444660    0.001254   18.111145 ^ wire104/A (sky130_fd_sc_hd__clkbuf_2)
     1    0.027363    0.240779    0.467908   18.579054 ^ wire104/X (sky130_fd_sc_hd__clkbuf_2)
                                                         net104 (net)
                      0.240796    0.002212   18.581264 ^ _6994_/D_N (sky130_fd_sc_hd__or4b_4)
     1    0.008429    0.169481    1.012735   19.594000 v _6994_/X (sky130_fd_sc_hd__or4b_4)
                                                         _2841_ (net)
                      0.169481    0.000638   19.594637 v _6995_/D (sky130_fd_sc_hd__nor4_4)
     1    0.005760    0.339387    0.281151   19.875788 ^ _6995_/Y (sky130_fd_sc_hd__nor4_4)
                                                         net103 (net)
                      0.339387    0.000441   19.876228 ^ output103/A (sky130_fd_sc_hd__buf_6)
     1    0.036925    0.131996    0.336957   20.213186 ^ output103/X (sky130_fd_sc_hd__buf_6)
                                                         zero (net)
                      0.132096    0.003293   20.216480 ^ zero (out)
                                             20.216480   data arrival time

                      0.000000   10.000000   10.000000   clock __VIRTUAL_CLK__ (rise edge)
                                  0.000000   10.000000   clock network delay (ideal)
                                 -0.250000    9.750000   clock uncertainty
                                  0.000000    9.750000   clock reconvergence pessimism
                                 -2.000000    7.750000   output external delay
                                              7.750000   data required time
---------------------------------------------------------------------------------------------
                                              7.750000   data required time
                                            -20.216480   data arrival time
---------------------------------------------------------------------------------------------
                                            -12.466479   slack (VIOLATED)




===========================================================================
report_checks --slack_max -0.01
============================================================================
======================= max_ss_100C_1v60 Corner ===================================

Startpoint: B[0] (input port clocked by __VIRTUAL_CLK__)
Endpoint: zero (output port clocked by __VIRTUAL_CLK__)
Path Group: __VIRTUAL_CLK__
Path Type: max

Fanout         Cap        Slew       Delay        Time   Description
---------------------------------------------------------------------------------------------
                      0.000000    0.000000    0.000000   clock __VIRTUAL_CLK__ (rise edge)
                                  0.000000    0.000000   clock network delay (ideal)
                                  2.000000    2.000000 ^ input external delay
     1    0.004361    0.042814    0.024091    2.024091 ^ B[0] (in)
                                                         B[0] (net)
                      0.042815    0.000000    2.024091 ^ input33/A (sky130_fd_sc_hd__dlymetal6s4s_1)
     4    0.069565    1.042305    0.981072    3.005164 ^ input33/X (sky130_fd_sc_hd__dlymetal6s4s_1)
                                                         net33 (net)
                      1.042440    0.009943    3.015107 ^ fanout456/A (sky130_fd_sc_hd__buf_4)
     6    0.052697    0.249178    0.677254    3.692361 ^ fanout456/X (sky130_fd_sc_hd__buf_4)
                                                         net456 (net)
                      0.249314    0.005355    3.697716 ^ fanout447/A (sky130_fd_sc_hd__clkdlybuf4s25_1)
     6    0.048304    0.774567    1.040891    4.738606 ^ fanout447/X (sky130_fd_sc_hd__clkdlybuf4s25_1)
                                                         net447 (net)
                      0.774567    0.002145    4.740751 ^ fanout446/A (sky130_fd_sc_hd__dlymetal6s4s_1)
     7    0.052018    0.790372    1.048749    5.789500 ^ fanout446/X (sky130_fd_sc_hd__dlymetal6s4s_1)
                                                         net446 (net)
                      0.790372    0.002332    5.791832 ^ _6409_/S (sky130_fd_sc_hd__mux2_1)
     2    0.005408    0.136992    0.930396    6.722229 v _6409_/X (sky130_fd_sc_hd__mux2_1)
                                                         _2228_ (net)
                      0.136992    0.000445    6.722674 v _6500_/A0 (sky130_fd_sc_hd__mux2_1)
     3    0.019174    0.249319    0.831218    7.553892 v _6500_/X (sky130_fd_sc_hd__mux2_1)
                                                         _2326_ (net)
                      0.249319    0.000770    7.554662 v _6501_/A1 (sky130_fd_sc_hd__mux2_1)
     2    0.014235    0.211547    0.859823    8.414485 v _6501_/X (sky130_fd_sc_hd__mux2_1)
                                                         _2327_ (net)
                      0.211547    0.000660    8.415145 v _6504_/A0 (sky130_fd_sc_hd__mux2_1)
     1    0.005576    0.138612    0.724786    9.139931 v _6504_/X (sky130_fd_sc_hd__mux2_1)
                                                         _2330_ (net)
                      0.138612    0.000533    9.140464 v _6510_/B1 (sky130_fd_sc_hd__a22o_2)
     1    0.003712    0.072851    0.411251    9.551714 v _6510_/X (sky130_fd_sc_hd__a22o_2)
                                                         _2337_ (net)
                      0.072851    0.000239    9.551953 v _6511_/C1 (sky130_fd_sc_hd__a2111o_2)
     1    0.024620    0.216065    0.932267   10.484220 v _6511_/X (sky130_fd_sc_hd__a2111o_2)
                                                         _2338_ (net)
                      0.216100    0.002721   10.486941 v _6512_/C (sky130_fd_sc_hd__or3_2)
     1    0.005702    0.184842    1.052986   11.539927 v _6512_/X (sky130_fd_sc_hd__or3_2)
                                                         _2339_ (net)
                      0.184842    0.000421   11.540349 v _6513_/B1 (sky130_fd_sc_hd__a31o_2)
     2    0.013912    0.121312    0.497614   12.037963 v _6513_/X (sky130_fd_sc_hd__a31o_2)
                                                         net96 (net)
                      0.121312    0.001517   12.039480 v _6985_/C (sky130_fd_sc_hd__or4_4)
     1    0.009425    0.172287    1.003182   13.042663 v _6985_/X (sky130_fd_sc_hd__or4_4)
                                                         _2831_ (net)
                      0.172287    0.000759   13.043422 v _6986_/C (sky130_fd_sc_hd__or4_4)
     1    0.024345    0.222393    1.108780   14.152202 v _6986_/X (sky130_fd_sc_hd__or4_4)
                                                         _2832_ (net)
                      0.222393    0.003842   14.156044 v _6987_/D (sky130_fd_sc_hd__nor4_4)
     1    0.010610    0.427030    0.371153   14.527197 ^ _6987_/Y (sky130_fd_sc_hd__nor4_4)
                                                         _2833_ (net)
                      0.427031    0.001058   14.528255 ^ _6988_/C_N (sky130_fd_sc_hd__or3b_4)
     1    0.007620    0.129842    0.873108   15.401362 v _6988_/X (sky130_fd_sc_hd__or3b_4)
                                                         _2834_ (net)
                      0.129842    0.000627   15.401989 v _6989_/D (sky130_fd_sc_hd__or4_4)
     1    0.010121    0.173959    0.892443   16.294434 v _6989_/X (sky130_fd_sc_hd__or4_4)
                                                         _2836_ (net)
                      0.173959    0.000657   16.295090 v _6990_/C (sky130_fd_sc_hd__or3_4)
     1    0.017164    0.153630    0.747820   17.042910 v _6990_/X (sky130_fd_sc_hd__or3_4)
                                                         _2837_ (net)
                      0.153642    0.001464   17.044373 v _6991_/C (sky130_fd_sc_hd__or3_4)
     1    0.010730    0.136716    0.709504   17.753878 v _6991_/X (sky130_fd_sc_hd__or3_4)
                                                         _2838_ (net)
                      0.136716    0.001144   17.755020 v _6992_/D (sky130_fd_sc_hd__nor4_4)
     1    0.011451    0.444660    0.354870   18.109892 ^ _6992_/Y (sky130_fd_sc_hd__nor4_4)
                                                         _2839_ (net)
                      0.444660    0.001254   18.111145 ^ wire104/A (sky130_fd_sc_hd__clkbuf_2)
     1    0.027363    0.240779    0.467908   18.579054 ^ wire104/X (sky130_fd_sc_hd__clkbuf_2)
                                                         net104 (net)
                      0.240796    0.002212   18.581264 ^ _6994_/D_N (sky130_fd_sc_hd__or4b_4)
     1    0.008429    0.169481    1.012735   19.594000 v _6994_/X (sky130_fd_sc_hd__or4b_4)
                                                         _2841_ (net)
                      0.169481    0.000638   19.594637 v _6995_/D (sky130_fd_sc_hd__nor4_4)
     1    0.005760    0.339387    0.281151   19.875788 ^ _6995_/Y (sky130_fd_sc_hd__nor4_4)
                                                         net103 (net)
                      0.339387    0.000441   19.876228 ^ output103/A (sky130_fd_sc_hd__buf_6)
     1    0.036925    0.131996    0.336957   20.213186 ^ output103/X (sky130_fd_sc_hd__buf_6)
                                                         zero (net)
                      0.132096    0.003293   20.216480 ^ zero (out)
                                             20.216480   data arrival time

                      0.000000   10.000000   10.000000   clock __VIRTUAL_CLK__ (rise edge)
                                  0.000000   10.000000   clock network delay (ideal)
                                 -0.250000    9.750000   clock uncertainty
                                  0.000000    9.750000   clock reconvergence pessimism
                                 -2.000000    7.750000   output external delay
                                              7.750000   data required time
---------------------------------------------------------------------------------------------
                                              7.750000   data required time
                                            -20.216480   data arrival time
---------------------------------------------------------------------------------------------
                                            -12.466479   slack (VIOLATED)




===========================================================================
 report_check_types -max_slew -max_cap -max_fanout -violators
============================================================================
======================= max_ss_100C_1v60 Corner ===================================

max slew

Pin                                        Limit        Slew       Slack
------------------------------------------------------------------------
_6906_/B1                               0.750000    1.795250   -1.045250 (VIOLATED)
_6841_/A                                0.750000    1.795245   -1.045245 (VIOLATED)
_6873_/B1                               0.750000    1.795243   -1.045243 (VIOLATED)
_6870_/A1                               0.750000    1.795191   -1.045191 (VIOLATED)
_6063_/B1                               0.750000    1.795058   -1.045058 (VIOLATED)
_6633_/B1                               0.750000    1.794343   -1.044343 (VIOLATED)
fanout146/A                             0.750000    1.794245   -1.044245 (VIOLATED)
fanout147/X                             0.750000    1.794211   -1.044211 (VIOLATED)
_6742_/B1                               0.750000    1.736775   -0.986775 (VIOLATED)
_6778_/B1                               0.750000    1.736774   -0.986774 (VIOLATED)
_6720_/A1                               0.750000    1.736756   -0.986756 (VIOLATED)
_6690_/B1                               0.750000    1.736726   -0.986726 (VIOLATED)
_6601_/B1                               0.750000    1.736673   -0.986673 (VIOLATED)
_6443_/B1                               0.750000    1.736649   -0.986649 (VIOLATED)
_6543_/A2                               0.750000    1.736644   -0.986644 (VIOLATED)
_6204_/B1                               0.750000    1.736636   -0.986636 (VIOLATED)
_6517_/B1                               0.750000    1.736620   -0.986620 (VIOLATED)
_6487_/B1                               0.750000    1.736616   -0.986616 (VIOLATED)
fanout157/X                             0.750000    1.736161   -0.986161 (VIOLATED)
_6826_/A2                               0.750000    1.552655   -0.802655 (VIOLATED)
_6863_/A2                               0.750000    1.552648   -0.802648 (VIOLATED)
_6927_/A2                               0.750000    1.552600   -0.802600 (VIOLATED)
_6891_/A2                               0.750000    1.552546   -0.802546 (VIOLATED)
_6590_/A2                               0.750000    1.552524   -0.802524 (VIOLATED)
_6572_/A2                               0.750000    1.552521   -0.802521 (VIOLATED)
_6963_/A2                               0.750000    1.552517   -0.802517 (VIOLATED)
_6533_/A2                               0.750000    1.552504   -0.802504 (VIOLATED)
fanout141/A                             0.750000    1.552477   -0.802478 (VIOLATED)
fanout142/X                             0.750000    1.552455   -0.802455 (VIOLATED)
_3785_/B                                0.750000    1.546863   -0.796863 (VIOLATED)
_3534_/B                                0.750000    1.546857   -0.796857 (VIOLATED)
_3541_/D                                0.750000    1.546819   -0.796819 (VIOLATED)
_6076_/A                                0.750000    1.546744   -0.796744 (VIOLATED)
_6075_/A                                0.750000    1.546742   -0.796742 (VIOLATED)
_6077_/A                                0.750000    1.546741   -0.796741 (VIOLATED)
_6263_/A_N                              0.750000    1.546740   -0.796740 (VIOLATED)
_4345_/B1                               0.750000    1.546371   -0.796371 (VIOLATED)
_4088_/D                                0.750000    1.546295   -0.796295 (VIOLATED)
_4087_/B                                0.750000    1.546106   -0.796106 (VIOLATED)
fanout326/X                             0.750000    1.546089   -0.796089 (VIOLATED)
_6731_/A                                0.750000    1.433907   -0.683907 (VIOLATED)
_6570_/A1                               0.750000    1.433901   -0.683901 (VIOLATED)
_6460_/B                                0.750000    1.433899   -0.683899 (VIOLATED)
_6312_/A                                0.750000    1.433889   -0.683889 (VIOLATED)
_6494_/A2                               0.750000    1.433884   -0.683884 (VIOLATED)
_6496_/A2                               0.750000    1.433877   -0.683878 (VIOLATED)
_6529_/B                                0.750000    1.433809   -0.683809 (VIOLATED)
_6316_/A0                               0.750000    1.433771   -0.683771 (VIOLATED)
_5954_/B                                0.750000    1.433701   -0.683701 (VIOLATED)
_3505_/A                                0.750000    1.433660   -0.683660 (VIOLATED)
fanout574/X                             0.750000    1.433660   -0.683660 (VIOLATED)
_6888_/C1                               0.750000    1.407454   -0.657454 (VIOLATED)
_6923_/A                                0.750000    1.407454   -0.657454 (VIOLATED)
_6837_/A1                               0.750000    1.407431   -0.657431 (VIOLATED)
_6820_/A1                               0.750000    1.407401   -0.657401 (VIOLATED)
_6753_/A1                               0.750000    1.407284   -0.657284 (VIOLATED)
_6706_/B1                               0.750000    1.407238   -0.657238 (VIOLATED)
_6737_/A1                               0.750000    1.407226   -0.657226 (VIOLATED)
_6667_/A1                               0.750000    1.407096   -0.657096 (VIOLATED)
_6473_/A2                               0.750000    1.406972   -0.656972 (VIOLATED)
_6513_/A2                               0.750000    1.406961   -0.656961 (VIOLATED)
fanout148/X                             0.750000    1.406955   -0.656955 (VIOLATED)
_6818_/A1                               0.750000    1.401112   -0.651112 (VIOLATED)
_6853_/A                                0.750000    1.401112   -0.651112 (VIOLATED)
_6788_/B                                0.750000    1.401096   -0.651096 (VIOLATED)
_6688_/B1                               0.750000    1.400878   -0.650878 (VIOLATED)
_6653_/B1                               0.750000    1.400819   -0.650819 (VIOLATED)
_6616_/B1                               0.750000    1.400737   -0.650737 (VIOLATED)
_6595_/A1                               0.750000    1.400621   -0.650621 (VIOLATED)
_6566_/B                                0.750000    1.400519   -0.650520 (VIOLATED)
_6543_/B2                               0.750000    1.400459   -0.650459 (VIOLATED)
_6442_/B1                               0.750000    1.400416   -0.650416 (VIOLATED)
fanout150/X                             0.750000    1.400402   -0.650402 (VIOLATED)
_6531_/A                                0.750000    1.393138   -0.643138 (VIOLATED)
_6628_/A1                               0.750000    1.393139   -0.643139 (VIOLATED)
_6897_/S                                0.750000    1.393135   -0.643135 (VIOLATED)
_6389_/A                                0.750000    1.393126   -0.643126 (VIOLATED)
_6364_/A                                0.750000    1.393105   -0.643105 (VIOLATED)
_6228_/B                                0.750000    1.393071   -0.643071 (VIOLATED)
_6393_/A                                0.750000    1.393070   -0.643070 (VIOLATED)
_6318_/A                                0.750000    1.393063   -0.643063 (VIOLATED)
_6464_/A                                0.750000    1.393040   -0.643040 (VIOLATED)
_6483_/A1                               0.750000    1.393035   -0.643035 (VIOLATED)
fanout179/X                             0.750000    1.393035   -0.643035 (VIOLATED)
_6864_/B1                               0.750000    1.388151   -0.638151 (VIOLATED)
_6844_/A2_N                             0.750000    1.388147   -0.638147 (VIOLATED)
_6928_/B1                               0.750000    1.388146   -0.638146 (VIOLATED)
fanout130/A                             0.750000    1.388123   -0.638123 (VIOLATED)
fanout128/A                             0.750000    1.388066   -0.638066 (VIOLATED)
fanout129/A                             0.750000    1.388052   -0.638052 (VIOLATED)
fanout131/X                             0.750000    1.388028   -0.638028 (VIOLATED)
_6777_/A                                0.750000    1.375247   -0.625247 (VIOLATED)
_6792_/B1                               0.750000    1.375245   -0.625245 (VIOLATED)
_6773_/A1                               0.750000    1.375235   -0.625235 (VIOLATED)
_6704_/A1                               0.750000    1.374627   -0.624627 (VIOLATED)
_6669_/B1                               0.750000    1.374597   -0.624597 (VIOLATED)
_6614_/B1                               0.750000    1.374481   -0.624481 (VIOLATED)
_6598_/B1                               0.750000    1.374420   -0.624420 (VIOLATED)
_6440_/B1                               0.750000    1.374382   -0.624382 (VIOLATED)
_6516_/A                                0.750000    1.374363   -0.624363 (VIOLATED)
_6541_/B1                               0.750000    1.374363   -0.624363 (VIOLATED)
fanout146/X                             0.750000    1.374363   -0.624363 (VIOLATED)
_6768_/A1                               0.750000    1.320637   -0.570637 (VIOLATED)
_6801_/B2                               0.750000    1.320612   -0.570612 (VIOLATED)
_6866_/A2                               0.750000    1.320603   -0.570603 (VIOLATED)
_6593_/A2_N                             0.750000    1.320564   -0.570564 (VIOLATED)
_6784_/B2                               0.750000    1.320548   -0.570548 (VIOLATED)
_6849_/B2                               0.750000    1.320528   -0.570528 (VIOLATED)
_6511_/A1                               0.750000    1.320431   -0.570431 (VIOLATED)
_6576_/B2                               0.750000    1.320429   -0.570429 (VIOLATED)
_6451_/A1                               0.750000    1.320423   -0.570423 (VIOLATED)
_6372_/B                                0.750000    1.320015   -0.570015 (VIOLATED)
fanout124/X                             0.750000    1.320015   -0.570015 (VIOLATED)
_6641_/A2                               0.750000    1.318947   -0.568947 (VIOLATED)
_6911_/A1                               0.750000    1.318932   -0.568932 (VIOLATED)
_6925_/A1                               0.750000    1.318907   -0.568907 (VIOLATED)
_6659_/A1                               0.750000    1.318875   -0.568875 (VIOLATED)
_6308_/B1                               0.750000    1.318869   -0.568869 (VIOLATED)
_6961_/A1                               0.750000    1.318805   -0.568805 (VIOLATED)
_6895_/A1                               0.750000    1.318777   -0.568777 (VIOLATED)
_6693_/A1                               0.750000    1.318746   -0.568746 (VIOLATED)
_6623_/A1                               0.750000    1.318698   -0.568698 (VIOLATED)
_6675_/A1                               0.750000    1.318203   -0.568203 (VIOLATED)
fanout125/X                             0.750000    1.318203   -0.568203 (VIOLATED)
_6891_/B1                               0.750000    1.304034   -0.554034 (VIOLATED)
_6879_/A2                               0.750000    1.304019   -0.554019 (VIOLATED)
_6591_/A2                               0.750000    1.304015   -0.554015 (VIOLATED)
_6572_/B1                               0.750000    1.304014   -0.554014 (VIOLATED)
_6551_/A2                               0.750000    1.304010   -0.554010 (VIOLATED)
_6334_/A2                               0.750000    1.304010   -0.554010 (VIOLATED)
_6508_/B1                               0.750000    1.304006   -0.554006 (VIOLATED)
_6535_/A2                               0.750000    1.304001   -0.554001 (VIOLATED)
_6468_/B1                               0.750000    1.303998   -0.553998 (VIOLATED)
_6445_/B1                               0.750000    1.303998   -0.553998 (VIOLATED)
fanout139/X                             0.750000    1.303996   -0.553996 (VIOLATED)
_6811_/A2                               0.750000    1.291830   -0.541830 (VIOLATED)
_6826_/B1                               0.750000    1.291829   -0.541829 (VIOLATED)
_6863_/B1                               0.750000    1.291814   -0.541814 (VIOLATED)
_6843_/A2                               0.750000    1.291808   -0.541808 (VIOLATED)
_6927_/B1                               0.750000    1.291770   -0.541770 (VIOLATED)
_6913_/B1                               0.750000    1.291763   -0.541763 (VIOLATED)
_6645_/B1                               0.750000    1.291755   -0.541755 (VIOLATED)
_6662_/B1                               0.750000    1.291755   -0.541755 (VIOLATED)
fanout137/A                             0.750000    1.291755   -0.541755 (VIOLATED)
fanout138/X                             0.750000    1.291755   -0.541755 (VIOLATED)
_6925_/B2                               0.750000    1.271670   -0.521671 (VIOLATED)
_6960_/A                                0.750000    1.271670   -0.521670 (VIOLATED)
_6865_/A2                               0.750000    1.271667   -0.521667 (VIOLATED)
_6911_/B2                               0.750000    1.271623   -0.521623 (VIOLATED)
fanout126/A                             0.750000    1.271529   -0.521529 (VIOLATED)
_6713_/B2                               0.750000    1.271496   -0.521496 (VIOLATED)
_6482_/A2                               0.750000    1.271305   -0.521305 (VIOLATED)
_6675_/B2                               0.750000    1.271078   -0.521078 (VIOLATED)
_6528_/A                                0.750000    1.271012   -0.521012 (VIOLATED)
_6743_/A1                               0.750000    1.270950   -0.520950 (VIOLATED)
fanout127/X                             0.750000    1.270925   -0.520925 (VIOLATED)
_6605_/B1                               0.750000    1.230519   -0.480519 (VIOLATED)
_6591_/B1                               0.750000    1.230516   -0.480516 (VIOLATED)
_6573_/B1                               0.750000    1.230515   -0.480515 (VIOLATED)
_6339_/A                                0.750000    1.230513   -0.480514 (VIOLATED)
_6535_/B1                               0.750000    1.230497   -0.480497 (VIOLATED)
_6506_/B                                0.750000    1.230490   -0.480490 (VIOLATED)
_6340_/A2                               0.750000    1.230484   -0.480484 (VIOLATED)
_6449_/B1                               0.750000    1.230484   -0.480484 (VIOLATED)
_6469_/B1                               0.750000    1.230484   -0.480484 (VIOLATED)
_6880_/B1                               0.750000    1.230484   -0.480484 (VIOLATED)
fanout129/X                             0.750000    1.230484   -0.480484 (VIOLATED)
_6608_/S                                0.750000    1.214566   -0.464566 (VIOLATED)
_6303_/A                                0.750000    1.214565   -0.464565 (VIOLATED)
_6602_/A                                0.750000    1.214563   -0.464563 (VIOLATED)
_6568_/C1                               0.750000    1.214547   -0.464547 (VIOLATED)
_6524_/S                                0.750000    1.214529   -0.464529 (VIOLATED)
_6481_/S1                               0.750000    1.214519   -0.464519 (VIOLATED)
_6577_/S0                               0.750000    1.214519   -0.464519 (VIOLATED)
_6407_/S1                               0.750000    1.214171   -0.464171 (VIOLATED)
_6219_/B                                0.750000    1.214137   -0.464138 (VIOLATED)
_6226_/A2                               0.750000    1.214129   -0.464129 (VIOLATED)
fanout177/X                             0.750000    1.214129   -0.464129 (VIOLATED)
_6173_/A                                0.750000    1.199362   -0.449362 (VIOLATED)
_6174_/A                                0.750000    1.199361   -0.449361 (VIOLATED)
_6175_/A                                0.750000    1.199360   -0.449360 (VIOLATED)
_3485_/A                                0.750000    1.199342   -0.449342 (VIOLATED)
_3890_/C                                0.750000    1.199306   -0.449306 (VIOLATED)
_3889_/C                                0.750000    1.199301   -0.449301 (VIOLATED)
_3993_/B2                               0.750000    1.199301   -0.449301 (VIOLATED)
_3955_/D                                0.750000    1.199297   -0.449297 (VIOLATED)
_3957_/B1                               0.750000    1.199296   -0.449295 (VIOLATED)
_3990_/B                                0.750000    1.199292   -0.449292 (VIOLATED)
fanout311/X                             0.750000    1.199289   -0.449289 (VIOLATED)
_6605_/A2                               0.750000    1.195120   -0.445120 (VIOLATED)
_6590_/B1                               0.750000    1.195119   -0.445119 (VIOLATED)
_6573_/A2                               0.750000    1.195111   -0.445111 (VIOLATED)
_6551_/B1                               0.750000    1.195105   -0.445105 (VIOLATED)
_6509_/A2                               0.750000    1.195103   -0.445103 (VIOLATED)
_6533_/B1                               0.750000    1.194690   -0.444690 (VIOLATED)
_6469_/A2                               0.750000    1.194672   -0.444672 (VIOLATED)
_6449_/A2                               0.750000    1.194651   -0.444651 (VIOLATED)
_6334_/B1                               0.750000    1.194641   -0.444641 (VIOLATED)
_6374_/B1                               0.750000    1.194641   -0.444641 (VIOLATED)
fanout135/X                             0.750000    1.194641   -0.444641 (VIOLATED)
_6178_/A                                0.750000    1.098250   -0.348250 (VIOLATED)
_4107_/A2                               0.750000    1.098244   -0.348244 (VIOLATED)
_4067_/B                                0.750000    1.098242   -0.348242 (VIOLATED)
_6177_/A                                0.750000    1.098240   -0.348241 (VIOLATED)
ANTENNA_7/DIODE                         0.750000    1.098234   -0.348234 (VIOLATED)
_6275_/A_N                              0.750000    1.098232   -0.348232 (VIOLATED)
_3890_/D                                0.750000    1.098210   -0.348210 (VIOLATED)
_4045_/B1                               0.750000    1.098208   -0.348208 (VIOLATED)
_3889_/D                                0.750000    1.097797   -0.347797 (VIOLATED)
_3956_/B                                0.750000    1.097793   -0.347793 (VIOLATED)
_3959_/A2                               0.750000    1.097793   -0.347793 (VIOLATED)
fanout312/X                             0.750000    1.097793   -0.347793 (VIOLATED)
_3530_/A                                0.750000    1.082630   -0.332630 (VIOLATED)
_3533_/A1                               0.750000    1.082626   -0.332626 (VIOLATED)
_6975_/A1                               0.750000    1.082617   -0.332617 (VIOLATED)
_6958_/A0                               0.750000    1.082614   -0.332614 (VIOLATED)
_6492_/A2                               0.750000    1.082612   -0.332612 (VIOLATED)
_6316_/A2                               0.750000    1.082611   -0.332611 (VIOLATED)
_3868_/A                                0.750000    1.082602   -0.332602 (VIOLATED)
_5967_/A1                               0.750000    1.082579   -0.332579 (VIOLATED)
_5955_/A2                               0.750000    1.082525   -0.332525 (VIOLATED)
_3502_/A                                0.750000    1.082514   -0.332514 (VIOLATED)
fanout591/X                             0.750000    1.082514   -0.332514 (VIOLATED)
_6765_/B                                0.750000    1.074707   -0.324707 (VIOLATED)
_6799_/A2                               0.750000    1.074703   -0.324703 (VIOLATED)
_6693_/B2                               0.750000    1.074698   -0.324698 (VIOLATED)
_6554_/A                                0.750000    1.074697   -0.324697 (VIOLATED)
_6895_/B2                               0.750000    1.074681   -0.324681 (VIOLATED)
_6623_/B2                               0.750000    1.074664   -0.324665 (VIOLATED)
_6308_/A1                               0.750000    1.074622   -0.324622 (VIOLATED)
_6659_/B2                               0.750000    1.074620   -0.324620 (VIOLATED)
_6846_/A2                               0.750000    1.074559   -0.324560 (VIOLATED)
_6641_/B2                               0.750000    1.074547   -0.324547 (VIOLATED)
fanout126/X                             0.750000    1.074547   -0.324547 (VIOLATED)
_6589_/A                                0.750000    1.066243   -0.316243 (VIOLATED)
_6546_/C1                               0.750000    1.066238   -0.316238 (VIOLATED)
_6588_/A                                0.750000    1.066237   -0.316237 (VIOLATED)
_6585_/S0                               0.750000    1.066234   -0.316234 (VIOLATED)
_6437_/S1                               0.750000    1.066233   -0.316233 (VIOLATED)
_6558_/S0                               0.750000    1.066231   -0.316231 (VIOLATED)
_6491_/A                                0.750000    1.066229   -0.316229 (VIOLATED)
_6504_/S                                0.750000    1.066229   -0.316229 (VIOLATED)
_6620_/S1                               0.750000    1.066226   -0.316226 (VIOLATED)
_6415_/A                                0.750000    1.066223   -0.316223 (VIOLATED)
fanout178/X                             0.750000    1.066223   -0.316223 (VIOLATED)
_6416_/A0                               0.750000    1.061113   -0.311113 (VIOLATED)
_6310_/A2                               0.750000    1.061111   -0.311111 (VIOLATED)
_6489_/A2                               0.750000    1.061111   -0.311111 (VIOLATED)
fanout610/A                             0.750000    1.061099   -0.311099 (VIOLATED)
_3854_/A                                0.750000    1.061081   -0.311081 (VIOLATED)
_5945_/A1                               0.750000    1.061071   -0.311071 (VIOLATED)
_5948_/B                                0.750000    1.061060   -0.311060 (VIOLATED)
_6185_/B                                0.750000    1.061040   -0.311040 (VIOLATED)
_6187_/B                                0.750000    1.061040   -0.311040 (VIOLATED)
_6394_/A1                               0.750000    1.061040   -0.311040 (VIOLATED)
fanout611/X                             0.750000    1.061040   -0.311040 (VIOLATED)
_5975_/B1                               0.750000    1.054065   -0.304065 (VIOLATED)
_5976_/C                                0.750000    1.054063   -0.304063 (VIOLATED)
_6028_/A2                               0.750000    1.054057   -0.304057 (VIOLATED)
fanout383/A                             0.750000    1.054041   -0.304041 (VIOLATED)
fanout381/A                             0.750000    1.053968   -0.303968 (VIOLATED)
input41/X                               0.750000    1.053902   -0.303902 (VIOLATED)
fanout456/A                             0.750000    1.042440   -0.292440 (VIOLATED)
fanout468/A                             0.750000    1.042407   -0.292407 (VIOLATED)
_6938_/S0                               0.750000    1.042385   -0.292385 (VIOLATED)
fanout463/A                             0.750000    1.042370   -0.292370 (VIOLATED)
input33/X                               0.750000    1.042305   -0.292305 (VIOLATED)
_6762_/A2                               0.750000    1.039157   -0.289157 (VIOLATED)
_6696_/A2                               0.750000    1.039149   -0.289149 (VIOLATED)
_6717_/B                                0.750000    1.039147   -0.289147 (VIOLATED)
_6733_/A2                               0.750000    1.039143   -0.289143 (VIOLATED)
_6679_/A2                               0.750000    1.039127   -0.289127 (VIOLATED)
_6662_/A2                               0.750000    1.039096   -0.289096 (VIOLATED)
_6645_/A2                               0.750000    1.039079   -0.289079 (VIOLATED)
_6629_/A2                               0.750000    1.039074   -0.289074 (VIOLATED)
_6508_/A2                               0.750000    1.039038   -0.289038 (VIOLATED)
_6445_/A2                               0.750000    1.039026   -0.289026 (VIOLATED)
fanout141/X                             0.750000    1.039026   -0.289026 (VIOLATED)
_6876_/A1                               0.750000    1.033670   -0.283670 (VIOLATED)
_6909_/A3                               0.750000    1.033656   -0.283657 (VIOLATED)
_6413_/A2                               0.750000    1.033649   -0.283649 (VIOLATED)
fanout617/A                             0.750000    1.033584   -0.283583 (VIOLATED)
fanout616/A                             0.750000    1.033504   -0.283504 (VIOLATED)
input16/X                               0.750000    1.033427   -0.283428 (VIOLATED)
_3999_/B2                               0.750000    1.025490   -0.275490 (VIOLATED)
_4345_/A1                               0.750000    1.025296   -0.275296 (VIOLATED)
_4088_/B                                0.750000    1.025289   -0.275289 (VIOLATED)
load_slew670/A                          0.750000    1.024915   -0.274915 (VIOLATED)
fanout669/X                             0.750000    1.024911   -0.274911 (VIOLATED)
_6586_/A                                0.750000    1.014122   -0.264123 (VIOLATED)
_6510_/B2                               0.750000    1.014116   -0.264116 (VIOLATED)
_6559_/B2                               0.750000    1.014115   -0.264115 (VIOLATED)
_6438_/A                                0.750000    1.014112   -0.264112 (VIOLATED)
_6751_/A1                               0.750000    1.014105   -0.264106 (VIOLATED)
_6771_/A1                               0.750000    1.014105   -0.264105 (VIOLATED)
_6579_/B2                               0.750000    1.013734   -0.263734 (VIOLATED)
_6370_/B                                0.750000    1.013710   -0.263710 (VIOLATED)
_6538_/B2                               0.750000    1.013710   -0.263710 (VIOLATED)
_6610_/B2                               0.750000    1.013710   -0.263710 (VIOLATED)
fanout122/X                             0.750000    1.013710   -0.263710 (VIOLATED)
_6975_/A3                               0.750000    1.008703   -0.258703 (VIOLATED)
_3869_/C                                0.750000    1.008702   -0.258702 (VIOLATED)
_6928_/A1                               0.750000    1.008702   -0.258702 (VIOLATED)
_6173_/B                                0.750000    1.008700   -0.258700 (VIOLATED)
_6175_/B                                0.750000    1.008683   -0.258683 (VIOLATED)
_6174_/B                                0.750000    1.008677   -0.258677 (VIOLATED)
_5958_/B                                0.750000    1.008657   -0.258657 (VIOLATED)
_5957_/A2                               0.750000    1.008655   -0.258655 (VIOLATED)
_6282_/A2                               0.750000    1.008646   -0.258646 (VIOLATED)
_6395_/A1                               0.750000    1.008646   -0.258646 (VIOLATED)
fanout595/X                             0.750000    1.008646   -0.258646 (VIOLATED)
_5976_/B                                0.750000    0.995489   -0.245489 (VIOLATED)
fanout517/A                             0.750000    0.995413   -0.245413 (VIOLATED)
_4265_/B2                               0.750000    0.995377   -0.245377 (VIOLATED)
_4263_/B                                0.750000    0.995375   -0.245375 (VIOLATED)
_4148_/A1                               0.750000    0.995373   -0.245373 (VIOLATED)
fanout515/A                             0.750000    0.995351   -0.245351 (VIOLATED)
fanout519/X                             0.750000    0.995347   -0.245347 (VIOLATED)
_4593_/B                                0.750000    0.994854   -0.244854 (VIOLATED)
_4594_/A1                               0.750000    0.994853   -0.244853 (VIOLATED)
_4599_/B2                               0.750000    0.994830   -0.244830 (VIOLATED)
_4457_/A                                0.750000    0.994821   -0.244821 (VIOLATED)
_4336_/B2                               0.750000    0.994809   -0.244809 (VIOLATED)
_4212_/A1                               0.750000    0.994807   -0.244807 (VIOLATED)
_4334_/A                                0.750000    0.994791   -0.244791 (VIOLATED)
_4211_/B                                0.750000    0.994788   -0.244788 (VIOLATED)
_4088_/A                                0.750000    0.994739   -0.244739 (VIOLATED)
_4345_/B2                               0.750000    0.994730   -0.244730 (VIOLATED)
fanout647/X                             0.750000    0.994726   -0.244726 (VIOLATED)
_6982_/A2                               0.750000    0.988871   -0.238871 (VIOLATED)
_6968_/A1                               0.750000    0.988869   -0.238869 (VIOLATED)
_6948_/B2                               0.750000    0.988507   -0.238507 (VIOLATED)
_6581_/A2                               0.750000    0.988414   -0.238414 (VIOLATED)
_6582_/B1                               0.750000    0.988414   -0.238414 (VIOLATED)
fanout149/X                             0.750000    0.988414   -0.238414 (VIOLATED)
_6096_/A                                0.750000    0.983240   -0.233240 (VIOLATED)
_6097_/A                                0.750000    0.983237   -0.233237 (VIOLATED)
_6098_/A                                0.750000    0.983233   -0.233233 (VIOLATED)
load_slew384/A                          0.750000    0.983074   -0.233074 (VIOLATED)
_3577_/B                                0.750000    0.983063   -0.233063 (VIOLATED)
_3603_/A2                               0.750000    0.983063   -0.233063 (VIOLATED)
fanout383/X                             0.750000    0.983063   -0.233063 (VIOLATED)
_6781_/A2                               0.750000    0.969391   -0.219391 (VIOLATED)
_6763_/A2                               0.750000    0.969384   -0.219384 (VIOLATED)
_6749_/B1                               0.750000    0.969377   -0.219377 (VIOLATED)
_6719_/A2                               0.750000    0.969365   -0.219365 (VIOLATED)
_6732_/B1                               0.750000    0.969341   -0.219341 (VIOLATED)
_6697_/A2                               0.750000    0.969337   -0.219337 (VIOLATED)
_6663_/A2                               0.750000    0.969299   -0.219299 (VIOLATED)
_6646_/A2                               0.750000    0.969262   -0.219262 (VIOLATED)
_6630_/A2                               0.750000    0.969250   -0.219250 (VIOLATED)
_6681_/A2                               0.750000    0.969225   -0.219225 (VIOLATED)
fanout133/X                             0.750000    0.969225   -0.219225 (VIOLATED)
_3850_/B                                0.750000    0.965742   -0.215742 (VIOLATED)
_6909_/A2                               0.750000    0.965730   -0.215730 (VIOLATED)
_3852_/B1                               0.750000    0.965727   -0.215727 (VIOLATED)
_6876_/A0                               0.750000    0.965725   -0.215725 (VIOLATED)
_3851_/C                                0.750000    0.965722   -0.215722 (VIOLATED)
_6276_/C_N                              0.750000    0.965655   -0.215656 (VIOLATED)
_6899_/A2                               0.750000    0.965652   -0.215652 (VIOLATED)
_6394_/A0                               0.750000    0.965567   -0.215567 (VIOLATED)
_6182_/B                                0.750000    0.965528   -0.215528 (VIOLATED)
_6181_/B                                0.750000    0.965525   -0.215525 (VIOLATED)
fanout613/X                             0.750000    0.965522   -0.215522 (VIOLATED)
_6810_/B1                               0.750000    0.965301   -0.215301 (VIOLATED)
_6798_/A2                               0.750000    0.965295   -0.215295 (VIOLATED)
_6781_/B1                               0.750000    0.965276   -0.215276 (VIOLATED)
_6763_/B1                               0.750000    0.965258   -0.215258 (VIOLATED)
_6750_/A2                               0.750000    0.965246   -0.215246 (VIOLATED)
_6718_/B1                               0.750000    0.965215   -0.215215 (VIOLATED)
_6733_/B1                               0.750000    0.965186   -0.215186 (VIOLATED)
_6697_/B1                               0.750000    0.965172   -0.215172 (VIOLATED)
_6664_/A3                               0.750000    0.965153   -0.215153 (VIOLATED)
_6646_/B1                               0.750000    0.965147   -0.215147 (VIOLATED)
fanout128/X                             0.750000    0.965147   -0.215147 (VIOLATED)
_5981_/C                                0.750000    0.964729   -0.214729 (VIOLATED)
_5980_/B1                               0.750000    0.964722   -0.214722 (VIOLATED)
fanout336/A                             0.750000    0.964515   -0.214515 (VIOLATED)
fanout333/A                             0.750000    0.964350   -0.214350 (VIOLATED)
fanout335/A                             0.750000    0.964343   -0.214343 (VIOLATED)
input46/X                               0.750000    0.964319   -0.214319 (VIOLATED)
_6963_/B1                               0.750000    0.948278   -0.198278 (VIOLATED)
_6941_/A2                               0.750000    0.948276   -0.198276 (VIOLATED)
_6978_/A2                               0.750000    0.948271   -0.198271 (VIOLATED)
fanout138/A                             0.750000    0.948240   -0.198240 (VIOLATED)
fanout139/A                             0.750000    0.948238   -0.198238 (VIOLATED)
fanout140/X                             0.750000    0.948238   -0.198238 (VIOLATED)
_6416_/A1                               0.750000    0.941783   -0.191783 (VIOLATED)
_3870_/A1                               0.750000    0.941781   -0.191781 (VIOLATED)
_6909_/A0                               0.750000    0.941779   -0.191779 (VIOLATED)
_3869_/A                                0.750000    0.941777   -0.191777 (VIOLATED)
_6178_/B                                0.750000    0.941774   -0.191774 (VIOLATED)
_6395_/A0                               0.750000    0.941770   -0.191770 (VIOLATED)
_6177_/B                                0.750000    0.941764   -0.191764 (VIOLATED)
_6914_/A1                               0.750000    0.941760   -0.191760 (VIOLATED)
_5947_/B                                0.750000    0.941748   -0.191748 (VIOLATED)
_6275_/B                                0.750000    0.941745   -0.191745 (VIOLATED)
fanout608/X                             0.750000    0.941745   -0.191745 (VIOLATED)
_4176_/A                                0.750000    0.940947   -0.190947 (VIOLATED)
_4447_/A1                               0.750000    0.940942   -0.190942 (VIOLATED)
_3528_/A                                0.750000    0.940932   -0.190932 (VIOLATED)
_3766_/A1                               0.750000    0.940926   -0.190926 (VIOLATED)
_6310_/A0                               0.750000    0.940916   -0.190916 (VIOLATED)
_3506_/A                                0.750000    0.940914   -0.190914 (VIOLATED)
_3874_/A1                               0.750000    0.940898   -0.190898 (VIOLATED)
_6416_/A2                               0.750000    0.940895   -0.190895 (VIOLATED)
_6492_/A0                               0.750000    0.940894   -0.190894 (VIOLATED)
_3870_/B1                               0.750000    0.940892   -0.190892 (VIOLATED)
fanout594/X                             0.750000    0.940892   -0.190892 (VIOLATED)
_6305_/A1                               0.750000    0.926827   -0.176827 (VIOLATED)
_3997_/A                                0.750000    0.926757   -0.176757 (VIOLATED)
_3999_/A2                               0.750000    0.926755   -0.176755 (VIOLATED)
_4003_/B                                0.750000    0.926755   -0.176755 (VIOLATED)
fanout645/A                             0.750000    0.926755   -0.176755 (VIOLATED)
fanout646/X                             0.750000    0.926755   -0.176755 (VIOLATED)
_6305_/A2                               0.750000    0.920943   -0.170943 (VIOLATED)
_6004_/B                                0.750000    0.920484   -0.170485 (VIOLATED)
_4003_/A                                0.750000    0.920475   -0.170475 (VIOLATED)
_6005_/A0                               0.750000    0.920475   -0.170475 (VIOLATED)
fanout586/A                             0.750000    0.920475   -0.170475 (VIOLATED)
fanout588/X                             0.750000    0.920475   -0.170475 (VIOLATED)
_3848_/A1                               0.750000    0.913307   -0.163307 (VIOLATED)
fanout612/A                             0.750000    0.913303   -0.163303 (VIOLATED)
_6310_/A3                               0.750000    0.913259   -0.163259 (VIOLATED)
_6489_/A1                               0.750000    0.913222   -0.163222 (VIOLATED)
_6413_/A3                               0.750000    0.913207   -0.163208 (VIOLATED)
_6879_/B2                               0.750000    0.912852   -0.162852 (VIOLATED)
fanout613/A                             0.750000    0.912811   -0.162811 (VIOLATED)
fanout614/X                             0.750000    0.912807   -0.162807 (VIOLATED)
_6224_/B                                0.750000    0.898892   -0.148892 (VIOLATED)
_6362_/S1                               0.750000    0.898887   -0.148887 (VIOLATED)
_6354_/B                                0.750000    0.898882   -0.148882 (VIOLATED)
_6482_/A1                               0.750000    0.898867   -0.148867 (VIOLATED)
_6577_/S1                               0.750000    0.898861   -0.148861 (VIOLATED)
_6523_/S                                0.750000    0.898859   -0.148859 (VIOLATED)
_6521_/A                                0.750000    0.898851   -0.148851 (VIOLATED)
_6569_/A                                0.750000    0.898844   -0.148844 (VIOLATED)
_6457_/A                                0.750000    0.898823   -0.148823 (VIOLATED)
_6568_/A1                               0.750000    0.898812   -0.148813 (VIOLATED)
fanout171/X                             0.750000    0.898803   -0.148803 (VIOLATED)
_3977_/C                                0.750000    0.892825   -0.142825 (VIOLATED)
_3978_/B1                               0.750000    0.892825   -0.142825 (VIOLATED)
_5983_/B                                0.750000    0.892819   -0.142819 (VIOLATED)
_5982_/A2                               0.750000    0.892812   -0.142812 (VIOLATED)
_3908_/A                                0.750000    0.892806   -0.142806 (VIOLATED)
_3920_/A1                               0.750000    0.892804   -0.142804 (VIOLATED)
_3593_/A                                0.750000    0.892776   -0.142776 (VIOLATED)
_3594_/A1                               0.750000    0.892769   -0.142769 (VIOLATED)
_3585_/B                                0.750000    0.892750   -0.142750 (VIOLATED)
_3587_/B2                               0.750000    0.892750   -0.142750 (VIOLATED)
fanout397/X                             0.750000    0.892750   -0.142750 (VIOLATED)
_6797_/A2                               0.750000    0.890861   -0.140861 (VIOLATED)
_6780_/B1                               0.750000    0.890857   -0.140857 (VIOLATED)
_6762_/B1                               0.750000    0.890854   -0.140854 (VIOLATED)
_6749_/A2                               0.750000    0.890844   -0.140844 (VIOLATED)
_6718_/A2                               0.750000    0.890831   -0.140831 (VIOLATED)
_6696_/B1                               0.750000    0.890825   -0.140825 (VIOLATED)
_6732_/A2                               0.750000    0.890803   -0.140803 (VIOLATED)
_6679_/B1                               0.750000    0.890799   -0.140799 (VIOLATED)
_6629_/B1                               0.750000    0.890770   -0.140770 (VIOLATED)
_6604_/B1                               0.750000    0.890764   -0.140764 (VIOLATED)
fanout137/X                             0.750000    0.890764   -0.140764 (VIOLATED)
_6673_/A0                               0.750000    0.885764   -0.135764 (VIOLATED)
_6711_/A2                               0.750000    0.885748   -0.135748 (VIOLATED)
load_slew399/A                          0.750000    0.885713   -0.135713 (VIOLATED)
fanout397/A                             0.750000    0.885630   -0.135630 (VIOLATED)
fanout398/X                             0.750000    0.885630   -0.135630 (VIOLATED)
wire162/A                               0.750000    0.868732   -0.118732 (VIOLATED)
_6202_/Y                                0.750000    0.868730   -0.118730 (VIOLATED)
max_cap163/A                            0.750000    0.868730   -0.118730 (VIOLATED)
_3828_/A                                0.750000    0.863918   -0.113918 (VIOLATED)
_3934_/B1                               0.750000    0.863918   -0.113918 (VIOLATED)
_3933_/C                                0.750000    0.863916   -0.113916 (VIOLATED)
_3829_/A                                0.750000    0.863908   -0.113908 (VIOLATED)
_6018_/A2                               0.750000    0.863907   -0.113907 (VIOLATED)
_6019_/B                                0.750000    0.863903   -0.113903 (VIOLATED)
_3616_/A1                               0.750000    0.863871   -0.113871 (VIOLATED)
_3615_/A                                0.750000    0.863852   -0.113852 (VIOLATED)
_3655_/B                                0.750000    0.863819   -0.113819 (VIOLATED)
_3656_/B2                               0.750000    0.863811   -0.113811 (VIOLATED)
fanout657/X                             0.750000    0.863808   -0.113808 (VIOLATED)
_6734_/S                                0.750000    0.857780   -0.107780 (VIOLATED)
_6701_/B1                               0.750000    0.857777   -0.107777 (VIOLATED)
_6915_/A1                               0.750000    0.857772   -0.107772 (VIOLATED)
_6980_/A1                               0.750000    0.857770   -0.107770 (VIOLATED)
_6366_/A                                0.750000    0.857760   -0.107760 (VIOLATED)
_6764_/A                                0.750000    0.857756   -0.107756 (VIOLATED)
fanout180/X                             0.750000    0.857756   -0.107756 (VIOLATED)
_3976_/A                                0.750000    0.853037   -0.103037 (VIOLATED)
_5983_/D                                0.750000    0.853036   -0.103036 (VIOLATED)
_6028_/A1                               0.750000    0.853034   -0.103034 (VIOLATED)
_5982_/B2                               0.750000    0.853032   -0.103032 (VIOLATED)
_3815_/A1                               0.750000    0.853010   -0.103010 (VIOLATED)
_3814_/A                                0.750000    0.852993   -0.102993 (VIOLATED)
_3593_/B                                0.750000    0.852949   -0.102949 (VIOLATED)
_3594_/B2                               0.750000    0.852935   -0.102935 (VIOLATED)
_3588_/A                                0.750000    0.852915   -0.102915 (VIOLATED)
_3604_/A1                               0.750000    0.852915   -0.102915 (VIOLATED)
fanout321/X                             0.750000    0.852915   -0.102915 (VIOLATED)
_4659_/A                                0.750000    0.848045   -0.098045 (VIOLATED)
_4809_/A1                               0.750000    0.848045   -0.098045 (VIOLATED)
_4519_/B2                               0.750000    0.848042   -0.098042 (VIOLATED)
_4517_/B                                0.750000    0.848035   -0.098035 (VIOLATED)
_4399_/A                                0.750000    0.848025   -0.098025 (VIOLATED)
_4401_/A1                               0.750000    0.848022   -0.098022 (VIOLATED)
_3739_/A                                0.750000    0.848015   -0.098015 (VIOLATED)
_3740_/A1                               0.750000    0.848015   -0.098015 (VIOLATED)
_4147_/B                                0.750000    0.848015   -0.098015 (VIOLATED)
_4148_/B2                               0.750000    0.848015   -0.098015 (VIOLATED)
fanout394/X                             0.750000    0.848015   -0.098015 (VIOLATED)
fanout658/A                             0.750000    0.845895   -0.095895 (VIOLATED)
fanout654/A                             0.750000    0.845890   -0.095890 (VIOLATED)
fanout656/A                             0.750000    0.845697   -0.095697 (VIOLATED)
input10/X                               0.750000    0.845397   -0.095397 (VIOLATED)
_6773_/Y                                0.750000    0.842401   -0.092401 (VIOLATED)
_6984_/A                                0.750000    0.842401   -0.092401 (VIOLATED)
output79/A                              0.750000    0.842401   -0.092401 (VIOLATED)
_6277_/A1                               0.750000    0.838226   -0.088226 (VIOLATED)
_6187_/A                                0.750000    0.838213   -0.088213 (VIOLATED)
_6185_/A                                0.750000    0.838212   -0.088212 (VIOLATED)
_4010_/A                                0.750000    0.837924   -0.087924 (VIOLATED)
_4012_/A2                               0.750000    0.837911   -0.087911 (VIOLATED)
_4011_/B                                0.750000    0.837911   -0.087911 (VIOLATED)
fanout314/A                             0.750000    0.837888   -0.087888 (VIOLATED)
input50/X                               0.750000    0.837887   -0.087887 (VIOLATED)
_6744_/A2                               0.750000    0.836380   -0.086380 (VIOLATED)
_6359_/A0                               0.750000    0.836372   -0.086372 (VIOLATED)
_6429_/A1                               0.750000    0.836333   -0.086333 (VIOLATED)
_6148_/A                                0.750000    0.836316   -0.086316 (VIOLATED)
load_slew258/A                          0.750000    0.836315   -0.086315 (VIOLATED)
_6244_/B                                0.750000    0.836311   -0.086311 (VIOLATED)
_6719_/A1                               0.750000    0.836311   -0.086311 (VIOLATED)
fanout257/X                             0.750000    0.836311   -0.086311 (VIOLATED)
_4570_/A                                0.750000    0.836169   -0.086169 (VIOLATED)
_4572_/A1                               0.750000    0.836167   -0.086167 (VIOLATED)
_4581_/B2                               0.750000    0.836164   -0.086164 (VIOLATED)
_4579_/B                                0.750000    0.836157   -0.086157 (VIOLATED)
_4788_/A1                               0.750000    0.836144   -0.086144 (VIOLATED)
_4785_/A                                0.750000    0.836128   -0.086128 (VIOLATED)
_4987_/A1                               0.750000    0.836099   -0.086099 (VIOLATED)
_4985_/A                                0.750000    0.836077   -0.086077 (VIOLATED)
_5162_/A                                0.750000    0.836057   -0.086057 (VIOLATED)
_5149_/A                                0.750000    0.836056   -0.086056 (VIOLATED)
fanout181/X                             0.750000    0.836056   -0.086056 (VIOLATED)
_6942_/A1                               0.750000    0.835816   -0.085816 (VIOLATED)
_6397_/A0                               0.750000    0.835815   -0.085815 (VIOLATED)
_6938_/A0                               0.750000    0.835811   -0.085811 (VIOLATED)
_5957_/B2                               0.750000    0.835789   -0.085789 (VIOLATED)
_5958_/D                                0.750000    0.835788   -0.085789 (VIOLATED)
_6073_/B                                0.750000    0.835788   -0.085789 (VIOLATED)
_6956_/A2                               0.750000    0.835781   -0.085781 (VIOLATED)
_6072_/B                                0.750000    0.835781   -0.085781 (VIOLATED)
_6205_/A                                0.750000    0.835780   -0.085780 (VIOLATED)
fanout593/X                             0.750000    0.835780   -0.085780 (VIOLATED)
_3934_/B2                               0.750000    0.835634   -0.085634 (VIOLATED)
_3933_/D                                0.750000    0.835633   -0.085634 (VIOLATED)
_3825_/D                                0.750000    0.835629   -0.085629 (VIOLATED)
_3826_/B1                               0.750000    0.835625   -0.085625 (VIOLATED)
_3620_/B1                               0.750000    0.835622   -0.085622 (VIOLATED)
_3619_/D                                0.750000    0.835619   -0.085619 (VIOLATED)
_3627_/B1                               0.750000    0.835603   -0.085603 (VIOLATED)
_3626_/D                                0.750000    0.835602   -0.085602 (VIOLATED)
_3664_/D                                0.750000    0.835588   -0.085588 (VIOLATED)
_3665_/B1                               0.750000    0.835588   -0.085588 (VIOLATED)
fanout429/X                             0.750000    0.835588   -0.085588 (VIOLATED)
_4290_/A                                0.750000    0.826594   -0.076594 (VIOLATED)
_4177_/A1                               0.750000    0.826586   -0.076586 (VIOLATED)
_3776_/A                                0.750000    0.826585   -0.076585 (VIOLATED)
_3515_/A1                               0.750000    0.826575   -0.076575 (VIOLATED)
_3512_/A                                0.750000    0.826573   -0.076573 (VIOLATED)
_6489_/A3                               0.750000    0.826572   -0.076572 (VIOLATED)
_6958_/A3                               0.750000    0.826570   -0.076570 (VIOLATED)
_6310_/A1                               0.750000    0.826567   -0.076567 (VIOLATED)
_3508_/B2                               0.750000    0.826560   -0.076560 (VIOLATED)
_3507_/B                                0.750000    0.826552   -0.076552 (VIOLATED)
fanout609/X                             0.750000    0.826550   -0.076550 (VIOLATED)
_3934_/A1                               0.750000    0.822742   -0.072742 (VIOLATED)
_6782_/A1                               0.750000    0.822742   -0.072742 (VIOLATED)
_3933_/A                                0.750000    0.822740   -0.072741 (VIOLATED)
_3825_/B                                0.750000    0.822739   -0.072739 (VIOLATED)
_3826_/B2                               0.750000    0.822737   -0.072737 (VIOLATED)
_6024_/B                                0.750000    0.822735   -0.072735 (VIOLATED)
_3656_/A1                               0.750000    0.822714   -0.072714 (VIOLATED)
fanout186/X                             0.750000    0.822714   -0.072714 (VIOLATED)
_5992_/A                                0.750000    0.822564   -0.072564 (VIOLATED)
_5999_/A2                               0.750000    0.822559   -0.072559 (VIOLATED)
_4014_/B                                0.750000    0.822557   -0.072557 (VIOLATED)
_3891_/B                                0.750000    0.822533   -0.072533 (VIOLATED)
_3960_/B                                0.750000    0.822528   -0.072528 (VIOLATED)
_3898_/A2                               0.750000    0.822482   -0.072482 (VIOLATED)
_4089_/A2_N                             0.750000    0.822416   -0.072416 (VIOLATED)
fanout327/X                             0.750000    0.822416   -0.072416 (VIOLATED)
_4551_/A                                0.750000    0.818046   -0.068046 (VIOLATED)
_4300_/A                                0.750000    0.818038   -0.068038 (VIOLATED)
_3772_/C                                0.750000    0.818031   -0.068031 (VIOLATED)
_4179_/A1_N                             0.750000    0.818026   -0.068026 (VIOLATED)
_3523_/B2                               0.750000    0.818019   -0.068019 (VIOLATED)
_4534_/A                                0.750000    0.818019   -0.068019 (VIOLATED)
_3522_/B                                0.750000    0.818006   -0.068006 (VIOLATED)
_3511_/A                                0.750000    0.817989   -0.067989 (VIOLATED)
_3513_/A1                               0.750000    0.817979   -0.067979 (VIOLATED)
_3695_/A                                0.750000    0.817971   -0.067971 (VIOLATED)
fanout612/X                             0.750000    0.817971   -0.067971 (VIOLATED)
_5981_/A                                0.750000    0.814213   -0.064213 (VIOLATED)
_5980_/A1                               0.750000    0.814209   -0.064209 (VIOLATED)
_6078_/A                                0.750000    0.814192   -0.064192 (VIOLATED)
_6079_/A                                0.750000    0.814188   -0.064188 (VIOLATED)
fanout328/A                             0.750000    0.814168   -0.064168 (VIOLATED)
fanout330/X                             0.750000    0.814155   -0.064155 (VIOLATED)
_6014_/A                                0.750000    0.812671   -0.062671 (VIOLATED)
_3936_/B                                0.750000    0.812671   -0.062671 (VIOLATED)
_6013_/A1                               0.750000    0.812668   -0.062668 (VIOLATED)
_3829_/B                                0.750000    0.812658   -0.062658 (VIOLATED)
_3828_/B                                0.750000    0.812638   -0.062638 (VIOLATED)
_3622_/B                                0.750000    0.812606   -0.062606 (VIOLATED)
_3660_/A2_N                             0.750000    0.812554   -0.062554 (VIOLATED)
_3628_/D                                0.750000    0.812524   -0.062524 (VIOLATED)
_3666_/B                                0.750000    0.812479   -0.062479 (VIOLATED)
_3735_/A2                               0.750000    0.812479   -0.062479 (VIOLATED)
fanout435/X                             0.750000    0.812479   -0.062479 (VIOLATED)
_3765_/A                                0.750000    0.810530   -0.060530 (VIOLATED)
_3519_/A1                               0.750000    0.810530   -0.060530 (VIOLATED)
_3518_/A                                0.750000    0.810529   -0.060529 (VIOLATED)
_6958_/A1                               0.750000    0.810514   -0.060514 (VIOLATED)
_6975_/A2                               0.750000    0.810512   -0.060512 (VIOLATED)
_6416_/A3                               0.750000    0.810511   -0.060511 (VIOLATED)
_6316_/A3                               0.750000    0.810504   -0.060504 (VIOLATED)
_6492_/A1                               0.750000    0.810498   -0.060498 (VIOLATED)
_3872_/A                                0.750000    0.810495   -0.060495 (VIOLATED)
_5953_/A1                               0.750000    0.810495   -0.060495 (VIOLATED)
fanout592/X                             0.750000    0.810495   -0.060495 (VIOLATED)
_4149_/A                                0.750000    0.800359   -0.050359 (VIOLATED)
_4261_/A1                               0.750000    0.800358   -0.050358 (VIOLATED)
_3739_/B                                0.750000    0.800351   -0.050351 (VIOLATED)
_3740_/B2                               0.750000    0.800346   -0.050347 (VIOLATED)
_4275_/A1                               0.750000    0.800314   -0.050314 (VIOLATED)
_4273_/A                                0.750000    0.800286   -0.050286 (VIOLATED)
_4399_/B                                0.750000    0.800267   -0.050267 (VIOLATED)
_4401_/B2                               0.750000    0.800262   -0.050262 (VIOLATED)
_4518_/A                                0.750000    0.800258   -0.050258 (VIOLATED)
_4521_/A1                               0.750000    0.800258   -0.050258 (VIOLATED)
fanout318/X                             0.750000    0.800258   -0.050258 (VIOLATED)
_6846_/A1                               0.750000    0.792296   -0.042296 (VIOLATED)
_5958_/A                                0.750000    0.792286   -0.042286 (VIOLATED)
_6981_/A1                               0.750000    0.792284   -0.042284 (VIOLATED)
_6912_/B1                               0.750000    0.792283   -0.042283 (VIOLATED)
_6313_/A                                0.750000    0.792229   -0.042229 (VIOLATED)
_6345_/A1                               0.750000    0.792219   -0.042219 (VIOLATED)
fanout274/X                             0.750000    0.792219   -0.042219 (VIOLATED)
_6430_/A2                               0.750000    0.790380   -0.040380 (VIOLATED)
_6433_/S                                0.750000    0.790377   -0.040377 (VIOLATED)
_6435_/S                                0.750000    0.790377   -0.040377 (VIOLATED)
_6426_/S                                0.750000    0.790375   -0.040375 (VIOLATED)
_6429_/S                                0.750000    0.790374   -0.040374 (VIOLATED)
_6552_/S0                               0.750000    0.790373   -0.040373 (VIOLATED)
_6409_/S                                0.750000    0.790372   -0.040372 (VIOLATED)
fanout446/X                             0.750000    0.790372   -0.040372 (VIOLATED)
_3776_/B                                0.750000    0.788365   -0.038365 (VIOLATED)
_3766_/A2                               0.750000    0.788364   -0.038364 (VIOLATED)
_3528_/B                                0.750000    0.788359   -0.038359 (VIOLATED)
_3518_/B                                0.750000    0.788354   -0.038354 (VIOLATED)
_3519_/A2                               0.750000    0.788352   -0.038352 (VIOLATED)
_6893_/S                                0.750000    0.788338   -0.038338 (VIOLATED)
_6958_/S1                               0.750000    0.788337   -0.038337 (VIOLATED)
_6321_/S                                0.750000    0.788336   -0.038336 (VIOLATED)
_6306_/S1                               0.750000    0.788330   -0.038330 (VIOLATED)
_6301_/S1                               0.750000    0.788328   -0.038328 (VIOLATED)
fanout352/X                             0.750000    0.788328   -0.038328 (VIOLATED)
_4433_/A1                               0.750000    0.787256   -0.037256 (VIOLATED)
_4432_/A                                0.750000    0.787255   -0.037255 (VIOLATED)
_4291_/A1                               0.750000    0.787252   -0.037252 (VIOLATED)
_4187_/A                                0.750000    0.787241   -0.037241 (VIOLATED)
_3524_/C                                0.750000    0.787211   -0.037211 (VIOLATED)
_3498_/A                                0.750000    0.787192   -0.037192 (VIOLATED)
_3511_/B                                0.750000    0.787184   -0.037184 (VIOLATED)
_3513_/B2                               0.750000    0.787175   -0.037175 (VIOLATED)
_3507_/A                                0.750000    0.787175   -0.037175 (VIOLATED)
_3508_/A1                               0.750000    0.787175   -0.037175 (VIOLATED)
fanout610/X                             0.750000    0.787175   -0.037175 (VIOLATED)
output86/A                              0.750000    0.783374   -0.033374 (VIOLATED)
_6870_/Y                                0.750000    0.783361   -0.033361 (VIOLATED)
_6992_/B                                0.750000    0.783361   -0.033361 (VIOLATED)
_3615_/D                                0.750000    0.779285   -0.029285 (VIOLATED)
_3616_/B1                               0.750000    0.779285   -0.029285 (VIOLATED)
_3655_/D                                0.750000    0.779285   -0.029285 (VIOLATED)
_3656_/B1                               0.750000    0.779285   -0.029285 (VIOLATED)
_3834_/D                                0.750000    0.779285   -0.029285 (VIOLATED)
_3835_/B1                               0.750000    0.779285   -0.029285 (VIOLATED)
_3942_/B2                               0.750000    0.779285   -0.029285 (VIOLATED)
_3943_/A1                               0.750000    0.779285   -0.029285 (VIOLATED)
_5946_/B2                               0.750000    0.779285   -0.029285 (VIOLATED)
_6015_/B1                               0.750000    0.779285   -0.029285 (VIOLATED)
fanout214/X                             0.750000    0.779285   -0.029285 (VIOLATED)
_6423_/A1                               0.750000    0.778724   -0.028724 (VIOLATED)
_6494_/A1                               0.750000    0.778723   -0.028723 (VIOLATED)
_6496_/A1                               0.750000    0.778721   -0.028721 (VIOLATED)
_6589_/B                                0.750000    0.778718   -0.028718 (VIOLATED)
_6344_/B                                0.750000    0.778718   -0.028718 (VIOLATED)
_6400_/S                                0.750000    0.778716   -0.028716 (VIOLATED)
_6461_/A1                               0.750000    0.778714   -0.028714 (VIOLATED)
_6637_/S0                               0.750000    0.778713   -0.028713 (VIOLATED)
_6455_/S                                0.750000    0.778713   -0.028713 (VIOLATED)
_6567_/A                                0.750000    0.778713   -0.028713 (VIOLATED)
fanout308/X                             0.750000    0.778713   -0.028713 (VIOLATED)
_5487_/B                                0.750000    0.774664   -0.024664 (VIOLATED)
_5374_/B                                0.750000    0.774647   -0.024647 (VIOLATED)
_5286_/B                                0.750000    0.774634   -0.024634 (VIOLATED)
_5221_/B                                0.750000    0.774614   -0.024614 (VIOLATED)
load_slew448/A                          0.750000    0.774614   -0.024614 (VIOLATED)
fanout446/A                             0.750000    0.774567   -0.024567 (VIOLATED)
fanout447/X                             0.750000    0.774567   -0.024567 (VIOLATED)
_3741_/A                                0.750000    0.774014   -0.024014 (VIOLATED)
_4145_/A1                               0.750000    0.774011   -0.024011 (VIOLATED)
_4157_/A                                0.750000    0.773992   -0.023993 (VIOLATED)
_4159_/A1                               0.750000    0.773988   -0.023988 (VIOLATED)
_4275_/B2                               0.750000    0.773975   -0.023975 (VIOLATED)
_4273_/B                                0.750000    0.773974   -0.023974 (VIOLATED)
_4403_/A1                               0.750000    0.773954   -0.023954 (VIOLATED)
_4400_/A                                0.750000    0.773942   -0.023943 (VIOLATED)
_4524_/A                                0.750000    0.773910   -0.023910 (VIOLATED)
_4525_/A1                               0.750000    0.773904   -0.023904 (VIOLATED)
fanout254/X                             0.750000    0.773901   -0.023901 (VIOLATED)
_6331_/B                                0.750000    0.766097   -0.016097 (VIOLATED)
wire144/A                               0.750000    0.766097   -0.016097 (VIOLATED)
_6374_/A1_N                             0.750000    0.766096   -0.016096 (VIOLATED)
_6468_/A2_N                             0.750000    0.766096   -0.016096 (VIOLATED)
_6604_/A2_N                             0.750000    0.766096   -0.016096 (VIOLATED)
fanout143/X                             0.750000    0.766096   -0.016096 (VIOLATED)
_5981_/B                                0.750000    0.762806   -0.012806 (VIOLATED)
_5980_/A2                               0.750000    0.762805   -0.012805 (VIOLATED)
fanout479/A                             0.750000    0.762805   -0.012805 (VIOLATED)
_6301_/A2                               0.750000    0.762805   -0.012805 (VIOLATED)
_6639_/A1                               0.750000    0.762797   -0.012797 (VIOLATED)
fanout481/X                             0.750000    0.762794   -0.012794 (VIOLATED)
_4880_/A2                               0.750000    0.757074   -0.007074 (VIOLATED)
_5003_/C1                               0.750000    0.757073   -0.007073 (VIOLATED)
_4834_/C                                0.750000    0.757072   -0.007072 (VIOLATED)
_4999_/B1                               0.750000    0.757069   -0.007069 (VIOLATED)
_4832_/Y                                0.750000    0.757067   -0.007067 (VIOLATED)

max fanout

Pin                                   Limit Fanout  Slack
---------------------------------------------------------
fanout312/X                              10     11        (VIOLATED)

max capacitance

Pin                                        Limit         Cap       Slack
------------------------------------------------------------------------
fanout147/X                             0.094309    0.113777   -0.019468 (VIOLATED)
fanout157/X                             0.094309    0.110351   -0.016042 (VIOLATED)
fanout142/X                             0.094309    0.098379   -0.004070 (VIOLATED)
fanout326/X                             0.094309    0.097620   -0.003311 (VIOLATED)



===========================================================================
report_parasitic_annotation -report_unannotated
============================================================================
Found 0 unannotated drivers.
Found 0 partially unannotated drivers.

===========================================================================
max slew violation count 739
max fanout violation count 1
max cap violation count 4
============================================================================

===========================================================================
check_setup -verbose -unconstrained_endpoints -multiple_clock -no_clock -no_input_delay -loops -generated_clocks
===========================================================================
