
===========================================================================
Violator List
============================================================================
[setup in-out] B[0] -> zero : -12.466479
[setup in-out] B[1] -> overflow : -11.593473
[setup in-out] B[0] -> result[27] : -10.966185
[setup in-out] B[1] -> result[31] : -10.801494
[setup in-out] B[1] -> result[30] : -10.491615
[setup in-out] B[0] -> carry : -10.360803
[setup in-out] B[1] -> result[29] : -10.326066
[setup in-out] B[1] -> result[28] : -10.280056
[setup in-out] B[0] -> result[26] : -9.900056
[setup in-out] B[1] -> result[24] : -9.611103
[setup in-out] B[1] -> result[22] : -9.489142
[setup in-out] B[1] -> result[23] : -9.463810
[setup in-out] B[1] -> result[25] : -9.403049
[setup in-out] B[1] -> result[21] : -8.730773
[setup in-out] B[1] -> result[17] : -8.729135
[setup in-out] B[1] -> result[18] : -8.646295
[setup in-out] B[1] -> result[19] : -8.633677
[setup in-out] B[2] -> result[0] : -8.551846
[setup in-out] B[1] -> result[20] : -7.871771
[setup in-out] B[1] -> result[16] : -7.589721
[setup in-out] B[1] -> result[15] : -7.447314
[setup in-out] B[1] -> result[14] : -7.381255
[setup in-out] B[1] -> result[13] : -6.846594
[setup in-out] B[1] -> result[12] : -6.560294
[setup in-out] A[7] -> result[11] : -6.006999
[setup in-out] A[1] -> result[9] : -5.658733
[setup in-out] A[1] -> result[10] : -5.487370
[setup in-out] A[1] -> result[8] : -5.434126
[setup in-out] B[0] -> result[3] : -5.063520
[setup in-out] B[0] -> result[6] : -4.654824
[setup in-out] A[1] -> result[7] : -4.080075
[setup in-out] B[0] -> result[4] : -3.788199
[setup in-out] B[0] -> result[1] : -3.632827
[setup in-out] A[1] -> result[5] : -3.504900
[setup in-out] B[0] -> result[2] : -3.392851
