
===========================================================================
report_checks -path_delay min (Hold)
============================================================================
======================= nom_ss_100C_1v60 Corner ===================================

Startpoint: B[31] (input port clocked by __VIRTUAL_CLK__)
Endpoint: overflow (output port clocked by __VIRTUAL_CLK__)
Path Group: __VIRTUAL_CLK__
Path Type: min

Fanout         Cap        Slew       Delay        Time   Description
---------------------------------------------------------------------------------------------
                      0.000000    0.000000    0.000000   clock __VIRTUAL_CLK__ (rise edge)
                                  0.000000    0.000000   clock network delay (ideal)
                                  2.000000    2.000000 v input external delay
     6    0.017544    0.079137    0.054059    2.054060 v B[31] (in)
                                                         B[31] (net)
                      0.079137    0.000000    2.054060 v _6349_/B (sky130_fd_sc_hd__nor2_2)
     1    0.001549    0.080883    0.105713    2.159772 ^ _6349_/Y (sky130_fd_sc_hd__nor2_2)
                                                         _2163_ (net)
                      0.080883    0.000000    2.159772 ^ _6997_/A0 (sky130_fd_sc_hd__mux2_1)
     1    0.001756    0.061798    0.214253    2.374026 ^ _6997_/X (sky130_fd_sc_hd__mux2_1)
                                                         _2843_ (net)
                      0.061798    0.000000    2.374026 ^ _6998_/B1 (sky130_fd_sc_hd__a2bb2o_2)
     1    0.033442    0.282796    0.481629    2.855654 ^ _6998_/X (sky130_fd_sc_hd__a2bb2o_2)
                                                         overflow (net)
                      0.282796    0.000000    2.855654 ^ overflow (out)
                                              2.855654   data arrival time

                      0.000000    0.000000    0.000000   clock __VIRTUAL_CLK__ (rise edge)
                                  0.000000    0.000000   clock network delay (ideal)
                                  0.250000    0.250000   clock uncertainty
                                  0.000000    0.250000   clock reconvergence pessimism
                                 -2.000000   -1.750000   output external delay
                                             -1.750000   data required time
---------------------------------------------------------------------------------------------
                                             -1.750000   data required time
                                             -2.855654   data arrival time
---------------------------------------------------------------------------------------------
                                              4.605654   slack (MET)


Startpoint: B[31] (input port clocked by __VIRTUAL_CLK__)
Endpoint: carry (output port clocked by __VIRTUAL_CLK__)
Path Group: __VIRTUAL_CLK__
Path Type: min

Fanout         Cap        Slew       Delay        Time   Description
---------------------------------------------------------------------------------------------
                      0.000000    0.000000    0.000000   clock __VIRTUAL_CLK__ (rise edge)
                                  0.000000    0.000000   clock network delay (ideal)
                                  2.000000    2.000000 v input external delay
     6    0.017544    0.079137    0.054059    2.054060 v B[31] (in)
                                                         B[31] (net)
                      0.079137    0.000000    2.054060 v _6065_/B (sky130_fd_sc_hd__nand2_2)
     4    0.013200    0.136539    0.155538    2.209597 ^ _6065_/Y (sky130_fd_sc_hd__nand2_2)
                                                         _1851_ (net)
                      0.136539    0.000000    2.209597 ^ _6999_/A (sky130_fd_sc_hd__nand2_2)
     1    0.002223    0.046214    0.095422    2.305019 v _6999_/Y (sky130_fd_sc_hd__nand2_2)
                                                         _2845_ (net)
                      0.046214    0.000000    2.305019 v _7000_/A3 (sky130_fd_sc_hd__a32o_2)
     1    0.033442    0.189396    0.591442    2.896461 v _7000_/X (sky130_fd_sc_hd__a32o_2)
                                                         carry (net)
                      0.189396    0.000000    2.896461 v carry (out)
                                              2.896461   data arrival time

                      0.000000    0.000000    0.000000   clock __VIRTUAL_CLK__ (rise edge)
                                  0.000000    0.000000   clock network delay (ideal)
                                  0.250000    0.250000   clock uncertainty
                                  0.000000    0.250000   clock reconvergence pessimism
                                 -2.000000   -1.750000   output external delay
                                             -1.750000   data required time
---------------------------------------------------------------------------------------------
                                             -1.750000   data required time
                                             -2.896461   data arrival time
---------------------------------------------------------------------------------------------
                                              4.646461   slack (MET)


Startpoint: opcode[3] (input port clocked by __VIRTUAL_CLK__)
Endpoint: result[20] (output port clocked by __VIRTUAL_CLK__)
Path Group: __VIRTUAL_CLK__
Path Type: min

Fanout         Cap        Slew       Delay        Time   Description
---------------------------------------------------------------------------------------------
                      0.000000    0.000000    0.000000   clock __VIRTUAL_CLK__ (rise edge)
                                  0.000000    0.000000   clock network delay (ideal)
                                  2.000000    2.000000 v input external delay
    10    0.025450    0.112435    0.078171    2.078171 v opcode[3] (in)
                                                         opcode[3] (net)
                      0.112435    0.000000    2.078171 v _6060_/B (sky130_fd_sc_hd__nand2b_2)
     6    0.015038    0.146846    0.178001    2.256173 ^ _6060_/Y (sky130_fd_sc_hd__nand2b_2)
                                                         _1846_ (net)
                      0.146846    0.000000    2.256173 ^ _6061_/B (sky130_fd_sc_hd__nor2_2)
    15    0.033050    0.148200    0.185691    2.441864 v _6061_/Y (sky130_fd_sc_hd__nor2_2)
                                                         _1847_ (net)
                      0.148200    0.000000    2.441864 v _6820_/A1 (sky130_fd_sc_hd__a21o_2)
     2    0.034690    0.186662    0.517747    2.959610 v _6820_/X (sky130_fd_sc_hd__a21o_2)
                                                         result[20] (net)
                      0.186662    0.000000    2.959610 v result[20] (out)
                                              2.959610   data arrival time

                      0.000000    0.000000    0.000000   clock __VIRTUAL_CLK__ (rise edge)
                                  0.000000    0.000000   clock network delay (ideal)
                                  0.250000    0.250000   clock uncertainty
                                  0.000000    0.250000   clock reconvergence pessimism
                                 -2.000000   -1.750000   output external delay
                                             -1.750000   data required time
---------------------------------------------------------------------------------------------
                                             -1.750000   data required time
                                             -2.959610   data arrival time
---------------------------------------------------------------------------------------------
                                              4.709610   slack (MET)


Startpoint: opcode[3] (input port clocked by __VIRTUAL_CLK__)
Endpoint: result[29] (output port clocked by __VIRTUAL_CLK__)
Path Group: __VIRTUAL_CLK__
Path Type: min

Fanout         Cap        Slew       Delay        Time   Description
---------------------------------------------------------------------------------------------
                      0.000000    0.000000    0.000000   clock __VIRTUAL_CLK__ (rise edge)
                                  0.000000    0.000000   clock network delay (ideal)
                                  2.000000    2.000000 v input external delay
    10    0.025450    0.112435    0.078171    2.078171 v opcode[3] (in)
                                                         opcode[3] (net)
                      0.112435    0.000000    2.078171 v _6060_/B (sky130_fd_sc_hd__nand2b_2)
     6    0.015038    0.146846    0.178001    2.256173 ^ _6060_/Y (sky130_fd_sc_hd__nand2b_2)
                                                         _1846_ (net)
                      0.146846    0.000000    2.256173 ^ _6061_/B (sky130_fd_sc_hd__nor2_2)
    15    0.033050    0.148200    0.185691    2.441864 v _6061_/Y (sky130_fd_sc_hd__nor2_2)
                                                         _1847_ (net)
                      0.148200    0.000000    2.441864 v _6968_/A1 (sky130_fd_sc_hd__a21o_2)
     2    0.034831    0.187189    0.518239    2.960102 v _6968_/X (sky130_fd_sc_hd__a21o_2)
                                                         result[29] (net)
                      0.187189    0.000000    2.960102 v result[29] (out)
                                              2.960102   data arrival time

                      0.000000    0.000000    0.000000   clock __VIRTUAL_CLK__ (rise edge)
                                  0.000000    0.000000   clock network delay (ideal)
                                  0.250000    0.250000   clock uncertainty
                                  0.000000    0.250000   clock reconvergence pessimism
                                 -2.000000   -1.750000   output external delay
                                             -1.750000   data required time
---------------------------------------------------------------------------------------------
                                             -1.750000   data required time
                                             -2.960102   data arrival time
---------------------------------------------------------------------------------------------
                                              4.710102   slack (MET)


Startpoint: opcode[3] (input port clocked by __VIRTUAL_CLK__)
Endpoint: result[15] (output port clocked by __VIRTUAL_CLK__)
Path Group: __VIRTUAL_CLK__
Path Type: min

Fanout         Cap        Slew       Delay        Time   Description
---------------------------------------------------------------------------------------------
                      0.000000    0.000000    0.000000   clock __VIRTUAL_CLK__ (rise edge)
                                  0.000000    0.000000   clock network delay (ideal)
                                  2.000000    2.000000 v input external delay
    10    0.025450    0.112435    0.078171    2.078171 v opcode[3] (in)
                                                         opcode[3] (net)
                      0.112435    0.000000    2.078171 v _6060_/B (sky130_fd_sc_hd__nand2b_2)
     6    0.015038    0.146846    0.178001    2.256173 ^ _6060_/Y (sky130_fd_sc_hd__nand2b_2)
                                                         _1846_ (net)
                      0.146846    0.000000    2.256173 ^ _6061_/B (sky130_fd_sc_hd__nor2_2)
    15    0.033050    0.148200    0.185691    2.441864 v _6061_/Y (sky130_fd_sc_hd__nor2_2)
                                                         _1847_ (net)
                      0.148200    0.000000    2.441864 v _6737_/A1 (sky130_fd_sc_hd__a21o_2)
     2    0.034938    0.187588    0.518612    2.960475 v _6737_/X (sky130_fd_sc_hd__a21o_2)
                                                         result[15] (net)
                      0.187588    0.000000    2.960475 v result[15] (out)
                                              2.960475   data arrival time

                      0.000000    0.000000    0.000000   clock __VIRTUAL_CLK__ (rise edge)
                                  0.000000    0.000000   clock network delay (ideal)
                                  0.250000    0.250000   clock uncertainty
                                  0.000000    0.250000   clock reconvergence pessimism
                                 -2.000000   -1.750000   output external delay
                                             -1.750000   data required time
---------------------------------------------------------------------------------------------
                                             -1.750000   data required time
                                             -2.960475   data arrival time
---------------------------------------------------------------------------------------------
                                              4.710475   slack (MET)


Startpoint: opcode[3] (input port clocked by __VIRTUAL_CLK__)
Endpoint: result[11] (output port clocked by __VIRTUAL_CLK__)
Path Group: __VIRTUAL_CLK__
Path Type: min

Fanout         Cap        Slew       Delay        Time   Description
---------------------------------------------------------------------------------------------
                      0.000000    0.000000    0.000000   clock __VIRTUAL_CLK__ (rise edge)
                                  0.000000    0.000000   clock network delay (ideal)
                                  2.000000    2.000000 v input external delay
    10    0.025450    0.112435    0.078171    2.078171 v opcode[3] (in)
                                                         opcode[3] (net)
                      0.112435    0.000000    2.078171 v _6060_/B (sky130_fd_sc_hd__nand2b_2)
     6    0.015038    0.146846    0.178001    2.256173 ^ _6060_/Y (sky130_fd_sc_hd__nand2b_2)
                                                         _1846_ (net)
                      0.146846    0.000000    2.256173 ^ _6061_/B (sky130_fd_sc_hd__nor2_2)
    15    0.033050    0.148200    0.185691    2.441864 v _6061_/Y (sky130_fd_sc_hd__nor2_2)
                                                         _1847_ (net)
                      0.148200    0.000000    2.441864 v _6667_/A1 (sky130_fd_sc_hd__a31o_2)
     2    0.034788    0.189937    0.546456    2.988319 v _6667_/X (sky130_fd_sc_hd__a31o_2)
                                                         result[11] (net)
                      0.189937    0.000000    2.988319 v result[11] (out)
                                              2.988319   data arrival time

                      0.000000    0.000000    0.000000   clock __VIRTUAL_CLK__ (rise edge)
                                  0.000000    0.000000   clock network delay (ideal)
                                  0.250000    0.250000   clock uncertainty
                                  0.000000    0.250000   clock reconvergence pessimism
                                 -2.000000   -1.750000   output external delay
                                             -1.750000   data required time
---------------------------------------------------------------------------------------------
                                             -1.750000   data required time
                                             -2.988319   data arrival time
---------------------------------------------------------------------------------------------
                                              4.738319   slack (MET)


Startpoint: opcode[0] (input port clocked by __VIRTUAL_CLK__)
Endpoint: result[0] (output port clocked by __VIRTUAL_CLK__)
Path Group: __VIRTUAL_CLK__
Path Type: min

Fanout         Cap        Slew       Delay        Time   Description
---------------------------------------------------------------------------------------------
                      0.000000    0.000000    0.000000   clock __VIRTUAL_CLK__ (rise edge)
                                  0.000000    0.000000   clock network delay (ideal)
                                  2.000000    2.000000 ^ input external delay
    12    0.028420    0.211397    0.143501    2.143501 ^ opcode[0] (in)
                                                         opcode[0] (net)
                      0.211397    0.000000    2.143501 ^ _6353_/C (sky130_fd_sc_hd__and4bb_2)
     1    0.002524    0.096904    0.499951    2.643452 ^ _6353_/X (sky130_fd_sc_hd__and4bb_2)
                                                         _2167_ (net)
                      0.096904    0.000000    2.643452 ^ _6408_/B1 (sky130_fd_sc_hd__a211o_2)
     2    0.035009    0.269691    0.349262    2.992713 ^ _6408_/X (sky130_fd_sc_hd__a211o_2)
                                                         result[0] (net)
                      0.269691    0.000000    2.992713 ^ result[0] (out)
                                              2.992713   data arrival time

                      0.000000    0.000000    0.000000   clock __VIRTUAL_CLK__ (rise edge)
                                  0.000000    0.000000   clock network delay (ideal)
                                  0.250000    0.250000   clock uncertainty
                                  0.000000    0.250000   clock reconvergence pessimism
                                 -2.000000   -1.750000   output external delay
                                             -1.750000   data required time
---------------------------------------------------------------------------------------------
                                             -1.750000   data required time
                                             -2.992713   data arrival time
---------------------------------------------------------------------------------------------
                                              4.742713   slack (MET)


Startpoint: opcode[3] (input port clocked by __VIRTUAL_CLK__)
Endpoint: result[26] (output port clocked by __VIRTUAL_CLK__)
Path Group: __VIRTUAL_CLK__
Path Type: min

Fanout         Cap        Slew       Delay        Time   Description
---------------------------------------------------------------------------------------------
                      0.000000    0.000000    0.000000   clock __VIRTUAL_CLK__ (rise edge)
                                  0.000000    0.000000   clock network delay (ideal)
                                  2.000000    2.000000 ^ input external delay
    10    0.028364    0.211004    0.143225    2.143225 ^ opcode[3] (in)
                                                         opcode[3] (net)
                      0.211004    0.000000    2.143225 ^ _6202_/D (sky130_fd_sc_hd__nor4_2)
    20    0.056868    0.248390    0.292475    2.435699 v _6202_/Y (sky130_fd_sc_hd__nor4_2)
                                                         _2002_ (net)
                      0.248390    0.000000    2.435699 v _6918_/A1 (sky130_fd_sc_hd__a31o_2)
     2    0.034722    0.189435    0.589442    3.025141 v _6918_/X (sky130_fd_sc_hd__a31o_2)
                                                         result[26] (net)
                      0.189435    0.000000    3.025141 v result[26] (out)
                                              3.025141   data arrival time

                      0.000000    0.000000    0.000000   clock __VIRTUAL_CLK__ (rise edge)
                                  0.000000    0.000000   clock network delay (ideal)
                                  0.250000    0.250000   clock uncertainty
                                  0.000000    0.250000   clock reconvergence pessimism
                                 -2.000000   -1.750000   output external delay
                                             -1.750000   data required time
---------------------------------------------------------------------------------------------
                                             -1.750000   data required time
                                             -3.025141   data arrival time
---------------------------------------------------------------------------------------------
                                              4.775141   slack (MET)


Startpoint: opcode[3] (input port clocked by __VIRTUAL_CLK__)
Endpoint: result[3] (output port clocked by __VIRTUAL_CLK__)
Path Group: __VIRTUAL_CLK__
Path Type: min

Fanout         Cap        Slew       Delay        Time   Description
---------------------------------------------------------------------------------------------
                      0.000000    0.000000    0.000000   clock __VIRTUAL_CLK__ (rise edge)
                                  0.000000    0.000000   clock network delay (ideal)
                                  2.000000    2.000000 v input external delay
    10    0.025450    0.112435    0.078171    2.078171 v opcode[3] (in)
                                                         opcode[3] (net)
                      0.112435    0.000000    2.078171 v _6060_/B (sky130_fd_sc_hd__nand2b_2)
     6    0.015038    0.146846    0.178001    2.256173 ^ _6060_/Y (sky130_fd_sc_hd__nand2b_2)
                                                         _1846_ (net)
                      0.146846    0.000000    2.256173 ^ _6061_/B (sky130_fd_sc_hd__nor2_2)
    15    0.033050    0.148200    0.185691    2.441864 v _6061_/Y (sky130_fd_sc_hd__nor2_2)
                                                         _1847_ (net)
                      0.148200    0.000000    2.441864 v _6513_/A2 (sky130_fd_sc_hd__a31o_2)
     2    0.034808    0.190032    0.598847    3.040710 v _6513_/X (sky130_fd_sc_hd__a31o_2)
                                                         result[3] (net)
                      0.190032    0.000000    3.040710 v result[3] (out)
                                              3.040710   data arrival time

                      0.000000    0.000000    0.000000   clock __VIRTUAL_CLK__ (rise edge)
                                  0.000000    0.000000   clock network delay (ideal)
                                  0.250000    0.250000   clock uncertainty
                                  0.000000    0.250000   clock reconvergence pessimism
                                 -2.000000   -1.750000   output external delay
                                             -1.750000   data required time
---------------------------------------------------------------------------------------------
                                             -1.750000   data required time
                                             -3.040710   data arrival time
---------------------------------------------------------------------------------------------
                                              4.790710   slack (MET)


Startpoint: opcode[3] (input port clocked by __VIRTUAL_CLK__)
Endpoint: result[6] (output port clocked by __VIRTUAL_CLK__)
Path Group: __VIRTUAL_CLK__
Path Type: min

Fanout         Cap        Slew       Delay        Time   Description
---------------------------------------------------------------------------------------------
                      0.000000    0.000000    0.000000   clock __VIRTUAL_CLK__ (rise edge)
                                  0.000000    0.000000   clock network delay (ideal)
                                  2.000000    2.000000 v input external delay
    10    0.025450    0.112435    0.078171    2.078171 v opcode[3] (in)
                                                         opcode[3] (net)
                      0.112435    0.000000    2.078171 v _6060_/B (sky130_fd_sc_hd__nand2b_2)
     6    0.015038    0.146846    0.178001    2.256173 ^ _6060_/Y (sky130_fd_sc_hd__nand2b_2)
                                                         _1846_ (net)
                      0.146846    0.000000    2.256173 ^ _6061_/B (sky130_fd_sc_hd__nor2_2)
    15    0.033050    0.148200    0.185691    2.441864 v _6061_/Y (sky130_fd_sc_hd__nor2_2)
                                                         _1847_ (net)
                      0.148200    0.000000    2.441864 v _6581_/A2 (sky130_fd_sc_hd__a31o_2)
     2    0.035024    0.190840    0.599645    3.041508 v _6581_/X (sky130_fd_sc_hd__a31o_2)
                                                         result[6] (net)
                      0.190840    0.000000    3.041508 v result[6] (out)
                                              3.041508   data arrival time

                      0.000000    0.000000    0.000000   clock __VIRTUAL_CLK__ (rise edge)
                                  0.000000    0.000000   clock network delay (ideal)
                                  0.250000    0.250000   clock uncertainty
                                  0.000000    0.250000   clock reconvergence pessimism
                                 -2.000000   -1.750000   output external delay
                                             -1.750000   data required time
---------------------------------------------------------------------------------------------
                                             -1.750000   data required time
                                             -3.041508   data arrival time
---------------------------------------------------------------------------------------------
                                              4.791508   slack (MET)


Startpoint: A[27] (input port clocked by __VIRTUAL_CLK__)
Endpoint: result[27] (output port clocked by __VIRTUAL_CLK__)
Path Group: __VIRTUAL_CLK__
Path Type: min

Fanout         Cap        Slew       Delay        Time   Description
---------------------------------------------------------------------------------------------
                      0.000000    0.000000    0.000000   clock __VIRTUAL_CLK__ (rise edge)
                                  0.000000    0.000000   clock network delay (ideal)
                                  2.000000    2.000000 v input external delay
    22    0.059450    0.256496    0.182059    2.182059 v A[27] (in)
                                                         A[27] (net)
                      0.256496    0.000000    2.182059 v _6928_/A1 (sky130_fd_sc_hd__o221ai_2)
     1    0.001491    0.072229    0.334604    2.516663 ^ _6928_/Y (sky130_fd_sc_hd__o221ai_2)
                                                         _2772_ (net)
                      0.072229    0.000000    2.516663 ^ _6930_/B (sky130_fd_sc_hd__or4b_2)
     1    0.001546    0.043635    0.178664    2.695327 ^ _6930_/X (sky130_fd_sc_hd__or4b_2)
                                                         _2775_ (net)
                      0.043635    0.000000    2.695327 ^ _6934_/B (sky130_fd_sc_hd__or3b_2)
     2    0.038023    0.343213    0.385231    3.080558 ^ _6934_/X (sky130_fd_sc_hd__or3b_2)
                                                         result[27] (net)
                      0.343213    0.000000    3.080558 ^ result[27] (out)
                                              3.080558   data arrival time

                      0.000000    0.000000    0.000000   clock __VIRTUAL_CLK__ (rise edge)
                                  0.000000    0.000000   clock network delay (ideal)
                                  0.250000    0.250000   clock uncertainty
                                  0.000000    0.250000   clock reconvergence pessimism
                                 -2.000000   -1.750000   output external delay
                                             -1.750000   data required time
---------------------------------------------------------------------------------------------
                                             -1.750000   data required time
                                             -3.080558   data arrival time
---------------------------------------------------------------------------------------------
                                              4.830558   slack (MET)


Startpoint: opcode[3] (input port clocked by __VIRTUAL_CLK__)
Endpoint: result[22] (output port clocked by __VIRTUAL_CLK__)
Path Group: __VIRTUAL_CLK__
Path Type: min

Fanout         Cap        Slew       Delay        Time   Description
---------------------------------------------------------------------------------------------
                      0.000000    0.000000    0.000000   clock __VIRTUAL_CLK__ (rise edge)
                                  0.000000    0.000000   clock network delay (ideal)
                                  2.000000    2.000000 ^ input external delay
    10    0.028364    0.211004    0.143225    2.143225 ^ opcode[3] (in)
                                                         opcode[3] (net)
                      0.211004    0.000000    2.143225 ^ _6202_/D (sky130_fd_sc_hd__nor4_2)
    20    0.056868    0.248390    0.292475    2.435699 v _6202_/Y (sky130_fd_sc_hd__nor4_2)
                                                         _2002_ (net)
                      0.248390    0.000000    2.435699 v _6855_/A2 (sky130_fd_sc_hd__a31o_2)
     2    0.037652    0.200768    0.653784    3.089484 v _6855_/X (sky130_fd_sc_hd__a31o_2)
                                                         result[22] (net)
                      0.200768    0.000000    3.089484 v result[22] (out)
                                              3.089484   data arrival time

                      0.000000    0.000000    0.000000   clock __VIRTUAL_CLK__ (rise edge)
                                  0.000000    0.000000   clock network delay (ideal)
                                  0.250000    0.250000   clock uncertainty
                                  0.000000    0.250000   clock reconvergence pessimism
                                 -2.000000   -1.750000   output external delay
                                             -1.750000   data required time
---------------------------------------------------------------------------------------------
                                             -1.750000   data required time
                                             -3.089484   data arrival time
---------------------------------------------------------------------------------------------
                                              4.839484   slack (MET)


Startpoint: A[28] (input port clocked by __VIRTUAL_CLK__)
Endpoint: result[28] (output port clocked by __VIRTUAL_CLK__)
Path Group: __VIRTUAL_CLK__
Path Type: min

Fanout         Cap        Slew       Delay        Time   Description
---------------------------------------------------------------------------------------------
                      0.000000    0.000000    0.000000   clock __VIRTUAL_CLK__ (rise edge)
                                  0.000000    0.000000   clock network delay (ideal)
                                  2.000000    2.000000 v input external delay
    19    0.053803    0.232569    0.164805    2.164805 v A[28] (in)
                                                         A[28] (net)
                      0.232569    0.000000    2.164805 v _6942_/A1 (sky130_fd_sc_hd__o21ai_2)
     1    0.002524    0.055780    0.266224    2.431028 ^ _6942_/Y (sky130_fd_sc_hd__o21ai_2)
                                                         _2787_ (net)
                      0.055780    0.000000    2.431028 ^ _6943_/B1 (sky130_fd_sc_hd__a211o_2)
     1    0.001567    0.038273    0.146910    2.577938 ^ _6943_/X (sky130_fd_sc_hd__a211o_2)
                                                         _2788_ (net)
                      0.038273    0.000000    2.577938 ^ _6946_/A (sky130_fd_sc_hd__or3_2)
     1    0.001459    0.039788    0.158092    2.736030 ^ _6946_/X (sky130_fd_sc_hd__or3_2)
                                                         _2791_ (net)
                      0.039788    0.000000    2.736030 ^ _6949_/A (sky130_fd_sc_hd__or3b_2)
     2    0.034906    0.317058    0.369164    3.105194 ^ _6949_/X (sky130_fd_sc_hd__or3b_2)
                                                         result[28] (net)
                      0.317058    0.000000    3.105194 ^ result[28] (out)
                                              3.105194   data arrival time

                      0.000000    0.000000    0.000000   clock __VIRTUAL_CLK__ (rise edge)
                                  0.000000    0.000000   clock network delay (ideal)
                                  0.250000    0.250000   clock uncertainty
                                  0.000000    0.250000   clock reconvergence pessimism
                                 -2.000000   -1.750000   output external delay
                                             -1.750000   data required time
---------------------------------------------------------------------------------------------
                                             -1.750000   data required time
                                             -3.105194   data arrival time
---------------------------------------------------------------------------------------------
                                              4.855195   slack (MET)


Startpoint: opcode[0] (input port clocked by __VIRTUAL_CLK__)
Endpoint: result[1] (output port clocked by __VIRTUAL_CLK__)
Path Group: __VIRTUAL_CLK__
Path Type: min

Fanout         Cap        Slew       Delay        Time   Description
---------------------------------------------------------------------------------------------
                      0.000000    0.000000    0.000000   clock __VIRTUAL_CLK__ (rise edge)
                                  0.000000    0.000000   clock network delay (ideal)
                                  2.000000    2.000000 ^ input external delay
    12    0.028420    0.211397    0.143501    2.143501 ^ opcode[0] (in)
                                                         opcode[0] (net)
                      0.211397    0.000000    2.143501 ^ _6335_/B (sky130_fd_sc_hd__nor3_2)
     5    0.020993    0.110785    0.194932    2.338433 v _6335_/Y (sky130_fd_sc_hd__nor3_2)
                                                         _2148_ (net)
                      0.110785    0.000000    2.338433 v _6390_/B (sky130_fd_sc_hd__nand2_2)
     3    0.011668    0.127336    0.162058    2.500491 ^ _6390_/Y (sky130_fd_sc_hd__nand2_2)
                                                         _2208_ (net)
                      0.127336    0.000000    2.500491 ^ _6425_/B1 (sky130_fd_sc_hd__o21ai_2)
     1    0.002241    0.044024    0.110408    2.610899 v _6425_/Y (sky130_fd_sc_hd__o21ai_2)
                                                         _2245_ (net)
                      0.044024    0.000000    2.610899 v _6452_/A2 (sky130_fd_sc_hd__a21o_2)
     2    0.034738    0.186840    0.505355    3.116254 v _6452_/X (sky130_fd_sc_hd__a21o_2)
                                                         result[1] (net)
                      0.186840    0.000000    3.116254 v result[1] (out)
                                              3.116254   data arrival time

                      0.000000    0.000000    0.000000   clock __VIRTUAL_CLK__ (rise edge)
                                  0.000000    0.000000   clock network delay (ideal)
                                  0.250000    0.250000   clock uncertainty
                                  0.000000    0.250000   clock reconvergence pessimism
                                 -2.000000   -1.750000   output external delay
                                             -1.750000   data required time
---------------------------------------------------------------------------------------------
                                             -1.750000   data required time
                                             -3.116254   data arrival time
---------------------------------------------------------------------------------------------
                                              4.866254   slack (MET)


Startpoint: B[20] (input port clocked by __VIRTUAL_CLK__)
Endpoint: result[21] (output port clocked by __VIRTUAL_CLK__)
Path Group: __VIRTUAL_CLK__
Path Type: min

Fanout         Cap        Slew       Delay        Time   Description
---------------------------------------------------------------------------------------------
                      0.000000    0.000000    0.000000   clock __VIRTUAL_CLK__ (rise edge)
                                  0.000000    0.000000   clock network delay (ideal)
                                  2.000000    2.000000 v input external delay
    26    0.079877    0.340107    0.244062    2.244062 v B[20] (in)
                                                         B[20] (net)
                      0.340107    0.000000    2.244062 v _6084_/A (sky130_fd_sc_hd__nand2_2)
     6    0.017955    0.190096    0.289119    2.533181 ^ _6084_/Y (sky130_fd_sc_hd__nand2_2)
                                                         _1872_ (net)
                      0.190096    0.000000    2.533181 ^ _6823_/A1 (sky130_fd_sc_hd__a21oi_2)
     1    0.004246    0.047587    0.149732    2.682913 v _6823_/Y (sky130_fd_sc_hd__a21oi_2)
                                                         _2663_ (net)
                      0.047587    0.000000    2.682913 v _6825_/A (sky130_fd_sc_hd__nor2_2)
     1    0.002524    0.097469    0.142730    2.825643 ^ _6825_/Y (sky130_fd_sc_hd__nor2_2)
                                                         _2665_ (net)
                      0.097469    0.000000    2.825643 ^ _6837_/B1 (sky130_fd_sc_hd__a211o_2)
     2    0.034859    0.268607    0.348759    3.174402 ^ _6837_/X (sky130_fd_sc_hd__a211o_2)
                                                         result[21] (net)
                      0.268607    0.000000    3.174402 ^ result[21] (out)
                                              3.174402   data arrival time

                      0.000000    0.000000    0.000000   clock __VIRTUAL_CLK__ (rise edge)
                                  0.000000    0.000000   clock network delay (ideal)
                                  0.250000    0.250000   clock uncertainty
                                  0.000000    0.250000   clock reconvergence pessimism
                                 -2.000000   -1.750000   output external delay
                                             -1.750000   data required time
---------------------------------------------------------------------------------------------
                                             -1.750000   data required time
                                             -3.174402   data arrival time
---------------------------------------------------------------------------------------------
                                              4.924401   slack (MET)


Startpoint: B[24] (input port clocked by __VIRTUAL_CLK__)
Endpoint: result[25] (output port clocked by __VIRTUAL_CLK__)
Path Group: __VIRTUAL_CLK__
Path Type: min

Fanout         Cap        Slew       Delay        Time   Description
---------------------------------------------------------------------------------------------
                      0.000000    0.000000    0.000000   clock __VIRTUAL_CLK__ (rise edge)
                                  0.000000    0.000000   clock network delay (ideal)
                                  2.000000    2.000000 v input external delay
    19    0.054289    0.234629    0.166290    2.166290 v B[24] (in)
                                                         B[24] (net)
                      0.234629    0.000000    2.166290 v _6181_/A (sky130_fd_sc_hd__nand2_2)
     4    0.013040    0.138633    0.212947    2.379237 ^ _6181_/Y (sky130_fd_sc_hd__nand2_2)
                                                         _1979_ (net)
                      0.138633    0.000000    2.379237 ^ _6889_/B1 (sky130_fd_sc_hd__o21ai_2)
     2    0.012400    0.122026    0.178494    2.557731 v _6889_/Y (sky130_fd_sc_hd__o21ai_2)
                                                         _2732_ (net)
                      0.122026    0.000000    2.557731 v _6890_/B (sky130_fd_sc_hd__xnor2_2)
     1    0.002512    0.056833    0.192815    2.750546 ^ _6890_/Y (sky130_fd_sc_hd__xnor2_2)
                                                         _2733_ (net)
                      0.056833    0.000000    2.750546 ^ _6901_/A2 (sky130_fd_sc_hd__a211o_2)
     2    0.034930    0.269279    0.424452    3.174999 ^ _6901_/X (sky130_fd_sc_hd__a211o_2)
                                                         result[25] (net)
                      0.269279    0.000000    3.174999 ^ result[25] (out)
                                              3.174999   data arrival time

                      0.000000    0.000000    0.000000   clock __VIRTUAL_CLK__ (rise edge)
                                  0.000000    0.000000   clock network delay (ideal)
                                  0.250000    0.250000   clock uncertainty
                                  0.000000    0.250000   clock reconvergence pessimism
                                 -2.000000   -1.750000   output external delay
                                             -1.750000   data required time
---------------------------------------------------------------------------------------------
                                             -1.750000   data required time
                                             -3.174999   data arrival time
---------------------------------------------------------------------------------------------
                                              4.924998   slack (MET)


Startpoint: B[30] (input port clocked by __VIRTUAL_CLK__)
Endpoint: result[30] (output port clocked by __VIRTUAL_CLK__)
Path Group: __VIRTUAL_CLK__
Path Type: min

Fanout         Cap        Slew       Delay        Time   Description
---------------------------------------------------------------------------------------------
                      0.000000    0.000000    0.000000   clock __VIRTUAL_CLK__ (rise edge)
                                  0.000000    0.000000   clock network delay (ideal)
                                  2.000000    2.000000 v input external delay
     5    0.013592    0.063035    0.042128    2.042128 v B[30] (in)
                                                         B[30] (net)
                      0.063035    0.000000    2.042128 v _6067_/A (sky130_fd_sc_hd__nand2_2)
     5    0.012318    0.119598    0.129542    2.171670 ^ _6067_/Y (sky130_fd_sc_hd__nand2_2)
                                                         _1853_ (net)
                      0.119598    0.000000    2.171670 ^ _6070_/A (sky130_fd_sc_hd__nand2_2)
     7    0.025021    0.223913    0.232109    2.403780 v _6070_/Y (sky130_fd_sc_hd__nand2_2)
                                                         _1857_ (net)
                      0.223913    0.000000    2.403780 v _6973_/A1 (sky130_fd_sc_hd__a21boi_2)
     1    0.002524    0.108935    0.243370    2.647150 ^ _6973_/Y (sky130_fd_sc_hd__a21boi_2)
                                                         _2819_ (net)
                      0.108935    0.000000    2.647150 ^ _6981_/B1 (sky130_fd_sc_hd__a211o_2)
     1    0.002417    0.044023    0.177718    2.824868 ^ _6981_/X (sky130_fd_sc_hd__a211o_2)
                                                         _2828_ (net)
                      0.044023    0.000000    2.824868 ^ _6982_/C1 (sky130_fd_sc_hd__a311o_2)
     2    0.034956    0.300744    0.359349    3.184217 ^ _6982_/X (sky130_fd_sc_hd__a311o_2)
                                                         result[30] (net)
                      0.300744    0.000000    3.184217 ^ result[30] (out)
                                              3.184217   data arrival time

                      0.000000    0.000000    0.000000   clock __VIRTUAL_CLK__ (rise edge)
                                  0.000000    0.000000   clock network delay (ideal)
                                  0.250000    0.250000   clock uncertainty
                                  0.000000    0.250000   clock reconvergence pessimism
                                 -2.000000   -1.750000   output external delay
                                             -1.750000   data required time
---------------------------------------------------------------------------------------------
                                             -1.750000   data required time
                                             -3.184217   data arrival time
---------------------------------------------------------------------------------------------
                                              4.934217   slack (MET)


Startpoint: B[30] (input port clocked by __VIRTUAL_CLK__)
Endpoint: result[31] (output port clocked by __VIRTUAL_CLK__)
Path Group: __VIRTUAL_CLK__
Path Type: min

Fanout         Cap        Slew       Delay        Time   Description
---------------------------------------------------------------------------------------------
                      0.000000    0.000000    0.000000   clock __VIRTUAL_CLK__ (rise edge)
                                  0.000000    0.000000   clock network delay (ideal)
                                  2.000000    2.000000 v input external delay
     5    0.013592    0.063035    0.042128    2.042128 v B[30] (in)
                                                         B[30] (net)
                      0.063035    0.000000    2.042128 v _6067_/A (sky130_fd_sc_hd__nand2_2)
     5    0.012318    0.119598    0.129542    2.171670 ^ _6067_/Y (sky130_fd_sc_hd__nand2_2)
                                                         _1853_ (net)
                      0.119598    0.000000    2.171670 ^ _6204_/A2 (sky130_fd_sc_hd__a31o_2)
     1    0.002476    0.060148    0.323055    2.494725 ^ _6204_/X (sky130_fd_sc_hd__a31o_2)
                                                         _2004_ (net)
                      0.060148    0.000000    2.494725 ^ _6346_/A2 (sky130_fd_sc_hd__o211a_2)
     1    0.004518    0.094416    0.359428    2.854153 ^ _6346_/X (sky130_fd_sc_hd__o211a_2)
                                                         _2160_ (net)
                      0.094416    0.000000    2.854153 ^ _6347_/B1 (sky130_fd_sc_hd__o21ai_2)
     4    0.044002    0.366694    0.340698    3.194851 v _6347_/Y (sky130_fd_sc_hd__o21ai_2)
                                                         result[31] (net)
                      0.366694    0.000000    3.194851 v result[31] (out)
                                              3.194851   data arrival time

                      0.000000    0.000000    0.000000   clock __VIRTUAL_CLK__ (rise edge)
                                  0.000000    0.000000   clock network delay (ideal)
                                  0.250000    0.250000   clock uncertainty
                                  0.000000    0.250000   clock reconvergence pessimism
                                 -2.000000   -1.750000   output external delay
                                             -1.750000   data required time
---------------------------------------------------------------------------------------------
                                             -1.750000   data required time
                                             -3.194851   data arrival time
---------------------------------------------------------------------------------------------
                                              4.944851   slack (MET)


Startpoint: opcode[3] (input port clocked by __VIRTUAL_CLK__)
Endpoint: result[16] (output port clocked by __VIRTUAL_CLK__)
Path Group: __VIRTUAL_CLK__
Path Type: min

Fanout         Cap        Slew       Delay        Time   Description
---------------------------------------------------------------------------------------------
                      0.000000    0.000000    0.000000   clock __VIRTUAL_CLK__ (rise edge)
                                  0.000000    0.000000   clock network delay (ideal)
                                  2.000000    2.000000 v input external delay
    10    0.025450    0.112435    0.078171    2.078171 v opcode[3] (in)
                                                         opcode[3] (net)
                      0.112435    0.000000    2.078171 v _6060_/B (sky130_fd_sc_hd__nand2b_2)
     6    0.015038    0.146846    0.178001    2.256173 ^ _6060_/Y (sky130_fd_sc_hd__nand2b_2)
                                                         _1846_ (net)
                      0.146846    0.000000    2.256173 ^ _6061_/B (sky130_fd_sc_hd__nor2_2)
    15    0.033050    0.148200    0.185691    2.441864 v _6061_/Y (sky130_fd_sc_hd__nor2_2)
                                                         _1847_ (net)
                      0.148200    0.000000    2.441864 v _6753_/A1 (sky130_fd_sc_hd__a211o_2)
     2    0.034808    0.219904    0.763345    3.205209 v _6753_/X (sky130_fd_sc_hd__a211o_2)
                                                         result[16] (net)
                      0.219904    0.000000    3.205209 v result[16] (out)
                                              3.205209   data arrival time

                      0.000000    0.000000    0.000000   clock __VIRTUAL_CLK__ (rise edge)
                                  0.000000    0.000000   clock network delay (ideal)
                                  0.250000    0.250000   clock uncertainty
                                  0.000000    0.250000   clock reconvergence pessimism
                                 -2.000000   -1.750000   output external delay
                                             -1.750000   data required time
---------------------------------------------------------------------------------------------
                                             -1.750000   data required time
                                             -3.205209   data arrival time
---------------------------------------------------------------------------------------------
                                              4.955209   slack (MET)


Startpoint: opcode[3] (input port clocked by __VIRTUAL_CLK__)
Endpoint: result[14] (output port clocked by __VIRTUAL_CLK__)
Path Group: __VIRTUAL_CLK__
Path Type: min

Fanout         Cap        Slew       Delay        Time   Description
---------------------------------------------------------------------------------------------
                      0.000000    0.000000    0.000000   clock __VIRTUAL_CLK__ (rise edge)
                                  0.000000    0.000000   clock network delay (ideal)
                                  2.000000    2.000000 ^ input external delay
    10    0.028364    0.211004    0.143225    2.143225 ^ opcode[3] (in)
                                                         opcode[3] (net)
                      0.211004    0.000000    2.143225 ^ _6288_/C (sky130_fd_sc_hd__nor4b_2)
    20    0.051037    0.241603    0.292104    2.435329 v _6288_/Y (sky130_fd_sc_hd__nor4b_2)
                                                         _2096_ (net)
                      0.241603    0.000000    2.435329 v _6721_/A1 (sky130_fd_sc_hd__a211o_2)
     2    0.035024    0.221100    0.802143    3.237472 v _6721_/X (sky130_fd_sc_hd__a211o_2)
                                                         result[14] (net)
                      0.221100    0.000000    3.237472 v result[14] (out)
                                              3.237472   data arrival time

                      0.000000    0.000000    0.000000   clock __VIRTUAL_CLK__ (rise edge)
                                  0.000000    0.000000   clock network delay (ideal)
                                  0.250000    0.250000   clock uncertainty
                                  0.000000    0.250000   clock reconvergence pessimism
                                 -2.000000   -1.750000   output external delay
                                             -1.750000   data required time
---------------------------------------------------------------------------------------------
                                             -1.750000   data required time
                                             -3.237472   data arrival time
---------------------------------------------------------------------------------------------
                                              4.987472   slack (MET)


Startpoint: opcode[3] (input port clocked by __VIRTUAL_CLK__)
Endpoint: result[19] (output port clocked by __VIRTUAL_CLK__)
Path Group: __VIRTUAL_CLK__
Path Type: min

Fanout         Cap        Slew       Delay        Time   Description
---------------------------------------------------------------------------------------------
                      0.000000    0.000000    0.000000   clock __VIRTUAL_CLK__ (rise edge)
                                  0.000000    0.000000   clock network delay (ideal)
                                  2.000000    2.000000 ^ input external delay
    10    0.028364    0.211004    0.143225    2.143225 ^ opcode[3] (in)
                                                         opcode[3] (net)
                      0.211004    0.000000    2.143225 ^ _6202_/D (sky130_fd_sc_hd__nor4_2)
    20    0.056868    0.248390    0.292475    2.435699 v _6202_/Y (sky130_fd_sc_hd__nor4_2)
                                                         _2002_ (net)
                      0.248390    0.000000    2.435699 v _6805_/A1 (sky130_fd_sc_hd__a211o_2)
     2    0.034811    0.220304    0.803852    3.239552 v _6805_/X (sky130_fd_sc_hd__a211o_2)
                                                         result[19] (net)
                      0.220304    0.000000    3.239552 v result[19] (out)
                                              3.239552   data arrival time

                      0.000000    0.000000    0.000000   clock __VIRTUAL_CLK__ (rise edge)
                                  0.000000    0.000000   clock network delay (ideal)
                                  0.250000    0.250000   clock uncertainty
                                  0.000000    0.250000   clock reconvergence pessimism
                                 -2.000000   -1.750000   output external delay
                                             -1.750000   data required time
---------------------------------------------------------------------------------------------
                                             -1.750000   data required time
                                             -3.239552   data arrival time
---------------------------------------------------------------------------------------------
                                              4.989552   slack (MET)


Startpoint: opcode[3] (input port clocked by __VIRTUAL_CLK__)
Endpoint: result[10] (output port clocked by __VIRTUAL_CLK__)
Path Group: __VIRTUAL_CLK__
Path Type: min

Fanout         Cap        Slew       Delay        Time   Description
---------------------------------------------------------------------------------------------
                      0.000000    0.000000    0.000000   clock __VIRTUAL_CLK__ (rise edge)
                                  0.000000    0.000000   clock network delay (ideal)
                                  2.000000    2.000000 ^ input external delay
    10    0.028364    0.211004    0.143225    2.143225 ^ opcode[3] (in)
                                                         opcode[3] (net)
                      0.211004    0.000000    2.143225 ^ _6288_/C (sky130_fd_sc_hd__nor4b_2)
    20    0.051037    0.241603    0.292104    2.435329 v _6288_/Y (sky130_fd_sc_hd__nor4b_2)
                                                         _2096_ (net)
                      0.241603    0.000000    2.435329 v _6649_/A1 (sky130_fd_sc_hd__a211o_2)
     2    0.037489    0.230243    0.812096    3.247426 v _6649_/X (sky130_fd_sc_hd__a211o_2)
                                                         result[10] (net)
                      0.230243    0.000000    3.247426 v result[10] (out)
                                              3.247426   data arrival time

                      0.000000    0.000000    0.000000   clock __VIRTUAL_CLK__ (rise edge)
                                  0.000000    0.000000   clock network delay (ideal)
                                  0.250000    0.250000   clock uncertainty
                                  0.000000    0.250000   clock reconvergence pessimism
                                 -2.000000   -1.750000   output external delay
                                             -1.750000   data required time
---------------------------------------------------------------------------------------------
                                             -1.750000   data required time
                                             -3.247426   data arrival time
---------------------------------------------------------------------------------------------
                                              4.997426   slack (MET)


Startpoint: opcode[3] (input port clocked by __VIRTUAL_CLK__)
Endpoint: result[13] (output port clocked by __VIRTUAL_CLK__)
Path Group: __VIRTUAL_CLK__
Path Type: min

Fanout         Cap        Slew       Delay        Time   Description
---------------------------------------------------------------------------------------------
                      0.000000    0.000000    0.000000   clock __VIRTUAL_CLK__ (rise edge)
                                  0.000000    0.000000   clock network delay (ideal)
                                  2.000000    2.000000 v input external delay
    10    0.025450    0.112435    0.078171    2.078171 v opcode[3] (in)
                                                         opcode[3] (net)
                      0.112435    0.000000    2.078171 v _6060_/B (sky130_fd_sc_hd__nand2b_2)
     6    0.015038    0.146846    0.178001    2.256173 ^ _6060_/Y (sky130_fd_sc_hd__nand2b_2)
                                                         _1846_ (net)
                      0.146846    0.000000    2.256173 ^ _6062_/B (sky130_fd_sc_hd__or2_2)
    16    0.060740    0.492211    0.536061    2.792234 ^ _6062_/X (sky130_fd_sc_hd__or2_2)
                                                         _1848_ (net)
                      0.492211    0.000000    2.792234 ^ _6704_/A1 (sky130_fd_sc_hd__o21ai_2)
     2    0.034738    0.294899    0.457055    3.249289 v _6704_/Y (sky130_fd_sc_hd__o21ai_2)
                                                         result[13] (net)
                      0.294899    0.000000    3.249289 v result[13] (out)
                                              3.249289   data arrival time

                      0.000000    0.000000    0.000000   clock __VIRTUAL_CLK__ (rise edge)
                                  0.000000    0.000000   clock network delay (ideal)
                                  0.250000    0.250000   clock uncertainty
                                  0.000000    0.250000   clock reconvergence pessimism
                                 -2.000000   -1.750000   output external delay
                                             -1.750000   data required time
---------------------------------------------------------------------------------------------
                                             -1.750000   data required time
                                             -3.249289   data arrival time
---------------------------------------------------------------------------------------------
                                              4.999289   slack (MET)


Startpoint: opcode[3] (input port clocked by __VIRTUAL_CLK__)
Endpoint: result[17] (output port clocked by __VIRTUAL_CLK__)
Path Group: __VIRTUAL_CLK__
Path Type: min

Fanout         Cap        Slew       Delay        Time   Description
---------------------------------------------------------------------------------------------
                      0.000000    0.000000    0.000000   clock __VIRTUAL_CLK__ (rise edge)
                                  0.000000    0.000000   clock network delay (ideal)
                                  2.000000    2.000000 ^ input external delay
    10    0.028364    0.211004    0.143225    2.143225 ^ opcode[3] (in)
                                                         opcode[3] (net)
                      0.211004    0.000000    2.143225 ^ _6202_/D (sky130_fd_sc_hd__nor4_2)
    20    0.056868    0.248390    0.292475    2.435699 v _6202_/Y (sky130_fd_sc_hd__nor4_2)
                                                         _2002_ (net)
                      0.248390    0.000000    2.435699 v _6772_/A1 (sky130_fd_sc_hd__a311oi_2)
     1    0.004546    0.259073    0.423888    2.859587 ^ _6772_/Y (sky130_fd_sc_hd__a311oi_2)
                                                         _2611_ (net)
                      0.259073    0.000000    2.859587 ^ _6773_/B1 (sky130_fd_sc_hd__o31ai_2)
     2    0.034855    0.298678    0.398073    3.257660 v _6773_/Y (sky130_fd_sc_hd__o31ai_2)
                                                         result[17] (net)
                      0.298678    0.000000    3.257660 v result[17] (out)
                                              3.257660   data arrival time

                      0.000000    0.000000    0.000000   clock __VIRTUAL_CLK__ (rise edge)
                                  0.000000    0.000000   clock network delay (ideal)
                                  0.250000    0.250000   clock uncertainty
                                  0.000000    0.250000   clock reconvergence pessimism
                                 -2.000000   -1.750000   output external delay
                                             -1.750000   data required time
---------------------------------------------------------------------------------------------
                                             -1.750000   data required time
                                             -3.257660   data arrival time
---------------------------------------------------------------------------------------------
                                              5.007660   slack (MET)


Startpoint: opcode[3] (input port clocked by __VIRTUAL_CLK__)
Endpoint: result[23] (output port clocked by __VIRTUAL_CLK__)
Path Group: __VIRTUAL_CLK__
Path Type: min

Fanout         Cap        Slew       Delay        Time   Description
---------------------------------------------------------------------------------------------
                      0.000000    0.000000    0.000000   clock __VIRTUAL_CLK__ (rise edge)
                                  0.000000    0.000000   clock network delay (ideal)
                                  2.000000    2.000000 v input external delay
    10    0.025450    0.112435    0.078171    2.078171 v opcode[3] (in)
                                                         opcode[3] (net)
                      0.112435    0.000000    2.078171 v _6060_/B (sky130_fd_sc_hd__nand2b_2)
     6    0.015038    0.146846    0.178001    2.256173 ^ _6060_/Y (sky130_fd_sc_hd__nand2b_2)
                                                         _1846_ (net)
                      0.146846    0.000000    2.256173 ^ _6062_/B (sky130_fd_sc_hd__or2_2)
    16    0.060740    0.492211    0.536061    2.792234 ^ _6062_/X (sky130_fd_sc_hd__or2_2)
                                                         _1848_ (net)
                      0.492211    0.000000    2.792234 ^ _6870_/A1 (sky130_fd_sc_hd__o21bai_2)
     2    0.037533    0.331791    0.504805    3.297039 v _6870_/Y (sky130_fd_sc_hd__o21bai_2)
                                                         result[23] (net)
                      0.331791    0.000000    3.297039 v result[23] (out)
                                              3.297039   data arrival time

                      0.000000    0.000000    0.000000   clock __VIRTUAL_CLK__ (rise edge)
                                  0.000000    0.000000   clock network delay (ideal)
                                  0.250000    0.250000   clock uncertainty
                                  0.000000    0.250000   clock reconvergence pessimism
                                 -2.000000   -1.750000   output external delay
                                             -1.750000   data required time
---------------------------------------------------------------------------------------------
                                             -1.750000   data required time
                                             -3.297039   data arrival time
---------------------------------------------------------------------------------------------
                                              5.047040   slack (MET)


Startpoint: opcode[2] (input port clocked by __VIRTUAL_CLK__)
Endpoint: result[5] (output port clocked by __VIRTUAL_CLK__)
Path Group: __VIRTUAL_CLK__
Path Type: min

Fanout         Cap        Slew       Delay        Time   Description
---------------------------------------------------------------------------------------------
                      0.000000    0.000000    0.000000   clock __VIRTUAL_CLK__ (rise edge)
                                  0.000000    0.000000   clock network delay (ideal)
                                  2.000000    2.000000 v input external delay
    11    0.028086    0.123604    0.086226    2.086226 v opcode[2] (in)
                                                         opcode[2] (net)
                      0.123604    0.000000    2.086226 v _6292_/B (sky130_fd_sc_hd__nand2b_2)
     5    0.010344    0.112332    0.157963    2.244189 ^ _6292_/Y (sky130_fd_sc_hd__nand2b_2)
                                                         _2101_ (net)
                      0.112332    0.000000    2.244189 ^ _6341_/A (sky130_fd_sc_hd__nor2_2)
     6    0.020568    0.100960    0.140289    2.384478 v _6341_/Y (sky130_fd_sc_hd__nor2_2)
                                                         _2155_ (net)
                      0.100960    0.000000    2.384478 v _6391_/B (sky130_fd_sc_hd__nand2_2)
     4    0.012448    0.132730    0.161767    2.546245 ^ _6391_/Y (sky130_fd_sc_hd__nand2_2)
                                                         _2209_ (net)
                      0.132730    0.000000    2.546245 ^ _6555_/A1 (sky130_fd_sc_hd__o22a_2)
     1    0.004626    0.072183    0.324593    2.870838 ^ _6555_/X (sky130_fd_sc_hd__o22a_2)
                                                         _2384_ (net)
                      0.072183    0.000000    2.870838 ^ _6561_/B (sky130_fd_sc_hd__nand3_2)
     2    0.034738    0.474547    0.428497    3.299335 v _6561_/Y (sky130_fd_sc_hd__nand3_2)
                                                         result[5] (net)
                      0.474547    0.000000    3.299335 v result[5] (out)
                                              3.299335   data arrival time

                      0.000000    0.000000    0.000000   clock __VIRTUAL_CLK__ (rise edge)
                                  0.000000    0.000000   clock network delay (ideal)
                                  0.250000    0.250000   clock uncertainty
                                  0.000000    0.250000   clock reconvergence pessimism
                                 -2.000000   -1.750000   output external delay
                                             -1.750000   data required time
---------------------------------------------------------------------------------------------
                                             -1.750000   data required time
                                             -3.299335   data arrival time
---------------------------------------------------------------------------------------------
                                              5.049335   slack (MET)


Startpoint: opcode[3] (input port clocked by __VIRTUAL_CLK__)
Endpoint: result[7] (output port clocked by __VIRTUAL_CLK__)
Path Group: __VIRTUAL_CLK__
Path Type: min

Fanout         Cap        Slew       Delay        Time   Description
---------------------------------------------------------------------------------------------
                      0.000000    0.000000    0.000000   clock __VIRTUAL_CLK__ (rise edge)
                                  0.000000    0.000000   clock network delay (ideal)
                                  2.000000    2.000000 ^ input external delay
    10    0.028364    0.211004    0.143225    2.143225 ^ opcode[3] (in)
                                                         opcode[3] (net)
                      0.211004    0.000000    2.143225 ^ _6202_/D (sky130_fd_sc_hd__nor4_2)
    20    0.056868    0.248390    0.292475    2.435699 v _6202_/Y (sky130_fd_sc_hd__nor4_2)
                                                         _2002_ (net)
                      0.248390    0.000000    2.435699 v _6596_/B2 (sky130_fd_sc_hd__a221o_2)
     2    0.034808    0.233214    0.920879    3.356578 v _6596_/X (sky130_fd_sc_hd__a221o_2)
                                                         result[7] (net)
                      0.233214    0.000000    3.356578 v result[7] (out)
                                              3.356578   data arrival time

                      0.000000    0.000000    0.000000   clock __VIRTUAL_CLK__ (rise edge)
                                  0.000000    0.000000   clock network delay (ideal)
                                  0.250000    0.250000   clock uncertainty
                                  0.000000    0.250000   clock reconvergence pessimism
                                 -2.000000   -1.750000   output external delay
                                             -1.750000   data required time
---------------------------------------------------------------------------------------------
                                             -1.750000   data required time
                                             -3.356578   data arrival time
---------------------------------------------------------------------------------------------
                                              5.106578   slack (MET)


Startpoint: A[27] (input port clocked by __VIRTUAL_CLK__)
Endpoint: zero (output port clocked by __VIRTUAL_CLK__)
Path Group: __VIRTUAL_CLK__
Path Type: min

Fanout         Cap        Slew       Delay        Time   Description
---------------------------------------------------------------------------------------------
                      0.000000    0.000000    0.000000   clock __VIRTUAL_CLK__ (rise edge)
                                  0.000000    0.000000   clock network delay (ideal)
                                  2.000000    2.000000 v input external delay
    22    0.059450    0.256496    0.182059    2.182059 v A[27] (in)
                                                         A[27] (net)
                      0.256496    0.000000    2.182059 v _6928_/A1 (sky130_fd_sc_hd__o221ai_2)
     1    0.001491    0.072229    0.334604    2.516663 ^ _6928_/Y (sky130_fd_sc_hd__o221ai_2)
                                                         _2772_ (net)
                      0.072229    0.000000    2.516663 ^ _6930_/B (sky130_fd_sc_hd__or4b_2)
     1    0.001546    0.043635    0.178664    2.695327 ^ _6930_/X (sky130_fd_sc_hd__or4b_2)
                                                         _2775_ (net)
                      0.043635    0.000000    2.695327 ^ _6934_/B (sky130_fd_sc_hd__or3b_2)
     2    0.038023    0.343213    0.385231    3.080558 ^ _6934_/X (sky130_fd_sc_hd__or3b_2)
                                                         result[27] (net)
                      0.343213    0.000000    3.080558 ^ _6995_/B (sky130_fd_sc_hd__nor4_2)
     1    0.033442    0.154089    0.299605    3.380163 v _6995_/Y (sky130_fd_sc_hd__nor4_2)
                                                         zero (net)
                      0.154089    0.000000    3.380163 v zero (out)
                                              3.380163   data arrival time

                      0.000000    0.000000    0.000000   clock __VIRTUAL_CLK__ (rise edge)
                                  0.000000    0.000000   clock network delay (ideal)
                                  0.250000    0.250000   clock uncertainty
                                  0.000000    0.250000   clock reconvergence pessimism
                                 -2.000000   -1.750000   output external delay
                                             -1.750000   data required time
---------------------------------------------------------------------------------------------
                                             -1.750000   data required time
                                             -3.380163   data arrival time
---------------------------------------------------------------------------------------------
                                              5.130163   slack (MET)


Startpoint: opcode[0] (input port clocked by __VIRTUAL_CLK__)
Endpoint: result[2] (output port clocked by __VIRTUAL_CLK__)
Path Group: __VIRTUAL_CLK__
Path Type: min

Fanout         Cap        Slew       Delay        Time   Description
---------------------------------------------------------------------------------------------
                      0.000000    0.000000    0.000000   clock __VIRTUAL_CLK__ (rise edge)
                                  0.000000    0.000000   clock network delay (ideal)
                                  2.000000    2.000000 ^ input external delay
    12    0.028420    0.211397    0.143501    2.143501 ^ opcode[0] (in)
                                                         opcode[0] (net)
                      0.211397    0.000000    2.143501 ^ _6335_/B (sky130_fd_sc_hd__nor3_2)
     5    0.020993    0.110785    0.194932    2.338433 v _6335_/Y (sky130_fd_sc_hd__nor3_2)
                                                         _2148_ (net)
                      0.110785    0.000000    2.338433 v _6463_/B2 (sky130_fd_sc_hd__a22oi_2)
     2    0.006099    0.215516    0.276261    2.614694 ^ _6463_/Y (sky130_fd_sc_hd__a22oi_2)
                                                         _2286_ (net)
                      0.215516    0.000000    2.614694 ^ _6464_/B (sky130_fd_sc_hd__nor2_2)
     1    0.002208    0.049207    0.098991    2.713686 v _6464_/Y (sky130_fd_sc_hd__nor2_2)
                                                         _2287_ (net)
                      0.049207    0.000000    2.713686 v _6483_/C1 (sky130_fd_sc_hd__a211o_2)
     2    0.035024    0.220849    0.678199    3.391884 v _6483_/X (sky130_fd_sc_hd__a211o_2)
                                                         result[2] (net)
                      0.220849    0.000000    3.391884 v result[2] (out)
                                              3.391884   data arrival time

                      0.000000    0.000000    0.000000   clock __VIRTUAL_CLK__ (rise edge)
                                  0.000000    0.000000   clock network delay (ideal)
                                  0.250000    0.250000   clock uncertainty
                                  0.000000    0.250000   clock reconvergence pessimism
                                 -2.000000   -1.750000   output external delay
                                             -1.750000   data required time
---------------------------------------------------------------------------------------------
                                             -1.750000   data required time
                                             -3.391884   data arrival time
---------------------------------------------------------------------------------------------
                                              5.141884   slack (MET)


Startpoint: A[9] (input port clocked by __VIRTUAL_CLK__)
Endpoint: result[9] (output port clocked by __VIRTUAL_CLK__)
Path Group: __VIRTUAL_CLK__
Path Type: min

Fanout         Cap        Slew       Delay        Time   Description
---------------------------------------------------------------------------------------------
                      0.000000    0.000000    0.000000   clock __VIRTUAL_CLK__ (rise edge)
                                  0.000000    0.000000   clock network delay (ideal)
                                  2.000000    2.000000 v input external delay
    56    0.160649    0.668382    0.488905    2.488905 v A[9] (in)
                                                         A[9] (net)
                      0.668382    0.000000    2.488905 v _6630_/A1 (sky130_fd_sc_hd__o21ai_2)
     1    0.002514    0.056606    0.417628    2.906533 ^ _6630_/Y (sky130_fd_sc_hd__o21ai_2)
                                                         _2463_ (net)
                      0.056606    0.000000    2.906533 ^ _6631_/C1 (sky130_fd_sc_hd__a211o_2)
     1    0.001365    0.036817    0.140190    3.046722 ^ _6631_/X (sky130_fd_sc_hd__a211o_2)
                                                         _2464_ (net)
                      0.036817    0.000000    3.046722 ^ _6632_/D (sky130_fd_sc_hd__or4_2)
     2    0.038023    0.309522    0.366382    3.413105 ^ _6632_/X (sky130_fd_sc_hd__or4_2)
                                                         result[9] (net)
                      0.309522    0.000000    3.413105 ^ result[9] (out)
                                              3.413105   data arrival time

                      0.000000    0.000000    0.000000   clock __VIRTUAL_CLK__ (rise edge)
                                  0.000000    0.000000   clock network delay (ideal)
                                  0.250000    0.250000   clock uncertainty
                                  0.000000    0.250000   clock reconvergence pessimism
                                 -2.000000   -1.750000   output external delay
                                             -1.750000   data required time
---------------------------------------------------------------------------------------------
                                             -1.750000   data required time
                                             -3.413105   data arrival time
---------------------------------------------------------------------------------------------
                                              5.163105   slack (MET)


Startpoint: opcode[3] (input port clocked by __VIRTUAL_CLK__)
Endpoint: result[24] (output port clocked by __VIRTUAL_CLK__)
Path Group: __VIRTUAL_CLK__
Path Type: min

Fanout         Cap        Slew       Delay        Time   Description
---------------------------------------------------------------------------------------------
                      0.000000    0.000000    0.000000   clock __VIRTUAL_CLK__ (rise edge)
                                  0.000000    0.000000   clock network delay (ideal)
                                  2.000000    2.000000 ^ input external delay
    10    0.028364    0.211004    0.143225    2.143225 ^ opcode[3] (in)
                                                         opcode[3] (net)
                      0.211004    0.000000    2.143225 ^ _6202_/D (sky130_fd_sc_hd__nor4_2)
    20    0.056868    0.248390    0.292475    2.435699 v _6202_/Y (sky130_fd_sc_hd__nor4_2)
                                                         _2002_ (net)
                      0.248390    0.000000    2.435699 v _6885_/A1 (sky130_fd_sc_hd__a21bo_2)
     1    0.001242    0.050120    0.410170    2.845870 v _6885_/X (sky130_fd_sc_hd__a21bo_2)
                                                         _2728_ (net)
                      0.050120    0.000000    2.845870 v _6886_/B1_N (sky130_fd_sc_hd__o21bai_2)
     2    0.034855    0.311038    0.585347    3.431217 v _6886_/Y (sky130_fd_sc_hd__o21bai_2)
                                                         result[24] (net)
                      0.311038    0.000000    3.431217 v result[24] (out)
                                              3.431217   data arrival time

                      0.000000    0.000000    0.000000   clock __VIRTUAL_CLK__ (rise edge)
                                  0.000000    0.000000   clock network delay (ideal)
                                  0.250000    0.250000   clock uncertainty
                                  0.000000    0.250000   clock reconvergence pessimism
                                 -2.000000   -1.750000   output external delay
                                             -1.750000   data required time
---------------------------------------------------------------------------------------------
                                             -1.750000   data required time
                                             -3.431217   data arrival time
---------------------------------------------------------------------------------------------
                                              5.181217   slack (MET)


Startpoint: opcode[3] (input port clocked by __VIRTUAL_CLK__)
Endpoint: result[18] (output port clocked by __VIRTUAL_CLK__)
Path Group: __VIRTUAL_CLK__
Path Type: min

Fanout         Cap        Slew       Delay        Time   Description
---------------------------------------------------------------------------------------------
                      0.000000    0.000000    0.000000   clock __VIRTUAL_CLK__ (rise edge)
                                  0.000000    0.000000   clock network delay (ideal)
                                  2.000000    2.000000 v input external delay
    10    0.025450    0.112435    0.078171    2.078171 v opcode[3] (in)
                                                         opcode[3] (net)
                      0.112435    0.000000    2.078171 v _6060_/B (sky130_fd_sc_hd__nand2b_2)
     6    0.015038    0.146846    0.178001    2.256173 ^ _6060_/Y (sky130_fd_sc_hd__nand2b_2)
                                                         _1846_ (net)
                      0.146846    0.000000    2.256173 ^ _6062_/B (sky130_fd_sc_hd__or2_2)
    16    0.060740    0.492211    0.536061    2.792234 ^ _6062_/X (sky130_fd_sc_hd__or2_2)
                                                         _1848_ (net)
                      0.492211    0.000000    2.792234 ^ _6777_/A (sky130_fd_sc_hd__or3b_2)
     1    0.004546    0.066279    0.374654    3.166888 ^ _6777_/X (sky130_fd_sc_hd__or3b_2)
                                                         _2615_ (net)
                      0.066279    0.000000    3.166888 ^ _6790_/A (sky130_fd_sc_hd__nand2_2)
     2    0.034938    0.302507    0.268473    3.435361 v _6790_/Y (sky130_fd_sc_hd__nand2_2)
                                                         result[18] (net)
                      0.302507    0.000000    3.435361 v result[18] (out)
                                              3.435361   data arrival time

                      0.000000    0.000000    0.000000   clock __VIRTUAL_CLK__ (rise edge)
                                  0.000000    0.000000   clock network delay (ideal)
                                  0.250000    0.250000   clock uncertainty
                                  0.000000    0.250000   clock reconvergence pessimism
                                 -2.000000   -1.750000   output external delay
                                             -1.750000   data required time
---------------------------------------------------------------------------------------------
                                             -1.750000   data required time
                                             -3.435361   data arrival time
---------------------------------------------------------------------------------------------
                                              5.185361   slack (MET)


Startpoint: opcode[3] (input port clocked by __VIRTUAL_CLK__)
Endpoint: result[12] (output port clocked by __VIRTUAL_CLK__)
Path Group: __VIRTUAL_CLK__
Path Type: min

Fanout         Cap        Slew       Delay        Time   Description
---------------------------------------------------------------------------------------------
                      0.000000    0.000000    0.000000   clock __VIRTUAL_CLK__ (rise edge)
                                  0.000000    0.000000   clock network delay (ideal)
                                  2.000000    2.000000 v input external delay
    10    0.025450    0.112435    0.078171    2.078171 v opcode[3] (in)
                                                         opcode[3] (net)
                      0.112435    0.000000    2.078171 v _6060_/B (sky130_fd_sc_hd__nand2b_2)
     6    0.015038    0.146846    0.178001    2.256173 ^ _6060_/Y (sky130_fd_sc_hd__nand2b_2)
                                                         _1846_ (net)
                      0.146846    0.000000    2.256173 ^ _6062_/B (sky130_fd_sc_hd__or2_2)
    16    0.060740    0.492211    0.536061    2.792234 ^ _6062_/X (sky130_fd_sc_hd__or2_2)
                                                         _1848_ (net)
                      0.492211    0.000000    2.792234 ^ _6669_/B1 (sky130_fd_sc_hd__a31o_2)
     1    0.004698    0.081477    0.343741    3.135975 ^ _6669_/X (sky130_fd_sc_hd__a31o_2)
                                                         _2503_ (net)
                      0.081477    0.000000    3.135975 ^ _6685_/A2 (sky130_fd_sc_hd__o21bai_2)
     2    0.034883    0.311256    0.311249    3.447224 v _6685_/Y (sky130_fd_sc_hd__o21bai_2)
                                                         result[12] (net)
                      0.311256    0.000000    3.447224 v result[12] (out)
                                              3.447224   data arrival time

                      0.000000    0.000000    0.000000   clock __VIRTUAL_CLK__ (rise edge)
                                  0.000000    0.000000   clock network delay (ideal)
                                  0.250000    0.250000   clock uncertainty
                                  0.000000    0.250000   clock reconvergence pessimism
                                 -2.000000   -1.750000   output external delay
                                             -1.750000   data required time
---------------------------------------------------------------------------------------------
                                             -1.750000   data required time
                                             -3.447224   data arrival time
---------------------------------------------------------------------------------------------
                                              5.197224   slack (MET)


Startpoint: opcode[3] (input port clocked by __VIRTUAL_CLK__)
Endpoint: result[8] (output port clocked by __VIRTUAL_CLK__)
Path Group: __VIRTUAL_CLK__
Path Type: min

Fanout         Cap        Slew       Delay        Time   Description
---------------------------------------------------------------------------------------------
                      0.000000    0.000000    0.000000   clock __VIRTUAL_CLK__ (rise edge)
                                  0.000000    0.000000   clock network delay (ideal)
                                  2.000000    2.000000 ^ input external delay
    10    0.028364    0.211004    0.143225    2.143225 ^ opcode[3] (in)
                                                         opcode[3] (net)
                      0.211004    0.000000    2.143225 ^ _6289_/C (sky130_fd_sc_hd__or4b_2)
    14    0.040309    0.366800    0.489039    2.632263 ^ _6289_/X (sky130_fd_sc_hd__or4b_2)
                                                         _2098_ (net)
                      0.366800    0.000000    2.632263 ^ _6600_/B1 (sky130_fd_sc_hd__a311oi_2)
     1    0.002258    0.052492    0.166053    2.798316 v _6600_/Y (sky130_fd_sc_hd__a311oi_2)
                                                         _2431_ (net)
                      0.052492    0.000000    2.798316 v _6613_/B1 (sky130_fd_sc_hd__a211o_2)
     2    0.037652    0.230316    0.753502    3.551817 v _6613_/X (sky130_fd_sc_hd__a211o_2)
                                                         result[8] (net)
                      0.230316    0.000000    3.551817 v result[8] (out)
                                              3.551817   data arrival time

                      0.000000    0.000000    0.000000   clock __VIRTUAL_CLK__ (rise edge)
                                  0.000000    0.000000   clock network delay (ideal)
                                  0.250000    0.250000   clock uncertainty
                                  0.000000    0.250000   clock reconvergence pessimism
                                 -2.000000   -1.750000   output external delay
                                             -1.750000   data required time
---------------------------------------------------------------------------------------------
                                             -1.750000   data required time
                                             -3.551817   data arrival time
---------------------------------------------------------------------------------------------
                                              5.301817   slack (MET)


Startpoint: A[4] (input port clocked by __VIRTUAL_CLK__)
Endpoint: result[4] (output port clocked by __VIRTUAL_CLK__)
Path Group: __VIRTUAL_CLK__
Path Type: min

Fanout         Cap        Slew       Delay        Time   Description
---------------------------------------------------------------------------------------------
                      0.000000    0.000000    0.000000   clock __VIRTUAL_CLK__ (rise edge)
                                  0.000000    0.000000   clock network delay (ideal)
                                  2.000000    2.000000 v input external delay
    64    0.178587    0.741285    0.543280    2.543280 v A[4] (in)
                                                         A[4] (net)
                      0.741285    0.000000    2.543280 v _6533_/B2 (sky130_fd_sc_hd__o22a_2)
     1    0.004330    0.081264    0.642702    3.185982 v _6533_/X (sky130_fd_sc_hd__o22a_2)
                                                         _2361_ (net)
                      0.081264    0.000000    3.185982 v _6536_/A (sky130_fd_sc_hd__nand2_2)
     1    0.001488    0.037546    0.075012    3.260994 ^ _6536_/Y (sky130_fd_sc_hd__nand2_2)
                                                         _2364_ (net)
                      0.037546    0.000000    3.260994 ^ _6539_/A (sky130_fd_sc_hd__or2_2)
     1    0.001365    0.039492    0.147332    3.408326 ^ _6539_/X (sky130_fd_sc_hd__or2_2)
                                                         _2368_ (net)
                      0.039492    0.000000    3.408326 ^ _6540_/D (sky130_fd_sc_hd__or4_2)
     2    0.034807    0.285485    0.350326    3.758652 ^ _6540_/X (sky130_fd_sc_hd__or4_2)
                                                         result[4] (net)
                      0.285485    0.000000    3.758652 ^ result[4] (out)
                                              3.758652   data arrival time

                      0.000000    0.000000    0.000000   clock __VIRTUAL_CLK__ (rise edge)
                                  0.000000    0.000000   clock network delay (ideal)
                                  0.250000    0.250000   clock uncertainty
                                  0.000000    0.250000   clock reconvergence pessimism
                                 -2.000000   -1.750000   output external delay
                                             -1.750000   data required time
---------------------------------------------------------------------------------------------
                                             -1.750000   data required time
                                             -3.758652   data arrival time
---------------------------------------------------------------------------------------------
                                              5.508652   slack (MET)



