
===========================================================================
Violator List
============================================================================
[setup in-out] B[4] -> zero : -14.725007
[setup in-out] A[3] -> overflow : -12.936087
[setup in-out] A[3] -> result[31] : -11.380094
[setup in-out] A[3] -> result[28] : -11.367870
[setup in-out] A[3] -> result[30] : -11.033145
[setup in-out] A[3] -> result[27] : -11.021767
[setup in-out] A[3] -> result[29] : -10.592029
[setup in-out] A[3] -> result[22] : -10.477327
[setup in-out] A[3] -> result[26] : -10.391544
[setup in-out] A[3] -> result[25] : -9.852474
[setup in-out] A[3] -> result[24] : -9.451377
[setup in-out] A[3] -> result[23] : -9.207107
[setup in-out] A[3] -> result[21] : -8.905953
[setup in-out] B[4] -> result[19] : -8.741331
[setup in-out] B[4] -> result[17] : -8.739914
[setup in-out] B[2] -> result[18] : -8.678583
[setup in-out] B[0] -> carry : -8.444491
[setup in-out] A[3] -> result[20] : -8.360431
[setup in-out] B[4] -> result[16] : -7.905607
[setup in-out] B[4] -> result[14] : -7.673468
[setup in-out] B[4] -> result[15] : -7.583175
[setup in-out] B[4] -> result[13] : -7.332503
[setup in-out] B[4] -> result[9] : -7.167023
[setup in-out] B[4] -> result[12] : -7.046611
[setup in-out] B[4] -> result[11] : -6.960871
[setup in-out] B[4] -> result[10] : -6.376123
[setup in-out] B[4] -> result[8] : -6.301357
[setup in-out] B[0] -> result[0] : -5.490703
[setup in-out] B[2] -> result[4] : -3.341474
[setup in-out] B[0] -> result[3] : -2.765034
[setup in-out] B[2] -> result[7] : -2.623890
[setup in-out] B[0] -> result[6] : -2.614674
[setup in-out] B[2] -> result[5] : -2.174733
[setup in-out] B[0] -> result[2] : -1.587805
[setup in-out] B[0] -> result[1] : -1.324315
