
===========================================================================
report_checks -unconstrained
===========================================================================
======================= nom_ff_n40C_1v95 Corner ===================================

Startpoint: B[1] (input port clocked by __VIRTUAL_CLK__)
Endpoint: zero (output port clocked by __VIRTUAL_CLK__)
Path Group: __VIRTUAL_CLK__
Path Type: max

Fanout         Cap        Slew       Delay        Time   Description
---------------------------------------------------------------------------------------------
                      0.000000    0.000000    0.000000   clock __VIRTUAL_CLK__ (rise edge)
                                  0.000000    0.000000   clock network delay (ideal)
                                  5.000000    5.000000 ^ input external delay
     1    0.007797    0.031094    0.019843    5.019844 ^ B[1] (in)
                                                         B[1] (net)
                      0.031098    0.000000    5.019844 ^ input44/A (sky130_fd_sc_hd__clkdlybuf4s25_1)
     2    0.027928    0.212964    0.285735    5.305579 ^ input44/X (sky130_fd_sc_hd__clkdlybuf4s25_1)
                                                         net44 (net)
                      0.212968    0.001274    5.306852 ^ fanout371/A (sky130_fd_sc_hd__buf_2)
     7    0.066010    0.240529    0.245044    5.551897 ^ fanout371/X (sky130_fd_sc_hd__buf_2)
                                                         net371 (net)
                      0.240661    0.004682    5.556578 ^ fanout366/A (sky130_fd_sc_hd__clkbuf_2)
     7    0.050538    0.211281    0.221228    5.777806 ^ fanout366/X (sky130_fd_sc_hd__clkbuf_2)
                                                         net366 (net)
                      0.211376    0.003685    5.781490 ^ fanout365/A (sky130_fd_sc_hd__clkbuf_2)
     5    0.028310    0.121985    0.159538    5.941029 ^ fanout365/X (sky130_fd_sc_hd__clkbuf_2)
                                                         net365 (net)
                      0.122056    0.001501    5.942530 ^ _3503_/A (sky130_fd_sc_hd__inv_2)
     5    0.056341    0.095564    0.101542    6.044073 v _3503_/Y (sky130_fd_sc_hd__inv_2)
                                                         _0260_ (net)
                      0.095591    0.001330    6.045403 v fanout160/A (sky130_fd_sc_hd__clkdlybuf4s25_1)
     3    0.020196    0.107757    0.249577    6.294980 v fanout160/X (sky130_fd_sc_hd__clkdlybuf4s25_1)
                                                         net160 (net)
                      0.107762    0.000850    6.295829 v wire161/A (sky130_fd_sc_hd__buf_4)
     6    0.060520    0.064876    0.161618    6.457447 v wire161/X (sky130_fd_sc_hd__buf_4)
                                                         net161 (net)
                      0.065150    0.003608    6.461054 v _5368_/B (sky130_fd_sc_hd__nor2_2)
     3    0.014075    0.124459    0.119341    6.580396 ^ _5368_/Y (sky130_fd_sc_hd__nor2_2)
                                                         _1084_ (net)
                      0.124461    0.000357    6.580752 ^ _5370_/B (sky130_fd_sc_hd__and3_2)
     2    0.007389    0.043304    0.130929    6.711682 ^ _5370_/X (sky130_fd_sc_hd__and3_2)
                                                         _1087_ (net)
                      0.043304    0.000133    6.711815 ^ _5397_/A (sky130_fd_sc_hd__nor2_2)
     1    0.008535    0.032955    0.030781    6.742596 v _5397_/Y (sky130_fd_sc_hd__nor2_2)
                                                         _1116_ (net)
                      0.032958    0.000258    6.742854 v _5410_/B (sky130_fd_sc_hd__xnor2_2)
     2    0.013898    0.064907    0.100498    6.843352 v _5410_/Y (sky130_fd_sc_hd__xnor2_2)
                                                         _1131_ (net)
                      0.064908    0.000349    6.843700 v _5412_/A (sky130_fd_sc_hd__xnor2_2)
     3    0.018983    0.208264    0.204415    7.048116 ^ _5412_/Y (sky130_fd_sc_hd__xnor2_2)
                                                         _1133_ (net)
                      0.208274    0.001149    7.049264 ^ _5413_/C (sky130_fd_sc_hd__and3_2)
     2    0.008752    0.048962    0.142322    7.191586 ^ _5413_/X (sky130_fd_sc_hd__and3_2)
                                                         _1134_ (net)
                      0.048962    0.000242    7.191828 ^ _5505_/B1 (sky130_fd_sc_hd__a211oi_2)
     2    0.007578    0.040507    0.033184    7.225011 v _5505_/Y (sky130_fd_sc_hd__a211oi_2)
                                                         _1235_ (net)
                      0.040507    0.000176    7.225188 v max_cap114/A (sky130_fd_sc_hd__clkbuf_2)
     5    0.022525    0.062950    0.109094    7.334282 v max_cap114/X (sky130_fd_sc_hd__clkbuf_2)
                                                         net114 (net)
                      0.062953    0.000490    7.334772 v _5559_/A1 (sky130_fd_sc_hd__o21ba_2)
     2    0.008432    0.035344    0.151593    7.486365 v _5559_/X (sky130_fd_sc_hd__o21ba_2)
                                                         _1295_ (net)
                      0.035345    0.000269    7.486634 v _5560_/C (sky130_fd_sc_hd__or3_4)
     4    0.016332    0.058998    0.215327    7.701961 v _5560_/X (sky130_fd_sc_hd__or3_4)
                                                         _1296_ (net)
                      0.058998    0.000307    7.702269 v _5609_/A1 (sky130_fd_sc_hd__a21o_2)
     2    0.008602    0.035153    0.137314    7.839582 v _5609_/X (sky130_fd_sc_hd__a21o_2)
                                                         _1350_ (net)
                      0.035154    0.000233    7.839815 v _5612_/A2 (sky130_fd_sc_hd__a211o_2)
     3    0.011417    0.051253    0.224000    8.063816 v _5612_/X (sky130_fd_sc_hd__a211o_2)
                                                         _1353_ (net)
                      0.051254    0.000302    8.064117 v _5617_/A2 (sky130_fd_sc_hd__a211o_2)
     2    0.007845    0.043691    0.219841    8.283958 v _5617_/X (sky130_fd_sc_hd__a211o_2)
                                                         _1358_ (net)
                      0.043691    0.000177    8.284136 v _5650_/C1 (sky130_fd_sc_hd__o211a_2)
     3    0.014068    0.049376    0.095650    8.379786 v _5650_/X (sky130_fd_sc_hd__o211a_2)
                                                         _1395_ (net)
                      0.049386    0.000362    8.380148 v _5817_/B (sky130_fd_sc_hd__nor2_4)
     2    0.008340    0.060548    0.066446    8.446594 ^ _5817_/Y (sky130_fd_sc_hd__nor2_4)
                                                         _1578_ (net)
                      0.060548    0.000232    8.446826 ^ _5818_/A4 (sky130_fd_sc_hd__a41oi_2)
     1    0.005741    0.060165    0.073059    8.519885 v _5818_/Y (sky130_fd_sc_hd__a41oi_2)
                                                         _1579_ (net)
                      0.060165    0.000191    8.520076 v wire105/A (sky130_fd_sc_hd__buf_6)
     4    0.020972    0.026058    0.095157    8.615232 v wire105/X (sky130_fd_sc_hd__buf_6)
                                                         net105 (net)
                      0.026130    0.001195    8.616426 v rebuffer704/A (sky130_fd_sc_hd__buf_2)
     2    0.006071    0.022141    0.076288    8.692716 v rebuffer704/X (sky130_fd_sc_hd__buf_2)
                                                         net704 (net)
                      0.022144    0.000158    8.692873 v _5872_/A1 (sky130_fd_sc_hd__a2111o_2)
     2    0.014383    0.067236    0.277026    8.969899 v _5872_/X (sky130_fd_sc_hd__a2111o_2)
                                                         _1639_ (net)
                      0.067239    0.000844    8.970742 v _5877_/A2 (sky130_fd_sc_hd__a2111o_2)
     2    0.009596    0.057042    0.309660    9.280402 v _5877_/X (sky130_fd_sc_hd__a2111o_2)
                                                         _1644_ (net)
                      0.057042    0.000268    9.280671 v rebuffer693/A (sky130_fd_sc_hd__buf_2)
     2    0.008378    0.025469    0.092594    9.373265 v rebuffer693/X (sky130_fd_sc_hd__buf_2)
                                                         net693 (net)
                      0.025471    0.000213    9.373478 v _6872_/A2 (sky130_fd_sc_hd__a21oi_2)
     3    0.014460    0.143899    0.144476    9.517954 ^ _6872_/Y (sky130_fd_sc_hd__a21oi_2)
                                                         _2714_ (net)
                      0.143901    0.000423    9.518376 ^ _6886_/A1 (sky130_fd_sc_hd__o21bai_2)
     2    0.040697    0.122899    0.130260    9.648637 v _6886_/Y (sky130_fd_sc_hd__o21bai_2)
                                                         net87 (net)
                      0.122944    0.001932    9.650569 v _6991_/A (sky130_fd_sc_hd__or3_4)
     1    0.015998    0.058685    0.280238    9.930807 v _6991_/X (sky130_fd_sc_hd__or3_4)
                                                         _2838_ (net)
                      0.058736    0.001080    9.931887 v _6992_/D (sky130_fd_sc_hd__nor4_4)
     1    0.008838    0.176836    0.120970   10.052856 ^ _6992_/Y (sky130_fd_sc_hd__nor4_4)
                                                         _2839_ (net)
                      0.176836    0.000402   10.053259 ^ wire104/A (sky130_fd_sc_hd__clkbuf_2)
     1    0.028862    0.123956    0.157975   10.211234 ^ wire104/X (sky130_fd_sc_hd__clkbuf_2)
                                                         net104 (net)
                      0.123968    0.001005   10.212238 ^ _6994_/D_N (sky130_fd_sc_hd__or4b_4)
     1    0.008107    0.062992    0.285030   10.497269 v _6994_/X (sky130_fd_sc_hd__or4b_4)
                                                         _2841_ (net)
                      0.062992    0.000235   10.497503 v _6995_/D (sky130_fd_sc_hd__nor4_4)
     1    0.005151    0.143698    0.099604   10.597108 ^ _6995_/Y (sky130_fd_sc_hd__nor4_4)
                                                         net103 (net)
                      0.143698    0.000100   10.597208 ^ output103/A (sky130_fd_sc_hd__buf_6)
     1    0.036689    0.061719    0.104309   10.701517 ^ output103/X (sky130_fd_sc_hd__buf_6)
                                                         zero (net)
                      0.061791    0.001331   10.702848 ^ zero (out)
                                             10.702848   data arrival time

                      0.000000   25.000000   25.000000   clock __VIRTUAL_CLK__ (rise edge)
                                  0.000000   25.000000   clock network delay (ideal)
                                 -0.250000   24.750000   clock uncertainty
                                  0.000000   24.750000   clock reconvergence pessimism
                                 -5.000000   19.750000   output external delay
                                             19.750000   data required time
---------------------------------------------------------------------------------------------
                                             19.750000   data required time
                                            -10.702848   data arrival time
---------------------------------------------------------------------------------------------
                                              9.047151   slack (MET)




===========================================================================
report_checks --slack_max -0.01
============================================================================
======================= nom_ff_n40C_1v95 Corner ===================================

No paths found.


===========================================================================
 report_check_types -max_slew -max_cap -max_fanout -violators
============================================================================
======================= nom_ff_n40C_1v95 Corner ===================================

max slew

Pin                                        Limit        Slew       Slack
------------------------------------------------------------------------
_6824_/B1                               0.750000    0.865841   -0.115841 (VIOLATED)
_6778_/B1                               0.750000    0.865832   -0.115832 (VIOLATED)
_6742_/B1                               0.750000    0.865819   -0.115819 (VIOLATED)
_6720_/A1                               0.750000    0.865806   -0.115806 (VIOLATED)
_6690_/B1                               0.750000    0.865793   -0.115793 (VIOLATED)
_6601_/B1                               0.750000    0.865782   -0.115782 (VIOLATED)
_6933_/A1                               0.750000    0.865776   -0.115776 (VIOLATED)
_6204_/B1                               0.750000    0.865771   -0.115771 (VIOLATED)
_6443_/B1                               0.750000    0.865770   -0.115770 (VIOLATED)
_6487_/B1                               0.750000    0.865764   -0.115764 (VIOLATED)
fanout152/X                             0.750000    0.865757   -0.115757 (VIOLATED)
_6669_/B1                               0.750000    0.792153   -0.042153 (VIOLATED)
_6704_/A1                               0.750000    0.792151   -0.042151 (VIOLATED)
_6773_/A1                               0.750000    0.792086   -0.042086 (VIOLATED)
_6792_/B1                               0.750000    0.792070   -0.042070 (VIOLATED)
_6777_/A                                0.750000    0.792065   -0.042065 (VIOLATED)
_6870_/A1                               0.750000    0.792062   -0.042062 (VIOLATED)
_6841_/A                                0.750000    0.792010   -0.042010 (VIOLATED)
_6873_/B1                               0.750000    0.791970   -0.041970 (VIOLATED)
_6906_/B1                               0.750000    0.791944   -0.041944 (VIOLATED)
_6063_/B1                               0.750000    0.791878   -0.041878 (VIOLATED)
fanout142/X                             0.750000    0.791871   -0.041871 (VIOLATED)
_6810_/B1                               0.750000    0.781587   -0.031587 (VIOLATED)
_6844_/A2_N                             0.750000    0.781537   -0.031537 (VIOLATED)
_6864_/B1                               0.750000    0.781536   -0.031536 (VIOLATED)
_6892_/B1                               0.750000    0.781495   -0.031495 (VIOLATED)
_6928_/B1                               0.750000    0.781473   -0.031473 (VIOLATED)
_6941_/B1                               0.750000    0.781405   -0.031405 (VIOLATED)
_6964_/B1                               0.750000    0.781332   -0.031332 (VIOLATED)
_6979_/B1                               0.750000    0.781275   -0.031275 (VIOLATED)
fanout126/A                             0.750000    0.781040   -0.031040 (VIOLATED)
fanout125/A                             0.750000    0.781038   -0.031038 (VIOLATED)
fanout127/X                             0.750000    0.781036   -0.031036 (VIOLATED)



===========================================================================
report_parasitic_annotation -report_unannotated
============================================================================
Found 0 unannotated drivers.
Found 0 partially unannotated drivers.

===========================================================================
max slew violation count 33
max fanout violation count 0
max cap violation count 0
============================================================================

===========================================================================
check_setup -verbose -unconstrained_endpoints -multiple_clock -no_clock -no_input_delay -loops -generated_clocks
===========================================================================
