                                                                        Cells by Master                                                                         
┏━━━━━━━━━━━━━━━━━━━━━━━━━━━━━━━━━━━━━━━━━━━━━━━━━━━━━━━━━━━━━━━━━━━━━━━━━━━━━━━━━━━━━━━━━━━━━━━━━━━━━━━━━━━━━━━━━━━━━━━━━━━━━━━━━━━┳━━━━━━━━━━━━━━━━━━━━━━━━━━┓
┃ Cell                                                                                                                              ┃ Count                    ┃
┡━━━━━━━━━━━━━━━━━━━━━━━━━━━━━━━━━━━━━━━━━━━━━━━━━━━━━━━━━━━━━━━━━━━━━━━━━━━━━━━━━━━━━━━━━━━━━━━━━━━━━━━━━━━━━━━━━━━━━━━━━━━━━━━━━━━╇━━━━━━━━━━━━━━━━━━━━━━━━━━┩
│ sky130_fd_sc_hd__a2111o_2                                                                                                         │ 6                        │
│ sky130_fd_sc_hd__a211o_2                                                                                                          │ 78                       │
│ sky130_fd_sc_hd__a211o_4                                                                                                          │ 25                       │
│ sky130_fd_sc_hd__a211oi_2                                                                                                         │ 60                       │
│ sky130_fd_sc_hd__a211oi_4                                                                                                         │ 14                       │
│ sky130_fd_sc_hd__a21bo_2                                                                                                          │ 24                       │
│ sky130_fd_sc_hd__a21bo_4                                                                                                          │ 3                        │
│ sky130_fd_sc_hd__a21boi_2                                                                                                         │ 11                       │
│ sky130_fd_sc_hd__a21boi_4                                                                                                         │ 1                        │
│ sky130_fd_sc_hd__a21o_2                                                                                                           │ 139                      │
│ sky130_fd_sc_hd__a21o_4                                                                                                           │ 15                       │
│ sky130_fd_sc_hd__a21oi_2                                                                                                          │ 157                      │
│ sky130_fd_sc_hd__a21oi_4                                                                                                          │ 7                        │
│ sky130_fd_sc_hd__a221o_2                                                                                                          │ 11                       │
│ sky130_fd_sc_hd__a22o_2                                                                                                           │ 138                      │
│ sky130_fd_sc_hd__a22o_4                                                                                                           │ 3                        │
│ sky130_fd_sc_hd__a22oi_2                                                                                                          │ 70                       │
│ sky130_fd_sc_hd__a2bb2o_2                                                                                                         │ 7                        │
│ sky130_fd_sc_hd__a2bb2o_4                                                                                                         │ 2                        │
│ sky130_fd_sc_hd__a311o_2                                                                                                          │ 7                        │
│ sky130_fd_sc_hd__a311oi_2                                                                                                         │ 3                        │
│ sky130_fd_sc_hd__a31o_2                                                                                                           │ 93                       │
│ sky130_fd_sc_hd__a31o_4                                                                                                           │ 3                        │
│ sky130_fd_sc_hd__a31oi_2                                                                                                          │ 17                       │
│ sky130_fd_sc_hd__a32o_2                                                                                                           │ 15                       │
│ sky130_fd_sc_hd__a32oi_2                                                                                                          │ 2                        │
│ sky130_fd_sc_hd__a41o_2                                                                                                           │ 3                        │
│ sky130_fd_sc_hd__a41oi_4                                                                                                          │ 1                        │
│ sky130_fd_sc_hd__and2_2                                                                                                           │ 88                       │
│ sky130_fd_sc_hd__and2_4                                                                                                           │ 2                        │
│ sky130_fd_sc_hd__and2b_2                                                                                                          │ 106                      │
│ sky130_fd_sc_hd__and3_2                                                                                                           │ 120                      │
│ sky130_fd_sc_hd__and3_4                                                                                                           │ 25                       │
│ sky130_fd_sc_hd__and3b_2                                                                                                          │ 8                        │
│ sky130_fd_sc_hd__and4_2                                                                                                           │ 127                      │
│ sky130_fd_sc_hd__and4_4                                                                                                           │ 1                        │
│ sky130_fd_sc_hd__and4b_2                                                                                                          │ 5                        │
│ sky130_fd_sc_hd__and4bb_2                                                                                                         │ 14                       │
│ sky130_fd_sc_hd__buf_1                                                                                                            │ 7                        │
│ sky130_fd_sc_hd__buf_2                                                                                                            │ 108                      │
│ sky130_fd_sc_hd__buf_4                                                                                                            │ 115                      │
│ sky130_fd_sc_hd__buf_6                                                                                                            │ 90                       │
│ sky130_fd_sc_hd__buf_8                                                                                                            │ 13                       │
│ sky130_fd_sc_hd__clkbuf_1                                                                                                         │ 2                        │
│ sky130_fd_sc_hd__clkbuf_2                                                                                                         │ 81                       │
│ sky130_fd_sc_hd__clkbuf_4                                                                                                         │ 73                       │
│ sky130_fd_sc_hd__clkdlybuf4s25_1                                                                                                  │ 203                      │
│ sky130_fd_sc_hd__decap_3                                                                                                          │ 7650                     │
│ sky130_fd_sc_hd__diode_2                                                                                                          │ 7                        │
│ sky130_fd_sc_hd__dlygate4sd1_1                                                                                                    │ 6                        │
│ sky130_fd_sc_hd__dlymetal6s2s_1                                                                                                   │ 25                       │
│ sky130_fd_sc_hd__dlymetal6s4s_1                                                                                                   │ 29                       │
│ sky130_fd_sc_hd__fill_1                                                                                                           │ 1154                     │
│ sky130_fd_sc_hd__fill_2                                                                                                           │ 946                      │
│ sky130_fd_sc_hd__inv_2                                                                                                            │ 73                       │
│ sky130_fd_sc_hd__mux2_1                                                                                                           │ 87                       │
│ sky130_fd_sc_hd__mux2_4                                                                                                           │ 2                        │
│ sky130_fd_sc_hd__mux4_2                                                                                                           │ 48                       │
│ sky130_fd_sc_hd__nand2_2                                                                                                          │ 355                      │
│ sky130_fd_sc_hd__nand2b_2                                                                                                         │ 60                       │
│ sky130_fd_sc_hd__nand2b_4                                                                                                         │ 3                        │
│ sky130_fd_sc_hd__nand3_2                                                                                                          │ 98                       │
│ sky130_fd_sc_hd__nand3_4                                                                                                          │ 6                        │
│ sky130_fd_sc_hd__nand3b_2                                                                                                         │ 2                        │
│ sky130_fd_sc_hd__nand3b_4                                                                                                         │ 1                        │
│ sky130_fd_sc_hd__nand4_2                                                                                                          │ 59                       │
│ sky130_fd_sc_hd__nand4_4                                                                                                          │ 1                        │
│ sky130_fd_sc_hd__nor2_2                                                                                                           │ 205                      │
│ sky130_fd_sc_hd__nor2_4                                                                                                           │ 9                        │
│ sky130_fd_sc_hd__nor3_2                                                                                                           │ 25                       │
│ sky130_fd_sc_hd__nor3_4                                                                                                           │ 4                        │
│ sky130_fd_sc_hd__nor3b_2                                                                                                          │ 2                        │
│ sky130_fd_sc_hd__nor3b_4                                                                                                          │ 1                        │
│ sky130_fd_sc_hd__nor4_1                                                                                                           │ 1                        │
│ sky130_fd_sc_hd__nor4_2                                                                                                           │ 1                        │
│ sky130_fd_sc_hd__nor4_4                                                                                                           │ 6                        │
│ sky130_fd_sc_hd__nor4b_2                                                                                                          │ 1                        │
│ sky130_fd_sc_hd__o211a_2                                                                                                          │ 78                       │
│ sky130_fd_sc_hd__o211a_4                                                                                                          │ 11                       │
│ sky130_fd_sc_hd__o211ai_2                                                                                                         │ 74                       │
│ sky130_fd_sc_hd__o211ai_4                                                                                                         │ 7                        │
│ sky130_fd_sc_hd__o21a_2                                                                                                           │ 47                       │
│ sky130_fd_sc_hd__o21ai_2                                                                                                          │ 111                      │
│ sky130_fd_sc_hd__o21ai_4                                                                                                          │ 1                        │
│ sky130_fd_sc_hd__o21ba_2                                                                                                          │ 14                       │
│ sky130_fd_sc_hd__o21ba_4                                                                                                          │ 1                        │
│ sky130_fd_sc_hd__o21bai_2                                                                                                         │ 21                       │
│ sky130_fd_sc_hd__o221a_2                                                                                                          │ 29                       │
│ sky130_fd_sc_hd__o221ai_2                                                                                                         │ 6                        │
│ sky130_fd_sc_hd__o22a_2                                                                                                           │ 32                       │
│ sky130_fd_sc_hd__o22ai_2                                                                                                          │ 3                        │
│ sky130_fd_sc_hd__o2bb2a_2                                                                                                         │ 21                       │
│ sky130_fd_sc_hd__o311a_2                                                                                                          │ 7                        │
│ sky130_fd_sc_hd__o311ai_1                                                                                                         │ 1                        │
│ sky130_fd_sc_hd__o31a_2                                                                                                           │ 4                        │
│ sky130_fd_sc_hd__o31ai_2                                                                                                          │ 1                        │
│ sky130_fd_sc_hd__o31ai_4                                                                                                          │ 1                        │
│ sky130_fd_sc_hd__o32a_2                                                                                                           │ 2                        │
│ sky130_fd_sc_hd__o41a_2                                                                                                           │ 1                        │
│ sky130_fd_sc_hd__or2_2                                                                                                            │ 101                      │
│ sky130_fd_sc_hd__or2_4                                                                                                            │ 5                        │
│ sky130_fd_sc_hd__or3_2                                                                                                            │ 46                       │
│ sky130_fd_sc_hd__or3_4                                                                                                            │ 41                       │
│ sky130_fd_sc_hd__or3b_2                                                                                                           │ 12                       │
│ sky130_fd_sc_hd__or3b_4                                                                                                           │ 6                        │
│ sky130_fd_sc_hd__or4_2                                                                                                            │ 10                       │
│ sky130_fd_sc_hd__or4_4                                                                                                            │ 9                        │
│ sky130_fd_sc_hd__or4b_2                                                                                                           │ 4                        │
│ sky130_fd_sc_hd__or4b_4                                                                                                           │ 3                        │
│ sky130_fd_sc_hd__or4bb_2                                                                                                          │ 1                        │
│ sky130_fd_sc_hd__or4bb_4                                                                                                          │ 1                        │
│ sky130_fd_sc_hd__tapvpwrvgnd_1                                                                                                    │ 1081                     │
│ sky130_fd_sc_hd__xnor2_2                                                                                                          │ 279                      │
│ sky130_fd_sc_hd__xnor2_4                                                                                                          │ 2                        │
│ sky130_fd_sc_hd__xor2_2                                                                                                           │ 62                       │
│ sky130_fd_sc_hd__xor2_4                                                                                                           │ 2                        │
└───────────────────────────────────────────────────────────────────────────────────────────────────────────────────────────────────┴──────────────────────────┘
