[WARNING ORD-0039] .openroad ignored with -python
                                Cells by Master                                 
┏━━━━━━━━━━━━━━━━━━━━━━━━━━━━━━━━━━━━━━━━━━━━━━━━━━━━━━━━━━━━━━━━┳━━━━━━━━━━━━━┓
┃ Cell                                                           ┃ Count       ┃
┡━━━━━━━━━━━━━━━━━━━━━━━━━━━━━━━━━━━━━━━━━━━━━━━━━━━━━━━━━━━━━━━━╇━━━━━━━━━━━━━┩
│ sky130_fd_sc_hd__a2111o_2                                      │ 6           │
│ sky130_fd_sc_hd__a211o_2                                       │ 78          │
│ sky130_fd_sc_hd__a211o_4                                       │ 25          │
│ sky130_fd_sc_hd__a211oi_2                                      │ 60          │
│ sky130_fd_sc_hd__a211oi_4                                      │ 14          │
│ sky130_fd_sc_hd__a21bo_2                                       │ 24          │
│ sky130_fd_sc_hd__a21bo_4                                       │ 3           │
│ sky130_fd_sc_hd__a21boi_2                                      │ 11          │
│ sky130_fd_sc_hd__a21boi_4                                      │ 1           │
│ sky130_fd_sc_hd__a21o_2                                        │ 139         │
│ sky130_fd_sc_hd__a21o_4                                        │ 15          │
│ sky130_fd_sc_hd__a21oi_2                                       │ 157         │
│ sky130_fd_sc_hd__a21oi_4                                       │ 7           │
│ sky130_fd_sc_hd__a221o_2                                       │ 11          │
│ sky130_fd_sc_hd__a22o_2                                        │ 138         │
│ sky130_fd_sc_hd__a22o_4                                        │ 3           │
│ sky130_fd_sc_hd__a22oi_2                                       │ 70          │
│ sky130_fd_sc_hd__a2bb2o_2                                      │ 7           │
│ sky130_fd_sc_hd__a2bb2o_4                                      │ 2           │
│ sky130_fd_sc_hd__a311o_2                                       │ 7           │
│ sky130_fd_sc_hd__a311oi_2                                      │ 3           │
│ sky130_fd_sc_hd__a31o_2                                        │ 93          │
│ sky130_fd_sc_hd__a31o_4                                        │ 3           │
│ sky130_fd_sc_hd__a31oi_2                                       │ 17          │
│ sky130_fd_sc_hd__a32o_2                                        │ 15          │
│ sky130_fd_sc_hd__a32oi_2                                       │ 2           │
│ sky130_fd_sc_hd__a41o_2                                        │ 3           │
│ sky130_fd_sc_hd__a41oi_4                                       │ 1           │
│ sky130_fd_sc_hd__and2_2                                        │ 88          │
│ sky130_fd_sc_hd__and2_4                                        │ 2           │
│ sky130_fd_sc_hd__and2b_2                                       │ 106         │
│ sky130_fd_sc_hd__and3_2                                        │ 120         │
│ sky130_fd_sc_hd__and3_4                                        │ 25          │
│ sky130_fd_sc_hd__and3b_2                                       │ 8           │
│ sky130_fd_sc_hd__and4_2                                        │ 127         │
│ sky130_fd_sc_hd__and4_4                                        │ 1           │
│ sky130_fd_sc_hd__and4b_2                                       │ 5           │
│ sky130_fd_sc_hd__and4bb_2                                      │ 14          │
│ sky130_fd_sc_hd__buf_1                                         │ 7           │
│ sky130_fd_sc_hd__buf_2                                         │ 108         │
│ sky130_fd_sc_hd__buf_4                                         │ 115         │
│ sky130_fd_sc_hd__buf_6                                         │ 90          │
│ sky130_fd_sc_hd__buf_8                                         │ 13          │
│ sky130_fd_sc_hd__clkbuf_1                                      │ 2           │
│ sky130_fd_sc_hd__clkbuf_2                                      │ 81          │
│ sky130_fd_sc_hd__clkbuf_4                                      │ 73          │
│ sky130_fd_sc_hd__clkdlybuf4s25_1                               │ 203         │
│ sky130_fd_sc_hd__decap_3                                       │ 7650        │
│ sky130_fd_sc_hd__diode_2                                       │ 7           │
│ sky130_fd_sc_hd__dlygate4sd1_1                                 │ 6           │
│ sky130_fd_sc_hd__dlymetal6s2s_1                                │ 25          │
│ sky130_fd_sc_hd__dlymetal6s4s_1                                │ 29          │
│ sky130_fd_sc_hd__fill_1                                        │ 1154        │
│ sky130_fd_sc_hd__fill_2                                        │ 946         │
│ sky130_fd_sc_hd__inv_2                                         │ 73          │
│ sky130_fd_sc_hd__mux2_1                                        │ 87          │
│ sky130_fd_sc_hd__mux2_4                                        │ 2           │
│ sky130_fd_sc_hd__mux4_2                                        │ 48          │
│ sky130_fd_sc_hd__nand2_2                                       │ 355         │
│ sky130_fd_sc_hd__nand2b_2                                      │ 60          │
│ sky130_fd_sc_hd__nand2b_4                                      │ 3           │
│ sky130_fd_sc_hd__nand3_2                                       │ 98          │
│ sky130_fd_sc_hd__nand3_4                                       │ 6           │
│ sky130_fd_sc_hd__nand3b_2                                      │ 2           │
│ sky130_fd_sc_hd__nand3b_4                                      │ 1           │
│ sky130_fd_sc_hd__nand4_2                                       │ 59          │
│ sky130_fd_sc_hd__nand4_4                                       │ 1           │
│ sky130_fd_sc_hd__nor2_2                                        │ 205         │
│ sky130_fd_sc_hd__nor2_4                                        │ 9           │
│ sky130_fd_sc_hd__nor3_2                                        │ 25          │
│ sky130_fd_sc_hd__nor3_4                                        │ 4           │
│ sky130_fd_sc_hd__nor3b_2                                       │ 2           │
│ sky130_fd_sc_hd__nor3b_4                                       │ 1           │
│ sky130_fd_sc_hd__nor4_1                                        │ 1           │
│ sky130_fd_sc_hd__nor4_2                                        │ 1           │
│ sky130_fd_sc_hd__nor4_4                                        │ 6           │
│ sky130_fd_sc_hd__nor4b_2                                       │ 1           │
│ sky130_fd_sc_hd__o211a_2                                       │ 78          │
│ sky130_fd_sc_hd__o211a_4                                       │ 11          │
│ sky130_fd_sc_hd__o211ai_2                                      │ 74          │
│ sky130_fd_sc_hd__o211ai_4                                      │ 7           │
│ sky130_fd_sc_hd__o21a_2                                        │ 47          │
│ sky130_fd_sc_hd__o21ai_2                                       │ 111         │
│ sky130_fd_sc_hd__o21ai_4                                       │ 1           │
│ sky130_fd_sc_hd__o21ba_2                                       │ 14          │
│ sky130_fd_sc_hd__o21ba_4                                       │ 1           │
│ sky130_fd_sc_hd__o21bai_2                                      │ 21          │
│ sky130_fd_sc_hd__o221a_2                                       │ 29          │
│ sky130_fd_sc_hd__o221ai_2                                      │ 6           │
│ sky130_fd_sc_hd__o22a_2                                        │ 32          │
│ sky130_fd_sc_hd__o22ai_2                                       │ 3           │
│ sky130_fd_sc_hd__o2bb2a_2                                      │ 21          │
│ sky130_fd_sc_hd__o311a_2                                       │ 7           │
│ sky130_fd_sc_hd__o311ai_1                                      │ 1           │
│ sky130_fd_sc_hd__o31a_2                                        │ 4           │
│ sky130_fd_sc_hd__o31ai_2                                       │ 1           │
│ sky130_fd_sc_hd__o31ai_4                                       │ 1           │
│ sky130_fd_sc_hd__o32a_2                                        │ 2           │
│ sky130_fd_sc_hd__o41a_2                                        │ 1           │
│ sky130_fd_sc_hd__or2_2                                         │ 101         │
│ sky130_fd_sc_hd__or2_4                                         │ 5           │
│ sky130_fd_sc_hd__or3_2                                         │ 46          │
│ sky130_fd_sc_hd__or3_4                                         │ 41          │
│ sky130_fd_sc_hd__or3b_2                                        │ 12          │
│ sky130_fd_sc_hd__or3b_4                                        │ 6           │
│ sky130_fd_sc_hd__or4_2                                         │ 10          │
│ sky130_fd_sc_hd__or4_4                                         │ 9           │
│ sky130_fd_sc_hd__or4b_2                                        │ 4           │
│ sky130_fd_sc_hd__or4b_4                                        │ 3           │
│ sky130_fd_sc_hd__or4bb_2                                       │ 1           │
│ sky130_fd_sc_hd__or4bb_4                                       │ 1           │
│ sky130_fd_sc_hd__tapvpwrvgnd_1                                 │ 1081        │
│ sky130_fd_sc_hd__xnor2_2                                       │ 279         │
│ sky130_fd_sc_hd__xnor2_4                                       │ 2           │
│ sky130_fd_sc_hd__xor2_2                                        │ 62          │
│ sky130_fd_sc_hd__xor2_4                                        │ 2           │
└────────────────────────────────────────────────────────────────┴─────────────┘
                               Cells by Function                                
┏━━━━━━━━━━━━━━━━━━━━━━━━━━━━━━━━━━━━━━━━━━━━━━━━━━━━━━━━━━━━━━━━┳━━━━━━━━━━━━━┓
┃ Cell Function                                                  ┃ Count       ┃
┡━━━━━━━━━━━━━━━━━━━━━━━━━━━━━━━━━━━━━━━━━━━━━━━━━━━━━━━━━━━━━━━━╇━━━━━━━━━━━━━┩
│ sky130_fd_sc_hd__a2111o                                        │ 6           │
│ sky130_fd_sc_hd__a211o                                         │ 103         │
│ sky130_fd_sc_hd__a211oi                                        │ 74          │
│ sky130_fd_sc_hd__a21bo                                         │ 27          │
│ sky130_fd_sc_hd__a21boi                                        │ 12          │
│ sky130_fd_sc_hd__a21o                                          │ 154         │
│ sky130_fd_sc_hd__a21oi                                         │ 164         │
│ sky130_fd_sc_hd__a221o                                         │ 11          │
│ sky130_fd_sc_hd__a22o                                          │ 141         │
│ sky130_fd_sc_hd__a22oi                                         │ 70          │
│ sky130_fd_sc_hd__a2bb2o                                        │ 9           │
│ sky130_fd_sc_hd__a311o                                         │ 7           │
│ sky130_fd_sc_hd__a311oi                                        │ 3           │
│ sky130_fd_sc_hd__a31o                                          │ 96          │
│ sky130_fd_sc_hd__a31oi                                         │ 17          │
│ sky130_fd_sc_hd__a32o                                          │ 15          │
│ sky130_fd_sc_hd__a32oi                                         │ 2           │
│ sky130_fd_sc_hd__a41o                                          │ 3           │
│ sky130_fd_sc_hd__a41oi                                         │ 1           │
│ sky130_fd_sc_hd__and2                                          │ 90          │
│ sky130_fd_sc_hd__and2b                                         │ 106         │
│ sky130_fd_sc_hd__and3                                          │ 145         │
│ sky130_fd_sc_hd__and3b                                         │ 8           │
│ sky130_fd_sc_hd__and4                                          │ 128         │
│ sky130_fd_sc_hd__and4b                                         │ 5           │
│ sky130_fd_sc_hd__and4bb                                        │ 14          │
│ sky130_fd_sc_hd__buf                                           │ 333         │
│ sky130_fd_sc_hd__clkbuf                                        │ 156         │
│ sky130_fd_sc_hd__clkdlybuf4s25                                 │ 203         │
│ sky130_fd_sc_hd__decap                                         │ 7650        │
│ sky130_fd_sc_hd__diode                                         │ 7           │
│ sky130_fd_sc_hd__dlygate4sd1                                   │ 6           │
│ sky130_fd_sc_hd__dlymetal6s2s                                  │ 25          │
│ sky130_fd_sc_hd__dlymetal6s4s                                  │ 29          │
│ sky130_fd_sc_hd__fill                                          │ 2100        │
│ sky130_fd_sc_hd__inv                                           │ 73          │
│ sky130_fd_sc_hd__mux2                                          │ 89          │
│ sky130_fd_sc_hd__mux4                                          │ 48          │
│ sky130_fd_sc_hd__nand2                                         │ 355         │
│ sky130_fd_sc_hd__nand2b                                        │ 63          │
│ sky130_fd_sc_hd__nand3                                         │ 104         │
│ sky130_fd_sc_hd__nand3b                                        │ 3           │
│ sky130_fd_sc_hd__nand4                                         │ 60          │
│ sky130_fd_sc_hd__nor2                                          │ 214         │
│ sky130_fd_sc_hd__nor3                                          │ 29          │
│ sky130_fd_sc_hd__nor3b                                         │ 3           │
│ sky130_fd_sc_hd__nor4                                          │ 8           │
│ sky130_fd_sc_hd__nor4b                                         │ 1           │
│ sky130_fd_sc_hd__o211a                                         │ 89          │
│ sky130_fd_sc_hd__o211ai                                        │ 81          │
│ sky130_fd_sc_hd__o21a                                          │ 47          │
│ sky130_fd_sc_hd__o21ai                                         │ 112         │
│ sky130_fd_sc_hd__o21ba                                         │ 15          │
│ sky130_fd_sc_hd__o21bai                                        │ 21          │
│ sky130_fd_sc_hd__o221a                                         │ 29          │
│ sky130_fd_sc_hd__o221ai                                        │ 6           │
│ sky130_fd_sc_hd__o22a                                          │ 32          │
│ sky130_fd_sc_hd__o22ai                                         │ 3           │
│ sky130_fd_sc_hd__o2bb2a                                        │ 21          │
│ sky130_fd_sc_hd__o311a                                         │ 7           │
│ sky130_fd_sc_hd__o311ai                                        │ 1           │
│ sky130_fd_sc_hd__o31a                                          │ 4           │
│ sky130_fd_sc_hd__o31ai                                         │ 2           │
│ sky130_fd_sc_hd__o32a                                          │ 2           │
│ sky130_fd_sc_hd__o41a                                          │ 1           │
│ sky130_fd_sc_hd__or2                                           │ 106         │
│ sky130_fd_sc_hd__or3                                           │ 87          │
│ sky130_fd_sc_hd__or3b                                          │ 18          │
│ sky130_fd_sc_hd__or4                                           │ 19          │
│ sky130_fd_sc_hd__or4b                                          │ 7           │
│ sky130_fd_sc_hd__or4bb                                         │ 2           │
│ sky130_fd_sc_hd__tapvpwrvgnd                                   │ 1081        │
│ sky130_fd_sc_hd__xnor2                                         │ 281         │
│ sky130_fd_sc_hd__xor2                                          │ 64          │
└────────────────────────────────────────────────────────────────┴─────────────┘
                                  Cells by SCL                                  
┏━━━━━━━━━━━━━━━━━━━━━━━━━━━━━━━━━━━━━━━━━━━━━━━━━━━━━━━┳━━━━━━━━━━━━━━━━━━━━━━┓
┃ SCL                                                   ┃ Count                ┃
┡━━━━━━━━━━━━━━━━━━━━━━━━━━━━━━━━━━━━━━━━━━━━━━━━━━━━━━━╇━━━━━━━━━━━━━━━━━━━━━━┩
│ sky130_fd_sc_hd                                       │ 15108                │
└───────────────────────────────────────────────────────┴──────────────────────┘
                             Buffers by Cell Master                             
┏━━━━━━━━━━━━━━━━━━━━━━━━━━━━━━━━━━━━━━━━━━━━━━━━━━━━━━━━━━━━━━━━┳━━━━━━━━━━━━━┓
┃ Buffer                                                         ┃ Count       ┃
┡━━━━━━━━━━━━━━━━━━━━━━━━━━━━━━━━━━━━━━━━━━━━━━━━━━━━━━━━━━━━━━━━╇━━━━━━━━━━━━━┩
│ sky130_fd_sc_hd__buf_1                                         │ 7           │
│ sky130_fd_sc_hd__buf_2                                         │ 108         │
│ sky130_fd_sc_hd__buf_4                                         │ 115         │
│ sky130_fd_sc_hd__buf_6                                         │ 90          │
│ sky130_fd_sc_hd__buf_8                                         │ 13          │
│ sky130_fd_sc_hd__clkbuf_1                                      │ 2           │
│ sky130_fd_sc_hd__clkbuf_2                                      │ 81          │
│ sky130_fd_sc_hd__clkbuf_4                                      │ 73          │
│ sky130_fd_sc_hd__clkdlybuf4s25_1                               │ 203         │
│ sky130_fd_sc_hd__dlygate4sd1_1                                 │ 6           │
│ sky130_fd_sc_hd__dlymetal6s2s_1                                │ 25          │
│ sky130_fd_sc_hd__dlymetal6s4s_1                                │ 29          │
└────────────────────────────────────────────────────────────────┴─────────────┘
