Reading timing models for corner nom_tt_025C_1v80…
Reading timing library for the 'nom_tt_025C_1v80' corner at '/foss/pdks/ciel/sky130/versions/7b70722e33c03fcb5dabcf4d479fb0822d9251c9/sky130A/libs.ref/sky130_fd_sc_hd/lib/sky130_fd_sc_hd__tt_025C_1v80.lib'…
Reading OpenROAD database at '/foss/designs/alu32_openlane/runs/RUN_2026-05-28_05-40-44/19-openroad-tapendcapinsertion/alu32.odb'…
Reading design constraints file at '/usr/local/lib/python3.12/dist-packages/librelane/scripts/base.sdc'…
[WARNING STA-0366] port '__VIRTUAL_CLK__' not found.
[INFO] Using clock __VIRTUAL_CLK__…
[INFO] Setting output delay to: 5.0
[INFO] Setting input delay to: 5.0
[WARNING STA-0366] port '__VIRTUAL_CLK__' not found.
[INFO] Setting load to: 0.033442
[INFO] Setting clock uncertainty to: 0.25
[INFO] Setting clock transition to: 0.1499999999999999944488848768742172978818416595458984375
[WARNING STA-0419] transition time can not be specified for virtual clocks.
[INFO] Setting timing derate to: 5%
[WARNING STA-0450] virtual clock __VIRTUAL_CLK__ can not be propagated.
[INFO] Setting global connections...
[INFO ODB-0403] 0 connections made, 0 conflicts skipped.
+ pdngen 
[INFO PDN-0001] Inserting grid: stdcell_grid
Setting global connections for newly added cells…
[INFO] Setting global connections...
[INFO ODB-0403] 0 connections made, 0 conflicts skipped.
Updating metrics…
Cell type report:                       Count       Area
  Fill cell                               214     803.27
  Tap cell                               1199    1500.19
  Inverter                                 73     274.01
  Multi-Input combinational cell         3445   34149.00
  Total                                  4931   36726.47
Writing OpenROAD database to '/foss/designs/alu32_openlane/runs/RUN_2026-05-28_05-40-44/21-openroad-generatepdn/alu32.odb'…
Writing netlist to '/foss/designs/alu32_openlane/runs/RUN_2026-05-28_05-40-44/21-openroad-generatepdn/alu32.nl.v'…
Writing powered netlist to '/foss/designs/alu32_openlane/runs/RUN_2026-05-28_05-40-44/21-openroad-generatepdn/alu32.pnl.v'…
Writing layout to '/foss/designs/alu32_openlane/runs/RUN_2026-05-28_05-40-44/21-openroad-generatepdn/alu32.def'…
Writing timing constraints to '/foss/designs/alu32_openlane/runs/RUN_2026-05-28_05-40-44/21-openroad-generatepdn/alu32.sdc'…
[INFO PSM-0040] All shapes on net VPWR are connected.
[INFO PSM-0040] All shapes on net VGND are connected.
