
===========================================================================
report_checks -unconstrained
===========================================================================
======================= nom_ff_n40C_1v95 Corner ===================================

Startpoint: B[2] (input port clocked by __VIRTUAL_CLK__)
Endpoint: zero (output port clocked by __VIRTUAL_CLK__)
Path Group: __VIRTUAL_CLK__
Path Type: max

Fanout         Cap        Slew       Delay        Time   Description
---------------------------------------------------------------------------------------------
                      0.000000    0.000000    0.000000   clock __VIRTUAL_CLK__ (rise edge)
                                  0.000000    0.000000   clock network delay (ideal)
                                  5.000000    5.000000 ^ input external delay
    90    0.321563    1.081005    0.751138    5.751138 ^ B[2] (in)
                                                         B[2] (net)
                      1.081005    0.000000    5.751138 ^ _3501_/A (sky130_fd_sc_hd__inv_2)
    52    0.154796    0.433184    0.367087    6.118225 v _3501_/Y (sky130_fd_sc_hd__inv_2)
                                                         _0238_ (net)
                      0.433184    0.000000    6.118225 v _5279_/A2 (sky130_fd_sc_hd__o22a_2)
     1    0.004145    0.036101    0.275445    6.393670 v _5279_/X (sky130_fd_sc_hd__o22a_2)
                                                         _0987_ (net)
                      0.036101    0.000000    6.393670 v _5280_/B (sky130_fd_sc_hd__nor2_2)
     2    0.010181    0.099087    0.088483    6.482154 ^ _5280_/Y (sky130_fd_sc_hd__nor2_2)
                                                         _0988_ (net)
                      0.099087    0.000000    6.482154 ^ _5283_/B (sky130_fd_sc_hd__xnor2_2)
     2    0.009550    0.050005    0.053343    6.535496 v _5283_/Y (sky130_fd_sc_hd__xnor2_2)
                                                         _0991_ (net)
                      0.050005    0.000000    6.535496 v _5284_/C (sky130_fd_sc_hd__and3_2)
     2    0.005471    0.044276    0.140710    6.676207 v _5284_/X (sky130_fd_sc_hd__and3_2)
                                                         _0992_ (net)
                      0.044276    0.000000    6.676207 v _5287_/C (sky130_fd_sc_hd__or3_2)
     1    0.001495    0.046309    0.222595    6.898802 v _5287_/X (sky130_fd_sc_hd__or3_2)
                                                         _0995_ (net)
                      0.046309    0.000000    6.898802 v _5288_/B (sky130_fd_sc_hd__and2_2)
     2    0.012364    0.043439    0.141389    7.040191 v _5288_/X (sky130_fd_sc_hd__and2_2)
                                                         _0996_ (net)
                      0.043439    0.000000    7.040191 v _5431_/B (sky130_fd_sc_hd__xnor2_2)
     3    0.011195    0.156345    0.131211    7.171402 ^ _5431_/Y (sky130_fd_sc_hd__xnor2_2)
                                                         _1154_ (net)
                      0.156345    0.000000    7.171402 ^ _5433_/C (sky130_fd_sc_hd__nand3_2)
     2    0.006537    0.054858    0.053721    7.225123 v _5433_/Y (sky130_fd_sc_hd__nand3_2)
                                                         _1156_ (net)
                      0.054858    0.000000    7.225123 v _5460_/A2 (sky130_fd_sc_hd__a211o_2)
     4    0.012377    0.054668    0.233430    7.458553 v _5460_/X (sky130_fd_sc_hd__a211o_2)
                                                         _1186_ (net)
                      0.054668    0.000000    7.458553 v _5462_/B (sky130_fd_sc_hd__and3_2)
     4    0.011909    0.044710    0.148110    7.606663 v _5462_/X (sky130_fd_sc_hd__and3_2)
                                                         _1188_ (net)
                      0.044710    0.000000    7.606663 v _5464_/B (sky130_fd_sc_hd__or3_2)
     4    0.013208    0.076405    0.289856    7.896519 v _5464_/X (sky130_fd_sc_hd__or3_2)
                                                         _1190_ (net)
                      0.076405    0.000000    7.896519 v _5467_/A1 (sky130_fd_sc_hd__a21bo_2)
     2    0.006533    0.033254    0.141828    8.038347 v _5467_/X (sky130_fd_sc_hd__a21bo_2)
                                                         _1193_ (net)
                      0.033254    0.000000    8.038347 v _5469_/A2 (sky130_fd_sc_hd__a211oi_2)
     2    0.007217    0.153661    0.172327    8.210674 ^ _5469_/Y (sky130_fd_sc_hd__a211oi_2)
                                                         _1196_ (net)
                      0.153661    0.000000    8.210674 ^ _5470_/C1 (sky130_fd_sc_hd__a211oi_2)
     5    0.018556    0.075299    0.056144    8.266818 v _5470_/Y (sky130_fd_sc_hd__a211oi_2)
                                                         _1197_ (net)
                      0.075299    0.000000    8.266818 v _5867_/A2 (sky130_fd_sc_hd__o211a_2)
     2    0.002971    0.030905    0.158085    8.424903 v _5867_/X (sky130_fd_sc_hd__o211a_2)
                                                         _1633_ (net)
                      0.030905    0.000000    8.424903 v _5871_/C (sky130_fd_sc_hd__or4_2)
     2    0.004571    0.071043    0.344187    8.769090 v _5871_/X (sky130_fd_sc_hd__or4_2)
                                                         _1638_ (net)
                      0.071043    0.000000    8.769090 v _5872_/C1 (sky130_fd_sc_hd__a2111o_2)
     3    0.008982    0.057804    0.214008    8.983098 v _5872_/X (sky130_fd_sc_hd__a2111o_2)
                                                         _1639_ (net)
                      0.057804    0.000000    8.983098 v _5877_/A1 (sky130_fd_sc_hd__a2111o_2)
     3    0.009082    0.058178    0.274141    9.257238 v _5877_/X (sky130_fd_sc_hd__a2111o_2)
                                                         _1644_ (net)
                      0.058178    0.000000    9.257238 v _5917_/A2 (sky130_fd_sc_hd__a21o_2)
     4    0.011092    0.040710    0.158768    9.416007 v _5917_/X (sky130_fd_sc_hd__a21o_2)
                                                         _1688_ (net)
                      0.040710    0.000000    9.416007 v _5935_/A1 (sky130_fd_sc_hd__a22o_2)
     1    0.007716    0.034393    0.131870    9.547876 v _5935_/X (sky130_fd_sc_hd__a22o_2)
                                                         _1708_ (net)
                      0.034393    0.000000    9.547876 v _6935_/B (sky130_fd_sc_hd__xor2_2)
     1    0.001701    0.038625    0.082078    9.629955 v _6935_/X (sky130_fd_sc_hd__xor2_2)
                                                         _2779_ (net)
                      0.038625    0.000000    9.629955 v _6948_/B1 (sky130_fd_sc_hd__a2bb2o_2)
     1    0.001542    0.027650    0.150906    9.780861 v _6948_/X (sky130_fd_sc_hd__a2bb2o_2)
                                                         _2793_ (net)
                      0.027650    0.000000    9.780861 v _6949_/B (sky130_fd_sc_hd__or3b_2)
     2    0.034879    0.116032    0.332667   10.113528 v _6949_/X (sky130_fd_sc_hd__or3b_2)
                                                         result[28] (net)
                      0.116032    0.000000   10.113528 v _6994_/A (sky130_fd_sc_hd__or4b_2)
     1    0.003922    0.069725    0.399822   10.513350 v _6994_/X (sky130_fd_sc_hd__or4b_2)
                                                         _2841_ (net)
                      0.069725    0.000000   10.513350 v _6995_/D (sky130_fd_sc_hd__nor4_2)
     1    0.033442    0.587907    0.429793   10.943143 ^ _6995_/Y (sky130_fd_sc_hd__nor4_2)
                                                         zero (net)
                      0.587907    0.000000   10.943143 ^ zero (out)
                                             10.943143   data arrival time

                      0.000000   25.000000   25.000000   clock __VIRTUAL_CLK__ (rise edge)
                                  0.000000   25.000000   clock network delay (ideal)
                                 -0.250000   24.750000   clock uncertainty
                                  0.000000   24.750000   clock reconvergence pessimism
                                 -5.000000   19.750000   output external delay
                                             19.750000   data required time
---------------------------------------------------------------------------------------------
                                             19.750000   data required time
                                            -10.943143   data arrival time
---------------------------------------------------------------------------------------------
                                              8.806857   slack (MET)




===========================================================================
report_checks --slack_max -0.01
============================================================================
======================= nom_ff_n40C_1v95 Corner ===================================

No paths found.


===========================================================================
 report_check_types -max_slew -max_cap -max_fanout -violators
============================================================================
======================= nom_ff_n40C_1v95 Corner ===================================

max slew

Pin                                        Limit        Slew       Slack
------------------------------------------------------------------------
B[0]                                    0.750000    1.740133   -0.990133 (VIOLATED)
_3530_/B                                0.750000    1.740133   -0.990133 (VIOLATED)
_3533_/A2                               0.750000    1.740133   -0.990133 (VIOLATED)
_3765_/B                                0.750000    1.740133   -0.990133 (VIOLATED)
_3867_/B                                0.750000    1.740133   -0.990133 (VIOLATED)
_4176_/B                                0.750000    1.740133   -0.990133 (VIOLATED)
_4290_/B                                0.750000    1.740133   -0.990133 (VIOLATED)
_4432_/B                                0.750000    1.740133   -0.990133 (VIOLATED)
_4433_/A2                               0.750000    1.740133   -0.990133 (VIOLATED)
_4447_/A2                               0.750000    1.740133   -0.990133 (VIOLATED)
_4534_/B                                0.750000    1.740133   -0.990133 (VIOLATED)
_4551_/B                                0.750000    1.740133   -0.990133 (VIOLATED)
_4589_/B                                0.750000    1.740133   -0.990133 (VIOLATED)
_4781_/B                                0.750000    1.740133   -0.990133 (VIOLATED)
_4822_/B                                0.750000    1.740133   -0.990133 (VIOLATED)
_4826_/B                                0.750000    1.740133   -0.990133 (VIOLATED)
_4900_/B                                0.750000    1.740133   -0.990133 (VIOLATED)
_4901_/A2                               0.750000    1.740133   -0.990133 (VIOLATED)
_4976_/B                                0.750000    1.740133   -0.990133 (VIOLATED)
_4989_/B                                0.750000    1.740133   -0.990133 (VIOLATED)
_5065_/B                                0.750000    1.740133   -0.990133 (VIOLATED)
_5149_/B                                0.750000    1.740133   -0.990133 (VIOLATED)
_5162_/B                                0.750000    1.740133   -0.990133 (VIOLATED)
_5221_/B                                0.750000    1.740133   -0.990133 (VIOLATED)
_5286_/B                                0.750000    1.740133   -0.990133 (VIOLATED)
_5359_/B                                0.750000    1.740133   -0.990133 (VIOLATED)
_5374_/B                                0.750000    1.740133   -0.990133 (VIOLATED)
_5395_/B                                0.750000    1.740133   -0.990133 (VIOLATED)
_5452_/B                                0.750000    1.740133   -0.990133 (VIOLATED)
_5487_/B                                0.750000    1.740133   -0.990133 (VIOLATED)
_5502_/B                                0.750000    1.740133   -0.990133 (VIOLATED)
_5526_/B                                0.750000    1.740133   -0.990133 (VIOLATED)
_5582_/B                                0.750000    1.740133   -0.990133 (VIOLATED)
_5597_/B                                0.750000    1.740133   -0.990133 (VIOLATED)
_5636_/B                                0.750000    1.740133   -0.990133 (VIOLATED)
_5637_/A2                               0.750000    1.740133   -0.990133 (VIOLATED)
_5659_/B                                0.750000    1.740133   -0.990133 (VIOLATED)
_5707_/B                                0.750000    1.740133   -0.990133 (VIOLATED)
_5708_/A2                               0.750000    1.740133   -0.990133 (VIOLATED)
_5734_/B                                0.750000    1.740133   -0.990133 (VIOLATED)
_5756_/A2                               0.750000    1.740133   -0.990133 (VIOLATED)
_5765_/B                                0.750000    1.740133   -0.990133 (VIOLATED)
_5779_/B                                0.750000    1.740133   -0.990133 (VIOLATED)
_5791_/B                                0.750000    1.740133   -0.990133 (VIOLATED)
_5798_/B                                0.750000    1.740133   -0.990133 (VIOLATED)
_5800_/A2                               0.750000    1.740133   -0.990133 (VIOLATED)
_5860_/A2                               0.750000    1.740133   -0.990133 (VIOLATED)
_5943_/A2                               0.750000    1.740133   -0.990133 (VIOLATED)
_5954_/A                                0.750000    1.740133   -0.990133 (VIOLATED)
_6220_/B                                0.750000    1.740133   -0.990133 (VIOLATED)
_6297_/A2                               0.750000    1.740133   -0.990133 (VIOLATED)
_6298_/S                                0.750000    1.740133   -0.990133 (VIOLATED)
_6300_/A2                               0.750000    1.740133   -0.990133 (VIOLATED)
_6301_/S0                               0.750000    1.740133   -0.990133 (VIOLATED)
_6304_/A2                               0.750000    1.740133   -0.990133 (VIOLATED)
_6305_/S1                               0.750000    1.740133   -0.990133 (VIOLATED)
_6306_/S0                               0.750000    1.740133   -0.990133 (VIOLATED)
_6309_/A2                               0.750000    1.740133   -0.990133 (VIOLATED)
_6310_/S0                               0.750000    1.740133   -0.990133 (VIOLATED)
_6311_/B                                0.750000    1.740133   -0.990133 (VIOLATED)
_6316_/S0                               0.750000    1.740133   -0.990133 (VIOLATED)
_6319_/S                                0.750000    1.740133   -0.990133 (VIOLATED)
_6320_/A2                               0.750000    1.740133   -0.990133 (VIOLATED)
_6322_/S                                0.750000    1.740133   -0.990133 (VIOLATED)
_6323_/S                                0.750000    1.740133   -0.990133 (VIOLATED)
_6355_/S0                               0.750000    1.740133   -0.990133 (VIOLATED)
_6356_/S                                0.750000    1.740133   -0.990133 (VIOLATED)
_6357_/S0                               0.750000    1.740133   -0.990133 (VIOLATED)
_6358_/A2                               0.750000    1.740133   -0.990133 (VIOLATED)
_6359_/S                                0.750000    1.740133   -0.990133 (VIOLATED)
_6361_/S0                               0.750000    1.740133   -0.990133 (VIOLATED)
_6373_/B                                0.750000    1.740133   -0.990133 (VIOLATED)
_6394_/S                                0.750000    1.740133   -0.990133 (VIOLATED)
_6395_/S                                0.750000    1.740133   -0.990133 (VIOLATED)
_6397_/S                                0.750000    1.740133   -0.990133 (VIOLATED)
_6398_/A2                               0.750000    1.740133   -0.990133 (VIOLATED)
_6401_/S                                0.750000    1.740133   -0.990133 (VIOLATED)
_6402_/S                                0.750000    1.740133   -0.990133 (VIOLATED)
_6404_/A2                               0.750000    1.740133   -0.990133 (VIOLATED)
_6405_/S                                0.750000    1.740133   -0.990133 (VIOLATED)
_6409_/S                                0.750000    1.740133   -0.990133 (VIOLATED)
_6410_/S                                0.750000    1.740133   -0.990133 (VIOLATED)
_6412_/A2                               0.750000    1.740133   -0.990133 (VIOLATED)
_6413_/S0                               0.750000    1.740133   -0.990133 (VIOLATED)
_6416_/S0                               0.750000    1.740133   -0.990133 (VIOLATED)
_6418_/A2                               0.750000    1.740133   -0.990133 (VIOLATED)
_6420_/C                                0.750000    1.740133   -0.990133 (VIOLATED)
_6426_/S                                0.750000    1.740133   -0.990133 (VIOLATED)
_6427_/A2                               0.750000    1.740133   -0.990133 (VIOLATED)
_6429_/S                                0.750000    1.740133   -0.990133 (VIOLATED)
_6430_/A2                               0.750000    1.740133   -0.990133 (VIOLATED)
_6432_/S                                0.750000    1.740133   -0.990133 (VIOLATED)
_6433_/S                                0.750000    1.740133   -0.990133 (VIOLATED)
_6435_/S                                0.750000    1.740133   -0.990133 (VIOLATED)
_6436_/S1                               0.750000    1.740133   -0.990133 (VIOLATED)
_6439_/B                                0.750000    1.740133   -0.990133 (VIOLATED)
_6474_/S                                0.750000    1.740133   -0.990133 (VIOLATED)
_6475_/B2                               0.750000    1.740133   -0.990133 (VIOLATED)
_6479_/S0                               0.750000    1.740133   -0.990133 (VIOLATED)
_6480_/S0                               0.750000    1.740133   -0.990133 (VIOLATED)
_6489_/S0                               0.750000    1.740133   -0.990133 (VIOLATED)
_6492_/S0                               0.750000    1.740133   -0.990133 (VIOLATED)
_6525_/S0                               0.750000    1.740133   -0.990133 (VIOLATED)
_6548_/A1                               0.750000    1.740133   -0.990133 (VIOLATED)
_6552_/S0                               0.750000    1.740133   -0.990133 (VIOLATED)
_6574_/S0                               0.750000    1.740133   -0.990133 (VIOLATED)
_6606_/S0                               0.750000    1.740133   -0.990133 (VIOLATED)
_6621_/S0                               0.750000    1.740133   -0.990133 (VIOLATED)
_6639_/S0                               0.750000    1.740133   -0.990133 (VIOLATED)
_6673_/S0                               0.750000    1.740133   -0.990133 (VIOLATED)
_6711_/S0                               0.750000    1.740133   -0.990133 (VIOLATED)
_6744_/S0                               0.750000    1.740133   -0.990133 (VIOLATED)
_6782_/S0                               0.750000    1.740133   -0.990133 (VIOLATED)
_6814_/S0                               0.750000    1.740133   -0.990133 (VIOLATED)
_6847_/S0                               0.750000    1.740133   -0.990133 (VIOLATED)
_6876_/S0                               0.750000    1.740133   -0.990133 (VIOLATED)
_6909_/S0                               0.750000    1.740133   -0.990133 (VIOLATED)
_6938_/S0                               0.750000    1.740133   -0.990133 (VIOLATED)
_6958_/S0                               0.750000    1.740133   -0.990133 (VIOLATED)
_6975_/S0                               0.750000    1.740133   -0.990133 (VIOLATED)
B[1]                                    0.750000    1.314059   -0.564059 (VIOLATED)
_3503_/A                                0.750000    1.314059   -0.564059 (VIOLATED)
_3518_/B                                0.750000    1.314059   -0.564059 (VIOLATED)
_3519_/A2                               0.750000    1.314059   -0.564059 (VIOLATED)
_3528_/B                                0.750000    1.314059   -0.564059 (VIOLATED)
_3766_/A2                               0.750000    1.314059   -0.564059 (VIOLATED)
_3776_/B                                0.750000    1.314059   -0.564059 (VIOLATED)
_3868_/B                                0.750000    1.314059   -0.564059 (VIOLATED)
_4177_/A2                               0.750000    1.314059   -0.564059 (VIOLATED)
_4187_/B                                0.750000    1.314059   -0.564059 (VIOLATED)
_4291_/A2                               0.750000    1.314059   -0.564059 (VIOLATED)
_4300_/B                                0.750000    1.314059   -0.564059 (VIOLATED)
_4426_/B                                0.750000    1.314059   -0.564059 (VIOLATED)
_4568_/B                                0.750000    1.314059   -0.564059 (VIOLATED)
_4585_/B                                0.750000    1.314059   -0.564059 (VIOLATED)
_4587_/A2                               0.750000    1.314059   -0.564059 (VIOLATED)
_4782_/B                                0.750000    1.314059   -0.564059 (VIOLATED)
_4799_/B                                0.750000    1.314059   -0.564059 (VIOLATED)
_4801_/A2                               0.750000    1.314059   -0.564059 (VIOLATED)
_4824_/A2                               0.750000    1.314059   -0.564059 (VIOLATED)
_4898_/A2                               0.750000    1.314059   -0.564059 (VIOLATED)
_4985_/B                                0.750000    1.314059   -0.564059 (VIOLATED)
_4987_/A2                               0.750000    1.314059   -0.564059 (VIOLATED)
_5074_/B                                0.750000    1.314059   -0.564059 (VIOLATED)
_5076_/A2                               0.750000    1.314059   -0.564059 (VIOLATED)
_5158_/B                                0.750000    1.314059   -0.564059 (VIOLATED)
_5160_/A2                               0.750000    1.314059   -0.564059 (VIOLATED)
_5230_/B                                0.750000    1.314059   -0.564059 (VIOLATED)
_5232_/A2                               0.750000    1.314059   -0.564059 (VIOLATED)
_5265_/B                                0.750000    1.314059   -0.564059 (VIOLATED)
_5273_/B                                0.750000    1.314059   -0.564059 (VIOLATED)
_5282_/B                                0.750000    1.314059   -0.564059 (VIOLATED)
_5284_/B                                0.750000    1.314059   -0.564059 (VIOLATED)
_5405_/B                                0.750000    1.314059   -0.564059 (VIOLATED)
_5497_/B                                0.750000    1.314059   -0.564059 (VIOLATED)
_5499_/A2                               0.750000    1.314059   -0.564059 (VIOLATED)
_5536_/B                                0.750000    1.314059   -0.564059 (VIOLATED)
_5538_/A2                               0.750000    1.314059   -0.564059 (VIOLATED)
_5592_/B                                0.750000    1.314059   -0.564059 (VIOLATED)
_5630_/B                                0.750000    1.314059   -0.564059 (VIOLATED)
_5668_/B                                0.750000    1.314059   -0.564059 (VIOLATED)
_5701_/B                                0.750000    1.314059   -0.564059 (VIOLATED)
_5727_/B                                0.750000    1.314059   -0.564059 (VIOLATED)
_5730_/A2                               0.750000    1.314059   -0.564059 (VIOLATED)
_5763_/B                                0.750000    1.314059   -0.564059 (VIOLATED)
_5774_/A2                               0.750000    1.314059   -0.564059 (VIOLATED)
_5776_/B                                0.750000    1.314059   -0.564059 (VIOLATED)
_5777_/B                                0.750000    1.314059   -0.564059 (VIOLATED)
_5778_/D                                0.750000    1.314059   -0.564059 (VIOLATED)
_5955_/B1                               0.750000    1.314059   -0.564059 (VIOLATED)
_5967_/A2                               0.750000    1.314059   -0.564059 (VIOLATED)
_6125_/B                                0.750000    1.314059   -0.564059 (VIOLATED)
_6126_/B                                0.750000    1.314059   -0.564059 (VIOLATED)
_6221_/A_N                              0.750000    1.314059   -0.564059 (VIOLATED)
_6299_/S                                0.750000    1.314059   -0.564059 (VIOLATED)
_6301_/S1                               0.750000    1.314059   -0.564059 (VIOLATED)
_6305_/S0                               0.750000    1.314059   -0.564059 (VIOLATED)
_6306_/S1                               0.750000    1.314059   -0.564059 (VIOLATED)
_6310_/S1                               0.750000    1.314059   -0.564059 (VIOLATED)
_6311_/A                                0.750000    1.314059   -0.564059 (VIOLATED)
_6315_/B                                0.750000    1.314059   -0.564059 (VIOLATED)
_6316_/S1                               0.750000    1.314059   -0.564059 (VIOLATED)
_6321_/S                                0.750000    1.314059   -0.564059 (VIOLATED)
_6324_/S                                0.750000    1.314059   -0.564059 (VIOLATED)
_6355_/S1                               0.750000    1.314059   -0.564059 (VIOLATED)
_6357_/S1                               0.750000    1.314059   -0.564059 (VIOLATED)
_6360_/S                                0.750000    1.314059   -0.564059 (VIOLATED)
_6361_/S1                               0.750000    1.314059   -0.564059 (VIOLATED)
_6396_/S                                0.750000    1.314059   -0.564059 (VIOLATED)
_6399_/S                                0.750000    1.314059   -0.564059 (VIOLATED)
_6403_/S                                0.750000    1.314059   -0.564059 (VIOLATED)
_6406_/S                                0.750000    1.314059   -0.564059 (VIOLATED)
_6411_/S                                0.750000    1.314059   -0.564059 (VIOLATED)
_6413_/S1                               0.750000    1.314059   -0.564059 (VIOLATED)
_6416_/S1                               0.750000    1.314059   -0.564059 (VIOLATED)
_6428_/S                                0.750000    1.314059   -0.564059 (VIOLATED)
_6431_/S                                0.750000    1.314059   -0.564059 (VIOLATED)
_6434_/S                                0.750000    1.314059   -0.564059 (VIOLATED)
_6436_/S0                               0.750000    1.314059   -0.564059 (VIOLATED)
_6446_/A                                0.750000    1.314059   -0.564059 (VIOLATED)
_6453_/S                                0.750000    1.314059   -0.564059 (VIOLATED)
_6456_/S                                0.750000    1.314059   -0.564059 (VIOLATED)
_6461_/A2                               0.750000    1.314059   -0.564059 (VIOLATED)
_6477_/S                                0.750000    1.314059   -0.564059 (VIOLATED)
_6478_/S                                0.750000    1.314059   -0.564059 (VIOLATED)
_6479_/S1                               0.750000    1.314059   -0.564059 (VIOLATED)
_6480_/S1                               0.750000    1.314059   -0.564059 (VIOLATED)
_6488_/S                                0.750000    1.314059   -0.564059 (VIOLATED)
_6489_/S1                               0.750000    1.314059   -0.564059 (VIOLATED)
_6492_/S1                               0.750000    1.314059   -0.564059 (VIOLATED)
_6499_/S                                0.750000    1.314059   -0.564059 (VIOLATED)
_6525_/S1                               0.750000    1.314059   -0.564059 (VIOLATED)
_6552_/S1                               0.750000    1.314059   -0.564059 (VIOLATED)
_6574_/S1                               0.750000    1.314059   -0.564059 (VIOLATED)
_6606_/S1                               0.750000    1.314059   -0.564059 (VIOLATED)
_6621_/S1                               0.750000    1.314059   -0.564059 (VIOLATED)
_6639_/S1                               0.750000    1.314059   -0.564059 (VIOLATED)
_6673_/S1                               0.750000    1.314059   -0.564059 (VIOLATED)
_6691_/S                                0.750000    1.314059   -0.564059 (VIOLATED)
_6711_/S1                               0.750000    1.314059   -0.564059 (VIOLATED)
_6744_/S1                               0.750000    1.314059   -0.564059 (VIOLATED)
_6782_/S1                               0.750000    1.314059   -0.564059 (VIOLATED)
_6814_/S1                               0.750000    1.314059   -0.564059 (VIOLATED)
_6831_/S                                0.750000    1.314059   -0.564059 (VIOLATED)
_6847_/S1                               0.750000    1.314059   -0.564059 (VIOLATED)
_6876_/S1                               0.750000    1.314059   -0.564059 (VIOLATED)
_6893_/S                                0.750000    1.314059   -0.564059 (VIOLATED)
_6909_/S1                               0.750000    1.314059   -0.564059 (VIOLATED)
_6938_/S1                               0.750000    1.314059   -0.564059 (VIOLATED)
_6958_/S1                               0.750000    1.314059   -0.564059 (VIOLATED)
_6975_/S1                               0.750000    1.314059   -0.564059 (VIOLATED)
B[2]                                    0.750000    1.081005   -0.331005 (VIOLATED)
_3501_/A                                0.750000    1.081005   -0.331005 (VIOLATED)
_3506_/B                                0.750000    1.081005   -0.331005 (VIOLATED)
_3512_/B                                0.750000    1.081005   -0.331005 (VIOLATED)
_3515_/A2                               0.750000    1.081005   -0.331005 (VIOLATED)
_3524_/D                                0.750000    1.081005   -0.331005 (VIOLATED)
_3772_/D                                0.750000    1.081005   -0.331005 (VIOLATED)
_3872_/B                                0.750000    1.081005   -0.331005 (VIOLATED)
_3874_/A2                               0.750000    1.081005   -0.331005 (VIOLATED)
_4179_/A2_N                             0.750000    1.081005   -0.331005 (VIOLATED)
_4183_/D                                0.750000    1.081005   -0.331005 (VIOLATED)
_4293_/A2_N                             0.750000    1.081005   -0.331005 (VIOLATED)
_4297_/D                                0.750000    1.081005   -0.331005 (VIOLATED)
_4298_/A2                               0.750000    1.081005   -0.331005 (VIOLATED)
_4423_/D                                0.750000    1.081005   -0.331005 (VIOLATED)
_4424_/A2                               0.750000    1.081005   -0.331005 (VIOLATED)
_4539_/B                                0.750000    1.081005   -0.331005 (VIOLATED)
_4542_/A2                               0.750000    1.081005   -0.331005 (VIOLATED)
_4571_/B                                0.750000    1.081005   -0.331005 (VIOLATED)
_4574_/A2                               0.750000    1.081005   -0.331005 (VIOLATED)
_4580_/B                                0.750000    1.081005   -0.331005 (VIOLATED)
_4583_/A2                               0.750000    1.081005   -0.331005 (VIOLATED)
_4785_/B                                0.750000    1.081005   -0.331005 (VIOLATED)
_4788_/A2                               0.750000    1.081005   -0.331005 (VIOLATED)
_4793_/B                                0.750000    1.081005   -0.331005 (VIOLATED)
_4796_/A2                               0.750000    1.081005   -0.331005 (VIOLATED)
_4979_/B                                0.750000    1.081005   -0.331005 (VIOLATED)
_4982_/A2                               0.750000    1.081005   -0.331005 (VIOLATED)
_5068_/B                                0.750000    1.081005   -0.331005 (VIOLATED)
_5071_/A2                               0.750000    1.081005   -0.331005 (VIOLATED)
_5152_/B                                0.750000    1.081005   -0.331005 (VIOLATED)
_5155_/A2                               0.750000    1.081005   -0.331005 (VIOLATED)
_5224_/B                                0.750000    1.081005   -0.331005 (VIOLATED)
_5227_/A2                               0.750000    1.081005   -0.331005 (VIOLATED)
_5268_/D                                0.750000    1.081005   -0.331005 (VIOLATED)
_5277_/D                                0.750000    1.081005   -0.331005 (VIOLATED)
_5364_/D                                0.750000    1.081005   -0.331005 (VIOLATED)
_5365_/A2                               0.750000    1.081005   -0.331005 (VIOLATED)
_5366_/A2_N                             0.750000    1.081005   -0.331005 (VIOLATED)
_5399_/B                                0.750000    1.081005   -0.331005 (VIOLATED)
_5402_/A2                               0.750000    1.081005   -0.331005 (VIOLATED)
_5403_/A2_N                             0.750000    1.081005   -0.331005 (VIOLATED)
_5491_/B                                0.750000    1.081005   -0.331005 (VIOLATED)
_5494_/A2                               0.750000    1.081005   -0.331005 (VIOLATED)
_5532_/B                                0.750000    1.081005   -0.331005 (VIOLATED)
_5588_/B                                0.750000    1.081005   -0.331005 (VIOLATED)
_5589_/A2                               0.750000    1.081005   -0.331005 (VIOLATED)
_5590_/A2                               0.750000    1.081005   -0.331005 (VIOLATED)
_5624_/B                                0.750000    1.081005   -0.331005 (VIOLATED)
_5628_/A2                               0.750000    1.081005   -0.331005 (VIOLATED)
_5662_/B                                0.750000    1.081005   -0.331005 (VIOLATED)
_5694_/A2                               0.750000    1.081005   -0.331005 (VIOLATED)
_5696_/B                                0.750000    1.081005   -0.331005 (VIOLATED)
_5725_/D                                0.750000    1.081005   -0.331005 (VIOLATED)
_5762_/B1                               0.750000    1.081005   -0.331005 (VIOLATED)
_5778_/C                                0.750000    1.081005   -0.331005 (VIOLATED)
_5789_/A2                               0.750000    1.081005   -0.331005 (VIOLATED)
_5953_/A2                               0.750000    1.081005   -0.331005 (VIOLATED)
_5955_/A1                               0.750000    1.081005   -0.331005 (VIOLATED)
_6123_/B                                0.750000    1.081005   -0.331005 (VIOLATED)
_6302_/S                                0.750000    1.081005   -0.331005 (VIOLATED)
_6315_/A                                0.750000    1.081005   -0.331005 (VIOLATED)
_6325_/S                                0.750000    1.081005   -0.331005 (VIOLATED)
_6344_/B                                0.750000    1.081005   -0.331005 (VIOLATED)
_6400_/S                                0.750000    1.081005   -0.331005 (VIOLATED)
_6407_/S0                               0.750000    1.081005   -0.331005 (VIOLATED)
_6414_/S                                0.750000    1.081005   -0.331005 (VIOLATED)
_6423_/A1                               0.750000    1.081005   -0.331005 (VIOLATED)
_6437_/S0                               0.750000    1.081005   -0.331005 (VIOLATED)
_6455_/S                                0.750000    1.081005   -0.331005 (VIOLATED)
_6458_/A1                               0.750000    1.081005   -0.331005 (VIOLATED)
_6460_/A                                0.750000    1.081005   -0.331005 (VIOLATED)
_6461_/A1                               0.750000    1.081005   -0.331005 (VIOLATED)
_6481_/S0                               0.750000    1.081005   -0.331005 (VIOLATED)
_6490_/S                                0.750000    1.081005   -0.331005 (VIOLATED)
_6494_/A1                               0.750000    1.081005   -0.331005 (VIOLATED)
_6496_/A1                               0.750000    1.081005   -0.331005 (VIOLATED)
_6501_/S                                0.750000    1.081005   -0.331005 (VIOLATED)
_6527_/A2                               0.750000    1.081005   -0.331005 (VIOLATED)
_6537_/S0                               0.750000    1.081005   -0.331005 (VIOLATED)
_6545_/A                                0.750000    1.081005   -0.331005 (VIOLATED)
_6567_/A                                0.750000    1.081005   -0.331005 (VIOLATED)
_6587_/S                                0.750000    1.081005   -0.331005 (VIOLATED)
_6589_/B                                0.750000    1.081005   -0.331005 (VIOLATED)
_6609_/S0                               0.750000    1.081005   -0.331005 (VIOLATED)
_6620_/S0                               0.750000    1.081005   -0.331005 (VIOLATED)
_6637_/S0                               0.750000    1.081005   -0.331005 (VIOLATED)
_6658_/S                                0.750000    1.081005   -0.331005 (VIOLATED)
_6676_/S0                               0.750000    1.081005   -0.331005 (VIOLATED)
_6789_/A1                               0.750000    1.081005   -0.331005 (VIOLATED)
_6924_/S                                0.750000    1.081005   -0.331005 (VIOLATED)
_6202_/Y                                0.750000    1.004988   -0.254988 (VIOLATED)
_6470_/B1                               0.750000    1.004988   -0.254988 (VIOLATED)
_6542_/A2                               0.750000    1.004988   -0.254988 (VIOLATED)
_6563_/B1                               0.750000    1.004988   -0.254988 (VIOLATED)
_6596_/B2                               0.750000    1.004988   -0.254988 (VIOLATED)
_6618_/B1                               0.750000    1.004988   -0.254988 (VIOLATED)
_6648_/A2                               0.750000    1.004988   -0.254988 (VIOLATED)
_6666_/A1                               0.750000    1.004988   -0.254988 (VIOLATED)
_6684_/A2                               0.750000    1.004988   -0.254988 (VIOLATED)
_6736_/B2                               0.750000    1.004988   -0.254988 (VIOLATED)
_6772_/A1                               0.750000    1.004988   -0.254988 (VIOLATED)
_6805_/A1                               0.750000    1.004988   -0.254988 (VIOLATED)
_6819_/A2                               0.750000    1.004988   -0.254988 (VIOLATED)
_6855_/A2                               0.750000    1.004988   -0.254988 (VIOLATED)
_6858_/B1                               0.750000    1.004988   -0.254988 (VIOLATED)
_6885_/A1                               0.750000    1.004988   -0.254988 (VIOLATED)
_6901_/A1                               0.750000    1.004988   -0.254988 (VIOLATED)
_6918_/A1                               0.750000    1.004988   -0.254988 (VIOLATED)
_6936_/B                                0.750000    1.004988   -0.254988 (VIOLATED)
_6971_/B                                0.750000    1.004988   -0.254988 (VIOLATED)
_7000_/A2                               0.750000    1.004988   -0.254988 (VIOLATED)
B[3]                                    0.750000    0.938716   -0.188716 (VIOLATED)
_3500_/A                                0.750000    0.938716   -0.188716 (VIOLATED)
_3507_/D                                0.750000    0.938716   -0.188716 (VIOLATED)
_3508_/B1                               0.750000    0.938716   -0.188716 (VIOLATED)
_3511_/D                                0.750000    0.938716   -0.188716 (VIOLATED)
_3513_/B1                               0.750000    0.938716   -0.188716 (VIOLATED)
_3522_/D                                0.750000    0.938716   -0.188716 (VIOLATED)
_3523_/B1                               0.750000    0.938716   -0.188716 (VIOLATED)
_3770_/D                                0.750000    0.938716   -0.188716 (VIOLATED)
_3771_/B1                               0.750000    0.938716   -0.188716 (VIOLATED)
_3869_/D                                0.750000    0.938716   -0.188716 (VIOLATED)
_3870_/B2                               0.750000    0.938716   -0.188716 (VIOLATED)
_4181_/D                                0.750000    0.938716   -0.188716 (VIOLATED)
_4182_/B1                               0.750000    0.938716   -0.188716 (VIOLATED)
_4294_/D                                0.750000    0.938716   -0.188716 (VIOLATED)
_4295_/B1                               0.750000    0.938716   -0.188716 (VIOLATED)
_4296_/B1                               0.750000    0.938716   -0.188716 (VIOLATED)
_4420_/D                                0.750000    0.938716   -0.188716 (VIOLATED)
_4421_/B1                               0.750000    0.938716   -0.188716 (VIOLATED)
_4422_/B1                               0.750000    0.938716   -0.188716 (VIOLATED)
_4538_/D                                0.750000    0.938716   -0.188716 (VIOLATED)
_4540_/B1                               0.750000    0.938716   -0.188716 (VIOLATED)
_4570_/D                                0.750000    0.938716   -0.188716 (VIOLATED)
_4572_/B1                               0.750000    0.938716   -0.188716 (VIOLATED)
_4579_/D                                0.750000    0.938716   -0.188716 (VIOLATED)
_4581_/B1                               0.750000    0.938716   -0.188716 (VIOLATED)
_4784_/D                                0.750000    0.938716   -0.188716 (VIOLATED)
_4786_/B1                               0.750000    0.938716   -0.188716 (VIOLATED)
_4792_/D                                0.750000    0.938716   -0.188716 (VIOLATED)
_4794_/B1                               0.750000    0.938716   -0.188716 (VIOLATED)
_4978_/D                                0.750000    0.938716   -0.188716 (VIOLATED)
_4980_/B1                               0.750000    0.938716   -0.188716 (VIOLATED)
_5067_/D                                0.750000    0.938716   -0.188716 (VIOLATED)
_5069_/B1                               0.750000    0.938716   -0.188716 (VIOLATED)
_5151_/D                                0.750000    0.938716   -0.188716 (VIOLATED)
_5153_/B1                               0.750000    0.938716   -0.188716 (VIOLATED)
_5223_/D                                0.750000    0.938716   -0.188716 (VIOLATED)
_5225_/B1                               0.750000    0.938716   -0.188716 (VIOLATED)
_5266_/D                                0.750000    0.938716   -0.188716 (VIOLATED)
_5267_/B1                               0.750000    0.938716   -0.188716 (VIOLATED)
_5275_/D                                0.750000    0.938716   -0.188716 (VIOLATED)
_5276_/B1                               0.750000    0.938716   -0.188716 (VIOLATED)
_5361_/D                                0.750000    0.938716   -0.188716 (VIOLATED)
_5362_/B1                               0.750000    0.938716   -0.188716 (VIOLATED)
_5363_/B1                               0.750000    0.938716   -0.188716 (VIOLATED)
_5398_/D                                0.750000    0.938716   -0.188716 (VIOLATED)
_5400_/B1                               0.750000    0.938716   -0.188716 (VIOLATED)
_5490_/D                                0.750000    0.938716   -0.188716 (VIOLATED)
_5492_/B1                               0.750000    0.938716   -0.188716 (VIOLATED)
_5530_/D                                0.750000    0.938716   -0.188716 (VIOLATED)
_5531_/B1                               0.750000    0.938716   -0.188716 (VIOLATED)
_5584_/B                                0.750000    0.938716   -0.188716 (VIOLATED)
_5585_/B                                0.750000    0.938716   -0.188716 (VIOLATED)
_5586_/D                                0.750000    0.938716   -0.188716 (VIOLATED)
_5587_/B1                               0.750000    0.938716   -0.188716 (VIOLATED)
_5623_/D                                0.750000    0.938716   -0.188716 (VIOLATED)
_5625_/B1                               0.750000    0.938716   -0.188716 (VIOLATED)
_5661_/D                                0.750000    0.938716   -0.188716 (VIOLATED)
_5663_/B1                               0.750000    0.938716   -0.188716 (VIOLATED)
_5695_/D                                0.750000    0.938716   -0.188716 (VIOLATED)
_5697_/B1                               0.750000    0.938716   -0.188716 (VIOLATED)
_5725_/C                                0.750000    0.938716   -0.188716 (VIOLATED)
_5762_/A2                               0.750000    0.938716   -0.188716 (VIOLATED)
_5957_/B1                               0.750000    0.938716   -0.188716 (VIOLATED)
_5958_/C                                0.750000    0.938716   -0.188716 (VIOLATED)
_6121_/B                                0.750000    0.938716   -0.188716 (VIOLATED)
_6296_/A                                0.750000    0.938716   -0.188716 (VIOLATED)
_6313_/B                                0.750000    0.938716   -0.188716 (VIOLATED)
_6314_/B                                0.750000    0.938716   -0.188716 (VIOLATED)
_6318_/B                                0.750000    0.938716   -0.188716 (VIOLATED)
_6343_/A                                0.750000    0.938716   -0.188716 (VIOLATED)
_6344_/A                                0.750000    0.938716   -0.188716 (VIOLATED)
_6362_/S0                               0.750000    0.938716   -0.188716 (VIOLATED)
_6424_/A1                               0.750000    0.938716   -0.188716 (VIOLATED)
_6459_/S                                0.750000    0.938716   -0.188716 (VIOLATED)
_6462_/S                                0.750000    0.938716   -0.188716 (VIOLATED)
_6495_/A1                               0.750000    0.938716   -0.188716 (VIOLATED)
_6497_/A1                               0.750000    0.938716   -0.188716 (VIOLATED)
_6529_/A                                0.750000    0.938716   -0.188716 (VIOLATED)
_6537_/S1                               0.750000    0.938716   -0.188716 (VIOLATED)
_6549_/A1                               0.750000    0.938716   -0.188716 (VIOLATED)
_6557_/A1                               0.750000    0.938716   -0.188716 (VIOLATED)
_6571_/A1                               0.750000    0.938716   -0.188716 (VIOLATED)
_6578_/A1                               0.750000    0.938716   -0.188716 (VIOLATED)
_6609_/S1                               0.750000    0.938716   -0.188716 (VIOLATED)
_6625_/A                                0.750000    0.938716   -0.188716 (VIOLATED)
_6676_/S1                               0.750000    0.938716   -0.188716 (VIOLATED)
_6678_/A                                0.750000    0.938716   -0.188716 (VIOLATED)
_6694_/S0                               0.750000    0.938716   -0.188716 (VIOLATED)
_6698_/A                                0.750000    0.938716   -0.188716 (VIOLATED)
_6710_/S0                               0.750000    0.938716   -0.188716 (VIOLATED)
_6728_/S0                               0.750000    0.938716   -0.188716 (VIOLATED)
B[4]                                    0.750000    0.918048   -0.168048 (VIOLATED)
_3499_/A                                0.750000    0.918048   -0.168048 (VIOLATED)
_3507_/C                                0.750000    0.918048   -0.168048 (VIOLATED)
_3508_/A2                               0.750000    0.918048   -0.168048 (VIOLATED)
_3511_/C                                0.750000    0.918048   -0.168048 (VIOLATED)
_3513_/A2                               0.750000    0.918048   -0.168048 (VIOLATED)
_3522_/C                                0.750000    0.918048   -0.168048 (VIOLATED)
_3523_/A2                               0.750000    0.918048   -0.168048 (VIOLATED)
_3770_/C                                0.750000    0.918048   -0.168048 (VIOLATED)
_3771_/A2                               0.750000    0.918048   -0.168048 (VIOLATED)
_3869_/B                                0.750000    0.918048   -0.168048 (VIOLATED)
_3870_/A2                               0.750000    0.918048   -0.168048 (VIOLATED)
_4181_/C                                0.750000    0.918048   -0.168048 (VIOLATED)
_4182_/A2                               0.750000    0.918048   -0.168048 (VIOLATED)
_4294_/C                                0.750000    0.918048   -0.168048 (VIOLATED)
_4295_/A2                               0.750000    0.918048   -0.168048 (VIOLATED)
_4296_/A2                               0.750000    0.918048   -0.168048 (VIOLATED)
_4420_/C                                0.750000    0.918048   -0.168048 (VIOLATED)
_4421_/A2                               0.750000    0.918048   -0.168048 (VIOLATED)
_4422_/A2                               0.750000    0.918048   -0.168048 (VIOLATED)
_4538_/C                                0.750000    0.918048   -0.168048 (VIOLATED)
_4540_/A2                               0.750000    0.918048   -0.168048 (VIOLATED)
_4570_/C                                0.750000    0.918048   -0.168048 (VIOLATED)
_4572_/A2                               0.750000    0.918048   -0.168048 (VIOLATED)
_4579_/C                                0.750000    0.918048   -0.168048 (VIOLATED)
_4581_/A2                               0.750000    0.918048   -0.168048 (VIOLATED)
_4784_/C                                0.750000    0.918048   -0.168048 (VIOLATED)
_4786_/A2                               0.750000    0.918048   -0.168048 (VIOLATED)
_4792_/C                                0.750000    0.918048   -0.168048 (VIOLATED)
_4794_/A2                               0.750000    0.918048   -0.168048 (VIOLATED)
_4978_/C                                0.750000    0.918048   -0.168048 (VIOLATED)
_4980_/A2                               0.750000    0.918048   -0.168048 (VIOLATED)
_5067_/C                                0.750000    0.918048   -0.168048 (VIOLATED)
_5069_/A2                               0.750000    0.918048   -0.168048 (VIOLATED)
_5151_/C                                0.750000    0.918048   -0.168048 (VIOLATED)
_5153_/A2                               0.750000    0.918048   -0.168048 (VIOLATED)
_5223_/C                                0.750000    0.918048   -0.168048 (VIOLATED)
_5225_/A2                               0.750000    0.918048   -0.168048 (VIOLATED)
_5266_/C                                0.750000    0.918048   -0.168048 (VIOLATED)
_5267_/A2                               0.750000    0.918048   -0.168048 (VIOLATED)
_5275_/C                                0.750000    0.918048   -0.168048 (VIOLATED)
_5276_/A2                               0.750000    0.918048   -0.168048 (VIOLATED)
_5361_/C                                0.750000    0.918048   -0.168048 (VIOLATED)
_5362_/A2                               0.750000    0.918048   -0.168048 (VIOLATED)
_5363_/A2                               0.750000    0.918048   -0.168048 (VIOLATED)
_5398_/C                                0.750000    0.918048   -0.168048 (VIOLATED)
_5400_/A2                               0.750000    0.918048   -0.168048 (VIOLATED)
_5490_/C                                0.750000    0.918048   -0.168048 (VIOLATED)
_5492_/A2                               0.750000    0.918048   -0.168048 (VIOLATED)
_5528_/B                                0.750000    0.918048   -0.168048 (VIOLATED)
_5529_/B                                0.750000    0.918048   -0.168048 (VIOLATED)
_5530_/C                                0.750000    0.918048   -0.168048 (VIOLATED)
_5531_/A2                               0.750000    0.918048   -0.168048 (VIOLATED)
_5586_/C                                0.750000    0.918048   -0.168048 (VIOLATED)
_5587_/A2                               0.750000    0.918048   -0.168048 (VIOLATED)
_5623_/C                                0.750000    0.918048   -0.168048 (VIOLATED)
_5625_/A2                               0.750000    0.918048   -0.168048 (VIOLATED)
_5661_/C                                0.750000    0.918048   -0.168048 (VIOLATED)
_5663_/A2                               0.750000    0.918048   -0.168048 (VIOLATED)
_5695_/C                                0.750000    0.918048   -0.168048 (VIOLATED)
_5697_/A2                               0.750000    0.918048   -0.168048 (VIOLATED)
_5957_/A1                               0.750000    0.918048   -0.168048 (VIOLATED)
_5958_/A                                0.750000    0.918048   -0.168048 (VIOLATED)
_6118_/B                                0.750000    0.918048   -0.168048 (VIOLATED)
_6294_/A                                0.750000    0.918048   -0.168048 (VIOLATED)
_6295_/A                                0.750000    0.918048   -0.168048 (VIOLATED)
_6313_/A                                0.750000    0.918048   -0.168048 (VIOLATED)
_6314_/A                                0.750000    0.918048   -0.168048 (VIOLATED)
_6345_/A1                               0.750000    0.918048   -0.168048 (VIOLATED)
_6363_/A                                0.750000    0.918048   -0.168048 (VIOLATED)
_6365_/A                                0.750000    0.918048   -0.168048 (VIOLATED)
_6369_/A                                0.750000    0.918048   -0.168048 (VIOLATED)
_6390_/A                                0.750000    0.918048   -0.168048 (VIOLATED)
_6391_/A                                0.750000    0.918048   -0.168048 (VIOLATED)
_6392_/A                                0.750000    0.918048   -0.168048 (VIOLATED)
_6498_/A                                0.750000    0.918048   -0.168048 (VIOLATED)
_6534_/A1                               0.750000    0.918048   -0.168048 (VIOLATED)
_6555_/B2                               0.750000    0.918048   -0.168048 (VIOLATED)
_6579_/A1                               0.750000    0.918048   -0.168048 (VIOLATED)
_6644_/B2                               0.750000    0.918048   -0.168048 (VIOLATED)
_6661_/B1                               0.750000    0.918048   -0.168048 (VIOLATED)
_6682_/A1                               0.750000    0.918048   -0.168048 (VIOLATED)
_6702_/A1                               0.750000    0.918048   -0.168048 (VIOLATED)
_6716_/A1                               0.750000    0.918048   -0.168048 (VIOLATED)
_6765_/A                                0.750000    0.918048   -0.168048 (VIOLATED)
_6779_/A                                0.750000    0.918048   -0.168048 (VIOLATED)
_6799_/A1                               0.750000    0.918048   -0.168048 (VIOLATED)
_6846_/A1                               0.750000    0.918048   -0.168048 (VIOLATED)
_6865_/A1                               0.750000    0.918048   -0.168048 (VIOLATED)
_6883_/A1                               0.750000    0.918048   -0.168048 (VIOLATED)
_6912_/B1                               0.750000    0.918048   -0.168048 (VIOLATED)
_6926_/B1                               0.750000    0.918048   -0.168048 (VIOLATED)
_6929_/A                                0.750000    0.918048   -0.168048 (VIOLATED)
_6945_/B1                               0.750000    0.918048   -0.168048 (VIOLATED)
_6962_/B2                               0.750000    0.918048   -0.168048 (VIOLATED)
_6966_/A1                               0.750000    0.918048   -0.168048 (VIOLATED)
_6981_/A1                               0.750000    0.918048   -0.168048 (VIOLATED)
_6288_/Y                                0.750000    0.913024   -0.163024 (VIOLATED)
_6291_/A                                0.750000    0.913024   -0.163024 (VIOLATED)
_6466_/B1                               0.750000    0.913024   -0.163024 (VIOLATED)
_6486_/B1                               0.750000    0.913024   -0.163024 (VIOLATED)
_6520_/B                                0.750000    0.913024   -0.163024 (VIOLATED)
_6542_/B2                               0.750000    0.913024   -0.163024 (VIOLATED)
_6649_/A1                               0.750000    0.913024   -0.163024 (VIOLATED)
_6671_/B1                               0.750000    0.913024   -0.163024 (VIOLATED)
_6721_/A1                               0.750000    0.913024   -0.163024 (VIOLATED)
_6736_/A1                               0.750000    0.913024   -0.163024 (VIOLATED)
_6740_/B1                               0.750000    0.913024   -0.163024 (VIOLATED)
_6757_/C                                0.750000    0.913024   -0.163024 (VIOLATED)
_6804_/B2                               0.750000    0.913024   -0.163024 (VIOLATED)
_6836_/A3                               0.750000    0.913024   -0.163024 (VIOLATED)
_6869_/A1                               0.750000    0.913024   -0.163024 (VIOLATED)
_6900_/A3                               0.750000    0.913024   -0.163024 (VIOLATED)
_6947_/B1                               0.750000    0.913024   -0.163024 (VIOLATED)
_6967_/A1                               0.750000    0.913024   -0.163024 (VIOLATED)
_6972_/B1                               0.750000    0.913024   -0.163024 (VIOLATED)
_6998_/B2                               0.750000    0.913024   -0.163024 (VIOLATED)
_7000_/B2                               0.750000    0.913024   -0.163024 (VIOLATED)

max fanout

Pin                                   Limit Fanout  Slack
---------------------------------------------------------
B[0]                                     10    119   -109 (VIOLATED)
B[1]                                     10    110   -100 (VIOLATED)
B[4]                                     10     96    -86 (VIOLATED)
B[3]                                     10     91    -81 (VIOLATED)
B[2]                                     10     90    -80 (VIOLATED)
A[2]                                     10     69    -59 (VIOLATED)
A[1]                                     10     67    -57 (VIOLATED)
A[3]                                     10     67    -57 (VIOLATED)
A[4]                                     10     64    -54 (VIOLATED)
A[0]                                     10     61    -51 (VIOLATED)
A[5]                                     10     61    -51 (VIOLATED)
A[6]                                     10     59    -49 (VIOLATED)
A[7]                                     10     59    -49 (VIOLATED)
A[8]                                     10     56    -46 (VIOLATED)
A[9]                                     10     56    -46 (VIOLATED)
B[6]                                     10     56    -46 (VIOLATED)
B[7]                                     10     54    -44 (VIOLATED)
_3501_/Y                                 10     52    -42 (VIOLATED)
B[9]                                     10     50    -40 (VIOLATED)
A[10]                                    10     47    -37 (VIOLATED)
B[10]                                    10     47    -37 (VIOLATED)
B[8]                                     10     47    -37 (VIOLATED)
A[12]                                    10     46    -36 (VIOLATED)
A[13]                                    10     46    -36 (VIOLATED)
A[11]                                    10     45    -35 (VIOLATED)
B[5]                                     10     45    -35 (VIOLATED)
B[12]                                    10     44    -34 (VIOLATED)
B[13]                                    10     42    -32 (VIOLATED)
A[14]                                    10     41    -31 (VIOLATED)
A[15]                                    10     38    -28 (VIOLATED)
A[16]                                    10     38    -28 (VIOLATED)
A[17]                                    10     37    -27 (VIOLATED)
A[18]                                    10     36    -26 (VIOLATED)
A[19]                                    10     36    -26 (VIOLATED)
B[11]                                    10     36    -26 (VIOLATED)
B[15]                                    10     36    -26 (VIOLATED)
B[16]                                    10     33    -23 (VIOLATED)
B[14]                                    10     32    -22 (VIOLATED)
B[18]                                    10     32    -22 (VIOLATED)
_6333_/X                                 10     32    -22 (VIOLATED)
A[20]                                    10     31    -21 (VIOLATED)
A[21]                                    10     31    -21 (VIOLATED)
_6332_/X                                 10     31    -21 (VIOLATED)
B[17]                                    10     30    -20 (VIOLATED)
B[19]                                    10     30    -20 (VIOLATED)
_6338_/X                                 10     28    -18 (VIOLATED)
A[22]                                    10     27    -17 (VIOLATED)
A[23]                                    10     27    -17 (VIOLATED)
B[21]                                    10     27    -17 (VIOLATED)
B[20]                                    10     26    -16 (VIOLATED)
A[24]                                    10     25    -15 (VIOLATED)
B[22]                                    10     24    -14 (VIOLATED)
A[25]                                    10     22    -12 (VIOLATED)
A[27]                                    10     22    -12 (VIOLATED)
A[26]                                    10     21    -11 (VIOLATED)
_3500_/Y                                 10     21    -11 (VIOLATED)
_6202_/Y                                 10     20    -10 (VIOLATED)
_6288_/Y                                 10     20    -10 (VIOLATED)
A[28]                                    10     19     -9 (VIOLATED)
B[24]                                    10     19     -9 (VIOLATED)
_6296_/Y                                 10     19     -9 (VIOLATED)
_6330_/X                                 10     18     -8 (VIOLATED)
B[23]                                    10     17     -7 (VIOLATED)
B[25]                                    10     16     -6 (VIOLATED)
_3499_/Y                                 10     16     -6 (VIOLATED)
_6062_/X                                 10     16     -6 (VIOLATED)
A[31]                                    10     15     -5 (VIOLATED)
B[26]                                    10     15     -5 (VIOLATED)
_6061_/Y                                 10     15     -5 (VIOLATED)
A[29]                                    10     14     -4 (VIOLATED)
_6203_/X                                 10     14     -4 (VIOLATED)
_6289_/X                                 10     14     -4 (VIOLATED)
_6329_/Y                                 10     14     -4 (VIOLATED)
B[27]                                    10     13     -3 (VIOLATED)
_3503_/Y                                 10     13     -3 (VIOLATED)
_6371_/Y                                 10     13     -3 (VIOLATED)
opcode[0]                                10     12     -2 (VIOLATED)
opcode[1]                                10     12     -2 (VIOLATED)
_6303_/Y                                 10     12     -2 (VIOLATED)
opcode[2]                                10     11        (VIOLATED)
_6369_/Y                                 10     11        (VIOLATED)

max capacitance

Pin                                        Limit         Cap       Slack
------------------------------------------------------------------------
B[0]                                    0.200000    0.518716   -0.318716 (VIOLATED)
B[1]                                    0.200000    0.391272   -0.191272 (VIOLATED)
B[2]                                    0.200000    0.321563   -0.121563 (VIOLATED)
B[3]                                    0.200000    0.279003   -0.079003 (VIOLATED)
B[4]                                    0.200000    0.272821   -0.072821 (VIOLATED)



===========================================================================
report_parasitic_annotation -report_unannotated
============================================================================
Found 3586 unannotated drivers.
 A[0]
 A[10]
 A[11]
 A[12]
 A[13]
 A[14]
 A[15]
 A[16]
 A[17]
 A[18]
 A[19]
 A[1]
 A[20]
 A[21]
 A[22]
 A[23]
 A[24]
 A[25]
 A[26]
 A[27]
 A[28]
 A[29]
 A[2]
 A[30]
 A[31]
 A[3]
 A[4]
 A[5]
 A[6]
 A[7]
 A[8]
 A[9]
 B[0]
 B[10]
 B[11]
 B[12]
 B[13]
 B[14]
 B[15]
 B[16]
 B[17]
 B[18]
 B[19]
 B[1]
 B[20]
 B[21]
 B[22]
 B[23]
 B[24]
 B[25]
 B[26]
 B[27]
 B[28]
 B[29]
 B[2]
 B[30]
 B[31]
 B[3]
 B[4]
 B[5]
 B[6]
 B[7]
 B[8]
 B[9]
 opcode[0]
 opcode[1]
 opcode[2]
 opcode[3]
 _3483_/Y
 _3484_/Y
 _3485_/Y
 _3486_/Y
 _3487_/Y
 _3488_/Y
 _3489_/Y
 _3490_/Y
 _3491_/Y
 _3492_/Y
 _3493_/Y
 _3494_/Y
 _3495_/Y
 _3496_/Y
 _3497_/Y
 _3498_/Y
 _3499_/Y
 _3500_/Y
 _3501_/Y
 _3502_/Y
 _3503_/Y
 _3504_/Y
 _3505_/Y
 _3506_/Y
 _3507_/X
 _3508_/X
 _3509_/X
 _3510_/Y
 _3511_/X
 _3512_/Y
 _3513_/X
 _3514_/X
 _3515_/X
 _3516_/X
 _3517_/X
 _3518_/X
 _3519_/Y
 _3520_/Y
 _3521_/Y
 _3522_/X
 _3523_/Y
 _3524_/X
 _3525_/Y
 _3526_/X
 _3527_/Y
 _3528_/X
 _3529_/X
 _3530_/Y
 _3531_/Y
 _3532_/Y
 _3533_/X
 _3534_/Y
 _3535_/X
 _3536_/Y
 _3537_/Y
 _3538_/Y
 _3539_/X
 _3540_/Y
 _3541_/X
 _3542_/Y
 _3543_/X
 _3544_/X
 _3545_/Y
 _3546_/X
 _3547_/X
 _3548_/Y
 _3549_/X
 _3550_/Y
 _3551_/X
 _3552_/Y
 _3553_/Y
 _3554_/X
 _3555_/Y
 _3556_/X
 _3557_/Y
 _3558_/X
 _3559_/Y
 _3560_/X
 _3561_/Y
 _3562_/X
 _3563_/Y
 _3564_/X
 _3565_/Y
 _3566_/X
 _3567_/Y
 _3568_/X
 _3569_/X
 _3570_/X
 _3571_/Y
 _3572_/X
 _3573_/X
 _3574_/X
 _3575_/Y
 _3576_/X
 _3577_/Y
 _3578_/X
 _3579_/X
 _3580_/X
 _3581_/Y
 _3582_/Y
 _3583_/Y
 _3584_/Y
 _3585_/X
 _3586_/Y
 _3587_/X
 _3588_/X
 _3589_/Y
 _3590_/X
 _3591_/X
 _3592_/Y
 _3593_/X
 _3594_/Y
 _3595_/Y
 _3596_/X
 _3597_/Y
 _3598_/Y
 _3599_/X
 _3600_/X
 _3601_/Y
 _3602_/Y
 _3603_/X
 _3604_/X
 _3605_/Y
 _3606_/Y
 _3607_/X
 _3608_/Y
 _3609_/Y
 _3610_/X
 _3611_/Y
 _3612_/Y
 _3613_/X
 _3614_/Y
 _3615_/X
 _3616_/Y
 _3617_/Y
 _3618_/Y
 _3619_/X
 _3620_/Y
 _3621_/Y
 _3622_/X
 _3623_/Y
 _3624_/X
 _3625_/Y
 _3626_/X
 _3627_/Y
 _3628_/X
 _3629_/Y
 _3630_/X
 _3631_/Y
 _3632_/Y
 _3633_/Y
 _3634_/X
 _3635_/Y
 _3636_/X
 _3637_/X
 _3638_/X
 _3639_/Y
 _3640_/X
 _3641_/X
 _3642_/X
 _3643_/X
 _3644_/Y
 _3645_/Y
 _3646_/X
 _3647_/Y
 _3648_/Y
 _3649_/X
 _3650_/Y
 _3651_/Y
 _3652_/X
 _3653_/Y
 _3654_/Y
 _3655_/X
 _3656_/Y
 _3657_/X
 _3658_/X
 _3659_/Y
 _3660_/X
 _3661_/Y
 _3662_/X
 _3663_/Y
 _3664_/Y
 _3665_/X
 _3666_/X
 _3667_/Y
 _3668_/Y
 _3669_/X
 _3670_/Y
 _3671_/X
 _3672_/Y
 _3673_/X
 _3674_/Y
 _3675_/Y
 _3676_/X
 _3677_/Y
 _3678_/Y
 _3679_/Y
 _3680_/X
 _3681_/Y
 _3682_/Y
 _3683_/Y
 _3684_/Y
 _3685_/X
 _3686_/Y
 _3687_/X
 _3688_/X
 _3689_/Y
 _3690_/Y
 _3691_/Y
 _3692_/X
 _3693_/X
 _3694_/X
 _3695_/Y
 _3696_/X
 _3697_/X
 _3698_/X
 _3699_/Y
 _3700_/Y
 _3701_/Y
 _3702_/Y
 _3703_/Y
 _3704_/Y
 _3705_/Y
 _3706_/X
 _3707_/X
 _3708_/X
 _3709_/X
 _3710_/Y
 _3711_/X
 _3712_/Y
 _3713_/X
 _3714_/X
 _3715_/X
 _3716_/X
 _3717_/Y
 _3718_/Y
 _3719_/X
 _3720_/Y
 _3721_/Y
 _3722_/X
 _3723_/Y
 _3724_/Y
 _3725_/X
 _3726_/X
 _3727_/Y
 _3728_/Y
 _3729_/Y
 _3730_/X
 _3731_/Y
 _3732_/Y
 _3733_/Y
 _3734_/Y
 _3735_/X
 _3736_/Y
 _3737_/X
 _3738_/Y
 _3739_/Y
 _3740_/X
 _3741_/Y
 _3742_/Y
 _3743_/Y
 _3744_/Y
 _3745_/X
 _3746_/X
 _3747_/X
 _3748_/X
 _3749_/Y
 _3750_/X
 _3751_/X
 _3752_/X
 _3753_/X
 _3754_/Y
 _3755_/Y
 _3756_/X
 _3757_/Y
 _3758_/Y
 _3759_/X
 _3760_/Y
 _3761_/Y
 _3762_/Y
 _3763_/Y
 _3764_/X
 _3765_/Y
 _3766_/Y
 _3767_/Y
 _3768_/X
 _3769_/Y
 _3770_/X
 _3771_/Y
 _3772_/X
 _3773_/Y
 _3774_/X
 _3775_/Y
 _3776_/X
 _3777_/Y
 _3778_/X
 _3779_/X
 _3780_/Y
 _3781_/Y
 _3782_/Y
 _3783_/X
 _3784_/X
 _3785_/Y
 _3786_/X
 _3787_/Y
 _3788_/Y
 _3789_/Y
 _3790_/X
 _3791_/Y
 _3792_/Y
 _3793_/X
 _3794_/Y
 _3795_/Y
 _3796_/Y
 _3797_/Y
 _3798_/X
 _3799_/Y
 _3800_/Y
 _3801_/X
 _3802_/Y
 _3803_/Y
 _3804_/Y
 _3805_/X
 _3806_/Y
 _3807_/X
 _3808_/X
 _3809_/X
 _3810_/Y
 _3811_/X
 _3812_/Y
 _3813_/Y
 _3814_/X
 _3815_/X
 _3816_/X
 _3817_/Y
 _3818_/Y
 _3819_/Y
 _3820_/Y
 _3821_/X
 _3822_/Y
 _3823_/Y
 _3824_/X
 _3825_/X
 _3826_/Y
 _3827_/Y
 _3828_/Y
 _3829_/X
 _3830_/Y
 _3831_/Y
 _3832_/X
 _3833_/Y
 _3834_/X
 _3835_/X
 _3836_/X
 _3837_/Y
 _3838_/Y
 _3839_/X
 _3840_/Y
 _3841_/X
 _3842_/X
 _3843_/Y
 _3844_/Y
 _3845_/Y
 _3846_/X
 _3847_/X
 _3848_/X
 _3849_/X
 _3850_/Y
 _3851_/X
 _3852_/Y
 _3853_/Y
 _3854_/Y
 _3855_/Y
 _3856_/X
 _3857_/Y
 _3858_/Y
 _3859_/X
 _3860_/X
 _3861_/Y
 _3862_/Y
 _3863_/X
 _3864_/X
 _3865_/Y
 _3866_/Y
 _3867_/Y
 _3868_/Y
 _3869_/X
 _3870_/Y
 _3871_/Y
 _3872_/Y
 _3873_/Y
 _3874_/X
 _3875_/X
 _3876_/Y
 _3877_/Y
 _3878_/Y
 _3879_/X
 _3880_/Y
 _3881_/Y
 _3882_/Y
 _3883_/Y
 _3884_/Y
 _3885_/Y
 _3886_/Y
 _3887_/Y
 _3888_/X
 _3889_/X
 _3890_/Y
 _3891_/Y
 _3892_/X
 _3893_/Y
 _3894_/Y
 _3895_/Y
 _3896_/Y
 _3897_/Y
 _3898_/X
 _3899_/Y
 _3900_/Y
 _3901_/X
 _3902_/X
 _3903_/X
 _3904_/Y
 _3905_/X
 _3906_/X
 _3907_/Y
 _3908_/Y
 _3909_/X
 _3910_/X
 _3911_/X
 _3912_/Y
 _3913_/Y
 _3914_/X
 _3915_/Y
 _3916_/Y
 _3917_/X
 _3918_/Y
 _3919_/X
 _3920_/X
 _3921_/Y
 _3922_/Y
 _3923_/Y
 _3924_/Y
 _3925_/X
 _3926_/Y
 _3927_/X
 _3928_/Y
 _3929_/Y
 _3930_/Y
 _3931_/Y
 _3932_/X
 _3933_/X
 _3934_/Y
 _3935_/Y
 _3936_/Y
 _3937_/Y
 _3938_/Y
 _3939_/X
 _3940_/Y
 _3941_/X
 _3942_/X
 _3943_/X
 _3944_/Y
 _3945_/X
 _3946_/Y
 _3947_/Y
 _3948_/X
 _3949_/X
 _3950_/Y
 _3951_/Y
 _3952_/Y
 _3953_/X
 _3954_/Y
 _3955_/X
 _3956_/Y
 _3957_/X
 _3958_/X
 _3959_/X
 _3960_/Y
 _3961_/X
 _3962_/Y
 _3963_/Y
 _3964_/Y
 _3965_/Y
 _3966_/X
 _3967_/X
 _3968_/Y
 _3969_/X
 _3970_/Y
 _3971_/Y
 _3972_/Y
 _3973_/Y
 _3974_/X
 _3975_/X
 _3976_/Y
 _3977_/X
 _3978_/X
 _3979_/X
 _3980_/X
 _3981_/X
 _3982_/Y
 _3983_/X
 _3984_/X
 _3985_/Y
 _3986_/Y
 _3987_/Y
 _3988_/Y
 _3989_/Y
 _3990_/Y
 _3991_/Y
 _3992_/Y
 _3993_/X
 _3994_/X
 _3995_/Y
 _3996_/Y
 _3997_/Y
 _3998_/X
 _3999_/X
 _4000_/X
 _4001_/Y
 _4002_/X
 _4003_/X
 _4004_/Y
 _4005_/Y
 _4006_/X
 _4007_/Y
 _4008_/Y
 _4009_/X
 _4010_/Y
 _4011_/X
 _4012_/Y
 _4013_/Y
 _4014_/Y
 _4015_/Y
 _4016_/Y
 _4017_/X
 _4018_/Y
 _4019_/X
 _4020_/Y
 _4021_/Y
 _4022_/X
 _4023_/Y
 _4024_/Y
 _4025_/X
 _4026_/X
 _4027_/Y
 _4028_/Y
 _4029_/Y
 _4030_/X
 _4031_/X
 _4032_/Y
 _4033_/X
 _4034_/Y
 _4035_/Y
 _4036_/X
 _4037_/X
 _4038_/Y
 _4039_/Y
 _4040_/Y
 _4041_/Y
 _4042_/Y
 _4043_/Y
 _4044_/Y
 _4045_/X
 _4046_/X
 _4047_/Y
 _4048_/Y
 _4049_/X
 _4050_/Y
 _4051_/X
 _4052_/X
 _4053_/Y
 _4054_/Y
 _4055_/Y
 _4056_/X
 _4057_/Y
 _4058_/X
 _4059_/Y
 _4060_/X
 _4061_/X
 _4062_/Y
 _4063_/Y
 _4064_/Y
 _4065_/X
 _4066_/Y
 _4067_/Y
 _4068_/X
 _4069_/X
 _4070_/Y
 _4071_/Y
 _4072_/X
 _4073_/Y
 _4074_/Y
 _4075_/X
 _4076_/Y
 _4077_/Y
 _4078_/X
 _4079_/Y
 _4080_/Y
 _4081_/Y
 _4082_/X
 _4083_/Y
 _4084_/X
 _4085_/Y
 _4086_/X
 _4087_/Y
 _4088_/X
 _4089_/X
 _4090_/Y
 _4091_/X
 _4092_/X
 _4093_/X
 _4094_/Y
 _4095_/Y
 _4096_/X
 _4097_/Y
 _4098_/X
 _4099_/X
 _4100_/Y
 _4101_/X
 _4102_/Y
 _4103_/Y
 _4104_/X
 _4105_/X
 _4106_/Y
 _4107_/X
 _4108_/X
 _4109_/X
 _4110_/X
 _4111_/Y
 _4112_/X
 _4113_/X
 _4114_/Y
 _4115_/X
 _4116_/X
 _4117_/Y
 _4118_/X
 _4119_/X
 _4120_/X
 _4121_/X
 _4122_/Y
 _4123_/X
 _4124_/Y
 _4125_/Y
 _4126_/X
 _4127_/Y
 _4128_/X
 _4129_/Y
 _4130_/X
 _4131_/X
 _4132_/Y
 _4133_/Y
 _4134_/Y
 _4135_/X
 _4136_/X
 _4137_/Y
 _4138_/Y
 _4139_/X
 _4140_/Y
 _4141_/X
 _4142_/X
 _4143_/Y
 _4144_/X
 _4145_/X
 _4146_/Y
 _4147_/Y
 _4148_/X
 _4149_/Y
 _4150_/Y
 _4151_/Y
 _4152_/Y
 _4153_/X
 _4154_/X
 _4155_/X
 _4156_/Y
 _4157_/X
 _4158_/Y
 _4159_/X
 _4160_/X
 _4161_/X
 _4162_/X
 _4163_/Y
 _4164_/X
 _4165_/Y
 _4166_/Y
 _4167_/X
 _4168_/Y
 _4169_/X
 _4170_/Y
 _4171_/Y
 _4172_/X
 _4173_/X
 _4174_/Y
 _4175_/Y
 _4176_/Y
 _4177_/Y
 _4178_/Y
 _4179_/X
 _4180_/Y
 _4181_/X
 _4182_/Y
 _4183_/X
 _4184_/Y
 _4185_/X
 _4186_/Y
 _4187_/X
 _4188_/X
 _4189_/X
 _4190_/X
 _4191_/Y
 _4192_/X
 _4193_/Y
 _4194_/X
 _4195_/Y
 _4196_/X
 _4197_/Y
 _4198_/X
 _4199_/Y
 _4200_/Y
 _4201_/Y
 _4202_/X
 _4203_/Y
 _4204_/Y
 _4205_/X
 _4206_/X
 _4207_/Y
 _4208_/Y
 _4209_/Y
 _4210_/Y
 _4211_/X
 _4212_/Y
 _4213_/X
 _4214_/Y
 _4215_/Y
 _4216_/Y
 _4217_/Y
 _4218_/Y
 _4219_/Y
 _4220_/X
 _4221_/Y
 _4222_/X
 _4223_/X
 _4224_/Y
 _4225_/X
 _4226_/Y
 _4227_/Y
 _4228_/X
 _4229_/Y
 _4230_/X
 _4231_/X
 _4232_/Y
 _4233_/X
 _4234_/X
 _4235_/X
 _4236_/Y
 _4237_/Y
 _4238_/Y
 _4239_/X
 _4240_/Y
 _4241_/Y
 _4242_/X
 _4243_/Y
 _4244_/X
 _4245_/X
 _4246_/Y
 _4247_/Y
 _4248_/Y
 _4249_/X
 _4250_/Y
 _4251_/X
 _4252_/Y
 _4253_/Y
 _4254_/Y
 _4255_/Y
 _4256_/Y
 _4257_/X
 _4258_/Y
 _4259_/X
 _4260_/Y
 _4261_/X
 _4262_/Y
 _4263_/X
 _4264_/Y
 _4265_/Y
 _4266_/X
 _4267_/Y
 _4268_/Y
 _4269_/Y
 _4270_/X
 _4271_/X
 _4272_/X
 _4273_/X
 _4274_/Y
 _4275_/X
 _4276_/X
 _4277_/X
 _4278_/Y
 _4279_/Y
 _4280_/Y
 _4281_/X
 _4282_/Y
 _4283_/Y
 _4284_/X
 _4285_/Y
 _4286_/Y
 _4287_/Y
 _4288_/Y
 _4289_/X
 _4290_/Y
 _4291_/Y
 _4292_/Y
 _4293_/X
 _4294_/X
 _4295_/Y
 _4296_/X
 _4297_/X
 _4298_/Y
 _4299_/X
 _4300_/X
 _4301_/Y
 _4302_/X
 _4303_/Y
 _4304_/X
 _4305_/Y
 _4306_/Y
 _4307_/Y
 _4308_/X
 _4309_/Y
 _4310_/X
 _4311_/Y
 _4312_/X
 _4313_/Y
 _4314_/Y
 _4315_/X
 _4316_/X
 _4317_/X
 _4318_/Y
 _4319_/X
 _4320_/Y
 _4321_/Y
 _4322_/X
 _4323_/X
 _4324_/Y
 _4325_/X
 _4326_/Y
 _4327_/Y
 _4328_/X
 _4329_/X
 _4330_/Y
 _4331_/Y
 _4332_/X
 _4333_/Y
 _4334_/X
 _4335_/Y
 _4336_/X
 _4337_/X
 _4338_/X
 _4339_/X
 _4340_/Y
 _4341_/X
 _4342_/Y
 _4343_/Y
 _4344_/X
 _4345_/Y
 _4346_/Y
 _4347_/X
 _4348_/X
 _4349_/Y
 _4350_/X
 _4351_/Y
 _4352_/Y
 _4353_/X
 _4354_/X
 _4355_/Y
 _4356_/X
 _4357_/X
 _4358_/X
 _4359_/X
 _4360_/Y
 _4361_/X
 _4362_/Y
 _4363_/Y
 _4364_/X
 _4365_/Y
 _4366_/X
 _4367_/Y
 _4368_/Y
 _4369_/X
 _4370_/Y
 _4371_/Y
 _4372_/Y
 _4373_/X
 _4374_/Y
 _4375_/X
 _4376_/X
 _4377_/Y
 _4378_/Y
 _4379_/X
 _4380_/Y
 _4381_/Y
 _4382_/Y
 _4383_/X
 _4384_/X
 _4385_/Y
 _4386_/Y
 _4387_/Y
 _4388_/X
 _4389_/Y
 _4390_/X
 _4391_/Y
 _4392_/Y
 _4393_/Y
 _4394_/Y
 _4395_/X
 _4396_/X
 _4397_/X
 _4398_/Y
 _4399_/X
 _4400_/Y
 _4401_/X
 _4402_/X
 _4403_/X
 _4404_/X
 _4405_/Y
 _4406_/X
 _4407_/Y
 _4408_/Y
 _4409_/X
 _4410_/Y
 _4411_/X
 _4412_/Y
 _4413_/Y
 _4414_/X
 _4415_/X
 _4416_/Y
 _4417_/Y
 _4418_/Y
 _4419_/X
 _4420_/X
 _4421_/Y
 _4422_/X
 _4423_/X
 _4424_/Y
 _4425_/X
 _4426_/X
 _4427_/Y
 _4428_/X
 _4429_/Y
 _4430_/X
 _4431_/Y
 _4432_/X
 _4433_/Y
 _4434_/Y
 _4435_/X
 _4436_/Y
 _4437_/X
 _4438_/Y
 _4439_/Y
 _4440_/Y
 _4441_/X
 _4442_/X
 _4443_/Y
 _4444_/Y
 _4445_/Y
 _4446_/X
 _4447_/X
 _4448_/X
 _4449_/Y
 _4450_/X
 _4451_/Y
 _4452_/X
 _4453_/Y
 _4454_/X
 _4455_/Y
 _4456_/Y
 _4457_/X
 _4458_/Y
 _4459_/Y
 _4460_/Y
 _4461_/Y
 _4462_/Y
 _4463_/Y
 _4464_/X
 _4465_/X
 _4466_/Y
 _4467_/X
 _4468_/Y
 _4469_/X
 _4470_/Y
 _4471_/Y
 _4472_/X
 _4473_/Y
 _4474_/X
 _4475_/X
 _4476_/Y
 _4477_/X
 _4478_/X
 _4479_/X
 _4480_/Y
 _4481_/Y
 _4482_/X
 _4483_/Y
 _4484_/Y
 _4485_/X
 _4486_/Y
 _4487_/X
 _4488_/Y
 _4489_/Y
 _4490_/X
 _4491_/Y
 _4492_/Y
 _4493_/Y
 _4494_/X
 _4495_/X
 _4496_/Y
 _4497_/Y
 _4498_/Y
 _4499_/X
 _4500_/Y
 _4501_/X
 _4502_/Y
 _4503_/Y
 _4504_/X
 _4505_/X
 _4506_/Y
 _4507_/Y
 _4508_/Y
 _4509_/X
 _4510_/X
 _4511_/Y
 _4512_/X
 _4513_/X
 _4514_/X
 _4515_/X
 _4516_/X
 _4517_/X
 _4518_/Y
 _4519_/X
 _4520_/X
 _4521_/X
 _4522_/Y
 _4523_/Y
 _4524_/Y
 _4525_/X
 _4526_/Y
 _4527_/Y
 _4528_/X
 _4529_/Y
 _4530_/Y
 _4531_/Y
 _4532_/Y
 _4533_/X
 _4534_/Y
 _4535_/Y
 _4536_/Y
 _4537_/X
 _4538_/X
 _4539_/Y
 _4540_/X
 _4541_/X
 _4542_/Y
 _4543_/Y
 _4544_/X
 _4545_/Y
 _4546_/Y
 _4547_/X
 _4548_/X
 _4549_/Y
 _4550_/Y
 _4551_/X
 _4552_/Y
 _4553_/X
 _4554_/Y
 _4555_/Y
 _4556_/X
 _4557_/X
 _4558_/X
 _4559_/X
 _4560_/Y
 _4561_/Y
 _4562_/Y
 _4563_/X
 _4564_/Y
 _4565_/Y
 _4566_/X
 _4567_/Y
 _4568_/Y
 _4569_/Y
 _4570_/X
 _4571_/Y
 _4572_/X
 _4573_/X
 _4574_/Y
 _4575_/X
 _4576_/Y
 _4577_/Y
 _4578_/Y
 _4579_/X
 _4580_/Y
 _4581_/X
 _4582_/X
 _4583_/Y
 _4584_/X
 _4585_/Y
 _4586_/Y
 _4587_/X
 _4588_/Y
 _4589_/Y
 _4590_/X
 _4591_/Y
 _4592_/Y
 _4593_/X
 _4594_/X
 _4595_/X
 _4596_/Y
 _4597_/Y
 _4598_/Y
 _4599_/Y
 _4600_/Y
 _4601_/Y
 _4602_/Y
 _4603_/X
 _4604_/Y
 _4605_/Y
 _4606_/Y
 _4607_/X
 _4608_/Y
 _4609_/Y
 _4610_/X
 _4611_/Y
 _4612_/X
 _4613_/X
 _4614_/X
 _4615_/Y
 _4616_/X
 _4617_/Y
 _4618_/Y
 _4619_/Y
 _4620_/X
 _4621_/X
 _4622_/Y
 _4623_/Y
 _4624_/X
 _4625_/X
 _4626_/Y
 _4627_/X
 _4628_/X
 _4629_/Y
 _4630_/X
 _4631_/Y
 _4632_/Y
 _4633_/Y
 _4634_/X
 _4635_/Y
 _4636_/X
 _4637_/Y
 _4638_/Y
 _4639_/Y
 _4640_/Y
 _4641_/X
 _4642_/X
 _4643_/X
 _4644_/Y
 _4645_/Y
 _4646_/X
 _4647_/X
 _4648_/Y
 _4649_/X
 _4650_/X
 _4651_/Y
 _4652_/Y
 _4653_/Y
 _4654_/X
 _4655_/Y
 _4656_/X
 _4657_/Y
 _4658_/X
 _4659_/Y
 _4660_/X
 _4661_/Y
 _4662_/X
 _4663_/X
 _4664_/X
 _4665_/Y
 _4666_/X
 _4667_/Y
 _4668_/Y
 _4669_/X
 _4670_/Y
 _4671_/Y
 _4672_/X
 _4673_/X
 _4674_/X
 _4675_/Y
 _4676_/Y
 _4677_/Y
 _4678_/X
 _4679_/X
 _4680_/Y
 _4681_/X
 _4682_/Y
 _4683_/Y
 _4684_/Y
 _4685_/X
 _4686_/Y
 _4687_/X
 _4688_/Y
 _4689_/Y
 _4690_/X
 _4691_/Y
 _4692_/X
 _4693_/Y
 _4694_/X
 _4695_/Y
 _4696_/Y
 _4697_/X
 _4698_/Y
 _4699_/Y
 _4700_/X
 _4701_/X
 _4702_/X
 _4703_/Y
 _4704_/X
 _4705_/Y
 _4706_/X
 _4707_/X
 _4708_/Y
 _4709_/Y
 _4710_/Y
 _4711_/Y
 _4712_/X
 _4713_/Y
 _4714_/X
 _4715_/Y
 _4716_/X
 _4717_/Y
 _4718_/Y
 _4719_/X
 _4720_/Y
 _4721_/Y
 _4722_/X
 _4723_/X
 _4724_/Y
 _4725_/X
 _4726_/Y
 _4727_/X
 _4728_/X
 _4729_/Y
 _4730_/Y
 _4731_/X
 _4732_/X
 _4733_/Y
 _4734_/Y
 _4735_/X
 _4736_/Y
 _4737_/X
 _4738_/Y
 _4739_/X
 _4740_/Y
 _4741_/X
 _4742_/Y
 _4743_/X
 _4744_/Y
 _4745_/X
 _4746_/X
 _4747_/Y
 _4748_/X
 _4749_/Y
 _4750_/X
 _4751_/X
 _4752_/X
 _4753_/Y
 _4754_/Y
 _4755_/Y
 _4756_/X
 _4757_/Y
 _4758_/Y
 _4759_/X
 _4760_/Y
 _4761_/Y
 _4762_/X
 _4763_/X
 _4764_/Y
 _4765_/X
 _4766_/Y
 _4767_/Y
 _4768_/X
 _4769_/Y
 _4770_/X
 _4771_/Y
 _4772_/X
 _4773_/Y
 _4774_/X
 _4775_/X
 _4776_/Y
 _4777_/Y
 _4778_/X
 _4779_/X
 _4780_/Y
 _4781_/Y
 _4782_/Y
 _4783_/Y
 _4784_/X
 _4785_/Y
 _4786_/X
 _4787_/X
 _4788_/Y
 _4789_/X
 _4790_/Y
 _4791_/Y
 _4792_/X
 _4793_/Y
 _4794_/X
 _4795_/X
 _4796_/Y
 _4797_/Y
 _4798_/X
 _4799_/Y
 _4800_/Y
 _4801_/X
 _4802_/Y
 _4803_/X
 _4804_/Y
 _4805_/Y
 _4806_/Y
 _4807_/X
 _4808_/Y
 _4809_/X
 _4810_/X
 _4811_/Y
 _4812_/X
 _4813_/Y
 _4814_/X
 _4815_/X
 _4816_/Y
 _4817_/Y
 _4818_/X
 _4819_/Y
 _4820_/Y
 _4821_/X
 _4822_/Y
 _4823_/Y
 _4824_/X
 _4825_/X
 _4826_/X
 _4827_/Y
 _4828_/Y
 _4829_/X
 _4830_/X
 _4831_/Y
 _4832_/Y
 _4833_/X
 _4834_/Y
 _4835_/Y
 _4836_/X
 _4837_/Y
 _4838_/Y
 _4839_/X
 _4840_/X
 _4841_/X
 _4842_/Y
 _4843_/Y
 _4844_/Y
 _4845_/X
 _4846_/Y
 _4847_/X
 _4848_/Y
 _4849_/Y
 _4850_/X
 _4851_/Y
 _4852_/X
 _4853_/Y
 _4854_/Y
 _4855_/X
 _4856_/Y
 _4857_/X
 _4858_/X
 _4859_/X
 _4860_/Y
 _4861_/Y
 _4862_/Y
 _4863_/X
 _4864_/X
 _4865_/X
 _4866_/Y
 _4867_/Y
 _4868_/Y
 _4869_/X
 _4870_/X
 _4871_/Y
 _4872_/Y
 _4873_/X
 _4874_/Y
 _4875_/X
 _4876_/Y
 _4877_/X
 _4878_/Y
 _4879_/X
 _4880_/Y
 _4881_/Y
 _4882_/X
 _4883_/Y
 _4884_/Y
 _4885_/Y
 _4886_/X
 _4887_/Y
 _4888_/X
 _4889_/X
 _4890_/Y
 _4891_/X
 _4892_/Y
 _4893_/X
 _4894_/X
 _4895_/Y
 _4896_/Y
 _4897_/Y
 _4898_/X
 _4899_/X
 _4900_/X
 _4901_/Y
 _4902_/Y
 _4903_/X
 _4904_/Y
 _4905_/Y
 _4906_/Y
 _4907_/X
 _4908_/X
 _4909_/X
 _4910_/Y
 _4911_/Y
 _4912_/X
 _4913_/X
 _4914_/Y
 _4915_/Y
 _4916_/X
 _4917_/Y
 _4918_/X
 _4919_/Y
 _4920_/X
 _4921_/X
 _4922_/Y
 _4923_/X
 _4924_/Y
 _4925_/X
 _4926_/Y
 _4927_/X
 _4928_/X
 _4929_/X
 _4930_/X
 _4931_/Y
 _4932_/X
 _4933_/Y
 _4934_/X
 _4935_/Y
 _4936_/Y
 _4937_/Y
 _4938_/X
 _4939_/Y
 _4940_/X
 _4941_/X
 _4942_/Y
 _4943_/X
 _4944_/X
 _4945_/Y
 _4946_/Y
 _4947_/X
 _4948_/Y
 _4949_/Y
 _4950_/X
 _4951_/X
 _4952_/Y
 _4953_/Y
 _4954_/X
 _4955_/X
 _4956_/X
 _4957_/X
 _4958_/Y
 _4959_/X
 _4960_/X
 _4961_/X
 _4962_/X
 _4963_/Y
 _4964_/X
 _4965_/Y
 _4966_/Y
 _4967_/X
 _4968_/Y
 _4969_/X
 _4970_/Y
 _4971_/Y
 _4972_/Y
 _4973_/Y
 _4974_/Y
 _4975_/X
 _4976_/Y
 _4977_/Y
 _4978_/X
 _4979_/Y
 _4980_/X
 _4981_/X
 _4982_/Y
 _4983_/Y
 _4984_/X
 _4985_/Y
 _4986_/Y
 _4987_/X
 _4988_/X
 _4989_/X
 _4990_/Y
 _4991_/Y
 _4992_/X
 _4993_/X
 _4994_/Y
 _4995_/Y
 _4996_/X
 _4997_/Y
 _4998_/Y
 _4999_/X
 _5000_/Y
 _5001_/X
 _5002_/Y
 _5003_/X
 _5004_/Y
 _5005_/Y
 _5006_/X
 _5007_/Y
 _5008_/X
 _5009_/Y
 _5010_/Y
 _5011_/Y
 _5012_/Y
 _5013_/X
 _5014_/X
 _5015_/X
 _5016_/Y
 _5017_/Y
 _5018_/Y
 _5019_/X
 _5020_/Y
 _5021_/Y
 _5022_/X
 _5023_/Y
 _5024_/X
 _5025_/X
 _5026_/Y
 _5027_/Y
 _5028_/X
 _5029_/Y
 _5030_/Y
 _5031_/X
 _5032_/X
 _5033_/Y
 _5034_/Y
 _5035_/X
 _5036_/Y
 _5037_/Y
 _5038_/X
 _5039_/X
 _5040_/X
 _5041_/Y
 _5042_/X
 _5043_/X
 _5044_/X
 _5045_/Y
 _5046_/X
 _5047_/Y
 _5048_/X
 _5049_/X
 _5050_/X
 _5051_/Y
 _5052_/Y
 _5053_/X
 _5054_/Y
 _5055_/Y
 _5056_/X
 _5057_/Y
 _5058_/X
 _5059_/Y
 _5060_/Y
 _5061_/X
 _5062_/X
 _5063_/X
 _5064_/Y
 _5065_/Y
 _5066_/Y
 _5067_/X
 _5068_/Y
 _5069_/X
 _5070_/X
 _5071_/Y
 _5072_/Y
 _5073_/X
 _5074_/Y
 _5075_/Y
 _5076_/X
 _5077_/Y
 _5078_/X
 _5079_/Y
 _5080_/Y
 _5081_/X
 _5082_/Y
 _5083_/X
 _5084_/X
 _5085_/Y
 _5086_/Y
 _5087_/X
 _5088_/Y
 _5089_/X
 _5090_/X
 _5091_/Y
 _5092_/X
 _5093_/Y
 _5094_/X
 _5095_/Y
 _5096_/X
 _5097_/Y
 _5098_/Y
 _5099_/Y
 _5100_/Y
 _5101_/X
 _5102_/Y
 _5103_/X
 _5104_/Y
 _5105_/X
 _5106_/Y
 _5107_/Y
 _5108_/X
 _5109_/Y
 _5110_/Y
 _5111_/X
 _5112_/Y
 _5113_/X
 _5114_/Y
 _5115_/X
 _5116_/X
 _5117_/Y
 _5118_/X
 _5119_/Y
 _5120_/X
 _5121_/X
 _5122_/Y
 _5123_/Y
 _5124_/X
 _5125_/X
 _5126_/X
 _5127_/X
 _5128_/Y
 _5129_/X
 _5130_/X
 _5131_/X
 _5132_/Y
 _5133_/Y
 _5134_/X
 _5135_/Y
 _5136_/Y
 _5137_/X
 _5138_/X
 _5139_/X
 _5140_/X
 _5141_/X
 _5142_/Y
 _5143_/Y
 _5144_/Y
 _5145_/Y
 _5146_/X
 _5147_/Y
 _5148_/X
 _5149_/Y
 _5150_/Y
 _5151_/X
 _5152_/Y
 _5153_/X
 _5154_/X
 _5155_/Y
 _5156_/Y
 _5157_/X
 _5158_/Y
 _5159_/Y
 _5160_/X
 _5161_/X
 _5162_/X
 _5163_/Y
 _5164_/X
 _5165_/Y
 _5166_/X
 _5167_/Y
 _5168_/Y
 _5169_/X
 _5170_/X
 _5171_/Y
 _5172_/X
 _5173_/Y
 _5174_/Y
 _5175_/X
 _5176_/Y
 _5177_/Y
 _5178_/Y
 _5179_/X
 _5180_/Y
 _5181_/X
 _5182_/Y
 _5183_/X
 _5184_/X
 _5185_/Y
 _5186_/Y
 _5187_/X
 _5188_/X
 _5189_/X
 _5190_/X
 _5191_/X
 _5192_/X
 _5193_/X
 _5194_/X
 _5195_/X
 _5196_/X
 _5197_/Y
 _5198_/X
 _5199_/X
 _5200_/Y
 _5201_/X
 _5202_/Y
 _5203_/X
 _5204_/Y
 _5205_/Y
 _5206_/Y
 _5207_/X
 _5208_/Y
 _5209_/Y
 _5210_/X
 _5211_/Y
 _5212_/Y
 _5213_/Y
 _5214_/X
 _5215_/X
 _5216_/Y
 _5217_/X
 _5218_/X
 _5219_/Y
 _5220_/Y
 _5221_/Y
 _5222_/Y
 _5223_/X
 _5224_/Y
 _5225_/X
 _5226_/X
 _5227_/Y
 _5228_/Y
 _5229_/X
 _5230_/Y
 _5231_/Y
 _5232_/X
 _5233_/Y
 _5234_/X
 _5235_/Y
 _5236_/Y
 _5237_/X
 _5238_/Y
 _5239_/X
 _5240_/Y
 _5241_/X
 _5242_/X
 _5243_/Y
 _5244_/X
 _5245_/Y
 _5246_/Y
 _5247_/X
 _5248_/X
 _5249_/Y
 _5250_/X
 _5251_/X
 _5252_/X
 _5253_/X
 _5254_/Y
 _5255_/X
 _5256_/Y
 _5257_/X
 _5258_/Y
 _5259_/Y
 _5260_/Y
 _5261_/Y
 _5262_/X
 _5263_/Y
 _5264_/Y
 _5265_/Y
 _5266_/X
 _5267_/Y
 _5268_/X
 _5269_/Y
 _5270_/Y
 _5271_/X
 _5272_/Y
 _5273_/X
 _5274_/Y
 _5275_/X
 _5276_/Y
 _5277_/X
 _5278_/Y
 _5279_/X
 _5280_/Y
 _5281_/X
 _5282_/Y
 _5283_/Y
 _5284_/X
 _5285_/Y
 _5286_/Y
 _5287_/X
 _5288_/X
 _5289_/Y
 _5290_/Y
 _5291_/Y
 _5292_/X
 _5293_/Y
 _5294_/X
 _5295_/Y
 _5296_/X
 _5297_/Y
 _5298_/Y
 _5299_/Y
 _5300_/X
 _5301_/X
 _5302_/X
 _5303_/Y
 _5304_/X
 _5305_/X
 _5306_/Y
 _5307_/Y
 _5308_/X
 _5309_/Y
 _5310_/X
 _5311_/Y
 _5312_/X
 _5313_/Y
 _5314_/X
 _5315_/Y
 _5316_/X
 _5317_/Y
 _5318_/X
 _5319_/Y
 _5320_/Y
 _5321_/X
 _5322_/Y
 _5323_/X
 _5324_/X
 _5325_/X
 _5326_/Y
 _5327_/X
 _5328_/X
 _5329_/Y
 _5330_/Y
 _5331_/X
 _5332_/X
 _5333_/Y
 _5334_/Y
 _5335_/Y
 _5336_/X
 _5337_/X
 _5338_/Y
 _5339_/X
 _5340_/Y
 _5341_/X
 _5342_/X
 _5343_/X
 _5344_/Y
 _5345_/X
 _5346_/Y
 _5347_/X
 _5348_/X
 _5349_/Y
 _5350_/X
 _5351_/Y
 _5352_/X
 _5353_/Y
 _5354_/X
 _5355_/Y
 _5356_/X
 _5357_/Y
 _5358_/X
 _5359_/Y
 _5360_/Y
 _5361_/X
 _5362_/Y
 _5363_/X
 _5364_/X
 _5365_/Y
 _5366_/X
 _5367_/X
 _5368_/Y
 _5369_/Y
 _5370_/X
 _5371_/Y
 _5372_/X
 _5373_/Y
 _5374_/X
 _5375_/Y
 _5376_/X
 _5377_/Y
 _5378_/Y
 _5379_/X
 _5380_/Y
 _5381_/X
 _5382_/X
 _5383_/Y
 _5384_/Y
 _5385_/Y
 _5386_/X
 _5387_/X
 _5388_/Y
 _5389_/Y
 _5390_/Y
 _5391_/Y
 _5392_/Y
 _5393_/X
 _5394_/Y
 _5395_/Y
 _5396_/Y
 _5397_/Y
 _5398_/X
 _5399_/Y
 _5400_/X
 _5401_/X
 _5402_/Y
 _5403_/X
 _5404_/X
 _5405_/X
 _5406_/Y
 _5407_/X
 _5408_/Y
 _5409_/X
 _5410_/Y
 _5411_/Y
 _5412_/Y
 _5413_/X
 _5414_/Y
 _5415_/X
 _5416_/Y
 _5417_/X
 _5418_/Y
 _5419_/X
 _5420_/Y
 _5421_/X
 _5422_/X
 _5423_/X
 _5424_/Y
 _5425_/Y
 _5426_/Y
 _5427_/X
 _5428_/X
 _5429_/X
 _5430_/Y
 _5431_/Y
 _5432_/X
 _5433_/Y
 _5434_/Y
 _5435_/X
 _5436_/Y
 _5437_/Y
 _5438_/X
 _5439_/X
 _5440_/Y
 _5441_/Y
 _5442_/X
 _5443_/Y
 _5444_/X
 _5445_/Y
 _5446_/X
 _5447_/X
 _5448_/Y
 _5449_/X
 _5450_/Y
 _5451_/Y
 _5452_/Y
 _5453_/Y
 _5454_/X
 _5455_/X
 _5456_/X
 _5457_/Y
 _5458_/X
 _5459_/Y
 _5460_/X
 _5461_/Y
 _5462_/X
 _5463_/Y
 _5464_/X
 _5465_/Y
 _5466_/Y
 _5467_/X
 _5468_/X
 _5469_/Y
 _5470_/Y
 _5471_/X
 _5472_/Y
 _5473_/Y
 _5474_/Y
 _5475_/Y
 _5476_/X
 _5477_/Y
 _5478_/X
 _5479_/X
 _5480_/X
 _5481_/Y
 _5482_/Y
 _5483_/X
 _5484_/Y
 _5485_/Y
 _5486_/X
 _5487_/Y
 _5488_/Y
 _5489_/Y
 _5490_/X
 _5491_/Y
 _5492_/X
 _5493_/X
 _5494_/Y
 _5495_/Y
 _5496_/X
 _5497_/Y
 _5498_/Y
 _5499_/X
 _5500_/X
 _5501_/X
 _5502_/X
 _5503_/Y
 _5504_/Y
 _5505_/Y
 _5506_/X
 _5507_/Y
 _5508_/X
 _5509_/Y
 _5510_/Y
 _5511_/X
 _5512_/Y
 _5513_/X
 _5514_/Y
 _5515_/X
 _5516_/X
 _5517_/Y
 _5518_/Y
 _5519_/Y
 _5520_/Y
 _5521_/Y
 _5522_/X
 _5523_/Y
 _5524_/X
 _5525_/Y
 _5526_/Y
 _5527_/Y
 _5528_/X
 _5529_/Y
 _5530_/Y
 _5531_/X
 _5532_/Y
 _5533_/X
 _5534_/Y
 _5535_/X
 _5536_/Y
 _5537_/Y
 _5538_/X
 _5539_/Y
 _5540_/X
 _5541_/Y
 _5542_/Y
 _5543_/X
 _5544_/Y
 _5545_/Y
 _5546_/Y
 _5547_/X
 _5548_/Y
 _5549_/X
 _5550_/X
 _5551_/Y
 _5552_/Y
 _5553_/Y
 _5554_/Y
 _5555_/X
 _5556_/Y
 _5557_/X
 _5558_/X
 _5559_/X
 _5560_/X
 _5561_/Y
 _5562_/Y
 _5563_/Y
 _5564_/Y
 _5565_/X
 _5566_/Y
 _5567_/X
 _5568_/Y
 _5569_/X
 _5570_/Y
 _5571_/Y
 _5572_/Y
 _5573_/Y
 _5574_/Y
 _5575_/Y
 _5576_/X
 _5577_/Y
 _5578_/X
 _5579_/X
 _5580_/Y
 _5581_/X
 _5582_/Y
 _5583_/Y
 _5584_/X
 _5585_/Y
 _5586_/Y
 _5587_/X
 _5588_/Y
 _5589_/X
 _5590_/X
 _5591_/X
 _5592_/Y
 _5593_/Y
 _5594_/X
 _5595_/Y
 _5596_/X
 _5597_/X
 _5598_/Y
 _5599_/Y
 _5600_/Y
 _5601_/X
 _5602_/X
 _5603_/X
 _5604_/Y
 _5605_/Y
 _5606_/X
 _5607_/Y
 _5608_/Y
 _5609_/X
 _5610_/Y
 _5611_/Y
 _5612_/X
 _5613_/X
 _5614_/Y
 _5615_/X
 _5616_/Y
 _5617_/X
 _5618_/Y
 _5619_/X
 _5620_/X
 _5621_/Y
 _5622_/Y
 _5623_/Y
 _5624_/X
 _5625_/X
 _5626_/Y
 _5627_/X
 _5628_/X
 _5629_/X
 _5630_/Y
 _5631_/Y
 _5632_/X
 _5633_/Y
 _5634_/Y
 _5635_/X
 _5636_/Y
 _5637_/X
 _5638_/Y
 _5639_/Y
 _5640_/Y
 _5641_/Y
 _5642_/Y
 _5643_/Y
 _5644_/X
 _5645_/Y
 _5646_/X
 _5647_/Y
 _5648_/X
 _5649_/Y
 _5650_/X
 _5651_/X
 _5652_/X
 _5653_/X
 _5654_/Y
 _5655_/X
 _5656_/Y
 _5657_/X
 _5658_/Y
 _5659_/X
 _5660_/Y
 _5661_/Y
 _5662_/X
 _5663_/X
 _5664_/Y
 _5665_/X
 _5666_/X
 _5667_/X
 _5668_/Y
 _5669_/Y
 _5670_/X
 _5671_/Y
 _5672_/X
 _5673_/Y
 _5674_/Y
 _5675_/X
 _5676_/X
 _5677_/X
 _5678_/Y
 _5679_/X
 _5680_/X
 _5681_/Y
 _5682_/X
 _5683_/Y
 _5684_/X
 _5685_/X
 _5686_/Y
 _5687_/X
 _5688_/Y
 _5689_/Y
 _5690_/X
 _5691_/Y
 _5692_/Y
 _5693_/Y
 _5694_/X
 _5695_/X
 _5696_/Y
 _5697_/Y
 _5698_/X
 _5699_/Y
 _5700_/X
 _5701_/Y
 _5702_/Y
 _5703_/X
 _5704_/Y
 _5705_/Y
 _5706_/X
 _5707_/Y
 _5708_/X
 _5709_/X
 _5710_/Y
 _5711_/Y
 _5712_/Y
 _5713_/X
 _5714_/Y
 _5715_/Y
 _5716_/X
 _5717_/X
 _5718_/Y
 _5719_/X
 _5720_/Y
 _5721_/Y
 _5722_/X
 _5723_/Y
 _5724_/Y
 _5725_/Y
 _5726_/X
 _5727_/Y
 _5728_/X
 _5729_/Y
 _5730_/X
 _5731_/Y
 _5732_/X
 _5733_/Y
 _5734_/Y
 _5735_/X
 _5736_/Y
 _5737_/X
 _5738_/Y
 _5739_/X
 _5740_/X
 _5741_/Y
 _5742_/Y
 _5743_/X
 _5744_/X
 _5745_/Y
 _5746_/X
 _5747_/Y
 _5748_/Y
 _5749_/Y
 _5750_/Y
 _5751_/X
 _5752_/X
 _5753_/X
 _5754_/X
 _5755_/Y
 _5756_/X
 _5757_/Y
 _5758_/Y
 _5759_/Y
 _5760_/X
 _5761_/X
 _5762_/X
 _5763_/X
 _5764_/Y
 _5765_/Y
 _5766_/X
 _5767_/Y
 _5768_/X
 _5769_/X
 _5770_/X
 _5771_/X
 _5772_/X
 _5773_/X
 _5774_/Y
 _5775_/Y
 _5776_/Y
 _5777_/Y
 _5778_/X
 _5779_/Y
 _5780_/Y
 _5781_/Y
 _5782_/Y
 _5783_/X
 _5784_/X
 _5785_/Y
 _5786_/X
 _5787_/X
 _5788_/X
 _5789_/Y
 _5790_/Y
 _5791_/X
 _5792_/X
 _5793_/Y
 _5794_/X
 _5795_/Y
 _5796_/Y
 _5797_/X
 _5798_/Y
 _5799_/Y
 _5800_/Y
 _5801_/Y
 _5802_/Y
 _5803_/X
 _5804_/X
 _5805_/X
 _5806_/Y
 _5807_/Y
 _5808_/X
 _5809_/X
 _5810_/Y
 _5811_/X
 _5812_/X
 _5813_/X
 _5814_/Y
 _5815_/X
 _5816_/Y
 _5817_/Y
 _5818_/Y
 _5819_/X
 _5820_/Y
 _5821_/X
 _5822_/X
 _5823_/Y
 _5824_/Y
 _5825_/Y
 _5826_/X
 _5827_/Y
 _5828_/Y
 _5829_/X
 _5830_/Y
 _5831_/Y
 _5832_/X
 _5833_/Y
 _5834_/X
 _5835_/Y
 _5836_/X
 _5837_/Y
 _5838_/Y
 _5839_/Y
 _5840_/X
 _5841_/Y
 _5842_/X
 _5843_/X
 _5844_/Y
 _5845_/X
 _5846_/X
 _5847_/Y
 _5848_/Y
 _5849_/Y
 _5850_/X
 _5851_/Y
 _5852_/Y
 _5853_/Y
 _5854_/X
 _5855_/Y
 _5856_/X
 _5857_/X
 _5858_/X
 _5859_/X
 _5860_/X
 _5861_/Y
 _5862_/Y
 _5863_/Y
 _5864_/X
 _5865_/X
 _5866_/X
 _5867_/X
 _5868_/Y
 _5869_/Y
 _5870_/X
 _5871_/X
 _5872_/X
 _5873_/X
 _5874_/X
 _5875_/X
 _5876_/Y
 _5877_/X
 _5878_/Y
 _5879_/Y
 _5880_/X
 _5881_/Y
 _5882_/Y
 _5883_/Y
 _5884_/X
 _5885_/X
 _5886_/Y
 _5887_/X
 _5888_/Y
 _5889_/X
 _5890_/Y
 _5891_/X
 _5892_/X
 _5893_/Y
 _5894_/X
 _5895_/Y
 _5896_/Y
 _5897_/X
 _5898_/X
 _5899_/X
 _5900_/Y
 _5901_/Y
 _5902_/X
 _5903_/Y
 _5904_/X
 _5905_/Y
 _5906_/Y
 _5907_/X
 _5908_/Y
 _5909_/X
 _5910_/X
 _5911_/X
 _5912_/Y
 _5913_/Y
 _5914_/Y
 _5915_/Y
 _5916_/X
 _5917_/X
 _5918_/Y
 _5919_/X
 _5920_/X
 _5921_/Y
 _5922_/X
 _5923_/Y
 _5924_/Y
 _5925_/X
 _5926_/X
 _5927_/Y
 _5928_/Y
 _5929_/Y
 _5930_/X
 _5931_/X
 _5932_/Y
 _5933_/X
 _5934_/X
 _5935_/X
 _5936_/X
 _5937_/Y
 _5938_/X
 _5939_/X
 _5940_/X
 _5941_/X
 _5942_/Y
 _5943_/X
 _5944_/Y
 _5945_/X
 _5946_/X
 _5947_/Y
 _5948_/Y
 _5949_/X
 _5950_/Y
 _5951_/Y
 _5952_/Y
 _5953_/X
 _5954_/Y
 _5955_/X
 _5956_/X
 _5957_/X
 _5958_/Y
 _5959_/X
 _5960_/X
 _5961_/Y
 _5962_/Y
 _5963_/Y
 _5964_/Y
 _5965_/Y
 _5966_/X
 _5967_/X
 _5968_/Y
 _5969_/Y
 _5970_/Y
 _5971_/Y
 _5972_/Y
 _5973_/Y
 _5974_/Y
 _5975_/X
 _5976_/Y
 _5977_/Y
 _5978_/X
 _5979_/Y
 _5980_/X
 _5981_/Y
 _5982_/X
 _5983_/Y
 _5984_/X
 _5985_/X
 _5986_/X
 _5987_/Y
 _5988_/Y
 _5989_/Y
 _5990_/X
 _5991_/X
 _5992_/Y
 _5993_/Y
 _5994_/X
 _5995_/Y
 _5996_/X
 _5997_/Y
 _5998_/Y
 _5999_/X
 _6000_/Y
 _6001_/Y
 _6002_/X
 _6003_/Y
 _6004_/Y
 _6005_/X
 _6006_/Y
 _6007_/X
 _6008_/Y
 _6009_/Y
 _6010_/Y
 _6011_/Y
 _6012_/Y
 _6013_/Y
 _6014_/X
 _6015_/Y
 _6016_/X
 _6017_/Y
 _6018_/Y
 _6019_/X
 _6020_/X
 _6021_/X
 _6022_/X
 _6023_/Y
 _6024_/Y
 _6025_/Y
 _6026_/Y
 _6027_/Y
 _6028_/X
 _6029_/X
 _6030_/Y
 _6031_/Y
 _6032_/Y
 _6033_/X
 _6034_/X
 _6035_/Y
 _6036_/Y
 _6037_/Y
 _6038_/X
 _6039_/Y
 _6040_/Y
 _6041_/X
 _6042_/Y
 _6043_/Y
 _6044_/Y
 _6045_/Y
 _6046_/Y
 _6047_/Y
 _6048_/Y
 _6049_/Y
 _6050_/Y
 _6051_/Y
 _6052_/Y
 _6053_/Y
 _6054_/Y
 _6055_/Y
 _6056_/Y
 _6057_/Y
 _6058_/Y
 _6059_/Y
 _6060_/Y
 _6061_/Y
 _6062_/X
 _6063_/X
 _6064_/X
 _6065_/Y
 _6066_/Y
 _6067_/Y
 _6068_/X
 _6069_/X
 _6070_/Y
 _6071_/Y
 _6072_/Y
 _6073_/X
 _6074_/Y
 _6075_/Y
 _6076_/Y
 _6077_/X
 _6078_/Y
 _6079_/X
 _6080_/Y
 _6081_/Y
 _6082_/Y
 _6083_/X
 _6084_/Y
 _6085_/X
 _6086_/X
 _6087_/Y
 _6088_/X
 _6089_/Y
 _6090_/X
 _6091_/Y
 _6092_/Y
 _6093_/X
 _6094_/X
 _6095_/Y
 _6096_/Y
 _6097_/Y
 _6098_/X
 _6099_/Y
 _6100_/X
 _6101_/Y
 _6102_/Y
 _6103_/Y
 _6104_/X
 _6105_/Y
 _6106_/Y
 _6107_/Y
 _6108_/X
 _6109_/Y
 _6110_/X
 _6111_/Y
 _6112_/Y
 _6113_/Y
 _6114_/X
 _6115_/Y
 _6116_/X
 _6117_/Y
 _6118_/Y
 _6119_/Y
 _6120_/X
 _6121_/Y
 _6122_/X
 _6123_/X
 _6124_/Y
 _6125_/Y
 _6126_/Y
 _6127_/X
 _6128_/X
 _6129_/X
 _6130_/Y
 _6131_/Y
 _6132_/X
 _6133_/Y
 _6134_/X
 _6135_/Y
 _6136_/Y
 _6137_/X
 _6138_/Y
 _6139_/X
 _6140_/X
 _6141_/Y
 _6142_/X
 _6143_/Y
 _6144_/Y
 _6145_/Y
 _6146_/Y
 _6147_/Y
 _6148_/Y
 _6149_/Y
 _6150_/X
 _6151_/Y
 _6152_/X
 _6153_/Y
 _6154_/X
 _6155_/X
 _6156_/X
 _6157_/X
 _6158_/X
 _6159_/X
 _6160_/Y
 _6161_/X
 _6162_/Y
 _6163_/Y
 _6164_/X
 _6165_/X
 _6166_/Y
 _6167_/X
 _6168_/X
 _6169_/X
 _6170_/Y
 _6171_/X
 _6172_/X
 _6173_/Y
 _6174_/Y
 _6175_/X
 _6176_/Y
 _6177_/X
 _6178_/Y
 _6179_/X
 _6180_/Y
 _6181_/Y
 _6182_/X
 _6183_/Y
 _6184_/Y
 _6185_/X
 _6186_/Y
 _6187_/Y
 _6188_/Y
 _6189_/X
 _6190_/X
 _6191_/X
 _6192_/X
 _6193_/X
 _6194_/X
 _6195_/X
 _6196_/Y
 _6197_/Y
 _6198_/X
 _6199_/X
 _6200_/X
 _6201_/Y
 _6202_/Y
 _6203_/X
 _6204_/X
 _6205_/Y
 _6206_/X
 _6207_/Y
 _6208_/Y
 _6209_/Y
 _6210_/Y
 _6211_/Y
 _6212_/X
 _6213_/Y
 _6214_/X
 _6215_/Y
 _6216_/Y
 _6217_/Y
 _6218_/Y
 _6219_/X
 _6220_/Y
 _6221_/X
 _6222_/X
 _6223_/X
 _6224_/X
 _6225_/X
 _6226_/X
 _6227_/X
 _6228_/X
 _6229_/X
 _6230_/X
 _6231_/X
 _6232_/X
 _6233_/Y
 _6234_/X
 _6235_/Y
 _6236_/Y
 _6237_/X
 _6238_/Y
 _6239_/X
 _6240_/X
 _6241_/X
 _6242_/Y
 _6243_/Y
 _6244_/Y
 _6245_/X
 _6246_/Y
 _6247_/X
 _6248_/X
 _6249_/X
 _6250_/X
 _6251_/Y
 _6252_/Y
 _6253_/X
 _6254_/X
 _6255_/Y
 _6256_/Y
 _6257_/X
 _6258_/Y
 _6259_/X
 _6260_/X
 _6261_/Y
 _6262_/Y
 _6263_/X
 _6264_/Y
 _6265_/Y
 _6266_/X
 _6267_/X
 _6268_/Y
 _6269_/X
 _6270_/X
 _6271_/Y
 _6272_/Y
 _6273_/Y
 _6274_/Y
 _6275_/X
 _6276_/X
 _6277_/X
 _6278_/Y
 _6279_/X
 _6280_/Y
 _6281_/X
 _6282_/X
 _6283_/Y
 _6284_/X
 _6285_/X
 _6286_/X
 _6287_/Y
 _6288_/Y
 _6289_/X
 _6290_/Y
 _6291_/Y
 _6292_/Y
 _6293_/X
 _6294_/Y
 _6295_/X
 _6296_/Y
 _6297_/Y
 _6298_/X
 _6299_/X
 _6300_/Y
 _6301_/X
 _6302_/X
 _6303_/Y
 _6304_/X
 _6305_/X
 _6306_/X
 _6307_/X
 _6308_/X
 _6309_/Y
 _6310_/X
 _6311_/Y
 _6312_/Y
 _6313_/Y
 _6314_/X
 _6315_/X
 _6316_/X
 _6317_/X
 _6318_/Y
 _6319_/X
 _6320_/Y
 _6321_/X
 _6322_/X
 _6323_/X
 _6324_/X
 _6325_/X
 _6326_/X
 _6327_/Y
 _6328_/Y
 _6329_/Y
 _6330_/X
 _6331_/Y
 _6332_/X
 _6333_/X
 _6334_/X
 _6335_/Y
 _6336_/X
 _6337_/Y
 _6338_/X
 _6339_/Y
 _6340_/X
 _6341_/Y
 _6342_/X
 _6343_/Y
 _6344_/X
 _6345_/X
 _6346_/X
 _6347_/Y
 _6348_/Y
 _6349_/Y
 _6350_/X
 _6351_/X
 _6352_/X
 _6353_/X
 _6354_/X
 _6355_/X
 _6356_/X
 _6357_/X
 _6358_/Y
 _6359_/X
 _6360_/X
 _6361_/X
 _6362_/X
 _6363_/Y
 _6364_/Y
 _6365_/Y
 _6366_/Y
 _6367_/Y
 _6368_/Y
 _6369_/Y
 _6370_/Y
 _6371_/Y
 _6372_/Y
 _6373_/X
 _6374_/X
 _6375_/Y
 _6376_/X
 _6377_/X
 _6378_/Y
 _6379_/Y
 _6380_/X
 _6381_/X
 _6382_/Y
 _6383_/X
 _6384_/X
 _6385_/X
 _6386_/X
 _6387_/X
 _6388_/Y
 _6389_/Y
 _6390_/Y
 _6391_/Y
 _6392_/Y
 _6393_/Y
 _6394_/X
 _6395_/X
 _6396_/X
 _6397_/X
 _6398_/Y
 _6399_/X
 _6400_/X
 _6401_/X
 _6402_/X
 _6403_/X
 _6404_/Y
 _6405_/X
 _6406_/X
 _6407_/X
 _6408_/X
 _6409_/X
 _6410_/X
 _6411_/X
 _6412_/Y
 _6413_/X
 _6414_/X
 _6415_/Y
 _6416_/X
 _6417_/X
 _6418_/Y
 _6419_/Y
 _6420_/Y
 _6421_/X
 _6422_/Y
 _6423_/X
 _6424_/X
 _6425_/Y
 _6426_/X
 _6427_/Y
 _6428_/X
 _6429_/X
 _6430_/Y
 _6431_/X
 _6432_/X
 _6433_/X
 _6434_/X
 _6435_/X
 _6436_/X
 _6437_/X
 _6438_/Y
 _6439_/Y
 _6440_/Y
 _6441_/Y
 _6442_/X
 _6443_/Y
 _6444_/X
 _6445_/X
 _6446_/Y
 _6447_/X
 _6448_/Y
 _6449_/X
 _6450_/Y
 _6451_/X
 _6452_/X
 _6453_/X
 _6454_/X
 _6455_/X
 _6456_/X
 _6457_/X
 _6458_/X
 _6459_/X
 _6460_/Y
 _6461_/X
 _6462_/X
 _6463_/Y
 _6464_/Y
 _6465_/X
 _6466_/Y
 _6467_/Y
 _6468_/X
 _6469_/Y
 _6470_/Y
 _6471_/X
 _6472_/X
 _6473_/X
 _6474_/X
 _6475_/X
 _6476_/Y
 _6477_/X
 _6478_/X
 _6479_/X
 _6480_/X
 _6481_/X
 _6482_/X
 _6483_/X
 _6484_/Y
 _6485_/Y
 _6486_/X
 _6487_/Y
 _6488_/X
 _6489_/X
 _6490_/X
 _6491_/X
 _6492_/X
 _6493_/X
 _6494_/X
 _6495_/X
 _6496_/X
 _6497_/X
 _6498_/X
 _6499_/X
 _6500_/X
 _6501_/X
 _6502_/X
 _6503_/X
 _6504_/X
 _6505_/X
 _6506_/Y
 _6507_/X
 _6508_/X
 _6509_/Y
 _6510_/X
 _6511_/X
 _6512_/X
 _6513_/X
 _6514_/X
 _6515_/Y
 _6516_/Y
 _6517_/Y
 _6518_/X
 _6519_/X
 _6520_/X
 _6521_/Y
 _6522_/Y
 _6523_/X
 _6524_/X
 _6525_/X
 _6526_/X
 _6527_/X
 _6528_/Y
 _6529_/Y
 _6530_/X
 _6531_/Y
 _6532_/Y
 _6533_/X
 _6534_/X
 _6535_/X
 _6536_/Y
 _6537_/X
 _6538_/X
 _6539_/X
 _6540_/X
 _6541_/Y
 _6542_/X
 _6543_/X
 _6544_/X
 _6545_/X
 _6546_/X
 _6547_/Y
 _6548_/Y
 _6549_/Y
 _6550_/Y
 _6551_/X
 _6552_/X
 _6553_/X
 _6554_/Y
 _6555_/X
 _6556_/Y
 _6557_/X
 _6558_/X
 _6559_/X
 _6560_/Y
 _6561_/Y
 _6562_/X
 _6563_/Y
 _6564_/X
 _6565_/Y
 _6566_/X
 _6567_/X
 _6568_/X
 _6569_/X
 _6570_/X
 _6571_/X
 _6572_/X
 _6573_/Y
 _6574_/X
 _6575_/X
 _6576_/X
 _6577_/X
 _6578_/X
 _6579_/X
 _6580_/X
 _6581_/X
 _6582_/X
 _6583_/Y
 _6584_/Y
 _6585_/X
 _6586_/Y
 _6587_/X
 _6588_/Y
 _6589_/X
 _6590_/X
 _6591_/X
 _6592_/X
 _6593_/X
 _6594_/X
 _6595_/Y
 _6596_/X
 _6597_/X
 _6598_/Y
 _6599_/Y
 _6600_/Y
 _6601_/Y
 _6602_/Y
 _6603_/Y
 _6604_/X
 _6605_/X
 _6606_/X
 _6607_/X
 _6608_/X
 _6609_/X
 _6610_/X
 _6611_/X
 _6612_/X
 _6613_/X
 _6614_/Y
 _6615_/X
 _6616_/Y
 _6617_/X
 _6618_/Y
 _6619_/Y
 _6620_/X
 _6621_/X
 _6622_/X
 _6623_/X
 _6624_/X
 _6625_/Y
 _6626_/X
 _6627_/X
 _6628_/X
 _6629_/X
 _6630_/Y
 _6631_/X
 _6632_/X
 _6633_/Y
 _6634_/X
 _6635_/Y
 _6636_/Y
 _6637_/X
 _6638_/Y
 _6639_/X
 _6640_/X
 _6641_/Y
 _6642_/X
 _6643_/Y
 _6644_/X
 _6645_/X
 _6646_/X
 _6647_/Y
 _6648_/X
 _6649_/X
 _6650_/X
 _6651_/Y
 _6652_/Y
 _6653_/X
 _6654_/X
 _6655_/Y
 _6656_/X
 _6657_/X
 _6658_/X
 _6659_/X
 _6660_/X
 _6661_/X
 _6662_/X
 _6663_/X
 _6664_/X
 _6665_/Y
 _6666_/X
 _6667_/X
 _6668_/Y
 _6669_/X
 _6670_/Y
 _6671_/X
 _6672_/X
 _6673_/X
 _6674_/X
 _6675_/X
 _6676_/X
 _6677_/Y
 _6678_/X
 _6679_/X
 _6680_/X
 _6681_/X
 _6682_/X
 _6683_/X
 _6684_/X
 _6685_/Y
 _6686_/X
 _6687_/Y
 _6688_/X
 _6689_/Y
 _6690_/X
 _6691_/X
 _6692_/X
 _6693_/Y
 _6694_/X
 _6695_/Y
 _6696_/X
 _6697_/X
 _6698_/X
 _6699_/X
 _6700_/Y
 _6701_/X
 _6702_/X
 _6703_/X
 _6704_/Y
 _6705_/Y
 _6706_/X
 _6707_/Y
 _6708_/X
 _6709_/Y
 _6710_/X
 _6711_/X
 _6712_/X
 _6713_/X
 _6714_/Y
 _6715_/Y
 _6716_/X
 _6717_/X
 _6718_/X
 _6719_/X
 _6720_/Y
 _6721_/X
 _6722_/Y
 _6723_/Y
 _6724_/Y
 _6725_/Y
 _6726_/Y
 _6727_/Y
 _6728_/X
 _6729_/Y
 _6730_/Y
 _6731_/Y
 _6732_/X
 _6733_/X
 _6734_/X
 _6735_/Y
 _6736_/X
 _6737_/X
 _6738_/X
 _6739_/X
 _6740_/Y
 _6741_/Y
 _6742_/Y
 _6743_/X
 _6744_/X
 _6745_/X
 _6746_/X
 _6747_/X
 _6748_/Y
 _6749_/X
 _6750_/Y
 _6751_/X
 _6752_/X
 _6753_/X
 _6754_/X
 _6755_/Y
 _6756_/X
 _6757_/X
 _6758_/Y
 _6759_/X
 _6760_/X
 _6761_/X
 _6762_/X
 _6763_/X
 _6764_/Y
 _6765_/Y
 _6766_/Y
 _6767_/Y
 _6768_/X
 _6769_/X
 _6770_/Y
 _6771_/X
 _6772_/Y
 _6773_/Y
 _6774_/X
 _6775_/X
 _6776_/X
 _6777_/X
 _6778_/X
 _6779_/X
 _6780_/X
 _6781_/X
 _6782_/X
 _6783_/X
 _6784_/Y
 _6785_/X
 _6786_/X
 _6787_/X
 _6788_/X
 _6789_/X
 _6790_/Y
 _6791_/Y
 _6792_/X
 _6793_/Y
 _6794_/Y
 _6795_/Y
 _6796_/Y
 _6797_/X
 _6798_/Y
 _6799_/X
 _6800_/X
 _6801_/X
 _6802_/X
 _6803_/X
 _6804_/X
 _6805_/X
 _6806_/X
 _6807_/Y
 _6808_/Y
 _6809_/Y
 _6810_/X
 _6811_/X
 _6812_/X
 _6813_/Y
 _6814_/X
 _6815_/X
 _6816_/X
 _6817_/Y
 _6818_/Y
 _6819_/X
 _6820_/X
 _6821_/X
 _6822_/X
 _6823_/Y
 _6824_/X
 _6825_/Y
 _6826_/X
 _6827_/Y
 _6828_/X
 _6829_/Y
 _6830_/Y
 _6831_/X
 _6832_/X
 _6833_/X
 _6834_/X
 _6835_/Y
 _6836_/X
 _6837_/X
 _6838_/X
 _6839_/X
 _6840_/Y
 _6841_/Y
 _6842_/Y
 _6843_/X
 _6844_/X
 _6845_/X
 _6846_/X
 _6847_/X
 _6848_/X
 _6849_/X
 _6850_/X
 _6851_/X
 _6852_/X
 _6853_/X
 _6854_/X
 _6855_/X
 _6856_/Y
 _6857_/Y
 _6858_/Y
 _6859_/Y
 _6860_/X
 _6861_/X
 _6862_/Y
 _6863_/X
 _6864_/Y
 _6865_/X
 _6866_/X
 _6867_/Y
 _6868_/X
 _6869_/X
 _6870_/Y
 _6871_/Y
 _6872_/Y
 _6873_/X
 _6874_/X
 _6875_/Y
 _6876_/X
 _6877_/X
 _6878_/Y
 _6879_/X
 _6880_/X
 _6881_/X
 _6882_/Y
 _6883_/X
 _6884_/X
 _6885_/X
 _6886_/Y
 _6887_/Y
 _6888_/X
 _6889_/Y
 _6890_/Y
 _6891_/X
 _6892_/X
 _6893_/X
 _6894_/X
 _6895_/X
 _6896_/X
 _6897_/X
 _6898_/X
 _6899_/X
 _6900_/X
 _6901_/X
 _6902_/Y
 _6903_/Y
 _6904_/X
 _6905_/Y
 _6906_/X
 _6907_/X
 _6908_/X
 _6909_/X
 _6910_/X
 _6911_/Y
 _6912_/X
 _6913_/X
 _6914_/X
 _6915_/X
 _6916_/X
 _6917_/Y
 _6918_/X
 _6919_/X
 _6920_/Y
 _6921_/X
 _6922_/Y
 _6923_/X
 _6924_/X
 _6925_/Y
 _6926_/X
 _6927_/X
 _6928_/Y
 _6929_/X
 _6930_/X
 _6931_/X
 _6932_/X
 _6933_/X
 _6934_/X
 _6935_/X
 _6936_/Y
 _6937_/X
 _6938_/X
 _6939_/X
 _6940_/Y
 _6941_/X
 _6942_/Y
 _6943_/X
 _6944_/X
 _6945_/X
 _6946_/X
 _6947_/Y
 _6948_/X
 _6949_/X
 _6950_/Y
 _6951_/X
 _6952_/Y
 _6953_/Y
 _6954_/X
 _6955_/Y
 _6956_/Y
 _6957_/Y
 _6958_/X
 _6959_/X
 _6960_/Y
 _6961_/Y
 _6962_/X
 _6963_/X
 _6964_/X
 _6965_/X
 _6966_/Y
 _6967_/X
 _6968_/X
 _6969_/Y
 _6970_/Y
 _6971_/X
 _6972_/X
 _6973_/Y
 _6974_/X
 _6975_/X
 _6976_/X
 _6977_/Y
 _6978_/X
 _6979_/Y
 _6980_/X
 _6981_/X
 _6982_/X
 _6983_/X
 _6984_/X
 _6985_/X
 _6986_/X
 _6987_/Y
 _6988_/X
 _6989_/X
 _6990_/X
 _6991_/X
 _6992_/Y
 _6993_/X
 _6994_/X
 _6995_/Y
 _6996_/X
 _6997_/X
 _6998_/X
 _6999_/Y
 _7000_/X
Found 0 partially unannotated drivers.

===========================================================================
max slew violation count 553
max fanout violation count 81
max cap violation count 5
============================================================================

===========================================================================
check_setup -verbose -unconstrained_endpoints -multiple_clock -no_clock -no_input_delay -loops -generated_clocks
===========================================================================
