Reading timing models for corner nom_tt_025C_1v80…
Reading timing library for the 'nom_tt_025C_1v80' corner at '/foss/pdks/ciel/sky130/versions/7b70722e33c03fcb5dabcf4d479fb0822d9251c9/sky130A/libs.ref/sky130_fd_sc_hd/lib/sky130_fd_sc_hd__tt_025C_1v80.lib'…
Reading OpenROAD database at '/foss/designs/alu32_openlane/runs/RUN_2026-05-28_05-26-24/21-openroad-generatepdn/alu32.odb'…
Reading design constraints file at '/usr/local/lib/python3.12/dist-packages/librelane/scripts/base.sdc'…
[WARNING STA-0366] port '__VIRTUAL_CLK__' not found.
[INFO] Using clock __VIRTUAL_CLK__…
[INFO] Setting output delay to: 2.0
[INFO] Setting input delay to: 2.0
[WARNING STA-0366] port '__VIRTUAL_CLK__' not found.
[INFO] Setting load to: 0.033442
[INFO] Setting clock uncertainty to: 0.25
[INFO] Setting clock transition to: 0.1499999999999999944488848768742172978818416595458984375
[WARNING STA-0419] transition time can not be specified for virtual clocks.
[INFO] Setting timing derate to: 5%
[WARNING STA-0450] virtual clock __VIRTUAL_CLK__ can not be propagated.
+ global_placement -density 0.5 -skip_io -pad_right 0 -pad_left 0 -init_wirelength_coef 0.25
[INFO GPL-0001] ---- Initialize GPL Main Data Structures
[INFO GPL-0002] DBU: 1000
[INFO GPL-0003] SiteSize: (  0.460  2.720 ) um
[INFO GPL-0004] CoreBBox: (  5.520 10.880 ) ( 281.980 285.600 ) um
[INFO GPL-0036] Movable instances area:      34423.014 um^2
[INFO GPL-0037] Total instances area:        36533.789 um^2
[INFO GPL-0035] Pin density area adjust:      2683.563 um^2
[INFO GPL-0032] ---- Initialize Region: Top-level
[INFO GPL-0006] Number of instances:              4801
[INFO GPL-0007] Movable instances:                3518
[INFO GPL-0008] Fixed instances:                  1283
[INFO GPL-0009] Dummy instances:                     0
[INFO GPL-0010] Number of nets:                   3586
[INFO GPL-0011] Number of pins:                  13965
[INFO GPL-0012] Die BBox:  (  0.000  0.000 ) ( 287.620 298.340 ) um
[INFO GPL-0013] Core BBox: (  5.520 10.880 ) ( 281.980 285.600 ) um
[INFO GPL-0016] Core area:                   75949.091 um^2
[INFO GPL-0014] Region name: top-level.
[INFO GPL-0015] Region area:                 75949.091 um^2
[INFO GPL-0017] Fixed instances area:         2110.774 um^2
[INFO GPL-0018] Movable instances area:      37106.578 um^2
[INFO GPL-0019] Utilization:                    50.254 %
[INFO GPL-0020] Standard cells area:         37106.578 um^2
[INFO GPL-0021] Large instances area:            0.000 um^2
[INFO GPL-0005] ---- Execute Conjugate Gradient Initial Placement.
[INFO GPL-0051] Source of initial instance position counters:
	Odb location = 0	Core center = 3518	Region center = 0
[INFO GPL-0033] ---- Initialize Nesterov Region: Top-level
[WARNING GPL-0302] Target density 0.5000 is too low for the available free area.
Automatically adjusting to uniform density 0.5100.
[INFO GPL-0023] Placement target density:       0.5100
[INFO GPL-0024] Movable insts average area:     10.548 um^2
[INFO GPL-0025] Ideal bin area:                 20.682 um^2
[INFO GPL-0026] Ideal bin count:                  3672
[INFO GPL-0027] Total bin area:              75949.091 um^2
[INFO GPL-0028] Bin count (X, Y):          32 ,     32
[INFO GPL-0029] Bin size (W * H):       8.639 *  8.585 um
[INFO GPL-0030] Number of bins:                   1024
[INFO GPL-0007] ---- Execute Nesterov Global Placement.
[INFO GPL-0031] HPWL: Half-Perimeter Wirelength
Iteration | Overflow |     HPWL (um) |  HPWL(%) |   Penalty | Group
---------------------------------------------------------------
        0 |   0.9957 |  1.015337e+04 |   +0.00% |  5.54e-15 |      
       10 |   0.9946 |  6.348575e+03 |  -37.47% |  9.03e-15 |      
       20 |   0.9936 |  6.297478e+03 |   -0.80% |  1.47e-14 |      
       30 |   0.9932 |  6.287574e+03 |   -0.16% |  2.40e-14 |      
       40 |   0.9933 |  6.286386e+03 |   -0.02% |  3.90e-14 |      
       50 |   0.9933 |  6.286315e+03 |   -0.00% |  6.36e-14 |      
       60 |   0.9932 |  6.285993e+03 |   -0.01% |  1.04e-13 |      
       70 |   0.9930 |  6.287403e+03 |   +0.02% |  1.69e-13 |      
       80 |   0.9927 |  6.290627e+03 |   +0.05% |  2.75e-13 |      
       90 |   0.9921 |  6.298223e+03 |   +0.12% |  4.47e-13 |      
      100 |   0.9918 |  6.317656e+03 |   +0.31% |  7.29e-13 |      
      110 |   0.9918 |  6.373342e+03 |   +0.88% |  1.19e-12 |      
      120 |   0.9918 |  6.597889e+03 |   +3.52% |  1.93e-12 |      
      130 |   0.9895 |  7.695462e+03 |  +16.64% |  3.15e-12 |      
      140 |   0.9781 |  1.138538e+04 |  +47.95% |  5.13e-12 |      
      150 |   0.9591 |  1.732683e+04 |  +52.18% |  8.35e-12 |      
      160 |   0.9356 |  2.236065e+04 |  +29.05% |  1.36e-11 |      
      170 |   0.9172 |  2.521524e+04 |  +12.77% |  2.21e-11 |      
      180 |   0.9020 |  2.902329e+04 |  +15.10% |  3.60e-11 |      
      190 |   0.8639 |  3.482675e+04 |  +20.00% |  5.87e-11 |      
      200 |   0.8180 |  3.944019e+04 |  +13.25% |  9.55e-11 |      
      210 |   0.7763 |  4.269852e+04 |   +8.26% |  1.55e-10 |      
      220 |   0.7360 |  4.662541e+04 |   +9.20% |  2.53e-10 |      
      230 |   0.6805 |  5.104071e+04 |   +9.47% |  4.12e-10 |      
      240 |   0.6311 |  5.464096e+04 |   +7.05% |  6.71e-10 |      
      250 |   0.5814 |  5.850556e+04 |   +7.07% |  1.09e-09 |      
      260 |   0.5279 |  6.210456e+04 |   +6.15% |  1.78e-09 |      
      270 |   0.4728 |  6.490940e+04 |   +4.52% |  2.90e-09 |      
      280 |   0.4097 |  6.706871e+04 |   +3.33% |  4.72e-09 |      
      290 |   0.3508 |  6.823593e+04 |   +1.74% |  7.68e-09 |      
      300 |   0.3266 |  6.954075e+04 |   +1.91% |  1.15e-08 |      
      310 |   0.2954 |  7.104955e+04 |   +2.17% |  1.70e-08 |      
      320 |   0.2652 |  7.195673e+04 |   +1.28% |  2.51e-08 |      
      330 |   0.2353 |  7.308172e+04 |   +1.56% |  3.69e-08 |      
      340 |   0.2042 |  7.349009e+04 |   +0.56% |  5.44e-08 |      
      350 |   0.1805 |  7.387937e+04 |   +0.53% |  8.01e-08 |      
      360 |   0.1561 |  7.419481e+04 |   +0.43% |  1.18e-07 |      
      370 |   0.1350 |  7.444290e+04 |   +0.33% |  1.74e-07 |      
      380 |   0.1184 |  7.460801e+04 |   +0.22% |  2.56e-07 |      
      390 |   0.1002 |  7.474152e+04 |   +0.18% |  3.77e-07 |      
      391 |   0.0980 |  7.475018e+04 |          |  4.08e-07 |      
---------------------------------------------------------------
[INFO GPL-1001] Global placement finished at iteration 391
[INFO GPL-1002] Placed Cell Area            37106.5778
[INFO GPL-1003] Available Free Area         73838.3168
[INFO GPL-1004] Minimum Feasible Density        0.5100 (cell_area / free_area)
[INFO GPL-1006]   Suggested Target Densities:
[INFO GPL-1007]     - For 90% usage of free space: 0.5584
[INFO GPL-1008]     - For 80% usage of free space: 0.6282
[INFO GPL-1014] Final placement area: 37106.58 (+0.00%)
Setting global connections for newly added cells…
[INFO] Setting global connections...
[INFO ODB-0403] 0 connections made, 0 conflicts skipped.
Updating metrics…
Cell type report:                       Count       Area
  Fill cell                               202     758.23
  Tap cell                               1081    1352.55
  Inverter                                 73     274.01
  Multi-Input combinational cell         3445   34149.00
  Total                                  4801   36533.79
Writing OpenROAD database to '/foss/designs/alu32_openlane/runs/RUN_2026-05-28_05-26-24/24-openroad-globalplacementskipio/alu32.odb'…
Writing netlist to '/foss/designs/alu32_openlane/runs/RUN_2026-05-28_05-26-24/24-openroad-globalplacementskipio/alu32.nl.v'…
Writing powered netlist to '/foss/designs/alu32_openlane/runs/RUN_2026-05-28_05-26-24/24-openroad-globalplacementskipio/alu32.pnl.v'…
Writing layout to '/foss/designs/alu32_openlane/runs/RUN_2026-05-28_05-26-24/24-openroad-globalplacementskipio/alu32.def'…
Writing timing constraints to '/foss/designs/alu32_openlane/runs/RUN_2026-05-28_05-26-24/24-openroad-globalplacementskipio/alu32.sdc'…
