
===========================================================================
 report_power
============================================================================
======================= Fastest Corner ===================================

Group                  Internal  Switching    Leakage      Total
                          Power      Power      Power      Power (Watts)
----------------------------------------------------------------
Sequential             1.94e-04   8.30e-06   5.13e-08   2.02e-04  11.1%
Combinational          4.50e-04   9.58e-04   1.82e-08   1.41e-03  77.4%
Clock                  1.34e-04   7.44e-05   4.74e-09   2.09e-04  11.5%
Macro                  0.00e+00   0.00e+00   0.00e+00   0.00e+00   0.0%
Pad                    0.00e+00   0.00e+00   0.00e+00   0.00e+00   0.0%
----------------------------------------------------------------
Total                  7.78e-04   1.04e-03   7.42e-08   1.82e-03 100.0%
                          42.8%      57.2%       0.0%

======================= Slowest Corner ===================================

Group                  Internal  Switching    Leakage      Total
                          Power      Power      Power      Power (Watts)
----------------------------------------------------------------
Sequential             1.29e-04   5.30e-06   6.89e-07   1.35e-04  10.7%
Combinational          3.36e-04   6.37e-04   1.05e-05   9.84e-04  77.9%
Clock                  9.64e-05   4.81e-05   1.31e-07   1.45e-04  11.5%
Macro                  0.00e+00   0.00e+00   0.00e+00   0.00e+00   0.0%
Pad                    0.00e+00   0.00e+00   0.00e+00   0.00e+00   0.0%
----------------------------------------------------------------
Total                  5.61e-04   6.91e-04   1.14e-05   1.26e-03 100.0%
                          44.4%      54.7%       0.9%

======================= Typical Corner ===================================

Group                  Internal  Switching    Leakage      Total
                          Power      Power      Power      Power (Watts)
----------------------------------------------------------------
Sequential             1.67e-04   6.87e-06   5.12e-08   1.74e-04  11.0%
Combinational          4.16e-04   8.10e-04   7.83e-09   1.23e-03  77.6%
Clock                  1.18e-04   6.23e-05   4.39e-09   1.80e-04  11.4%
Macro                  0.00e+00   0.00e+00   0.00e+00   0.00e+00   0.0%
Pad                    0.00e+00   0.00e+00   0.00e+00   0.00e+00   0.0%
----------------------------------------------------------------
Total                  7.00e-04   8.80e-04   6.34e-08   1.58e-03 100.0%
                          44.3%      55.7%       0.0%

