
===========================================================================
report_checks -unconstrained
===========================================================================
======================= Typical Corner ===================================

Startpoint: B[1] (input port clocked by __VIRTUAL_CLK__)
Endpoint: zero (output port clocked by __VIRTUAL_CLK__)
Path Group: __VIRTUAL_CLK__
Path Type: max

Fanout     Cap    Slew   Delay    Time   Description
-----------------------------------------------------------------------------
                  0.00    0.00    0.00   clock __VIRTUAL_CLK__ (rise edge)
                          0.00    0.00   clock network delay (ideal)
                          5.00    5.00 ^ input external delay
     5    0.02    0.11    0.08    5.08 ^ B[1] (in)
                                         B[1] (net)
                  0.11    0.00    5.08 ^ _4116_/A (sky130_fd_sc_hd__buf_1)
    10    0.06    0.72    0.59    5.68 ^ _4116_/X (sky130_fd_sc_hd__buf_1)
                                         _3021_ (net)
                  0.72    0.00    5.68 ^ _4117_/A (sky130_fd_sc_hd__buf_1)
    10    0.06    0.74    0.66    6.34 ^ _4117_/X (sky130_fd_sc_hd__buf_1)
                                         _3032_ (net)
                  0.74    0.01    6.35 ^ _4118_/A (sky130_fd_sc_hd__buf_1)
    10    0.05    0.56    0.53    6.88 ^ _4118_/X (sky130_fd_sc_hd__buf_1)
                                         _3043_ (net)
                  0.56    0.00    6.88 ^ _4198_/A (sky130_fd_sc_hd__buf_1)
    10    0.06    0.74    0.65    7.53 ^ _4198_/X (sky130_fd_sc_hd__buf_1)
                                         _3310_ (net)
                  0.74    0.01    7.54 ^ _4199_/A (sky130_fd_sc_hd__buf_1)
    10    0.04    0.46    0.46    8.00 ^ _4199_/X (sky130_fd_sc_hd__buf_1)
                                         _3311_ (net)
                  0.46    0.00    8.00 ^ _4200_/A (sky130_fd_sc_hd__buf_1)
    10    0.05    0.62    0.57    8.57 ^ _4200_/X (sky130_fd_sc_hd__buf_1)
                                         _3312_ (net)
                  0.62    0.00    8.57 ^ _4201_/A (sky130_fd_sc_hd__buf_1)
    10    0.05    0.56    0.54    9.11 ^ _4201_/X (sky130_fd_sc_hd__buf_1)
                                         _3313_ (net)
                  0.56    0.00    9.11 ^ _4202_/A (sky130_fd_sc_hd__buf_1)
    10    0.05    0.60    0.56    9.67 ^ _4202_/X (sky130_fd_sc_hd__buf_1)
                                         _3314_ (net)
                  0.60    0.00    9.67 ^ _4203_/S1 (sky130_fd_sc_hd__mux4_2)
     2    0.01    0.09    0.43   10.10 v _4203_/X (sky130_fd_sc_hd__mux4_2)
                                         _3315_ (net)
                  0.09    0.00   10.10 v _4484_/A0 (sky130_fd_sc_hd__mux4_2)
     1    0.01    0.09    0.51   10.61 v _4484_/X (sky130_fd_sc_hd__mux4_2)
                                         _3592_ (net)
                  0.09    0.00   10.61 v _4509_/A2 (sky130_fd_sc_hd__a2111o_2)
     1    0.00    0.07    0.51   11.12 v _4509_/X (sky130_fd_sc_hd__a2111o_2)
                                         _3617_ (net)
                  0.07    0.00   11.12 v _4510_/B1 (sky130_fd_sc_hd__a31o_2)
     2    0.04    0.11    0.32   11.44 v _4510_/X (sky130_fd_sc_hd__a31o_2)
                                         result[4] (net)
                  0.11    0.00   11.44 v _7696_/D (sky130_fd_sc_hd__or4_2)
     1    0.00    0.10    0.58   12.02 v _7696_/X (sky130_fd_sc_hd__or4_2)
                                         _3225_ (net)
                  0.10    0.00   12.02 v _7697_/D (sky130_fd_sc_hd__or4_2)
     1    0.00    0.10    0.57   12.60 v _7697_/X (sky130_fd_sc_hd__or4_2)
                                         _3226_ (net)
                  0.10    0.00   12.60 v _7698_/D (sky130_fd_sc_hd__or4_2)
     1    0.00    0.09    0.56   13.16 v _7698_/X (sky130_fd_sc_hd__or4_2)
                                         _3227_ (net)
                  0.09    0.00   13.16 v _7699_/C (sky130_fd_sc_hd__or3_2)
     1    0.00    0.07    0.43   13.59 v _7699_/X (sky130_fd_sc_hd__or3_2)
                                         _3229_ (net)
                  0.07    0.00   13.59 v _7700_/D (sky130_fd_sc_hd__or4_2)
     1    0.00    0.09    0.55   14.15 v _7700_/X (sky130_fd_sc_hd__or4_2)
                                         _3230_ (net)
                  0.09    0.00   14.15 v _7701_/D (sky130_fd_sc_hd__or4_2)
     1    0.01    0.12    0.61   14.76 v _7701_/X (sky130_fd_sc_hd__or4_2)
                                         _3231_ (net)
                  0.12    0.00   14.76 v _7702_/D (sky130_fd_sc_hd__or4_2)
     1    0.00    0.10    0.57   15.34 v _7702_/X (sky130_fd_sc_hd__or4_2)
                                         _3232_ (net)
                  0.10    0.00   15.34 v _7704_/C (sky130_fd_sc_hd__or4_2)
     1    0.01    0.12    0.68   16.02 v _7704_/X (sky130_fd_sc_hd__or4_2)
                                         _3234_ (net)
                  0.12    0.00   16.02 v _7706_/C (sky130_fd_sc_hd__nor4_2)
     1    0.01    0.31    0.34   16.36 ^ _7706_/Y (sky130_fd_sc_hd__nor4_2)
                                         _3236_ (net)
                  0.31    0.00   16.36 ^ _7707_/D_N (sky130_fd_sc_hd__nor4b_2)
     1    0.04    0.87    0.81   17.17 ^ _7707_/Y (sky130_fd_sc_hd__nor4b_2)
                                         zero (net)
                  0.87    0.00   17.17 ^ zero (out)
                                 17.17   data arrival time

                  0.00   25.00   25.00   clock __VIRTUAL_CLK__ (rise edge)
                          0.00   25.00   clock network delay (ideal)
                         -0.25   24.75   clock uncertainty
                          0.00   24.75   clock reconvergence pessimism
                         -5.00   19.75   output external delay
                                 19.75   data required time
-----------------------------------------------------------------------------
                                 19.75   data required time
                                -17.17   data arrival time
-----------------------------------------------------------------------------
                                  2.58   slack (MET)




===========================================================================
report_checks --slack_max -0.01
============================================================================
======================= Typical Corner ===================================

No paths found.


===========================================================================
 report_check_types -max_slew -max_cap -max_fanout -violators
============================================================================
======================= Typical Corner ===================================

max slew

Pin                                    Limit    Slew   Slack
------------------------------------------------------------
_4519_/B                                0.75    0.89   -0.14 (VIOLATED)
_4666_/B                                0.75    0.89   -0.14 (VIOLATED)
_4948_/A2                               0.75    0.89   -0.14 (VIOLATED)
_4958_/B                                0.75    0.89   -0.14 (VIOLATED)
_5161_/A                                0.75    0.89   -0.14 (VIOLATED)
_5248_/A                                0.75    0.89   -0.14 (VIOLATED)
_4087_/A                                0.75    0.89   -0.14 (VIOLATED)
_6505_/A                                0.75    0.89   -0.14 (VIOLATED)
_6371_/A                                0.75    0.89   -0.14 (VIOLATED)
_6215_/A                                0.75    0.89   -0.14 (VIOLATED)
_4086_/X                                0.75    0.89   -0.14 (VIOLATED)
zero                                    0.75    0.87   -0.12 (VIOLATED)
_7707_/Y                                0.75    0.87   -0.12 (VIOLATED)
_4710_/B                                0.75    0.87   -0.12 (VIOLATED)
_4866_/B                                0.75    0.87   -0.12 (VIOLATED)
_4947_/A2                               0.75    0.87   -0.12 (VIOLATED)
_5153_/A2                               0.75    0.87   -0.12 (VIOLATED)
_5240_/A2                               0.75    0.87   -0.12 (VIOLATED)
_4000_/A                                0.75    0.87   -0.12 (VIOLATED)
_7234_/A                                0.75    0.87   -0.12 (VIOLATED)
_7054_/A                                0.75    0.87   -0.12 (VIOLATED)
_6900_/A                                0.75    0.87   -0.12 (VIOLATED)
_6768_/A                                0.75    0.87   -0.12 (VIOLATED)
_3999_/X                                0.75    0.87   -0.12 (VIOLATED)
_4113_/A                                0.75    0.85   -0.10 (VIOLATED)
_4130_/B                                0.75    0.85   -0.10 (VIOLATED)
_4399_/B                                0.75    0.85   -0.10 (VIOLATED)
_4521_/D                                0.75    0.85   -0.10 (VIOLATED)
_4585_/C                                0.75    0.85   -0.10 (VIOLATED)
_4468_/D                                0.75    0.85   -0.10 (VIOLATED)
_4207_/A                                0.75    0.85   -0.10 (VIOLATED)
_6878_/B                                0.75    0.85   -0.10 (VIOLATED)
_6879_/A1                               0.75    0.85   -0.10 (VIOLATED)
_4112_/X                                0.75    0.85   -0.10 (VIOLATED)
_6634_/B                                0.75    0.85   -0.10 (VIOLATED)
_4503_/B                                0.75    0.83   -0.08 (VIOLATED)
_4188_/B                                0.75    0.83   -0.08 (VIOLATED)
_7684_/A2_N                             0.75    0.83   -0.08 (VIOLATED)
_4622_/A1                               0.75    0.83   -0.08 (VIOLATED)
_5304_/A                                0.75    0.83   -0.08 (VIOLATED)
_5520_/C                                0.75    0.83   -0.08 (VIOLATED)
_5121_/A                                0.75    0.83   -0.08 (VIOLATED)
_4918_/B2                               0.75    0.83   -0.08 (VIOLATED)
_4835_/A                                0.75    0.83   -0.08 (VIOLATED)
_4187_/Y                                0.75    0.83   -0.08 (VIOLATED)
_4185_/A                                0.75    0.83   -0.08 (VIOLATED)
_4546_/B                                0.75    0.83   -0.08 (VIOLATED)
_4090_/A2                               0.75    0.83   -0.08 (VIOLATED)
_4093_/B                                0.75    0.83   -0.08 (VIOLATED)
_4662_/B2                               0.75    0.83   -0.08 (VIOLATED)
_4238_/A                                0.75    0.83   -0.08 (VIOLATED)
_7392_/A                                0.75    0.83   -0.08 (VIOLATED)
_7393_/A1                               0.75    0.83   -0.08 (VIOLATED)
_7401_/A                                0.75    0.83   -0.08 (VIOLATED)
_7221_/A                                0.75    0.83   -0.08 (VIOLATED)
_4081_/X                                0.75    0.83   -0.08 (VIOLATED)
_4056_/A                                0.75    0.81   -0.06 (VIOLATED)
_4660_/A2                               0.75    0.81   -0.06 (VIOLATED)
_4659_/C                                0.75    0.81   -0.06 (VIOLATED)
_4863_/A2                               0.75    0.81   -0.06 (VIOLATED)
_4950_/A                                0.75    0.81   -0.06 (VIOLATED)
_7232_/A                                0.75    0.81   -0.06 (VIOLATED)
_7051_/A                                0.75    0.81   -0.06 (VIOLATED)
_6898_/B2                               0.75    0.81   -0.06 (VIOLATED)
_6897_/A                                0.75    0.81   -0.06 (VIOLATED)
_4055_/X                                0.75    0.81   -0.06 (VIOLATED)
_6766_/B2                               0.75    0.81   -0.06 (VIOLATED)
_7489_/A1                               0.75    0.81   -0.06 (VIOLATED)
_7490_/B                                0.75    0.81   -0.06 (VIOLATED)
_4223_/A                                0.75    0.81   -0.06 (VIOLATED)
_7312_/B                                0.75    0.81   -0.06 (VIOLATED)
_7143_/A                                0.75    0.81   -0.06 (VIOLATED)
_6730_/B                                0.75    0.81   -0.06 (VIOLATED)
_6602_/A                                0.75    0.81   -0.06 (VIOLATED)
_6727_/A1                               0.75    0.81   -0.06 (VIOLATED)
_4391_/A                                0.75    0.81   -0.06 (VIOLATED)
_4947_/A1                               0.75    0.81   -0.06 (VIOLATED)
_4222_/X                                0.75    0.81   -0.06 (VIOLATED)
_4127_/B                                0.75    0.79   -0.04 (VIOLATED)
_4450_/B                                0.75    0.79   -0.04 (VIOLATED)
_4521_/B                                0.75    0.79   -0.04 (VIOLATED)
_4585_/B                                0.75    0.79   -0.04 (VIOLATED)
_4468_/B                                0.75    0.79   -0.04 (VIOLATED)
_4103_/A                                0.75    0.79   -0.04 (VIOLATED)
_6879_/B2                               0.75    0.79   -0.04 (VIOLATED)
_4102_/X                                0.75    0.79   -0.04 (VIOLATED)
_6634_/A                                0.75    0.79   -0.04 (VIOLATED)
_6635_/B2                               0.75    0.79   -0.04 (VIOLATED)
_6746_/B2                               0.75    0.79   -0.04 (VIOLATED)
_4408_/B                                0.75    0.79   -0.04 (VIOLATED)
_7490_/A                                0.75    0.79   -0.04 (VIOLATED)
_7327_/A                                0.75    0.79   -0.04 (VIOLATED)
_4224_/A                                0.75    0.79   -0.04 (VIOLATED)
_7141_/A                                0.75    0.79   -0.04 (VIOLATED)
_7140_/A1                               0.75    0.79   -0.04 (VIOLATED)
_6806_/A                                0.75    0.79   -0.04 (VIOLATED)
_6444_/B2                               0.75    0.79   -0.04 (VIOLATED)
_6440_/A1                               0.75    0.79   -0.04 (VIOLATED)
_4114_/A1                               0.75    0.79   -0.04 (VIOLATED)
_4108_/X                                0.75    0.79   -0.04 (VIOLATED)
_4194_/A                                0.75    0.78   -0.03 (VIOLATED)
_6886_/A                                0.75    0.78   -0.03 (VIOLATED)
_6885_/A1                               0.75    0.78   -0.03 (VIOLATED)
_6753_/A1                               0.75    0.78   -0.03 (VIOLATED)
_6642_/A1                               0.75    0.78   -0.03 (VIOLATED)
_4176_/A                                0.75    0.78   -0.03 (VIOLATED)
_4124_/A_N                              0.75    0.78   -0.03 (VIOLATED)
_4243_/B                                0.75    0.78   -0.03 (VIOLATED)
_4475_/A1                               0.75    0.78   -0.03 (VIOLATED)
_4122_/X                                0.75    0.78   -0.03 (VIOLATED)
_4788_/B2                               0.75    0.78   -0.03 (VIOLATED)
_6788_/A                                0.75    0.78   -0.03 (VIOLATED)
_6480_/B2                               0.75    0.78   -0.03 (VIOLATED)
_6481_/A                                0.75    0.78   -0.03 (VIOLATED)
_6671_/A                                0.75    0.78   -0.03 (VIOLATED)
_6672_/A1                               0.75    0.78   -0.03 (VIOLATED)
_5818_/A2                               0.75    0.78   -0.03 (VIOLATED)
_5943_/B                                0.75    0.78   -0.03 (VIOLATED)
_4027_/A                                0.75    0.78   -0.03 (VIOLATED)
_5469_/B                                0.75    0.78   -0.03 (VIOLATED)
_4026_/X                                0.75    0.78   -0.03 (VIOLATED)
_5357_/A2                               0.75    0.78   -0.03 (VIOLATED)
_4782_/B                                0.75    0.78   -0.03 (VIOLATED)
_4949_/B                                0.75    0.78   -0.03 (VIOLATED)
_5041_/B                                0.75    0.78   -0.03 (VIOLATED)
_5155_/B                                0.75    0.78   -0.03 (VIOLATED)
_5242_/B                                0.75    0.78   -0.03 (VIOLATED)
_5344_/A2                               0.75    0.78   -0.03 (VIOLATED)
_6657_/A                                0.75    0.78   -0.03 (VIOLATED)
_6517_/A                                0.75    0.78   -0.03 (VIOLATED)
_3999_/A                                0.75    0.78   -0.03 (VIOLATED)
_3998_/X                                0.75    0.78   -0.03 (VIOLATED)
_6201_/A2                               0.75    0.78   -0.03 (VIOLATED)
_4177_/A                                0.75    0.77   -0.02 (VIOLATED)
_4301_/A                                0.75    0.77   -0.02 (VIOLATED)
_4133_/B                                0.75    0.77   -0.02 (VIOLATED)
_4582_/A                                0.75    0.77   -0.02 (VIOLATED)
_4782_/A                                0.75    0.77   -0.02 (VIOLATED)
_4937_/A1                               0.75    0.77   -0.02 (VIOLATED)
_4659_/B                                0.75    0.77   -0.02 (VIOLATED)
_4132_/X                                0.75    0.77   -0.02 (VIOLATED)
_4219_/A                                0.75    0.77   -0.02 (VIOLATED)
_6150_/B                                0.75    0.77   -0.02 (VIOLATED)
_6729_/A1                               0.75    0.77   -0.02 (VIOLATED)
_3967_/A                                0.75    0.77   -0.02 (VIOLATED)
_5122_/A                                0.75    0.77   -0.02 (VIOLATED)
_6667_/B2                               0.75    0.77   -0.02 (VIOLATED)
_6780_/B                                0.75    0.77   -0.02 (VIOLATED)
_6479_/A                                0.75    0.77   -0.02 (VIOLATED)
_5693_/B                                0.75    0.77   -0.02 (VIOLATED)
_6201_/A1                               0.75    0.77   -0.02 (VIOLATED)
_6079_/A                                0.75    0.77   -0.02 (VIOLATED)
_5564_/A2                               0.75    0.77   -0.02 (VIOLATED)
_5164_/A2                               0.75    0.77   -0.02 (VIOLATED)
_3966_/X                                0.75    0.77   -0.02 (VIOLATED)
_4095_/B                                0.75    0.75   -0.00 (VIOLATED)
_4786_/A                                0.75    0.75   -0.00 (VIOLATED)
_4714_/B                                0.75    0.75   -0.00 (VIOLATED)
_4778_/A2                               0.75    0.75   -0.00 (VIOLATED)
_4582_/B                                0.75    0.75   -0.00 (VIOLATED)
_4704_/A2                               0.75    0.75   -0.00 (VIOLATED)
_6888_/A                                0.75    0.75   -0.00 (VIOLATED)
_4088_/A                                0.75    0.75   -0.00 (VIOLATED)
_4087_/X                                0.75    0.75   -0.00 (VIOLATED)
_6645_/A                                0.75    0.75   -0.00 (VIOLATED)
_6756_/A                                0.75    0.75   -0.00 (VIOLATED)


max slew violations count Typical: 166
max fanout violations count Typical: 0
max cap violations count Typical: 0

===========================================================================
report_parasitic_annotation -report_unannotated
============================================================================
Found 0 unannotated drivers.
Found 0 partially unannotated drivers.

===========================================================================
max slew violation count 166
max fanout violation count 0
max cap violation count 0
============================================================================

===========================================================================
check_setup -verbose -unconstrained_endpoints -multiple_clock -no_clock -no_input_delay -loops -generated_clocks
===========================================================================
