
===========================================================================
report_checks -path_delay min (Hold)
============================================================================
======================= Typical Corner ===================================

Startpoint: B[31] (input port clocked by __VIRTUAL_CLK__)
Endpoint: carry (output port clocked by __VIRTUAL_CLK__)
Path Group: __VIRTUAL_CLK__
Path Type: min

Fanout     Cap    Slew   Delay    Time   Description
-----------------------------------------------------------------------------
                  0.00    0.00    0.00   clock __VIRTUAL_CLK__ (rise edge)
                          0.00    0.00   clock network delay (ideal)
                          5.00    5.00 ^ input external delay
     5    0.02    0.10    0.07    5.07 ^ B[31] (in)
                                         B[31] (net)
                  0.10    0.00    5.07 ^ _7682_/B (sky130_fd_sc_hd__or2_2)
     3    0.01    0.06    0.13    5.20 ^ _7682_/X (sky130_fd_sc_hd__or2_2)
                                         _3211_ (net)
                  0.06    0.00    5.20 ^ _7720_/A2 (sky130_fd_sc_hd__a31o_2)
     1    0.04    0.21    0.26    5.46 ^ _7720_/X (sky130_fd_sc_hd__a31o_2)
                                         carry (net)
                  0.21    0.00    5.47 ^ carry (out)
                                  5.47   data arrival time

                  0.00    0.00    0.00   clock __VIRTUAL_CLK__ (rise edge)
                          0.00    0.00   clock network delay (ideal)
                          0.25    0.25   clock uncertainty
                          0.00    0.25   clock reconvergence pessimism
                         -5.00   -4.75   output external delay
                                 -4.75   data required time
-----------------------------------------------------------------------------
                                 -4.75   data required time
                                 -5.47   data arrival time
-----------------------------------------------------------------------------
                                 10.22   slack (MET)


Startpoint: opcode[3] (input port clocked by __VIRTUAL_CLK__)
Endpoint: result[3] (output port clocked by __VIRTUAL_CLK__)
Path Group: __VIRTUAL_CLK__
Path Type: min

Fanout     Cap    Slew   Delay    Time   Description
-----------------------------------------------------------------------------
                  0.00    0.00    0.00   clock __VIRTUAL_CLK__ (rise edge)
                          0.00    0.00   clock network delay (ideal)
                          5.00    5.00 v input external delay
     7    0.02    0.05    0.03    5.03 v opcode[3] (in)
                                         opcode[3] (net)
                  0.05    0.00    5.03 v _4186_/B (sky130_fd_sc_hd__nand2b_2)
     5    0.02    0.13    0.12    5.15 ^ _4186_/Y (sky130_fd_sc_hd__nand2b_2)
                                         _3298_ (net)
                  0.13    0.00    5.15 ^ _4300_/A (sky130_fd_sc_hd__or2_2)
     3    0.01    0.07    0.15    5.30 ^ _4300_/X (sky130_fd_sc_hd__or2_2)
                                         _3411_ (net)
                  0.07    0.00    5.30 ^ _4465_/A1 (sky130_fd_sc_hd__o31ai_2)
     2    0.04    0.15    0.17    5.47 v _4465_/Y (sky130_fd_sc_hd__o31ai_2)
                                         result[3] (net)
                  0.15    0.00    5.47 v result[3] (out)
                                  5.47   data arrival time

                  0.00    0.00    0.00   clock __VIRTUAL_CLK__ (rise edge)
                          0.00    0.00   clock network delay (ideal)
                          0.25    0.25   clock uncertainty
                          0.00    0.25   clock reconvergence pessimism
                         -5.00   -4.75   output external delay
                                 -4.75   data required time
-----------------------------------------------------------------------------
                                 -4.75   data required time
                                 -5.47   data arrival time
-----------------------------------------------------------------------------
                                 10.22   slack (MET)


Startpoint: opcode[3] (input port clocked by __VIRTUAL_CLK__)
Endpoint: result[0] (output port clocked by __VIRTUAL_CLK__)
Path Group: __VIRTUAL_CLK__
Path Type: min

Fanout     Cap    Slew   Delay    Time   Description
-----------------------------------------------------------------------------
                  0.00    0.00    0.00   clock __VIRTUAL_CLK__ (rise edge)
                          0.00    0.00   clock network delay (ideal)
                          5.00    5.00 v input external delay
     7    0.02    0.05    0.03    5.03 v opcode[3] (in)
                                         opcode[3] (net)
                  0.05    0.00    5.03 v _3843_/A (sky130_fd_sc_hd__buf_1)
    10    0.03    0.17    0.19    5.22 v _3843_/X (sky130_fd_sc_hd__buf_1)
                                         _0039_ (net)
                  0.17    0.00    5.22 v _4288_/B (sky130_fd_sc_hd__nand2_2)
     1    0.00    0.06    0.10    5.32 ^ _4288_/Y (sky130_fd_sc_hd__nand2_2)
                                         _3400_ (net)
                  0.06    0.00    5.32 ^ _4289_/B1 (sky130_fd_sc_hd__o31a_2)
     2    0.04    0.23    0.26    5.59 ^ _4289_/X (sky130_fd_sc_hd__o31a_2)
                                         result[0] (net)
                  0.23    0.00    5.59 ^ result[0] (out)
                                  5.59   data arrival time

                  0.00    0.00    0.00   clock __VIRTUAL_CLK__ (rise edge)
                          0.00    0.00   clock network delay (ideal)
                          0.25    0.25   clock uncertainty
                          0.00    0.25   clock reconvergence pessimism
                         -5.00   -4.75   output external delay
                                 -4.75   data required time
-----------------------------------------------------------------------------
                                 -4.75   data required time
                                 -5.59   data arrival time
-----------------------------------------------------------------------------
                                 10.34   slack (MET)


Startpoint: B[31] (input port clocked by __VIRTUAL_CLK__)
Endpoint: overflow (output port clocked by __VIRTUAL_CLK__)
Path Group: __VIRTUAL_CLK__
Path Type: min

Fanout     Cap    Slew   Delay    Time   Description
-----------------------------------------------------------------------------
                  0.00    0.00    0.00   clock __VIRTUAL_CLK__ (rise edge)
                          0.00    0.00   clock network delay (ideal)
                          5.00    5.00 ^ input external delay
     5    0.02    0.10    0.07    5.07 ^ B[31] (in)
                                         B[31] (net)
                  0.10    0.00    5.07 ^ _3873_/B (sky130_fd_sc_hd__and2b_2)
     5    0.02    0.10    0.19    5.26 ^ _3873_/X (sky130_fd_sc_hd__and2b_2)
                                         _0366_ (net)
                  0.10    0.00    5.26 ^ _7713_/B1 (sky130_fd_sc_hd__a31o_2)
     1    0.00    0.03    0.10    5.35 ^ _7713_/X (sky130_fd_sc_hd__a31o_2)
                                         _3243_ (net)
                  0.03    0.00    5.35 ^ _7715_/B1 (sky130_fd_sc_hd__a2bb2o_2)
     1    0.04    0.19    0.25    5.61 ^ _7715_/X (sky130_fd_sc_hd__a2bb2o_2)
                                         overflow (net)
                  0.19    0.00    5.61 ^ overflow (out)
                                  5.61   data arrival time

                  0.00    0.00    0.00   clock __VIRTUAL_CLK__ (rise edge)
                          0.00    0.00   clock network delay (ideal)
                          0.25    0.25   clock uncertainty
                          0.00    0.25   clock reconvergence pessimism
                         -5.00   -4.75   output external delay
                                 -4.75   data required time
-----------------------------------------------------------------------------
                                 -4.75   data required time
                                 -5.61   data arrival time
-----------------------------------------------------------------------------
                                 10.36   slack (MET)


Startpoint: A[30] (input port clocked by __VIRTUAL_CLK__)
Endpoint: result[30] (output port clocked by __VIRTUAL_CLK__)
Path Group: __VIRTUAL_CLK__
Path Type: min

Fanout     Cap    Slew   Delay    Time   Description
-----------------------------------------------------------------------------
                  0.00    0.00    0.00   clock __VIRTUAL_CLK__ (rise edge)
                          0.00    0.00   clock network delay (ideal)
                          5.00    5.00 ^ input external delay
     8    0.03    0.14    0.09    5.09 ^ A[30] (in)
                                         A[30] (net)
                  0.14    0.00    5.09 ^ _7367_/A1 (sky130_fd_sc_hd__o221a_2)
     1    0.00    0.04    0.19    5.28 ^ _7367_/X (sky130_fd_sc_hd__o221a_2)
                                         _2865_ (net)
                  0.04    0.00    5.28 ^ _7373_/B (sky130_fd_sc_hd__and3_2)
     1    0.01    0.06    0.16    5.45 ^ _7373_/X (sky130_fd_sc_hd__and3_2)
                                         _2872_ (net)
                  0.06    0.00    5.45 ^ _7543_/B (sky130_fd_sc_hd__nand3_2)
     2    0.04    0.25    0.21    5.65 v _7543_/Y (sky130_fd_sc_hd__nand3_2)
                                         result[30] (net)
                  0.25    0.00    5.66 v result[30] (out)
                                  5.66   data arrival time

                  0.00    0.00    0.00   clock __VIRTUAL_CLK__ (rise edge)
                          0.00    0.00   clock network delay (ideal)
                          0.25    0.25   clock uncertainty
                          0.00    0.25   clock reconvergence pessimism
                         -5.00   -4.75   output external delay
                                 -4.75   data required time
-----------------------------------------------------------------------------
                                 -4.75   data required time
                                 -5.66   data arrival time
-----------------------------------------------------------------------------
                                 10.41   slack (MET)


Startpoint: A[9] (input port clocked by __VIRTUAL_CLK__)
Endpoint: result[9] (output port clocked by __VIRTUAL_CLK__)
Path Group: __VIRTUAL_CLK__
Path Type: min

Fanout     Cap    Slew   Delay    Time   Description
-----------------------------------------------------------------------------
                  0.00    0.00    0.00   clock __VIRTUAL_CLK__ (rise edge)
                          0.00    0.00   clock network delay (ideal)
                          5.00    5.00 v input external delay
     9    0.03    0.06    0.04    5.04 v A[9] (in)
                                         A[9] (net)
                  0.06    0.00    5.04 v _4829_/A (sky130_fd_sc_hd__nand2_2)
     4    0.03    0.14    0.13    5.17 ^ _4829_/Y (sky130_fd_sc_hd__nand2_2)
                                         _0095_ (net)
                  0.14    0.00    5.17 ^ _4847_/A2 (sky130_fd_sc_hd__o211a_2)
     1    0.01    0.05    0.18    5.36 ^ _4847_/X (sky130_fd_sc_hd__o211a_2)
                                         _0114_ (net)
                  0.05    0.00    5.36 ^ _4848_/C1 (sky130_fd_sc_hd__o221a_2)
     1    0.01    0.06    0.17    5.53 ^ _4848_/X (sky130_fd_sc_hd__o221a_2)
                                         _0115_ (net)
                  0.06    0.00    5.53 ^ _4849_/B1 (sky130_fd_sc_hd__o21ai_2)
     2    0.04    0.15    0.13    5.66 v _4849_/Y (sky130_fd_sc_hd__o21ai_2)
                                         result[9] (net)
                  0.15    0.00    5.66 v result[9] (out)
                                  5.66   data arrival time

                  0.00    0.00    0.00   clock __VIRTUAL_CLK__ (rise edge)
                          0.00    0.00   clock network delay (ideal)
                          0.25    0.25   clock uncertainty
                          0.00    0.25   clock reconvergence pessimism
                         -5.00   -4.75   output external delay
                                 -4.75   data required time
-----------------------------------------------------------------------------
                                 -4.75   data required time
                                 -5.66   data arrival time
-----------------------------------------------------------------------------
                                 10.41   slack (MET)


Startpoint: B[28] (input port clocked by __VIRTUAL_CLK__)
Endpoint: result[29] (output port clocked by __VIRTUAL_CLK__)
Path Group: __VIRTUAL_CLK__
Path Type: min

Fanout     Cap    Slew   Delay    Time   Description
-----------------------------------------------------------------------------
                  0.00    0.00    0.00   clock __VIRTUAL_CLK__ (rise edge)
                          0.00    0.00   clock network delay (ideal)
                          5.00    5.00 v input external delay
    10    0.04    0.08    0.05    5.05 v B[28] (in)
                                         B[28] (net)
                  0.08    0.00    5.05 v _3847_/A (sky130_fd_sc_hd__inv_2)
     5    0.03    0.14    0.13    5.19 ^ _3847_/Y (sky130_fd_sc_hd__inv_2)
                                         _0083_ (net)
                  0.14    0.00    5.19 ^ _7192_/B (sky130_fd_sc_hd__nand2_2)
     2    0.01    0.05    0.07    5.26 v _7192_/Y (sky130_fd_sc_hd__nand2_2)
                                         _2674_ (net)
                  0.05    0.00    5.26 v _7194_/A1 (sky130_fd_sc_hd__a21oi_2)
     1    0.00    0.06    0.09    5.35 ^ _7194_/Y (sky130_fd_sc_hd__a21oi_2)
                                         _2676_ (net)
                  0.06    0.00    5.35 ^ _7195_/C (sky130_fd_sc_hd__or3_2)
     1    0.01    0.04    0.11    5.46 ^ _7195_/X (sky130_fd_sc_hd__or3_2)
                                         _2677_ (net)
                  0.04    0.00    5.46 ^ _7359_/A (sky130_fd_sc_hd__nand4_2)
     2    0.04    0.33    0.25    5.70 v _7359_/Y (sky130_fd_sc_hd__nand4_2)
                                         result[29] (net)
                  0.33    0.00    5.70 v result[29] (out)
                                  5.70   data arrival time

                  0.00    0.00    0.00   clock __VIRTUAL_CLK__ (rise edge)
                          0.00    0.00   clock network delay (ideal)
                          0.25    0.25   clock uncertainty
                          0.00    0.25   clock reconvergence pessimism
                         -5.00   -4.75   output external delay
                                 -4.75   data required time
-----------------------------------------------------------------------------
                                 -4.75   data required time
                                 -5.70   data arrival time
-----------------------------------------------------------------------------
                                 10.45   slack (MET)


Startpoint: B[12] (input port clocked by __VIRTUAL_CLK__)
Endpoint: result[13] (output port clocked by __VIRTUAL_CLK__)
Path Group: __VIRTUAL_CLK__
Path Type: min

Fanout     Cap    Slew   Delay    Time   Description
-----------------------------------------------------------------------------
                  0.00    0.00    0.00   clock __VIRTUAL_CLK__ (rise edge)
                          0.00    0.00   clock network delay (ideal)
                          5.00    5.00 v input external delay
     8    0.03    0.07    0.05    5.05 v B[12] (in)
                                         B[12] (net)
                  0.07    0.00    5.05 v _4020_/A (sky130_fd_sc_hd__inv_2)
     8    0.03    0.14    0.13    5.17 ^ _4020_/Y (sky130_fd_sc_hd__inv_2)
                                         _1971_ (net)
                  0.14    0.00    5.18 ^ _4023_/B (sky130_fd_sc_hd__and2_2)
     2    0.01    0.06    0.16    5.34 ^ _4023_/X (sky130_fd_sc_hd__and2_2)
                                         _2003_ (net)
                  0.06    0.00    5.34 ^ _5110_/A (sky130_fd_sc_hd__nor2_2)
     1    0.01    0.03    0.05    5.39 v _5110_/Y (sky130_fd_sc_hd__nor2_2)
                                         _0400_ (net)
                  0.03    0.00    5.39 v _5111_/B (sky130_fd_sc_hd__xnor2_2)
     1    0.01    0.06    0.14    5.52 ^ _5111_/Y (sky130_fd_sc_hd__xnor2_2)
                                         _0401_ (net)
                  0.06    0.00    5.52 ^ _5209_/A2 (sky130_fd_sc_hd__a211o_2)
     2    0.04    0.18    0.23    5.75 ^ _5209_/X (sky130_fd_sc_hd__a211o_2)
                                         result[13] (net)
                  0.18    0.00    5.75 ^ result[13] (out)
                                  5.75   data arrival time

                  0.00    0.00    0.00   clock __VIRTUAL_CLK__ (rise edge)
                          0.00    0.00   clock network delay (ideal)
                          0.25    0.25   clock uncertainty
                          0.00    0.25   clock reconvergence pessimism
                         -5.00   -4.75   output external delay
                                 -4.75   data required time
-----------------------------------------------------------------------------
                                 -4.75   data required time
                                 -5.75   data arrival time
-----------------------------------------------------------------------------
                                 10.50   slack (MET)


Startpoint: opcode[0] (input port clocked by __VIRTUAL_CLK__)
Endpoint: result[6] (output port clocked by __VIRTUAL_CLK__)
Path Group: __VIRTUAL_CLK__
Path Type: min

Fanout     Cap    Slew   Delay    Time   Description
-----------------------------------------------------------------------------
                  0.00    0.00    0.00   clock __VIRTUAL_CLK__ (rise edge)
                          0.00    0.00   clock network delay (ideal)
                          5.00    5.00 v input external delay
     9    0.03    0.06    0.04    5.04 v opcode[0] (in)
                                         opcode[0] (net)
                  0.06    0.00    5.04 v _4182_/B_N (sky130_fd_sc_hd__or2b_2)
     4    0.02    0.08    0.19    5.23 ^ _4182_/X (sky130_fd_sc_hd__or2b_2)
                                         _3294_ (net)
                  0.08    0.00    5.23 ^ _4498_/C (sky130_fd_sc_hd__or3_2)
     6    0.03    0.16    0.20    5.43 ^ _4498_/X (sky130_fd_sc_hd__or3_2)
                                         _3606_ (net)
                  0.16    0.00    5.43 ^ _4574_/A (sky130_fd_sc_hd__nor2_2)
     1    0.00    0.03    0.05    5.49 v _4574_/Y (sky130_fd_sc_hd__nor2_2)
                                         _3680_ (net)
                  0.03    0.00    5.49 v _4630_/A2 (sky130_fd_sc_hd__a21o_2)
     2    0.04    0.11    0.27    5.76 v _4630_/X (sky130_fd_sc_hd__a21o_2)
                                         result[6] (net)
                  0.11    0.00    5.76 v result[6] (out)
                                  5.76   data arrival time

                  0.00    0.00    0.00   clock __VIRTUAL_CLK__ (rise edge)
                          0.00    0.00   clock network delay (ideal)
                          0.25    0.25   clock uncertainty
                          0.00    0.25   clock reconvergence pessimism
                         -5.00   -4.75   output external delay
                                 -4.75   data required time
-----------------------------------------------------------------------------
                                 -4.75   data required time
                                 -5.76   data arrival time
-----------------------------------------------------------------------------
                                 10.51   slack (MET)


Startpoint: A[7] (input port clocked by __VIRTUAL_CLK__)
Endpoint: result[8] (output port clocked by __VIRTUAL_CLK__)
Path Group: __VIRTUAL_CLK__
Path Type: min

Fanout     Cap    Slew   Delay    Time   Description
-----------------------------------------------------------------------------
                  0.00    0.00    0.00   clock __VIRTUAL_CLK__ (rise edge)
                          0.00    0.00   clock network delay (ideal)
                          5.00    5.00 v input external delay
     6    0.02    0.05    0.03    5.03 v A[7] (in)
                                         A[7] (net)
                  0.05    0.00    5.03 v _4644_/A (sky130_fd_sc_hd__nand2_2)
     8    0.05    0.27    0.21    5.25 ^ _4644_/Y (sky130_fd_sc_hd__nand2_2)
                                         _3749_ (net)
                  0.27    0.00    5.25 ^ _4765_/A2 (sky130_fd_sc_hd__a21oi_2)
     3    0.01    0.05    0.12    5.37 v _4765_/Y (sky130_fd_sc_hd__a21oi_2)
                                         _0026_ (net)
                  0.05    0.00    5.37 v _4767_/A (sky130_fd_sc_hd__nor2_2)
     1    0.00    0.06    0.09    5.46 ^ _4767_/Y (sky130_fd_sc_hd__nor2_2)
                                         _0028_ (net)
                  0.06    0.00    5.46 ^ _4768_/C1 (sky130_fd_sc_hd__a211o_2)
     1    0.01    0.04    0.10    5.55 ^ _4768_/X (sky130_fd_sc_hd__a211o_2)
                                         _0029_ (net)
                  0.04    0.00    5.55 ^ _4769_/B1 (sky130_fd_sc_hd__a31o_2)
     2    0.04    0.22    0.21    5.76 ^ _4769_/X (sky130_fd_sc_hd__a31o_2)
                                         result[8] (net)
                  0.22    0.00    5.76 ^ result[8] (out)
                                  5.76   data arrival time

                  0.00    0.00    0.00   clock __VIRTUAL_CLK__ (rise edge)
                          0.00    0.00   clock network delay (ideal)
                          0.25    0.25   clock uncertainty
                          0.00    0.25   clock reconvergence pessimism
                         -5.00   -4.75   output external delay
                                 -4.75   data required time
-----------------------------------------------------------------------------
                                 -4.75   data required time
                                 -5.76   data arrival time
-----------------------------------------------------------------------------
                                 10.51   slack (MET)


Startpoint: A[9] (input port clocked by __VIRTUAL_CLK__)
Endpoint: result[11] (output port clocked by __VIRTUAL_CLK__)
Path Group: __VIRTUAL_CLK__
Path Type: min

Fanout     Cap    Slew   Delay    Time   Description
-----------------------------------------------------------------------------
                  0.00    0.00    0.00   clock __VIRTUAL_CLK__ (rise edge)
                          0.00    0.00   clock network delay (ideal)
                          5.00    5.00 v input external delay
     9    0.03    0.06    0.04    5.04 v A[9] (in)
                                         A[9] (net)
                  0.06    0.00    5.04 v _4829_/A (sky130_fd_sc_hd__nand2_2)
     4    0.03    0.14    0.13    5.17 ^ _4829_/Y (sky130_fd_sc_hd__nand2_2)
                                         _0095_ (net)
                  0.14    0.00    5.17 ^ _4910_/A2 (sky130_fd_sc_hd__a21o_2)
     3    0.01    0.06    0.16    5.34 ^ _4910_/X (sky130_fd_sc_hd__a21o_2)
                                         _0183_ (net)
                  0.06    0.00    5.34 ^ _4911_/A2 (sky130_fd_sc_hd__a21o_2)
     3    0.01    0.07    0.15    5.48 ^ _4911_/X (sky130_fd_sc_hd__a21o_2)
                                         _0184_ (net)
                  0.07    0.00    5.48 ^ _4931_/A3 (sky130_fd_sc_hd__a31o_2)
     1    0.01    0.05    0.15    5.64 ^ _4931_/X (sky130_fd_sc_hd__a31o_2)
                                         _0205_ (net)
                  0.05    0.00    5.64 ^ _5016_/A2 (sky130_fd_sc_hd__o21ai_2)
     2    0.04    0.15    0.13    5.77 v _5016_/Y (sky130_fd_sc_hd__o21ai_2)
                                         result[11] (net)
                  0.15    0.00    5.77 v result[11] (out)
                                  5.77   data arrival time

                  0.00    0.00    0.00   clock __VIRTUAL_CLK__ (rise edge)
                          0.00    0.00   clock network delay (ideal)
                          0.25    0.25   clock uncertainty
                          0.00    0.25   clock reconvergence pessimism
                         -5.00   -4.75   output external delay
                                 -4.75   data required time
-----------------------------------------------------------------------------
                                 -4.75   data required time
                                 -5.77   data arrival time
-----------------------------------------------------------------------------
                                 10.52   slack (MET)


Startpoint: opcode[0] (input port clocked by __VIRTUAL_CLK__)
Endpoint: result[12] (output port clocked by __VIRTUAL_CLK__)
Path Group: __VIRTUAL_CLK__
Path Type: min

Fanout     Cap    Slew   Delay    Time   Description
-----------------------------------------------------------------------------
                  0.00    0.00    0.00   clock __VIRTUAL_CLK__ (rise edge)
                          0.00    0.00   clock network delay (ideal)
                          5.00    5.00 v input external delay
     9    0.03    0.06    0.04    5.04 v opcode[0] (in)
                                         opcode[0] (net)
                  0.06    0.00    5.04 v _4249_/A (sky130_fd_sc_hd__nand2_2)
     4    0.01    0.08    0.09    5.13 ^ _4249_/Y (sky130_fd_sc_hd__nand2_2)
                                         _3361_ (net)
                  0.08    0.00    5.13 ^ _4250_/C (sky130_fd_sc_hd__nor3_2)
     9    0.04    0.10    0.10    5.23 v _4250_/Y (sky130_fd_sc_hd__nor3_2)
                                         _3362_ (net)
                  0.10    0.00    5.23 v _5090_/B (sky130_fd_sc_hd__nand2_2)
     1    0.00    0.03    0.08    5.31 ^ _5090_/Y (sky130_fd_sc_hd__nand2_2)
                                         _0379_ (net)
                  0.03    0.00    5.31 ^ _5091_/C1 (sky130_fd_sc_hd__o221a_2)
     1    0.01    0.06    0.17    5.48 ^ _5091_/X (sky130_fd_sc_hd__o221a_2)
                                         _0380_ (net)
                  0.06    0.00    5.48 ^ _5108_/B1 (sky130_fd_sc_hd__o211a_2)
     1    0.00    0.05    0.17    5.64 ^ _5108_/X (sky130_fd_sc_hd__o211a_2)
                                         _0398_ (net)
                  0.05    0.00    5.64 ^ _5109_/B1 (sky130_fd_sc_hd__o21ai_2)
     2    0.04    0.15    0.13    5.78 v _5109_/Y (sky130_fd_sc_hd__o21ai_2)
                                         result[12] (net)
                  0.15    0.00    5.78 v result[12] (out)
                                  5.78   data arrival time

                  0.00    0.00    0.00   clock __VIRTUAL_CLK__ (rise edge)
                          0.00    0.00   clock network delay (ideal)
                          0.25    0.25   clock uncertainty
                          0.00    0.25   clock reconvergence pessimism
                         -5.00   -4.75   output external delay
                                 -4.75   data required time
-----------------------------------------------------------------------------
                                 -4.75   data required time
                                 -5.78   data arrival time
-----------------------------------------------------------------------------
                                 10.53   slack (MET)


Startpoint: opcode[3] (input port clocked by __VIRTUAL_CLK__)
Endpoint: result[15] (output port clocked by __VIRTUAL_CLK__)
Path Group: __VIRTUAL_CLK__
Path Type: min

Fanout     Cap    Slew   Delay    Time   Description
-----------------------------------------------------------------------------
                  0.00    0.00    0.00   clock __VIRTUAL_CLK__ (rise edge)
                          0.00    0.00   clock network delay (ideal)
                          5.00    5.00 v input external delay
     7    0.02    0.05    0.03    5.03 v opcode[3] (in)
                                         opcode[3] (net)
                  0.05    0.00    5.03 v _4186_/B (sky130_fd_sc_hd__nand2b_2)
     5    0.02    0.13    0.12    5.15 ^ _4186_/Y (sky130_fd_sc_hd__nand2b_2)
                                         _3298_ (net)
                  0.13    0.00    5.15 ^ _4381_/A (sky130_fd_sc_hd__nor2_2)
     2    0.01    0.04    0.06    5.21 v _4381_/Y (sky130_fd_sc_hd__nor2_2)
                                         _3491_ (net)
                  0.04    0.00    5.21 v _4382_/A (sky130_fd_sc_hd__buf_1)
    10    0.04    0.24    0.23    5.45 v _4382_/X (sky130_fd_sc_hd__buf_1)
                                         _3492_ (net)
                  0.24    0.00    5.45 v _5415_/A1 (sky130_fd_sc_hd__a31o_2)
     2    0.04    0.11    0.34    5.79 v _5415_/X (sky130_fd_sc_hd__a31o_2)
                                         result[15] (net)
                  0.11    0.00    5.79 v result[15] (out)
                                  5.79   data arrival time

                  0.00    0.00    0.00   clock __VIRTUAL_CLK__ (rise edge)
                          0.00    0.00   clock network delay (ideal)
                          0.25    0.25   clock uncertainty
                          0.00    0.25   clock reconvergence pessimism
                         -5.00   -4.75   output external delay
                                 -4.75   data required time
-----------------------------------------------------------------------------
                                 -4.75   data required time
                                 -5.79   data arrival time
-----------------------------------------------------------------------------
                                 10.54   slack (MET)


Startpoint: opcode[3] (input port clocked by __VIRTUAL_CLK__)
Endpoint: result[10] (output port clocked by __VIRTUAL_CLK__)
Path Group: __VIRTUAL_CLK__
Path Type: min

Fanout     Cap    Slew   Delay    Time   Description
-----------------------------------------------------------------------------
                  0.00    0.00    0.00   clock __VIRTUAL_CLK__ (rise edge)
                          0.00    0.00   clock network delay (ideal)
                          5.00    5.00 ^ input external delay
     7    0.02    0.10    0.07    5.07 ^ opcode[3] (in)
                                         opcode[3] (net)
                  0.10    0.00    5.07 ^ _4253_/C (sky130_fd_sc_hd__nor3_2)
     3    0.01    0.04    0.06    5.13 v _4253_/Y (sky130_fd_sc_hd__nor3_2)
                                         _3365_ (net)
                  0.04    0.00    5.13 v _4292_/B_N (sky130_fd_sc_hd__nor2b_2)
     6    0.02    0.07    0.18    5.31 v _4292_/Y (sky130_fd_sc_hd__nor2b_2)
                                         _3403_ (net)
                  0.07    0.00    5.31 v _4912_/A (sky130_fd_sc_hd__nand2_2)
     1    0.00    0.03    0.06    5.36 ^ _4912_/Y (sky130_fd_sc_hd__nand2_2)
                                         _0185_ (net)
                  0.03    0.00    5.36 ^ _4913_/B1 (sky130_fd_sc_hd__a31o_2)
     1    0.00    0.03    0.08    5.44 ^ _4913_/X (sky130_fd_sc_hd__a31o_2)
                                         _0186_ (net)
                  0.03    0.00    5.44 ^ _4928_/B (sky130_fd_sc_hd__and4b_2)
     1    0.01    0.07    0.21    5.65 ^ _4928_/X (sky130_fd_sc_hd__and4b_2)
                                         _0202_ (net)
                  0.07    0.00    5.65 ^ _4929_/B1 (sky130_fd_sc_hd__o21ai_2)
     2    0.04    0.15    0.14    5.79 v _4929_/Y (sky130_fd_sc_hd__o21ai_2)
                                         result[10] (net)
                  0.15    0.00    5.79 v result[10] (out)
                                  5.79   data arrival time

                  0.00    0.00    0.00   clock __VIRTUAL_CLK__ (rise edge)
                          0.00    0.00   clock network delay (ideal)
                          0.25    0.25   clock uncertainty
                          0.00    0.25   clock reconvergence pessimism
                         -5.00   -4.75   output external delay
                                 -4.75   data required time
-----------------------------------------------------------------------------
                                 -4.75   data required time
                                 -5.79   data arrival time
-----------------------------------------------------------------------------
                                 10.54   slack (MET)


Startpoint: opcode[3] (input port clocked by __VIRTUAL_CLK__)
Endpoint: result[17] (output port clocked by __VIRTUAL_CLK__)
Path Group: __VIRTUAL_CLK__
Path Type: min

Fanout     Cap    Slew   Delay    Time   Description
-----------------------------------------------------------------------------
                  0.00    0.00    0.00   clock __VIRTUAL_CLK__ (rise edge)
                          0.00    0.00   clock network delay (ideal)
                          5.00    5.00 v input external delay
     7    0.02    0.05    0.03    5.03 v opcode[3] (in)
                                         opcode[3] (net)
                  0.05    0.00    5.03 v _4186_/B (sky130_fd_sc_hd__nand2b_2)
     5    0.02    0.13    0.12    5.15 ^ _4186_/Y (sky130_fd_sc_hd__nand2b_2)
                                         _3298_ (net)
                  0.13    0.00    5.15 ^ _4381_/A (sky130_fd_sc_hd__nor2_2)
     2    0.01    0.04    0.06    5.21 v _4381_/Y (sky130_fd_sc_hd__nor2_2)
                                         _3491_ (net)
                  0.04    0.00    5.21 v _4382_/A (sky130_fd_sc_hd__buf_1)
    10    0.04    0.24    0.23    5.45 v _4382_/X (sky130_fd_sc_hd__buf_1)
                                         _3492_ (net)
                  0.24    0.00    5.45 v _5638_/A1 (sky130_fd_sc_hd__a31o_2)
     2    0.04    0.11    0.34    5.79 v _5638_/X (sky130_fd_sc_hd__a31o_2)
                                         result[17] (net)
                  0.11    0.00    5.79 v result[17] (out)
                                  5.79   data arrival time

                  0.00    0.00    0.00   clock __VIRTUAL_CLK__ (rise edge)
                          0.00    0.00   clock network delay (ideal)
                          0.25    0.25   clock uncertainty
                          0.00    0.25   clock reconvergence pessimism
                         -5.00   -4.75   output external delay
                                 -4.75   data required time
-----------------------------------------------------------------------------
                                 -4.75   data required time
                                 -5.79   data arrival time
-----------------------------------------------------------------------------
                                 10.54   slack (MET)


Startpoint: B[24] (input port clocked by __VIRTUAL_CLK__)
Endpoint: result[25] (output port clocked by __VIRTUAL_CLK__)
Path Group: __VIRTUAL_CLK__
Path Type: min

Fanout     Cap    Slew   Delay    Time   Description
-----------------------------------------------------------------------------
                  0.00    0.00    0.00   clock __VIRTUAL_CLK__ (rise edge)
                          0.00    0.00   clock network delay (ideal)
                          5.00    5.00 v input external delay
    10    0.04    0.08    0.06    5.06 v B[24] (in)
                                         B[24] (net)
                  0.08    0.00    5.06 v _3859_/A (sky130_fd_sc_hd__buf_1)
    10    0.04    0.23    0.25    5.31 v _3859_/X (sky130_fd_sc_hd__buf_1)
                                         _0213_ (net)
                  0.23    0.00    5.31 v _3892_/B (sky130_fd_sc_hd__nand2_2)
     3    0.01    0.09    0.16    5.47 ^ _3892_/Y (sky130_fd_sc_hd__nand2_2)
                                         _0573_ (net)
                  0.09    0.00    5.47 ^ _6576_/B1 (sky130_fd_sc_hd__o21ai_2)
     4    0.01    0.06    0.08    5.55 v _6576_/Y (sky130_fd_sc_hd__o21ai_2)
                                         _2000_ (net)
                  0.06    0.00    5.55 v _6577_/B (sky130_fd_sc_hd__nor2_2)
     1    0.01    0.09    0.09    5.64 ^ _6577_/Y (sky130_fd_sc_hd__nor2_2)
                                         _2001_ (net)
                  0.09    0.00    5.64 ^ _6719_/A1 (sky130_fd_sc_hd__o21ai_2)
     2    0.05    0.19    0.17    5.81 v _6719_/Y (sky130_fd_sc_hd__o21ai_2)
                                         result[25] (net)
                  0.19    0.00    5.82 v result[25] (out)
                                  5.82   data arrival time

                  0.00    0.00    0.00   clock __VIRTUAL_CLK__ (rise edge)
                          0.00    0.00   clock network delay (ideal)
                          0.25    0.25   clock uncertainty
                          0.00    0.25   clock reconvergence pessimism
                         -5.00   -4.75   output external delay
                                 -4.75   data required time
-----------------------------------------------------------------------------
                                 -4.75   data required time
                                 -5.82   data arrival time
-----------------------------------------------------------------------------
                                 10.57   slack (MET)


Startpoint: opcode[0] (input port clocked by __VIRTUAL_CLK__)
Endpoint: result[2] (output port clocked by __VIRTUAL_CLK__)
Path Group: __VIRTUAL_CLK__
Path Type: min

Fanout     Cap    Slew   Delay    Time   Description
-----------------------------------------------------------------------------
                  0.00    0.00    0.00   clock __VIRTUAL_CLK__ (rise edge)
                          0.00    0.00   clock network delay (ideal)
                          5.00    5.00 ^ input external delay
     9    0.03    0.13    0.09    5.09 ^ opcode[0] (in)
                                         opcode[0] (net)
                  0.13    0.00    5.09 ^ _4259_/A (sky130_fd_sc_hd__or3_2)
     5    0.03    0.15    0.21    5.30 ^ _4259_/X (sky130_fd_sc_hd__or3_2)
                                         _3371_ (net)
                  0.15    0.00    5.30 ^ _4365_/A1 (sky130_fd_sc_hd__o21ai_2)
     2    0.01    0.06    0.10    5.40 v _4365_/Y (sky130_fd_sc_hd__o21ai_2)
                                         _3475_ (net)
                  0.06    0.00    5.40 v _4407_/A2 (sky130_fd_sc_hd__a211o_2)
     2    0.04    0.13    0.42    5.82 v _4407_/X (sky130_fd_sc_hd__a211o_2)
                                         result[2] (net)
                  0.13    0.00    5.82 v result[2] (out)
                                  5.82   data arrival time

                  0.00    0.00    0.00   clock __VIRTUAL_CLK__ (rise edge)
                          0.00    0.00   clock network delay (ideal)
                          0.25    0.25   clock uncertainty
                          0.00    0.25   clock reconvergence pessimism
                         -5.00   -4.75   output external delay
                                 -4.75   data required time
-----------------------------------------------------------------------------
                                 -4.75   data required time
                                 -5.82   data arrival time
-----------------------------------------------------------------------------
                                 10.57   slack (MET)


Startpoint: A[30] (input port clocked by __VIRTUAL_CLK__)
Endpoint: zero (output port clocked by __VIRTUAL_CLK__)
Path Group: __VIRTUAL_CLK__
Path Type: min

Fanout     Cap    Slew   Delay    Time   Description
-----------------------------------------------------------------------------
                  0.00    0.00    0.00   clock __VIRTUAL_CLK__ (rise edge)
                          0.00    0.00   clock network delay (ideal)
                          5.00    5.00 v input external delay
     8    0.03    0.06    0.04    5.04 v A[30] (in)
                                         A[30] (net)
                  0.06    0.00    5.04 v _7367_/A1 (sky130_fd_sc_hd__o221a_2)
     1    0.00    0.02    0.27    5.31 v _7367_/X (sky130_fd_sc_hd__o221a_2)
                                         _2865_ (net)
                  0.02    0.00    5.31 v _7373_/B (sky130_fd_sc_hd__and3_2)
     1    0.01    0.04    0.18    5.49 v _7373_/X (sky130_fd_sc_hd__and3_2)
                                         _2872_ (net)
                  0.04    0.00    5.49 v _7543_/B (sky130_fd_sc_hd__nand3_2)
     2    0.04    0.22    0.19    5.68 ^ _7543_/Y (sky130_fd_sc_hd__nand3_2)
                                         result[30] (net)
                  0.22    0.00    5.68 ^ _7707_/B (sky130_fd_sc_hd__nor4b_2)
     1    0.04    0.11    0.15    5.83 v _7707_/Y (sky130_fd_sc_hd__nor4b_2)
                                         zero (net)
                  0.11    0.00    5.83 v zero (out)
                                  5.83   data arrival time

                  0.00    0.00    0.00   clock __VIRTUAL_CLK__ (rise edge)
                          0.00    0.00   clock network delay (ideal)
                          0.25    0.25   clock uncertainty
                          0.00    0.25   clock reconvergence pessimism
                         -5.00   -4.75   output external delay
                                 -4.75   data required time
-----------------------------------------------------------------------------
                                 -4.75   data required time
                                 -5.83   data arrival time
-----------------------------------------------------------------------------
                                 10.58   slack (MET)


Startpoint: opcode[0] (input port clocked by __VIRTUAL_CLK__)
Endpoint: result[5] (output port clocked by __VIRTUAL_CLK__)
Path Group: __VIRTUAL_CLK__
Path Type: min

Fanout     Cap    Slew   Delay    Time   Description
-----------------------------------------------------------------------------
                  0.00    0.00    0.00   clock __VIRTUAL_CLK__ (rise edge)
                          0.00    0.00   clock network delay (ideal)
                          5.00    5.00 v input external delay
     9    0.03    0.06    0.04    5.04 v opcode[0] (in)
                                         opcode[0] (net)
                  0.06    0.00    5.04 v _4182_/B_N (sky130_fd_sc_hd__or2b_2)
     4    0.02    0.08    0.19    5.23 ^ _4182_/X (sky130_fd_sc_hd__or2b_2)
                                         _3294_ (net)
                  0.08    0.00    5.23 ^ _4498_/C (sky130_fd_sc_hd__or3_2)
     6    0.03    0.16    0.20    5.43 ^ _4498_/X (sky130_fd_sc_hd__or3_2)
                                         _3606_ (net)
                  0.16    0.00    5.43 ^ _4550_/B1 (sky130_fd_sc_hd__a21o_2)
     1    0.00    0.03    0.11    5.54 ^ _4550_/X (sky130_fd_sc_hd__a21o_2)
                                         _3657_ (net)
                  0.03    0.00    5.54 ^ _4568_/B1 (sky130_fd_sc_hd__o211a_2)
     1    0.01    0.05    0.16    5.70 ^ _4568_/X (sky130_fd_sc_hd__o211a_2)
                                         _3675_ (net)
                  0.05    0.00    5.70 ^ _4569_/B1 (sky130_fd_sc_hd__o21ai_2)
     2    0.04    0.15    0.13    5.83 v _4569_/Y (sky130_fd_sc_hd__o21ai_2)
                                         result[5] (net)
                  0.15    0.00    5.83 v result[5] (out)
                                  5.83   data arrival time

                  0.00    0.00    0.00   clock __VIRTUAL_CLK__ (rise edge)
                          0.00    0.00   clock network delay (ideal)
                          0.25    0.25   clock uncertainty
                          0.00    0.25   clock reconvergence pessimism
                         -5.00   -4.75   output external delay
                                 -4.75   data required time
-----------------------------------------------------------------------------
                                 -4.75   data required time
                                 -5.83   data arrival time
-----------------------------------------------------------------------------
                                 10.58   slack (MET)


Startpoint: B[28] (input port clocked by __VIRTUAL_CLK__)
Endpoint: result[28] (output port clocked by __VIRTUAL_CLK__)
Path Group: __VIRTUAL_CLK__
Path Type: min

Fanout     Cap    Slew   Delay    Time   Description
-----------------------------------------------------------------------------
                  0.00    0.00    0.00   clock __VIRTUAL_CLK__ (rise edge)
                          0.00    0.00   clock network delay (ideal)
                          5.00    5.00 ^ input external delay
    10    0.04    0.18    0.12    5.12 ^ B[28] (in)
                                         B[28] (net)
                  0.18    0.00    5.12 ^ _3878_/B (sky130_fd_sc_hd__and2_2)
     3    0.01    0.08    0.20    5.31 ^ _3878_/X (sky130_fd_sc_hd__and2_2)
                                         _0420_ (net)
                  0.08    0.00    5.31 ^ _3880_/A (sky130_fd_sc_hd__nor2b_2)
     6    0.02    0.06    0.08    5.39 v _3880_/Y (sky130_fd_sc_hd__nor2b_2)
                                         _0442_ (net)
                  0.06    0.00    5.39 v _7188_/A (sky130_fd_sc_hd__nand2_2)
     1    0.00    0.03    0.05    5.44 ^ _7188_/Y (sky130_fd_sc_hd__nand2_2)
                                         _2670_ (net)
                  0.03    0.00    5.44 ^ _7190_/B (sky130_fd_sc_hd__and3_2)
     1    0.01    0.07    0.17    5.61 ^ _7190_/X (sky130_fd_sc_hd__and3_2)
                                         _2673_ (net)
                  0.07    0.00    5.61 ^ _7191_/C1 (sky130_fd_sc_hd__a211o_2)
     2    0.05    0.22    0.22    5.83 ^ _7191_/X (sky130_fd_sc_hd__a211o_2)
                                         result[28] (net)
                  0.22    0.00    5.84 ^ result[28] (out)
                                  5.84   data arrival time

                  0.00    0.00    0.00   clock __VIRTUAL_CLK__ (rise edge)
                          0.00    0.00   clock network delay (ideal)
                          0.25    0.25   clock uncertainty
                          0.00    0.25   clock reconvergence pessimism
                         -5.00   -4.75   output external delay
                                 -4.75   data required time
-----------------------------------------------------------------------------
                                 -4.75   data required time
                                 -5.84   data arrival time
-----------------------------------------------------------------------------
                                 10.59   slack (MET)


Startpoint: A[7] (input port clocked by __VIRTUAL_CLK__)
Endpoint: result[7] (output port clocked by __VIRTUAL_CLK__)
Path Group: __VIRTUAL_CLK__
Path Type: min

Fanout     Cap    Slew   Delay    Time   Description
-----------------------------------------------------------------------------
                  0.00    0.00    0.00   clock __VIRTUAL_CLK__ (rise edge)
                          0.00    0.00   clock network delay (ideal)
                          5.00    5.00 ^ input external delay
     6    0.02    0.11    0.07    5.07 ^ A[7] (in)
                                         A[7] (net)
                  0.11    0.00    5.07 ^ _4644_/A (sky130_fd_sc_hd__nand2_2)
     8    0.05    0.20    0.18    5.25 v _4644_/Y (sky130_fd_sc_hd__nand2_2)
                                         _3749_ (net)
                  0.20    0.00    5.25 v _4651_/A2 (sky130_fd_sc_hd__o2111a_2)
     1    0.00    0.03    0.29    5.55 v _4651_/X (sky130_fd_sc_hd__o2111a_2)
                                         _3756_ (net)
                  0.03    0.00    5.55 v _4652_/B1 (sky130_fd_sc_hd__o21ai_2)
     1    0.00    0.04    0.04    5.59 ^ _4652_/Y (sky130_fd_sc_hd__o21ai_2)
                                         _3757_ (net)
                  0.04    0.00    5.59 ^ _4656_/B1 (sky130_fd_sc_hd__a211o_2)
     1    0.01    0.04    0.09    5.68 ^ _4656_/X (sky130_fd_sc_hd__a211o_2)
                                         _3761_ (net)
                  0.04    0.00    5.68 ^ _4703_/B1 (sky130_fd_sc_hd__a211o_2)
     2    0.04    0.18    0.19    5.87 ^ _4703_/X (sky130_fd_sc_hd__a211o_2)
                                         result[7] (net)
                  0.18    0.00    5.88 ^ result[7] (out)
                                  5.88   data arrival time

                  0.00    0.00    0.00   clock __VIRTUAL_CLK__ (rise edge)
                          0.00    0.00   clock network delay (ideal)
                          0.25    0.25   clock uncertainty
                          0.00    0.25   clock reconvergence pessimism
                         -5.00   -4.75   output external delay
                                 -4.75   data required time
-----------------------------------------------------------------------------
                                 -4.75   data required time
                                 -5.88   data arrival time
-----------------------------------------------------------------------------
                                 10.63   slack (MET)


Startpoint: opcode[0] (input port clocked by __VIRTUAL_CLK__)
Endpoint: result[20] (output port clocked by __VIRTUAL_CLK__)
Path Group: __VIRTUAL_CLK__
Path Type: min

Fanout     Cap    Slew   Delay    Time   Description
-----------------------------------------------------------------------------
                  0.00    0.00    0.00   clock __VIRTUAL_CLK__ (rise edge)
                          0.00    0.00   clock network delay (ideal)
                          5.00    5.00 ^ input external delay
     9    0.03    0.13    0.09    5.09 ^ opcode[0] (in)
                                         opcode[0] (net)
                  0.13    0.00    5.09 ^ _4187_/A (sky130_fd_sc_hd__nor3_2)
     9    0.05    0.12    0.14    5.22 v _4187_/Y (sky130_fd_sc_hd__nor3_2)
                                         _3299_ (net)
                  0.12    0.00    5.23 v _4188_/B (sky130_fd_sc_hd__nand2_2)
     6    0.02    0.14    0.16    5.38 ^ _4188_/Y (sky130_fd_sc_hd__nand2_2)
                                         _3300_ (net)
                  0.14    0.00    5.38 ^ _6001_/A1 (sky130_fd_sc_hd__o211a_2)
     1    0.01    0.06    0.20    5.58 ^ _6001_/X (sky130_fd_sc_hd__o211a_2)
                                         _1373_ (net)
                  0.06    0.00    5.58 ^ _6011_/C (sky130_fd_sc_hd__nand4b_2)
     2    0.05    0.36    0.30    5.88 v _6011_/Y (sky130_fd_sc_hd__nand4b_2)
                                         result[20] (net)
                  0.36    0.00    5.88 v result[20] (out)
                                  5.88   data arrival time

                  0.00    0.00    0.00   clock __VIRTUAL_CLK__ (rise edge)
                          0.00    0.00   clock network delay (ideal)
                          0.25    0.25   clock uncertainty
                          0.00    0.25   clock reconvergence pessimism
                         -5.00   -4.75   output external delay
                                 -4.75   data required time
-----------------------------------------------------------------------------
                                 -4.75   data required time
                                 -5.88   data arrival time
-----------------------------------------------------------------------------
                                 10.63   slack (MET)


Startpoint: A[30] (input port clocked by __VIRTUAL_CLK__)
Endpoint: result[31] (output port clocked by __VIRTUAL_CLK__)
Path Group: __VIRTUAL_CLK__
Path Type: min

Fanout     Cap    Slew   Delay    Time   Description
-----------------------------------------------------------------------------
                  0.00    0.00    0.00   clock __VIRTUAL_CLK__ (rise edge)
                          0.00    0.00   clock network delay (ideal)
                          5.00    5.00 v input external delay
     8    0.03    0.06    0.04    5.04 v A[30] (in)
                                         A[30] (net)
                  0.06    0.00    5.04 v _7365_/A (sky130_fd_sc_hd__nand2_2)
     2    0.01    0.05    0.07    5.11 ^ _7365_/Y (sky130_fd_sc_hd__nand2_2)
                                         _2863_ (net)
                  0.05    0.00    5.11 ^ _7548_/B1 (sky130_fd_sc_hd__o21ai_2)
     2    0.01    0.06    0.07    5.18 v _7548_/Y (sky130_fd_sc_hd__o21ai_2)
                                         _3063_ (net)
                  0.06    0.00    5.18 v _7549_/B (sky130_fd_sc_hd__xnor2_2)
     2    0.01    0.04    0.13    5.31 v _7549_/Y (sky130_fd_sc_hd__xnor2_2)
                                         _3065_ (net)
                  0.04    0.00    5.31 v _7550_/B (sky130_fd_sc_hd__nor2_2)
     3    0.01    0.11    0.10    5.41 ^ _7550_/Y (sky130_fd_sc_hd__nor2_2)
                                         _3066_ (net)
                  0.11    0.00    5.41 ^ _7694_/B (sky130_fd_sc_hd__or3_2)
     1    0.00    0.03    0.12    5.53 ^ _7694_/X (sky130_fd_sc_hd__or3_2)
                                         _3224_ (net)
                  0.03    0.00    5.53 ^ _7695_/A (sky130_fd_sc_hd__buf_1)
     2    0.04    0.48    0.36    5.89 ^ _7695_/X (sky130_fd_sc_hd__buf_1)
                                         result[31] (net)
                  0.48    0.00    5.89 ^ result[31] (out)
                                  5.89   data arrival time

                  0.00    0.00    0.00   clock __VIRTUAL_CLK__ (rise edge)
                          0.00    0.00   clock network delay (ideal)
                          0.25    0.25   clock uncertainty
                          0.00    0.25   clock reconvergence pessimism
                         -5.00   -4.75   output external delay
                                 -4.75   data required time
-----------------------------------------------------------------------------
                                 -4.75   data required time
                                 -5.89   data arrival time
-----------------------------------------------------------------------------
                                 10.64   slack (MET)


Startpoint: opcode[2] (input port clocked by __VIRTUAL_CLK__)
Endpoint: result[4] (output port clocked by __VIRTUAL_CLK__)
Path Group: __VIRTUAL_CLK__
Path Type: min

Fanout     Cap    Slew   Delay    Time   Description
-----------------------------------------------------------------------------
                  0.00    0.00    0.00   clock __VIRTUAL_CLK__ (rise edge)
                          0.00    0.00   clock network delay (ideal)
                          5.00    5.00 ^ input external delay
     8    0.02    0.09    0.06    5.06 ^ opcode[2] (in)
                                         opcode[2] (net)
                  0.09    0.00    5.06 ^ _4306_/A (sky130_fd_sc_hd__or3_2)
     6    0.02    0.13    0.19    5.24 ^ _4306_/X (sky130_fd_sc_hd__or3_2)
                                         _3417_ (net)
                  0.13    0.00    5.24 ^ _4508_/A2 (sky130_fd_sc_hd__o21ai_2)
     1    0.00    0.03    0.05    5.30 v _4508_/Y (sky130_fd_sc_hd__o21ai_2)
                                         _3616_ (net)
                  0.03    0.00    5.30 v _4509_/D1 (sky130_fd_sc_hd__a2111o_2)
     1    0.00    0.06    0.32    5.62 v _4509_/X (sky130_fd_sc_hd__a2111o_2)
                                         _3617_ (net)
                  0.06    0.00    5.62 v _4510_/B1 (sky130_fd_sc_hd__a31o_2)
     2    0.04    0.11    0.29    5.91 v _4510_/X (sky130_fd_sc_hd__a31o_2)
                                         result[4] (net)
                  0.11    0.00    5.91 v result[4] (out)
                                  5.91   data arrival time

                  0.00    0.00    0.00   clock __VIRTUAL_CLK__ (rise edge)
                          0.00    0.00   clock network delay (ideal)
                          0.25    0.25   clock uncertainty
                          0.00    0.25   clock reconvergence pessimism
                         -5.00   -4.75   output external delay
                                 -4.75   data required time
-----------------------------------------------------------------------------
                                 -4.75   data required time
                                 -5.91   data arrival time
-----------------------------------------------------------------------------
                                 10.66   slack (MET)


Startpoint: opcode[0] (input port clocked by __VIRTUAL_CLK__)
Endpoint: result[14] (output port clocked by __VIRTUAL_CLK__)
Path Group: __VIRTUAL_CLK__
Path Type: min

Fanout     Cap    Slew   Delay    Time   Description
-----------------------------------------------------------------------------
                  0.00    0.00    0.00   clock __VIRTUAL_CLK__ (rise edge)
                          0.00    0.00   clock network delay (ideal)
                          5.00    5.00 v input external delay
     9    0.03    0.06    0.04    5.04 v opcode[0] (in)
                                         opcode[0] (net)
                  0.06    0.00    5.04 v _4249_/A (sky130_fd_sc_hd__nand2_2)
     4    0.01    0.08    0.09    5.13 ^ _4249_/Y (sky130_fd_sc_hd__nand2_2)
                                         _3361_ (net)
                  0.08    0.00    5.13 ^ _4250_/C (sky130_fd_sc_hd__nor3_2)
     9    0.04    0.10    0.10    5.23 v _4250_/Y (sky130_fd_sc_hd__nor3_2)
                                         _3362_ (net)
                  0.10    0.00    5.23 v _5307_/B (sky130_fd_sc_hd__nand2_2)
     1    0.00    0.03    0.08    5.31 ^ _5307_/Y (sky130_fd_sc_hd__nand2_2)
                                         _0615_ (net)
                  0.03    0.00    5.31 ^ _5308_/C1 (sky130_fd_sc_hd__o221a_2)
     1    0.00    0.04    0.15    5.46 ^ _5308_/X (sky130_fd_sc_hd__o221a_2)
                                         _0616_ (net)
                  0.04    0.00    5.46 ^ _5309_/C1 (sky130_fd_sc_hd__o211a_2)
     1    0.00    0.05    0.15    5.61 ^ _5309_/X (sky130_fd_sc_hd__o211a_2)
                                         _0618_ (net)
                  0.05    0.00    5.61 ^ _5310_/C1 (sky130_fd_sc_hd__o211a_2)
     1    0.01    0.07    0.18    5.78 ^ _5310_/X (sky130_fd_sc_hd__o211a_2)
                                         _0619_ (net)
                  0.07    0.00    5.78 ^ _5311_/B1 (sky130_fd_sc_hd__o31ai_2)
     2    0.04    0.15    0.17    5.95 v _5311_/Y (sky130_fd_sc_hd__o31ai_2)
                                         result[14] (net)
                  0.15    0.00    5.95 v result[14] (out)
                                  5.95   data arrival time

                  0.00    0.00    0.00   clock __VIRTUAL_CLK__ (rise edge)
                          0.00    0.00   clock network delay (ideal)
                          0.25    0.25   clock uncertainty
                          0.00    0.25   clock reconvergence pessimism
                         -5.00   -4.75   output external delay
                                 -4.75   data required time
-----------------------------------------------------------------------------
                                 -4.75   data required time
                                 -5.95   data arrival time
-----------------------------------------------------------------------------
                                 10.70   slack (MET)


Startpoint: B[25] (input port clocked by __VIRTUAL_CLK__)
Endpoint: result[26] (output port clocked by __VIRTUAL_CLK__)
Path Group: __VIRTUAL_CLK__
Path Type: min

Fanout     Cap    Slew   Delay    Time   Description
-----------------------------------------------------------------------------
                  0.00    0.00    0.00   clock __VIRTUAL_CLK__ (rise edge)
                          0.00    0.00   clock network delay (ideal)
                          5.00    5.00 v input external delay
     8    0.03    0.07    0.05    5.05 v B[25] (in)
                                         B[25] (net)
                  0.07    0.00    5.05 v _3854_/A (sky130_fd_sc_hd__buf_1)
    10    0.03    0.18    0.21    5.26 v _3854_/X (sky130_fd_sc_hd__buf_1)
                                         _0159_ (net)
                  0.18    0.00    5.26 v _3855_/B_N (sky130_fd_sc_hd__or2b_2)
     3    0.01    0.05    0.22    5.48 ^ _3855_/X (sky130_fd_sc_hd__or2b_2)
                                         _0170_ (net)
                  0.05    0.00    5.48 ^ _6855_/B1 (sky130_fd_sc_hd__o21a_2)
     1    0.01    0.04    0.12    5.60 ^ _6855_/X (sky130_fd_sc_hd__o21a_2)
                                         _2306_ (net)
                  0.04    0.00    5.60 ^ _6858_/A2 (sky130_fd_sc_hd__o21ai_2)
     1    0.01    0.03    0.05    5.65 v _6858_/Y (sky130_fd_sc_hd__o21ai_2)
                                         _2309_ (net)
                  0.03    0.00    5.65 v _6869_/B1 (sky130_fd_sc_hd__o211ai_2)
     1    0.01    0.07    0.07    5.72 ^ _6869_/Y (sky130_fd_sc_hd__o211ai_2)
                                         _2322_ (net)
                  0.07    0.00    5.72 ^ _6870_/B1 (sky130_fd_sc_hd__a31o_2)
     2    0.04    0.25    0.24    5.96 ^ _6870_/X (sky130_fd_sc_hd__a31o_2)
                                         result[26] (net)
                  0.25    0.00    5.97 ^ result[26] (out)
                                  5.97   data arrival time

                  0.00    0.00    0.00   clock __VIRTUAL_CLK__ (rise edge)
                          0.00    0.00   clock network delay (ideal)
                          0.25    0.25   clock uncertainty
                          0.00    0.25   clock reconvergence pessimism
                         -5.00   -4.75   output external delay
                                 -4.75   data required time
-----------------------------------------------------------------------------
                                 -4.75   data required time
                                 -5.97   data arrival time
-----------------------------------------------------------------------------
                                 10.72   slack (MET)


Startpoint: A[31] (input port clocked by __VIRTUAL_CLK__)
Endpoint: result[24] (output port clocked by __VIRTUAL_CLK__)
Path Group: __VIRTUAL_CLK__
Path Type: min

Fanout     Cap    Slew   Delay    Time   Description
-----------------------------------------------------------------------------
                  0.00    0.00    0.00   clock __VIRTUAL_CLK__ (rise edge)
                          0.00    0.00   clock network delay (ideal)
                          5.00    5.00 ^ input external delay
    10    0.03    0.16    0.10    5.10 ^ A[31] (in)
                                         A[31] (net)
                  0.16    0.00    5.10 ^ _4427_/B (sky130_fd_sc_hd__nand2_2)
     6    0.03    0.14    0.15    5.25 v _4427_/Y (sky130_fd_sc_hd__nand2_2)
                                         _3536_ (net)
                  0.14    0.00    5.26 v _6560_/A1 (sky130_fd_sc_hd__a21oi_2)
     1    0.00    0.06    0.13    5.38 ^ _6560_/Y (sky130_fd_sc_hd__a21oi_2)
                                         _1984_ (net)
                  0.06    0.00    5.38 ^ _6573_/A (sky130_fd_sc_hd__or4b_2)
     1    0.00    0.04    0.12    5.50 ^ _6573_/X (sky130_fd_sc_hd__or4b_2)
                                         _1998_ (net)
                  0.04    0.00    5.50 ^ _6574_/C (sky130_fd_sc_hd__or3_2)
     1    0.00    0.03    0.09    5.59 ^ _6574_/X (sky130_fd_sc_hd__or3_2)
                                         _1999_ (net)
                  0.03    0.00    5.59 ^ _6575_/A (sky130_fd_sc_hd__buf_1)
     2    0.05    0.53    0.39    5.97 ^ _6575_/X (sky130_fd_sc_hd__buf_1)
                                         result[24] (net)
                  0.53    0.00    5.98 ^ result[24] (out)
                                  5.98   data arrival time

                  0.00    0.00    0.00   clock __VIRTUAL_CLK__ (rise edge)
                          0.00    0.00   clock network delay (ideal)
                          0.25    0.25   clock uncertainty
                          0.00    0.25   clock reconvergence pessimism
                         -5.00   -4.75   output external delay
                                 -4.75   data required time
-----------------------------------------------------------------------------
                                 -4.75   data required time
                                 -5.98   data arrival time
-----------------------------------------------------------------------------
                                 10.73   slack (MET)


Startpoint: B[27] (input port clocked by __VIRTUAL_CLK__)
Endpoint: result[27] (output port clocked by __VIRTUAL_CLK__)
Path Group: __VIRTUAL_CLK__
Path Type: min

Fanout     Cap    Slew   Delay    Time   Description
-----------------------------------------------------------------------------
                  0.00    0.00    0.00   clock __VIRTUAL_CLK__ (rise edge)
                          0.00    0.00   clock network delay (ideal)
                          5.00    5.00 v input external delay
     6    0.02    0.05    0.03    5.03 v B[27] (in)
                                         B[27] (net)
                  0.05    0.00    5.03 v _3863_/A (sky130_fd_sc_hd__buf_1)
    10    0.04    0.21    0.22    5.25 v _3863_/X (sky130_fd_sc_hd__buf_1)
                                         _0257_ (net)
                  0.21    0.00    5.25 v _3885_/B (sky130_fd_sc_hd__nor2_2)
     1    0.00    0.09    0.14    5.39 ^ _3885_/Y (sky130_fd_sc_hd__nor2_2)
                                         _0497_ (net)
                  0.09    0.00    5.39 ^ _3887_/A (sky130_fd_sc_hd__nor2_2)
     5    0.02    0.06    0.08    5.47 v _3887_/Y (sky130_fd_sc_hd__nor2_2)
                                         _0518_ (net)
                  0.06    0.00    5.47 v _7010_/A (sky130_fd_sc_hd__xnor2_2)
     1    0.00    0.04    0.14    5.61 ^ _7010_/Y (sky130_fd_sc_hd__xnor2_2)
                                         _2476_ (net)
                  0.04    0.00    5.61 ^ _7023_/A2 (sky130_fd_sc_hd__a211o_2)
     1    0.01    0.05    0.13    5.73 ^ _7023_/X (sky130_fd_sc_hd__a211o_2)
                                         _2490_ (net)
                  0.05    0.00    5.73 ^ _7024_/B1 (sky130_fd_sc_hd__a31o_2)
     2    0.05    0.26    0.24    5.98 ^ _7024_/X (sky130_fd_sc_hd__a31o_2)
                                         result[27] (net)
                  0.26    0.00    5.98 ^ result[27] (out)
                                  5.98   data arrival time

                  0.00    0.00    0.00   clock __VIRTUAL_CLK__ (rise edge)
                          0.00    0.00   clock network delay (ideal)
                          0.25    0.25   clock uncertainty
                          0.00    0.25   clock reconvergence pessimism
                         -5.00   -4.75   output external delay
                                 -4.75   data required time
-----------------------------------------------------------------------------
                                 -4.75   data required time
                                 -5.98   data arrival time
-----------------------------------------------------------------------------
                                 10.73   slack (MET)


Startpoint: opcode[2] (input port clocked by __VIRTUAL_CLK__)
Endpoint: result[18] (output port clocked by __VIRTUAL_CLK__)
Path Group: __VIRTUAL_CLK__
Path Type: min

Fanout     Cap    Slew   Delay    Time   Description
-----------------------------------------------------------------------------
                  0.00    0.00    0.00   clock __VIRTUAL_CLK__ (rise edge)
                          0.00    0.00   clock network delay (ideal)
                          5.00    5.00 v input external delay
     8    0.02    0.04    0.03    5.03 v opcode[2] (in)
                                         opcode[2] (net)
                  0.04    0.00    5.03 v _4239_/C (sky130_fd_sc_hd__and4bb_2)
     3    0.02    0.08    0.25    5.28 v _4239_/X (sky130_fd_sc_hd__and4bb_2)
                                         _3351_ (net)
                  0.08    0.00    5.28 v _5738_/B (sky130_fd_sc_hd__nand2_2)
     2    0.01    0.05    0.08    5.36 ^ _5738_/Y (sky130_fd_sc_hd__nand2_2)
                                         _1085_ (net)
                  0.05    0.00    5.36 ^ _5739_/A2 (sky130_fd_sc_hd__a2111o_2)
     1    0.01    0.04    0.13    5.49 ^ _5739_/X (sky130_fd_sc_hd__a2111o_2)
                                         _1087_ (net)
                  0.04    0.00    5.49 ^ _5751_/B1 (sky130_fd_sc_hd__o211a_2)
     1    0.01    0.06    0.17    5.66 ^ _5751_/X (sky130_fd_sc_hd__o211a_2)
                                         _1100_ (net)
                  0.06    0.00    5.66 ^ _5752_/B1 (sky130_fd_sc_hd__o21ai_2)
     1    0.00    0.02    0.05    5.71 v _5752_/Y (sky130_fd_sc_hd__o21ai_2)
                                         _1101_ (net)
                  0.02    0.00    5.71 v _5753_/B1 (sky130_fd_sc_hd__a31o_2)
     2    0.05    0.13    0.29    6.00 v _5753_/X (sky130_fd_sc_hd__a31o_2)
                                         result[18] (net)
                  0.13    0.00    6.00 v result[18] (out)
                                  6.00   data arrival time

                  0.00    0.00    0.00   clock __VIRTUAL_CLK__ (rise edge)
                          0.00    0.00   clock network delay (ideal)
                          0.25    0.25   clock uncertainty
                          0.00    0.25   clock reconvergence pessimism
                         -5.00   -4.75   output external delay
                                 -4.75   data required time
-----------------------------------------------------------------------------
                                 -4.75   data required time
                                 -6.00   data arrival time
-----------------------------------------------------------------------------
                                 10.75   slack (MET)


Startpoint: B[20] (input port clocked by __VIRTUAL_CLK__)
Endpoint: result[21] (output port clocked by __VIRTUAL_CLK__)
Path Group: __VIRTUAL_CLK__
Path Type: min

Fanout     Cap    Slew   Delay    Time   Description
-----------------------------------------------------------------------------
                  0.00    0.00    0.00   clock __VIRTUAL_CLK__ (rise edge)
                          0.00    0.00   clock network delay (ideal)
                          5.00    5.00 v input external delay
     3    0.02    0.05    0.03    5.03 v B[20] (in)
                                         B[20] (net)
                  0.05    0.00    5.03 v _3933_/A (sky130_fd_sc_hd__buf_1)
    10    0.04    0.24    0.24    5.27 v _3933_/X (sky130_fd_sc_hd__buf_1)
                                         _1020_ (net)
                  0.24    0.00    5.28 v _4039_/A (sky130_fd_sc_hd__inv_2)
     4    0.02    0.11    0.16    5.43 ^ _4039_/Y (sky130_fd_sc_hd__inv_2)
                                         _2178_ (net)
                  0.11    0.00    5.43 ^ _4047_/B (sky130_fd_sc_hd__nand2_2)
     2    0.00    0.03    0.06    5.49 v _4047_/Y (sky130_fd_sc_hd__nand2_2)
                                         _2266_ (net)
                  0.03    0.00    5.49 v _6135_/B1_N (sky130_fd_sc_hd__a21bo_2)
     2    0.01    0.07    0.20    5.69 ^ _6135_/X (sky130_fd_sc_hd__a21bo_2)
                                         _1519_ (net)
                  0.07    0.00    5.69 ^ _6137_/A2 (sky130_fd_sc_hd__o21ai_2)
     1    0.00    0.03    0.05    5.74 v _6137_/Y (sky130_fd_sc_hd__o21ai_2)
                                         _1521_ (net)
                  0.03    0.00    5.74 v _6138_/C1 (sky130_fd_sc_hd__o211a_2)
     1    0.01    0.03    0.11    5.85 v _6138_/X (sky130_fd_sc_hd__o211a_2)
                                         _1522_ (net)
                  0.03    0.00    5.85 v _6139_/B1 (sky130_fd_sc_hd__o21ai_2)
     2    0.05    0.26    0.19    6.04 ^ _6139_/Y (sky130_fd_sc_hd__o21ai_2)
                                         result[21] (net)
                  0.26    0.00    6.04 ^ result[21] (out)
                                  6.04   data arrival time

                  0.00    0.00    0.00   clock __VIRTUAL_CLK__ (rise edge)
                          0.00    0.00   clock network delay (ideal)
                          0.25    0.25   clock uncertainty
                          0.00    0.25   clock reconvergence pessimism
                         -5.00   -4.75   output external delay
                                 -4.75   data required time
-----------------------------------------------------------------------------
                                 -4.75   data required time
                                 -6.04   data arrival time
-----------------------------------------------------------------------------
                                 10.79   slack (MET)


Startpoint: B[23] (input port clocked by __VIRTUAL_CLK__)
Endpoint: result[23] (output port clocked by __VIRTUAL_CLK__)
Path Group: __VIRTUAL_CLK__
Path Type: min

Fanout     Cap    Slew   Delay    Time   Description
-----------------------------------------------------------------------------
                  0.00    0.00    0.00   clock __VIRTUAL_CLK__ (rise edge)
                          0.00    0.00   clock network delay (ideal)
                          5.00    5.00 v input external delay
     9    0.05    0.10    0.07    5.07 v B[23] (in)
                                         B[23] (net)
                  0.10    0.00    5.07 v _3926_/A (sky130_fd_sc_hd__buf_1)
    10    0.05    0.28    0.29    5.36 v _3926_/X (sky130_fd_sc_hd__buf_1)
                                         _0944_ (net)
                  0.28    0.00    5.36 v _3928_/B (sky130_fd_sc_hd__nand2_2)
     3    0.01    0.10    0.18    5.54 ^ _3928_/Y (sky130_fd_sc_hd__nand2_2)
                                         _0966_ (net)
                  0.10    0.00    5.54 ^ _3929_/B (sky130_fd_sc_hd__nand2b_2)
     7    0.02    0.11    0.12    5.66 v _3929_/Y (sky130_fd_sc_hd__nand2b_2)
                                         _0976_ (net)
                  0.11    0.00    5.66 v _6404_/B1 (sky130_fd_sc_hd__o21ai_2)
     1    0.00    0.05    0.07    5.72 ^ _6404_/Y (sky130_fd_sc_hd__o21ai_2)
                                         _1813_ (net)
                  0.05    0.00    5.72 ^ _6419_/A1 (sky130_fd_sc_hd__a21o_2)
     1    0.01    0.04    0.11    5.84 ^ _6419_/X (sky130_fd_sc_hd__a21o_2)
                                         _1830_ (net)
                  0.04    0.00    5.84 ^ _6420_/B1 (sky130_fd_sc_hd__a21o_2)
     2    0.05    0.23    0.21    6.05 ^ _6420_/X (sky130_fd_sc_hd__a21o_2)
                                         result[23] (net)
                  0.23    0.01    6.05 ^ result[23] (out)
                                  6.05   data arrival time

                  0.00    0.00    0.00   clock __VIRTUAL_CLK__ (rise edge)
                          0.00    0.00   clock network delay (ideal)
                          0.25    0.25   clock uncertainty
                          0.00    0.25   clock reconvergence pessimism
                         -5.00   -4.75   output external delay
                                 -4.75   data required time
-----------------------------------------------------------------------------
                                 -4.75   data required time
                                 -6.05   data arrival time
-----------------------------------------------------------------------------
                                 10.80   slack (MET)


Startpoint: A[31] (input port clocked by __VIRTUAL_CLK__)
Endpoint: result[22] (output port clocked by __VIRTUAL_CLK__)
Path Group: __VIRTUAL_CLK__
Path Type: min

Fanout     Cap    Slew   Delay    Time   Description
-----------------------------------------------------------------------------
                  0.00    0.00    0.00   clock __VIRTUAL_CLK__ (rise edge)
                          0.00    0.00   clock network delay (ideal)
                          5.00    5.00 ^ input external delay
    10    0.03    0.16    0.10    5.10 ^ A[31] (in)
                                         A[31] (net)
                  0.16    0.00    5.10 ^ _4617_/A1 (sky130_fd_sc_hd__a21o_2)
     2    0.01    0.04    0.14    5.25 ^ _4617_/X (sky130_fd_sc_hd__a21o_2)
                                         _3723_ (net)
                  0.04    0.00    5.25 ^ _4620_/A2 (sky130_fd_sc_hd__a21o_2)
     1    0.00    0.03    0.10    5.35 ^ _4620_/X (sky130_fd_sc_hd__a21o_2)
                                         _3726_ (net)
                  0.03    0.00    5.35 ^ _4622_/A2 (sky130_fd_sc_hd__a22o_2)
     2    0.01    0.07    0.15    5.50 ^ _4622_/X (sky130_fd_sc_hd__a22o_2)
                                         _3728_ (net)
                  0.07    0.00    5.50 ^ _6263_/C1 (sky130_fd_sc_hd__a221o_2)
     1    0.00    0.04    0.10    5.60 ^ _6263_/X (sky130_fd_sc_hd__a221o_2)
                                         _1659_ (net)
                  0.04    0.00    5.60 ^ _6268_/A2 (sky130_fd_sc_hd__a21o_2)
     1    0.00    0.03    0.11    5.71 ^ _6268_/X (sky130_fd_sc_hd__a21o_2)
                                         _1664_ (net)
                  0.03    0.00    5.71 ^ _6274_/B1 (sky130_fd_sc_hd__a311o_2)
     1    0.01    0.05    0.10    5.81 ^ _6274_/X (sky130_fd_sc_hd__a311o_2)
                                         _1671_ (net)
                  0.05    0.00    5.81 ^ _6275_/B1 (sky130_fd_sc_hd__a31o_2)
     2    0.05    0.26    0.24    6.05 ^ _6275_/X (sky130_fd_sc_hd__a31o_2)
                                         result[22] (net)
                  0.26    0.00    6.06 ^ result[22] (out)
                                  6.06   data arrival time

                  0.00    0.00    0.00   clock __VIRTUAL_CLK__ (rise edge)
                          0.00    0.00   clock network delay (ideal)
                          0.25    0.25   clock uncertainty
                          0.00    0.25   clock reconvergence pessimism
                         -5.00   -4.75   output external delay
                                 -4.75   data required time
-----------------------------------------------------------------------------
                                 -4.75   data required time
                                 -6.06   data arrival time
-----------------------------------------------------------------------------
                                 10.81   slack (MET)


Startpoint: opcode[3] (input port clocked by __VIRTUAL_CLK__)
Endpoint: result[1] (output port clocked by __VIRTUAL_CLK__)
Path Group: __VIRTUAL_CLK__
Path Type: min

Fanout     Cap    Slew   Delay    Time   Description
-----------------------------------------------------------------------------
                  0.00    0.00    0.00   clock __VIRTUAL_CLK__ (rise edge)
                          0.00    0.00   clock network delay (ideal)
                          5.00    5.00 v input external delay
     7    0.02    0.05    0.03    5.03 v opcode[3] (in)
                                         opcode[3] (net)
                  0.05    0.00    5.03 v _3843_/A (sky130_fd_sc_hd__buf_1)
    10    0.03    0.17    0.19    5.22 v _3843_/X (sky130_fd_sc_hd__buf_1)
                                         _0039_ (net)
                  0.17    0.00    5.22 v _4251_/B (sky130_fd_sc_hd__nor3_2)
     2    0.01    0.15    0.20    5.42 ^ _4251_/Y (sky130_fd_sc_hd__nor3_2)
                                         _3363_ (net)
                  0.15    0.00    5.42 ^ _4309_/A2 (sky130_fd_sc_hd__a31o_2)
     1    0.00    0.03    0.16    5.58 ^ _4309_/X (sky130_fd_sc_hd__a31o_2)
                                         _3420_ (net)
                  0.03    0.00    5.58 ^ _4310_/B1 (sky130_fd_sc_hd__a31o_2)
     1    0.00    0.03    0.08    5.66 ^ _4310_/X (sky130_fd_sc_hd__a31o_2)
                                         _3421_ (net)
                  0.03    0.00    5.66 ^ _4351_/A (sky130_fd_sc_hd__or3_2)
     1    0.00    0.03    0.09    5.75 ^ _4351_/X (sky130_fd_sc_hd__or3_2)
                                         _3462_ (net)
                  0.03    0.00    5.75 ^ _4352_/A (sky130_fd_sc_hd__buf_1)
     2    0.04    0.44    0.33    6.08 ^ _4352_/X (sky130_fd_sc_hd__buf_1)
                                         result[1] (net)
                  0.44    0.00    6.08 ^ result[1] (out)
                                  6.08   data arrival time

                  0.00    0.00    0.00   clock __VIRTUAL_CLK__ (rise edge)
                          0.00    0.00   clock network delay (ideal)
                          0.25    0.25   clock uncertainty
                          0.00    0.25   clock reconvergence pessimism
                         -5.00   -4.75   output external delay
                                 -4.75   data required time
-----------------------------------------------------------------------------
                                 -4.75   data required time
                                 -6.08   data arrival time
-----------------------------------------------------------------------------
                                 10.83   slack (MET)


Startpoint: opcode[0] (input port clocked by __VIRTUAL_CLK__)
Endpoint: result[16] (output port clocked by __VIRTUAL_CLK__)
Path Group: __VIRTUAL_CLK__
Path Type: min

Fanout     Cap    Slew   Delay    Time   Description
-----------------------------------------------------------------------------
                  0.00    0.00    0.00   clock __VIRTUAL_CLK__ (rise edge)
                          0.00    0.00   clock network delay (ideal)
                          5.00    5.00 ^ input external delay
     9    0.03    0.13    0.09    5.09 ^ opcode[0] (in)
                                         opcode[0] (net)
                  0.13    0.00    5.09 ^ _4187_/A (sky130_fd_sc_hd__nor3_2)
     9    0.05    0.12    0.14    5.22 v _4187_/Y (sky130_fd_sc_hd__nor3_2)
                                         _3299_ (net)
                  0.12    0.00    5.23 v _4188_/B (sky130_fd_sc_hd__nand2_2)
     6    0.02    0.14    0.16    5.38 ^ _4188_/Y (sky130_fd_sc_hd__nand2_2)
                                         _3300_ (net)
                  0.14    0.00    5.38 ^ _4192_/A (sky130_fd_sc_hd__nand2_2)
    10    0.04    0.17    0.17    5.55 v _4192_/Y (sky130_fd_sc_hd__nand2_2)
                                         _3304_ (net)
                  0.17    0.00    5.55 v _5525_/A1 (sky130_fd_sc_hd__a21oi_2)
     1    0.01    0.12    0.18    5.74 ^ _5525_/Y (sky130_fd_sc_hd__a21oi_2)
                                         _0853_ (net)
                  0.12    0.00    5.74 ^ _5526_/C1 (sky130_fd_sc_hd__o211a_2)
     1    0.01    0.08    0.21    5.94 ^ _5526_/X (sky130_fd_sc_hd__o211a_2)
                                         _0854_ (net)
                  0.08    0.00    5.94 ^ _5527_/B (sky130_fd_sc_hd__nand2_2)
     2    0.04    0.15    0.15    6.09 v _5527_/Y (sky130_fd_sc_hd__nand2_2)
                                         result[16] (net)
                  0.15    0.00    6.09 v result[16] (out)
                                  6.09   data arrival time

                  0.00    0.00    0.00   clock __VIRTUAL_CLK__ (rise edge)
                          0.00    0.00   clock network delay (ideal)
                          0.25    0.25   clock uncertainty
                          0.00    0.25   clock reconvergence pessimism
                         -5.00   -4.75   output external delay
                                 -4.75   data required time
-----------------------------------------------------------------------------
                                 -4.75   data required time
                                 -6.09   data arrival time
-----------------------------------------------------------------------------
                                 10.84   slack (MET)


Startpoint: opcode[3] (input port clocked by __VIRTUAL_CLK__)
Endpoint: result[19] (output port clocked by __VIRTUAL_CLK__)
Path Group: __VIRTUAL_CLK__
Path Type: min

Fanout     Cap    Slew   Delay    Time   Description
-----------------------------------------------------------------------------
                  0.00    0.00    0.00   clock __VIRTUAL_CLK__ (rise edge)
                          0.00    0.00   clock network delay (ideal)
                          5.00    5.00 v input external delay
     7    0.02    0.05    0.03    5.03 v opcode[3] (in)
                                         opcode[3] (net)
                  0.05    0.00    5.03 v _4186_/B (sky130_fd_sc_hd__nand2b_2)
     5    0.02    0.13    0.12    5.15 ^ _4186_/Y (sky130_fd_sc_hd__nand2b_2)
                                         _3298_ (net)
                  0.13    0.00    5.15 ^ _4381_/A (sky130_fd_sc_hd__nor2_2)
     2    0.01    0.04    0.06    5.21 v _4381_/Y (sky130_fd_sc_hd__nor2_2)
                                         _3491_ (net)
                  0.04    0.00    5.21 v _4382_/A (sky130_fd_sc_hd__buf_1)
    10    0.04    0.24    0.23    5.45 v _4382_/X (sky130_fd_sc_hd__buf_1)
                                         _3492_ (net)
                  0.24    0.00    5.45 v _5639_/A (sky130_fd_sc_hd__buf_1)
    10    0.04    0.22    0.29    5.74 v _5639_/X (sky130_fd_sc_hd__buf_1)
                                         _0977_ (net)
                  0.22    0.00    5.74 v _5876_/A1 (sky130_fd_sc_hd__a31o_2)
     2    0.05    0.13    0.35    6.09 v _5876_/X (sky130_fd_sc_hd__a31o_2)
                                         result[19] (net)
                  0.13    0.01    6.09 v result[19] (out)
                                  6.09   data arrival time

                  0.00    0.00    0.00   clock __VIRTUAL_CLK__ (rise edge)
                          0.00    0.00   clock network delay (ideal)
                          0.25    0.25   clock uncertainty
                          0.00    0.25   clock reconvergence pessimism
                         -5.00   -4.75   output external delay
                                 -4.75   data required time
-----------------------------------------------------------------------------
                                 -4.75   data required time
                                 -6.09   data arrival time
-----------------------------------------------------------------------------
                                 10.84   slack (MET)



worst slack corner Typical: 10.2154
