Reading timing models for corner nom_tt_025C_1v80…
Reading timing library for the 'nom_tt_025C_1v80' corner at '/foss/pdks/ciel/sky130/versions/7b70722e33c03fcb5dabcf4d479fb0822d9251c9/sky130A/libs.ref/sky130_fd_sc_hd/lib/sky130_fd_sc_hd__tt_025C_1v80.lib'…
Reading OpenROAD database at '/foss/designs/alu32_openlane/runs/RUN_2026-05-28_05-26-24/42-openroad-repairantennas/1-openroad-diodeinsertion/alu32.odb'…
Reading design constraints file at '/usr/local/lib/python3.12/dist-packages/librelane/scripts/base.sdc'…
[WARNING STA-0366] port '__VIRTUAL_CLK__' not found.
[INFO] Using clock __VIRTUAL_CLK__…
[INFO] Setting output delay to: 2.0
[INFO] Setting input delay to: 2.0
[WARNING STA-0366] port '__VIRTUAL_CLK__' not found.
[INFO] Setting load to: 0.033442
[INFO] Setting clock uncertainty to: 0.25
[INFO] Setting clock transition to: 0.1499999999999999944488848768742172978818416595458984375
[WARNING STA-0419] transition time can not be specified for virtual clocks.
[INFO] Setting timing derate to: 5%
[WARNING STA-0450] virtual clock __VIRTUAL_CLK__ can not be propagated.
[INFO ORD-0030] Using 6 thread(s).
+ detailed_route -droute_end_iter 64 -or_seed 42 -verbose 1 -output_drc /foss/designs/alu32_openlane/runs/RUN_2026-05-28_05-26-24/44-openroad-detailedrouting/drt-run-0/alu32.drc
[INFO DRT-0149] Reading tech and libs.
[WARNING DRT-0349] LEF58_ENCLOSURE with no CUTCLASS is not supported. Skipping for layer mcon
[WARNING DRT-0349] LEF58_ENCLOSURE with no CUTCLASS is not supported. Skipping for layer mcon
[WARNING DRT-0349] LEF58_ENCLOSURE with no CUTCLASS is not supported. Skipping for layer via
[WARNING DRT-0349] LEF58_ENCLOSURE with no CUTCLASS is not supported. Skipping for layer via
[WARNING DRT-0349] LEF58_ENCLOSURE with no CUTCLASS is not supported. Skipping for layer via2
[WARNING DRT-0349] LEF58_ENCLOSURE with no CUTCLASS is not supported. Skipping for layer via2
[WARNING DRT-0349] LEF58_ENCLOSURE with no CUTCLASS is not supported. Skipping for layer via3
[WARNING DRT-0349] LEF58_ENCLOSURE with no CUTCLASS is not supported. Skipping for layer via3
[WARNING DRT-0349] LEF58_ENCLOSURE with no CUTCLASS is not supported. Skipping for layer via4
[WARNING DRT-0349] LEF58_ENCLOSURE with no CUTCLASS is not supported. Skipping for layer via4

Units:                1000
Number of layers:     13
Number of macros:     445
Number of vias:       29
Number of viarulegen: 25

[INFO DRT-0150] Reading design.

Design:                   alu32
Die area:                 ( 0 0 ) ( 287620 298340 )
Number of track patterns: 12
Number of DEF vias:       0
Number of components:     5555
Number of terminals:      105
Number of snets:          2
Number of nets:           4338

[INFO DRT-0167] List of default vias:
  Layer via
    default via: M1M2_PR
  Layer via2
    default via: M2M3_PR
  Layer via3
    default via: M3M4_PR
  Layer via4
    default via: M4M5_PR
[INFO DRT-0162] Library cell analysis.
[INFO DRT-0163] Instance analysis.
[INFO DRT-0164] Number of unique instances = 205.
[INFO DRT-0168] Init region query.
[INFO DRT-0024]   Complete FR_MASTERSLICE.
[INFO DRT-0024]   Complete licon.
[INFO DRT-0024]   Complete li1.
[INFO DRT-0024]   Complete mcon.
[INFO DRT-0024]   Complete met1.
[INFO DRT-0024]   Complete via.
[INFO DRT-0024]   Complete met2.
[INFO DRT-0024]   Complete via2.
[INFO DRT-0024]   Complete met3.
[INFO DRT-0024]   Complete via3.
[INFO DRT-0024]   Complete met4.
[INFO DRT-0024]   Complete via4.
[INFO DRT-0024]   Complete met5.
[INFO DRT-0033] FR_MASTERSLICE shape region query size = 0.
[INFO DRT-0033] licon shape region query size = 0.
[INFO DRT-0033] li1 shape region query size = 123386.
[INFO DRT-0033] mcon shape region query size = 0.
[INFO DRT-0033] met1 shape region query size = 13648.
[INFO DRT-0033] via shape region query size = 1020.
[INFO DRT-0033] met2 shape region query size = 666.
[INFO DRT-0033] via2 shape region query size = 816.
[INFO DRT-0033] met3 shape region query size = 661.
[INFO DRT-0033] via3 shape region query size = 816.
[INFO DRT-0033] met4 shape region query size = 220.
[INFO DRT-0033] via4 shape region query size = 8.
[INFO DRT-0033] met5 shape region query size = 16.
[INFO DRT-0165] Start pin access.
[INFO DRT-0076]   Complete 1000 pins.
[INFO DRT-0078]   Complete 1644 pins.
[INFO DRT-0079]   Complete 100 unique inst patterns.
[INFO DRT-0079]   Complete 200 unique inst patterns.
[INFO DRT-0081]   Complete 205 unique inst patterns.
[INFO DRT-0084]   Complete 2557 groups.
#scanned instances     = 5555
#unique  instances     = 205
#stdCellGenAp          = 5958
#stdCellValidPlanarAp  = 58
#stdCellValidViaAp     = 4554
#stdCellPinNoAp        = 0
#stdCellPinCnt         = 15469
#instTermValidViaApCnt = 0
#macroGenAp            = 0
#macroValidPlanarAp    = 0
#macroValidViaAp       = 0
#macroNoAp             = 0
[INFO DRT-0166] Complete pin access.
[INFO DRT-0267] cpu time = 00:03:32, elapsed time = 00:00:36, memory = 150.23 (MB), peak = 149.68 (MB)

[INFO DRT-0157] Number of guides:     35344

[INFO DRT-0169] Post process guides.
[INFO DRT-0176] GCELLGRID X 0 DO 41 STEP 6900 ;
[INFO DRT-0177] GCELLGRID Y 0 DO 43 STEP 6900 ;
[INFO DRT-0028]   Complete FR_MASTERSLICE.
[INFO DRT-0028]   Complete licon.
[INFO DRT-0028]   Complete li1.
[INFO DRT-0028]   Complete mcon.
[INFO DRT-0028]   Complete met1.
[INFO DRT-0028]   Complete via.
[INFO DRT-0028]   Complete met2.
[INFO DRT-0028]   Complete via2.
[INFO DRT-0028]   Complete met3.
[INFO DRT-0028]   Complete via3.
[INFO DRT-0028]   Complete met4.
[INFO DRT-0028]   Complete via4.
[INFO DRT-0028]   Complete met5.
[INFO DRT-0178] Init guide query.
[INFO DRT-0035]   Complete FR_MASTERSLICE (guide).
[INFO DRT-0035]   Complete licon (guide).
[INFO DRT-0035]   Complete li1 (guide).
[INFO DRT-0035]   Complete mcon (guide).
[INFO DRT-0035]   Complete met1 (guide).
[INFO DRT-0035]   Complete via (guide).
[INFO DRT-0035]   Complete met2 (guide).
[INFO DRT-0035]   Complete via2 (guide).
[INFO DRT-0035]   Complete met3 (guide).
[INFO DRT-0035]   Complete via3 (guide).
[INFO DRT-0035]   Complete met4 (guide).
[INFO DRT-0035]   Complete via4 (guide).
[INFO DRT-0035]   Complete met5 (guide).
[INFO DRT-0036] FR_MASTERSLICE guide region query size = 0.
[INFO DRT-0036] licon guide region query size = 0.
[INFO DRT-0036] li1 guide region query size = 12189.
[INFO DRT-0036] mcon guide region query size = 0.
[INFO DRT-0036] met1 guide region query size = 10860.
[INFO DRT-0036] via guide region query size = 0.
[INFO DRT-0036] met2 guide region query size = 5567.
[INFO DRT-0036] via2 guide region query size = 0.
[INFO DRT-0036] met3 guide region query size = 410.
[INFO DRT-0036] via3 guide region query size = 0.
[INFO DRT-0036] met4 guide region query size = 139.
[INFO DRT-0036] via4 guide region query size = 0.
[INFO DRT-0036] met5 guide region query size = 5.
[INFO DRT-0179] Init gr pin query.
[INFO DRT-0267] cpu time = 00:00:00, elapsed time = 00:00:00, memory = 162.90 (MB), peak = 162.30 (MB)
[INFO DRT-0245] skipped writing guide updates to database.
[INFO DRT-0185] Post process initialize RPin region query.
[INFO DRT-0181] Start track assignment.
[INFO DRT-0184] Done with 17895 vertical wires in 1 frboxes and 11275 horizontal wires in 1 frboxes.
[INFO DRT-0186] Done with 2462 vertical wires in 1 frboxes and 3516 horizontal wires in 1 frboxes.
[INFO DRT-0182] Complete track assignment.
[INFO DRT-0267] cpu time = 00:00:03, elapsed time = 00:00:02, memory = 244.11 (MB), peak = 243.33 (MB)
[INFO DRT-0187] Start routing data preparation.
[INFO DRT-0267] cpu time = 00:00:00, elapsed time = 00:00:00, memory = 244.11 (MB), peak = 243.33 (MB)
[INFO DRT-0194] Start detail routing.
[INFO DRT-0195] Start 0th optimization iteration.
    Completing 10% with 0 violations.
    elapsed time = 00:00:03, memory = 374.27 (MB).
    Completing 20% with 0 violations.
    elapsed time = 00:00:05, memory = 401.03 (MB).
    Completing 30% with 527 violations.
    elapsed time = 00:00:10, memory = 414.78 (MB).
    Completing 40% with 527 violations.
    elapsed time = 00:00:13, memory = 464.78 (MB).
    Completing 50% with 527 violations.
    elapsed time = 00:00:16, memory = 437.31 (MB).
    Completing 60% with 1020 violations.
    elapsed time = 00:00:22, memory = 491.61 (MB).
    Completing 70% with 1020 violations.
    elapsed time = 00:00:23, memory = 505.53 (MB).
    Completing 80% with 1670 violations.
    elapsed time = 00:00:32, memory = 559.62 (MB).
    Completing 90% with 1670 violations.
    elapsed time = 00:00:35, memory = 565.56 (MB).
    Completing 100% with 2167 violations.
    elapsed time = 00:00:44, memory = 529.71 (MB).
[INFO DRT-0199]   Number of violations = 2391.
Viol/Layer         li1   mcon   met1    via   met2   met3   met4
Cut Spacing          0      3      0      0      0      0      0
Metal Spacing        0      0    359      0     47      1      0
Recheck              2      0    145      0     73      1      3
Short                0      0   1508      1    248      0      0
[INFO DRT-0267] cpu time = 00:02:57, elapsed time = 00:00:45, memory = 826.80 (MB), peak = 826.22 (MB)
Total wire length = 163261 um.
Total wire length on LAYER li1 = 0 um.
Total wire length on LAYER met1 = 68664 um.
Total wire length on LAYER met2 = 76348 um.
Total wire length on LAYER met3 = 10546 um.
Total wire length on LAYER met4 = 7489 um.
Total wire length on LAYER met5 = 212 um.
Total number of vias = 34583.
Up-via summary (total 34583):

------------------------
 FR_MASTERSLICE        0
            li1    15671
           met1    17812
           met2      826
           met3      264
           met4       10
------------------------
               34583


[INFO DRT-0195] Start 1st optimization iteration.
    Completing 10% with 2391 violations.
    elapsed time = 00:00:01, memory = 826.80 (MB).
    Completing 20% with 2391 violations.
    elapsed time = 00:00:02, memory = 826.80 (MB).
    Completing 30% with 2391 violations.
    elapsed time = 00:00:05, memory = 826.80 (MB).
    Completing 40% with 2105 violations.
    elapsed time = 00:00:11, memory = 870.95 (MB).
    Completing 50% with 2105 violations.
    elapsed time = 00:00:12, memory = 870.95 (MB).
    Completing 60% with 1791 violations.
    elapsed time = 00:00:15, memory = 835.65 (MB).
    Completing 70% with 1791 violations.
    elapsed time = 00:00:18, memory = 836.25 (MB).
    Completing 80% with 1791 violations.
    elapsed time = 00:00:22, memory = 836.25 (MB).
    Completing 90% with 1495 violations.
    elapsed time = 00:00:29, memory = 843.64 (MB).
    Completing 100% with 1259 violations.
    elapsed time = 00:00:31, memory = 838.91 (MB).
[INFO DRT-0199]   Number of violations = 1259.
Viol/Layer        mcon   met1   met2   met3
Cut Spacing          2      0      0      0
Metal Spacing        0    194     37      1
Short                0    924    101      0
[INFO DRT-0267] cpu time = 00:02:22, elapsed time = 00:00:32, memory = 839.83 (MB), peak = 870.34 (MB)
Total wire length = 162352 um.
Total wire length on LAYER li1 = 0 um.
Total wire length on LAYER met1 = 67759 um.
Total wire length on LAYER met2 = 75895 um.
Total wire length on LAYER met3 = 11039 um.
Total wire length on LAYER met4 = 7442 um.
Total wire length on LAYER met5 = 215 um.
Total number of vias = 34542.
Up-via summary (total 34542):

------------------------
 FR_MASTERSLICE        0
            li1    15683
           met1    17616
           met2      961
           met3      272
           met4       10
------------------------
               34542


[INFO DRT-0195] Start 2nd optimization iteration.
    Completing 10% with 1259 violations.
    elapsed time = 00:00:00, memory = 839.83 (MB).
    Completing 20% with 1259 violations.
    elapsed time = 00:00:03, memory = 839.83 (MB).
    Completing 30% with 1259 violations.
    elapsed time = 00:00:06, memory = 839.83 (MB).
    Completing 40% with 1232 violations.
    elapsed time = 00:00:12, memory = 850.46 (MB).
    Completing 50% with 1232 violations.
    elapsed time = 00:00:15, memory = 850.46 (MB).
    Completing 60% with 1280 violations.
    elapsed time = 00:00:22, memory = 845.50 (MB).
    Completing 70% with 1280 violations.
    elapsed time = 00:00:25, memory = 845.50 (MB).
    Completing 80% with 1280 violations.
    elapsed time = 00:00:30, memory = 845.50 (MB).
    Completing 90% with 1380 violations.
    elapsed time = 00:00:37, memory = 856.02 (MB).
    Completing 100% with 1467 violations.
    elapsed time = 00:00:39, memory = 850.70 (MB).
[INFO DRT-0199]   Number of violations = 1467.
Viol/Layer        mcon   met1   met2   met3
Cut Spacing          4      0      0      0
Metal Spacing        0    199     45      1
Short                0   1107    111      0
[INFO DRT-0267] cpu time = 00:02:44, elapsed time = 00:00:40, memory = 853.68 (MB), peak = 870.34 (MB)
Total wire length = 162143 um.
Total wire length on LAYER li1 = 0 um.
Total wire length on LAYER met1 = 67931 um.
Total wire length on LAYER met2 = 75644 um.
Total wire length on LAYER met3 = 10896 um.
Total wire length on LAYER met4 = 7455 um.
Total wire length on LAYER met5 = 214 um.
Total number of vias = 34465.
Up-via summary (total 34465):

------------------------
 FR_MASTERSLICE        0
            li1    15689
           met1    17546
           met2      947
           met3      273
           met4       10
------------------------
               34465


[INFO DRT-0195] Start 3rd optimization iteration.
    Completing 10% with 1467 violations.
    elapsed time = 00:00:02, memory = 857.89 (MB).
    Completing 20% with 1467 violations.
    elapsed time = 00:00:03, memory = 859.30 (MB).
    Completing 30% with 1221 violations.
    elapsed time = 00:00:11, memory = 853.88 (MB).
    Completing 40% with 1221 violations.
    elapsed time = 00:00:13, memory = 853.88 (MB).
    Completing 50% with 1221 violations.
    elapsed time = 00:00:15, memory = 853.88 (MB).
    Completing 60% with 887 violations.
    elapsed time = 00:00:20, memory = 853.88 (MB).
    Completing 70% with 887 violations.
    elapsed time = 00:00:21, memory = 853.88 (MB).
    Completing 80% with 560 violations.
    elapsed time = 00:00:32, memory = 856.87 (MB).
    Completing 90% with 560 violations.
    elapsed time = 00:00:33, memory = 856.87 (MB).
    Completing 100% with 248 violations.
    elapsed time = 00:00:42, memory = 856.87 (MB).
[INFO DRT-0199]   Number of violations = 248.
Viol/Layer        met1   met2
Metal Spacing       60     34
Short              120     34
[INFO DRT-0267] cpu time = 00:02:07, elapsed time = 00:00:42, memory = 856.87 (MB), peak = 870.34 (MB)
Total wire length = 161804 um.
Total wire length on LAYER li1 = 0 um.
Total wire length on LAYER met1 = 63717 um.
Total wire length on LAYER met2 = 75260 um.
Total wire length on LAYER met3 = 14730 um.
Total wire length on LAYER met4 = 7881 um.
Total wire length on LAYER met5 = 214 um.
Total number of vias = 35218.
Up-via summary (total 35218):

------------------------
 FR_MASTERSLICE        0
            li1    15694
           met1    17701
           met2     1493
           met3      320
           met4       10
------------------------
               35218


[INFO DRT-0195] Start 4th optimization iteration.
    Completing 10% with 248 violations.
    elapsed time = 00:00:00, memory = 856.87 (MB).
    Completing 20% with 248 violations.
    elapsed time = 00:00:00, memory = 856.87 (MB).
    Completing 30% with 205 violations.
    elapsed time = 00:00:00, memory = 856.87 (MB).
    Completing 40% with 205 violations.
    elapsed time = 00:00:00, memory = 856.87 (MB).
    Completing 50% with 205 violations.
    elapsed time = 00:00:01, memory = 856.87 (MB).
    Completing 60% with 155 violations.
    elapsed time = 00:00:01, memory = 856.87 (MB).
    Completing 70% with 155 violations.
    elapsed time = 00:00:01, memory = 856.87 (MB).
    Completing 80% with 72 violations.
    elapsed time = 00:00:02, memory = 856.87 (MB).
    Completing 90% with 72 violations.
    elapsed time = 00:00:02, memory = 856.87 (MB).
    Completing 100% with 0 violations.
    elapsed time = 00:00:03, memory = 856.87 (MB).
[INFO DRT-0199]   Number of violations = 0.
[INFO DRT-0267] cpu time = 00:00:09, elapsed time = 00:00:03, memory = 856.87 (MB), peak = 870.34 (MB)
Total wire length = 161753 um.
Total wire length on LAYER li1 = 0 um.
Total wire length on LAYER met1 = 63472 um.
Total wire length on LAYER met2 = 75245 um.
Total wire length on LAYER met3 = 14934 um.
Total wire length on LAYER met4 = 7886 um.
Total wire length on LAYER met5 = 214 um.
Total number of vias = 35221.
Up-via summary (total 35221):

------------------------
 FR_MASTERSLICE        0
            li1    15696
           met1    17701
           met2     1498
           met3      316
           met4       10
------------------------
               35221


[INFO DRT-0198] Complete detail routing.
Total wire length = 161753 um.
Total wire length on LAYER li1 = 0 um.
Total wire length on LAYER met1 = 63472 um.
Total wire length on LAYER met2 = 75245 um.
Total wire length on LAYER met3 = 14934 um.
Total wire length on LAYER met4 = 7886 um.
Total wire length on LAYER met5 = 214 um.
Total number of vias = 35221.
Up-via summary (total 35221):

------------------------
 FR_MASTERSLICE        0
            li1    15696
           met1    17701
           met2     1498
           met3      316
           met4       10
------------------------
               35221


[INFO DRT-0267] cpu time = 00:10:20, elapsed time = 00:02:43, memory = 856.99 (MB), peak = 870.34 (MB)

[INFO DRT-0180] Post processing.
+ check_antennas 
[INFO ANT-0002] Found 3 net violations.
[INFO ANT-0001] Found 3 pin violations.
[INFO] Running antenna repair iteration 1…
+ repair_antennas sky130_fd_sc_hd__diode_2 -ratio_margin 10
[INFO GRT-0012] Found 5 antenna violations.
[INFO GRT-0015] Inserted 5 diodes.
+ detailed_route -droute_end_iter 64 -or_seed 42 -verbose 1 -output_drc /foss/designs/alu32_openlane/runs/RUN_2026-05-28_05-26-24/44-openroad-detailedrouting/drt-run-1/alu32.drc
[INFO DRT-0024]   Complete FR_MASTERSLICE.
[INFO DRT-0024]   Complete licon.
[INFO DRT-0024]   Complete li1.
[INFO DRT-0024]   Complete mcon.
[INFO DRT-0024]   Complete met1.
[INFO DRT-0024]   Complete via.
[INFO DRT-0024]   Complete met2.
[INFO DRT-0024]   Complete via2.
[INFO DRT-0024]   Complete met3.
[INFO DRT-0024]   Complete via3.
[INFO DRT-0024]   Complete met4.
[INFO DRT-0024]   Complete via4.
[INFO DRT-0024]   Complete met5.
[INFO DRT-0165] Start pin access.
[INFO DRT-0076]   Complete 1000 pins.
[INFO DRT-0078]   Complete 1649 pins.
[INFO DRT-0079]   Complete 100 unique inst patterns.
[INFO DRT-0079]   Complete 200 unique inst patterns.
[INFO DRT-0081]   Complete 206 unique inst patterns.
[INFO DRT-0084]   Complete 2556 groups.
#scanned instances     = 5560
#unique  instances     = 206
#stdCellGenAp          = 5970
#stdCellValidPlanarAp  = 58
#stdCellValidViaAp     = 4566
#stdCellPinNoAp        = 0
#stdCellPinCnt         = 15469
#instTermValidViaApCnt = 0
#macroGenAp            = 0
#macroValidPlanarAp    = 0
#macroValidViaAp       = 0
#macroNoAp             = 0
[INFO DRT-0166] Complete pin access.
[INFO DRT-0267] cpu time = 00:03:36, elapsed time = 00:00:37, memory = 859.29 (MB), peak = 870.34 (MB)

[INFO DRT-0157] Number of guides:     35324

[INFO DRT-0169] Post process guides.
[INFO DRT-0176] GCELLGRID X 0 DO 41 STEP 6900 ;
[INFO DRT-0177] GCELLGRID Y 0 DO 43 STEP 6900 ;
[INFO DRT-0028]   Complete FR_MASTERSLICE.
[INFO DRT-0028]   Complete licon.
[INFO DRT-0028]   Complete li1.
[INFO DRT-0028]   Complete mcon.
[INFO DRT-0028]   Complete met1.
[INFO DRT-0028]   Complete via.
[INFO DRT-0028]   Complete met2.
[INFO DRT-0028]   Complete via2.
[INFO DRT-0028]   Complete met3.
[INFO DRT-0028]   Complete via3.
[INFO DRT-0028]   Complete met4.
[INFO DRT-0028]   Complete via4.
[INFO DRT-0028]   Complete met5.
[INFO DRT-0178] Init guide query.
[INFO DRT-0035]   Complete FR_MASTERSLICE (guide).
[INFO DRT-0035]   Complete licon (guide).
[INFO DRT-0035]   Complete li1 (guide).
[INFO DRT-0035]   Complete mcon (guide).
[INFO DRT-0035]   Complete met1 (guide).
[INFO DRT-0035]   Complete via (guide).
[INFO DRT-0035]   Complete met2 (guide).
[INFO DRT-0035]   Complete via2 (guide).
[INFO DRT-0035]   Complete met3 (guide).
[INFO DRT-0035]   Complete via3 (guide).
[INFO DRT-0035]   Complete met4 (guide).
[INFO DRT-0035]   Complete via4 (guide).
[INFO DRT-0035]   Complete met5 (guide).
[INFO DRT-0036] FR_MASTERSLICE guide region query size = 0.
[INFO DRT-0036] licon guide region query size = 0.
[INFO DRT-0036] li1 guide region query size = 12192.
[INFO DRT-0036] mcon guide region query size = 0.
[INFO DRT-0036] met1 guide region query size = 10859.
[INFO DRT-0036] via guide region query size = 0.
[INFO DRT-0036] met2 guide region query size = 5561.
[INFO DRT-0036] via2 guide region query size = 0.
[INFO DRT-0036] met3 guide region query size = 403.
[INFO DRT-0036] via3 guide region query size = 0.
[INFO DRT-0036] met4 guide region query size = 135.
[INFO DRT-0036] via4 guide region query size = 0.
[INFO DRT-0036] met5 guide region query size = 4.
[INFO DRT-0179] Init gr pin query.
[INFO DRT-0267] cpu time = 00:00:00, elapsed time = 00:00:00, memory = 859.29 (MB), peak = 870.34 (MB)
[INFO DRT-0245] skipped writing guide updates to database.
[INFO DRT-0185] Post process initialize RPin region query.
[INFO DRT-0181] Start track assignment.
[INFO DRT-0184] Done with 17888 vertical wires in 1 frboxes and 11266 horizontal wires in 1 frboxes.
[INFO DRT-0186] Done with 2523 vertical wires in 1 frboxes and 3628 horizontal wires in 1 frboxes.
[INFO DRT-0182] Complete track assignment.
[INFO DRT-0267] cpu time = 00:00:03, elapsed time = 00:00:02, memory = 859.29 (MB), peak = 870.34 (MB)
[INFO DRT-0187] Start routing data preparation.
[INFO DRT-0267] cpu time = 00:00:00, elapsed time = 00:00:00, memory = 859.29 (MB), peak = 870.34 (MB)
[INFO DRT-0194] Start detail routing.
[INFO DRT-0195] Start 0th optimization iteration.
    Completing 10% with 0 violations.
    elapsed time = 00:00:00, memory = 859.29 (MB).
    Completing 20% with 0 violations.
    elapsed time = 00:00:01, memory = 859.29 (MB).
    Completing 30% with 67 violations.
    elapsed time = 00:00:02, memory = 859.29 (MB).
    Completing 40% with 67 violations.
    elapsed time = 00:00:02, memory = 859.29 (MB).
    Completing 50% with 67 violations.
    elapsed time = 00:00:03, memory = 859.29 (MB).
    Completing 60% with 103 violations.
    elapsed time = 00:00:03, memory = 859.29 (MB).
    Completing 70% with 103 violations.
    elapsed time = 00:00:04, memory = 859.29 (MB).
    Completing 80% with 170 violations.
    elapsed time = 00:00:06, memory = 890.77 (MB).
    Completing 90% with 170 violations.
    elapsed time = 00:00:07, memory = 890.77 (MB).
    Completing 100% with 199 violations.
    elapsed time = 00:00:07, memory = 859.29 (MB).
[INFO DRT-0199]   Number of violations = 235.
Viol/Layer        met1   met2   met3   met4
Metal Spacing        9      8      0      0
Recheck             16     17      2      1
Short               88     90      3      1
[INFO DRT-0267] cpu time = 00:00:31, elapsed time = 00:00:08, memory = 957.85 (MB), peak = 957.48 (MB)
Total wire length = 161878 um.
Total wire length on LAYER li1 = 0 um.
Total wire length on LAYER met1 = 63805 um.
Total wire length on LAYER met2 = 75252 um.
Total wire length on LAYER met3 = 14647 um.
Total wire length on LAYER met4 = 7967 um.
Total wire length on LAYER met5 = 206 um.
Total number of vias = 35196.
Up-via summary (total 35196):

------------------------
 FR_MASTERSLICE        0
            li1    15703
           met1    17731
           met2     1447
           met3      307
           met4        8
------------------------
               35196


[INFO DRT-0195] Start 1st optimization iteration.
    Completing 10% with 235 violations.
    elapsed time = 00:00:00, memory = 957.85 (MB).
    Completing 20% with 235 violations.
    elapsed time = 00:00:00, memory = 957.85 (MB).
    Completing 30% with 235 violations.
    elapsed time = 00:00:01, memory = 957.85 (MB).
    Completing 40% with 161 violations.
    elapsed time = 00:00:02, memory = 957.85 (MB).
    Completing 50% with 161 violations.
    elapsed time = 00:00:02, memory = 957.85 (MB).
    Completing 60% with 127 violations.
    elapsed time = 00:00:02, memory = 957.85 (MB).
    Completing 70% with 127 violations.
    elapsed time = 00:00:03, memory = 957.85 (MB).
    Completing 80% with 127 violations.
    elapsed time = 00:00:05, memory = 957.85 (MB).
    Completing 90% with 116 violations.
    elapsed time = 00:00:06, memory = 957.85 (MB).
    Completing 100% with 92 violations.
    elapsed time = 00:00:06, memory = 957.85 (MB).
[INFO DRT-0199]   Number of violations = 92.
Viol/Layer        met1   met2
Metal Spacing        6      6
Short               51     29
[INFO DRT-0267] cpu time = 00:00:25, elapsed time = 00:00:07, memory = 856.41 (MB), peak = 957.48 (MB)
Total wire length = 161790 um.
Total wire length on LAYER li1 = 0 um.
Total wire length on LAYER met1 = 63794 um.
Total wire length on LAYER met2 = 75169 um.
Total wire length on LAYER met3 = 14647 um.
Total wire length on LAYER met4 = 7972 um.
Total wire length on LAYER met5 = 206 um.
Total number of vias = 35164.
Up-via summary (total 35164):

------------------------
 FR_MASTERSLICE        0
            li1    15701
           met1    17698
           met2     1448
           met3      309
           met4        8
------------------------
               35164


[INFO DRT-0195] Start 2nd optimization iteration.
    Completing 10% with 92 violations.
    elapsed time = 00:00:00, memory = 856.41 (MB).
    Completing 20% with 92 violations.
    elapsed time = 00:00:00, memory = 856.41 (MB).
    Completing 30% with 92 violations.
    elapsed time = 00:00:00, memory = 856.41 (MB).
    Completing 40% with 81 violations.
    elapsed time = 00:00:00, memory = 856.41 (MB).
    Completing 50% with 81 violations.
    elapsed time = 00:00:00, memory = 856.41 (MB).
    Completing 60% with 67 violations.
    elapsed time = 00:00:02, memory = 856.41 (MB).
    Completing 70% with 67 violations.
    elapsed time = 00:00:02, memory = 856.41 (MB).
    Completing 80% with 67 violations.
    elapsed time = 00:00:02, memory = 856.41 (MB).
    Completing 90% with 67 violations.
    elapsed time = 00:00:02, memory = 856.41 (MB).
    Completing 100% with 81 violations.
    elapsed time = 00:00:03, memory = 856.41 (MB).
[INFO DRT-0199]   Number of violations = 81.
Viol/Layer        met1   met2
Metal Spacing        1      2
Short               54     24
[INFO DRT-0267] cpu time = 00:00:08, elapsed time = 00:00:03, memory = 957.88 (MB), peak = 957.48 (MB)
Total wire length = 161777 um.
Total wire length on LAYER li1 = 0 um.
Total wire length on LAYER met1 = 63792 um.
Total wire length on LAYER met2 = 75160 um.
Total wire length on LAYER met3 = 14652 um.
Total wire length on LAYER met4 = 7966 um.
Total wire length on LAYER met5 = 206 um.
Total number of vias = 35162.
Up-via summary (total 35162):

------------------------
 FR_MASTERSLICE        0
            li1    15700
           met1    17698
           met2     1448
           met3      308
           met4        8
------------------------
               35162


[INFO DRT-0195] Start 3rd guides tiles iteration.
    Completing 10% with 81 violations.
    elapsed time = 00:00:00, memory = 971.88 (MB).
    Completing 20% with 81 violations.
    elapsed time = 00:00:00, memory = 1062.04 (MB).
    Completing 30% with 81 violations.
    elapsed time = 00:00:00, memory = 1069.50 (MB).
    Completing 40% with 81 violations.
    elapsed time = 00:00:12, memory = 957.88 (MB).
    Completing 50% with 81 violations.
    elapsed time = 00:00:13, memory = 957.88 (MB).
    Completing 60% with 20 violations.
    elapsed time = 00:00:13, memory = 957.88 (MB).
    Completing 70% with 20 violations.
    elapsed time = 00:00:13, memory = 957.88 (MB).
    Completing 80% with 20 violations.
    elapsed time = 00:00:13, memory = 957.88 (MB).
    Completing 90% with 20 violations.
    elapsed time = 00:00:13, memory = 957.88 (MB).
    Completing 100% with 0 violations.
    elapsed time = 00:00:16, memory = 856.41 (MB).
[INFO DRT-0199]   Number of violations = 0.
[INFO DRT-0267] cpu time = 00:00:30, elapsed time = 00:00:16, memory = 957.92 (MB), peak = 1076.11 (MB)
Total wire length = 161706 um.
Total wire length on LAYER li1 = 0 um.
Total wire length on LAYER met1 = 63296 um.
Total wire length on LAYER met2 = 74654 um.
Total wire length on LAYER met3 = 15093 um.
Total wire length on LAYER met4 = 8456 um.
Total wire length on LAYER met5 = 206 um.
Total number of vias = 35210.
Up-via summary (total 35210):

------------------------
 FR_MASTERSLICE        0
            li1    15704
           met1    17676
           met2     1495
           met3      327
           met4        8
------------------------
               35210


[INFO DRT-0198] Complete detail routing.
Total wire length = 161706 um.
Total wire length on LAYER li1 = 0 um.
Total wire length on LAYER met1 = 63296 um.
Total wire length on LAYER met2 = 74654 um.
Total wire length on LAYER met3 = 15093 um.
Total wire length on LAYER met4 = 8456 um.
Total wire length on LAYER met5 = 206 um.
Total number of vias = 35210.
Up-via summary (total 35210):

------------------------
 FR_MASTERSLICE        0
            li1    15704
           met1    17676
           met2     1495
           met3      327
           met4        8
------------------------
               35210


[INFO DRT-0267] cpu time = 00:01:36, elapsed time = 00:00:35, memory = 957.92 (MB), peak = 1076.11 (MB)

[INFO DRT-0180] Post processing.
+ check_antennas 
[INFO ANT-0002] Found 0 net violations.
[INFO ANT-0001] Found 0 pin violations.
Setting global connections for newly added cells…
[INFO] Setting global connections...
[INFO ODB-0403] 20 connections made, 0 conflicts skipped.
Updating metrics…
Cell type report:                       Count       Area
  Fill cell                               202     758.23
  Tap cell                               1081    1352.55
  Antenna cell                              7      17.52
  Timing Repair Buffer                    752    6359.85
  Inverter                                 73     274.01
  Multi-Input combinational cell         3445   35418.97
  Total                                  5560   44181.12
Writing OpenROAD database to '/foss/designs/alu32_openlane/runs/RUN_2026-05-28_05-26-24/44-openroad-detailedrouting/alu32.odb'…
Writing netlist to '/foss/designs/alu32_openlane/runs/RUN_2026-05-28_05-26-24/44-openroad-detailedrouting/alu32.nl.v'…
Writing powered netlist to '/foss/designs/alu32_openlane/runs/RUN_2026-05-28_05-26-24/44-openroad-detailedrouting/alu32.pnl.v'…
Writing layout to '/foss/designs/alu32_openlane/runs/RUN_2026-05-28_05-26-24/44-openroad-detailedrouting/alu32.def'…
Writing timing constraints to '/foss/designs/alu32_openlane/runs/RUN_2026-05-28_05-26-24/44-openroad-detailedrouting/alu32.sdc'…
