
===========================================================================
report_checks -unconstrained
===========================================================================
======================= Fastest Corner ===================================

Startpoint: B[9] (input port clocked by __VIRTUAL_CLK__)
Endpoint: zero (output port clocked by __VIRTUAL_CLK__)
Path Group: __VIRTUAL_CLK__
Path Type: max
Corner: Fastest

Fanout     Cap    Slew   Delay    Time   Description
-----------------------------------------------------------------------------
                  0.00    0.00    0.00   clock __VIRTUAL_CLK__ (rise edge)
                          0.00    0.00   clock network delay (ideal)
                          5.00    5.00 ^ input external delay
     1    0.00    0.02    0.01    5.01 ^ B[9] (in)
                                         B[9] (net)
                  0.02    0.00    5.01 ^ input62/A (sky130_fd_sc_hd__buf_1)
     4    0.03    0.23    0.19    5.20 ^ input62/X (sky130_fd_sc_hd__buf_1)
                                         net62 (net)
                  0.23    0.00    5.20 ^ _3986_/A (sky130_fd_sc_hd__buf_4)
    10    0.06    0.12    0.17    5.37 ^ _3986_/X (sky130_fd_sc_hd__buf_4)
                                         _1599_ (net)
                  0.12    0.01    5.38 ^ _3987_/A (sky130_fd_sc_hd__clkbuf_4)
    10    0.07    0.16    0.21    5.59 ^ _3987_/X (sky130_fd_sc_hd__clkbuf_4)
                                         _1610_ (net)
                  0.16    0.00    5.59 ^ _3988_/A (sky130_fd_sc_hd__buf_4)
    10    0.09    0.19    0.20    5.79 ^ _3988_/X (sky130_fd_sc_hd__buf_4)
                                         _1621_ (net)
                  0.19    0.01    5.80 ^ _4936_/D (sky130_fd_sc_hd__and4_1)
     2    0.01    0.08    0.17    5.97 ^ _4936_/X (sky130_fd_sc_hd__and4_1)
                                         _0210_ (net)
                  0.08    0.00    5.97 ^ _5033_/B1_N (sky130_fd_sc_hd__o21ba_1)
     2    0.01    0.05    0.12    6.09 v _5033_/X (sky130_fd_sc_hd__o21ba_1)
                                         _0316_ (net)
                  0.05    0.00    6.09 v _5034_/B (sky130_fd_sc_hd__xnor2_1)
     2    0.01    0.15    0.15    6.24 ^ _5034_/Y (sky130_fd_sc_hd__xnor2_1)
                                         _0317_ (net)
                  0.15    0.00    6.24 ^ _5133_/B_N (sky130_fd_sc_hd__or2b_1)
     2    0.01    0.05    0.17    6.42 v _5133_/X (sky130_fd_sc_hd__or2b_1)
                                         _0425_ (net)
                  0.05    0.00    6.42 v _5151_/C1 (sky130_fd_sc_hd__o211a_1)
     2    0.01    0.04    0.09    6.50 v _5151_/X (sky130_fd_sc_hd__o211a_1)
                                         _0445_ (net)
                  0.04    0.00    6.50 v _5186_/B (sky130_fd_sc_hd__or4bb_4)
     3    0.02    0.07    0.35    6.85 v _5186_/X (sky130_fd_sc_hd__or4bb_4)
                                         _0483_ (net)
                  0.07    0.00    6.85 v rebuffer15/A (sky130_fd_sc_hd__buf_6)
     2    0.01    0.02    0.09    6.95 v rebuffer15/X (sky130_fd_sc_hd__buf_6)
                                         net133 (net)
                  0.02    0.00    6.95 v rebuffer9/A (sky130_fd_sc_hd__dlymetal6s4s_1)
     1    0.01    0.03    0.17    7.11 v rebuffer9/X (sky130_fd_sc_hd__dlymetal6s4s_1)
                                         net127 (net)
                  0.03    0.00    7.11 v _5189_/A1 (sky130_fd_sc_hd__a211oi_2)
     2    0.01    0.22    0.22    7.33 ^ _5189_/Y (sky130_fd_sc_hd__a211oi_2)
                                         _0487_ (net)
                  0.22    0.00    7.33 ^ _5190_/C (sky130_fd_sc_hd__nor3_4)
     4    0.02    0.07    0.04    7.37 v _5190_/Y (sky130_fd_sc_hd__nor3_4)
                                         _0488_ (net)
                  0.07    0.00    7.37 v _5192_/B1 (sky130_fd_sc_hd__a211oi_2)
     4    0.02    0.26    0.21    7.58 ^ _5192_/Y (sky130_fd_sc_hd__a211oi_2)
                                         _0490_ (net)
                  0.26    0.00    7.58 ^ _5279_/B1 (sky130_fd_sc_hd__a21o_1)
     2    0.01    0.06    0.08    7.66 ^ _5279_/X (sky130_fd_sc_hd__a21o_1)
                                         _0585_ (net)
                  0.06    0.00    7.66 ^ _5280_/B_N (sky130_fd_sc_hd__nor2b_1)
     5    0.02    0.25    0.24    7.90 ^ _5280_/Y (sky130_fd_sc_hd__nor2b_1)
                                         _0586_ (net)
                  0.25    0.00    7.90 ^ _5282_/C (sky130_fd_sc_hd__nand3_1)
     2    0.01    0.07    0.08    7.98 v _5282_/Y (sky130_fd_sc_hd__nand3_1)
                                         _0588_ (net)
                  0.07    0.00    7.98 v _5502_/A1 (sky130_fd_sc_hd__o31a_1)
     2    0.01    0.06    0.24    8.22 v _5502_/X (sky130_fd_sc_hd__o31a_1)
                                         _0828_ (net)
                  0.06    0.00    8.22 v _5503_/B1 (sky130_fd_sc_hd__o31a_1)
     2    0.01    0.04    0.09    8.31 v _5503_/X (sky130_fd_sc_hd__o31a_1)
                                         _0829_ (net)
                  0.04    0.00    8.31 v _5505_/A1 (sky130_fd_sc_hd__a21o_1)
     3    0.04    0.12    0.19    8.50 v _5505_/X (sky130_fd_sc_hd__a21o_1)
                                         _0831_ (net)
                  0.12    0.00    8.50 v _6550_/A (sky130_fd_sc_hd__or4_4)
     3    0.01    0.07    0.38    8.88 v _6550_/X (sky130_fd_sc_hd__or4_4)
                                         _1973_ (net)
                  0.07    0.00    8.88 v _6552_/A1 (sky130_fd_sc_hd__a31o_4)
     3    0.02    0.04    0.18    9.06 v _6552_/X (sky130_fd_sc_hd__a31o_4)
                                         _1975_ (net)
                  0.04    0.00    9.06 v _6553_/A (sky130_fd_sc_hd__and3_1)
     1    0.01    0.04    0.11    9.16 v _6553_/X (sky130_fd_sc_hd__and3_1)
                                         _1976_ (net)
                  0.04    0.00    9.16 v _6574_/C (sky130_fd_sc_hd__or3_4)
     1    0.00    0.05    0.20    9.37 v _6574_/X (sky130_fd_sc_hd__or3_4)
                                         _1999_ (net)
                  0.05    0.00    9.37 v _6575_/A (sky130_fd_sc_hd__buf_6)
     2    0.03    0.03    0.10    9.46 v _6575_/X (sky130_fd_sc_hd__buf_6)
                                         net85 (net)
                  0.03    0.00    9.46 v _7702_/D (sky130_fd_sc_hd__or4_4)
     1    0.00    0.06    0.25    9.71 v _7702_/X (sky130_fd_sc_hd__or4_4)
                                         _3232_ (net)
                  0.06    0.00    9.71 v _7704_/D (sky130_fd_sc_hd__or4_4)
     1    0.02    0.07    0.29   10.00 v _7704_/X (sky130_fd_sc_hd__or4_4)
                                         _3234_ (net)
                  0.07    0.00   10.00 v _7706_/D (sky130_fd_sc_hd__nor4_4)
     1    0.01    0.17    0.13   10.13 ^ _7706_/Y (sky130_fd_sc_hd__nor4_4)
                                         _3236_ (net)
                  0.17    0.00   10.13 ^ wire102/A (sky130_fd_sc_hd__clkbuf_2)
     1    0.01    0.06    0.12   10.25 ^ wire102/X (sky130_fd_sc_hd__clkbuf_2)
                                         net102 (net)
                  0.06    0.00   10.25 ^ _7707_/D_N (sky130_fd_sc_hd__nor4b_4)
     1    0.01    0.18    0.17   10.42 ^ _7707_/Y (sky130_fd_sc_hd__nor4b_4)
                                         net101 (net)
                  0.18    0.00   10.42 ^ output101/A (sky130_fd_sc_hd__buf_6)
     1    0.04    0.06    0.11   10.53 ^ output101/X (sky130_fd_sc_hd__buf_6)
                                         zero (net)
                  0.06    0.00   10.53 ^ zero (out)
                                 10.53   data arrival time

                  0.00   25.00   25.00   clock __VIRTUAL_CLK__ (rise edge)
                          0.00   25.00   clock network delay (ideal)
                         -0.25   24.75   clock uncertainty
                          0.00   24.75   clock reconvergence pessimism
                         -5.00   19.75   output external delay
                                 19.75   data required time
-----------------------------------------------------------------------------
                                 19.75   data required time
                                -10.53   data arrival time
-----------------------------------------------------------------------------
                                  9.22   slack (MET)



======================= Slowest Corner ===================================

Startpoint: B[1] (input port clocked by __VIRTUAL_CLK__)
Endpoint: zero (output port clocked by __VIRTUAL_CLK__)
Path Group: __VIRTUAL_CLK__
Path Type: max
Corner: Slowest

Fanout     Cap    Slew   Delay    Time   Description
-----------------------------------------------------------------------------
                  0.00    0.00    0.00   clock __VIRTUAL_CLK__ (rise edge)
                          0.00    0.00   clock network delay (ideal)
                          5.00    5.00 ^ input external delay
     1    0.00    0.04    0.02    5.02 ^ B[1] (in)
                                         B[1] (net)
                  0.04    0.00    5.02 ^ input42/A (sky130_fd_sc_hd__clkbuf_2)
     6    0.04    0.32    0.37    5.39 ^ input42/X (sky130_fd_sc_hd__clkbuf_2)
                                         net42 (net)
                  0.32    0.00    5.39 ^ _4116_/A (sky130_fd_sc_hd__buf_6)
     5    0.06    0.19    0.39    5.78 ^ _4116_/X (sky130_fd_sc_hd__buf_6)
                                         _3021_ (net)
                  0.19    0.00    5.78 ^ _4117_/A (sky130_fd_sc_hd__buf_4)
    10    0.10    0.43    0.53    6.31 ^ _4117_/X (sky130_fd_sc_hd__buf_4)
                                         _3032_ (net)
                  0.43    0.04    6.35 ^ _4118_/A (sky130_fd_sc_hd__buf_6)
    10    0.08    0.25    0.47    6.82 ^ _4118_/X (sky130_fd_sc_hd__buf_6)
                                         _3043_ (net)
                  0.25    0.01    6.83 ^ _4198_/A (sky130_fd_sc_hd__buf_6)
    10    0.09    0.30    0.45    7.28 ^ _4198_/X (sky130_fd_sc_hd__buf_6)
                                         _3310_ (net)
                  0.30    0.01    7.29 ^ _4199_/A (sky130_fd_sc_hd__clkbuf_4)
    10    0.06    0.29    0.54    7.83 ^ _4199_/X (sky130_fd_sc_hd__clkbuf_4)
                                         _3311_ (net)
                  0.29    0.00    7.83 ^ _4200_/A (sky130_fd_sc_hd__buf_6)
    10    0.08    0.26    0.43    8.26 ^ _4200_/X (sky130_fd_sc_hd__buf_6)
                                         _3312_ (net)
                  0.26    0.02    8.28 ^ _4201_/A (sky130_fd_sc_hd__clkbuf_4)
    10    0.06    0.28    0.52    8.79 ^ _4201_/X (sky130_fd_sc_hd__clkbuf_4)
                                         _3313_ (net)
                  0.28    0.00    8.80 ^ _4202_/A (sky130_fd_sc_hd__clkbuf_4)
    10    0.09    0.41    0.62    9.41 ^ _4202_/X (sky130_fd_sc_hd__clkbuf_4)
                                         _3314_ (net)
                  0.41    0.01    9.43 ^ _4203_/S1 (sky130_fd_sc_hd__mux4_1)
     2    0.01    0.21    0.90   10.32 v _4203_/X (sky130_fd_sc_hd__mux4_1)
                                         _3315_ (net)
                  0.21    0.00   10.33 v _4484_/A0 (sky130_fd_sc_hd__mux4_1)
     1    0.01    0.27    1.39   11.72 v _4484_/X (sky130_fd_sc_hd__mux4_1)
                                         _3592_ (net)
                  0.27    0.00   11.72 v _4509_/A2 (sky130_fd_sc_hd__a2111o_1)
     1    0.01    0.15    0.95   12.67 v _4509_/X (sky130_fd_sc_hd__a2111o_1)
                                         _3617_ (net)
                  0.15    0.00   12.67 v _4510_/B1 (sky130_fd_sc_hd__a31o_1)
     2    0.01    0.13    0.45   13.13 v _4510_/X (sky130_fd_sc_hd__a31o_1)
                                         net95 (net)
                  0.13    0.00   13.13 v _7696_/D (sky130_fd_sc_hd__or4_1)
     1    0.01    0.21    1.09   14.21 v _7696_/X (sky130_fd_sc_hd__or4_1)
                                         _3225_ (net)
                  0.21    0.00   14.21 v _7697_/D (sky130_fd_sc_hd__or4_1)
     1    0.00    0.21    1.09   15.31 v _7697_/X (sky130_fd_sc_hd__or4_1)
                                         _3226_ (net)
                  0.21    0.00   15.31 v _7698_/D (sky130_fd_sc_hd__or4_1)
     1    0.00    0.17    1.03   16.34 v _7698_/X (sky130_fd_sc_hd__or4_1)
                                         _3227_ (net)
                  0.17    0.00   16.34 v _7699_/C (sky130_fd_sc_hd__or3_1)
     1    0.00    0.14    0.79   17.13 v _7699_/X (sky130_fd_sc_hd__or3_1)
                                         _3229_ (net)
                  0.14    0.00   17.13 v _7700_/D (sky130_fd_sc_hd__or4_1)
     1    0.00    0.20    1.07   18.19 v _7700_/X (sky130_fd_sc_hd__or4_1)
                                         _3230_ (net)
                  0.20    0.00   18.19 v _7701_/D (sky130_fd_sc_hd__or4_4)
     1    0.02    0.20    1.02   19.21 v _7701_/X (sky130_fd_sc_hd__or4_4)
                                         _3231_ (net)
                  0.20    0.00   19.21 v _7702_/C (sky130_fd_sc_hd__or4_4)
     1    0.00    0.15    1.03   20.25 v _7702_/X (sky130_fd_sc_hd__or4_4)
                                         _3232_ (net)
                  0.15    0.00   20.25 v _7704_/D (sky130_fd_sc_hd__or4_4)
     1    0.02    0.19    0.99   21.23 v _7704_/X (sky130_fd_sc_hd__or4_4)
                                         _3234_ (net)
                  0.19    0.00   21.23 v _7706_/D (sky130_fd_sc_hd__nor4_4)
     1    0.01    0.38    0.34   21.58 ^ _7706_/Y (sky130_fd_sc_hd__nor4_4)
                                         _3236_ (net)
                  0.38    0.00   21.58 ^ wire102/A (sky130_fd_sc_hd__clkbuf_2)
     1    0.01    0.13    0.38   21.96 ^ wire102/X (sky130_fd_sc_hd__clkbuf_2)
                                         net102 (net)
                  0.13    0.00   21.96 ^ _7707_/D_N (sky130_fd_sc_hd__nor4b_4)
     1    0.01    0.41    0.47   22.43 ^ _7707_/Y (sky130_fd_sc_hd__nor4b_4)
                                         net101 (net)
                  0.41    0.00   22.43 ^ output101/A (sky130_fd_sc_hd__buf_6)
     1    0.04    0.13    0.38   22.81 ^ output101/X (sky130_fd_sc_hd__buf_6)
                                         zero (net)
                  0.13    0.00   22.81 ^ zero (out)
                                 22.81   data arrival time

                  0.00   25.00   25.00   clock __VIRTUAL_CLK__ (rise edge)
                          0.00   25.00   clock network delay (ideal)
                         -0.25   24.75   clock uncertainty
                          0.00   24.75   clock reconvergence pessimism
                         -5.00   19.75   output external delay
                                 19.75   data required time
-----------------------------------------------------------------------------
                                 19.75   data required time
                                -22.81   data arrival time
-----------------------------------------------------------------------------
                                 -3.06   slack (VIOLATED)



======================= Typical Corner ===================================

Startpoint: B[9] (input port clocked by __VIRTUAL_CLK__)
Endpoint: zero (output port clocked by __VIRTUAL_CLK__)
Path Group: __VIRTUAL_CLK__
Path Type: max
Corner: Typical

Fanout     Cap    Slew   Delay    Time   Description
-----------------------------------------------------------------------------
                  0.00    0.00    0.00   clock __VIRTUAL_CLK__ (rise edge)
                          0.00    0.00   clock network delay (ideal)
                          5.00    5.00 ^ input external delay
     1    0.00    0.02    0.01    5.01 ^ B[9] (in)
                                         B[9] (net)
                  0.02    0.00    5.01 ^ input62/A (sky130_fd_sc_hd__buf_1)
     4    0.03    0.30    0.26    5.27 ^ input62/X (sky130_fd_sc_hd__buf_1)
                                         net62 (net)
                  0.30    0.00    5.28 ^ _3986_/A (sky130_fd_sc_hd__buf_4)
    10    0.06    0.16    0.28    5.56 ^ _3986_/X (sky130_fd_sc_hd__buf_4)
                                         _1599_ (net)
                  0.16    0.01    5.57 ^ _3987_/A (sky130_fd_sc_hd__clkbuf_4)
    10    0.07    0.21    0.31    5.87 ^ _3987_/X (sky130_fd_sc_hd__clkbuf_4)
                                         _1610_ (net)
                  0.21    0.00    5.88 ^ _3988_/A (sky130_fd_sc_hd__buf_4)
    10    0.09    0.25    0.31    6.18 ^ _3988_/X (sky130_fd_sc_hd__buf_4)
                                         _1621_ (net)
                  0.25    0.01    6.19 ^ _4936_/D (sky130_fd_sc_hd__and4_1)
     2    0.01    0.12    0.29    6.48 ^ _4936_/X (sky130_fd_sc_hd__and4_1)
                                         _0210_ (net)
                  0.12    0.00    6.48 ^ _5033_/B1_N (sky130_fd_sc_hd__o21ba_1)
     2    0.01    0.07    0.20    6.68 v _5033_/X (sky130_fd_sc_hd__o21ba_1)
                                         _0316_ (net)
                  0.07    0.00    6.68 v _5034_/B (sky130_fd_sc_hd__xnor2_1)
     2    0.01    0.21    0.22    6.90 ^ _5034_/Y (sky130_fd_sc_hd__xnor2_1)
                                         _0317_ (net)
                  0.21    0.00    6.90 ^ _5133_/B_N (sky130_fd_sc_hd__or2b_1)
     2    0.01    0.08    0.31    7.21 v _5133_/X (sky130_fd_sc_hd__or2b_1)
                                         _0425_ (net)
                  0.08    0.00    7.21 v _5151_/C1 (sky130_fd_sc_hd__o211a_1)
     2    0.01    0.05    0.14    7.35 v _5151_/X (sky130_fd_sc_hd__o211a_1)
                                         _0445_ (net)
                  0.05    0.00    7.35 v _5186_/B (sky130_fd_sc_hd__or4bb_4)
     3    0.02    0.11    0.58    7.93 v _5186_/X (sky130_fd_sc_hd__or4bb_4)
                                         _0483_ (net)
                  0.11    0.00    7.93 v rebuffer15/A (sky130_fd_sc_hd__buf_6)
     2    0.01    0.02    0.15    8.08 v rebuffer15/X (sky130_fd_sc_hd__buf_6)
                                         net133 (net)
                  0.02    0.00    8.08 v rebuffer9/A (sky130_fd_sc_hd__dlymetal6s4s_1)
     1    0.01    0.05    0.26    8.34 v rebuffer9/X (sky130_fd_sc_hd__dlymetal6s4s_1)
                                         net127 (net)
                  0.05    0.00    8.34 v _5189_/A1 (sky130_fd_sc_hd__a211oi_2)
     2    0.01    0.31    0.32    8.65 ^ _5189_/Y (sky130_fd_sc_hd__a211oi_2)
                                         _0487_ (net)
                  0.31    0.00    8.65 ^ _5190_/C (sky130_fd_sc_hd__nor3_4)
     4    0.02    0.09    0.09    8.75 v _5190_/Y (sky130_fd_sc_hd__nor3_4)
                                         _0488_ (net)
                  0.09    0.00    8.75 v _5192_/B1 (sky130_fd_sc_hd__a211oi_2)
     4    0.02    0.36    0.39    9.14 ^ _5192_/Y (sky130_fd_sc_hd__a211oi_2)
                                         _0490_ (net)
                  0.36    0.00    9.14 ^ _5279_/B1 (sky130_fd_sc_hd__a21o_1)
     2    0.01    0.09    0.17    9.31 ^ _5279_/X (sky130_fd_sc_hd__a21o_1)
                                         _0585_ (net)
                  0.09    0.00    9.31 ^ _5280_/B_N (sky130_fd_sc_hd__nor2b_1)
     5    0.02    0.35    0.35    9.66 ^ _5280_/Y (sky130_fd_sc_hd__nor2b_1)
                                         _0586_ (net)
                  0.35    0.00    9.66 ^ _5282_/C (sky130_fd_sc_hd__nand3_1)
     2    0.01    0.11    0.16    9.82 v _5282_/Y (sky130_fd_sc_hd__nand3_1)
                                         _0588_ (net)
                  0.11    0.00    9.82 v _5502_/A1 (sky130_fd_sc_hd__o31a_1)
     2    0.01    0.09    0.38   10.21 v _5502_/X (sky130_fd_sc_hd__o31a_1)
                                         _0828_ (net)
                  0.09    0.00   10.21 v _5504_/B1_N (sky130_fd_sc_hd__a21boi_1)
     2    0.01    0.09    0.17   10.37 v _5504_/Y (sky130_fd_sc_hd__a21boi_1)
                                         _0830_ (net)
                  0.09    0.00   10.37 v _5505_/B1 (sky130_fd_sc_hd__a21o_1)
     3    0.04    0.17    0.30   10.68 v _5505_/X (sky130_fd_sc_hd__a21o_1)
                                         _0831_ (net)
                  0.17    0.00   10.68 v _6550_/A (sky130_fd_sc_hd__or4_4)
     3    0.01    0.10    0.63   11.30 v _6550_/X (sky130_fd_sc_hd__or4_4)
                                         _1973_ (net)
                  0.10    0.00   11.31 v _6552_/A1 (sky130_fd_sc_hd__a31o_4)
     3    0.02    0.05    0.27   11.58 v _6552_/X (sky130_fd_sc_hd__a31o_4)
                                         _1975_ (net)
                  0.05    0.00   11.58 v _6553_/A (sky130_fd_sc_hd__and3_1)
     1    0.01    0.05    0.16   11.74 v _6553_/X (sky130_fd_sc_hd__and3_1)
                                         _1976_ (net)
                  0.05    0.00   11.74 v _6574_/C (sky130_fd_sc_hd__or3_4)
     1    0.00    0.07    0.34   12.08 v _6574_/X (sky130_fd_sc_hd__or3_4)
                                         _1999_ (net)
                  0.07    0.00   12.08 v _6575_/A (sky130_fd_sc_hd__buf_6)
     2    0.03    0.04    0.15   12.23 v _6575_/X (sky130_fd_sc_hd__buf_6)
                                         net85 (net)
                  0.04    0.00   12.23 v _7702_/D (sky130_fd_sc_hd__or4_4)
     1    0.00    0.08    0.42   12.65 v _7702_/X (sky130_fd_sc_hd__or4_4)
                                         _3232_ (net)
                  0.08    0.00   12.65 v _7704_/D (sky130_fd_sc_hd__or4_4)
     1    0.02    0.11    0.49   13.14 v _7704_/X (sky130_fd_sc_hd__or4_4)
                                         _3234_ (net)
                  0.11    0.00   13.14 v _7706_/D (sky130_fd_sc_hd__nor4_4)
     1    0.01    0.24    0.19   13.33 ^ _7706_/Y (sky130_fd_sc_hd__nor4_4)
                                         _3236_ (net)
                  0.24    0.00   13.33 ^ wire102/A (sky130_fd_sc_hd__clkbuf_2)
     1    0.01    0.08    0.20   13.53 ^ wire102/X (sky130_fd_sc_hd__clkbuf_2)
                                         net102 (net)
                  0.08    0.00   13.53 ^ _7707_/D_N (sky130_fd_sc_hd__nor4b_4)
     1    0.01    0.25    0.26   13.79 ^ _7707_/Y (sky130_fd_sc_hd__nor4b_4)
                                         net101 (net)
                  0.25    0.00   13.79 ^ output101/A (sky130_fd_sc_hd__buf_6)
     1    0.04    0.08    0.19   13.98 ^ output101/X (sky130_fd_sc_hd__buf_6)
                                         zero (net)
                  0.08    0.00   13.98 ^ zero (out)
                                 13.98   data arrival time

                  0.00   25.00   25.00   clock __VIRTUAL_CLK__ (rise edge)
                          0.00   25.00   clock network delay (ideal)
                         -0.25   24.75   clock uncertainty
                          0.00   24.75   clock reconvergence pessimism
                         -5.00   19.75   output external delay
                                 19.75   data required time
-----------------------------------------------------------------------------
                                 19.75   data required time
                                -13.98   data arrival time
-----------------------------------------------------------------------------
                                  5.77   slack (MET)




===========================================================================
report_checks --slack_max -0.01
============================================================================
======================= Fastest Corner ===================================

No paths found.

======================= Slowest Corner ===================================

Startpoint: B[1] (input port clocked by __VIRTUAL_CLK__)
Endpoint: zero (output port clocked by __VIRTUAL_CLK__)
Path Group: __VIRTUAL_CLK__
Path Type: max
Corner: Slowest

Fanout     Cap    Slew   Delay    Time   Description
-----------------------------------------------------------------------------
                  0.00    0.00    0.00   clock __VIRTUAL_CLK__ (rise edge)
                          0.00    0.00   clock network delay (ideal)
                          5.00    5.00 ^ input external delay
     1    0.00    0.04    0.02    5.02 ^ B[1] (in)
                                         B[1] (net)
                  0.04    0.00    5.02 ^ input42/A (sky130_fd_sc_hd__clkbuf_2)
     6    0.04    0.32    0.37    5.39 ^ input42/X (sky130_fd_sc_hd__clkbuf_2)
                                         net42 (net)
                  0.32    0.00    5.39 ^ _4116_/A (sky130_fd_sc_hd__buf_6)
     5    0.06    0.19    0.39    5.78 ^ _4116_/X (sky130_fd_sc_hd__buf_6)
                                         _3021_ (net)
                  0.19    0.00    5.78 ^ _4117_/A (sky130_fd_sc_hd__buf_4)
    10    0.10    0.43    0.53    6.31 ^ _4117_/X (sky130_fd_sc_hd__buf_4)
                                         _3032_ (net)
                  0.43    0.04    6.35 ^ _4118_/A (sky130_fd_sc_hd__buf_6)
    10    0.08    0.25    0.47    6.82 ^ _4118_/X (sky130_fd_sc_hd__buf_6)
                                         _3043_ (net)
                  0.25    0.01    6.83 ^ _4198_/A (sky130_fd_sc_hd__buf_6)
    10    0.09    0.30    0.45    7.28 ^ _4198_/X (sky130_fd_sc_hd__buf_6)
                                         _3310_ (net)
                  0.30    0.01    7.29 ^ _4199_/A (sky130_fd_sc_hd__clkbuf_4)
    10    0.06    0.29    0.54    7.83 ^ _4199_/X (sky130_fd_sc_hd__clkbuf_4)
                                         _3311_ (net)
                  0.29    0.00    7.83 ^ _4200_/A (sky130_fd_sc_hd__buf_6)
    10    0.08    0.26    0.43    8.26 ^ _4200_/X (sky130_fd_sc_hd__buf_6)
                                         _3312_ (net)
                  0.26    0.02    8.28 ^ _4201_/A (sky130_fd_sc_hd__clkbuf_4)
    10    0.06    0.28    0.52    8.79 ^ _4201_/X (sky130_fd_sc_hd__clkbuf_4)
                                         _3313_ (net)
                  0.28    0.00    8.80 ^ _4202_/A (sky130_fd_sc_hd__clkbuf_4)
    10    0.09    0.41    0.62    9.41 ^ _4202_/X (sky130_fd_sc_hd__clkbuf_4)
                                         _3314_ (net)
                  0.41    0.01    9.43 ^ _4203_/S1 (sky130_fd_sc_hd__mux4_1)
     2    0.01    0.21    0.90   10.32 v _4203_/X (sky130_fd_sc_hd__mux4_1)
                                         _3315_ (net)
                  0.21    0.00   10.33 v _4484_/A0 (sky130_fd_sc_hd__mux4_1)
     1    0.01    0.27    1.39   11.72 v _4484_/X (sky130_fd_sc_hd__mux4_1)
                                         _3592_ (net)
                  0.27    0.00   11.72 v _4509_/A2 (sky130_fd_sc_hd__a2111o_1)
     1    0.01    0.15    0.95   12.67 v _4509_/X (sky130_fd_sc_hd__a2111o_1)
                                         _3617_ (net)
                  0.15    0.00   12.67 v _4510_/B1 (sky130_fd_sc_hd__a31o_1)
     2    0.01    0.13    0.45   13.13 v _4510_/X (sky130_fd_sc_hd__a31o_1)
                                         net95 (net)
                  0.13    0.00   13.13 v _7696_/D (sky130_fd_sc_hd__or4_1)
     1    0.01    0.21    1.09   14.21 v _7696_/X (sky130_fd_sc_hd__or4_1)
                                         _3225_ (net)
                  0.21    0.00   14.21 v _7697_/D (sky130_fd_sc_hd__or4_1)
     1    0.00    0.21    1.09   15.31 v _7697_/X (sky130_fd_sc_hd__or4_1)
                                         _3226_ (net)
                  0.21    0.00   15.31 v _7698_/D (sky130_fd_sc_hd__or4_1)
     1    0.00    0.17    1.03   16.34 v _7698_/X (sky130_fd_sc_hd__or4_1)
                                         _3227_ (net)
                  0.17    0.00   16.34 v _7699_/C (sky130_fd_sc_hd__or3_1)
     1    0.00    0.14    0.79   17.13 v _7699_/X (sky130_fd_sc_hd__or3_1)
                                         _3229_ (net)
                  0.14    0.00   17.13 v _7700_/D (sky130_fd_sc_hd__or4_1)
     1    0.00    0.20    1.07   18.19 v _7700_/X (sky130_fd_sc_hd__or4_1)
                                         _3230_ (net)
                  0.20    0.00   18.19 v _7701_/D (sky130_fd_sc_hd__or4_4)
     1    0.02    0.20    1.02   19.21 v _7701_/X (sky130_fd_sc_hd__or4_4)
                                         _3231_ (net)
                  0.20    0.00   19.21 v _7702_/C (sky130_fd_sc_hd__or4_4)
     1    0.00    0.15    1.03   20.25 v _7702_/X (sky130_fd_sc_hd__or4_4)
                                         _3232_ (net)
                  0.15    0.00   20.25 v _7704_/D (sky130_fd_sc_hd__or4_4)
     1    0.02    0.19    0.99   21.23 v _7704_/X (sky130_fd_sc_hd__or4_4)
                                         _3234_ (net)
                  0.19    0.00   21.23 v _7706_/D (sky130_fd_sc_hd__nor4_4)
     1    0.01    0.38    0.34   21.58 ^ _7706_/Y (sky130_fd_sc_hd__nor4_4)
                                         _3236_ (net)
                  0.38    0.00   21.58 ^ wire102/A (sky130_fd_sc_hd__clkbuf_2)
     1    0.01    0.13    0.38   21.96 ^ wire102/X (sky130_fd_sc_hd__clkbuf_2)
                                         net102 (net)
                  0.13    0.00   21.96 ^ _7707_/D_N (sky130_fd_sc_hd__nor4b_4)
     1    0.01    0.41    0.47   22.43 ^ _7707_/Y (sky130_fd_sc_hd__nor4b_4)
                                         net101 (net)
                  0.41    0.00   22.43 ^ output101/A (sky130_fd_sc_hd__buf_6)
     1    0.04    0.13    0.38   22.81 ^ output101/X (sky130_fd_sc_hd__buf_6)
                                         zero (net)
                  0.13    0.00   22.81 ^ zero (out)
                                 22.81   data arrival time

                  0.00   25.00   25.00   clock __VIRTUAL_CLK__ (rise edge)
                          0.00   25.00   clock network delay (ideal)
                         -0.25   24.75   clock uncertainty
                          0.00   24.75   clock reconvergence pessimism
                         -5.00   19.75   output external delay
                                 19.75   data required time
-----------------------------------------------------------------------------
                                 19.75   data required time
                                -22.81   data arrival time
-----------------------------------------------------------------------------
                                 -3.06   slack (VIOLATED)



======================= Typical Corner ===================================

No paths found.


===========================================================================
 report_check_types -max_slew -max_cap -max_fanout -violators
============================================================================
======================= Fastest Corner ===================================

max fanout

Pin                                   Limit Fanout  Slack
---------------------------------------------------------
_4267_/X                                 10     12     -2 (VIOLATED)
_4409_/X                                 10     12     -2 (VIOLATED)
_3900_/X                                 10     11        (VIOLATED)
_4000_/X                                 10     11        (VIOLATED)
_4026_/X                                 10     11        (VIOLATED)
_4088_/X                                 10     11        (VIOLATED)
_4338_/X                                 10     11        (VIOLATED)
_4705_/X                                 10     11        (VIOLATED)


max slew violations count Fastest: 0
max fanout violations count Fastest: 8
max cap violations count Fastest: 0
======================= Slowest Corner ===================================

max slew

Pin                                    Limit    Slew   Slack
------------------------------------------------------------
_7182_/B1                               0.75    0.98   -0.23 (VIOLATED)
_7017_/B1                               0.75    0.98   -0.23 (VIOLATED)
_6866_/B1                               0.75    0.98   -0.23 (VIOLATED)
_6707_/B1                               0.75    0.98   -0.23 (VIOLATED)
_5862_/A3                               0.75    0.98   -0.23 (VIOLATED)
_4453_/A1                               0.75    0.98   -0.23 (VIOLATED)
_4403_/B1                               0.75    0.98   -0.23 (VIOLATED)
_4402_/Y                                0.75    0.98   -0.23 (VIOLATED)
_7029_/C                                0.75    0.96   -0.21 (VIOLATED)
_7006_/B                                0.75    0.96   -0.21 (VIOLATED)
_7027_/B1_N                             0.75    0.96   -0.21 (VIOLATED)
_7005_/Y                                0.75    0.96   -0.21 (VIOLATED)
_4764_/A1                               0.75    0.87   -0.12 (VIOLATED)
_5413_/B2                               0.75    0.87   -0.12 (VIOLATED)
_5868_/A                                0.75    0.87   -0.12 (VIOLATED)
_6128_/A1                               0.75    0.87   -0.12 (VIOLATED)
_6565_/B2                               0.75    0.87   -0.12 (VIOLATED)
_5999_/B1                               0.75    0.87   -0.12 (VIOLATED)
_5625_/B1                               0.75    0.87   -0.12 (VIOLATED)
_4750_/Y                                0.75    0.87   -0.12 (VIOLATED)
_4775_/B                                0.75    0.87   -0.12 (VIOLATED)
_4774_/Y                                0.75    0.87   -0.12 (VIOLATED)
_4188_/B                                0.75    0.86   -0.11 (VIOLATED)
_5520_/C                                0.75    0.86   -0.11 (VIOLATED)
_5121_/A                                0.75    0.86   -0.11 (VIOLATED)
max_cap118/A                            0.75    0.86   -0.11 (VIOLATED)
_4503_/B                                0.75    0.86   -0.11 (VIOLATED)
_4835_/A                                0.75    0.86   -0.11 (VIOLATED)
_4187_/Y                                0.75    0.86   -0.11 (VIOLATED)
_7689_/C1                               0.75    0.83   -0.08 (VIOLATED)
_6413_/A1                               0.75    0.83   -0.08 (VIOLATED)
_5524_/A1                               0.75    0.83   -0.08 (VIOLATED)
_4650_/A                                0.75    0.83   -0.08 (VIOLATED)
_4495_/B2                               0.75    0.83   -0.08 (VIOLATED)
_4256_/A2                               0.75    0.83   -0.08 (VIOLATED)
_4331_/A1                               0.75    0.83   -0.08 (VIOLATED)
_4241_/Y                                0.75    0.83   -0.08 (VIOLATED)
_6815_/A                                0.75    0.79   -0.04 (VIOLATED)
_6974_/B1                               0.75    0.79   -0.04 (VIOLATED)
_6813_/Y                                0.75    0.79   -0.04 (VIOLATED)
_3899_/Y                                0.75    0.77   -0.02 (VIOLATED)
_4173_/B1                               0.75    0.77   -0.02 (VIOLATED)
max_cap2/A                              0.75    0.77   -0.02 (VIOLATED)

max fanout

Pin                                   Limit Fanout  Slack
---------------------------------------------------------
_4267_/X                                 10     12     -2 (VIOLATED)
_4409_/X                                 10     12     -2 (VIOLATED)
_3900_/X                                 10     11        (VIOLATED)
_4000_/X                                 10     11        (VIOLATED)
_4026_/X                                 10     11        (VIOLATED)
_4088_/X                                 10     11        (VIOLATED)
_4338_/X                                 10     11        (VIOLATED)
_4705_/X                                 10     11        (VIOLATED)


max slew violations count Slowest: 43
max fanout violations count Slowest: 8
max cap violations count Slowest: 0
======================= Typical Corner ===================================

max fanout

Pin                                   Limit Fanout  Slack
---------------------------------------------------------
_4267_/X                                 10     12     -2 (VIOLATED)
_4409_/X                                 10     12     -2 (VIOLATED)
_3900_/X                                 10     11        (VIOLATED)
_4000_/X                                 10     11        (VIOLATED)
_4026_/X                                 10     11        (VIOLATED)
_4088_/X                                 10     11        (VIOLATED)
_4338_/X                                 10     11        (VIOLATED)
_4705_/X                                 10     11        (VIOLATED)


max slew violations count Typical: 0
max fanout violations count Typical: 8
max cap violations count Typical: 0

===========================================================================
report_parasitic_annotation -report_unannotated
============================================================================
Found 0 unannotated drivers.
Found 0 partially unannotated drivers.

===========================================================================
max slew violation count 43
max fanout violation count 8
max cap violation count 0
============================================================================

===========================================================================
check_setup -verbose -unconstrained_endpoints -multiple_clock -no_clock -no_input_delay -loops -generated_clocks
===========================================================================
