
===========================================================================
 report_power
============================================================================
======================= Fastest Corner ===================================

Group                  Internal  Switching    Leakage      Total
                          Power      Power      Power      Power (Watts)
----------------------------------------------------------------
Sequential             0.00e+00   0.00e+00   0.00e+00   0.00e+00   0.0%
Combinational          1.10e-03   1.70e-03   2.85e-08   2.80e-03 100.0%
Clock                 -1.28e-10   0.00e+00   9.33e-09   9.20e-09   0.0%
Macro                  0.00e+00   0.00e+00   0.00e+00   0.00e+00   0.0%
Pad                    0.00e+00   0.00e+00   0.00e+00   0.00e+00   0.0%
----------------------------------------------------------------
Total                  1.10e-03   1.70e-03   3.79e-08   2.80e-03 100.0%
                          39.2%      60.8%       0.0%

======================= Slowest Corner ===================================

Group                  Internal  Switching    Leakage      Total
                          Power      Power      Power      Power (Watts)
----------------------------------------------------------------
Sequential             0.00e+00   0.00e+00   0.00e+00   0.00e+00   0.0%
Combinational          8.09e-04   1.13e-03   1.86e-05   1.96e-03 100.0%
Clock                 -6.66e-11   0.00e+00   9.36e-09   9.29e-09   0.0%
Macro                  0.00e+00   0.00e+00   0.00e+00   0.00e+00   0.0%
Pad                    0.00e+00   0.00e+00   0.00e+00   0.00e+00   0.0%
----------------------------------------------------------------
Total                  8.09e-04   1.13e-03   1.86e-05   1.96e-03 100.0%
                          41.3%      57.8%       1.0%

======================= Typical Corner ===================================

Group                  Internal  Switching    Leakage      Total
                          Power      Power      Power      Power (Watts)
----------------------------------------------------------------
Sequential             0.00e+00   0.00e+00   0.00e+00   0.00e+00   0.0%
Combinational          9.92e-04   1.44e-03   1.47e-08   2.43e-03 100.0%
Clock                 -1.89e-11   0.00e+00   9.33e-09   9.31e-09   0.0%
Macro                  0.00e+00   0.00e+00   0.00e+00   0.00e+00   0.0%
Pad                    0.00e+00   0.00e+00   0.00e+00   0.00e+00   0.0%
----------------------------------------------------------------
Total                  9.92e-04   1.44e-03   2.40e-08   2.43e-03 100.0%
                          40.8%      59.2%       0.0%

