Reading timing models for corner nom_tt_025C_1v80…
Reading timing library for the 'nom_tt_025C_1v80' corner at '/foss/pdks/ciel/sky130/versions/7b70722e33c03fcb5dabcf4d479fb0822d9251c9/sky130A/libs.ref/sky130_fd_sc_hd/lib/sky130_fd_sc_hd__tt_025C_1v80.lib'…
Reading OpenROAD database at '/foss/designs/alu32_openlane/runs/RUN_2026-05-28_05-26-24/37-openroad-resizertimingpostcts/alu32.odb'…
Reading design constraints file at '/usr/local/lib/python3.12/dist-packages/librelane/scripts/base.sdc'…
[WARNING STA-0366] port '__VIRTUAL_CLK__' not found.
[INFO] Using clock __VIRTUAL_CLK__…
[INFO] Setting output delay to: 2.0
[INFO] Setting input delay to: 2.0
[WARNING STA-0366] port '__VIRTUAL_CLK__' not found.
[INFO] Setting load to: 0.033442
[INFO] Setting clock uncertainty to: 0.25
[INFO] Setting clock transition to: 0.1499999999999999944488848768742172978818416595458984375
[WARNING STA-0419] transition time can not be specified for virtual clocks.
[INFO] Setting timing derate to: 5%
[WARNING STA-0450] virtual clock __VIRTUAL_CLK__ can not be propagated.
[WARNING STA-0450] virtual clock __VIRTUAL_CLK__ can not be propagated.
[INFO] Setting signal min routing layer to: met1 and clock min routing layer to met1. 
[INFO] Setting signal max routing layer to: met5 and clock max routing layer to met5. 
+ global_route -congestion_iterations 50 -verbose
[INFO GRT-0020] Min routing layer: met1
[INFO GRT-0021] Max routing layer: met5
[INFO GRT-0022] Global adjustment: 30%
[INFO GRT-0023] Grid origin: (0, 0)
[INFO GRT-0088] Layer li1     Track-Pitch = 0.4600  line-2-Via Pitch: 0.3400
[INFO GRT-0088] Layer met1    Track-Pitch = 0.3400  line-2-Via Pitch: 0.3400
[INFO GRT-0088] Layer met2    Track-Pitch = 0.4600  line-2-Via Pitch: 0.3500
[INFO GRT-0088] Layer met3    Track-Pitch = 0.6800  line-2-Via Pitch: 0.6150
[INFO GRT-0088] Layer met4    Track-Pitch = 0.9200  line-2-Via Pitch: 1.0400
[INFO GRT-0088] Layer met5    Track-Pitch = 3.4000  line-2-Via Pitch: 3.1100
[INFO GRT-0003] Macros: 0
[INFO GRT-0004] Blockages: 2510
[INFO GRT-0019] Found 0 clock nets.
[INFO GRT-0001] Minimum degree: 2
[INFO GRT-0002] Maximum degree: 11

[INFO GRT-0053] Routing resources analysis:
          Routing      Original      Derated      Resource
Layer     Direction    Resources     Resources    Reduction (%)
---------------------------------------------------------------
li1        Vertical            0             0          0.00%
met1       Horizontal      25821         17210          33.35%
met2       Vertical        25562         16988          33.54%
met3       Horizontal      17346         11918          31.29%
met4       Vertical        12740          7654          39.92%
met5       Horizontal       3320          1720          48.19%
---------------------------------------------------------------

[INFO GRT-0101] Running extra iterations to remove overflow.
[INFO GRT-0102] Start extra iteration 1/50
[INFO GRT-0102] Start extra iteration 2/50
[INFO GRT-0102] Start extra iteration 3/50
[INFO GRT-0197] Via related to pin nodes: 26657
[INFO GRT-0198] Via related Steiner nodes: 599
[INFO GRT-0199] Via filling finished.
[INFO GRT-0111] Final number of vias: 33904
[INFO GRT-0112] Final usage 3D: 123896

[INFO GRT-0096] Final congestion report:
Layer         Resource        Demand        Usage (%)    Max H / Max V / Total Overflow
---------------------------------------------------------------------------------------
li1                  0             0            0.00%             0 /  0 /  0
met1             17210          8594           49.94%             0 /  0 /  0
met2             16988         10080           59.34%             0 /  0 /  0
met3             11918          1689           14.17%             0 /  0 /  0
met4              7654          1791           23.40%             0 /  0 /  0
met5              1720            30            1.74%             0 /  0 /  0
---------------------------------------------------------------------------------------
Total            55490         22184           39.98%             0 /  0 /  0

[INFO GRT-0018] Total wirelength: 228341 um
[INFO GRT-0014] Routed nets: 4338
[INFO GRT-0303] Global routing runtime = 00:00:01
Setting global connections for newly added cells…
[INFO] Setting global connections...
[INFO ODB-0403] 0 connections made, 0 conflicts skipped.
Updating metrics…
Cell type report:                       Count       Area
  Fill cell                               202     758.23
  Tap cell                               1081    1352.55
  Timing Repair Buffer                    752    6359.85
  Inverter                                 73     274.01
  Multi-Input combinational cell         3445   35418.97
  Total                                  5553   44163.61
Writing OpenROAD database to '/foss/designs/alu32_openlane/runs/RUN_2026-05-28_05-26-24/39-openroad-globalrouting/alu32.odb'…
Writing layout to '/foss/designs/alu32_openlane/runs/RUN_2026-05-28_05-26-24/39-openroad-globalrouting/alu32.def'…
