
===========================================================================
report_checks -path_delay min (Hold)
============================================================================
======================= Typical Corner ===================================

Startpoint: B[31] (input port clocked by __VIRTUAL_CLK__)
Endpoint: carry (output port clocked by __VIRTUAL_CLK__)
Path Group: __VIRTUAL_CLK__
Path Type: min

Fanout     Cap    Slew   Delay    Time   Description
-----------------------------------------------------------------------------
                  0.00    0.00    0.00   clock __VIRTUAL_CLK__ (rise edge)
                          0.00    0.00   clock network delay (ideal)
                          5.00    5.00 ^ input external delay
     5    0.01    0.07    0.04    5.04 ^ B[31] (in)
                                         B[31] (net)
                  0.07    0.00    5.04 ^ _7682_/B (sky130_fd_sc_hd__or2_2)
     3    0.01    0.05    0.12    5.16 ^ _7682_/X (sky130_fd_sc_hd__or2_2)
                                         _3211_ (net)
                  0.05    0.00    5.16 ^ _7720_/A2 (sky130_fd_sc_hd__a31o_2)
     1    0.03    0.19    0.25    5.41 ^ _7720_/X (sky130_fd_sc_hd__a31o_2)
                                         carry (net)
                  0.19    0.00    5.41 ^ carry (out)
                                  5.41   data arrival time

                  0.00    0.00    0.00   clock __VIRTUAL_CLK__ (rise edge)
                          0.00    0.00   clock network delay (ideal)
                          0.25    0.25   clock uncertainty
                          0.00    0.25   clock reconvergence pessimism
                         -5.00   -4.75   output external delay
                                 -4.75   data required time
-----------------------------------------------------------------------------
                                 -4.75   data required time
                                 -5.41   data arrival time
-----------------------------------------------------------------------------
                                 10.16   slack (MET)


Startpoint: opcode[3] (input port clocked by __VIRTUAL_CLK__)
Endpoint: result[3] (output port clocked by __VIRTUAL_CLK__)
Path Group: __VIRTUAL_CLK__
Path Type: min

Fanout     Cap    Slew   Delay    Time   Description
-----------------------------------------------------------------------------
                  0.00    0.00    0.00   clock __VIRTUAL_CLK__ (rise edge)
                          0.00    0.00   clock network delay (ideal)
                          5.00    5.00 v input external delay
     7    0.02    0.04    0.02    5.02 v opcode[3] (in)
                                         opcode[3] (net)
                  0.04    0.00    5.02 v _4186_/B (sky130_fd_sc_hd__nand2b_2)
     5    0.02    0.11    0.10    5.12 ^ _4186_/Y (sky130_fd_sc_hd__nand2b_2)
                                         _3298_ (net)
                  0.11    0.00    5.12 ^ _4300_/A (sky130_fd_sc_hd__or2_2)
     3    0.01    0.06    0.14    5.26 ^ _4300_/X (sky130_fd_sc_hd__or2_2)
                                         _3411_ (net)
                  0.06    0.00    5.26 ^ _4465_/A1 (sky130_fd_sc_hd__o31ai_2)
     2    0.03    0.14    0.16    5.42 v _4465_/Y (sky130_fd_sc_hd__o31ai_2)
                                         result[3] (net)
                  0.14    0.00    5.42 v result[3] (out)
                                  5.42   data arrival time

                  0.00    0.00    0.00   clock __VIRTUAL_CLK__ (rise edge)
                          0.00    0.00   clock network delay (ideal)
                          0.25    0.25   clock uncertainty
                          0.00    0.25   clock reconvergence pessimism
                         -5.00   -4.75   output external delay
                                 -4.75   data required time
-----------------------------------------------------------------------------
                                 -4.75   data required time
                                 -5.42   data arrival time
-----------------------------------------------------------------------------
                                 10.17   slack (MET)


Startpoint: opcode[3] (input port clocked by __VIRTUAL_CLK__)
Endpoint: result[0] (output port clocked by __VIRTUAL_CLK__)
Path Group: __VIRTUAL_CLK__
Path Type: min

Fanout     Cap    Slew   Delay    Time   Description
-----------------------------------------------------------------------------
                  0.00    0.00    0.00   clock __VIRTUAL_CLK__ (rise edge)
                          0.00    0.00   clock network delay (ideal)
                          5.00    5.00 v input external delay
     7    0.02    0.04    0.02    5.02 v opcode[3] (in)
                                         opcode[3] (net)
                  0.04    0.00    5.02 v _3843_/A (sky130_fd_sc_hd__buf_1)
    10    0.02    0.15    0.17    5.20 v _3843_/X (sky130_fd_sc_hd__buf_1)
                                         _0039_ (net)
                  0.15    0.00    5.20 v _4288_/B (sky130_fd_sc_hd__nand2_2)
     1    0.00    0.05    0.09    5.29 ^ _4288_/Y (sky130_fd_sc_hd__nand2_2)
                                         _3400_ (net)
                  0.05    0.00    5.29 ^ _4289_/B1 (sky130_fd_sc_hd__o31a_2)
     2    0.03    0.20    0.24    5.53 ^ _4289_/X (sky130_fd_sc_hd__o31a_2)
                                         result[0] (net)
                  0.20    0.00    5.53 ^ result[0] (out)
                                  5.53   data arrival time

                  0.00    0.00    0.00   clock __VIRTUAL_CLK__ (rise edge)
                          0.00    0.00   clock network delay (ideal)
                          0.25    0.25   clock uncertainty
                          0.00    0.25   clock reconvergence pessimism
                         -5.00   -4.75   output external delay
                                 -4.75   data required time
-----------------------------------------------------------------------------
                                 -4.75   data required time
                                 -5.53   data arrival time
-----------------------------------------------------------------------------
                                 10.28   slack (MET)


Startpoint: A[9] (input port clocked by __VIRTUAL_CLK__)
Endpoint: result[9] (output port clocked by __VIRTUAL_CLK__)
Path Group: __VIRTUAL_CLK__
Path Type: min

Fanout     Cap    Slew   Delay    Time   Description
-----------------------------------------------------------------------------
                  0.00    0.00    0.00   clock __VIRTUAL_CLK__ (rise edge)
                          0.00    0.00   clock network delay (ideal)
                          5.00    5.00 v input external delay
     9    0.02    0.04    0.03    5.03 v A[9] (in)
                                         A[9] (net)
                  0.04    0.00    5.03 v _4829_/A (sky130_fd_sc_hd__nand2_2)
     4    0.01    0.07    0.08    5.10 ^ _4829_/Y (sky130_fd_sc_hd__nand2_2)
                                         _0095_ (net)
                  0.07    0.00    5.10 ^ _4847_/A2 (sky130_fd_sc_hd__o211a_2)
     1    0.00    0.04    0.15    5.26 ^ _4847_/X (sky130_fd_sc_hd__o211a_2)
                                         _0114_ (net)
                  0.04    0.00    5.26 ^ _4848_/C1 (sky130_fd_sc_hd__o221a_2)
     1    0.00    0.05    0.16    5.41 ^ _4848_/X (sky130_fd_sc_hd__o221a_2)
                                         _0115_ (net)
                  0.05    0.00    5.41 ^ _4849_/B1 (sky130_fd_sc_hd__o21ai_2)
     2    0.03    0.14    0.13    5.54 v _4849_/Y (sky130_fd_sc_hd__o21ai_2)
                                         result[9] (net)
                  0.14    0.00    5.54 v result[9] (out)
                                  5.54   data arrival time

                  0.00    0.00    0.00   clock __VIRTUAL_CLK__ (rise edge)
                          0.00    0.00   clock network delay (ideal)
                          0.25    0.25   clock uncertainty
                          0.00    0.25   clock reconvergence pessimism
                         -5.00   -4.75   output external delay
                                 -4.75   data required time
-----------------------------------------------------------------------------
                                 -4.75   data required time
                                 -5.54   data arrival time
-----------------------------------------------------------------------------
                                 10.29   slack (MET)


Startpoint: B[31] (input port clocked by __VIRTUAL_CLK__)
Endpoint: overflow (output port clocked by __VIRTUAL_CLK__)
Path Group: __VIRTUAL_CLK__
Path Type: min

Fanout     Cap    Slew   Delay    Time   Description
-----------------------------------------------------------------------------
                  0.00    0.00    0.00   clock __VIRTUAL_CLK__ (rise edge)
                          0.00    0.00   clock network delay (ideal)
                          5.00    5.00 ^ input external delay
     5    0.01    0.07    0.04    5.04 ^ B[31] (in)
                                         B[31] (net)
                  0.07    0.00    5.04 ^ _3873_/B (sky130_fd_sc_hd__and2b_2)
     5    0.01    0.08    0.17    5.21 ^ _3873_/X (sky130_fd_sc_hd__and2b_2)
                                         _0366_ (net)
                  0.08    0.00    5.21 ^ _7713_/B1 (sky130_fd_sc_hd__a31o_2)
     1    0.00    0.03    0.09    5.31 ^ _7713_/X (sky130_fd_sc_hd__a31o_2)
                                         _3243_ (net)
                  0.03    0.00    5.31 ^ _7715_/B1 (sky130_fd_sc_hd__a2bb2o_2)
     1    0.03    0.18    0.24    5.55 ^ _7715_/X (sky130_fd_sc_hd__a2bb2o_2)
                                         overflow (net)
                  0.18    0.00    5.55 ^ overflow (out)
                                  5.55   data arrival time

                  0.00    0.00    0.00   clock __VIRTUAL_CLK__ (rise edge)
                          0.00    0.00   clock network delay (ideal)
                          0.25    0.25   clock uncertainty
                          0.00    0.25   clock reconvergence pessimism
                         -5.00   -4.75   output external delay
                                 -4.75   data required time
-----------------------------------------------------------------------------
                                 -4.75   data required time
                                 -5.55   data arrival time
-----------------------------------------------------------------------------
                                 10.30   slack (MET)


Startpoint: B[28] (input port clocked by __VIRTUAL_CLK__)
Endpoint: result[29] (output port clocked by __VIRTUAL_CLK__)
Path Group: __VIRTUAL_CLK__
Path Type: min

Fanout     Cap    Slew   Delay    Time   Description
-----------------------------------------------------------------------------
                  0.00    0.00    0.00   clock __VIRTUAL_CLK__ (rise edge)
                          0.00    0.00   clock network delay (ideal)
                          5.00    5.00 v input external delay
    10    0.02    0.05    0.03    5.03 v B[28] (in)
                                         B[28] (net)
                  0.05    0.00    5.03 v _3847_/A (sky130_fd_sc_hd__inv_2)
     5    0.02    0.09    0.09    5.12 ^ _3847_/Y (sky130_fd_sc_hd__inv_2)
                                         _0083_ (net)
                  0.09    0.00    5.12 ^ _7192_/B (sky130_fd_sc_hd__nand2_2)
     2    0.01    0.04    0.06    5.18 v _7192_/Y (sky130_fd_sc_hd__nand2_2)
                                         _2674_ (net)
                  0.04    0.00    5.18 v _7194_/A1 (sky130_fd_sc_hd__a21oi_2)
     1    0.00    0.05    0.09    5.26 ^ _7194_/Y (sky130_fd_sc_hd__a21oi_2)
                                         _2676_ (net)
                  0.05    0.00    5.26 ^ _7195_/C (sky130_fd_sc_hd__or3_2)
     1    0.00    0.04    0.10    5.36 ^ _7195_/X (sky130_fd_sc_hd__or3_2)
                                         _2677_ (net)
                  0.04    0.00    5.36 ^ _7359_/A (sky130_fd_sc_hd__nand4_2)
     2    0.04    0.30    0.22    5.59 v _7359_/Y (sky130_fd_sc_hd__nand4_2)
                                         result[29] (net)
                  0.30    0.00    5.59 v result[29] (out)
                                  5.59   data arrival time

                  0.00    0.00    0.00   clock __VIRTUAL_CLK__ (rise edge)
                          0.00    0.00   clock network delay (ideal)
                          0.25    0.25   clock uncertainty
                          0.00    0.25   clock reconvergence pessimism
                         -5.00   -4.75   output external delay
                                 -4.75   data required time
-----------------------------------------------------------------------------
                                 -4.75   data required time
                                 -5.59   data arrival time
-----------------------------------------------------------------------------
                                 10.34   slack (MET)


Startpoint: B[12] (input port clocked by __VIRTUAL_CLK__)
Endpoint: result[13] (output port clocked by __VIRTUAL_CLK__)
Path Group: __VIRTUAL_CLK__
Path Type: min

Fanout     Cap    Slew   Delay    Time   Description
-----------------------------------------------------------------------------
                  0.00    0.00    0.00   clock __VIRTUAL_CLK__ (rise edge)
                          0.00    0.00   clock network delay (ideal)
                          5.00    5.00 v input external delay
     8    0.02    0.04    0.02    5.02 v B[12] (in)
                                         B[12] (net)
                  0.04    0.00    5.02 v _4020_/A (sky130_fd_sc_hd__inv_2)
     8    0.01    0.07    0.07    5.09 ^ _4020_/Y (sky130_fd_sc_hd__inv_2)
                                         _1971_ (net)
                  0.07    0.00    5.09 ^ _4023_/B (sky130_fd_sc_hd__and2_2)
     2    0.01    0.05    0.14    5.24 ^ _4023_/X (sky130_fd_sc_hd__and2_2)
                                         _2003_ (net)
                  0.05    0.00    5.24 ^ _5110_/A (sky130_fd_sc_hd__nor2_2)
     1    0.01    0.03    0.04    5.28 v _5110_/Y (sky130_fd_sc_hd__nor2_2)
                                         _0400_ (net)
                  0.03    0.00    5.28 v _5111_/B (sky130_fd_sc_hd__xnor2_2)
     1    0.00    0.03    0.10    5.38 ^ _5111_/Y (sky130_fd_sc_hd__xnor2_2)
                                         _0401_ (net)
                  0.03    0.00    5.38 ^ _5209_/A2 (sky130_fd_sc_hd__a211o_2)
     2    0.04    0.17    0.21    5.59 ^ _5209_/X (sky130_fd_sc_hd__a211o_2)
                                         result[13] (net)
                  0.17    0.00    5.59 ^ result[13] (out)
                                  5.59   data arrival time

                  0.00    0.00    0.00   clock __VIRTUAL_CLK__ (rise edge)
                          0.00    0.00   clock network delay (ideal)
                          0.25    0.25   clock uncertainty
                          0.00    0.25   clock reconvergence pessimism
                         -5.00   -4.75   output external delay
                                 -4.75   data required time
-----------------------------------------------------------------------------
                                 -4.75   data required time
                                 -5.59   data arrival time
-----------------------------------------------------------------------------
                                 10.34   slack (MET)


Startpoint: A[30] (input port clocked by __VIRTUAL_CLK__)
Endpoint: result[30] (output port clocked by __VIRTUAL_CLK__)
Path Group: __VIRTUAL_CLK__
Path Type: min

Fanout     Cap    Slew   Delay    Time   Description
-----------------------------------------------------------------------------
                  0.00    0.00    0.00   clock __VIRTUAL_CLK__ (rise edge)
                          0.00    0.00   clock network delay (ideal)
                          5.00    5.00 ^ input external delay
     8    0.02    0.11    0.07    5.07 ^ A[30] (in)
                                         A[30] (net)
                  0.11    0.00    5.07 ^ _7367_/A1 (sky130_fd_sc_hd__o221a_2)
     1    0.00    0.03    0.18    5.25 ^ _7367_/X (sky130_fd_sc_hd__o221a_2)
                                         _2865_ (net)
                  0.03    0.00    5.25 ^ _7373_/B (sky130_fd_sc_hd__and3_2)
     1    0.00    0.05    0.16    5.41 ^ _7373_/X (sky130_fd_sc_hd__and3_2)
                                         _2872_ (net)
                  0.05    0.00    5.41 ^ _7543_/B (sky130_fd_sc_hd__nand3_2)
     2    0.04    0.23    0.19    5.60 v _7543_/Y (sky130_fd_sc_hd__nand3_2)
                                         result[30] (net)
                  0.23    0.00    5.60 v result[30] (out)
                                  5.60   data arrival time

                  0.00    0.00    0.00   clock __VIRTUAL_CLK__ (rise edge)
                          0.00    0.00   clock network delay (ideal)
                          0.25    0.25   clock uncertainty
                          0.00    0.25   clock reconvergence pessimism
                         -5.00   -4.75   output external delay
                                 -4.75   data required time
-----------------------------------------------------------------------------
                                 -4.75   data required time
                                 -5.60   data arrival time
-----------------------------------------------------------------------------
                                 10.35   slack (MET)


Startpoint: A[7] (input port clocked by __VIRTUAL_CLK__)
Endpoint: result[8] (output port clocked by __VIRTUAL_CLK__)
Path Group: __VIRTUAL_CLK__
Path Type: min

Fanout     Cap    Slew   Delay    Time   Description
-----------------------------------------------------------------------------
                  0.00    0.00    0.00   clock __VIRTUAL_CLK__ (rise edge)
                          0.00    0.00   clock network delay (ideal)
                          5.00    5.00 v input external delay
     6    0.01    0.03    0.02    5.02 v A[7] (in)
                                         A[7] (net)
                  0.03    0.00    5.02 v _4644_/A (sky130_fd_sc_hd__nand2_2)
     8    0.03    0.18    0.14    5.17 ^ _4644_/Y (sky130_fd_sc_hd__nand2_2)
                                         _3749_ (net)
                  0.18    0.00    5.17 ^ _4765_/A2 (sky130_fd_sc_hd__a21oi_2)
     3    0.01    0.05    0.09    5.26 v _4765_/Y (sky130_fd_sc_hd__a21oi_2)
                                         _0026_ (net)
                  0.05    0.00    5.26 v _4767_/A (sky130_fd_sc_hd__nor2_2)
     1    0.00    0.06    0.09    5.35 ^ _4767_/Y (sky130_fd_sc_hd__nor2_2)
                                         _0028_ (net)
                  0.06    0.00    5.35 ^ _4768_/C1 (sky130_fd_sc_hd__a211o_2)
     1    0.00    0.03    0.08    5.43 ^ _4768_/X (sky130_fd_sc_hd__a211o_2)
                                         _0029_ (net)
                  0.03    0.00    5.43 ^ _4769_/B1 (sky130_fd_sc_hd__a31o_2)
     2    0.04    0.20    0.20    5.63 ^ _4769_/X (sky130_fd_sc_hd__a31o_2)
                                         result[8] (net)
                  0.20    0.00    5.63 ^ result[8] (out)
                                  5.63   data arrival time

                  0.00    0.00    0.00   clock __VIRTUAL_CLK__ (rise edge)
                          0.00    0.00   clock network delay (ideal)
                          0.25    0.25   clock uncertainty
                          0.00    0.25   clock reconvergence pessimism
                         -5.00   -4.75   output external delay
                                 -4.75   data required time
-----------------------------------------------------------------------------
                                 -4.75   data required time
                                 -5.63   data arrival time
-----------------------------------------------------------------------------
                                 10.38   slack (MET)


Startpoint: B[10] (input port clocked by __VIRTUAL_CLK__)
Endpoint: result[11] (output port clocked by __VIRTUAL_CLK__)
Path Group: __VIRTUAL_CLK__
Path Type: min

Fanout     Cap    Slew   Delay    Time   Description
-----------------------------------------------------------------------------
                  0.00    0.00    0.00   clock __VIRTUAL_CLK__ (rise edge)
                          0.00    0.00   clock network delay (ideal)
                          5.00    5.00 v input external delay
     2    0.00    0.01    0.01    5.01 v B[10] (in)
                                         B[10] (net)
                  0.01    0.00    5.01 v _4003_/A (sky130_fd_sc_hd__buf_1)
    10    0.02    0.14    0.15    5.16 v _4003_/X (sky130_fd_sc_hd__buf_1)
                                         _1785_ (net)
                  0.14    0.00    5.16 v _4163_/B (sky130_fd_sc_hd__nand2_2)
     9    0.03    0.17    0.18    5.34 ^ _4163_/Y (sky130_fd_sc_hd__nand2_2)
                                         _3275_ (net)
                  0.17    0.00    5.34 ^ _4931_/A1 (sky130_fd_sc_hd__a31o_2)
     1    0.00    0.05    0.17    5.51 ^ _4931_/X (sky130_fd_sc_hd__a31o_2)
                                         _0205_ (net)
                  0.05    0.00    5.51 ^ _5016_/A2 (sky130_fd_sc_hd__o21ai_2)
     2    0.03    0.14    0.13    5.64 v _5016_/Y (sky130_fd_sc_hd__o21ai_2)
                                         result[11] (net)
                  0.14    0.00    5.64 v result[11] (out)
                                  5.64   data arrival time

                  0.00    0.00    0.00   clock __VIRTUAL_CLK__ (rise edge)
                          0.00    0.00   clock network delay (ideal)
                          0.25    0.25   clock uncertainty
                          0.00    0.25   clock reconvergence pessimism
                         -5.00   -4.75   output external delay
                                 -4.75   data required time
-----------------------------------------------------------------------------
                                 -4.75   data required time
                                 -5.64   data arrival time
-----------------------------------------------------------------------------
                                 10.39   slack (MET)


Startpoint: opcode[3] (input port clocked by __VIRTUAL_CLK__)
Endpoint: result[15] (output port clocked by __VIRTUAL_CLK__)
Path Group: __VIRTUAL_CLK__
Path Type: min

Fanout     Cap    Slew   Delay    Time   Description
-----------------------------------------------------------------------------
                  0.00    0.00    0.00   clock __VIRTUAL_CLK__ (rise edge)
                          0.00    0.00   clock network delay (ideal)
                          5.00    5.00 v input external delay
     7    0.02    0.04    0.02    5.02 v opcode[3] (in)
                                         opcode[3] (net)
                  0.04    0.00    5.02 v _4186_/B (sky130_fd_sc_hd__nand2b_2)
     5    0.02    0.11    0.10    5.12 ^ _4186_/Y (sky130_fd_sc_hd__nand2b_2)
                                         _3298_ (net)
                  0.11    0.00    5.12 ^ _4381_/A (sky130_fd_sc_hd__nor2_2)
     2    0.00    0.03    0.05    5.17 v _4381_/Y (sky130_fd_sc_hd__nor2_2)
                                         _3491_ (net)
                  0.03    0.00    5.17 v _4382_/A (sky130_fd_sc_hd__buf_1)
    10    0.02    0.14    0.16    5.34 v _4382_/X (sky130_fd_sc_hd__buf_1)
                                         _3492_ (net)
                  0.14    0.00    5.34 v _5415_/A1 (sky130_fd_sc_hd__a31o_2)
     2    0.03    0.11    0.30    5.64 v _5415_/X (sky130_fd_sc_hd__a31o_2)
                                         result[15] (net)
                  0.11    0.00    5.64 v result[15] (out)
                                  5.64   data arrival time

                  0.00    0.00    0.00   clock __VIRTUAL_CLK__ (rise edge)
                          0.00    0.00   clock network delay (ideal)
                          0.25    0.25   clock uncertainty
                          0.00    0.25   clock reconvergence pessimism
                         -5.00   -4.75   output external delay
                                 -4.75   data required time
-----------------------------------------------------------------------------
                                 -4.75   data required time
                                 -5.64   data arrival time
-----------------------------------------------------------------------------
                                 10.39   slack (MET)


Startpoint: opcode[3] (input port clocked by __VIRTUAL_CLK__)
Endpoint: result[17] (output port clocked by __VIRTUAL_CLK__)
Path Group: __VIRTUAL_CLK__
Path Type: min

Fanout     Cap    Slew   Delay    Time   Description
-----------------------------------------------------------------------------
                  0.00    0.00    0.00   clock __VIRTUAL_CLK__ (rise edge)
                          0.00    0.00   clock network delay (ideal)
                          5.00    5.00 v input external delay
     7    0.02    0.04    0.02    5.02 v opcode[3] (in)
                                         opcode[3] (net)
                  0.04    0.00    5.02 v _4186_/B (sky130_fd_sc_hd__nand2b_2)
     5    0.02    0.11    0.10    5.12 ^ _4186_/Y (sky130_fd_sc_hd__nand2b_2)
                                         _3298_ (net)
                  0.11    0.00    5.12 ^ _4381_/A (sky130_fd_sc_hd__nor2_2)
     2    0.00    0.03    0.05    5.17 v _4381_/Y (sky130_fd_sc_hd__nor2_2)
                                         _3491_ (net)
                  0.03    0.00    5.17 v _4382_/A (sky130_fd_sc_hd__buf_1)
    10    0.02    0.14    0.16    5.34 v _4382_/X (sky130_fd_sc_hd__buf_1)
                                         _3492_ (net)
                  0.14    0.00    5.34 v _5638_/A1 (sky130_fd_sc_hd__a31o_2)
     2    0.03    0.11    0.30    5.64 v _5638_/X (sky130_fd_sc_hd__a31o_2)
                                         result[17] (net)
                  0.11    0.00    5.64 v result[17] (out)
                                  5.64   data arrival time

                  0.00    0.00    0.00   clock __VIRTUAL_CLK__ (rise edge)
                          0.00    0.00   clock network delay (ideal)
                          0.25    0.25   clock uncertainty
                          0.00    0.25   clock reconvergence pessimism
                         -5.00   -4.75   output external delay
                                 -4.75   data required time
-----------------------------------------------------------------------------
                                 -4.75   data required time
                                 -5.64   data arrival time
-----------------------------------------------------------------------------
                                 10.39   slack (MET)


Startpoint: B[24] (input port clocked by __VIRTUAL_CLK__)
Endpoint: result[25] (output port clocked by __VIRTUAL_CLK__)
Path Group: __VIRTUAL_CLK__
Path Type: min

Fanout     Cap    Slew   Delay    Time   Description
-----------------------------------------------------------------------------
                  0.00    0.00    0.00   clock __VIRTUAL_CLK__ (rise edge)
                          0.00    0.00   clock network delay (ideal)
                          5.00    5.00 v input external delay
    10    0.02    0.06    0.04    5.04 v B[24] (in)
                                         B[24] (net)
                  0.06    0.00    5.04 v _3859_/A (sky130_fd_sc_hd__buf_1)
    10    0.03    0.17    0.19    5.23 v _3859_/X (sky130_fd_sc_hd__buf_1)
                                         _0213_ (net)
                  0.17    0.00    5.23 v _3892_/B (sky130_fd_sc_hd__nand2_2)
     3    0.01    0.08    0.13    5.36 ^ _3892_/Y (sky130_fd_sc_hd__nand2_2)
                                         _0573_ (net)
                  0.08    0.00    5.36 ^ _6576_/B1 (sky130_fd_sc_hd__o21ai_2)
     4    0.01    0.05    0.07    5.44 v _6576_/Y (sky130_fd_sc_hd__o21ai_2)
                                         _2000_ (net)
                  0.05    0.00    5.44 v _6577_/B (sky130_fd_sc_hd__nor2_2)
     1    0.01    0.08    0.09    5.52 ^ _6577_/Y (sky130_fd_sc_hd__nor2_2)
                                         _2001_ (net)
                  0.08    0.00    5.52 ^ _6719_/A1 (sky130_fd_sc_hd__o21ai_2)
     2    0.04    0.14    0.14    5.66 v _6719_/Y (sky130_fd_sc_hd__o21ai_2)
                                         result[25] (net)
                  0.14    0.00    5.66 v result[25] (out)
                                  5.66   data arrival time

                  0.00    0.00    0.00   clock __VIRTUAL_CLK__ (rise edge)
                          0.00    0.00   clock network delay (ideal)
                          0.25    0.25   clock uncertainty
                          0.00    0.25   clock reconvergence pessimism
                         -5.00   -4.75   output external delay
                                 -4.75   data required time
-----------------------------------------------------------------------------
                                 -4.75   data required time
                                 -5.66   data arrival time
-----------------------------------------------------------------------------
                                 10.41   slack (MET)


Startpoint: opcode[0] (input port clocked by __VIRTUAL_CLK__)
Endpoint: result[6] (output port clocked by __VIRTUAL_CLK__)
Path Group: __VIRTUAL_CLK__
Path Type: min

Fanout     Cap    Slew   Delay    Time   Description
-----------------------------------------------------------------------------
                  0.00    0.00    0.00   clock __VIRTUAL_CLK__ (rise edge)
                          0.00    0.00   clock network delay (ideal)
                          5.00    5.00 v input external delay
     9    0.02    0.05    0.03    5.03 v opcode[0] (in)
                                         opcode[0] (net)
                  0.05    0.00    5.03 v _4182_/B_N (sky130_fd_sc_hd__or2b_2)
     4    0.01    0.07    0.18    5.21 ^ _4182_/X (sky130_fd_sc_hd__or2b_2)
                                         _3294_ (net)
                  0.07    0.00    5.21 ^ _4498_/C (sky130_fd_sc_hd__or3_2)
     6    0.02    0.10    0.16    5.37 ^ _4498_/X (sky130_fd_sc_hd__or3_2)
                                         _3606_ (net)
                  0.10    0.00    5.37 ^ _4574_/A (sky130_fd_sc_hd__nor2_2)
     1    0.00    0.02    0.04    5.41 v _4574_/Y (sky130_fd_sc_hd__nor2_2)
                                         _3680_ (net)
                  0.02    0.00    5.41 v _4630_/A2 (sky130_fd_sc_hd__a21o_2)
     2    0.03    0.10    0.26    5.68 v _4630_/X (sky130_fd_sc_hd__a21o_2)
                                         result[6] (net)
                  0.10    0.00    5.68 v result[6] (out)
                                  5.68   data arrival time

                  0.00    0.00    0.00   clock __VIRTUAL_CLK__ (rise edge)
                          0.00    0.00   clock network delay (ideal)
                          0.25    0.25   clock uncertainty
                          0.00    0.25   clock reconvergence pessimism
                         -5.00   -4.75   output external delay
                                 -4.75   data required time
-----------------------------------------------------------------------------
                                 -4.75   data required time
                                 -5.68   data arrival time
-----------------------------------------------------------------------------
                                 10.43   slack (MET)


Startpoint: opcode[0] (input port clocked by __VIRTUAL_CLK__)
Endpoint: result[12] (output port clocked by __VIRTUAL_CLK__)
Path Group: __VIRTUAL_CLK__
Path Type: min

Fanout     Cap    Slew   Delay    Time   Description
-----------------------------------------------------------------------------
                  0.00    0.00    0.00   clock __VIRTUAL_CLK__ (rise edge)
                          0.00    0.00   clock network delay (ideal)
                          5.00    5.00 v input external delay
     9    0.02    0.05    0.03    5.03 v opcode[0] (in)
                                         opcode[0] (net)
                  0.05    0.00    5.03 v _4249_/A (sky130_fd_sc_hd__nand2_2)
     4    0.01    0.08    0.08    5.11 ^ _4249_/Y (sky130_fd_sc_hd__nand2_2)
                                         _3361_ (net)
                  0.08    0.00    5.11 ^ _4250_/C (sky130_fd_sc_hd__nor3_2)
     9    0.03    0.07    0.08    5.19 v _4250_/Y (sky130_fd_sc_hd__nor3_2)
                                         _3362_ (net)
                  0.07    0.00    5.19 v _5090_/B (sky130_fd_sc_hd__nand2_2)
     1    0.00    0.03    0.06    5.26 ^ _5090_/Y (sky130_fd_sc_hd__nand2_2)
                                         _0379_ (net)
                  0.03    0.00    5.26 ^ _5091_/C1 (sky130_fd_sc_hd__o221a_2)
     1    0.00    0.04    0.15    5.40 ^ _5091_/X (sky130_fd_sc_hd__o221a_2)
                                         _0380_ (net)
                  0.04    0.00    5.40 ^ _5108_/B1 (sky130_fd_sc_hd__o211a_2)
     1    0.00    0.05    0.16    5.56 ^ _5108_/X (sky130_fd_sc_hd__o211a_2)
                                         _0398_ (net)
                  0.05    0.00    5.56 ^ _5109_/B1 (sky130_fd_sc_hd__o21ai_2)
     2    0.03    0.14    0.13    5.69 v _5109_/Y (sky130_fd_sc_hd__o21ai_2)
                                         result[12] (net)
                  0.14    0.00    5.69 v result[12] (out)
                                  5.69   data arrival time

                  0.00    0.00    0.00   clock __VIRTUAL_CLK__ (rise edge)
                          0.00    0.00   clock network delay (ideal)
                          0.25    0.25   clock uncertainty
                          0.00    0.25   clock reconvergence pessimism
                         -5.00   -4.75   output external delay
                                 -4.75   data required time
-----------------------------------------------------------------------------
                                 -4.75   data required time
                                 -5.69   data arrival time
-----------------------------------------------------------------------------
                                 10.44   slack (MET)


Startpoint: A[9] (input port clocked by __VIRTUAL_CLK__)
Endpoint: result[10] (output port clocked by __VIRTUAL_CLK__)
Path Group: __VIRTUAL_CLK__
Path Type: min

Fanout     Cap    Slew   Delay    Time   Description
-----------------------------------------------------------------------------
                  0.00    0.00    0.00   clock __VIRTUAL_CLK__ (rise edge)
                          0.00    0.00   clock network delay (ideal)
                          5.00    5.00 v input external delay
     9    0.02    0.04    0.03    5.03 v A[9] (in)
                                         A[9] (net)
                  0.04    0.00    5.03 v _4829_/A (sky130_fd_sc_hd__nand2_2)
     4    0.01    0.07    0.08    5.10 ^ _4829_/Y (sky130_fd_sc_hd__nand2_2)
                                         _0095_ (net)
                  0.07    0.00    5.10 ^ _4910_/A2 (sky130_fd_sc_hd__a21o_2)
     3    0.01    0.05    0.13    5.24 ^ _4910_/X (sky130_fd_sc_hd__a21o_2)
                                         _0183_ (net)
                  0.05    0.00    5.24 ^ _4913_/A3 (sky130_fd_sc_hd__a31o_2)
     1    0.00    0.03    0.13    5.36 ^ _4913_/X (sky130_fd_sc_hd__a31o_2)
                                         _0186_ (net)
                  0.03    0.00    5.36 ^ _4928_/B (sky130_fd_sc_hd__and4b_2)
     1    0.00    0.06    0.19    5.56 ^ _4928_/X (sky130_fd_sc_hd__and4b_2)
                                         _0202_ (net)
                  0.06    0.00    5.56 ^ _4929_/B1 (sky130_fd_sc_hd__o21ai_2)
     2    0.03    0.14    0.13    5.69 v _4929_/Y (sky130_fd_sc_hd__o21ai_2)
                                         result[10] (net)
                  0.14    0.00    5.69 v result[10] (out)
                                  5.69   data arrival time

                  0.00    0.00    0.00   clock __VIRTUAL_CLK__ (rise edge)
                          0.00    0.00   clock network delay (ideal)
                          0.25    0.25   clock uncertainty
                          0.00    0.25   clock reconvergence pessimism
                         -5.00   -4.75   output external delay
                                 -4.75   data required time
-----------------------------------------------------------------------------
                                 -4.75   data required time
                                 -5.69   data arrival time
-----------------------------------------------------------------------------
                                 10.44   slack (MET)


Startpoint: B[28] (input port clocked by __VIRTUAL_CLK__)
Endpoint: result[28] (output port clocked by __VIRTUAL_CLK__)
Path Group: __VIRTUAL_CLK__
Path Type: min

Fanout     Cap    Slew   Delay    Time   Description
-----------------------------------------------------------------------------
                  0.00    0.00    0.00   clock __VIRTUAL_CLK__ (rise edge)
                          0.00    0.00   clock network delay (ideal)
                          5.00    5.00 ^ input external delay
    10    0.02    0.12    0.08    5.08 ^ B[28] (in)
                                         B[28] (net)
                  0.12    0.00    5.08 ^ _3878_/B (sky130_fd_sc_hd__and2_2)
     3    0.01    0.08    0.18    5.25 ^ _3878_/X (sky130_fd_sc_hd__and2_2)
                                         _0420_ (net)
                  0.08    0.00    5.25 ^ _3880_/A (sky130_fd_sc_hd__nor2b_2)
     6    0.02    0.06    0.07    5.33 v _3880_/Y (sky130_fd_sc_hd__nor2b_2)
                                         _0442_ (net)
                  0.06    0.00    5.33 v _7188_/A (sky130_fd_sc_hd__nand2_2)
     1    0.00    0.03    0.05    5.37 ^ _7188_/Y (sky130_fd_sc_hd__nand2_2)
                                         _2670_ (net)
                  0.03    0.00    5.37 ^ _7190_/B (sky130_fd_sc_hd__and3_2)
     1    0.00    0.04    0.14    5.52 ^ _7190_/X (sky130_fd_sc_hd__and3_2)
                                         _2673_ (net)
                  0.04    0.00    5.52 ^ _7191_/C1 (sky130_fd_sc_hd__a211o_2)
     2    0.04    0.18    0.19    5.71 ^ _7191_/X (sky130_fd_sc_hd__a211o_2)
                                         result[28] (net)
                  0.18    0.00    5.71 ^ result[28] (out)
                                  5.71   data arrival time

                  0.00    0.00    0.00   clock __VIRTUAL_CLK__ (rise edge)
                          0.00    0.00   clock network delay (ideal)
                          0.25    0.25   clock uncertainty
                          0.00    0.25   clock reconvergence pessimism
                         -5.00   -4.75   output external delay
                                 -4.75   data required time
-----------------------------------------------------------------------------
                                 -4.75   data required time
                                 -5.71   data arrival time
-----------------------------------------------------------------------------
                                 10.46   slack (MET)


Startpoint: A[7] (input port clocked by __VIRTUAL_CLK__)
Endpoint: result[7] (output port clocked by __VIRTUAL_CLK__)
Path Group: __VIRTUAL_CLK__
Path Type: min

Fanout     Cap    Slew   Delay    Time   Description
-----------------------------------------------------------------------------
                  0.00    0.00    0.00   clock __VIRTUAL_CLK__ (rise edge)
                          0.00    0.00   clock network delay (ideal)
                          5.00    5.00 ^ input external delay
     6    0.02    0.08    0.05    5.05 ^ A[7] (in)
                                         A[7] (net)
                  0.08    0.00    5.05 ^ _4644_/A (sky130_fd_sc_hd__nand2_2)
     8    0.03    0.13    0.12    5.17 v _4644_/Y (sky130_fd_sc_hd__nand2_2)
                                         _3749_ (net)
                  0.13    0.00    5.17 v _4651_/A2 (sky130_fd_sc_hd__o2111a_2)
     1    0.00    0.03    0.26    5.43 v _4651_/X (sky130_fd_sc_hd__o2111a_2)
                                         _3756_ (net)
                  0.03    0.00    5.43 v _4652_/B1 (sky130_fd_sc_hd__o21ai_2)
     1    0.00    0.04    0.04    5.47 ^ _4652_/Y (sky130_fd_sc_hd__o21ai_2)
                                         _3757_ (net)
                  0.04    0.00    5.47 ^ _4656_/B1 (sky130_fd_sc_hd__a211o_2)
     1    0.00    0.03    0.08    5.55 ^ _4656_/X (sky130_fd_sc_hd__a211o_2)
                                         _3761_ (net)
                  0.03    0.00    5.55 ^ _4703_/B1 (sky130_fd_sc_hd__a211o_2)
     2    0.03    0.17    0.18    5.73 ^ _4703_/X (sky130_fd_sc_hd__a211o_2)
                                         result[7] (net)
                  0.17    0.00    5.73 ^ result[7] (out)
                                  5.73   data arrival time

                  0.00    0.00    0.00   clock __VIRTUAL_CLK__ (rise edge)
                          0.00    0.00   clock network delay (ideal)
                          0.25    0.25   clock uncertainty
                          0.00    0.25   clock reconvergence pessimism
                         -5.00   -4.75   output external delay
                                 -4.75   data required time
-----------------------------------------------------------------------------
                                 -4.75   data required time
                                 -5.73   data arrival time
-----------------------------------------------------------------------------
                                 10.48   slack (MET)


Startpoint: opcode[0] (input port clocked by __VIRTUAL_CLK__)
Endpoint: result[2] (output port clocked by __VIRTUAL_CLK__)
Path Group: __VIRTUAL_CLK__
Path Type: min

Fanout     Cap    Slew   Delay    Time   Description
-----------------------------------------------------------------------------
                  0.00    0.00    0.00   clock __VIRTUAL_CLK__ (rise edge)
                          0.00    0.00   clock network delay (ideal)
                          5.00    5.00 ^ input external delay
     9    0.02    0.11    0.07    5.07 ^ opcode[0] (in)
                                         opcode[0] (net)
                  0.11    0.00    5.07 ^ _4259_/A (sky130_fd_sc_hd__or3_2)
     5    0.02    0.11    0.18    5.25 ^ _4259_/X (sky130_fd_sc_hd__or3_2)
                                         _3371_ (net)
                  0.11    0.00    5.25 ^ _4365_/A1 (sky130_fd_sc_hd__o21ai_2)
     2    0.01    0.04    0.08    5.33 v _4365_/Y (sky130_fd_sc_hd__o21ai_2)
                                         _3475_ (net)
                  0.04    0.00    5.33 v _4407_/A2 (sky130_fd_sc_hd__a211o_2)
     2    0.04    0.12    0.40    5.73 v _4407_/X (sky130_fd_sc_hd__a211o_2)
                                         result[2] (net)
                  0.12    0.00    5.73 v result[2] (out)
                                  5.73   data arrival time

                  0.00    0.00    0.00   clock __VIRTUAL_CLK__ (rise edge)
                          0.00    0.00   clock network delay (ideal)
                          0.25    0.25   clock uncertainty
                          0.00    0.25   clock reconvergence pessimism
                         -5.00   -4.75   output external delay
                                 -4.75   data required time
-----------------------------------------------------------------------------
                                 -4.75   data required time
                                 -5.73   data arrival time
-----------------------------------------------------------------------------
                                 10.48   slack (MET)


Startpoint: opcode[0] (input port clocked by __VIRTUAL_CLK__)
Endpoint: result[20] (output port clocked by __VIRTUAL_CLK__)
Path Group: __VIRTUAL_CLK__
Path Type: min

Fanout     Cap    Slew   Delay    Time   Description
-----------------------------------------------------------------------------
                  0.00    0.00    0.00   clock __VIRTUAL_CLK__ (rise edge)
                          0.00    0.00   clock network delay (ideal)
                          5.00    5.00 ^ input external delay
     9    0.02    0.11    0.07    5.07 ^ opcode[0] (in)
                                         opcode[0] (net)
                  0.11    0.00    5.07 ^ _4187_/A (sky130_fd_sc_hd__nor3_2)
     9    0.03    0.08    0.11    5.18 v _4187_/Y (sky130_fd_sc_hd__nor3_2)
                                         _3299_ (net)
                  0.08    0.00    5.18 v _4188_/B (sky130_fd_sc_hd__nand2_2)
     6    0.02    0.12    0.13    5.31 ^ _4188_/Y (sky130_fd_sc_hd__nand2_2)
                                         _3300_ (net)
                  0.12    0.00    5.31 ^ _6001_/A1 (sky130_fd_sc_hd__o211a_2)
     1    0.00    0.05    0.18    5.49 ^ _6001_/X (sky130_fd_sc_hd__o211a_2)
                                         _1373_ (net)
                  0.05    0.00    5.49 ^ _6011_/C (sky130_fd_sc_hd__nand4b_2)
     2    0.04    0.29    0.25    5.74 v _6011_/Y (sky130_fd_sc_hd__nand4b_2)
                                         result[20] (net)
                  0.29    0.00    5.74 v result[20] (out)
                                  5.74   data arrival time

                  0.00    0.00    0.00   clock __VIRTUAL_CLK__ (rise edge)
                          0.00    0.00   clock network delay (ideal)
                          0.25    0.25   clock uncertainty
                          0.00    0.25   clock reconvergence pessimism
                         -5.00   -4.75   output external delay
                                 -4.75   data required time
-----------------------------------------------------------------------------
                                 -4.75   data required time
                                 -5.74   data arrival time
-----------------------------------------------------------------------------
                                 10.49   slack (MET)


Startpoint: A[31] (input port clocked by __VIRTUAL_CLK__)
Endpoint: result[4] (output port clocked by __VIRTUAL_CLK__)
Path Group: __VIRTUAL_CLK__
Path Type: min

Fanout     Cap    Slew   Delay    Time   Description
-----------------------------------------------------------------------------
                  0.00    0.00    0.00   clock __VIRTUAL_CLK__ (rise edge)
                          0.00    0.00   clock network delay (ideal)
                          5.00    5.00 ^ input external delay
    10    0.03    0.12    0.08    5.08 ^ A[31] (in)
                                         A[31] (net)
                  0.12    0.00    5.08 ^ _4427_/B (sky130_fd_sc_hd__nand2_2)
     6    0.02    0.09    0.11    5.19 v _4427_/Y (sky130_fd_sc_hd__nand2_2)
                                         _3536_ (net)
                  0.09    0.00    5.19 v _4428_/B (sky130_fd_sc_hd__nor2_2)
     3    0.01    0.15    0.15    5.33 ^ _4428_/Y (sky130_fd_sc_hd__nor2_2)
                                         _3537_ (net)
                  0.15    0.00    5.33 ^ _4504_/A (sky130_fd_sc_hd__nor2_2)
     2    0.01    0.03    0.06    5.39 v _4504_/Y (sky130_fd_sc_hd__nor2_2)
                                         _3612_ (net)
                  0.03    0.00    5.39 v _4505_/B (sky130_fd_sc_hd__nor2_2)
     1    0.00    0.06    0.06    5.45 ^ _4505_/Y (sky130_fd_sc_hd__nor2_2)
                                         _3613_ (net)
                  0.06    0.00    5.45 ^ _4509_/C1 (sky130_fd_sc_hd__a2111o_2)
     1    0.00    0.03    0.09    5.54 ^ _4509_/X (sky130_fd_sc_hd__a2111o_2)
                                         _3617_ (net)
                  0.03    0.00    5.54 ^ _4510_/B1 (sky130_fd_sc_hd__a31o_2)
     2    0.03    0.20    0.20    5.74 ^ _4510_/X (sky130_fd_sc_hd__a31o_2)
                                         result[4] (net)
                  0.20    0.00    5.74 ^ result[4] (out)
                                  5.74   data arrival time

                  0.00    0.00    0.00   clock __VIRTUAL_CLK__ (rise edge)
                          0.00    0.00   clock network delay (ideal)
                          0.25    0.25   clock uncertainty
                          0.00    0.25   clock reconvergence pessimism
                         -5.00   -4.75   output external delay
                                 -4.75   data required time
-----------------------------------------------------------------------------
                                 -4.75   data required time
                                 -5.74   data arrival time
-----------------------------------------------------------------------------
                                 10.49   slack (MET)


Startpoint: opcode[0] (input port clocked by __VIRTUAL_CLK__)
Endpoint: result[5] (output port clocked by __VIRTUAL_CLK__)
Path Group: __VIRTUAL_CLK__
Path Type: min

Fanout     Cap    Slew   Delay    Time   Description
-----------------------------------------------------------------------------
                  0.00    0.00    0.00   clock __VIRTUAL_CLK__ (rise edge)
                          0.00    0.00   clock network delay (ideal)
                          5.00    5.00 v input external delay
     9    0.02    0.05    0.03    5.03 v opcode[0] (in)
                                         opcode[0] (net)
                  0.05    0.00    5.03 v _4182_/B_N (sky130_fd_sc_hd__or2b_2)
     4    0.01    0.07    0.18    5.21 ^ _4182_/X (sky130_fd_sc_hd__or2b_2)
                                         _3294_ (net)
                  0.07    0.00    5.21 ^ _4498_/C (sky130_fd_sc_hd__or3_2)
     6    0.02    0.10    0.16    5.37 ^ _4498_/X (sky130_fd_sc_hd__or3_2)
                                         _3606_ (net)
                  0.10    0.00    5.37 ^ _4550_/B1 (sky130_fd_sc_hd__a21o_2)
     1    0.00    0.03    0.09    5.46 ^ _4550_/X (sky130_fd_sc_hd__a21o_2)
                                         _3657_ (net)
                  0.03    0.00    5.46 ^ _4568_/B1 (sky130_fd_sc_hd__o211a_2)
     1    0.00    0.05    0.16    5.62 ^ _4568_/X (sky130_fd_sc_hd__o211a_2)
                                         _3675_ (net)
                  0.05    0.00    5.62 ^ _4569_/B1 (sky130_fd_sc_hd__o21ai_2)
     2    0.04    0.14    0.13    5.74 v _4569_/Y (sky130_fd_sc_hd__o21ai_2)
                                         result[5] (net)
                  0.14    0.00    5.74 v result[5] (out)
                                  5.74   data arrival time

                  0.00    0.00    0.00   clock __VIRTUAL_CLK__ (rise edge)
                          0.00    0.00   clock network delay (ideal)
                          0.25    0.25   clock uncertainty
                          0.00    0.25   clock reconvergence pessimism
                         -5.00   -4.75   output external delay
                                 -4.75   data required time
-----------------------------------------------------------------------------
                                 -4.75   data required time
                                 -5.74   data arrival time
-----------------------------------------------------------------------------
                                 10.49   slack (MET)


Startpoint: B[29] (input port clocked by __VIRTUAL_CLK__)
Endpoint: zero (output port clocked by __VIRTUAL_CLK__)
Path Group: __VIRTUAL_CLK__
Path Type: min

Fanout     Cap    Slew   Delay    Time   Description
-----------------------------------------------------------------------------
                  0.00    0.00    0.00   clock __VIRTUAL_CLK__ (rise edge)
                          0.00    0.00   clock network delay (ideal)
                          5.00    5.00 v input external delay
     2    0.01    0.02    0.01    5.01 v B[29] (in)
                                         B[29] (net)
                  0.02    0.00    5.01 v _3868_/A (sky130_fd_sc_hd__buf_1)
    10    0.03    0.15    0.16    5.17 v _3868_/X (sky130_fd_sc_hd__buf_1)
                                         _0311_ (net)
                  0.15    0.00    5.17 v _7205_/B (sky130_fd_sc_hd__nor2_2)
     2    0.00    0.09    0.12    5.29 ^ _7205_/Y (sky130_fd_sc_hd__nor2_2)
                                         _2688_ (net)
                  0.09    0.00    5.29 ^ _7361_/B1 (sky130_fd_sc_hd__a21o_2)
     3    0.01    0.08    0.13    5.42 ^ _7361_/X (sky130_fd_sc_hd__a21o_2)
                                         _2859_ (net)
                  0.08    0.00    5.42 ^ _7363_/A2 (sky130_fd_sc_hd__o21ai_2)
     1    0.00    0.03    0.05    5.48 v _7363_/Y (sky130_fd_sc_hd__o21ai_2)
                                         _2861_ (net)
                  0.03    0.00    5.48 v _7543_/A (sky130_fd_sc_hd__nand3_2)
     2    0.04    0.20    0.16    5.63 ^ _7543_/Y (sky130_fd_sc_hd__nand3_2)
                                         result[30] (net)
                  0.20    0.00    5.63 ^ _7707_/B (sky130_fd_sc_hd__nor4b_2)
     1    0.03    0.10    0.14    5.78 v _7707_/Y (sky130_fd_sc_hd__nor4b_2)
                                         zero (net)
                  0.10    0.00    5.78 v zero (out)
                                  5.78   data arrival time

                  0.00    0.00    0.00   clock __VIRTUAL_CLK__ (rise edge)
                          0.00    0.00   clock network delay (ideal)
                          0.25    0.25   clock uncertainty
                          0.00    0.25   clock reconvergence pessimism
                         -5.00   -4.75   output external delay
                                 -4.75   data required time
-----------------------------------------------------------------------------
                                 -4.75   data required time
                                 -5.78   data arrival time
-----------------------------------------------------------------------------
                                 10.53   slack (MET)


Startpoint: A[31] (input port clocked by __VIRTUAL_CLK__)
Endpoint: result[24] (output port clocked by __VIRTUAL_CLK__)
Path Group: __VIRTUAL_CLK__
Path Type: min

Fanout     Cap    Slew   Delay    Time   Description
-----------------------------------------------------------------------------
                  0.00    0.00    0.00   clock __VIRTUAL_CLK__ (rise edge)
                          0.00    0.00   clock network delay (ideal)
                          5.00    5.00 ^ input external delay
    10    0.03    0.12    0.08    5.08 ^ A[31] (in)
                                         A[31] (net)
                  0.12    0.00    5.08 ^ _4427_/B (sky130_fd_sc_hd__nand2_2)
     6    0.02    0.09    0.11    5.19 v _4427_/Y (sky130_fd_sc_hd__nand2_2)
                                         _3536_ (net)
                  0.09    0.00    5.19 v _6560_/A1 (sky130_fd_sc_hd__a21oi_2)
     1    0.00    0.06    0.11    5.29 ^ _6560_/Y (sky130_fd_sc_hd__a21oi_2)
                                         _1984_ (net)
                  0.06    0.00    5.29 ^ _6573_/A (sky130_fd_sc_hd__or4b_2)
     1    0.00    0.03    0.10    5.39 ^ _6573_/X (sky130_fd_sc_hd__or4b_2)
                                         _1998_ (net)
                  0.03    0.00    5.39 ^ _6574_/C (sky130_fd_sc_hd__or3_2)
     1    0.00    0.03    0.08    5.47 ^ _6574_/X (sky130_fd_sc_hd__or3_2)
                                         _1999_ (net)
                  0.03    0.00    5.47 ^ _6575_/A (sky130_fd_sc_hd__buf_1)
     2    0.04    0.41    0.31    5.78 ^ _6575_/X (sky130_fd_sc_hd__buf_1)
                                         result[24] (net)
                  0.41    0.00    5.78 ^ result[24] (out)
                                  5.78   data arrival time

                  0.00    0.00    0.00   clock __VIRTUAL_CLK__ (rise edge)
                          0.00    0.00   clock network delay (ideal)
                          0.25    0.25   clock uncertainty
                          0.00    0.25   clock reconvergence pessimism
                         -5.00   -4.75   output external delay
                                 -4.75   data required time
-----------------------------------------------------------------------------
                                 -4.75   data required time
                                 -5.78   data arrival time
-----------------------------------------------------------------------------
                                 10.53   slack (MET)


Startpoint: opcode[3] (input port clocked by __VIRTUAL_CLK__)
Endpoint: result[21] (output port clocked by __VIRTUAL_CLK__)
Path Group: __VIRTUAL_CLK__
Path Type: min

Fanout     Cap    Slew   Delay    Time   Description
-----------------------------------------------------------------------------
                  0.00    0.00    0.00   clock __VIRTUAL_CLK__ (rise edge)
                          0.00    0.00   clock network delay (ideal)
                          5.00    5.00 v input external delay
     7    0.02    0.04    0.02    5.02 v opcode[3] (in)
                                         opcode[3] (net)
                  0.04    0.00    5.02 v _4186_/B (sky130_fd_sc_hd__nand2b_2)
     5    0.02    0.11    0.10    5.12 ^ _4186_/Y (sky130_fd_sc_hd__nand2b_2)
                                         _3298_ (net)
                  0.11    0.00    5.12 ^ _4300_/A (sky130_fd_sc_hd__or2_2)
     3    0.01    0.06    0.14    5.26 ^ _4300_/X (sky130_fd_sc_hd__or2_2)
                                         _3411_ (net)
                  0.06    0.00    5.26 ^ _4540_/A (sky130_fd_sc_hd__buf_1)
    10    0.03    0.39    0.31    5.57 ^ _4540_/X (sky130_fd_sc_hd__buf_1)
                                         _3647_ (net)
                  0.39    0.00    5.57 ^ _6139_/A1 (sky130_fd_sc_hd__o21ai_2)
     2    0.03    0.14    0.22    5.79 v _6139_/Y (sky130_fd_sc_hd__o21ai_2)
                                         result[21] (net)
                  0.14    0.00    5.79 v result[21] (out)
                                  5.79   data arrival time

                  0.00    0.00    0.00   clock __VIRTUAL_CLK__ (rise edge)
                          0.00    0.00   clock network delay (ideal)
                          0.25    0.25   clock uncertainty
                          0.00    0.25   clock reconvergence pessimism
                         -5.00   -4.75   output external delay
                                 -4.75   data required time
-----------------------------------------------------------------------------
                                 -4.75   data required time
                                 -5.79   data arrival time
-----------------------------------------------------------------------------
                                 10.54   slack (MET)


Startpoint: A[30] (input port clocked by __VIRTUAL_CLK__)
Endpoint: result[31] (output port clocked by __VIRTUAL_CLK__)
Path Group: __VIRTUAL_CLK__
Path Type: min

Fanout     Cap    Slew   Delay    Time   Description
-----------------------------------------------------------------------------
                  0.00    0.00    0.00   clock __VIRTUAL_CLK__ (rise edge)
                          0.00    0.00   clock network delay (ideal)
                          5.00    5.00 ^ input external delay
     8    0.02    0.11    0.07    5.07 ^ A[30] (in)
                                         A[30] (net)
                  0.11    0.00    5.07 ^ _7365_/A (sky130_fd_sc_hd__nand2_2)
     2    0.01    0.05    0.06    5.13 v _7365_/Y (sky130_fd_sc_hd__nand2_2)
                                         _2863_ (net)
                  0.05    0.00    5.13 v _7548_/B1 (sky130_fd_sc_hd__o21ai_2)
     2    0.01    0.08    0.07    5.20 ^ _7548_/Y (sky130_fd_sc_hd__o21ai_2)
                                         _3063_ (net)
                  0.08    0.00    5.20 ^ _7549_/B (sky130_fd_sc_hd__xnor2_2)
     2    0.01    0.04    0.06    5.27 v _7549_/Y (sky130_fd_sc_hd__xnor2_2)
                                         _3065_ (net)
                  0.04    0.00    5.27 v _7550_/B (sky130_fd_sc_hd__nor2_2)
     3    0.01    0.10    0.09    5.36 ^ _7550_/Y (sky130_fd_sc_hd__nor2_2)
                                         _3066_ (net)
                  0.10    0.00    5.36 ^ _7694_/B (sky130_fd_sc_hd__or3_2)
     1    0.00    0.03    0.11    5.47 ^ _7694_/X (sky130_fd_sc_hd__or3_2)
                                         _3224_ (net)
                  0.03    0.00    5.47 ^ _7695_/A (sky130_fd_sc_hd__buf_1)
     2    0.04    0.45    0.33    5.81 ^ _7695_/X (sky130_fd_sc_hd__buf_1)
                                         result[31] (net)
                  0.45    0.00    5.81 ^ result[31] (out)
                                  5.81   data arrival time

                  0.00    0.00    0.00   clock __VIRTUAL_CLK__ (rise edge)
                          0.00    0.00   clock network delay (ideal)
                          0.25    0.25   clock uncertainty
                          0.00    0.25   clock reconvergence pessimism
                         -5.00   -4.75   output external delay
                                 -4.75   data required time
-----------------------------------------------------------------------------
                                 -4.75   data required time
                                 -5.81   data arrival time
-----------------------------------------------------------------------------
                                 10.56   slack (MET)


Startpoint: B[27] (input port clocked by __VIRTUAL_CLK__)
Endpoint: result[27] (output port clocked by __VIRTUAL_CLK__)
Path Group: __VIRTUAL_CLK__
Path Type: min

Fanout     Cap    Slew   Delay    Time   Description
-----------------------------------------------------------------------------
                  0.00    0.00    0.00   clock __VIRTUAL_CLK__ (rise edge)
                          0.00    0.00   clock network delay (ideal)
                          5.00    5.00 v input external delay
     6    0.01    0.03    0.02    5.02 v B[27] (in)
                                         B[27] (net)
                  0.03    0.00    5.02 v _3863_/A (sky130_fd_sc_hd__buf_1)
    10    0.02    0.14    0.16    5.18 v _3863_/X (sky130_fd_sc_hd__buf_1)
                                         _0257_ (net)
                  0.14    0.00    5.18 v _3885_/B (sky130_fd_sc_hd__nor2_2)
     1    0.00    0.08    0.11    5.30 ^ _3885_/Y (sky130_fd_sc_hd__nor2_2)
                                         _0497_ (net)
                  0.08    0.00    5.30 ^ _3887_/A (sky130_fd_sc_hd__nor2_2)
     5    0.02    0.05    0.08    5.37 v _3887_/Y (sky130_fd_sc_hd__nor2_2)
                                         _0518_ (net)
                  0.05    0.00    5.37 v _7010_/A (sky130_fd_sc_hd__xnor2_2)
     1    0.00    0.03    0.13    5.50 ^ _7010_/Y (sky130_fd_sc_hd__xnor2_2)
                                         _2476_ (net)
                  0.03    0.00    5.50 ^ _7023_/A2 (sky130_fd_sc_hd__a211o_2)
     1    0.00    0.03    0.10    5.61 ^ _7023_/X (sky130_fd_sc_hd__a211o_2)
                                         _2490_ (net)
                  0.03    0.00    5.61 ^ _7024_/B1 (sky130_fd_sc_hd__a31o_2)
     2    0.04    0.22    0.21    5.81 ^ _7024_/X (sky130_fd_sc_hd__a31o_2)
                                         result[27] (net)
                  0.22    0.00    5.81 ^ result[27] (out)
                                  5.81   data arrival time

                  0.00    0.00    0.00   clock __VIRTUAL_CLK__ (rise edge)
                          0.00    0.00   clock network delay (ideal)
                          0.25    0.25   clock uncertainty
                          0.00    0.25   clock reconvergence pessimism
                         -5.00   -4.75   output external delay
                                 -4.75   data required time
-----------------------------------------------------------------------------
                                 -4.75   data required time
                                 -5.81   data arrival time
-----------------------------------------------------------------------------
                                 10.56   slack (MET)


Startpoint: opcode[3] (input port clocked by __VIRTUAL_CLK__)
Endpoint: result[14] (output port clocked by __VIRTUAL_CLK__)
Path Group: __VIRTUAL_CLK__
Path Type: min

Fanout     Cap    Slew   Delay    Time   Description
-----------------------------------------------------------------------------
                  0.00    0.00    0.00   clock __VIRTUAL_CLK__ (rise edge)
                          0.00    0.00   clock network delay (ideal)
                          5.00    5.00 v input external delay
     7    0.02    0.04    0.02    5.02 v opcode[3] (in)
                                         opcode[3] (net)
                  0.04    0.00    5.02 v _4186_/B (sky130_fd_sc_hd__nand2b_2)
     5    0.02    0.11    0.10    5.12 ^ _4186_/Y (sky130_fd_sc_hd__nand2b_2)
                                         _3298_ (net)
                  0.11    0.00    5.12 ^ _4300_/A (sky130_fd_sc_hd__or2_2)
     3    0.01    0.06    0.14    5.26 ^ _4300_/X (sky130_fd_sc_hd__or2_2)
                                         _3411_ (net)
                  0.06    0.00    5.26 ^ _4540_/A (sky130_fd_sc_hd__buf_1)
    10    0.03    0.39    0.31    5.57 ^ _4540_/X (sky130_fd_sc_hd__buf_1)
                                         _3647_ (net)
                  0.39    0.00    5.57 ^ _5311_/A1 (sky130_fd_sc_hd__o31ai_2)
     2    0.03    0.14    0.24    5.82 v _5311_/Y (sky130_fd_sc_hd__o31ai_2)
                                         result[14] (net)
                  0.14    0.00    5.82 v result[14] (out)
                                  5.82   data arrival time

                  0.00    0.00    0.00   clock __VIRTUAL_CLK__ (rise edge)
                          0.00    0.00   clock network delay (ideal)
                          0.25    0.25   clock uncertainty
                          0.00    0.25   clock reconvergence pessimism
                         -5.00   -4.75   output external delay
                                 -4.75   data required time
-----------------------------------------------------------------------------
                                 -4.75   data required time
                                 -5.82   data arrival time
-----------------------------------------------------------------------------
                                 10.57   slack (MET)


Startpoint: B[25] (input port clocked by __VIRTUAL_CLK__)
Endpoint: result[26] (output port clocked by __VIRTUAL_CLK__)
Path Group: __VIRTUAL_CLK__
Path Type: min

Fanout     Cap    Slew   Delay    Time   Description
-----------------------------------------------------------------------------
                  0.00    0.00    0.00   clock __VIRTUAL_CLK__ (rise edge)
                          0.00    0.00   clock network delay (ideal)
                          5.00    5.00 v input external delay
     8    0.02    0.05    0.03    5.03 v B[25] (in)
                                         B[25] (net)
                  0.05    0.00    5.03 v _3854_/A (sky130_fd_sc_hd__buf_1)
    10    0.02    0.14    0.17    5.20 v _3854_/X (sky130_fd_sc_hd__buf_1)
                                         _0159_ (net)
                  0.14    0.00    5.20 v _3855_/B_N (sky130_fd_sc_hd__or2b_2)
     3    0.01    0.05    0.20    5.40 ^ _3855_/X (sky130_fd_sc_hd__or2b_2)
                                         _0170_ (net)
                  0.05    0.00    5.40 ^ _6855_/B1 (sky130_fd_sc_hd__o21a_2)
     1    0.00    0.04    0.12    5.52 ^ _6855_/X (sky130_fd_sc_hd__o21a_2)
                                         _2306_ (net)
                  0.04    0.00    5.52 ^ _6858_/A2 (sky130_fd_sc_hd__o21ai_2)
     1    0.00    0.03    0.04    5.56 v _6858_/Y (sky130_fd_sc_hd__o21ai_2)
                                         _2309_ (net)
                  0.03    0.00    5.56 v _6869_/B1 (sky130_fd_sc_hd__o211ai_2)
     1    0.00    0.04    0.05    5.61 ^ _6869_/Y (sky130_fd_sc_hd__o211ai_2)
                                         _2322_ (net)
                  0.04    0.00    5.61 ^ _6870_/B1 (sky130_fd_sc_hd__a31o_2)
     2    0.03    0.20    0.20    5.82 ^ _6870_/X (sky130_fd_sc_hd__a31o_2)
                                         result[26] (net)
                  0.20    0.00    5.82 ^ result[26] (out)
                                  5.82   data arrival time

                  0.00    0.00    0.00   clock __VIRTUAL_CLK__ (rise edge)
                          0.00    0.00   clock network delay (ideal)
                          0.25    0.25   clock uncertainty
                          0.00    0.25   clock reconvergence pessimism
                         -5.00   -4.75   output external delay
                                 -4.75   data required time
-----------------------------------------------------------------------------
                                 -4.75   data required time
                                 -5.82   data arrival time
-----------------------------------------------------------------------------
                                 10.57   slack (MET)


Startpoint: opcode[3] (input port clocked by __VIRTUAL_CLK__)
Endpoint: result[23] (output port clocked by __VIRTUAL_CLK__)
Path Group: __VIRTUAL_CLK__
Path Type: min

Fanout     Cap    Slew   Delay    Time   Description
-----------------------------------------------------------------------------
                  0.00    0.00    0.00   clock __VIRTUAL_CLK__ (rise edge)
                          0.00    0.00   clock network delay (ideal)
                          5.00    5.00 v input external delay
     7    0.02    0.04    0.02    5.02 v opcode[3] (in)
                                         opcode[3] (net)
                  0.04    0.00    5.02 v _4186_/B (sky130_fd_sc_hd__nand2b_2)
     5    0.02    0.11    0.10    5.12 ^ _4186_/Y (sky130_fd_sc_hd__nand2b_2)
                                         _3298_ (net)
                  0.11    0.00    5.12 ^ _4381_/A (sky130_fd_sc_hd__nor2_2)
     2    0.00    0.03    0.05    5.17 v _4381_/Y (sky130_fd_sc_hd__nor2_2)
                                         _3491_ (net)
                  0.03    0.00    5.17 v _4382_/A (sky130_fd_sc_hd__buf_1)
    10    0.02    0.14    0.16    5.34 v _4382_/X (sky130_fd_sc_hd__buf_1)
                                         _3492_ (net)
                  0.14    0.00    5.34 v _5639_/A (sky130_fd_sc_hd__buf_1)
    10    0.02    0.15    0.21    5.55 v _5639_/X (sky130_fd_sc_hd__buf_1)
                                         _0977_ (net)
                  0.15    0.00    5.55 v _6420_/A1 (sky130_fd_sc_hd__a21o_2)
     2    0.03    0.10    0.29    5.84 v _6420_/X (sky130_fd_sc_hd__a21o_2)
                                         result[23] (net)
                  0.10    0.00    5.84 v result[23] (out)
                                  5.84   data arrival time

                  0.00    0.00    0.00   clock __VIRTUAL_CLK__ (rise edge)
                          0.00    0.00   clock network delay (ideal)
                          0.25    0.25   clock uncertainty
                          0.00    0.25   clock reconvergence pessimism
                         -5.00   -4.75   output external delay
                                 -4.75   data required time
-----------------------------------------------------------------------------
                                 -4.75   data required time
                                 -5.84   data arrival time
-----------------------------------------------------------------------------
                                 10.59   slack (MET)


Startpoint: opcode[0] (input port clocked by __VIRTUAL_CLK__)
Endpoint: result[16] (output port clocked by __VIRTUAL_CLK__)
Path Group: __VIRTUAL_CLK__
Path Type: min

Fanout     Cap    Slew   Delay    Time   Description
-----------------------------------------------------------------------------
                  0.00    0.00    0.00   clock __VIRTUAL_CLK__ (rise edge)
                          0.00    0.00   clock network delay (ideal)
                          5.00    5.00 ^ input external delay
     9    0.02    0.11    0.07    5.07 ^ opcode[0] (in)
                                         opcode[0] (net)
                  0.11    0.00    5.07 ^ _4187_/A (sky130_fd_sc_hd__nor3_2)
     9    0.03    0.08    0.11    5.18 v _4187_/Y (sky130_fd_sc_hd__nor3_2)
                                         _3299_ (net)
                  0.08    0.00    5.18 v _4188_/B (sky130_fd_sc_hd__nand2_2)
     6    0.02    0.12    0.13    5.31 ^ _4188_/Y (sky130_fd_sc_hd__nand2_2)
                                         _3300_ (net)
                  0.12    0.00    5.31 ^ _4192_/A (sky130_fd_sc_hd__nand2_2)
    10    0.03    0.11    0.12    5.43 v _4192_/Y (sky130_fd_sc_hd__nand2_2)
                                         _3304_ (net)
                  0.11    0.00    5.43 v _5525_/A1 (sky130_fd_sc_hd__a21oi_2)
     1    0.00    0.07    0.12    5.55 ^ _5525_/Y (sky130_fd_sc_hd__a21oi_2)
                                         _0853_ (net)
                  0.07    0.00    5.55 ^ _5526_/C1 (sky130_fd_sc_hd__o211a_2)
     1    0.00    0.05    0.16    5.71 ^ _5526_/X (sky130_fd_sc_hd__o211a_2)
                                         _0854_ (net)
                  0.05    0.00    5.71 ^ _5527_/B (sky130_fd_sc_hd__nand2_2)
     2    0.04    0.14    0.13    5.84 v _5527_/Y (sky130_fd_sc_hd__nand2_2)
                                         result[16] (net)
                  0.14    0.00    5.84 v result[16] (out)
                                  5.84   data arrival time

                  0.00    0.00    0.00   clock __VIRTUAL_CLK__ (rise edge)
                          0.00    0.00   clock network delay (ideal)
                          0.25    0.25   clock uncertainty
                          0.00    0.25   clock reconvergence pessimism
                         -5.00   -4.75   output external delay
                                 -4.75   data required time
-----------------------------------------------------------------------------
                                 -4.75   data required time
                                 -5.84   data arrival time
-----------------------------------------------------------------------------
                                 10.59   slack (MET)


Startpoint: opcode[3] (input port clocked by __VIRTUAL_CLK__)
Endpoint: result[22] (output port clocked by __VIRTUAL_CLK__)
Path Group: __VIRTUAL_CLK__
Path Type: min

Fanout     Cap    Slew   Delay    Time   Description
-----------------------------------------------------------------------------
                  0.00    0.00    0.00   clock __VIRTUAL_CLK__ (rise edge)
                          0.00    0.00   clock network delay (ideal)
                          5.00    5.00 v input external delay
     7    0.02    0.04    0.02    5.02 v opcode[3] (in)
                                         opcode[3] (net)
                  0.04    0.00    5.02 v _4186_/B (sky130_fd_sc_hd__nand2b_2)
     5    0.02    0.11    0.10    5.12 ^ _4186_/Y (sky130_fd_sc_hd__nand2b_2)
                                         _3298_ (net)
                  0.11    0.00    5.12 ^ _4381_/A (sky130_fd_sc_hd__nor2_2)
     2    0.00    0.03    0.05    5.17 v _4381_/Y (sky130_fd_sc_hd__nor2_2)
                                         _3491_ (net)
                  0.03    0.00    5.17 v _4382_/A (sky130_fd_sc_hd__buf_1)
    10    0.02    0.14    0.16    5.34 v _4382_/X (sky130_fd_sc_hd__buf_1)
                                         _3492_ (net)
                  0.14    0.00    5.34 v _5639_/A (sky130_fd_sc_hd__buf_1)
    10    0.02    0.15    0.21    5.55 v _5639_/X (sky130_fd_sc_hd__buf_1)
                                         _0977_ (net)
                  0.15    0.00    5.55 v _6275_/A1 (sky130_fd_sc_hd__a31o_2)
     2    0.03    0.11    0.30    5.85 v _6275_/X (sky130_fd_sc_hd__a31o_2)
                                         result[22] (net)
                  0.11    0.00    5.85 v result[22] (out)
                                  5.85   data arrival time

                  0.00    0.00    0.00   clock __VIRTUAL_CLK__ (rise edge)
                          0.00    0.00   clock network delay (ideal)
                          0.25    0.25   clock uncertainty
                          0.00    0.25   clock reconvergence pessimism
                         -5.00   -4.75   output external delay
                                 -4.75   data required time
-----------------------------------------------------------------------------
                                 -4.75   data required time
                                 -5.85   data arrival time
-----------------------------------------------------------------------------
                                 10.60   slack (MET)


Startpoint: opcode[3] (input port clocked by __VIRTUAL_CLK__)
Endpoint: result[18] (output port clocked by __VIRTUAL_CLK__)
Path Group: __VIRTUAL_CLK__
Path Type: min

Fanout     Cap    Slew   Delay    Time   Description
-----------------------------------------------------------------------------
                  0.00    0.00    0.00   clock __VIRTUAL_CLK__ (rise edge)
                          0.00    0.00   clock network delay (ideal)
                          5.00    5.00 v input external delay
     7    0.02    0.04    0.02    5.02 v opcode[3] (in)
                                         opcode[3] (net)
                  0.04    0.00    5.02 v _4186_/B (sky130_fd_sc_hd__nand2b_2)
     5    0.02    0.11    0.10    5.12 ^ _4186_/Y (sky130_fd_sc_hd__nand2b_2)
                                         _3298_ (net)
                  0.11    0.00    5.12 ^ _4381_/A (sky130_fd_sc_hd__nor2_2)
     2    0.00    0.03    0.05    5.17 v _4381_/Y (sky130_fd_sc_hd__nor2_2)
                                         _3491_ (net)
                  0.03    0.00    5.17 v _4382_/A (sky130_fd_sc_hd__buf_1)
    10    0.02    0.14    0.16    5.34 v _4382_/X (sky130_fd_sc_hd__buf_1)
                                         _3492_ (net)
                  0.14    0.00    5.34 v _5639_/A (sky130_fd_sc_hd__buf_1)
    10    0.02    0.15    0.21    5.55 v _5639_/X (sky130_fd_sc_hd__buf_1)
                                         _0977_ (net)
                  0.15    0.00    5.55 v _5753_/A1 (sky130_fd_sc_hd__a31o_2)
     2    0.03    0.11    0.30    5.85 v _5753_/X (sky130_fd_sc_hd__a31o_2)
                                         result[18] (net)
                  0.11    0.00    5.85 v result[18] (out)
                                  5.85   data arrival time

                  0.00    0.00    0.00   clock __VIRTUAL_CLK__ (rise edge)
                          0.00    0.00   clock network delay (ideal)
                          0.25    0.25   clock uncertainty
                          0.00    0.25   clock reconvergence pessimism
                         -5.00   -4.75   output external delay
                                 -4.75   data required time
-----------------------------------------------------------------------------
                                 -4.75   data required time
                                 -5.85   data arrival time
-----------------------------------------------------------------------------
                                 10.60   slack (MET)


Startpoint: opcode[3] (input port clocked by __VIRTUAL_CLK__)
Endpoint: result[19] (output port clocked by __VIRTUAL_CLK__)
Path Group: __VIRTUAL_CLK__
Path Type: min

Fanout     Cap    Slew   Delay    Time   Description
-----------------------------------------------------------------------------
                  0.00    0.00    0.00   clock __VIRTUAL_CLK__ (rise edge)
                          0.00    0.00   clock network delay (ideal)
                          5.00    5.00 v input external delay
     7    0.02    0.04    0.02    5.02 v opcode[3] (in)
                                         opcode[3] (net)
                  0.04    0.00    5.02 v _4186_/B (sky130_fd_sc_hd__nand2b_2)
     5    0.02    0.11    0.10    5.12 ^ _4186_/Y (sky130_fd_sc_hd__nand2b_2)
                                         _3298_ (net)
                  0.11    0.00    5.12 ^ _4381_/A (sky130_fd_sc_hd__nor2_2)
     2    0.00    0.03    0.05    5.17 v _4381_/Y (sky130_fd_sc_hd__nor2_2)
                                         _3491_ (net)
                  0.03    0.00    5.17 v _4382_/A (sky130_fd_sc_hd__buf_1)
    10    0.02    0.14    0.16    5.34 v _4382_/X (sky130_fd_sc_hd__buf_1)
                                         _3492_ (net)
                  0.14    0.00    5.34 v _5639_/A (sky130_fd_sc_hd__buf_1)
    10    0.02    0.15    0.21    5.55 v _5639_/X (sky130_fd_sc_hd__buf_1)
                                         _0977_ (net)
                  0.15    0.00    5.55 v _5876_/A1 (sky130_fd_sc_hd__a31o_2)
     2    0.03    0.11    0.30    5.85 v _5876_/X (sky130_fd_sc_hd__a31o_2)
                                         result[19] (net)
                  0.11    0.00    5.85 v result[19] (out)
                                  5.85   data arrival time

                  0.00    0.00    0.00   clock __VIRTUAL_CLK__ (rise edge)
                          0.00    0.00   clock network delay (ideal)
                          0.25    0.25   clock uncertainty
                          0.00    0.25   clock reconvergence pessimism
                         -5.00   -4.75   output external delay
                                 -4.75   data required time
-----------------------------------------------------------------------------
                                 -4.75   data required time
                                 -5.85   data arrival time
-----------------------------------------------------------------------------
                                 10.60   slack (MET)


Startpoint: opcode[3] (input port clocked by __VIRTUAL_CLK__)
Endpoint: result[1] (output port clocked by __VIRTUAL_CLK__)
Path Group: __VIRTUAL_CLK__
Path Type: min

Fanout     Cap    Slew   Delay    Time   Description
-----------------------------------------------------------------------------
                  0.00    0.00    0.00   clock __VIRTUAL_CLK__ (rise edge)
                          0.00    0.00   clock network delay (ideal)
                          5.00    5.00 v input external delay
     7    0.02    0.04    0.02    5.02 v opcode[3] (in)
                                         opcode[3] (net)
                  0.04    0.00    5.02 v _4253_/C (sky130_fd_sc_hd__nor3_2)
     3    0.01    0.20    0.15    5.18 ^ _4253_/Y (sky130_fd_sc_hd__nor3_2)
                                         _3365_ (net)
                  0.20    0.00    5.18 ^ _4292_/B_N (sky130_fd_sc_hd__nor2b_2)
     6    0.02    0.20    0.26    5.43 ^ _4292_/Y (sky130_fd_sc_hd__nor2b_2)
                                         _3403_ (net)
                  0.20    0.00    5.43 ^ _4310_/A3 (sky130_fd_sc_hd__a31o_2)
     1    0.00    0.03    0.16    5.59 ^ _4310_/X (sky130_fd_sc_hd__a31o_2)
                                         _3421_ (net)
                  0.03    0.00    5.59 ^ _4351_/A (sky130_fd_sc_hd__or3_2)
     1    0.00    0.03    0.09    5.68 ^ _4351_/X (sky130_fd_sc_hd__or3_2)
                                         _3462_ (net)
                  0.03    0.00    5.68 ^ _4352_/A (sky130_fd_sc_hd__buf_1)
     2    0.03    0.41    0.31    5.99 ^ _4352_/X (sky130_fd_sc_hd__buf_1)
                                         result[1] (net)
                  0.41    0.00    5.99 ^ result[1] (out)
                                  5.99   data arrival time

                  0.00    0.00    0.00   clock __VIRTUAL_CLK__ (rise edge)
                          0.00    0.00   clock network delay (ideal)
                          0.25    0.25   clock uncertainty
                          0.00    0.25   clock reconvergence pessimism
                         -5.00   -4.75   output external delay
                                 -4.75   data required time
-----------------------------------------------------------------------------
                                 -4.75   data required time
                                 -5.99   data arrival time
-----------------------------------------------------------------------------
                                 10.74   slack (MET)



worst slack corner Typical: 10.1617
