'PNR_SDC_FILE' is not defined. Using generic fallback SDC for OpenROAD PnR steps.
'SIGNOFF_SDC_FILE' is not defined. Using generic fallback SDC for OpenROAD PnR steps.
[STA-0366] port '__VIRTUAL_CLK__' not found.
[STA-0366] port '__VIRTUAL_CLK__' not found.
[STA-0419] transition time can not be specified for virtual clocks.
[STA-0450] virtual clock __VIRTUAL_CLK__ can not be propagated.
[STA-0366] port '__VIRTUAL_CLK__' not found.
[STA-0366] port '__VIRTUAL_CLK__' not found.
[STA-0419] transition time can not be specified for virtual clocks.
[STA-0450] virtual clock __VIRTUAL_CLK__ can not be propagated.
[STA-0366] port '__VIRTUAL_CLK__' not found.
[STA-0366] port '__VIRTUAL_CLK__' not found.
[STA-0419] transition time can not be specified for virtual clocks.
[STA-0450] virtual clock __VIRTUAL_CLK__ can not be propagated.
[STA-0366] port '__VIRTUAL_CLK__' not found.
[STA-0366] port '__VIRTUAL_CLK__' not found.
[STA-0419] transition time can not be specified for virtual clocks.
[STA-0450] virtual clock __VIRTUAL_CLK__ can not be propagated.
[STA-0366] port '__VIRTUAL_CLK__' not found.
[STA-0366] port '__VIRTUAL_CLK__' not found.
[STA-0419] transition time can not be specified for virtual clocks.
[STA-0450] virtual clock __VIRTUAL_CLK__ can not be propagated.
[GPL-0302] Target density 0.5000 is too low for the available free area.
[STA-0366] port '__VIRTUAL_CLK__' not found.
[STA-0366] port '__VIRTUAL_CLK__' not found.
[STA-0419] transition time can not be specified for virtual clocks.
[STA-0450] virtual clock __VIRTUAL_CLK__ can not be propagated.
[STA-0366] port '__VIRTUAL_CLK__' not found.
[STA-0366] port '__VIRTUAL_CLK__' not found.
[STA-0419] transition time can not be specified for virtual clocks.
[STA-0450] virtual clock __VIRTUAL_CLK__ can not be propagated.
[GPL-0302] Target density 0.5000 is too low for the available free area.
[STA-0366] port '__VIRTUAL_CLK__' not found.
[STA-0366] port '__VIRTUAL_CLK__' not found.
[STA-0419] transition time can not be specified for virtual clocks.
[STA-0450] virtual clock __VIRTUAL_CLK__ can not be propagated.
[STA-1140] /foss/pdks/ciel/sky130/versions/7b70722e33c03fcb5dabcf4d479fb0822d9251c9/sky130A/libs.ref/sky130_fd_sc_hd/lib/sky130_fd_sc_hd__tt_025C_1v80.lib line 1, library sky130_fd_sc_hd__tt_025C_1v80 already exists.
[STA-1140] /foss/pdks/ciel/sky130/versions/7b70722e33c03fcb5dabcf4d479fb0822d9251c9/sky130A/libs.ref/sky130_fd_sc_hd/lib/sky130_fd_sc_hd__ff_n40C_1v95.lib line 1, library sky130_fd_sc_hd__ff_n40C_1v95 already exists.
[STA-1140] /foss/pdks/ciel/sky130/versions/7b70722e33c03fcb5dabcf4d479fb0822d9251c9/sky130A/libs.ref/sky130_fd_sc_hd/lib/sky130_fd_sc_hd__ss_100C_1v60.lib line 1, library sky130_fd_sc_hd__ss_100C_1v60 already exists.
[STA-1140] /foss/pdks/ciel/sky130/versions/7b70722e33c03fcb5dabcf4d479fb0822d9251c9/sky130A/libs.ref/sky130_fd_sc_hd/lib/sky130_fd_sc_hd__tt_025C_1v80.lib line 1, library sky130_fd_sc_hd__tt_025C_1v80 already exists.
[STA-1140] /foss/pdks/ciel/sky130/versions/7b70722e33c03fcb5dabcf4d479fb0822d9251c9/sky130A/libs.ref/sky130_fd_sc_hd/lib/sky130_fd_sc_hd__ss_100C_1v60.lib line 1, library sky130_fd_sc_hd__ss_100C_1v60 already exists.
[STA-1140] /foss/pdks/ciel/sky130/versions/7b70722e33c03fcb5dabcf4d479fb0822d9251c9/sky130A/libs.ref/sky130_fd_sc_hd/lib/sky130_fd_sc_hd__ff_n40C_1v95.lib line 1, library sky130_fd_sc_hd__ff_n40C_1v95 already exists.
[STA-0366] port '__VIRTUAL_CLK__' not found.
[STA-0366] port '__VIRTUAL_CLK__' not found.
[STA-0419] transition time can not be specified for virtual clocks.
[STA-0450] virtual clock __VIRTUAL_CLK__ can not be propagated.
[RSZ-0020] found 2 floating nets.
[STA-0366] port '__VIRTUAL_CLK__' not found.
[STA-0366] port '__VIRTUAL_CLK__' not found.
[STA-0419] transition time can not be specified for virtual clocks.
[STA-0450] virtual clock __VIRTUAL_CLK__ can not be propagated.
No CLOCK_NET (or CLOCK_PORT) specified. CTS cannot be performed. Returning state unaltered…
[STA-0366] port '__VIRTUAL_CLK__' not found.
[STA-0366] port '__VIRTUAL_CLK__' not found.
[STA-0419] transition time can not be specified for virtual clocks.
[STA-0450] virtual clock __VIRTUAL_CLK__ can not be propagated.
[STA-1140] /foss/pdks/ciel/sky130/versions/7b70722e33c03fcb5dabcf4d479fb0822d9251c9/sky130A/libs.ref/sky130_fd_sc_hd/lib/sky130_fd_sc_hd__tt_025C_1v80.lib line 1, library sky130_fd_sc_hd__tt_025C_1v80 already exists.
[STA-1140] /foss/pdks/ciel/sky130/versions/7b70722e33c03fcb5dabcf4d479fb0822d9251c9/sky130A/libs.ref/sky130_fd_sc_hd/lib/sky130_fd_sc_hd__ff_n40C_1v95.lib line 1, library sky130_fd_sc_hd__ff_n40C_1v95 already exists.
[STA-1140] /foss/pdks/ciel/sky130/versions/7b70722e33c03fcb5dabcf4d479fb0822d9251c9/sky130A/libs.ref/sky130_fd_sc_hd/lib/sky130_fd_sc_hd__ss_100C_1v60.lib line 1, library sky130_fd_sc_hd__ss_100C_1v60 already exists.
[STA-1140] /foss/pdks/ciel/sky130/versions/7b70722e33c03fcb5dabcf4d479fb0822d9251c9/sky130A/libs.ref/sky130_fd_sc_hd/lib/sky130_fd_sc_hd__tt_025C_1v80.lib line 1, library sky130_fd_sc_hd__tt_025C_1v80 already exists.
[STA-1140] /foss/pdks/ciel/sky130/versions/7b70722e33c03fcb5dabcf4d479fb0822d9251c9/sky130A/libs.ref/sky130_fd_sc_hd/lib/sky130_fd_sc_hd__ss_100C_1v60.lib line 1, library sky130_fd_sc_hd__ss_100C_1v60 already exists.
[STA-1140] /foss/pdks/ciel/sky130/versions/7b70722e33c03fcb5dabcf4d479fb0822d9251c9/sky130A/libs.ref/sky130_fd_sc_hd/lib/sky130_fd_sc_hd__ff_n40C_1v95.lib line 1, library sky130_fd_sc_hd__ff_n40C_1v95 already exists.
[STA-0366] port '__VIRTUAL_CLK__' not found.
[STA-0366] port '__VIRTUAL_CLK__' not found.
[STA-0419] transition time can not be specified for virtual clocks.
[STA-0450] virtual clock __VIRTUAL_CLK__ can not be propagated.
[STA-0450] virtual clock __VIRTUAL_CLK__ can not be propagated.
[RSZ-0062] Unable to repair all setup violations.
[STA-0366] port '__VIRTUAL_CLK__' not found.
[STA-0366] port '__VIRTUAL_CLK__' not found.
[STA-0419] transition time can not be specified for virtual clocks.
[STA-0450] virtual clock __VIRTUAL_CLK__ can not be propagated.
[STA-0366] port '__VIRTUAL_CLK__' not found.
[STA-0366] port '__VIRTUAL_CLK__' not found.
[STA-0419] transition time can not be specified for virtual clocks.
[STA-0450] virtual clock __VIRTUAL_CLK__ can not be propagated.
[STA-0450] virtual clock __VIRTUAL_CLK__ can not be propagated.
[STA-0366] port '__VIRTUAL_CLK__' not found.
[STA-0366] port '__VIRTUAL_CLK__' not found.
[STA-0419] transition time can not be specified for virtual clocks.
[STA-0450] virtual clock __VIRTUAL_CLK__ can not be propagated.
[STA-0366] port '__VIRTUAL_CLK__' not found.
[STA-0366] port '__VIRTUAL_CLK__' not found.
[STA-0419] transition time can not be specified for virtual clocks.
[STA-0450] virtual clock __VIRTUAL_CLK__ can not be propagated.
[STA-0366] port '__VIRTUAL_CLK__' not found.
[STA-0366] port '__VIRTUAL_CLK__' not found.
[STA-0419] transition time can not be specified for virtual clocks.
[STA-0450] virtual clock __VIRTUAL_CLK__ can not be propagated.
[STA-0366] port '__VIRTUAL_CLK__' not found.
[STA-0366] port '__VIRTUAL_CLK__' not found.
[STA-0419] transition time can not be specified for virtual clocks.
[STA-0450] virtual clock __VIRTUAL_CLK__ can not be propagated.
[STA-0366] port '__VIRTUAL_CLK__' not found.
[STA-0366] port '__VIRTUAL_CLK__' not found.
[STA-0419] transition time can not be specified for virtual clocks.
[STA-0450] virtual clock __VIRTUAL_CLK__ can not be propagated.
[DRT-0349] LEF58_ENCLOSURE with no CUTCLASS is not supported. Skipping for layer mcon
[DRT-0349] LEF58_ENCLOSURE with no CUTCLASS is not supported. Skipping for layer mcon
[DRT-0349] LEF58_ENCLOSURE with no CUTCLASS is not supported. Skipping for layer via
[DRT-0349] LEF58_ENCLOSURE with no CUTCLASS is not supported. Skipping for layer via
[DRT-0349] LEF58_ENCLOSURE with no CUTCLASS is not supported. Skipping for layer via2
[DRT-0349] LEF58_ENCLOSURE with no CUTCLASS is not supported. Skipping for layer via2
[DRT-0349] LEF58_ENCLOSURE with no CUTCLASS is not supported. Skipping for layer via3
[DRT-0349] LEF58_ENCLOSURE with no CUTCLASS is not supported. Skipping for layer via3
[DRT-0349] LEF58_ENCLOSURE with no CUTCLASS is not supported. Skipping for layer via4
[DRT-0349] LEF58_ENCLOSURE with no CUTCLASS is not supported. Skipping for layer via4
[STA-0366] port '__VIRTUAL_CLK__' not found.
[STA-0366] port '__VIRTUAL_CLK__' not found.
[STA-0419] transition time can not be specified for virtual clocks.
[STA-0450] virtual clock __VIRTUAL_CLK__ can not be propagated.
Threshold for Threshold-surpassing long wires is not set. The checker will be skipped.
[STA-0366] port '__VIRTUAL_CLK__' not found.
[STA-0366] port '__VIRTUAL_CLK__' not found.
[STA-0419] transition time can not be specified for virtual clocks.
[STA-0450] virtual clock __VIRTUAL_CLK__ can not be propagated.
'VSRC_LOC_FILES' was not given a value, which may make the results of IR drop analysis inaccurate. If you are not integrating a top-level chip for manufacture, you may ignore this warning, otherwise, see the documentation for 'VSRC_LOC_FILES'.
[STA-0366] port '__VIRTUAL_CLK__' not found.
[STA-0366] port '__VIRTUAL_CLK__' not found.
[STA-0419] transition time can not be specified for virtual clocks.
[STA-0450] virtual clock __VIRTUAL_CLK__ can not be propagated.
Setup violations found in the following corners:
* max_ff_n40C_1v95
* max_ss_100C_1v60
* min_ss_100C_1v60
* nom_ff_n40C_1v95
* nom_ss_100C_1v60
Max Slew violations found in the following corners:
* max_ff_n40C_1v95
* max_ss_100C_1v60
* max_tt_025C_1v80
* min_ss_100C_1v60
* min_tt_025C_1v80
* nom_ff_n40C_1v95
* nom_ss_100C_1v60
* nom_tt_025C_1v80
Max Cap violations found in the following corners:
* max_ss_100C_1v60
* min_ss_100C_1v60
* nom_ss_100C_1v60
