                                                                       Cells by Function                                                                        
┏━━━━━━━━━━━━━━━━━━━━━━━━━━━━━━━━━━━━━━━━━━━━━━━━━━━━━━━━━━━━━━━━━━━━━━━━━━━━━━━━━━━━━━━━━━━━━━━━━━━━━━━━━━━━━━━━━━━━━━━━━━━━━━━━━┳━━━━━━━━━━━━━━━━━━━━━━━━━━━━┓
┃ Cell Function                                                                                                                   ┃ Count                      ┃
┡━━━━━━━━━━━━━━━━━━━━━━━━━━━━━━━━━━━━━━━━━━━━━━━━━━━━━━━━━━━━━━━━━━━━━━━━━━━━━━━━━━━━━━━━━━━━━━━━━━━━━━━━━━━━━━━━━━━━━━━━━━━━━━━━━╇━━━━━━━━━━━━━━━━━━━━━━━━━━━━┩
│ sky130_fd_sc_hd__a2111o                                                                                                         │ 6                          │
│ sky130_fd_sc_hd__a211o                                                                                                          │ 103                        │
│ sky130_fd_sc_hd__a211oi                                                                                                         │ 74                         │
│ sky130_fd_sc_hd__a21bo                                                                                                          │ 27                         │
│ sky130_fd_sc_hd__a21boi                                                                                                         │ 12                         │
│ sky130_fd_sc_hd__a21o                                                                                                           │ 154                        │
│ sky130_fd_sc_hd__a21oi                                                                                                          │ 164                        │
│ sky130_fd_sc_hd__a221o                                                                                                          │ 11                         │
│ sky130_fd_sc_hd__a22o                                                                                                           │ 141                        │
│ sky130_fd_sc_hd__a22oi                                                                                                          │ 70                         │
│ sky130_fd_sc_hd__a2bb2o                                                                                                         │ 9                          │
│ sky130_fd_sc_hd__a311o                                                                                                          │ 7                          │
│ sky130_fd_sc_hd__a311oi                                                                                                         │ 3                          │
│ sky130_fd_sc_hd__a31o                                                                                                           │ 96                         │
│ sky130_fd_sc_hd__a31oi                                                                                                          │ 17                         │
│ sky130_fd_sc_hd__a32o                                                                                                           │ 15                         │
│ sky130_fd_sc_hd__a32oi                                                                                                          │ 2                          │
│ sky130_fd_sc_hd__a41o                                                                                                           │ 3                          │
│ sky130_fd_sc_hd__a41oi                                                                                                          │ 1                          │
│ sky130_fd_sc_hd__and2                                                                                                           │ 90                         │
│ sky130_fd_sc_hd__and2b                                                                                                          │ 106                        │
│ sky130_fd_sc_hd__and3                                                                                                           │ 145                        │
│ sky130_fd_sc_hd__and3b                                                                                                          │ 8                          │
│ sky130_fd_sc_hd__and4                                                                                                           │ 128                        │
│ sky130_fd_sc_hd__and4b                                                                                                          │ 5                          │
│ sky130_fd_sc_hd__and4bb                                                                                                         │ 14                         │
│ sky130_fd_sc_hd__buf                                                                                                            │ 331                        │
│ sky130_fd_sc_hd__clkbuf                                                                                                         │ 143                        │
│ sky130_fd_sc_hd__clkdlybuf4s25                                                                                                  │ 246                        │
│ sky130_fd_sc_hd__decap                                                                                                          │ 9981                       │
│ sky130_fd_sc_hd__diode                                                                                                          │ 8                          │
│ sky130_fd_sc_hd__dlygate4sd1                                                                                                    │ 11                         │
│ sky130_fd_sc_hd__dlymetal6s2s                                                                                                   │ 24                         │
│ sky130_fd_sc_hd__dlymetal6s4s                                                                                                   │ 15                         │
│ sky130_fd_sc_hd__fill                                                                                                           │ 2325                       │
│ sky130_fd_sc_hd__inv                                                                                                            │ 73                         │
│ sky130_fd_sc_hd__mux2                                                                                                           │ 89                         │
│ sky130_fd_sc_hd__mux4                                                                                                           │ 48                         │
│ sky130_fd_sc_hd__nand2                                                                                                          │ 355                        │
│ sky130_fd_sc_hd__nand2b                                                                                                         │ 63                         │
│ sky130_fd_sc_hd__nand3                                                                                                          │ 104                        │
│ sky130_fd_sc_hd__nand3b                                                                                                         │ 3                          │
│ sky130_fd_sc_hd__nand4                                                                                                          │ 60                         │
│ sky130_fd_sc_hd__nor2                                                                                                           │ 214                        │
│ sky130_fd_sc_hd__nor3                                                                                                           │ 29                         │
│ sky130_fd_sc_hd__nor3b                                                                                                          │ 3                          │
│ sky130_fd_sc_hd__nor4                                                                                                           │ 8                          │
│ sky130_fd_sc_hd__nor4b                                                                                                          │ 1                          │
│ sky130_fd_sc_hd__o211a                                                                                                          │ 89                         │
│ sky130_fd_sc_hd__o211ai                                                                                                         │ 81                         │
│ sky130_fd_sc_hd__o21a                                                                                                           │ 47                         │
│ sky130_fd_sc_hd__o21ai                                                                                                          │ 112                        │
│ sky130_fd_sc_hd__o21ba                                                                                                          │ 15                         │
│ sky130_fd_sc_hd__o21bai                                                                                                         │ 21                         │
│ sky130_fd_sc_hd__o221a                                                                                                          │ 29                         │
│ sky130_fd_sc_hd__o221ai                                                                                                         │ 6                          │
│ sky130_fd_sc_hd__o22a                                                                                                           │ 32                         │
│ sky130_fd_sc_hd__o22ai                                                                                                          │ 3                          │
│ sky130_fd_sc_hd__o2bb2a                                                                                                         │ 21                         │
│ sky130_fd_sc_hd__o311a                                                                                                          │ 7                          │
│ sky130_fd_sc_hd__o311ai                                                                                                         │ 1                          │
│ sky130_fd_sc_hd__o31a                                                                                                           │ 4                          │
│ sky130_fd_sc_hd__o31ai                                                                                                          │ 2                          │
│ sky130_fd_sc_hd__o32a                                                                                                           │ 2                          │
│ sky130_fd_sc_hd__o41a                                                                                                           │ 1                          │
│ sky130_fd_sc_hd__or2                                                                                                            │ 106                        │
│ sky130_fd_sc_hd__or3                                                                                                            │ 87                         │
│ sky130_fd_sc_hd__or3b                                                                                                           │ 18                         │
│ sky130_fd_sc_hd__or4                                                                                                            │ 19                         │
│ sky130_fd_sc_hd__or4b                                                                                                           │ 7                          │
│ sky130_fd_sc_hd__or4bb                                                                                                          │ 2                          │
│ sky130_fd_sc_hd__tapvpwrvgnd                                                                                                    │ 1199                       │
│ sky130_fd_sc_hd__xnor2                                                                                                          │ 281                        │
│ sky130_fd_sc_hd__xor2                                                                                                           │ 64                         │
└─────────────────────────────────────────────────────────────────────────────────────────────────────────────────────────────────┴────────────────────────────┘
