
===========================================================================
report_checks -unconstrained
===========================================================================
======================= nom_ff_n40C_1v95 Corner ===================================

Startpoint: B[1] (input port clocked by __VIRTUAL_CLK__)
Endpoint: zero (output port clocked by __VIRTUAL_CLK__)
Path Group: __VIRTUAL_CLK__
Path Type: max

Fanout         Cap        Slew       Delay        Time   Description
---------------------------------------------------------------------------------------------
                      0.000000    0.000000    0.000000   clock __VIRTUAL_CLK__ (rise edge)
                                  0.000000    0.000000   clock network delay (ideal)
                                  2.000000    2.000000 ^ input external delay
     1    0.009083    0.035416    0.022891    2.022891 ^ B[1] (in)
                                                         B[1] (net)
                      0.035417    0.000000    2.022891 ^ input44/A (sky130_fd_sc_hd__clkdlybuf4s25_1)
     2    0.028950    0.220407    0.292291    2.315182 ^ input44/X (sky130_fd_sc_hd__clkdlybuf4s25_1)
                                                         net44 (net)
                      0.220410    0.001144    2.316326 ^ fanout356/A (sky130_fd_sc_hd__clkdlybuf4s25_1)
     2    0.010500    0.086059    0.225959    2.542285 ^ fanout356/X (sky130_fd_sc_hd__clkdlybuf4s25_1)
                                                         net356 (net)
                      0.086059    0.000454    2.542739 ^ wire357/A (sky130_fd_sc_hd__clkbuf_4)
     6    0.068103    0.157420    0.190142    2.732882 ^ wire357/X (sky130_fd_sc_hd__clkbuf_4)
                                                         net357 (net)
                      0.157828    0.006526    2.739407 ^ fanout349/A (sky130_fd_sc_hd__clkdlybuf4s25_1)
     4    0.019753    0.153370    0.267474    3.006881 ^ fanout349/X (sky130_fd_sc_hd__clkdlybuf4s25_1)
                                                         net349 (net)
                      0.153370    0.000512    3.007393 ^ load_slew350/A (sky130_fd_sc_hd__buf_4)
     7    0.048779    0.105505    0.149089    3.156482 ^ load_slew350/X (sky130_fd_sc_hd__buf_4)
                                                         net350 (net)
                      0.105669    0.003387    3.159869 ^ _3503_/A (sky130_fd_sc_hd__inv_2)
     4    0.054845    0.091489    0.094976    3.254845 v _3503_/Y (sky130_fd_sc_hd__inv_2)
                                                         _0260_ (net)
                      0.091549    0.001951    3.256796 v fanout165/A (sky130_fd_sc_hd__clkbuf_4)
    10    0.112897    0.154741    0.220655    3.477451 v fanout165/X (sky130_fd_sc_hd__clkbuf_4)
                                                         net165 (net)
                      0.155866    0.010758    3.488209 v _5368_/B (sky130_fd_sc_hd__nor2_2)
     3    0.014487    0.133766    0.156404    3.644613 ^ _5368_/Y (sky130_fd_sc_hd__nor2_2)
                                                         _1084_ (net)
                      0.133766    0.000206    3.644819 ^ _5370_/B (sky130_fd_sc_hd__and3_2)
     2    0.008954    0.048771    0.136951    3.781770 ^ _5370_/X (sky130_fd_sc_hd__and3_2)
                                                         _1087_ (net)
                      0.048772    0.000279    3.782049 ^ _5397_/A (sky130_fd_sc_hd__nor2_2)
     1    0.008546    0.034068    0.032099    3.814148 v _5397_/Y (sky130_fd_sc_hd__nor2_2)
                                                         _1116_ (net)
                      0.034071    0.000257    3.814405 v _5410_/B (sky130_fd_sc_hd__xnor2_2)
     2    0.014071    0.064043    0.101288    3.915693 v _5410_/Y (sky130_fd_sc_hd__xnor2_2)
                                                         _1131_ (net)
                      0.064045    0.000366    3.916059 v _5412_/A (sky130_fd_sc_hd__xnor2_2)
     2    0.012570    0.154568    0.165143    4.081202 ^ _5412_/Y (sky130_fd_sc_hd__xnor2_2)
                                                         _1133_ (net)
                      0.154570    0.000728    4.081931 ^ rebuffer711/A (sky130_fd_sc_hd__buf_2)
     2    0.007864    0.037980    0.097748    4.179678 ^ rebuffer711/X (sky130_fd_sc_hd__buf_2)
                                                         net711 (net)
                      0.037980    0.000135    4.179814 ^ rebuffer710/A (sky130_fd_sc_hd__buf_2)
     1    0.005016    0.026033    0.066819    4.246633 ^ rebuffer710/X (sky130_fd_sc_hd__buf_2)
                                                         net710 (net)
                      0.026033    0.000103    4.246736 ^ _5414_/C (sky130_fd_sc_hd__nand3_2)
     2    0.011155    0.064738    0.055891    4.302627 v _5414_/Y (sky130_fd_sc_hd__nand3_2)
                                                         _1135_ (net)
                      0.064741    0.000325    4.302951 v _5415_/A2 (sky130_fd_sc_hd__a211o_4)
     4    0.020154    0.053153    0.239398    4.542350 v _5415_/X (sky130_fd_sc_hd__a211o_4)
                                                         _1136_ (net)
                      0.053153    0.000496    4.542846 v _5417_/B (sky130_fd_sc_hd__and3_2)
     5    0.022700    0.058789    0.165484    4.708330 v _5417_/X (sky130_fd_sc_hd__and3_2)
                                                         _1138_ (net)
                      0.058793    0.000543    4.708873 v _5511_/B (sky130_fd_sc_hd__or3_4)
     2    0.011365    0.053466    0.238022    4.946895 v _5511_/X (sky130_fd_sc_hd__or3_4)
                                                         _1242_ (net)
                      0.053466    0.000363    4.947258 v _5563_/A1 (sky130_fd_sc_hd__a21oi_4)
     2    0.009797    0.092269    0.102074    5.049333 ^ _5563_/Y (sky130_fd_sc_hd__a21oi_4)
                                                         _1299_ (net)
                      0.092269    0.000320    5.049653 ^ _5564_/B1 (sky130_fd_sc_hd__a211oi_2)
     4    0.017701    0.066421    0.054538    5.104191 v _5564_/Y (sky130_fd_sc_hd__a211oi_2)
                                                         _1300_ (net)
                      0.066429    0.000567    5.104758 v max_cap110/A (sky130_fd_sc_hd__clkbuf_2)
     3    0.012293    0.039354    0.100014    5.204772 v max_cap110/X (sky130_fd_sc_hd__clkbuf_2)
                                                         net110 (net)
                      0.039359    0.000449    5.205220 v _5567_/B1 (sky130_fd_sc_hd__a211o_2)
     2    0.007627    0.043273    0.152639    5.357860 v _5567_/X (sky130_fd_sc_hd__a211o_2)
                                                         _1303_ (net)
                      0.043273    0.000163    5.358023 v _5615_/A1 (sky130_fd_sc_hd__a211o_2)
     2    0.006172    0.040660    0.188609    5.546632 v _5615_/X (sky130_fd_sc_hd__a211o_2)
                                                         _1356_ (net)
                      0.040660    0.000141    5.546773 v _5652_/A (sky130_fd_sc_hd__and2_4)
     2    0.018032    0.034946    0.105542    5.652315 v _5652_/X (sky130_fd_sc_hd__and2_4)
                                                         _1397_ (net)
                      0.034952    0.000449    5.652764 v _5818_/A2 (sky130_fd_sc_hd__a41oi_4)
     2    0.020484    0.195109    0.169352    5.822116 ^ _5818_/Y (sky130_fd_sc_hd__a41oi_4)
                                                         _1579_ (net)
                      0.195112    0.001406    5.823522 ^ rebuffer693/A (sky130_fd_sc_hd__buf_6)
     4    0.016255    0.035600    0.085313    5.908835 ^ rebuffer693/X (sky130_fd_sc_hd__buf_6)
                                                         net693 (net)
                      0.035603    0.000358    5.909194 ^ _5821_/A2 (sky130_fd_sc_hd__a21o_4)
     2    0.012420    0.035373    0.080015    5.989208 ^ _5821_/X (sky130_fd_sc_hd__a21o_4)
                                                         _1583_ (net)
                      0.035374    0.000264    5.989473 ^ _6739_/A (sky130_fd_sc_hd__xor2_2)
     1    0.007002    0.036239    0.043537    6.033010 v _6739_/X (sky130_fd_sc_hd__xor2_2)
                                                         _2576_ (net)
                      0.036240    0.000277    6.033286 v _6753_/A2 (sky130_fd_sc_hd__a211o_4)
     2    0.019599    0.054087    0.228138    6.261424 v _6753_/X (sky130_fd_sc_hd__a211o_4)
                                                         net78 (net)
                      0.054087    0.001133    6.262557 v _6989_/C (sky130_fd_sc_hd__or4_4)
     1    0.009532    0.064581    0.298593    6.561149 v _6989_/X (sky130_fd_sc_hd__or4_4)
                                                         _2836_ (net)
                      0.064581    0.000394    6.561543 v _6990_/C (sky130_fd_sc_hd__or3_4)
     1    0.016043    0.058683    0.223658    6.785202 v _6990_/X (sky130_fd_sc_hd__or3_4)
                                                         _2837_ (net)
                      0.058695    0.000768    6.785970 v _6991_/C (sky130_fd_sc_hd__or3_4)
     1    0.010259    0.052269    0.211062    6.997032 v _6991_/X (sky130_fd_sc_hd__or3_4)
                                                         _2838_ (net)
                      0.052269    0.000465    6.997497 v _6992_/D (sky130_fd_sc_hd__nor4_4)
     1    0.010294    0.188114    0.127834    7.125331 ^ _6992_/Y (sky130_fd_sc_hd__nor4_4)
                                                         _2839_ (net)
                      0.188115    0.000666    7.125997 ^ wire104/A (sky130_fd_sc_hd__clkbuf_2)
     1    0.026277    0.113723    0.152081    7.278078 ^ wire104/X (sky130_fd_sc_hd__clkbuf_2)
                                                         net104 (net)
                      0.113733    0.000881    7.278958 ^ _6994_/D_N (sky130_fd_sc_hd__or4b_4)
     1    0.008184    0.063083    0.284065    7.563023 v _6994_/X (sky130_fd_sc_hd__or4b_4)
                                                         _2841_ (net)
                      0.063083    0.000240    7.563263 v _6995_/D (sky130_fd_sc_hd__nor4_4)
     1    0.005749    0.148545    0.103359    7.666622 ^ _6995_/Y (sky130_fd_sc_hd__nor4_4)
                                                         net103 (net)
                      0.148546    0.000177    7.666799 ^ output103/A (sky130_fd_sc_hd__buf_6)
     1    0.036600    0.061872    0.104277    7.771077 ^ output103/X (sky130_fd_sc_hd__buf_6)
                                                         zero (net)
                      0.061962    0.001553    7.772629 ^ zero (out)
                                              7.772629   data arrival time

                      0.000000   10.000000   10.000000   clock __VIRTUAL_CLK__ (rise edge)
                                  0.000000   10.000000   clock network delay (ideal)
                                 -0.250000    9.750000   clock uncertainty
                                  0.000000    9.750000   clock reconvergence pessimism
                                 -2.000000    7.750000   output external delay
                                              7.750000   data required time
---------------------------------------------------------------------------------------------
                                              7.750000   data required time
                                             -7.772629   data arrival time
---------------------------------------------------------------------------------------------
                                             -0.022629   slack (VIOLATED)




===========================================================================
report_checks --slack_max -0.01
============================================================================
======================= nom_ff_n40C_1v95 Corner ===================================

Startpoint: B[1] (input port clocked by __VIRTUAL_CLK__)
Endpoint: zero (output port clocked by __VIRTUAL_CLK__)
Path Group: __VIRTUAL_CLK__
Path Type: max

Fanout         Cap        Slew       Delay        Time   Description
---------------------------------------------------------------------------------------------
                      0.000000    0.000000    0.000000   clock __VIRTUAL_CLK__ (rise edge)
                                  0.000000    0.000000   clock network delay (ideal)
                                  2.000000    2.000000 ^ input external delay
     1    0.009083    0.035416    0.022891    2.022891 ^ B[1] (in)
                                                         B[1] (net)
                      0.035417    0.000000    2.022891 ^ input44/A (sky130_fd_sc_hd__clkdlybuf4s25_1)
     2    0.028950    0.220407    0.292291    2.315182 ^ input44/X (sky130_fd_sc_hd__clkdlybuf4s25_1)
                                                         net44 (net)
                      0.220410    0.001144    2.316326 ^ fanout356/A (sky130_fd_sc_hd__clkdlybuf4s25_1)
     2    0.010500    0.086059    0.225959    2.542285 ^ fanout356/X (sky130_fd_sc_hd__clkdlybuf4s25_1)
                                                         net356 (net)
                      0.086059    0.000454    2.542739 ^ wire357/A (sky130_fd_sc_hd__clkbuf_4)
     6    0.068103    0.157420    0.190142    2.732882 ^ wire357/X (sky130_fd_sc_hd__clkbuf_4)
                                                         net357 (net)
                      0.157828    0.006526    2.739407 ^ fanout349/A (sky130_fd_sc_hd__clkdlybuf4s25_1)
     4    0.019753    0.153370    0.267474    3.006881 ^ fanout349/X (sky130_fd_sc_hd__clkdlybuf4s25_1)
                                                         net349 (net)
                      0.153370    0.000512    3.007393 ^ load_slew350/A (sky130_fd_sc_hd__buf_4)
     7    0.048779    0.105505    0.149089    3.156482 ^ load_slew350/X (sky130_fd_sc_hd__buf_4)
                                                         net350 (net)
                      0.105669    0.003387    3.159869 ^ _3503_/A (sky130_fd_sc_hd__inv_2)
     4    0.054845    0.091489    0.094976    3.254845 v _3503_/Y (sky130_fd_sc_hd__inv_2)
                                                         _0260_ (net)
                      0.091549    0.001951    3.256796 v fanout165/A (sky130_fd_sc_hd__clkbuf_4)
    10    0.112897    0.154741    0.220655    3.477451 v fanout165/X (sky130_fd_sc_hd__clkbuf_4)
                                                         net165 (net)
                      0.155866    0.010758    3.488209 v _5368_/B (sky130_fd_sc_hd__nor2_2)
     3    0.014487    0.133766    0.156404    3.644613 ^ _5368_/Y (sky130_fd_sc_hd__nor2_2)
                                                         _1084_ (net)
                      0.133766    0.000206    3.644819 ^ _5370_/B (sky130_fd_sc_hd__and3_2)
     2    0.008954    0.048771    0.136951    3.781770 ^ _5370_/X (sky130_fd_sc_hd__and3_2)
                                                         _1087_ (net)
                      0.048772    0.000279    3.782049 ^ _5397_/A (sky130_fd_sc_hd__nor2_2)
     1    0.008546    0.034068    0.032099    3.814148 v _5397_/Y (sky130_fd_sc_hd__nor2_2)
                                                         _1116_ (net)
                      0.034071    0.000257    3.814405 v _5410_/B (sky130_fd_sc_hd__xnor2_2)
     2    0.014071    0.064043    0.101288    3.915693 v _5410_/Y (sky130_fd_sc_hd__xnor2_2)
                                                         _1131_ (net)
                      0.064045    0.000366    3.916059 v _5412_/A (sky130_fd_sc_hd__xnor2_2)
     2    0.012570    0.154568    0.165143    4.081202 ^ _5412_/Y (sky130_fd_sc_hd__xnor2_2)
                                                         _1133_ (net)
                      0.154570    0.000728    4.081931 ^ rebuffer711/A (sky130_fd_sc_hd__buf_2)
     2    0.007864    0.037980    0.097748    4.179678 ^ rebuffer711/X (sky130_fd_sc_hd__buf_2)
                                                         net711 (net)
                      0.037980    0.000135    4.179814 ^ rebuffer710/A (sky130_fd_sc_hd__buf_2)
     1    0.005016    0.026033    0.066819    4.246633 ^ rebuffer710/X (sky130_fd_sc_hd__buf_2)
                                                         net710 (net)
                      0.026033    0.000103    4.246736 ^ _5414_/C (sky130_fd_sc_hd__nand3_2)
     2    0.011155    0.064738    0.055891    4.302627 v _5414_/Y (sky130_fd_sc_hd__nand3_2)
                                                         _1135_ (net)
                      0.064741    0.000325    4.302951 v _5415_/A2 (sky130_fd_sc_hd__a211o_4)
     4    0.020154    0.053153    0.239398    4.542350 v _5415_/X (sky130_fd_sc_hd__a211o_4)
                                                         _1136_ (net)
                      0.053153    0.000496    4.542846 v _5417_/B (sky130_fd_sc_hd__and3_2)
     5    0.022700    0.058789    0.165484    4.708330 v _5417_/X (sky130_fd_sc_hd__and3_2)
                                                         _1138_ (net)
                      0.058793    0.000543    4.708873 v _5511_/B (sky130_fd_sc_hd__or3_4)
     2    0.011365    0.053466    0.238022    4.946895 v _5511_/X (sky130_fd_sc_hd__or3_4)
                                                         _1242_ (net)
                      0.053466    0.000363    4.947258 v _5563_/A1 (sky130_fd_sc_hd__a21oi_4)
     2    0.009797    0.092269    0.102074    5.049333 ^ _5563_/Y (sky130_fd_sc_hd__a21oi_4)
                                                         _1299_ (net)
                      0.092269    0.000320    5.049653 ^ _5564_/B1 (sky130_fd_sc_hd__a211oi_2)
     4    0.017701    0.066421    0.054538    5.104191 v _5564_/Y (sky130_fd_sc_hd__a211oi_2)
                                                         _1300_ (net)
                      0.066429    0.000567    5.104758 v max_cap110/A (sky130_fd_sc_hd__clkbuf_2)
     3    0.012293    0.039354    0.100014    5.204772 v max_cap110/X (sky130_fd_sc_hd__clkbuf_2)
                                                         net110 (net)
                      0.039359    0.000449    5.205220 v _5567_/B1 (sky130_fd_sc_hd__a211o_2)
     2    0.007627    0.043273    0.152639    5.357860 v _5567_/X (sky130_fd_sc_hd__a211o_2)
                                                         _1303_ (net)
                      0.043273    0.000163    5.358023 v _5615_/A1 (sky130_fd_sc_hd__a211o_2)
     2    0.006172    0.040660    0.188609    5.546632 v _5615_/X (sky130_fd_sc_hd__a211o_2)
                                                         _1356_ (net)
                      0.040660    0.000141    5.546773 v _5652_/A (sky130_fd_sc_hd__and2_4)
     2    0.018032    0.034946    0.105542    5.652315 v _5652_/X (sky130_fd_sc_hd__and2_4)
                                                         _1397_ (net)
                      0.034952    0.000449    5.652764 v _5818_/A2 (sky130_fd_sc_hd__a41oi_4)
     2    0.020484    0.195109    0.169352    5.822116 ^ _5818_/Y (sky130_fd_sc_hd__a41oi_4)
                                                         _1579_ (net)
                      0.195112    0.001406    5.823522 ^ rebuffer693/A (sky130_fd_sc_hd__buf_6)
     4    0.016255    0.035600    0.085313    5.908835 ^ rebuffer693/X (sky130_fd_sc_hd__buf_6)
                                                         net693 (net)
                      0.035603    0.000358    5.909194 ^ _5821_/A2 (sky130_fd_sc_hd__a21o_4)
     2    0.012420    0.035373    0.080015    5.989208 ^ _5821_/X (sky130_fd_sc_hd__a21o_4)
                                                         _1583_ (net)
                      0.035374    0.000264    5.989473 ^ _6739_/A (sky130_fd_sc_hd__xor2_2)
     1    0.007002    0.036239    0.043537    6.033010 v _6739_/X (sky130_fd_sc_hd__xor2_2)
                                                         _2576_ (net)
                      0.036240    0.000277    6.033286 v _6753_/A2 (sky130_fd_sc_hd__a211o_4)
     2    0.019599    0.054087    0.228138    6.261424 v _6753_/X (sky130_fd_sc_hd__a211o_4)
                                                         net78 (net)
                      0.054087    0.001133    6.262557 v _6989_/C (sky130_fd_sc_hd__or4_4)
     1    0.009532    0.064581    0.298593    6.561149 v _6989_/X (sky130_fd_sc_hd__or4_4)
                                                         _2836_ (net)
                      0.064581    0.000394    6.561543 v _6990_/C (sky130_fd_sc_hd__or3_4)
     1    0.016043    0.058683    0.223658    6.785202 v _6990_/X (sky130_fd_sc_hd__or3_4)
                                                         _2837_ (net)
                      0.058695    0.000768    6.785970 v _6991_/C (sky130_fd_sc_hd__or3_4)
     1    0.010259    0.052269    0.211062    6.997032 v _6991_/X (sky130_fd_sc_hd__or3_4)
                                                         _2838_ (net)
                      0.052269    0.000465    6.997497 v _6992_/D (sky130_fd_sc_hd__nor4_4)
     1    0.010294    0.188114    0.127834    7.125331 ^ _6992_/Y (sky130_fd_sc_hd__nor4_4)
                                                         _2839_ (net)
                      0.188115    0.000666    7.125997 ^ wire104/A (sky130_fd_sc_hd__clkbuf_2)
     1    0.026277    0.113723    0.152081    7.278078 ^ wire104/X (sky130_fd_sc_hd__clkbuf_2)
                                                         net104 (net)
                      0.113733    0.000881    7.278958 ^ _6994_/D_N (sky130_fd_sc_hd__or4b_4)
     1    0.008184    0.063083    0.284065    7.563023 v _6994_/X (sky130_fd_sc_hd__or4b_4)
                                                         _2841_ (net)
                      0.063083    0.000240    7.563263 v _6995_/D (sky130_fd_sc_hd__nor4_4)
     1    0.005749    0.148545    0.103359    7.666622 ^ _6995_/Y (sky130_fd_sc_hd__nor4_4)
                                                         net103 (net)
                      0.148546    0.000177    7.666799 ^ output103/A (sky130_fd_sc_hd__buf_6)
     1    0.036600    0.061872    0.104277    7.771077 ^ output103/X (sky130_fd_sc_hd__buf_6)
                                                         zero (net)
                      0.061962    0.001553    7.772629 ^ zero (out)
                                              7.772629   data arrival time

                      0.000000   10.000000   10.000000   clock __VIRTUAL_CLK__ (rise edge)
                                  0.000000   10.000000   clock network delay (ideal)
                                 -0.250000    9.750000   clock uncertainty
                                  0.000000    9.750000   clock reconvergence pessimism
                                 -2.000000    7.750000   output external delay
                                              7.750000   data required time
---------------------------------------------------------------------------------------------
                                              7.750000   data required time
                                             -7.772629   data arrival time
---------------------------------------------------------------------------------------------
                                             -0.022629   slack (VIOLATED)




===========================================================================
 report_check_types -max_slew -max_cap -max_fanout -violators
============================================================================
======================= nom_ff_n40C_1v95 Corner ===================================

max slew

Pin                                        Limit        Slew       Slack
------------------------------------------------------------------------
_6841_/A                                0.750000    0.788393   -0.038393 (VIOLATED)
_6906_/B1                               0.750000    0.788392   -0.038392 (VIOLATED)
_6873_/B1                               0.750000    0.788387   -0.038387 (VIOLATED)
_6870_/A1                               0.750000    0.788358   -0.038358 (VIOLATED)
_6063_/B1                               0.750000    0.788283   -0.038283 (VIOLATED)
_6633_/B1                               0.750000    0.787796   -0.037796 (VIOLATED)
fanout146/A                             0.750000    0.787732   -0.037732 (VIOLATED)
fanout147/X                             0.750000    0.787722   -0.037722 (VIOLATED)
_6778_/B1                               0.750000    0.773990   -0.023990 (VIOLATED)
_6742_/B1                               0.750000    0.773988   -0.023988 (VIOLATED)
_6720_/A1                               0.750000    0.773977   -0.023977 (VIOLATED)
_6690_/B1                               0.750000    0.773957   -0.023957 (VIOLATED)
_6601_/B1                               0.750000    0.773908   -0.023909 (VIOLATED)
_6443_/B1                               0.750000    0.773889   -0.023889 (VIOLATED)
_6204_/B1                               0.750000    0.773887   -0.023887 (VIOLATED)
_6543_/A2                               0.750000    0.773886   -0.023886 (VIOLATED)
_6517_/B1                               0.750000    0.773870   -0.023870 (VIOLATED)
_6487_/B1                               0.750000    0.773866   -0.023866 (VIOLATED)
fanout157/X                             0.750000    0.773860   -0.023860 (VIOLATED)

max fanout

Pin                                   Limit Fanout  Slack
---------------------------------------------------------
fanout312/X                              10     11        (VIOLATED)



===========================================================================
report_parasitic_annotation -report_unannotated
============================================================================
Found 0 unannotated drivers.
Found 0 partially unannotated drivers.

===========================================================================
max slew violation count 19
max fanout violation count 1
max cap violation count 0
============================================================================

===========================================================================
check_setup -verbose -unconstrained_endpoints -multiple_clock -no_clock -no_input_delay -loops -generated_clocks
===========================================================================
