
===========================================================================
report_checks -unconstrained
===========================================================================
======================= min_tt_025C_1v80 Corner ===================================

Startpoint: B[1] (input port clocked by __VIRTUAL_CLK__)
Endpoint: zero (output port clocked by __VIRTUAL_CLK__)
Path Group: __VIRTUAL_CLK__
Path Type: max

Fanout         Cap        Slew       Delay        Time   Description
---------------------------------------------------------------------------------------------
                      0.000000    0.000000    0.000000   clock __VIRTUAL_CLK__ (rise edge)
                                  0.000000    0.000000   clock network delay (ideal)
                                  5.000000    5.000000 ^ input external delay
     1    0.007238    0.039150    0.025125    5.025126 ^ B[1] (in)
                                                         B[1] (net)
                      0.039151    0.000000    5.025126 ^ input44/A (sky130_fd_sc_hd__clkdlybuf4s25_1)
     2    0.025235    0.258188    0.395563    5.420688 ^ input44/X (sky130_fd_sc_hd__clkdlybuf4s25_1)
                                                         net44 (net)
                      0.258188    0.000669    5.421357 ^ fanout371/A (sky130_fd_sc_hd__buf_2)
     7    0.060793    0.295777    0.349640    5.770998 ^ fanout371/X (sky130_fd_sc_hd__buf_2)
                                                         net371 (net)
                      0.295815    0.002789    5.773787 ^ fanout366/A (sky130_fd_sc_hd__clkbuf_2)
     7    0.047179    0.257106    0.324560    6.098346 ^ fanout366/X (sky130_fd_sc_hd__clkbuf_2)
                                                         net366 (net)
                      0.257221    0.002272    6.100617 ^ fanout365/A (sky130_fd_sc_hd__clkbuf_2)
     5    0.026943    0.151835    0.243941    6.344559 ^ fanout365/X (sky130_fd_sc_hd__clkbuf_2)
                                                         net365 (net)
                      0.151836    0.000800    6.345359 ^ _3503_/A (sky130_fd_sc_hd__inv_2)
     5    0.052185    0.124271    0.147414    6.492773 v _3503_/Y (sky130_fd_sc_hd__inv_2)
                                                         _0260_ (net)
                      0.124310    0.000608    6.493381 v fanout160/A (sky130_fd_sc_hd__clkdlybuf4s25_1)
     3    0.018707    0.146246    0.366486    6.859868 v fanout160/X (sky130_fd_sc_hd__clkdlybuf4s25_1)
                                                         net160 (net)
                      0.146246    0.000507    6.860374 v wire161/A (sky130_fd_sc_hd__buf_4)
     6    0.056487    0.081057    0.237080    7.097455 v wire161/X (sky130_fd_sc_hd__buf_4)
                                                         net161 (net)
                      0.081105    0.001805    7.099259 v _5368_/B (sky130_fd_sc_hd__nor2_2)
     3    0.013564    0.167196    0.164011    7.263270 ^ _5368_/Y (sky130_fd_sc_hd__nor2_2)
                                                         _1084_ (net)
                      0.167196    0.000171    7.263442 ^ _5370_/B (sky130_fd_sc_hd__and3_2)
     2    0.007160    0.062078    0.217333    7.480774 ^ _5370_/X (sky130_fd_sc_hd__and3_2)
                                                         _1087_ (net)
                      0.062078    0.000036    7.480811 ^ _5397_/A (sky130_fd_sc_hd__nor2_2)
     1    0.008552    0.042730    0.050529    7.531340 v _5397_/Y (sky130_fd_sc_hd__nor2_2)
                                                         _1116_ (net)
                      0.042730    0.000083    7.531423 v _5410_/B (sky130_fd_sc_hd__xnor2_2)
     2    0.013806    0.091655    0.155222    7.686645 v _5410_/Y (sky130_fd_sc_hd__xnor2_2)
                                                         _1131_ (net)
                      0.091655    0.000115    7.686760 v _5412_/A (sky130_fd_sc_hd__xnor2_2)
     3    0.017720    0.263346    0.277387    7.964147 ^ _5412_/Y (sky130_fd_sc_hd__xnor2_2)
                                                         _1133_ (net)
                      0.263349    0.000749    7.964896 ^ _5413_/C (sky130_fd_sc_hd__and3_2)
     2    0.008518    0.068783    0.242895    8.207791 ^ _5413_/X (sky130_fd_sc_hd__and3_2)
                                                         _1134_ (net)
                      0.068783    0.000093    8.207885 ^ _5505_/B1 (sky130_fd_sc_hd__a211oi_2)
     2    0.007411    0.060075    0.053742    8.261626 v _5505_/Y (sky130_fd_sc_hd__a211oi_2)
                                                         _1235_ (net)
                      0.060075    0.000067    8.261693 v max_cap114/A (sky130_fd_sc_hd__clkbuf_2)
     5    0.021761    0.088049    0.160755    8.422448 v max_cap114/X (sky130_fd_sc_hd__clkbuf_2)
                                                         net114 (net)
                      0.088049    0.000208    8.422656 v _5508_/A (sky130_fd_sc_hd__or3b_4)
     2    0.007622    0.072317    0.412878    8.835533 v _5508_/X (sky130_fd_sc_hd__or3b_4)
                                                         _1238_ (net)
                      0.072317    0.000070    8.835604 v _5511_/A (sky130_fd_sc_hd__or3_4)
     2    0.010723    0.075739    0.407400    9.243004 v _5511_/X (sky130_fd_sc_hd__or3_4)
                                                         _1242_ (net)
                      0.075739    0.000087    9.243091 v _5563_/A1 (sky130_fd_sc_hd__a21oi_4)
     2    0.009222    0.119304    0.144325    9.387416 ^ _5563_/Y (sky130_fd_sc_hd__a21oi_4)
                                                         _1299_ (net)
                      0.119304    0.000133    9.387548 ^ _5564_/B1 (sky130_fd_sc_hd__a211oi_2)
     4    0.016460    0.093618    0.088699    9.476248 v _5564_/Y (sky130_fd_sc_hd__a211oi_2)
                                                         _1300_ (net)
                      0.093618    0.000252    9.476500 v max_cap109/A (sky130_fd_sc_hd__clkbuf_2)
     3    0.012749    0.056418    0.151034    9.627534 v max_cap109/X (sky130_fd_sc_hd__clkbuf_2)
                                                         net109 (net)
                      0.056418    0.000187    9.627721 v _5567_/B1 (sky130_fd_sc_hd__a211o_2)
     2    0.007162    0.058935    0.321364    9.949085 v _5567_/X (sky130_fd_sc_hd__a211o_2)
                                                         _1303_ (net)
                      0.058935    0.000022    9.949107 v _5615_/A1 (sky130_fd_sc_hd__a211o_2)
     2    0.005204    0.054296    0.302077   10.251184 v _5615_/X (sky130_fd_sc_hd__a211o_2)
                                                         _1356_ (net)
                      0.054296    0.000068   10.251252 v _5651_/A1 (sky130_fd_sc_hd__a21bo_2)
     1    0.004895    0.040247    0.197065   10.448318 v _5651_/X (sky130_fd_sc_hd__a21bo_2)
                                                         _1396_ (net)
                      0.040247    0.000053   10.448371 v _5818_/B1 (sky130_fd_sc_hd__a41oi_2)
     1    0.006051    0.161437    0.165006   10.613377 ^ _5818_/Y (sky130_fd_sc_hd__a41oi_2)
                                                         _1579_ (net)
                      0.161437    0.000081   10.613457 ^ wire105/A (sky130_fd_sc_hd__buf_6)
     4    0.020287    0.052006    0.140413   10.753870 ^ wire105/X (sky130_fd_sc_hd__buf_6)
                                                         net105 (net)
                      0.052020    0.000798   10.754668 ^ _5821_/A1 (sky130_fd_sc_hd__a21o_2)
     2    0.011928    0.070189    0.143806   10.898475 ^ _5821_/X (sky130_fd_sc_hd__a21o_2)
                                                         _1583_ (net)
                      0.070189    0.000056   10.898530 ^ _6739_/A (sky130_fd_sc_hd__xor2_2)
     1    0.004297    0.044174    0.067891   10.966421 v _6739_/X (sky130_fd_sc_hd__xor2_2)
                                                         _2576_ (net)
                      0.044174    0.000074   10.966495 v _6753_/A2 (sky130_fd_sc_hd__a211o_2)
     2    0.020402    0.090664    0.384222   11.350717 v _6753_/X (sky130_fd_sc_hd__a211o_2)
                                                         net78 (net)
                      0.090671    0.000915   11.351631 v _6989_/C (sky130_fd_sc_hd__or4_4)
     1    0.009804    0.093809    0.507699   11.859330 v _6989_/X (sky130_fd_sc_hd__or4_4)
                                                         _2836_ (net)
                      0.093809    0.000290   11.859619 v _6990_/C (sky130_fd_sc_hd__or3_4)
     1    0.009025    0.073095    0.352201   12.211821 v _6990_/X (sky130_fd_sc_hd__or3_4)
                                                         _2837_ (net)
                      0.073095    0.000295   12.212115 v _6991_/B (sky130_fd_sc_hd__or3_4)
     1    0.015227    0.083597    0.402036   12.614151 v _6991_/X (sky130_fd_sc_hd__or3_4)
                                                         _2838_ (net)
                      0.083601    0.000668   12.614819 v _6992_/D (sky130_fd_sc_hd__nor4_4)
     1    0.008117    0.234409    0.173709   12.788527 ^ _6992_/Y (sky130_fd_sc_hd__nor4_4)
                                                         _2839_ (net)
                      0.234409    0.000260   12.788788 ^ wire104/A (sky130_fd_sc_hd__clkbuf_2)
     1    0.026837    0.151107    0.237677   13.026464 ^ wire104/X (sky130_fd_sc_hd__clkbuf_2)
                                                         net104 (net)
                      0.151107    0.000560   13.027024 ^ _6994_/D_N (sky130_fd_sc_hd__or4b_4)
     1    0.008091    0.090888    0.489830   13.516853 v _6994_/X (sky130_fd_sc_hd__or4b_4)
                                                         _2841_ (net)
                      0.090888    0.000069   13.516923 v _6995_/D (sky130_fd_sc_hd__nor4_4)
     1    0.005065    0.200825    0.149099   13.666022 ^ _6995_/Y (sky130_fd_sc_hd__nor4_4)
                                                         net103 (net)
                      0.200825    0.000020   13.666043 ^ output103/A (sky130_fd_sc_hd__buf_6)
     1    0.036404    0.081816    0.170725   13.836768 ^ output103/X (sky130_fd_sc_hd__buf_6)
                                                         zero (net)
                      0.081824    0.000830   13.837597 ^ zero (out)
                                             13.837597   data arrival time

                      0.000000   25.000000   25.000000   clock __VIRTUAL_CLK__ (rise edge)
                                  0.000000   25.000000   clock network delay (ideal)
                                 -0.250000   24.750000   clock uncertainty
                                  0.000000   24.750000   clock reconvergence pessimism
                                 -5.000000   19.750000   output external delay
                                             19.750000   data required time
---------------------------------------------------------------------------------------------
                                             19.750000   data required time
                                            -13.837597   data arrival time
---------------------------------------------------------------------------------------------
                                              5.912402   slack (MET)




===========================================================================
report_checks --slack_max -0.01
============================================================================
======================= min_tt_025C_1v80 Corner ===================================

No paths found.


===========================================================================
 report_check_types -max_slew -max_cap -max_fanout -violators
============================================================================
======================= min_tt_025C_1v80 Corner ===================================

max slew

Pin                                        Limit        Slew       Slack
------------------------------------------------------------------------
_6824_/B1                               0.750000    1.083858   -0.333858 (VIOLATED)
_6778_/B1                               0.750000    1.083856   -0.333856 (VIOLATED)
_6742_/B1                               0.750000    1.083853   -0.333853 (VIOLATED)
_6720_/A1                               0.750000    1.083850   -0.333850 (VIOLATED)
_6690_/B1                               0.750000    1.083848   -0.333848 (VIOLATED)
_6601_/B1                               0.750000    1.083846   -0.333846 (VIOLATED)
_6933_/A1                               0.750000    1.083845   -0.333846 (VIOLATED)
_6204_/B1                               0.750000    1.083844   -0.333844 (VIOLATED)
_6443_/B1                               0.750000    1.083844   -0.333844 (VIOLATED)
_6487_/B1                               0.750000    1.083844   -0.333844 (VIOLATED)
fanout152/X                             0.750000    1.083844   -0.333844 (VIOLATED)
_6669_/B1                               0.750000    0.995599   -0.245599 (VIOLATED)
_6704_/A1                               0.750000    0.995598   -0.245598 (VIOLATED)
_6773_/A1                               0.750000    0.995576   -0.245576 (VIOLATED)
_6792_/B1                               0.750000    0.995571   -0.245571 (VIOLATED)
_6777_/A                                0.750000    0.995570   -0.245570 (VIOLATED)
_6870_/A1                               0.750000    0.995569   -0.245569 (VIOLATED)
_6841_/A                                0.750000    0.995555   -0.245555 (VIOLATED)
_6873_/B1                               0.750000    0.995541   -0.245541 (VIOLATED)
_6906_/B1                               0.750000    0.995533   -0.245533 (VIOLATED)
_6063_/B1                               0.750000    0.995520   -0.245520 (VIOLATED)
fanout142/X                             0.750000    0.995520   -0.245520 (VIOLATED)
_6810_/B1                               0.750000    0.966612   -0.216612 (VIOLATED)
_6864_/B1                               0.750000    0.966595   -0.216595 (VIOLATED)
_6844_/A2_N                             0.750000    0.966595   -0.216595 (VIOLATED)
_6892_/B1                               0.750000    0.966586   -0.216586 (VIOLATED)
_6928_/B1                               0.750000    0.966577   -0.216577 (VIOLATED)
_6941_/B1                               0.750000    0.966562   -0.216562 (VIOLATED)
_6964_/B1                               0.750000    0.966540   -0.216540 (VIOLATED)
_6979_/B1                               0.750000    0.966518   -0.216518 (VIOLATED)
fanout125/A                             0.750000    0.966438   -0.216438 (VIOLATED)
fanout126/A                             0.750000    0.966438   -0.216438 (VIOLATED)
fanout127/X                             0.750000    0.966438   -0.216438 (VIOLATED)
_3785_/B                                0.750000    0.818862   -0.068862 (VIOLATED)
_3534_/B                                0.750000    0.818860   -0.068860 (VIOLATED)
_3541_/D                                0.750000    0.818853   -0.068853 (VIOLATED)
_6076_/A                                0.750000    0.818833   -0.068833 (VIOLATED)
_6075_/A                                0.750000    0.818833   -0.068833 (VIOLATED)
_6077_/A                                0.750000    0.818833   -0.068833 (VIOLATED)
_6263_/A_N                              0.750000    0.818832   -0.068832 (VIOLATED)
_4345_/B1                               0.750000    0.818811   -0.068811 (VIOLATED)
_4088_/D                                0.750000    0.818806   -0.068806 (VIOLATED)
_4087_/B                                0.750000    0.818768   -0.068768 (VIOLATED)
fanout331/X                             0.750000    0.818768   -0.068768 (VIOLATED)
_6316_/A0                               0.750000    0.813332   -0.063332 (VIOLATED)
_6460_/B                                0.750000    0.813329   -0.063329 (VIOLATED)
_6529_/B                                0.750000    0.813326   -0.063326 (VIOLATED)
_6494_/A2                               0.750000    0.813325   -0.063325 (VIOLATED)
_6496_/A2                               0.750000    0.813325   -0.063325 (VIOLATED)
_5954_/B                                0.750000    0.813325   -0.063325 (VIOLATED)
_3505_/A                                0.750000    0.813324   -0.063324 (VIOLATED)
_6312_/A                                0.750000    0.813324   -0.063324 (VIOLATED)
_6064_/A                                0.750000    0.813323   -0.063323 (VIOLATED)
_6065_/A                                0.750000    0.813323   -0.063323 (VIOLATED)
fanout585/X                             0.750000    0.813323   -0.063323 (VIOLATED)
_6482_/A2                               0.750000    0.776435   -0.026435 (VIOLATED)
_6528_/A                                0.750000    0.776432   -0.026432 (VIOLATED)
_6675_/B2                               0.750000    0.776431   -0.026431 (VIOLATED)
_6641_/B2                               0.750000    0.776414   -0.026414 (VIOLATED)
_6713_/B2                               0.750000    0.776414   -0.026414 (VIOLATED)
_6911_/B2                               0.750000    0.776408   -0.026408 (VIOLATED)
_6846_/A2                               0.750000    0.776406   -0.026406 (VIOLATED)
_6925_/B2                               0.750000    0.776383   -0.026383 (VIOLATED)
_6960_/A                                0.750000    0.776382   -0.026382 (VIOLATED)
fanout123/A                             0.750000    0.776368   -0.026368 (VIOLATED)
fanout124/X                             0.750000    0.776368   -0.026368 (VIOLATED)
_6818_/A1                               0.750000    0.762937   -0.012937 (VIOLATED)
_6788_/B                                0.750000    0.762932   -0.012932 (VIOLATED)
_6688_/B1                               0.750000    0.762894   -0.012894 (VIOLATED)
_6653_/B1                               0.750000    0.762867   -0.012867 (VIOLATED)
_6616_/B1                               0.750000    0.762834   -0.012834 (VIOLATED)
_6600_/B1                               0.750000    0.762821   -0.012821 (VIOLATED)
_6595_/A1                               0.750000    0.762812   -0.012812 (VIOLATED)
_6566_/B                                0.750000    0.762796   -0.012796 (VIOLATED)
_6543_/B2                               0.750000    0.762764   -0.012764 (VIOLATED)
_6442_/B1                               0.750000    0.762744   -0.012744 (VIOLATED)
fanout146/X                             0.750000    0.762743   -0.012743 (VIOLATED)



===========================================================================
report_parasitic_annotation -report_unannotated
============================================================================
Found 0 unannotated drivers.
Found 0 partially unannotated drivers.

===========================================================================
max slew violation count 77
max fanout violation count 0
max cap violation count 0
============================================================================

===========================================================================
check_setup -verbose -unconstrained_endpoints -multiple_clock -no_clock -no_input_delay -loops -generated_clocks
===========================================================================
