
===========================================================================
report_checks -unconstrained
===========================================================================
======================= min_ss_100C_1v60 Corner ===================================

Startpoint: B[0] (input port clocked by __VIRTUAL_CLK__)
Endpoint: zero (output port clocked by __VIRTUAL_CLK__)
Path Group: __VIRTUAL_CLK__
Path Type: max

Fanout         Cap        Slew       Delay        Time   Description
---------------------------------------------------------------------------------------------
                      0.000000    0.000000    0.000000   clock __VIRTUAL_CLK__ (rise edge)
                                  0.000000    0.000000   clock network delay (ideal)
                                  2.000000    2.000000 ^ input external delay
     1    0.003976    0.040156    0.021991    2.021991 ^ B[0] (in)
                                                         B[0] (net)
                      0.040156    0.000000    2.021991 ^ input33/A (sky130_fd_sc_hd__dlymetal6s4s_1)
     4    0.058738    0.886295    0.873658    2.895649 ^ input33/X (sky130_fd_sc_hd__dlymetal6s4s_1)
                                                         net33 (net)
                      0.886307    0.002852    2.898501 ^ fanout456/A (sky130_fd_sc_hd__buf_4)
     6    0.045466    0.218477    0.616200    3.514701 ^ fanout456/X (sky130_fd_sc_hd__buf_4)
                                                         net456 (net)
                      0.218480    0.001299    3.516000 ^ fanout447/A (sky130_fd_sc_hd__clkdlybuf4s25_1)
     6    0.042341    0.680623    0.966030    4.482029 ^ fanout447/X (sky130_fd_sc_hd__clkdlybuf4s25_1)
                                                         net447 (net)
                      0.680623    0.000322    4.482351 ^ fanout446/A (sky130_fd_sc_hd__dlymetal6s4s_1)
     7    0.046931    0.717186    0.979719    5.462071 ^ fanout446/X (sky130_fd_sc_hd__dlymetal6s4s_1)
                                                         net446 (net)
                      0.717186    0.000322    5.462393 ^ _6409_/S (sky130_fd_sc_hd__mux2_1)
     2    0.004913    0.133249    0.912740    6.375133 v _6409_/X (sky130_fd_sc_hd__mux2_1)
                                                         _2228_ (net)
                      0.133249    0.000071    6.375204 v _6500_/A0 (sky130_fd_sc_hd__mux2_1)
     3    0.016322    0.226927    0.807831    7.183035 v _6500_/X (sky130_fd_sc_hd__mux2_1)
                                                         _2326_ (net)
                      0.226927    0.000096    7.183132 v _6501_/A1 (sky130_fd_sc_hd__mux2_1)
     2    0.012197    0.201325    0.829105    8.012237 v _6501_/X (sky130_fd_sc_hd__mux2_1)
                                                         _2327_ (net)
                      0.201325    0.000087    8.012323 v _6504_/A0 (sky130_fd_sc_hd__mux2_1)
     1    0.004857    0.132801    0.712631    8.724955 v _6504_/X (sky130_fd_sc_hd__mux2_1)
                                                         _2330_ (net)
                      0.132801    0.000106    8.725060 v _6510_/B1 (sky130_fd_sc_hd__a22o_2)
     1    0.003419    0.070017    0.406475    9.131535 v _6510_/X (sky130_fd_sc_hd__a22o_2)
                                                         _2337_ (net)
                      0.070017    0.000038    9.131573 v _6511_/C1 (sky130_fd_sc_hd__a2111o_2)
     1    0.020130    0.199384    0.910723   10.042296 v _6511_/X (sky130_fd_sc_hd__a2111o_2)
                                                         _2338_ (net)
                      0.199384    0.001161   10.043457 v _6512_/C (sky130_fd_sc_hd__or3_2)
     1    0.004970    0.177727    1.036662   11.080118 v _6512_/X (sky130_fd_sc_hd__or3_2)
                                                         _2339_ (net)
                      0.177727    0.000083   11.080202 v _6513_/B1 (sky130_fd_sc_hd__a31o_2)
     2    0.011984    0.108972    0.484801   11.565002 v _6513_/X (sky130_fd_sc_hd__a31o_2)
                                                         net96 (net)
                      0.108972    0.000433   11.565436 v _6985_/C (sky130_fd_sc_hd__or4_4)
     1    0.008278    0.168991    0.992020   12.557456 v _6985_/X (sky130_fd_sc_hd__or4_4)
                                                         _2831_ (net)
                      0.168991    0.000221   12.557677 v _6986_/C (sky130_fd_sc_hd__or4_4)
     1    0.020610    0.208522    1.086786   13.644463 v _6986_/X (sky130_fd_sc_hd__or4_4)
                                                         _2832_ (net)
                      0.208525    0.001248   13.645711 v _6987_/D (sky130_fd_sc_hd__nor4_4)
     1    0.008578    0.390395    0.336554   13.982265 ^ _6987_/Y (sky130_fd_sc_hd__nor4_4)
                                                         _2833_ (net)
                      0.390395    0.000322   13.982586 ^ _6988_/C_N (sky130_fd_sc_hd__or3b_4)
     1    0.006653    0.127321    0.856980   14.839566 v _6988_/X (sky130_fd_sc_hd__or3b_4)
                                                         _2834_ (net)
                      0.127321    0.000176   14.839743 v _6989_/D (sky130_fd_sc_hd__or4_4)
     1    0.008699    0.170018    0.883249   15.722991 v _6989_/X (sky130_fd_sc_hd__or4_4)
                                                         _2836_ (net)
                      0.170018    0.000254   15.723246 v _6990_/C (sky130_fd_sc_hd__or3_4)
     1    0.014697    0.146223    0.734733   16.457979 v _6990_/X (sky130_fd_sc_hd__or3_4)
                                                         _2837_ (net)
                      0.146223    0.000508   16.458487 v _6991_/C (sky130_fd_sc_hd__or3_4)
     1    0.010136    0.135194    0.704343   17.162830 v _6991_/X (sky130_fd_sc_hd__or3_4)
                                                         _2838_ (net)
                      0.135194    0.000201   17.163031 v _6992_/D (sky130_fd_sc_hd__nor4_4)
     1    0.009350    0.407172    0.323121   17.486151 ^ _6992_/Y (sky130_fd_sc_hd__nor4_4)
                                                         _2839_ (net)
                      0.407172    0.000353   17.486506 ^ wire104/A (sky130_fd_sc_hd__clkbuf_2)
     1    0.024204    0.214872    0.436660   17.923166 ^ wire104/X (sky130_fd_sc_hd__clkbuf_2)
                                                         net104 (net)
                      0.214872    0.000460   17.923626 ^ _6994_/D_N (sky130_fd_sc_hd__or4b_4)
     1    0.008318    0.169101    1.003334   18.926960 v _6994_/X (sky130_fd_sc_hd__or4b_4)
                                                         _2841_ (net)
                      0.169101    0.000073   18.927032 v _6995_/D (sky130_fd_sc_hd__nor4_4)
     1    0.005557    0.338695    0.278062   19.205095 ^ _6995_/Y (sky130_fd_sc_hd__nor4_4)
                                                         net103 (net)
                      0.338695    0.000057   19.205153 ^ output103/A (sky130_fd_sc_hd__buf_6)
     1    0.036316    0.130530    0.336827   19.541979 ^ output103/X (sky130_fd_sc_hd__buf_6)
                                                         zero (net)
                      0.130533    0.000886   19.542866 ^ zero (out)
                                             19.542866   data arrival time

                      0.000000   10.000000   10.000000   clock __VIRTUAL_CLK__ (rise edge)
                                  0.000000   10.000000   clock network delay (ideal)
                                 -0.250000    9.750000   clock uncertainty
                                  0.000000    9.750000   clock reconvergence pessimism
                                 -2.000000    7.750000   output external delay
                                              7.750000   data required time
---------------------------------------------------------------------------------------------
                                              7.750000   data required time
                                            -19.542866   data arrival time
---------------------------------------------------------------------------------------------
                                            -11.792866   slack (VIOLATED)




===========================================================================
report_checks --slack_max -0.01
============================================================================
======================= min_ss_100C_1v60 Corner ===================================

Startpoint: B[0] (input port clocked by __VIRTUAL_CLK__)
Endpoint: zero (output port clocked by __VIRTUAL_CLK__)
Path Group: __VIRTUAL_CLK__
Path Type: max

Fanout         Cap        Slew       Delay        Time   Description
---------------------------------------------------------------------------------------------
                      0.000000    0.000000    0.000000   clock __VIRTUAL_CLK__ (rise edge)
                                  0.000000    0.000000   clock network delay (ideal)
                                  2.000000    2.000000 ^ input external delay
     1    0.003976    0.040156    0.021991    2.021991 ^ B[0] (in)
                                                         B[0] (net)
                      0.040156    0.000000    2.021991 ^ input33/A (sky130_fd_sc_hd__dlymetal6s4s_1)
     4    0.058738    0.886295    0.873658    2.895649 ^ input33/X (sky130_fd_sc_hd__dlymetal6s4s_1)
                                                         net33 (net)
                      0.886307    0.002852    2.898501 ^ fanout456/A (sky130_fd_sc_hd__buf_4)
     6    0.045466    0.218477    0.616200    3.514701 ^ fanout456/X (sky130_fd_sc_hd__buf_4)
                                                         net456 (net)
                      0.218480    0.001299    3.516000 ^ fanout447/A (sky130_fd_sc_hd__clkdlybuf4s25_1)
     6    0.042341    0.680623    0.966030    4.482029 ^ fanout447/X (sky130_fd_sc_hd__clkdlybuf4s25_1)
                                                         net447 (net)
                      0.680623    0.000322    4.482351 ^ fanout446/A (sky130_fd_sc_hd__dlymetal6s4s_1)
     7    0.046931    0.717186    0.979719    5.462071 ^ fanout446/X (sky130_fd_sc_hd__dlymetal6s4s_1)
                                                         net446 (net)
                      0.717186    0.000322    5.462393 ^ _6409_/S (sky130_fd_sc_hd__mux2_1)
     2    0.004913    0.133249    0.912740    6.375133 v _6409_/X (sky130_fd_sc_hd__mux2_1)
                                                         _2228_ (net)
                      0.133249    0.000071    6.375204 v _6500_/A0 (sky130_fd_sc_hd__mux2_1)
     3    0.016322    0.226927    0.807831    7.183035 v _6500_/X (sky130_fd_sc_hd__mux2_1)
                                                         _2326_ (net)
                      0.226927    0.000096    7.183132 v _6501_/A1 (sky130_fd_sc_hd__mux2_1)
     2    0.012197    0.201325    0.829105    8.012237 v _6501_/X (sky130_fd_sc_hd__mux2_1)
                                                         _2327_ (net)
                      0.201325    0.000087    8.012323 v _6504_/A0 (sky130_fd_sc_hd__mux2_1)
     1    0.004857    0.132801    0.712631    8.724955 v _6504_/X (sky130_fd_sc_hd__mux2_1)
                                                         _2330_ (net)
                      0.132801    0.000106    8.725060 v _6510_/B1 (sky130_fd_sc_hd__a22o_2)
     1    0.003419    0.070017    0.406475    9.131535 v _6510_/X (sky130_fd_sc_hd__a22o_2)
                                                         _2337_ (net)
                      0.070017    0.000038    9.131573 v _6511_/C1 (sky130_fd_sc_hd__a2111o_2)
     1    0.020130    0.199384    0.910723   10.042296 v _6511_/X (sky130_fd_sc_hd__a2111o_2)
                                                         _2338_ (net)
                      0.199384    0.001161   10.043457 v _6512_/C (sky130_fd_sc_hd__or3_2)
     1    0.004970    0.177727    1.036662   11.080118 v _6512_/X (sky130_fd_sc_hd__or3_2)
                                                         _2339_ (net)
                      0.177727    0.000083   11.080202 v _6513_/B1 (sky130_fd_sc_hd__a31o_2)
     2    0.011984    0.108972    0.484801   11.565002 v _6513_/X (sky130_fd_sc_hd__a31o_2)
                                                         net96 (net)
                      0.108972    0.000433   11.565436 v _6985_/C (sky130_fd_sc_hd__or4_4)
     1    0.008278    0.168991    0.992020   12.557456 v _6985_/X (sky130_fd_sc_hd__or4_4)
                                                         _2831_ (net)
                      0.168991    0.000221   12.557677 v _6986_/C (sky130_fd_sc_hd__or4_4)
     1    0.020610    0.208522    1.086786   13.644463 v _6986_/X (sky130_fd_sc_hd__or4_4)
                                                         _2832_ (net)
                      0.208525    0.001248   13.645711 v _6987_/D (sky130_fd_sc_hd__nor4_4)
     1    0.008578    0.390395    0.336554   13.982265 ^ _6987_/Y (sky130_fd_sc_hd__nor4_4)
                                                         _2833_ (net)
                      0.390395    0.000322   13.982586 ^ _6988_/C_N (sky130_fd_sc_hd__or3b_4)
     1    0.006653    0.127321    0.856980   14.839566 v _6988_/X (sky130_fd_sc_hd__or3b_4)
                                                         _2834_ (net)
                      0.127321    0.000176   14.839743 v _6989_/D (sky130_fd_sc_hd__or4_4)
     1    0.008699    0.170018    0.883249   15.722991 v _6989_/X (sky130_fd_sc_hd__or4_4)
                                                         _2836_ (net)
                      0.170018    0.000254   15.723246 v _6990_/C (sky130_fd_sc_hd__or3_4)
     1    0.014697    0.146223    0.734733   16.457979 v _6990_/X (sky130_fd_sc_hd__or3_4)
                                                         _2837_ (net)
                      0.146223    0.000508   16.458487 v _6991_/C (sky130_fd_sc_hd__or3_4)
     1    0.010136    0.135194    0.704343   17.162830 v _6991_/X (sky130_fd_sc_hd__or3_4)
                                                         _2838_ (net)
                      0.135194    0.000201   17.163031 v _6992_/D (sky130_fd_sc_hd__nor4_4)
     1    0.009350    0.407172    0.323121   17.486151 ^ _6992_/Y (sky130_fd_sc_hd__nor4_4)
                                                         _2839_ (net)
                      0.407172    0.000353   17.486506 ^ wire104/A (sky130_fd_sc_hd__clkbuf_2)
     1    0.024204    0.214872    0.436660   17.923166 ^ wire104/X (sky130_fd_sc_hd__clkbuf_2)
                                                         net104 (net)
                      0.214872    0.000460   17.923626 ^ _6994_/D_N (sky130_fd_sc_hd__or4b_4)
     1    0.008318    0.169101    1.003334   18.926960 v _6994_/X (sky130_fd_sc_hd__or4b_4)
                                                         _2841_ (net)
                      0.169101    0.000073   18.927032 v _6995_/D (sky130_fd_sc_hd__nor4_4)
     1    0.005557    0.338695    0.278062   19.205095 ^ _6995_/Y (sky130_fd_sc_hd__nor4_4)
                                                         net103 (net)
                      0.338695    0.000057   19.205153 ^ output103/A (sky130_fd_sc_hd__buf_6)
     1    0.036316    0.130530    0.336827   19.541979 ^ output103/X (sky130_fd_sc_hd__buf_6)
                                                         zero (net)
                      0.130533    0.000886   19.542866 ^ zero (out)
                                             19.542866   data arrival time

                      0.000000   10.000000   10.000000   clock __VIRTUAL_CLK__ (rise edge)
                                  0.000000   10.000000   clock network delay (ideal)
                                 -0.250000    9.750000   clock uncertainty
                                  0.000000    9.750000   clock reconvergence pessimism
                                 -2.000000    7.750000   output external delay
                                              7.750000   data required time
---------------------------------------------------------------------------------------------
                                              7.750000   data required time
                                            -19.542866   data arrival time
---------------------------------------------------------------------------------------------
                                            -11.792866   slack (VIOLATED)




===========================================================================
 report_check_types -max_slew -max_cap -max_fanout -violators
============================================================================
======================= min_ss_100C_1v60 Corner ===================================

max slew

Pin                                        Limit        Slew       Slack
------------------------------------------------------------------------
_6841_/A                                0.750000    1.546371   -0.796371 (VIOLATED)
_6873_/B1                               0.750000    1.546370   -0.796370 (VIOLATED)
_6906_/B1                               0.750000    1.546370   -0.796370 (VIOLATED)
_6870_/A1                               0.750000    1.546365   -0.796365 (VIOLATED)
_6063_/B1                               0.750000    1.546352   -0.796352 (VIOLATED)
_6633_/B1                               0.750000    1.546246   -0.796246 (VIOLATED)
fanout146/A                             0.750000    1.546234   -0.796235 (VIOLATED)
fanout147/X                             0.750000    1.546234   -0.796235 (VIOLATED)
_6742_/B1                               0.750000    1.522485   -0.772485 (VIOLATED)
_6778_/B1                               0.750000    1.522485   -0.772485 (VIOLATED)
_6720_/A1                               0.750000    1.522484   -0.772484 (VIOLATED)
_6204_/B1                               0.750000    1.522483   -0.772483 (VIOLATED)
_6443_/B1                               0.750000    1.522483   -0.772483 (VIOLATED)
_6487_/B1                               0.750000    1.522483   -0.772483 (VIOLATED)
_6517_/B1                               0.750000    1.522483   -0.772483 (VIOLATED)
_6543_/A2                               0.750000    1.522483   -0.772483 (VIOLATED)
_6601_/B1                               0.750000    1.522483   -0.772483 (VIOLATED)
_6690_/B1                               0.750000    1.522483   -0.772483 (VIOLATED)
fanout157/X                             0.750000    1.522483   -0.772483 (VIOLATED)
_3785_/B                                0.750000    1.347465   -0.597465 (VIOLATED)
_3534_/B                                0.750000    1.347464   -0.597464 (VIOLATED)
_3541_/D                                0.750000    1.347460   -0.597460 (VIOLATED)
_6075_/A                                0.750000    1.347091   -0.597091 (VIOLATED)
_6076_/A                                0.750000    1.347091   -0.597091 (VIOLATED)
_6077_/A                                0.750000    1.347091   -0.597091 (VIOLATED)
_6263_/A_N                              0.750000    1.347091   -0.597091 (VIOLATED)
_4345_/B1                               0.750000    1.347054   -0.597054 (VIOLATED)
_4088_/D                                0.750000    1.347051   -0.597051 (VIOLATED)
_4087_/B                                0.750000    1.347044   -0.597044 (VIOLATED)
fanout326/X                             0.750000    1.347044   -0.597044 (VIOLATED)
_6826_/A2                               0.750000    1.328519   -0.578519 (VIOLATED)
_6863_/A2                               0.750000    1.328518   -0.578518 (VIOLATED)
_6927_/A2                               0.750000    1.328511   -0.578511 (VIOLATED)
_6533_/A2                               0.750000    1.328186   -0.578186 (VIOLATED)
_6572_/A2                               0.750000    1.328186   -0.578186 (VIOLATED)
_6590_/A2                               0.750000    1.328186   -0.578186 (VIOLATED)
_6891_/A2                               0.750000    1.328186   -0.578186 (VIOLATED)
_6963_/A2                               0.750000    1.328186   -0.578186 (VIOLATED)
fanout141/A                             0.750000    1.328186   -0.578186 (VIOLATED)
fanout142/X                             0.750000    1.328186   -0.578186 (VIOLATED)
_6570_/A1                               0.750000    1.258431   -0.508431 (VIOLATED)
_6731_/A                                0.750000    1.258431   -0.508431 (VIOLATED)
_6312_/A                                0.750000    1.258430   -0.508430 (VIOLATED)
_6460_/B                                0.750000    1.258430   -0.508430 (VIOLATED)
_6494_/A2                               0.750000    1.258428   -0.508428 (VIOLATED)
_6496_/A2                               0.750000    1.258428   -0.508428 (VIOLATED)
_6529_/B                                0.750000    1.258422   -0.508422 (VIOLATED)
_6316_/A0                               0.750000    1.258420   -0.508420 (VIOLATED)
_3505_/A                                0.750000    1.258419   -0.508419 (VIOLATED)
_5954_/B                                0.750000    1.258419   -0.508419 (VIOLATED)
fanout574/X                             0.750000    1.258419   -0.508419 (VIOLATED)
_6228_/B                                0.750000    1.235447   -0.485447 (VIOLATED)
_6318_/A                                0.750000    1.235447   -0.485447 (VIOLATED)
_6364_/A                                0.750000    1.235447   -0.485447 (VIOLATED)
_6389_/A                                0.750000    1.235447   -0.485447 (VIOLATED)
_6393_/A                                0.750000    1.235447   -0.485447 (VIOLATED)
_6464_/A                                0.750000    1.235447   -0.485447 (VIOLATED)
_6483_/A1                               0.750000    1.235447   -0.485447 (VIOLATED)
_6531_/A                                0.750000    1.235447   -0.485447 (VIOLATED)
_6628_/A1                               0.750000    1.235447   -0.485447 (VIOLATED)
_6897_/S                                0.750000    1.235447   -0.485447 (VIOLATED)
fanout179/X                             0.750000    1.235447   -0.485447 (VIOLATED)
_6777_/A                                0.750000    1.229756   -0.479756 (VIOLATED)
_6792_/B1                               0.750000    1.229756   -0.479756 (VIOLATED)
_6773_/A1                               0.750000    1.229755   -0.479755 (VIOLATED)
_6704_/A1                               0.750000    1.229741   -0.479741 (VIOLATED)
_6669_/B1                               0.750000    1.229739   -0.479739 (VIOLATED)
_6440_/B1                               0.750000    1.229727   -0.479727 (VIOLATED)
_6516_/A                                0.750000    1.229727   -0.479727 (VIOLATED)
_6541_/B1                               0.750000    1.229727   -0.479727 (VIOLATED)
_6598_/B1                               0.750000    1.229727   -0.479727 (VIOLATED)
_6614_/B1                               0.750000    1.229727   -0.479727 (VIOLATED)
fanout146/X                             0.750000    1.229727   -0.479727 (VIOLATED)
_6844_/A2_N                             0.750000    1.223119   -0.473119 (VIOLATED)
_6864_/B1                               0.750000    1.223119   -0.473119 (VIOLATED)
_6928_/B1                               0.750000    1.223119   -0.473119 (VIOLATED)
fanout128/A                             0.750000    1.223119   -0.473119 (VIOLATED)
fanout129/A                             0.750000    1.223119   -0.473119 (VIOLATED)
fanout130/A                             0.750000    1.223119   -0.473119 (VIOLATED)
fanout131/X                             0.750000    1.223119   -0.473119 (VIOLATED)
_6853_/A                                0.750000    1.220753   -0.470753 (VIOLATED)
_6818_/A1                               0.750000    1.220753   -0.470753 (VIOLATED)
_6788_/B                                0.750000    1.220752   -0.470752 (VIOLATED)
_6688_/B1                               0.750000    1.220736   -0.470736 (VIOLATED)
_6653_/B1                               0.750000    1.220731   -0.470732 (VIOLATED)
_6442_/B1                               0.750000    1.220726   -0.470726 (VIOLATED)
_6543_/B2                               0.750000    1.220726   -0.470726 (VIOLATED)
_6566_/B                                0.750000    1.220726   -0.470726 (VIOLATED)
_6595_/A1                               0.750000    1.220726   -0.470726 (VIOLATED)
_6616_/B1                               0.750000    1.220726   -0.470726 (VIOLATED)
fanout150/X                             0.750000    1.220726   -0.470726 (VIOLATED)
_6888_/C1                               0.750000    1.210957   -0.460957 (VIOLATED)
_6923_/A                                0.750000    1.210957   -0.460957 (VIOLATED)
_6837_/A1                               0.750000    1.210952   -0.460952 (VIOLATED)
_6820_/A1                               0.750000    1.210946   -0.460946 (VIOLATED)
_6753_/A1                               0.750000    1.210586   -0.460586 (VIOLATED)
_6706_/B1                               0.750000    1.210579   -0.460579 (VIOLATED)
_6737_/A1                               0.750000    1.210575   -0.460575 (VIOLATED)
_6667_/A1                               0.750000    1.210551   -0.460551 (VIOLATED)
_6473_/A2                               0.750000    1.210541   -0.460541 (VIOLATED)
_6513_/A2                               0.750000    1.210541   -0.460541 (VIOLATED)
fanout148/X                             0.750000    1.210541   -0.460541 (VIOLATED)
_6641_/A2                               0.750000    1.158147   -0.408147 (VIOLATED)
_6911_/A1                               0.750000    1.158144   -0.408144 (VIOLATED)
_6925_/A1                               0.750000    1.158138   -0.408138 (VIOLATED)
_6659_/A1                               0.750000    1.158135   -0.408135 (VIOLATED)
_6308_/B1                               0.750000    1.158134   -0.408134 (VIOLATED)
_6961_/A1                               0.750000    1.158126   -0.408126 (VIOLATED)
_6895_/A1                               0.750000    1.158119   -0.408119 (VIOLATED)
_6693_/A1                               0.750000    1.158116   -0.408116 (VIOLATED)
_6623_/A1                               0.750000    1.158111   -0.408111 (VIOLATED)
_6675_/A1                               0.750000    1.158100   -0.408100 (VIOLATED)
fanout125/X                             0.750000    1.158100   -0.408100 (VIOLATED)
_6768_/A1                               0.750000    1.145057   -0.395057 (VIOLATED)
_6801_/B2                               0.750000    1.145054   -0.395054 (VIOLATED)
_6866_/A2                               0.750000    1.145053   -0.395053 (VIOLATED)
_6593_/A2_N                             0.750000    1.145048   -0.395048 (VIOLATED)
_6784_/B2                               0.750000    1.145047   -0.395047 (VIOLATED)
_6849_/B2                               0.750000    1.145046   -0.395046 (VIOLATED)
_6372_/B                                0.750000    1.145039   -0.395039 (VIOLATED)
_6451_/A1                               0.750000    1.145039   -0.395039 (VIOLATED)
_6511_/A1                               0.750000    1.145039   -0.395039 (VIOLATED)
_6576_/B2                               0.750000    1.145039   -0.395039 (VIOLATED)
fanout124/X                             0.750000    1.145039   -0.395039 (VIOLATED)
_6334_/A2                               0.750000    1.133600   -0.383600 (VIOLATED)
_6445_/B1                               0.750000    1.133600   -0.383600 (VIOLATED)
_6468_/B1                               0.750000    1.133600   -0.383600 (VIOLATED)
_6508_/B1                               0.750000    1.133600   -0.383600 (VIOLATED)
_6535_/A2                               0.750000    1.133600   -0.383600 (VIOLATED)
_6551_/A2                               0.750000    1.133600   -0.383600 (VIOLATED)
_6572_/B1                               0.750000    1.133600   -0.383600 (VIOLATED)
_6591_/A2                               0.750000    1.133600   -0.383600 (VIOLATED)
_6879_/A2                               0.750000    1.133600   -0.383600 (VIOLATED)
_6891_/B1                               0.750000    1.133600   -0.383600 (VIOLATED)
fanout139/X                             0.750000    1.133600   -0.383600 (VIOLATED)
_6865_/A2                               0.750000    1.119520   -0.369520 (VIOLATED)
_6925_/B2                               0.750000    1.119521   -0.369521 (VIOLATED)
_6960_/A                                0.750000    1.119521   -0.369521 (VIOLATED)
_6911_/B2                               0.750000    1.119512   -0.369512 (VIOLATED)
fanout126/A                             0.750000    1.119501   -0.369501 (VIOLATED)
_6713_/B2                               0.750000    1.119498   -0.369498 (VIOLATED)
_6482_/A2                               0.750000    1.119473   -0.369473 (VIOLATED)
_6528_/A                                0.750000    1.119159   -0.369159 (VIOLATED)
_6675_/B2                               0.750000    1.119159   -0.369159 (VIOLATED)
_6743_/A1                               0.750000    1.119159   -0.369159 (VIOLATED)
fanout127/X                             0.750000    1.119159   -0.369159 (VIOLATED)
_6645_/B1                               0.750000    1.113957   -0.363957 (VIOLATED)
_6662_/B1                               0.750000    1.113957   -0.363957 (VIOLATED)
_6811_/A2                               0.750000    1.113957   -0.363957 (VIOLATED)
_6826_/B1                               0.750000    1.113957   -0.363957 (VIOLATED)
_6843_/A2                               0.750000    1.113957   -0.363957 (VIOLATED)
_6863_/B1                               0.750000    1.113957   -0.363957 (VIOLATED)
_6913_/B1                               0.750000    1.113957   -0.363957 (VIOLATED)
_6927_/B1                               0.750000    1.113957   -0.363957 (VIOLATED)
fanout137/A                             0.750000    1.113957   -0.363957 (VIOLATED)
fanout138/X                             0.750000    1.113957   -0.363957 (VIOLATED)
_6339_/A                                0.750000    1.100498   -0.350498 (VIOLATED)
_6340_/A2                               0.750000    1.100498   -0.350498 (VIOLATED)
_6449_/B1                               0.750000    1.100498   -0.350498 (VIOLATED)
_6469_/B1                               0.750000    1.100498   -0.350498 (VIOLATED)
_6506_/B                                0.750000    1.100498   -0.350498 (VIOLATED)
_6535_/B1                               0.750000    1.100498   -0.350498 (VIOLATED)
_6573_/B1                               0.750000    1.100498   -0.350498 (VIOLATED)
_6591_/B1                               0.750000    1.100498   -0.350498 (VIOLATED)
_6605_/B1                               0.750000    1.100498   -0.350498 (VIOLATED)
_6880_/B1                               0.750000    1.100498   -0.350498 (VIOLATED)
fanout129/X                             0.750000    1.100498   -0.350498 (VIOLATED)
_6173_/A                                0.750000    1.083624   -0.333624 (VIOLATED)
_6174_/A                                0.750000    1.083624   -0.333624 (VIOLATED)
_6175_/A                                0.750000    1.083624   -0.333624 (VIOLATED)
_3485_/A                                0.750000    1.083623   -0.333623 (VIOLATED)
_3889_/C                                0.750000    1.083623   -0.333623 (VIOLATED)
_3890_/C                                0.750000    1.083623   -0.333623 (VIOLATED)
_3955_/D                                0.750000    1.083623   -0.333623 (VIOLATED)
_3957_/B1                               0.750000    1.083623   -0.333623 (VIOLATED)
_3990_/B                                0.750000    1.083623   -0.333623 (VIOLATED)
_3993_/B2                               0.750000    1.083623   -0.333623 (VIOLATED)
fanout311/X                             0.750000    1.083623   -0.333623 (VIOLATED)
_6303_/A                                0.750000    1.078129   -0.328129 (VIOLATED)
_6608_/S                                0.750000    1.078130   -0.328130 (VIOLATED)
_6602_/A                                0.750000    1.078129   -0.328129 (VIOLATED)
_6568_/C1                               0.750000    1.078128   -0.328128 (VIOLATED)
_6219_/B                                0.750000    1.078127   -0.328127 (VIOLATED)
_6226_/A2                               0.750000    1.078127   -0.328127 (VIOLATED)
_6407_/S1                               0.750000    1.078127   -0.328127 (VIOLATED)
_6481_/S1                               0.750000    1.078127   -0.328127 (VIOLATED)
_6524_/S                                0.750000    1.078127   -0.328127 (VIOLATED)
_6577_/S0                               0.750000    1.078127   -0.328127 (VIOLATED)
fanout177/X                             0.750000    1.078127   -0.328127 (VIOLATED)
_6334_/B1                               0.750000    1.055882   -0.305882 (VIOLATED)
_6374_/B1                               0.750000    1.055882   -0.305882 (VIOLATED)
_6449_/A2                               0.750000    1.055882   -0.305882 (VIOLATED)
_6469_/A2                               0.750000    1.055882   -0.305882 (VIOLATED)
_6509_/A2                               0.750000    1.055882   -0.305882 (VIOLATED)
_6533_/B1                               0.750000    1.055882   -0.305882 (VIOLATED)
_6551_/B1                               0.750000    1.055882   -0.305882 (VIOLATED)
_6573_/A2                               0.750000    1.055882   -0.305882 (VIOLATED)
_6590_/B1                               0.750000    1.055882   -0.305882 (VIOLATED)
_6605_/A2                               0.750000    1.055882   -0.305882 (VIOLATED)
fanout135/X                             0.750000    1.055882   -0.305882 (VIOLATED)
_6178_/A                                0.750000    0.981264   -0.231264 (VIOLATED)
ANTENNA_7/DIODE                         0.750000    0.981264   -0.231264 (VIOLATED)
_6177_/A                                0.750000    0.981264   -0.231264 (VIOLATED)
_6275_/A_N                              0.750000    0.981264   -0.231264 (VIOLATED)
_4067_/B                                0.750000    0.981263   -0.231263 (VIOLATED)
_4107_/A2                               0.750000    0.981263   -0.231263 (VIOLATED)
_3889_/D                                0.750000    0.981261   -0.231261 (VIOLATED)
_3890_/D                                0.750000    0.981261   -0.231261 (VIOLATED)
_3956_/B                                0.750000    0.981261   -0.231261 (VIOLATED)
_3959_/A2                               0.750000    0.981261   -0.231261 (VIOLATED)
_4045_/B1                               0.750000    0.981261   -0.231261 (VIOLATED)
fanout312/X                             0.750000    0.981261   -0.231261 (VIOLATED)
_5975_/B1                               0.750000    0.976772   -0.226772 (VIOLATED)
_5976_/C                                0.750000    0.976772   -0.226772 (VIOLATED)
_6028_/A2                               0.750000    0.976771   -0.226771 (VIOLATED)
fanout383/A                             0.750000    0.976768   -0.226768 (VIOLATED)
fanout381/A                             0.750000    0.976760   -0.226760 (VIOLATED)
input41/X                               0.750000    0.976750   -0.226750 (VIOLATED)
_6415_/A                                0.750000    0.968193   -0.218193 (VIOLATED)
_6437_/S1                               0.750000    0.968193   -0.218193 (VIOLATED)
_6491_/A                                0.750000    0.968193   -0.218193 (VIOLATED)
_6504_/S                                0.750000    0.968193   -0.218193 (VIOLATED)
_6546_/C1                               0.750000    0.968193   -0.218193 (VIOLATED)
_6558_/S0                               0.750000    0.968193   -0.218193 (VIOLATED)
_6585_/S0                               0.750000    0.968193   -0.218193 (VIOLATED)
_6588_/A                                0.750000    0.968193   -0.218193 (VIOLATED)
_6589_/A                                0.750000    0.968193   -0.218193 (VIOLATED)
_6620_/S1                               0.750000    0.968193   -0.218193 (VIOLATED)
fanout178/X                             0.750000    0.968193   -0.218193 (VIOLATED)
_6765_/B                                0.750000    0.967262   -0.217262 (VIOLATED)
_6799_/A2                               0.750000    0.967262   -0.217262 (VIOLATED)
_6554_/A                                0.750000    0.967261   -0.217261 (VIOLATED)
_6693_/B2                               0.750000    0.967261   -0.217261 (VIOLATED)
_6895_/B2                               0.750000    0.967260   -0.217260 (VIOLATED)
_6623_/B2                               0.750000    0.967260   -0.217260 (VIOLATED)
_6308_/A1                               0.750000    0.967257   -0.217257 (VIOLATED)
_6641_/B2                               0.750000    0.967257   -0.217257 (VIOLATED)
_6659_/B2                               0.750000    0.967257   -0.217257 (VIOLATED)
_6846_/A2                               0.750000    0.967257   -0.217257 (VIOLATED)
fanout126/X                             0.750000    0.967257   -0.217257 (VIOLATED)
_3530_/A                                0.750000    0.952388   -0.202388 (VIOLATED)
_3533_/A1                               0.750000    0.952387   -0.202387 (VIOLATED)
_6975_/A1                               0.750000    0.952387   -0.202387 (VIOLATED)
_6958_/A0                               0.750000    0.952386   -0.202386 (VIOLATED)
_6316_/A2                               0.750000    0.952386   -0.202386 (VIOLATED)
_6492_/A2                               0.750000    0.952386   -0.202386 (VIOLATED)
_3868_/A                                0.750000    0.952384   -0.202384 (VIOLATED)
_5967_/A1                               0.750000    0.952382   -0.202382 (VIOLATED)
_3502_/A                                0.750000    0.952379   -0.202379 (VIOLATED)
_5955_/A2                               0.750000    0.952379   -0.202379 (VIOLATED)
fanout591/X                             0.750000    0.952379   -0.202379 (VIOLATED)
_6416_/A0                               0.750000    0.932683   -0.182683 (VIOLATED)
_3854_/A                                0.750000    0.932683   -0.182683 (VIOLATED)
_5945_/A1                               0.750000    0.932683   -0.182683 (VIOLATED)
_5948_/B                                0.750000    0.932683   -0.182683 (VIOLATED)
_6185_/B                                0.750000    0.932683   -0.182683 (VIOLATED)
_6187_/B                                0.750000    0.932683   -0.182683 (VIOLATED)
_6310_/A2                               0.750000    0.932683   -0.182683 (VIOLATED)
_6394_/A1                               0.750000    0.932683   -0.182683 (VIOLATED)
_6489_/A2                               0.750000    0.932683   -0.182683 (VIOLATED)
fanout610/A                             0.750000    0.932683   -0.182683 (VIOLATED)
fanout611/X                             0.750000    0.932683   -0.182683 (VIOLATED)
_6762_/A2                               0.750000    0.908912   -0.158912 (VIOLATED)
_6696_/A2                               0.750000    0.908912   -0.158912 (VIOLATED)
_6717_/B                                0.750000    0.908912   -0.158912 (VIOLATED)
_6733_/A2                               0.750000    0.908911   -0.158911 (VIOLATED)
_6679_/A2                               0.750000    0.908910   -0.158910 (VIOLATED)
_6662_/A2                               0.750000    0.908907   -0.158907 (VIOLATED)
_6445_/A2                               0.750000    0.908906   -0.158906 (VIOLATED)
_6508_/A2                               0.750000    0.908906   -0.158906 (VIOLATED)
_6629_/A2                               0.750000    0.908906   -0.158906 (VIOLATED)
_6645_/A2                               0.750000    0.908906   -0.158906 (VIOLATED)
fanout141/X                             0.750000    0.908906   -0.158906 (VIOLATED)
_6586_/A                                0.750000    0.903448   -0.153448 (VIOLATED)
_6510_/B2                               0.750000    0.903447   -0.153447 (VIOLATED)
_6559_/B2                               0.750000    0.903447   -0.153447 (VIOLATED)
_6438_/A                                0.750000    0.903447   -0.153447 (VIOLATED)
_6751_/A1                               0.750000    0.903447   -0.153447 (VIOLATED)
_6771_/A1                               0.750000    0.903447   -0.153447 (VIOLATED)
_6370_/B                                0.750000    0.903444   -0.153444 (VIOLATED)
_6538_/B2                               0.750000    0.903444   -0.153444 (VIOLATED)
_6579_/B2                               0.750000    0.903444   -0.153444 (VIOLATED)
_6610_/B2                               0.750000    0.903444   -0.153444 (VIOLATED)
fanout122/X                             0.750000    0.903444   -0.153444 (VIOLATED)
_3869_/C                                0.750000    0.902261   -0.152261 (VIOLATED)
_5957_/A2                               0.750000    0.902261   -0.152261 (VIOLATED)
_5958_/B                                0.750000    0.902261   -0.152261 (VIOLATED)
_6173_/B                                0.750000    0.902261   -0.152261 (VIOLATED)
_6174_/B                                0.750000    0.902261   -0.152261 (VIOLATED)
_6175_/B                                0.750000    0.902261   -0.152261 (VIOLATED)
_6282_/A2                               0.750000    0.902261   -0.152261 (VIOLATED)
_6395_/A1                               0.750000    0.902261   -0.152261 (VIOLATED)
_6928_/A1                               0.750000    0.902261   -0.152261 (VIOLATED)
_6975_/A3                               0.750000    0.902261   -0.152261 (VIOLATED)
fanout595/X                             0.750000    0.902261   -0.152261 (VIOLATED)
fanout456/A                             0.750000    0.886307   -0.136307 (VIOLATED)
fanout468/A                             0.750000    0.886302   -0.136302 (VIOLATED)
_6938_/S0                               0.750000    0.886300   -0.136300 (VIOLATED)
fanout463/A                             0.750000    0.886299   -0.136300 (VIOLATED)
input33/X                               0.750000    0.886295   -0.136295 (VIOLATED)
_4593_/B                                0.750000    0.881840   -0.131840 (VIOLATED)
_4594_/A1                               0.750000    0.881840   -0.131840 (VIOLATED)
_4599_/B2                               0.750000    0.881836   -0.131836 (VIOLATED)
_4457_/A                                0.750000    0.881836   -0.131836 (VIOLATED)
_4212_/A1                               0.750000    0.881833   -0.131834 (VIOLATED)
_4336_/B2                               0.750000    0.881834   -0.131834 (VIOLATED)
_4334_/A                                0.750000    0.881833   -0.131833 (VIOLATED)
_4211_/B                                0.750000    0.881832   -0.131832 (VIOLATED)
_4088_/A                                0.750000    0.881830   -0.131830 (VIOLATED)
_4345_/B2                               0.750000    0.881830   -0.131830 (VIOLATED)
fanout647/X                             0.750000    0.881830   -0.131830 (VIOLATED)
_3999_/B2                               0.750000    0.874884   -0.124884 (VIOLATED)
_4345_/A1                               0.750000    0.874855   -0.124855 (VIOLATED)
_4088_/B                                0.750000    0.874855   -0.124855 (VIOLATED)
fanout669/X                             0.750000    0.874853   -0.124853 (VIOLATED)
load_slew670/A                          0.750000    0.874853   -0.124853 (VIOLATED)
_6876_/A1                               0.750000    0.872773   -0.122773 (VIOLATED)
_6909_/A3                               0.750000    0.872772   -0.122772 (VIOLATED)
_6413_/A2                               0.750000    0.872772   -0.122772 (VIOLATED)
fanout617/A                             0.750000    0.872765   -0.122765 (VIOLATED)
fanout616/A                             0.750000    0.872762   -0.122762 (VIOLATED)
input16/X                               0.750000    0.872761   -0.122761 (VIOLATED)
_5976_/B                                0.750000    0.871959   -0.121959 (VIOLATED)
fanout517/A                             0.750000    0.871946   -0.121946 (VIOLATED)
_4265_/B2                               0.750000    0.871937   -0.121937 (VIOLATED)
_4263_/B                                0.750000    0.871936   -0.121936 (VIOLATED)
_4148_/A1                               0.750000    0.871936   -0.121936 (VIOLATED)
fanout515/A                             0.750000    0.871934   -0.121934 (VIOLATED)
fanout519/X                             0.750000    0.871934   -0.121934 (VIOLATED)
_6096_/A                                0.750000    0.865211   -0.115211 (VIOLATED)
_6097_/A                                0.750000    0.865210   -0.115210 (VIOLATED)
_6098_/A                                0.750000    0.865210   -0.115210 (VIOLATED)
_3577_/B                                0.750000    0.865199   -0.115199 (VIOLATED)
_3603_/A2                               0.750000    0.865199   -0.115199 (VIOLATED)
fanout383/X                             0.750000    0.865199   -0.115199 (VIOLATED)
load_slew384/A                          0.750000    0.865199   -0.115199 (VIOLATED)
_6810_/B1                               0.750000    0.862191   -0.112191 (VIOLATED)
_6798_/A2                               0.750000    0.862190   -0.112190 (VIOLATED)
_6781_/B1                               0.750000    0.862189   -0.112189 (VIOLATED)
_6763_/B1                               0.750000    0.862188   -0.112188 (VIOLATED)
_6750_/A2                               0.750000    0.862188   -0.112188 (VIOLATED)
_6646_/B1                               0.750000    0.862188   -0.112188 (VIOLATED)
_6664_/A3                               0.750000    0.862188   -0.112188 (VIOLATED)
_6697_/B1                               0.750000    0.862188   -0.112188 (VIOLATED)
_6718_/B1                               0.750000    0.862188   -0.112188 (VIOLATED)
_6733_/B1                               0.750000    0.862188   -0.112188 (VIOLATED)
fanout128/X                             0.750000    0.862188   -0.112188 (VIOLATED)
_6781_/A2                               0.750000    0.861857   -0.111857 (VIOLATED)
_6763_/A2                               0.750000    0.861856   -0.111856 (VIOLATED)
_6749_/B1                               0.750000    0.861856   -0.111856 (VIOLATED)
_6719_/A2                               0.750000    0.861855   -0.111855 (VIOLATED)
_6697_/A2                               0.750000    0.861853   -0.111853 (VIOLATED)
_6732_/B1                               0.750000    0.861853   -0.111853 (VIOLATED)
_6630_/A2                               0.750000    0.861851   -0.111851 (VIOLATED)
_6646_/A2                               0.750000    0.861851   -0.111851 (VIOLATED)
_6663_/A2                               0.750000    0.861851   -0.111851 (VIOLATED)
_6681_/A2                               0.750000    0.861851   -0.111851 (VIOLATED)
fanout133/X                             0.750000    0.861851   -0.111851 (VIOLATED)
_3850_/B                                0.750000    0.855351   -0.105351 (VIOLATED)
_3852_/B1                               0.750000    0.855349   -0.105349 (VIOLATED)
_3851_/C                                0.750000    0.855349   -0.105349 (VIOLATED)
_6909_/A2                               0.750000    0.855348   -0.105348 (VIOLATED)
_6876_/A0                               0.750000    0.855348   -0.105348 (VIOLATED)
_6276_/C_N                              0.750000    0.855341   -0.105341 (VIOLATED)
_6899_/A2                               0.750000    0.855341   -0.105341 (VIOLATED)
_6181_/B                                0.750000    0.855338   -0.105338 (VIOLATED)
_6182_/B                                0.750000    0.855338   -0.105338 (VIOLATED)
_6394_/A0                               0.750000    0.855338   -0.105338 (VIOLATED)
fanout613/X                             0.750000    0.855338   -0.105338 (VIOLATED)
_6982_/A2                               0.750000    0.852978   -0.102978 (VIOLATED)
_6968_/A1                               0.750000    0.852977   -0.102977 (VIOLATED)
_6948_/B2                               0.750000    0.852973   -0.102973 (VIOLATED)
_6581_/A2                               0.750000    0.852968   -0.102968 (VIOLATED)
_6582_/B1                               0.750000    0.852968   -0.102968 (VIOLATED)
fanout149/X                             0.750000    0.852968   -0.102968 (VIOLATED)
_3506_/A                                0.750000    0.846365   -0.096365 (VIOLATED)
_3528_/A                                0.750000    0.846365   -0.096365 (VIOLATED)
_3766_/A1                               0.750000    0.846365   -0.096365 (VIOLATED)
_3870_/B1                               0.750000    0.846365   -0.096365 (VIOLATED)
_3874_/A1                               0.750000    0.846365   -0.096365 (VIOLATED)
_4176_/A                                0.750000    0.846365   -0.096365 (VIOLATED)
_4447_/A1                               0.750000    0.846365   -0.096365 (VIOLATED)
_6310_/A0                               0.750000    0.846365   -0.096365 (VIOLATED)
_6416_/A2                               0.750000    0.846365   -0.096365 (VIOLATED)
_6492_/A0                               0.750000    0.846365   -0.096365 (VIOLATED)
fanout594/X                             0.750000    0.846365   -0.096365 (VIOLATED)
_5981_/C                                0.750000    0.842031   -0.092031 (VIOLATED)
_5980_/B1                               0.750000    0.842031   -0.092031 (VIOLATED)
fanout336/A                             0.750000    0.842000   -0.092001 (VIOLATED)
fanout333/A                             0.750000    0.841984   -0.091984 (VIOLATED)
fanout335/A                             0.750000    0.841983   -0.091983 (VIOLATED)
input46/X                               0.750000    0.841982   -0.091982 (VIOLATED)
_6202_/Y                                0.750000    0.836926   -0.086926 (VIOLATED)
max_cap163/A                            0.750000    0.836926   -0.086926 (VIOLATED)
wire162/A                               0.750000    0.836926   -0.086926 (VIOLATED)
_3869_/A                                0.750000    0.832811   -0.082811 (VIOLATED)
_3870_/A1                               0.750000    0.832811   -0.082811 (VIOLATED)
_5947_/B                                0.750000    0.832811   -0.082811 (VIOLATED)
_6177_/B                                0.750000    0.832811   -0.082811 (VIOLATED)
_6178_/B                                0.750000    0.832811   -0.082811 (VIOLATED)
_6275_/B                                0.750000    0.832811   -0.082811 (VIOLATED)
_6395_/A0                               0.750000    0.832811   -0.082811 (VIOLATED)
_6416_/A1                               0.750000    0.832811   -0.082811 (VIOLATED)
_6909_/A0                               0.750000    0.832811   -0.082811 (VIOLATED)
_6914_/A1                               0.750000    0.832811   -0.082811 (VIOLATED)
fanout608/X                             0.750000    0.832811   -0.082811 (VIOLATED)
_6941_/A2                               0.750000    0.818401   -0.068401 (VIOLATED)
_6963_/B1                               0.750000    0.818401   -0.068401 (VIOLATED)
_6978_/A2                               0.750000    0.818401   -0.068401 (VIOLATED)
fanout138/A                             0.750000    0.818401   -0.068401 (VIOLATED)
fanout139/A                             0.750000    0.818401   -0.068401 (VIOLATED)
fanout140/X                             0.750000    0.818401   -0.068401 (VIOLATED)
_3977_/C                                0.750000    0.811493   -0.061493 (VIOLATED)
_3978_/B1                               0.750000    0.811493   -0.061493 (VIOLATED)
_5983_/B                                0.750000    0.811492   -0.061492 (VIOLATED)
_5982_/A2                               0.750000    0.811492   -0.061492 (VIOLATED)
_3908_/A                                0.750000    0.811491   -0.061491 (VIOLATED)
_3920_/A1                               0.750000    0.811491   -0.061491 (VIOLATED)
_3585_/B                                0.750000    0.811487   -0.061487 (VIOLATED)
_3587_/B2                               0.750000    0.811487   -0.061487 (VIOLATED)
_3593_/A                                0.750000    0.811487   -0.061487 (VIOLATED)
_3594_/A1                               0.750000    0.811487   -0.061487 (VIOLATED)
fanout397/X                             0.750000    0.811487   -0.061487 (VIOLATED)
_6224_/B                                0.750000    0.800079   -0.050079 (VIOLATED)
_6354_/B                                0.750000    0.800079   -0.050079 (VIOLATED)
_6362_/S1                               0.750000    0.800079   -0.050079 (VIOLATED)
_6457_/A                                0.750000    0.800079   -0.050079 (VIOLATED)
_6482_/A1                               0.750000    0.800079   -0.050079 (VIOLATED)
_6521_/A                                0.750000    0.800079   -0.050079 (VIOLATED)
_6523_/S                                0.750000    0.800079   -0.050079 (VIOLATED)
_6568_/A1                               0.750000    0.800079   -0.050079 (VIOLATED)
_6569_/A                                0.750000    0.800079   -0.050079 (VIOLATED)
_6577_/S1                               0.750000    0.800079   -0.050079 (VIOLATED)
fanout171/X                             0.750000    0.800079   -0.050079 (VIOLATED)
_6305_/A1                               0.750000    0.792458   -0.042458 (VIOLATED)
_3997_/A                                0.750000    0.792454   -0.042454 (VIOLATED)
_3999_/A2                               0.750000    0.792454   -0.042454 (VIOLATED)
_4003_/B                                0.750000    0.792454   -0.042454 (VIOLATED)
fanout645/A                             0.750000    0.792454   -0.042454 (VIOLATED)
fanout646/X                             0.750000    0.792454   -0.042454 (VIOLATED)
_6305_/A2                               0.750000    0.789262   -0.039262 (VIOLATED)
_4003_/A                                0.750000    0.789253   -0.039253 (VIOLATED)
_6004_/B                                0.750000    0.789253   -0.039253 (VIOLATED)
_6005_/A0                               0.750000    0.789253   -0.039253 (VIOLATED)
fanout586/A                             0.750000    0.789253   -0.039253 (VIOLATED)
fanout588/X                             0.750000    0.789253   -0.039253 (VIOLATED)
_6797_/A2                               0.750000    0.787900   -0.037900 (VIOLATED)
_6780_/B1                               0.750000    0.787899   -0.037899 (VIOLATED)
_6762_/B1                               0.750000    0.787899   -0.037899 (VIOLATED)
_6749_/A2                               0.750000    0.787899   -0.037899 (VIOLATED)
_6718_/A2                               0.750000    0.787898   -0.037898 (VIOLATED)
_6696_/B1                               0.750000    0.787897   -0.037897 (VIOLATED)
_6604_/B1                               0.750000    0.787897   -0.037897 (VIOLATED)
_6629_/B1                               0.750000    0.787897   -0.037897 (VIOLATED)
_6679_/B1                               0.750000    0.787897   -0.037897 (VIOLATED)
_6732_/A2                               0.750000    0.787897   -0.037897 (VIOLATED)
fanout137/X                             0.750000    0.787897   -0.037897 (VIOLATED)
_3828_/A                                0.750000    0.787457   -0.037457 (VIOLATED)
_3933_/C                                0.750000    0.787457   -0.037457 (VIOLATED)
_3934_/B1                               0.750000    0.787457   -0.037457 (VIOLATED)
_3829_/A                                0.750000    0.787457   -0.037457 (VIOLATED)
_6018_/A2                               0.750000    0.787456   -0.037456 (VIOLATED)
_3615_/A                                0.750000    0.787456   -0.037456 (VIOLATED)
_3616_/A1                               0.750000    0.787456   -0.037456 (VIOLATED)
_3655_/B                                0.750000    0.787456   -0.037456 (VIOLATED)
_3656_/B2                               0.750000    0.787456   -0.037456 (VIOLATED)
_6019_/B                                0.750000    0.787456   -0.037456 (VIOLATED)
fanout657/X                             0.750000    0.787456   -0.037456 (VIOLATED)
_3848_/A1                               0.750000    0.786967   -0.036967 (VIOLATED)
fanout612/A                             0.750000    0.786967   -0.036967 (VIOLATED)
_6310_/A3                               0.750000    0.786963   -0.036963 (VIOLATED)
_6489_/A1                               0.750000    0.786962   -0.036962 (VIOLATED)
_6413_/A3                               0.750000    0.786961   -0.036961 (VIOLATED)
_6879_/B2                               0.750000    0.786958   -0.036958 (VIOLATED)
fanout613/A                             0.750000    0.786958   -0.036958 (VIOLATED)
fanout614/X                             0.750000    0.786958   -0.036958 (VIOLATED)
_3976_/A                                0.750000    0.776455   -0.026455 (VIOLATED)
_5983_/D                                0.750000    0.776455   -0.026455 (VIOLATED)
_6028_/A1                               0.750000    0.776455   -0.026455 (VIOLATED)
_5982_/B2                               0.750000    0.776455   -0.026455 (VIOLATED)
_3815_/A1                               0.750000    0.776453   -0.026453 (VIOLATED)
_3814_/A                                0.750000    0.776452   -0.026452 (VIOLATED)
_3588_/A                                0.750000    0.776450   -0.026450 (VIOLATED)
_3593_/B                                0.750000    0.776450   -0.026450 (VIOLATED)
_3594_/B2                               0.750000    0.776450   -0.026450 (VIOLATED)
_3604_/A1                               0.750000    0.776450   -0.026450 (VIOLATED)
fanout321/X                             0.750000    0.776450   -0.026450 (VIOLATED)
_3739_/A                                0.750000    0.772695   -0.022695 (VIOLATED)
_3740_/A1                               0.750000    0.772695   -0.022695 (VIOLATED)
_4147_/B                                0.750000    0.772695   -0.022695 (VIOLATED)
_4148_/B2                               0.750000    0.772695   -0.022695 (VIOLATED)
_4399_/A                                0.750000    0.772695   -0.022695 (VIOLATED)
_4401_/A1                               0.750000    0.772695   -0.022695 (VIOLATED)
_4517_/B                                0.750000    0.772695   -0.022695 (VIOLATED)
_4519_/B2                               0.750000    0.772695   -0.022695 (VIOLATED)
_4659_/A                                0.750000    0.772695   -0.022695 (VIOLATED)
_4809_/A1                               0.750000    0.772695   -0.022695 (VIOLATED)
fanout394/X                             0.750000    0.772695   -0.022695 (VIOLATED)
_4570_/A                                0.750000    0.767753   -0.017753 (VIOLATED)
_4572_/A1                               0.750000    0.767753   -0.017753 (VIOLATED)
_4581_/B2                               0.750000    0.767753   -0.017753 (VIOLATED)
_4579_/B                                0.750000    0.767753   -0.017753 (VIOLATED)
_4785_/A                                0.750000    0.767752   -0.017752 (VIOLATED)
_4788_/A1                               0.750000    0.767752   -0.017752 (VIOLATED)
_4985_/A                                0.750000    0.767752   -0.017752 (VIOLATED)
_4987_/A1                               0.750000    0.767752   -0.017752 (VIOLATED)
_5149_/A                                0.750000    0.767752   -0.017752 (VIOLATED)
_5162_/A                                0.750000    0.767752   -0.017752 (VIOLATED)
fanout181/X                             0.750000    0.767752   -0.017752 (VIOLATED)
_5957_/B2                               0.750000    0.767594   -0.017594 (VIOLATED)
_5958_/D                                0.750000    0.767594   -0.017594 (VIOLATED)
_6072_/B                                0.750000    0.767594   -0.017594 (VIOLATED)
_6073_/B                                0.750000    0.767594   -0.017594 (VIOLATED)
_6205_/A                                0.750000    0.767594   -0.017594 (VIOLATED)
_6397_/A0                               0.750000    0.767594   -0.017594 (VIOLATED)
_6938_/A0                               0.750000    0.767594   -0.017594 (VIOLATED)
_6942_/A1                               0.750000    0.767594   -0.017594 (VIOLATED)
_6956_/A2                               0.750000    0.767594   -0.017594 (VIOLATED)
fanout593/X                             0.750000    0.767594   -0.017594 (VIOLATED)
_3933_/D                                0.750000    0.764921   -0.014921 (VIOLATED)
_3934_/B2                               0.750000    0.764921   -0.014921 (VIOLATED)
_3619_/D                                0.750000    0.764921   -0.014921 (VIOLATED)
_3620_/B1                               0.750000    0.764921   -0.014921 (VIOLATED)
_3626_/D                                0.750000    0.764921   -0.014921 (VIOLATED)
_3627_/B1                               0.750000    0.764921   -0.014921 (VIOLATED)
_3664_/D                                0.750000    0.764921   -0.014921 (VIOLATED)
_3665_/B1                               0.750000    0.764921   -0.014921 (VIOLATED)
_3825_/D                                0.750000    0.764921   -0.014921 (VIOLATED)
_3826_/B1                               0.750000    0.764921   -0.014921 (VIOLATED)
fanout429/X                             0.750000    0.764921   -0.014921 (VIOLATED)
_6673_/A0                               0.750000    0.759065   -0.009065 (VIOLATED)
_6711_/A2                               0.750000    0.759061   -0.009061 (VIOLATED)
load_slew399/A                          0.750000    0.759059   -0.009059 (VIOLATED)
fanout397/A                             0.750000    0.759052   -0.009052 (VIOLATED)
fanout398/X                             0.750000    0.759052   -0.009052 (VIOLATED)

max fanout

Pin                                   Limit Fanout  Slack
---------------------------------------------------------
fanout312/X                              10     11        (VIOLATED)

max capacitance

Pin                                        Limit         Cap       Slack
------------------------------------------------------------------------
fanout147/X                             0.094309    0.097979   -0.003670 (VIOLATED)
fanout157/X                             0.094309    0.096361   -0.002052 (VIOLATED)



===========================================================================
report_parasitic_annotation -report_unannotated
============================================================================
Found 0 unannotated drivers.
Found 0 partially unannotated drivers.

===========================================================================
max slew violation count 535
max fanout violation count 1
max cap violation count 2
============================================================================

===========================================================================
check_setup -verbose -unconstrained_endpoints -multiple_clock -no_clock -no_input_delay -loops -generated_clocks
===========================================================================
