
===========================================================================
Violator List
============================================================================
[setup in-out] B[0] -> zero : -11.792866
[setup in-out] B[1] -> overflow : -11.028236
[setup in-out] B[0] -> result[27] : -10.392855
[setup in-out] B[1] -> result[31] : -10.238928
[setup in-out] B[1] -> result[30] : -9.939559
[setup in-out] B[0] -> carry : -9.811794
[setup in-out] B[1] -> result[29] : -9.755022
[setup in-out] B[1] -> result[28] : -9.743357
[setup in-out] B[0] -> result[26] : -9.351271
[setup in-out] B[1] -> result[24] : -9.020391
[setup in-out] B[1] -> result[22] : -8.970590
[setup in-out] B[1] -> result[23] : -8.874178
[setup in-out] B[1] -> result[25] : -8.872995
[setup in-out] B[1] -> result[21] : -8.197449
[setup in-out] B[1] -> result[17] : -8.149812
[setup in-out] B[1] -> result[18] : -8.130449
[setup in-out] B[1] -> result[19] : -8.104021
[setup in-out] B[2] -> result[0] : -7.945120
[setup in-out] B[1] -> result[20] : -7.353988
[setup in-out] B[1] -> result[16] : -7.104480
[setup in-out] B[1] -> result[15] : -6.958320
[setup in-out] B[1] -> result[14] : -6.901439
[setup in-out] B[1] -> result[13] : -6.417899
[setup in-out] B[1] -> result[12] : -6.132782
[setup in-out] A[2] -> result[11] : -5.657982
[setup in-out] A[2] -> result[9] : -5.351575
[setup in-out] A[2] -> result[10] : -5.176450
[setup in-out] A[2] -> result[8] : -5.139691
[setup in-out] B[0] -> result[3] : -4.581448
[setup in-out] B[0] -> result[6] : -4.257395
[setup in-out] A[1] -> result[7] : -3.757356
[setup in-out] B[0] -> result[4] : -3.384245
[setup in-out] B[0] -> result[1] : -3.178214
[setup in-out] A[1] -> result[5] : -3.175926
[setup in-out] B[0] -> result[2] : -2.945790
