
===========================================================================
report_checks -unconstrained
===========================================================================
======================= nom_ss_100C_1v60 Corner ===================================

Startpoint: B[0] (input port clocked by __VIRTUAL_CLK__)
Endpoint: zero (output port clocked by __VIRTUAL_CLK__)
Path Group: __VIRTUAL_CLK__
Path Type: max

Fanout         Cap        Slew       Delay        Time   Description
---------------------------------------------------------------------------------------------
                      0.000000    0.000000    0.000000   clock __VIRTUAL_CLK__ (rise edge)
                                  0.000000    0.000000   clock network delay (ideal)
                                  2.000000    2.000000 ^ input external delay
     1    0.004187    0.041603    0.023133    2.023133 ^ B[0] (in)
                                                         B[0] (net)
                      0.041603    0.000000    2.023133 ^ input33/A (sky130_fd_sc_hd__dlymetal6s4s_1)
     4    0.064890    0.974607    0.935822    2.958955 ^ input33/X (sky130_fd_sc_hd__dlymetal6s4s_1)
                                                         net33 (net)
                      0.974643    0.004971    2.963927 ^ fanout456/A (sky130_fd_sc_hd__buf_4)
     6    0.048995    0.233966    0.649564    3.613491 ^ fanout456/X (sky130_fd_sc_hd__buf_4)
                                                         net456 (net)
                      0.233989    0.002452    3.615943 ^ fanout447/A (sky130_fd_sc_hd__clkdlybuf4s25_1)
     6    0.045108    0.724136    1.001876    4.617819 ^ fanout447/X (sky130_fd_sc_hd__clkdlybuf4s25_1)
                                                         net447 (net)
                      0.724136    0.000850    4.618669 ^ fanout446/A (sky130_fd_sc_hd__dlymetal6s4s_1)
     7    0.049543    0.754657    1.014561    5.633230 ^ fanout446/X (sky130_fd_sc_hd__dlymetal6s4s_1)
                                                         net446 (net)
                      0.754657    0.000911    5.634141 ^ _6409_/S (sky130_fd_sc_hd__mux2_1)
     2    0.005182    0.135273    0.921979    6.556120 v _6409_/X (sky130_fd_sc_hd__mux2_1)
                                                         _2228_ (net)
                      0.135273    0.000183    6.556304 v _6500_/A0 (sky130_fd_sc_hd__mux2_1)
     3    0.017755    0.238042    0.819685    7.375988 v _6500_/X (sky130_fd_sc_hd__mux2_1)
                                                         _2326_ (net)
                      0.238042    0.000303    7.376291 v _6501_/A1 (sky130_fd_sc_hd__mux2_1)
     2    0.013340    0.205119    0.847052    8.223343 v _6501_/X (sky130_fd_sc_hd__mux2_1)
                                                         _2327_ (net)
                      0.205119    0.000254    8.223598 v _6504_/A0 (sky130_fd_sc_hd__mux2_1)
     1    0.005167    0.135144    0.717654    8.941251 v _6504_/X (sky130_fd_sc_hd__mux2_1)
                                                         _2330_ (net)
                      0.135144    0.000218    8.941469 v _6510_/B1 (sky130_fd_sc_hd__a22o_2)
     1    0.003562    0.071334    0.408619    9.350088 v _6510_/X (sky130_fd_sc_hd__a22o_2)
                                                         _2337_ (net)
                      0.071334    0.000109    9.350198 v _6511_/C1 (sky130_fd_sc_hd__a2111o_2)
     1    0.022229    0.206886    0.920871   10.271069 v _6511_/X (sky130_fd_sc_hd__a2111o_2)
                                                         _2338_ (net)
                      0.206886    0.001757   10.272825 v _6512_/C (sky130_fd_sc_hd__or3_2)
     1    0.005344    0.182073    1.045454   11.318279 v _6512_/X (sky130_fd_sc_hd__or3_2)
                                                         _2339_ (net)
                      0.182073    0.000186   11.318464 v _6513_/B1 (sky130_fd_sc_hd__a31o_2)
     2    0.013058    0.115482    0.492229   11.810693 v _6513_/X (sky130_fd_sc_hd__a31o_2)
                                                         net96 (net)
                      0.115482    0.000771   11.811464 v _6985_/C (sky130_fd_sc_hd__or4_4)
     1    0.009099    0.171339    0.999226   12.810690 v _6985_/X (sky130_fd_sc_hd__or4_4)
                                                         _2831_ (net)
                      0.171339    0.000380   12.811069 v _6986_/C (sky130_fd_sc_hd__or4_4)
     1    0.022108    0.214812    1.096182   13.907251 v _6986_/X (sky130_fd_sc_hd__or4_4)
                                                         _2832_ (net)
                      0.214828    0.002020   13.909271 v _6987_/D (sky130_fd_sc_hd__nor4_4)
     1    0.009475    0.406522    0.351946   14.261217 ^ _6987_/Y (sky130_fd_sc_hd__nor4_4)
                                                         _2833_ (net)
                      0.406522    0.000528   14.261745 ^ _6988_/C_N (sky130_fd_sc_hd__or3b_4)
     1    0.007101    0.128476    0.864211   15.125956 v _6988_/X (sky130_fd_sc_hd__or3b_4)
                                                         _2834_ (net)
                      0.128476    0.000300   15.126256 v _6989_/D (sky130_fd_sc_hd__or4_4)
     1    0.009578    0.172460    0.888830   16.015087 v _6989_/X (sky130_fd_sc_hd__or4_4)
                                                         _2836_ (net)
                      0.172460    0.000398   16.015484 v _6990_/C (sky130_fd_sc_hd__or3_4)
     1    0.016089    0.150145    0.742311   16.757795 v _6990_/X (sky130_fd_sc_hd__or3_4)
                                                         _2837_ (net)
                      0.150244    0.000773   16.758568 v _6991_/C (sky130_fd_sc_hd__or3_4)
     1    0.010437    0.135935    0.707102   17.465670 v _6991_/X (sky130_fd_sc_hd__or3_4)
                                                         _2838_ (net)
                      0.135935    0.000474   17.466145 v _6992_/D (sky130_fd_sc_hd__nor4_4)
     1    0.010235    0.422889    0.336575   17.802719 ^ _6992_/Y (sky130_fd_sc_hd__nor4_4)
                                                         _2839_ (net)
                      0.422889    0.000661   17.803381 ^ wire104/A (sky130_fd_sc_hd__clkbuf_2)
     1    0.026094    0.230217    0.453257   18.256638 ^ wire104/X (sky130_fd_sc_hd__clkbuf_2)
                                                         net104 (net)
                      0.230217    0.000869   18.257505 ^ _6994_/D_N (sky130_fd_sc_hd__or4b_4)
     1    0.008362    0.169244    1.009141   19.266647 v _6994_/X (sky130_fd_sc_hd__or4b_4)
                                                         _2841_ (net)
                      0.169244    0.000245   19.266893 v _6995_/D (sky130_fd_sc_hd__nor4_4)
     1    0.005658    0.337539    0.279602   19.546495 ^ _6995_/Y (sky130_fd_sc_hd__nor4_4)
                                                         net103 (net)
                      0.337539    0.000174   19.546669 ^ output103/A (sky130_fd_sc_hd__buf_6)
     1    0.036600    0.131101    0.336675   19.883343 ^ output103/X (sky130_fd_sc_hd__buf_6)
                                                         zero (net)
                      0.131119    0.001554   19.884897 ^ zero (out)
                                             19.884897   data arrival time

                      0.000000   10.000000   10.000000   clock __VIRTUAL_CLK__ (rise edge)
                                  0.000000   10.000000   clock network delay (ideal)
                                 -0.250000    9.750000   clock uncertainty
                                  0.000000    9.750000   clock reconvergence pessimism
                                 -2.000000    7.750000   output external delay
                                              7.750000   data required time
---------------------------------------------------------------------------------------------
                                              7.750000   data required time
                                            -19.884897   data arrival time
---------------------------------------------------------------------------------------------
                                            -12.134898   slack (VIOLATED)




===========================================================================
report_checks --slack_max -0.01
============================================================================
======================= nom_ss_100C_1v60 Corner ===================================

Startpoint: B[0] (input port clocked by __VIRTUAL_CLK__)
Endpoint: zero (output port clocked by __VIRTUAL_CLK__)
Path Group: __VIRTUAL_CLK__
Path Type: max

Fanout         Cap        Slew       Delay        Time   Description
---------------------------------------------------------------------------------------------
                      0.000000    0.000000    0.000000   clock __VIRTUAL_CLK__ (rise edge)
                                  0.000000    0.000000   clock network delay (ideal)
                                  2.000000    2.000000 ^ input external delay
     1    0.004187    0.041603    0.023133    2.023133 ^ B[0] (in)
                                                         B[0] (net)
                      0.041603    0.000000    2.023133 ^ input33/A (sky130_fd_sc_hd__dlymetal6s4s_1)
     4    0.064890    0.974607    0.935822    2.958955 ^ input33/X (sky130_fd_sc_hd__dlymetal6s4s_1)
                                                         net33 (net)
                      0.974643    0.004971    2.963927 ^ fanout456/A (sky130_fd_sc_hd__buf_4)
     6    0.048995    0.233966    0.649564    3.613491 ^ fanout456/X (sky130_fd_sc_hd__buf_4)
                                                         net456 (net)
                      0.233989    0.002452    3.615943 ^ fanout447/A (sky130_fd_sc_hd__clkdlybuf4s25_1)
     6    0.045108    0.724136    1.001876    4.617819 ^ fanout447/X (sky130_fd_sc_hd__clkdlybuf4s25_1)
                                                         net447 (net)
                      0.724136    0.000850    4.618669 ^ fanout446/A (sky130_fd_sc_hd__dlymetal6s4s_1)
     7    0.049543    0.754657    1.014561    5.633230 ^ fanout446/X (sky130_fd_sc_hd__dlymetal6s4s_1)
                                                         net446 (net)
                      0.754657    0.000911    5.634141 ^ _6409_/S (sky130_fd_sc_hd__mux2_1)
     2    0.005182    0.135273    0.921979    6.556120 v _6409_/X (sky130_fd_sc_hd__mux2_1)
                                                         _2228_ (net)
                      0.135273    0.000183    6.556304 v _6500_/A0 (sky130_fd_sc_hd__mux2_1)
     3    0.017755    0.238042    0.819685    7.375988 v _6500_/X (sky130_fd_sc_hd__mux2_1)
                                                         _2326_ (net)
                      0.238042    0.000303    7.376291 v _6501_/A1 (sky130_fd_sc_hd__mux2_1)
     2    0.013340    0.205119    0.847052    8.223343 v _6501_/X (sky130_fd_sc_hd__mux2_1)
                                                         _2327_ (net)
                      0.205119    0.000254    8.223598 v _6504_/A0 (sky130_fd_sc_hd__mux2_1)
     1    0.005167    0.135144    0.717654    8.941251 v _6504_/X (sky130_fd_sc_hd__mux2_1)
                                                         _2330_ (net)
                      0.135144    0.000218    8.941469 v _6510_/B1 (sky130_fd_sc_hd__a22o_2)
     1    0.003562    0.071334    0.408619    9.350088 v _6510_/X (sky130_fd_sc_hd__a22o_2)
                                                         _2337_ (net)
                      0.071334    0.000109    9.350198 v _6511_/C1 (sky130_fd_sc_hd__a2111o_2)
     1    0.022229    0.206886    0.920871   10.271069 v _6511_/X (sky130_fd_sc_hd__a2111o_2)
                                                         _2338_ (net)
                      0.206886    0.001757   10.272825 v _6512_/C (sky130_fd_sc_hd__or3_2)
     1    0.005344    0.182073    1.045454   11.318279 v _6512_/X (sky130_fd_sc_hd__or3_2)
                                                         _2339_ (net)
                      0.182073    0.000186   11.318464 v _6513_/B1 (sky130_fd_sc_hd__a31o_2)
     2    0.013058    0.115482    0.492229   11.810693 v _6513_/X (sky130_fd_sc_hd__a31o_2)
                                                         net96 (net)
                      0.115482    0.000771   11.811464 v _6985_/C (sky130_fd_sc_hd__or4_4)
     1    0.009099    0.171339    0.999226   12.810690 v _6985_/X (sky130_fd_sc_hd__or4_4)
                                                         _2831_ (net)
                      0.171339    0.000380   12.811069 v _6986_/C (sky130_fd_sc_hd__or4_4)
     1    0.022108    0.214812    1.096182   13.907251 v _6986_/X (sky130_fd_sc_hd__or4_4)
                                                         _2832_ (net)
                      0.214828    0.002020   13.909271 v _6987_/D (sky130_fd_sc_hd__nor4_4)
     1    0.009475    0.406522    0.351946   14.261217 ^ _6987_/Y (sky130_fd_sc_hd__nor4_4)
                                                         _2833_ (net)
                      0.406522    0.000528   14.261745 ^ _6988_/C_N (sky130_fd_sc_hd__or3b_4)
     1    0.007101    0.128476    0.864211   15.125956 v _6988_/X (sky130_fd_sc_hd__or3b_4)
                                                         _2834_ (net)
                      0.128476    0.000300   15.126256 v _6989_/D (sky130_fd_sc_hd__or4_4)
     1    0.009578    0.172460    0.888830   16.015087 v _6989_/X (sky130_fd_sc_hd__or4_4)
                                                         _2836_ (net)
                      0.172460    0.000398   16.015484 v _6990_/C (sky130_fd_sc_hd__or3_4)
     1    0.016089    0.150145    0.742311   16.757795 v _6990_/X (sky130_fd_sc_hd__or3_4)
                                                         _2837_ (net)
                      0.150244    0.000773   16.758568 v _6991_/C (sky130_fd_sc_hd__or3_4)
     1    0.010437    0.135935    0.707102   17.465670 v _6991_/X (sky130_fd_sc_hd__or3_4)
                                                         _2838_ (net)
                      0.135935    0.000474   17.466145 v _6992_/D (sky130_fd_sc_hd__nor4_4)
     1    0.010235    0.422889    0.336575   17.802719 ^ _6992_/Y (sky130_fd_sc_hd__nor4_4)
                                                         _2839_ (net)
                      0.422889    0.000661   17.803381 ^ wire104/A (sky130_fd_sc_hd__clkbuf_2)
     1    0.026094    0.230217    0.453257   18.256638 ^ wire104/X (sky130_fd_sc_hd__clkbuf_2)
                                                         net104 (net)
                      0.230217    0.000869   18.257505 ^ _6994_/D_N (sky130_fd_sc_hd__or4b_4)
     1    0.008362    0.169244    1.009141   19.266647 v _6994_/X (sky130_fd_sc_hd__or4b_4)
                                                         _2841_ (net)
                      0.169244    0.000245   19.266893 v _6995_/D (sky130_fd_sc_hd__nor4_4)
     1    0.005658    0.337539    0.279602   19.546495 ^ _6995_/Y (sky130_fd_sc_hd__nor4_4)
                                                         net103 (net)
                      0.337539    0.000174   19.546669 ^ output103/A (sky130_fd_sc_hd__buf_6)
     1    0.036600    0.131101    0.336675   19.883343 ^ output103/X (sky130_fd_sc_hd__buf_6)
                                                         zero (net)
                      0.131119    0.001554   19.884897 ^ zero (out)
                                             19.884897   data arrival time

                      0.000000   10.000000   10.000000   clock __VIRTUAL_CLK__ (rise edge)
                                  0.000000   10.000000   clock network delay (ideal)
                                 -0.250000    9.750000   clock uncertainty
                                  0.000000    9.750000   clock reconvergence pessimism
                                 -2.000000    7.750000   output external delay
                                              7.750000   data required time
---------------------------------------------------------------------------------------------
                                              7.750000   data required time
                                            -19.884897   data arrival time
---------------------------------------------------------------------------------------------
                                            -12.134898   slack (VIOLATED)




===========================================================================
 report_check_types -max_slew -max_cap -max_fanout -violators
============================================================================
======================= nom_ss_100C_1v60 Corner ===================================

max slew

Pin                                        Limit        Slew       Slack
------------------------------------------------------------------------
_6841_/A                                0.750000    1.677494   -0.927494 (VIOLATED)
_6906_/B1                               0.750000    1.677493   -0.927493 (VIOLATED)
_6873_/B1                               0.750000    1.677491   -0.927491 (VIOLATED)
_6870_/A1                               0.750000    1.677478   -0.927478 (VIOLATED)
_6063_/B1                               0.750000    1.677444   -0.927444 (VIOLATED)
_6633_/B1                               0.750000    1.677222   -0.927222 (VIOLATED)
fanout146/A                             0.750000    1.677193   -0.927193 (VIOLATED)
fanout147/X                             0.750000    1.677189   -0.927189 (VIOLATED)
_6742_/B1                               0.750000    1.633726   -0.883726 (VIOLATED)
_6778_/B1                               0.750000    1.633726   -0.883726 (VIOLATED)
_6720_/A1                               0.750000    1.633722   -0.883722 (VIOLATED)
_6690_/B1                               0.750000    1.633716   -0.883716 (VIOLATED)
_6204_/B1                               0.750000    1.633703   -0.883703 (VIOLATED)
_6443_/B1                               0.750000    1.633703   -0.883703 (VIOLATED)
_6487_/B1                               0.750000    1.633703   -0.883703 (VIOLATED)
_6517_/B1                               0.750000    1.633703   -0.883703 (VIOLATED)
_6543_/A2                               0.750000    1.633703   -0.883703 (VIOLATED)
_6601_/B1                               0.750000    1.633703   -0.883703 (VIOLATED)
fanout157/X                             0.750000    1.633703   -0.883703 (VIOLATED)
_3785_/B                                0.750000    1.444374   -0.694374 (VIOLATED)
_3534_/B                                0.750000    1.444371   -0.694371 (VIOLATED)
_3541_/D                                0.750000    1.444361   -0.694361 (VIOLATED)
_6075_/A                                0.750000    1.444348   -0.694348 (VIOLATED)
_6076_/A                                0.750000    1.444347   -0.694347 (VIOLATED)
_6077_/A                                0.750000    1.444347   -0.694347 (VIOLATED)
_6263_/A_N                              0.750000    1.444347   -0.694347 (VIOLATED)
_4345_/B1                               0.750000    1.444230   -0.694230 (VIOLATED)
_4088_/D                                0.750000    1.444216   -0.694216 (VIOLATED)
_4087_/B                                0.750000    1.443790   -0.693790 (VIOLATED)
fanout326/X                             0.750000    1.443790   -0.693790 (VIOLATED)
_6826_/A2                               0.750000    1.437715   -0.687715 (VIOLATED)
_6863_/A2                               0.750000    1.437711   -0.687711 (VIOLATED)
_6927_/A2                               0.750000    1.437693   -0.687693 (VIOLATED)
_6891_/A2                               0.750000    1.437677   -0.687677 (VIOLATED)
_6963_/A2                               0.750000    1.437669   -0.687669 (VIOLATED)
_6572_/A2                               0.750000    1.437667   -0.687667 (VIOLATED)
_6590_/A2                               0.750000    1.437667   -0.687667 (VIOLATED)
_6533_/A2                               0.750000    1.437663   -0.687663 (VIOLATED)
fanout141/A                             0.750000    1.437657   -0.687658 (VIOLATED)
fanout142/X                             0.750000    1.437654   -0.687654 (VIOLATED)
_6731_/A                                0.750000    1.337651   -0.587651 (VIOLATED)
_6570_/A1                               0.750000    1.337649   -0.587649 (VIOLATED)
_6460_/B                                0.750000    1.337648   -0.587648 (VIOLATED)
_6312_/A                                0.750000    1.337645   -0.587645 (VIOLATED)
_6494_/A2                               0.750000    1.337642   -0.587642 (VIOLATED)
_6496_/A2                               0.750000    1.337640   -0.587640 (VIOLATED)
_6529_/B                                0.750000    1.337618   -0.587618 (VIOLATED)
_6316_/A0                               0.750000    1.337607   -0.587607 (VIOLATED)
_3505_/A                                0.750000    1.337243   -0.587243 (VIOLATED)
_5954_/B                                0.750000    1.337243   -0.587243 (VIOLATED)
fanout574/X                             0.750000    1.337243   -0.587243 (VIOLATED)
_6531_/A                                0.750000    1.319171   -0.569171 (VIOLATED)
_6628_/A1                               0.750000    1.319171   -0.569171 (VIOLATED)
_6897_/S                                0.750000    1.319171   -0.569171 (VIOLATED)
_6389_/A                                0.750000    1.319168   -0.569168 (VIOLATED)
_6228_/B                                0.750000    1.319165   -0.569165 (VIOLATED)
_6318_/A                                0.750000    1.319165   -0.569165 (VIOLATED)
_6364_/A                                0.750000    1.319165   -0.569165 (VIOLATED)
_6393_/A                                0.750000    1.319165   -0.569165 (VIOLATED)
_6464_/A                                0.750000    1.319165   -0.569165 (VIOLATED)
_6483_/A1                               0.750000    1.319165   -0.569165 (VIOLATED)
fanout179/X                             0.750000    1.319165   -0.569165 (VIOLATED)
_6864_/B1                               0.750000    1.315854   -0.565854 (VIOLATED)
_6844_/A2_N                             0.750000    1.315853   -0.565853 (VIOLATED)
_6928_/B1                               0.750000    1.315853   -0.565853 (VIOLATED)
fanout130/A                             0.750000    1.315845   -0.565845 (VIOLATED)
fanout128/A                             0.750000    1.315508   -0.565508 (VIOLATED)
fanout129/A                             0.750000    1.315508   -0.565508 (VIOLATED)
fanout131/X                             0.750000    1.315508   -0.565508 (VIOLATED)
_6853_/A                                0.750000    1.311799   -0.561799 (VIOLATED)
_6818_/A1                               0.750000    1.311797   -0.561797 (VIOLATED)
_6788_/B                                0.750000    1.311793   -0.561793 (VIOLATED)
_6688_/B1                               0.750000    1.311733   -0.561733 (VIOLATED)
_6653_/B1                               0.750000    1.311335   -0.561335 (VIOLATED)
_6616_/B1                               0.750000    1.311315   -0.561315 (VIOLATED)
_6595_/A1                               0.750000    1.311295   -0.561295 (VIOLATED)
_6566_/B                                0.750000    1.311282   -0.561282 (VIOLATED)
_6442_/B1                               0.750000    1.311278   -0.561278 (VIOLATED)
_6543_/B2                               0.750000    1.311278   -0.561278 (VIOLATED)
fanout150/X                             0.750000    1.311278   -0.561278 (VIOLATED)
_6888_/C1                               0.750000    1.304557   -0.554557 (VIOLATED)
_6923_/A                                0.750000    1.304557   -0.554557 (VIOLATED)
_6837_/A1                               0.750000    1.304546   -0.554546 (VIOLATED)
_6820_/A1                               0.750000    1.304536   -0.554536 (VIOLATED)
_6753_/A1                               0.750000    1.304494   -0.554494 (VIOLATED)
_6706_/B1                               0.750000    1.304475   -0.554475 (VIOLATED)
_6737_/A1                               0.750000    1.304468   -0.554468 (VIOLATED)
_6667_/A1                               0.750000    1.304408   -0.554408 (VIOLATED)
_6473_/A2                               0.750000    1.304010   -0.554010 (VIOLATED)
_6513_/A2                               0.750000    1.304010   -0.554010 (VIOLATED)
fanout148/X                             0.750000    1.304010   -0.554010 (VIOLATED)
_6777_/A                                0.750000    1.298476   -0.548476 (VIOLATED)
_6792_/B1                               0.750000    1.298475   -0.548475 (VIOLATED)
_6773_/A1                               0.750000    1.298473   -0.548473 (VIOLATED)
_6704_/A1                               0.750000    1.298442   -0.548443 (VIOLATED)
_6669_/B1                               0.750000    1.298436   -0.548436 (VIOLATED)
_6614_/B1                               0.750000    1.298406   -0.548406 (VIOLATED)
_6598_/B1                               0.750000    1.298396   -0.548396 (VIOLATED)
_6440_/B1                               0.750000    1.298390   -0.548390 (VIOLATED)
_6516_/A                                0.750000    1.298390   -0.548390 (VIOLATED)
_6541_/B1                               0.750000    1.298390   -0.548390 (VIOLATED)
fanout146/X                             0.750000    1.298390   -0.548390 (VIOLATED)
_6334_/A2                               0.750000    1.230775   -0.480775 (VIOLATED)
_6445_/B1                               0.750000    1.230775   -0.480775 (VIOLATED)
_6468_/B1                               0.750000    1.230775   -0.480775 (VIOLATED)
_6508_/B1                               0.750000    1.230775   -0.480775 (VIOLATED)
_6535_/A2                               0.750000    1.230775   -0.480775 (VIOLATED)
_6551_/A2                               0.750000    1.230775   -0.480775 (VIOLATED)
_6572_/B1                               0.750000    1.230775   -0.480775 (VIOLATED)
_6591_/A2                               0.750000    1.230775   -0.480775 (VIOLATED)
_6879_/A2                               0.750000    1.230775   -0.480775 (VIOLATED)
_6891_/B1                               0.750000    1.230775   -0.480775 (VIOLATED)
fanout139/X                             0.750000    1.230775   -0.480775 (VIOLATED)
_6641_/A2                               0.750000    1.230074   -0.480074 (VIOLATED)
_6911_/A1                               0.750000    1.230068   -0.480068 (VIOLATED)
_6925_/A1                               0.750000    1.230057   -0.480057 (VIOLATED)
_6659_/A1                               0.750000    1.230049   -0.480049 (VIOLATED)
_6308_/B1                               0.750000    1.230047   -0.480047 (VIOLATED)
_6961_/A1                               0.750000    1.230030   -0.480030 (VIOLATED)
_6895_/A1                               0.750000    1.230018   -0.480018 (VIOLATED)
_6693_/A1                               0.750000    1.230011   -0.480011 (VIOLATED)
_6623_/A1                               0.750000    1.229998   -0.479998 (VIOLATED)
_6675_/A1                               0.750000    1.229967   -0.479967 (VIOLATED)
fanout125/X                             0.750000    1.229967   -0.479967 (VIOLATED)
_6768_/A1                               0.750000    1.229480   -0.479480 (VIOLATED)
_6801_/B2                               0.750000    1.229473   -0.479473 (VIOLATED)
_6866_/A2                               0.750000    1.229471   -0.479471 (VIOLATED)
_6593_/A2_N                             0.750000    1.229459   -0.479459 (VIOLATED)
_6784_/B2                               0.750000    1.229456   -0.479456 (VIOLATED)
_6849_/B2                               0.750000    1.229452   -0.479452 (VIOLATED)
_6511_/A1                               0.750000    1.229430   -0.479430 (VIOLATED)
_6576_/B2                               0.750000    1.229429   -0.479429 (VIOLATED)
_6451_/A1                               0.750000    1.229428   -0.479428 (VIOLATED)
_6372_/B                                0.750000    1.229425   -0.479425 (VIOLATED)
fanout124/X                             0.750000    1.229425   -0.479425 (VIOLATED)
_6811_/A2                               0.750000    1.204781   -0.454781 (VIOLATED)
_6826_/B1                               0.750000    1.204781   -0.454781 (VIOLATED)
_6863_/B1                               0.750000    1.204777   -0.454777 (VIOLATED)
_6843_/A2                               0.750000    1.204776   -0.454776 (VIOLATED)
_6645_/B1                               0.750000    1.204769   -0.454769 (VIOLATED)
_6662_/B1                               0.750000    1.204769   -0.454769 (VIOLATED)
_6913_/B1                               0.750000    1.204769   -0.454769 (VIOLATED)
_6927_/B1                               0.750000    1.204769   -0.454769 (VIOLATED)
fanout137/A                             0.750000    1.204769   -0.454769 (VIOLATED)
fanout138/X                             0.750000    1.204769   -0.454769 (VIOLATED)
_6925_/B2                               0.750000    1.195564   -0.445564 (VIOLATED)
_6960_/A                                0.750000    1.195564   -0.445564 (VIOLATED)
_6865_/A2                               0.750000    1.195563   -0.445563 (VIOLATED)
_6911_/B2                               0.750000    1.195547   -0.445547 (VIOLATED)
fanout126/A                             0.750000    1.195521   -0.445521 (VIOLATED)
_6713_/B2                               0.750000    1.195513   -0.445513 (VIOLATED)
_6482_/A2                               0.750000    1.195461   -0.445461 (VIOLATED)
_6675_/B2                               0.750000    1.195403   -0.445403 (VIOLATED)
_6528_/A                                0.750000    1.195389   -0.445389 (VIOLATED)
_6743_/A1                               0.750000    1.195375   -0.445375 (VIOLATED)
fanout127/X                             0.750000    1.195064   -0.445064 (VIOLATED)
_6605_/B1                               0.750000    1.176973   -0.426973 (VIOLATED)
_6339_/A                                0.750000    1.176972   -0.426972 (VIOLATED)
_6340_/A2                               0.750000    1.176972   -0.426972 (VIOLATED)
_6449_/B1                               0.750000    1.176972   -0.426972 (VIOLATED)
_6469_/B1                               0.750000    1.176972   -0.426972 (VIOLATED)
_6506_/B                                0.750000    1.176972   -0.426972 (VIOLATED)
_6535_/B1                               0.750000    1.176972   -0.426972 (VIOLATED)
_6573_/B1                               0.750000    1.176972   -0.426972 (VIOLATED)
_6591_/B1                               0.750000    1.176972   -0.426972 (VIOLATED)
_6880_/B1                               0.750000    1.176972   -0.426972 (VIOLATED)
fanout129/X                             0.750000    1.176972   -0.426972 (VIOLATED)
_6173_/A                                0.750000    1.145172   -0.395172 (VIOLATED)
_6174_/A                                0.750000    1.145171   -0.395171 (VIOLATED)
_6175_/A                                0.750000    1.145171   -0.395171 (VIOLATED)
_3485_/A                                0.750000    1.145164   -0.395164 (VIOLATED)
_3889_/C                                0.750000    1.145159   -0.395159 (VIOLATED)
_3890_/C                                0.750000    1.145159   -0.395159 (VIOLATED)
_3955_/D                                0.750000    1.145159   -0.395159 (VIOLATED)
_3957_/B1                               0.750000    1.145159   -0.395159 (VIOLATED)
_3990_/B                                0.750000    1.145159   -0.395159 (VIOLATED)
_3993_/B2                               0.750000    1.145159   -0.395159 (VIOLATED)
fanout311/X                             0.750000    1.145159   -0.395159 (VIOLATED)
_6608_/S                                0.750000    1.144248   -0.394248 (VIOLATED)
_6303_/A                                0.750000    1.144248   -0.394248 (VIOLATED)
_6602_/A                                0.750000    1.144247   -0.394247 (VIOLATED)
_6568_/C1                               0.750000    1.144244   -0.394244 (VIOLATED)
_6524_/S                                0.750000    1.144239   -0.394239 (VIOLATED)
_6481_/S1                               0.750000    1.144235   -0.394235 (VIOLATED)
_6577_/S0                               0.750000    1.144235   -0.394235 (VIOLATED)
_6407_/S1                               0.750000    1.144233   -0.394233 (VIOLATED)
_6219_/B                                0.750000    1.144230   -0.394230 (VIOLATED)
_6226_/A2                               0.750000    1.144230   -0.394230 (VIOLATED)
fanout177/X                             0.750000    1.144230   -0.394230 (VIOLATED)
_6590_/B1                               0.750000    1.129695   -0.379695 (VIOLATED)
_6605_/A2                               0.750000    1.129695   -0.379695 (VIOLATED)
_6573_/A2                               0.750000    1.129694   -0.379694 (VIOLATED)
_6551_/B1                               0.750000    1.129692   -0.379692 (VIOLATED)
_6509_/A2                               0.750000    1.129691   -0.379691 (VIOLATED)
_6533_/B1                               0.750000    1.129685   -0.379685 (VIOLATED)
_6334_/B1                               0.750000    1.129684   -0.379684 (VIOLATED)
_6374_/B1                               0.750000    1.129684   -0.379684 (VIOLATED)
_6449_/A2                               0.750000    1.129684   -0.379684 (VIOLATED)
_6469_/A2                               0.750000    1.129684   -0.379684 (VIOLATED)
fanout135/X                             0.750000    1.129684   -0.379684 (VIOLATED)
_6178_/A                                0.750000    1.033794   -0.283794 (VIOLATED)
_6177_/A                                0.750000    1.033792   -0.283793 (VIOLATED)
ANTENNA_7/DIODE                         0.750000    1.033791   -0.283791 (VIOLATED)
_6275_/A_N                              0.750000    1.033791   -0.283791 (VIOLATED)
_4107_/A2                               0.750000    1.033790   -0.283790 (VIOLATED)
_4067_/B                                0.750000    1.033790   -0.283790 (VIOLATED)
_3890_/D                                0.750000    1.033782   -0.283783 (VIOLATED)
_4045_/B1                               0.750000    1.033782   -0.283782 (VIOLATED)
_3889_/D                                0.750000    1.033772   -0.283772 (VIOLATED)
_3956_/B                                0.750000    1.033772   -0.283772 (VIOLATED)
_3959_/A2                               0.750000    1.033772   -0.283772 (VIOLATED)
fanout312/X                             0.750000    1.033772   -0.283772 (VIOLATED)
_5975_/B1                               0.750000    1.027652   -0.277652 (VIOLATED)
_5976_/C                                0.750000    1.027652   -0.277652 (VIOLATED)
_6028_/A2                               0.750000    1.027650   -0.277650 (VIOLATED)
fanout383/A                             0.750000    1.027645   -0.277645 (VIOLATED)
fanout381/A                             0.750000    1.027621   -0.277621 (VIOLATED)
input41/X                               0.750000    1.027598   -0.277598 (VIOLATED)
_6765_/B                                0.750000    1.021658   -0.271658 (VIOLATED)
_6799_/A2                               0.750000    1.021657   -0.271657 (VIOLATED)
_6554_/A                                0.750000    1.021655   -0.271655 (VIOLATED)
_6693_/B2                               0.750000    1.021655   -0.271655 (VIOLATED)
_6895_/B2                               0.750000    1.021652   -0.271652 (VIOLATED)
_6623_/B2                               0.750000    1.021650   -0.271650 (VIOLATED)
_6308_/A1                               0.750000    1.021635   -0.271635 (VIOLATED)
_6659_/B2                               0.750000    1.021634   -0.271634 (VIOLATED)
_6641_/B2                               0.750000    1.021626   -0.271627 (VIOLATED)
_6846_/A2                               0.750000    1.021626   -0.271627 (VIOLATED)
fanout126/X                             0.750000    1.021626   -0.271627 (VIOLATED)
_6415_/A                                0.750000    1.016549   -0.266549 (VIOLATED)
_6437_/S1                               0.750000    1.016549   -0.266549 (VIOLATED)
_6491_/A                                0.750000    1.016549   -0.266549 (VIOLATED)
_6504_/S                                0.750000    1.016549   -0.266549 (VIOLATED)
_6546_/C1                               0.750000    1.016549   -0.266549 (VIOLATED)
_6558_/S0                               0.750000    1.016549   -0.266549 (VIOLATED)
_6585_/S0                               0.750000    1.016549   -0.266549 (VIOLATED)
_6588_/A                                0.750000    1.016549   -0.266549 (VIOLATED)
_6589_/A                                0.750000    1.016549   -0.266549 (VIOLATED)
_6620_/S1                               0.750000    1.016549   -0.266549 (VIOLATED)
fanout178/X                             0.750000    1.016549   -0.266549 (VIOLATED)
_3530_/A                                0.750000    1.012190   -0.262190 (VIOLATED)
_3533_/A1                               0.750000    1.012188   -0.262188 (VIOLATED)
_6975_/A1                               0.750000    1.012187   -0.262187 (VIOLATED)
_6958_/A0                               0.750000    1.012186   -0.262186 (VIOLATED)
_6316_/A2                               0.750000    1.012185   -0.262185 (VIOLATED)
_6492_/A2                               0.750000    1.012185   -0.262185 (VIOLATED)
_3868_/A                                0.750000    1.012182   -0.262182 (VIOLATED)
_5967_/A1                               0.750000    1.012175   -0.262176 (VIOLATED)
_3502_/A                                0.750000    1.012161   -0.262161 (VIOLATED)
_5955_/A2                               0.750000    1.012161   -0.262161 (VIOLATED)
fanout591/X                             0.750000    1.012161   -0.262161 (VIOLATED)
_6416_/A0                               0.750000    0.996433   -0.246433 (VIOLATED)
_6310_/A2                               0.750000    0.996433   -0.246433 (VIOLATED)
_6489_/A2                               0.750000    0.996433   -0.246433 (VIOLATED)
fanout610/A                             0.750000    0.996430   -0.246430 (VIOLATED)
_3854_/A                                0.750000    0.996425   -0.246425 (VIOLATED)
_5945_/A1                               0.750000    0.996423   -0.246423 (VIOLATED)
_5948_/B                                0.750000    0.996422   -0.246422 (VIOLATED)
_6185_/B                                0.750000    0.996422   -0.246422 (VIOLATED)
_6187_/B                                0.750000    0.996422   -0.246422 (VIOLATED)
_6394_/A1                               0.750000    0.996422   -0.246422 (VIOLATED)
fanout611/X                             0.750000    0.996422   -0.246422 (VIOLATED)
fanout456/A                             0.750000    0.974643   -0.224643 (VIOLATED)
fanout468/A                             0.750000    0.974630   -0.224630 (VIOLATED)
_6938_/S0                               0.750000    0.974625   -0.224625 (VIOLATED)
fanout463/A                             0.750000    0.974622   -0.224622 (VIOLATED)
input33/X                               0.750000    0.974607   -0.224607 (VIOLATED)
_6762_/A2                               0.750000    0.970963   -0.220963 (VIOLATED)
_6696_/A2                               0.750000    0.970961   -0.220961 (VIOLATED)
_6717_/B                                0.750000    0.970961   -0.220961 (VIOLATED)
_6733_/A2                               0.750000    0.970959   -0.220959 (VIOLATED)
_6679_/A2                               0.750000    0.970955   -0.220955 (VIOLATED)
_6662_/A2                               0.750000    0.970946   -0.220946 (VIOLATED)
_6645_/A2                               0.750000    0.970941   -0.220941 (VIOLATED)
_6629_/A2                               0.750000    0.970939   -0.220939 (VIOLATED)
_6445_/A2                               0.750000    0.970930   -0.220930 (VIOLATED)
_6508_/A2                               0.750000    0.970930   -0.220930 (VIOLATED)
fanout141/X                             0.750000    0.970930   -0.220930 (VIOLATED)
_6975_/A3                               0.750000    0.955745   -0.205745 (VIOLATED)
_3869_/C                                0.750000    0.955745   -0.205745 (VIOLATED)
_6928_/A1                               0.750000    0.955745   -0.205745 (VIOLATED)
_6173_/B                                0.750000    0.955744   -0.205744 (VIOLATED)
_6175_/B                                0.750000    0.955742   -0.205742 (VIOLATED)
_6174_/B                                0.750000    0.955741   -0.205741 (VIOLATED)
_5957_/A2                               0.750000    0.955739   -0.205739 (VIOLATED)
_5958_/B                                0.750000    0.955739   -0.205739 (VIOLATED)
_6282_/A2                               0.750000    0.955739   -0.205739 (VIOLATED)
_6395_/A1                               0.750000    0.955739   -0.205739 (VIOLATED)
fanout595/X                             0.750000    0.955739   -0.205739 (VIOLATED)
_6876_/A1                               0.750000    0.953555   -0.203555 (VIOLATED)
_6909_/A3                               0.750000    0.953551   -0.203551 (VIOLATED)
_6413_/A2                               0.750000    0.953549   -0.203549 (VIOLATED)
fanout617/A                             0.750000    0.953525   -0.203525 (VIOLATED)
_6586_/A                                0.750000    0.953508   -0.203508 (VIOLATED)
_6510_/B2                               0.750000    0.953507   -0.203507 (VIOLATED)
_6559_/B2                               0.750000    0.953506   -0.203506 (VIOLATED)
_6438_/A                                0.750000    0.953506   -0.203506 (VIOLATED)
_6751_/A1                               0.750000    0.953505   -0.203505 (VIOLATED)
_6771_/A1                               0.750000    0.953505   -0.203505 (VIOLATED)
_6579_/B2                               0.750000    0.953489   -0.203489 (VIOLATED)
_6370_/B                                0.750000    0.953488   -0.203488 (VIOLATED)
_6538_/B2                               0.750000    0.953488   -0.203488 (VIOLATED)
_6610_/B2                               0.750000    0.953488   -0.203488 (VIOLATED)
fanout122/X                             0.750000    0.953488   -0.203488 (VIOLATED)
fanout616/A                             0.750000    0.953243   -0.203243 (VIOLATED)
input16/X                               0.750000    0.953234   -0.203234 (VIOLATED)
_3999_/B2                               0.750000    0.943369   -0.193369 (VIOLATED)
_4345_/A1                               0.750000    0.943306   -0.193306 (VIOLATED)
_4088_/B                                0.750000    0.943304   -0.193304 (VIOLATED)
fanout669/X                             0.750000    0.943291   -0.193291 (VIOLATED)
load_slew670/A                          0.750000    0.943291   -0.193291 (VIOLATED)
_4593_/B                                0.750000    0.937439   -0.187439 (VIOLATED)
_4594_/A1                               0.750000    0.937438   -0.187439 (VIOLATED)
_4599_/B2                               0.750000    0.937431   -0.187431 (VIOLATED)
_4457_/A                                0.750000    0.937429   -0.187429 (VIOLATED)
_4336_/B2                               0.750000    0.937424   -0.187424 (VIOLATED)
_4212_/A1                               0.750000    0.937424   -0.187424 (VIOLATED)
_4334_/A                                0.750000    0.937421   -0.187421 (VIOLATED)
_4211_/B                                0.750000    0.937420   -0.187420 (VIOLATED)
_4088_/A                                0.750000    0.937407   -0.187407 (VIOLATED)
_4345_/B2                               0.750000    0.937407   -0.187407 (VIOLATED)
fanout647/X                             0.750000    0.937407   -0.187407 (VIOLATED)
_6096_/A                                0.750000    0.931614   -0.181614 (VIOLATED)
_6097_/A                                0.750000    0.931612   -0.181612 (VIOLATED)
_6098_/A                                0.750000    0.931612   -0.181612 (VIOLATED)
_3577_/B                                0.750000    0.931568   -0.181568 (VIOLATED)
_3603_/A2                               0.750000    0.931568   -0.181568 (VIOLATED)
fanout383/X                             0.750000    0.931568   -0.181568 (VIOLATED)
load_slew384/A                          0.750000    0.931568   -0.181568 (VIOLATED)
_6982_/A2                               0.750000    0.931078   -0.181078 (VIOLATED)
_6968_/A1                               0.750000    0.931076   -0.181076 (VIOLATED)
_6948_/B2                               0.750000    0.931066   -0.181066 (VIOLATED)
_6581_/A2                               0.750000    0.931042   -0.181042 (VIOLATED)
_6582_/B1                               0.750000    0.931042   -0.181042 (VIOLATED)
fanout149/X                             0.750000    0.931042   -0.181042 (VIOLATED)
_5976_/B                                0.750000    0.931001   -0.181001 (VIOLATED)
fanout517/A                             0.750000    0.930975   -0.180975 (VIOLATED)
_4265_/B2                               0.750000    0.930958   -0.180958 (VIOLATED)
_4263_/B                                0.750000    0.930957   -0.180957 (VIOLATED)
_4148_/A1                               0.750000    0.930956   -0.180956 (VIOLATED)
fanout515/A                             0.750000    0.930950   -0.180950 (VIOLATED)
fanout519/X                             0.750000    0.930950   -0.180950 (VIOLATED)
_6781_/A2                               0.750000    0.915255   -0.165255 (VIOLATED)
_6763_/A2                               0.750000    0.915253   -0.165253 (VIOLATED)
_6749_/B1                               0.750000    0.915251   -0.165251 (VIOLATED)
_6719_/A2                               0.750000    0.915249   -0.165249 (VIOLATED)
_6732_/B1                               0.750000    0.915244   -0.165244 (VIOLATED)
_6697_/A2                               0.750000    0.915243   -0.165243 (VIOLATED)
_6663_/A2                               0.750000    0.915234   -0.165234 (VIOLATED)
_6646_/A2                               0.750000    0.915226   -0.165226 (VIOLATED)
_6630_/A2                               0.750000    0.915224   -0.165224 (VIOLATED)
_6681_/A2                               0.750000    0.915224   -0.165224 (VIOLATED)
fanout133/X                             0.750000    0.915224   -0.165224 (VIOLATED)
_6810_/B1                               0.750000    0.913928   -0.163928 (VIOLATED)
_6798_/A2                               0.750000    0.913927   -0.163927 (VIOLATED)
_6781_/B1                               0.750000    0.913922   -0.163922 (VIOLATED)
_6763_/B1                               0.750000    0.913919   -0.163919 (VIOLATED)
_6750_/A2                               0.750000    0.913916   -0.163916 (VIOLATED)
_6718_/B1                               0.750000    0.913911   -0.163911 (VIOLATED)
_6733_/B1                               0.750000    0.913905   -0.163905 (VIOLATED)
_6697_/B1                               0.750000    0.913903   -0.163903 (VIOLATED)
_6646_/B1                               0.750000    0.913902   -0.163902 (VIOLATED)
_6664_/A3                               0.750000    0.913902   -0.163902 (VIOLATED)
fanout128/X                             0.750000    0.913902   -0.163902 (VIOLATED)
_3850_/B                                0.750000    0.908554   -0.158554 (VIOLATED)
_3852_/B1                               0.750000    0.908550   -0.158550 (VIOLATED)
_3851_/C                                0.750000    0.908549   -0.158549 (VIOLATED)
_6909_/A2                               0.750000    0.908548   -0.158548 (VIOLATED)
_6876_/A0                               0.750000    0.908547   -0.158547 (VIOLATED)
_6276_/C_N                              0.750000    0.908530   -0.158530 (VIOLATED)
_6899_/A2                               0.750000    0.908529   -0.158529 (VIOLATED)
_6394_/A0                               0.750000    0.908512   -0.158512 (VIOLATED)
_6181_/B                                0.750000    0.908508   -0.158508 (VIOLATED)
_6182_/B                                0.750000    0.908508   -0.158508 (VIOLATED)
fanout613/X                             0.750000    0.908508   -0.158508 (VIOLATED)
_5981_/C                                0.750000    0.900766   -0.150766 (VIOLATED)
_5980_/B1                               0.750000    0.900764   -0.150764 (VIOLATED)
fanout336/A                             0.750000    0.900695   -0.150695 (VIOLATED)
fanout333/A                             0.750000    0.900648   -0.150648 (VIOLATED)
fanout335/A                             0.750000    0.900647   -0.150647 (VIOLATED)
input46/X                               0.750000    0.900641   -0.150641 (VIOLATED)
_6963_/B1                               0.750000    0.892629   -0.142629 (VIOLATED)
_6941_/A2                               0.750000    0.892629   -0.142629 (VIOLATED)
_6978_/A2                               0.750000    0.892627   -0.142627 (VIOLATED)
fanout138/A                             0.750000    0.892623   -0.142623 (VIOLATED)
fanout139/A                             0.750000    0.892623   -0.142623 (VIOLATED)
fanout140/X                             0.750000    0.892623   -0.142623 (VIOLATED)
_4176_/A                                0.750000    0.891292   -0.141292 (VIOLATED)
_4447_/A1                               0.750000    0.891291   -0.141291 (VIOLATED)
_3528_/A                                0.750000    0.891289   -0.141289 (VIOLATED)
_3766_/A1                               0.750000    0.891288   -0.141288 (VIOLATED)
_3506_/A                                0.750000    0.891287   -0.141287 (VIOLATED)
_3870_/B1                               0.750000    0.891287   -0.141287 (VIOLATED)
_3874_/A1                               0.750000    0.891287   -0.141287 (VIOLATED)
_6310_/A0                               0.750000    0.891287   -0.141287 (VIOLATED)
_6416_/A2                               0.750000    0.891287   -0.141287 (VIOLATED)
_6492_/A0                               0.750000    0.891287   -0.141287 (VIOLATED)
fanout594/X                             0.750000    0.891287   -0.141287 (VIOLATED)
_6416_/A1                               0.750000    0.886347   -0.136347 (VIOLATED)
_3870_/A1                               0.750000    0.886346   -0.136346 (VIOLATED)
_6909_/A0                               0.750000    0.886346   -0.136346 (VIOLATED)
_3869_/A                                0.750000    0.886346   -0.136346 (VIOLATED)
_6395_/A0                               0.750000    0.886345   -0.136345 (VIOLATED)
_6178_/B                                0.750000    0.886345   -0.136345 (VIOLATED)
_5947_/B                                0.750000    0.886344   -0.136344 (VIOLATED)
_6177_/B                                0.750000    0.886344   -0.136344 (VIOLATED)
_6275_/B                                0.750000    0.886344   -0.136344 (VIOLATED)
_6914_/A1                               0.750000    0.886344   -0.136344 (VIOLATED)
fanout608/X                             0.750000    0.886344   -0.136344 (VIOLATED)
_6305_/A1                               0.750000    0.858473   -0.108473 (VIOLATED)
_3997_/A                                0.750000    0.858454   -0.108454 (VIOLATED)
_3999_/A2                               0.750000    0.858454   -0.108454 (VIOLATED)
_4003_/B                                0.750000    0.858454   -0.108454 (VIOLATED)
fanout645/A                             0.750000    0.858454   -0.108454 (VIOLATED)
fanout646/X                             0.750000    0.858454   -0.108454 (VIOLATED)
_6305_/A2                               0.750000    0.856587   -0.106587 (VIOLATED)
_4003_/A                                0.750000    0.856553   -0.106553 (VIOLATED)
_6004_/B                                0.750000    0.856553   -0.106553 (VIOLATED)
_6005_/A0                               0.750000    0.856553   -0.106553 (VIOLATED)
fanout586/A                             0.750000    0.856553   -0.106553 (VIOLATED)
fanout588/X                             0.750000    0.856553   -0.106553 (VIOLATED)
_6202_/Y                                0.750000    0.853930   -0.103930 (VIOLATED)
max_cap163/A                            0.750000    0.853930   -0.103930 (VIOLATED)
wire162/A                               0.750000    0.853930   -0.103930 (VIOLATED)
_3977_/C                                0.750000    0.852848   -0.102848 (VIOLATED)
_3978_/B1                               0.750000    0.852848   -0.102848 (VIOLATED)
_5983_/B                                0.750000    0.852846   -0.102846 (VIOLATED)
_5982_/A2                               0.750000    0.852844   -0.102844 (VIOLATED)
_3908_/A                                0.750000    0.852842   -0.102842 (VIOLATED)
_3920_/A1                               0.750000    0.852842   -0.102842 (VIOLATED)
_3593_/A                                0.750000    0.852832   -0.102832 (VIOLATED)
_3594_/A1                               0.750000    0.852830   -0.102830 (VIOLATED)
_3585_/B                                0.750000    0.852827   -0.102827 (VIOLATED)
_3587_/B2                               0.750000    0.852827   -0.102827 (VIOLATED)
fanout397/X                             0.750000    0.852827   -0.102827 (VIOLATED)
_6224_/B                                0.750000    0.852811   -0.102811 (VIOLATED)
_6362_/S1                               0.750000    0.852809   -0.102809 (VIOLATED)
_6354_/B                                0.750000    0.852807   -0.102807 (VIOLATED)
_6482_/A1                               0.750000    0.852804   -0.102804 (VIOLATED)
_6577_/S1                               0.750000    0.852802   -0.102802 (VIOLATED)
_6523_/S                                0.750000    0.852802   -0.102802 (VIOLATED)
_6521_/A                                0.750000    0.852801   -0.102801 (VIOLATED)
_6569_/A                                0.750000    0.852798   -0.102798 (VIOLATED)
_6457_/A                                0.750000    0.852561   -0.102561 (VIOLATED)
_6568_/A1                               0.750000    0.852561   -0.102561 (VIOLATED)
fanout171/X                             0.750000    0.852561   -0.102561 (VIOLATED)
_3848_/A1                               0.750000    0.848988   -0.098988 (VIOLATED)
fanout612/A                             0.750000    0.848987   -0.098987 (VIOLATED)
_6310_/A3                               0.750000    0.848978   -0.098978 (VIOLATED)
_6489_/A1                               0.750000    0.848971   -0.098971 (VIOLATED)
_6413_/A3                               0.750000    0.848968   -0.098968 (VIOLATED)
_6879_/B2                               0.750000    0.848949   -0.098949 (VIOLATED)
fanout613/A                             0.750000    0.848948   -0.098948 (VIOLATED)
fanout614/X                             0.750000    0.848948   -0.098948 (VIOLATED)
_6797_/A2                               0.750000    0.837917   -0.087917 (VIOLATED)
_6780_/B1                               0.750000    0.837916   -0.087916 (VIOLATED)
_6762_/B1                               0.750000    0.837915   -0.087915 (VIOLATED)
_6749_/A2                               0.750000    0.837913   -0.087913 (VIOLATED)
_6718_/A2                               0.750000    0.837910   -0.087910 (VIOLATED)
_6696_/B1                               0.750000    0.837909   -0.087909 (VIOLATED)
_6732_/A2                               0.750000    0.837905   -0.087905 (VIOLATED)
_6679_/B1                               0.750000    0.837903   -0.087903 (VIOLATED)
_6604_/B1                               0.750000    0.837899   -0.087899 (VIOLATED)
_6629_/B1                               0.750000    0.837899   -0.087899 (VIOLATED)
fanout137/X                             0.750000    0.837899   -0.087899 (VIOLATED)
_6673_/A0                               0.750000    0.828020   -0.078020 (VIOLATED)
_6711_/A2                               0.750000    0.828013   -0.078013 (VIOLATED)
load_slew399/A                          0.750000    0.828004   -0.078004 (VIOLATED)
fanout397/A                             0.750000    0.827981   -0.077981 (VIOLATED)
fanout398/X                             0.750000    0.827981   -0.077981 (VIOLATED)
_3828_/A                                0.750000    0.826523   -0.076523 (VIOLATED)
_3934_/B1                               0.750000    0.826522   -0.076522 (VIOLATED)
_3933_/C                                0.750000    0.826522   -0.076522 (VIOLATED)
_3829_/A                                0.750000    0.826520   -0.076520 (VIOLATED)
_6018_/A2                               0.750000    0.826520   -0.076520 (VIOLATED)
_6019_/B                                0.750000    0.826519   -0.076519 (VIOLATED)
_3616_/A1                               0.750000    0.826509   -0.076509 (VIOLATED)
_3615_/A                                0.750000    0.826506   -0.076506 (VIOLATED)
_3655_/B                                0.750000    0.826505   -0.076505 (VIOLATED)
_3656_/B2                               0.750000    0.826505   -0.076505 (VIOLATED)
fanout657/X                             0.750000    0.826505   -0.076505 (VIOLATED)
_3976_/A                                0.750000    0.813283   -0.063283 (VIOLATED)
_5983_/D                                0.750000    0.813282   -0.063282 (VIOLATED)
_6028_/A1                               0.750000    0.813282   -0.063282 (VIOLATED)
_5982_/B2                               0.750000    0.813281   -0.063281 (VIOLATED)
_3815_/A1                               0.750000    0.813275   -0.063275 (VIOLATED)
_3814_/A                                0.750000    0.813272   -0.063272 (VIOLATED)
_3593_/B                                0.750000    0.813261   -0.063261 (VIOLATED)
_3594_/B2                               0.750000    0.813259   -0.063259 (VIOLATED)
_3588_/A                                0.750000    0.813257   -0.063257 (VIOLATED)
_3604_/A1                               0.750000    0.813257   -0.063257 (VIOLATED)
fanout321/X                             0.750000    0.813257   -0.063257 (VIOLATED)
_4659_/A                                0.750000    0.810860   -0.060860 (VIOLATED)
_4809_/A1                               0.750000    0.810859   -0.060859 (VIOLATED)
_4519_/B2                               0.750000    0.810858   -0.060858 (VIOLATED)
_4517_/B                                0.750000    0.810857   -0.060857 (VIOLATED)
_3739_/A                                0.750000    0.810856   -0.060856 (VIOLATED)
_3740_/A1                               0.750000    0.810856   -0.060856 (VIOLATED)
_4147_/B                                0.750000    0.810856   -0.060856 (VIOLATED)
_4148_/B2                               0.750000    0.810856   -0.060856 (VIOLATED)
_4399_/A                                0.750000    0.810856   -0.060856 (VIOLATED)
_4401_/A1                               0.750000    0.810856   -0.060856 (VIOLATED)
fanout394/X                             0.750000    0.810856   -0.060856 (VIOLATED)
_4570_/A                                0.750000    0.801988   -0.051989 (VIOLATED)
_4572_/A1                               0.750000    0.801988   -0.051988 (VIOLATED)
_4581_/B2                               0.750000    0.801987   -0.051987 (VIOLATED)
_4579_/B                                0.750000    0.801986   -0.051986 (VIOLATED)
_4788_/A1                               0.750000    0.801984   -0.051984 (VIOLATED)
_4785_/A                                0.750000    0.801981   -0.051981 (VIOLATED)
_4987_/A1                               0.750000    0.801974   -0.051974 (VIOLATED)
_4985_/A                                0.750000    0.801973   -0.051973 (VIOLATED)
_5149_/A                                0.750000    0.801973   -0.051973 (VIOLATED)
_5162_/A                                0.750000    0.801973   -0.051973 (VIOLATED)
fanout181/X                             0.750000    0.801973   -0.051973 (VIOLATED)
_5957_/B2                               0.750000    0.801496   -0.051496 (VIOLATED)
_5958_/D                                0.750000    0.801496   -0.051496 (VIOLATED)
_6072_/B                                0.750000    0.801496   -0.051496 (VIOLATED)
_6073_/B                                0.750000    0.801496   -0.051496 (VIOLATED)
_6205_/A                                0.750000    0.801496   -0.051496 (VIOLATED)
_6397_/A0                               0.750000    0.801496   -0.051496 (VIOLATED)
_6938_/A0                               0.750000    0.801496   -0.051496 (VIOLATED)
_6942_/A1                               0.750000    0.801496   -0.051496 (VIOLATED)
_6956_/A2                               0.750000    0.801496   -0.051496 (VIOLATED)
fanout593/X                             0.750000    0.801496   -0.051496 (VIOLATED)
_6734_/S                                0.750000    0.795462   -0.045463 (VIOLATED)
_6701_/B1                               0.750000    0.795461   -0.045462 (VIOLATED)
_6915_/A1                               0.750000    0.795459   -0.045459 (VIOLATED)
_6980_/A1                               0.750000    0.795459   -0.045459 (VIOLATED)
_6366_/A                                0.750000    0.795459   -0.045459 (VIOLATED)
_6764_/A                                0.750000    0.795459   -0.045459 (VIOLATED)
fanout180/X                             0.750000    0.795459   -0.045459 (VIOLATED)
_3933_/D                                0.750000    0.794635   -0.044635 (VIOLATED)
_3934_/B2                               0.750000    0.794635   -0.044635 (VIOLATED)
_3825_/D                                0.750000    0.794634   -0.044634 (VIOLATED)
_3826_/B1                               0.750000    0.794633   -0.044633 (VIOLATED)
_3620_/B1                               0.750000    0.794632   -0.044632 (VIOLATED)
_3619_/D                                0.750000    0.794631   -0.044631 (VIOLATED)
_3626_/D                                0.750000    0.794627   -0.044627 (VIOLATED)
_3627_/B1                               0.750000    0.794627   -0.044627 (VIOLATED)
_3664_/D                                0.750000    0.794627   -0.044627 (VIOLATED)
_3665_/B1                               0.750000    0.794627   -0.044627 (VIOLATED)
fanout429/X                             0.750000    0.794627   -0.044627 (VIOLATED)
_6277_/A1                               0.750000    0.792028   -0.042028 (VIOLATED)
_6187_/A                                0.750000    0.792024   -0.042024 (VIOLATED)
_6185_/A                                0.750000    0.792024   -0.042024 (VIOLATED)
_4010_/A                                0.750000    0.792011   -0.042011 (VIOLATED)
_4012_/A2                               0.750000    0.792006   -0.042006 (VIOLATED)
_4011_/B                                0.750000    0.792006   -0.042006 (VIOLATED)
fanout314/A                             0.750000    0.792004   -0.042004 (VIOLATED)
input50/X                               0.750000    0.792004   -0.042004 (VIOLATED)
_4290_/A                                0.750000    0.782938   -0.032938 (VIOLATED)
_4177_/A1                               0.750000    0.782936   -0.032936 (VIOLATED)
_3776_/A                                0.750000    0.782936   -0.032936 (VIOLATED)
_3507_/B                                0.750000    0.782934   -0.032934 (VIOLATED)
_3508_/B2                               0.750000    0.782934   -0.032934 (VIOLATED)
_3512_/A                                0.750000    0.782934   -0.032934 (VIOLATED)
_3515_/A1                               0.750000    0.782934   -0.032934 (VIOLATED)
_6310_/A1                               0.750000    0.782934   -0.032934 (VIOLATED)
_6489_/A3                               0.750000    0.782934   -0.032934 (VIOLATED)
_6958_/A3                               0.750000    0.782934   -0.032934 (VIOLATED)
fanout609/X                             0.750000    0.782934   -0.032934 (VIOLATED)
_6744_/A2                               0.750000    0.782791   -0.032791 (VIOLATED)
_6359_/A0                               0.750000    0.782789   -0.032789 (VIOLATED)
_6148_/A                                0.750000    0.782780   -0.032780 (VIOLATED)
_6244_/B                                0.750000    0.782780   -0.032780 (VIOLATED)
_6429_/A1                               0.750000    0.782780   -0.032780 (VIOLATED)
_6719_/A1                               0.750000    0.782780   -0.032780 (VIOLATED)
fanout257/X                             0.750000    0.782780   -0.032780 (VIOLATED)
load_slew258/A                          0.750000    0.782780   -0.032780 (VIOLATED)
_5992_/A                                0.750000    0.779812   -0.029812 (VIOLATED)
_5999_/A2                               0.750000    0.779811   -0.029811 (VIOLATED)
_4014_/B                                0.750000    0.779810   -0.029810 (VIOLATED)
_3960_/B                                0.750000    0.779804   -0.029804 (VIOLATED)
_3891_/B                                0.750000    0.779804   -0.029804 (VIOLATED)
_3898_/A2                               0.750000    0.779791   -0.029791 (VIOLATED)
_4089_/A2_N                             0.750000    0.779784   -0.029784 (VIOLATED)
fanout327/X                             0.750000    0.779784   -0.029784 (VIOLATED)
_4551_/A                                0.750000    0.777577   -0.027577 (VIOLATED)
_4300_/A                                0.750000    0.777575   -0.027575 (VIOLATED)
_3772_/C                                0.750000    0.777573   -0.027573 (VIOLATED)
_4179_/A1_N                             0.750000    0.777572   -0.027572 (VIOLATED)
_3523_/B2                               0.750000    0.777571   -0.027571 (VIOLATED)
_4534_/A                                0.750000    0.777571   -0.027571 (VIOLATED)
_3522_/B                                0.750000    0.777569   -0.027569 (VIOLATED)
_3511_/A                                0.750000    0.777566   -0.027566 (VIOLATED)
_3513_/A1                               0.750000    0.777566   -0.027566 (VIOLATED)
_3695_/A                                0.750000    0.777566   -0.027566 (VIOLATED)
fanout612/X                             0.750000    0.777566   -0.027566 (VIOLATED)
_6782_/A1                               0.750000    0.773084   -0.023084 (VIOLATED)
_3934_/A1                               0.750000    0.773082   -0.023082 (VIOLATED)
_3933_/A                                0.750000    0.773082   -0.023082 (VIOLATED)
_3825_/B                                0.750000    0.773082   -0.023082 (VIOLATED)
_6024_/B                                0.750000    0.773082   -0.023082 (VIOLATED)
_3826_/B2                               0.750000    0.773081   -0.023081 (VIOLATED)
_3656_/A1                               0.750000    0.773078   -0.023078 (VIOLATED)
fanout186/X                             0.750000    0.773078   -0.023078 (VIOLATED)
fanout658/A                             0.750000    0.772364   -0.022364 (VIOLATED)
fanout654/A                             0.750000    0.772363   -0.022363 (VIOLATED)
fanout656/A                             0.750000    0.772320   -0.022320 (VIOLATED)
input10/X                               0.750000    0.772315   -0.022315 (VIOLATED)
_3765_/A                                0.750000    0.771270   -0.021270 (VIOLATED)
_3519_/A1                               0.750000    0.771269   -0.021269 (VIOLATED)
_3518_/A                                0.750000    0.771269   -0.021269 (VIOLATED)
_6958_/A1                               0.750000    0.771266   -0.021266 (VIOLATED)
_3872_/A                                0.750000    0.771265   -0.021265 (VIOLATED)
_5953_/A1                               0.750000    0.771265   -0.021265 (VIOLATED)
_6316_/A3                               0.750000    0.771265   -0.021265 (VIOLATED)
_6416_/A3                               0.750000    0.771265   -0.021265 (VIOLATED)
_6492_/A1                               0.750000    0.771265   -0.021265 (VIOLATED)
_6975_/A2                               0.750000    0.771265   -0.021265 (VIOLATED)
fanout592/X                             0.750000    0.771265   -0.021265 (VIOLATED)
_6773_/Y                                0.750000    0.770014   -0.020014 (VIOLATED)
_6984_/A                                0.750000    0.770014   -0.020014 (VIOLATED)
output79/A                              0.750000    0.770014   -0.020014 (VIOLATED)
_3936_/B                                0.750000    0.768744   -0.018744 (VIOLATED)
_6014_/A                                0.750000    0.768744   -0.018744 (VIOLATED)
_6013_/A1                               0.750000    0.768743   -0.018743 (VIOLATED)
_3829_/B                                0.750000    0.768740   -0.018740 (VIOLATED)
_3828_/B                                0.750000    0.768735   -0.018735 (VIOLATED)
_3622_/B                                0.750000    0.768728   -0.018728 (VIOLATED)
_3660_/A2_N                             0.750000    0.768712   -0.018712 (VIOLATED)
_3628_/D                                0.750000    0.768706   -0.018706 (VIOLATED)
_3666_/B                                0.750000    0.768693   -0.018693 (VIOLATED)
_3735_/A2                               0.750000    0.768693   -0.018693 (VIOLATED)
fanout435/X                             0.750000    0.768693   -0.018693 (VIOLATED)
_4149_/A                                0.750000    0.768486   -0.018486 (VIOLATED)
_4261_/A1                               0.750000    0.768486   -0.018486 (VIOLATED)
_3739_/B                                0.750000    0.768485   -0.018485 (VIOLATED)
_3740_/B2                               0.750000    0.768483   -0.018483 (VIOLATED)
_4275_/A1                               0.750000    0.768476   -0.018476 (VIOLATED)
_4273_/A                                0.750000    0.768472   -0.018472 (VIOLATED)
_4399_/B                                0.750000    0.768471   -0.018471 (VIOLATED)
_4401_/B2                               0.750000    0.768471   -0.018471 (VIOLATED)
_4518_/A                                0.750000    0.768471   -0.018471 (VIOLATED)
_4521_/A1                               0.750000    0.768471   -0.018471 (VIOLATED)
fanout318/X                             0.750000    0.768471   -0.018471 (VIOLATED)
_5981_/A                                0.750000    0.763207   -0.013207 (VIOLATED)
_5980_/A1                               0.750000    0.763207   -0.013207 (VIOLATED)
_6078_/A                                0.750000    0.763198   -0.013198 (VIOLATED)
_6079_/A                                0.750000    0.763197   -0.013197 (VIOLATED)
fanout328/A                             0.750000    0.763191   -0.013191 (VIOLATED)
fanout330/X                             0.750000    0.763189   -0.013189 (VIOLATED)
_3776_/B                                0.750000    0.757477   -0.007477 (VIOLATED)
_3766_/A2                               0.750000    0.757477   -0.007477 (VIOLATED)
_3528_/B                                0.750000    0.757476   -0.007476 (VIOLATED)
_3518_/B                                0.750000    0.757475   -0.007475 (VIOLATED)
_3519_/A2                               0.750000    0.757474   -0.007474 (VIOLATED)
_6301_/S1                               0.750000    0.757473   -0.007473 (VIOLATED)
_6306_/S1                               0.750000    0.757473   -0.007473 (VIOLATED)
_6321_/S                                0.750000    0.757473   -0.007473 (VIOLATED)
_6893_/S                                0.750000    0.757473   -0.007473 (VIOLATED)
_6958_/S1                               0.750000    0.757473   -0.007473 (VIOLATED)
fanout352/X                             0.750000    0.757473   -0.007473 (VIOLATED)
_6409_/S                                0.750000    0.754657   -0.004657 (VIOLATED)
_6426_/S                                0.750000    0.754657   -0.004657 (VIOLATED)
_6429_/S                                0.750000    0.754657   -0.004657 (VIOLATED)
_6430_/A2                               0.750000    0.754657   -0.004657 (VIOLATED)
_6433_/S                                0.750000    0.754657   -0.004657 (VIOLATED)
_6435_/S                                0.750000    0.754657   -0.004657 (VIOLATED)
_6552_/S0                               0.750000    0.754657   -0.004657 (VIOLATED)
fanout446/X                             0.750000    0.754657   -0.004657 (VIOLATED)

max fanout

Pin                                   Limit Fanout  Slack
---------------------------------------------------------
fanout312/X                              10     11        (VIOLATED)

max capacitance

Pin                                        Limit         Cap       Slack
------------------------------------------------------------------------
fanout147/X                             0.094309    0.106302   -0.011993 (VIOLATED)
fanout157/X                             0.094309    0.103478   -0.009169 (VIOLATED)



===========================================================================
report_parasitic_annotation -report_unannotated
============================================================================
Found 0 unannotated drivers.
Found 0 partially unannotated drivers.

===========================================================================
max slew violation count 661
max fanout violation count 1
max cap violation count 2
============================================================================

===========================================================================
check_setup -verbose -unconstrained_endpoints -multiple_clock -no_clock -no_input_delay -loops -generated_clocks
===========================================================================
