
===========================================================================
report_checks -unconstrained
===========================================================================
======================= Typical Corner ===================================

Startpoint: B[7] (input port clocked by __VIRTUAL_CLK__)
Endpoint: zero (output port clocked by __VIRTUAL_CLK__)
Path Group: __VIRTUAL_CLK__
Path Type: max

Fanout     Cap    Slew   Delay    Time   Description
-----------------------------------------------------------------------------
                  0.00    0.00    0.00   clock __VIRTUAL_CLK__ (rise edge)
                          0.00    0.00   clock network delay (ideal)
                          5.00    5.00 v input external delay
     1    0.00    0.01    0.01    5.01 v B[7] (in)
                                         B[7] (net)
                  0.01    0.00    5.01 v input60/A (sky130_fd_sc_hd__clkbuf_2)
     7    0.02    0.09    0.15    5.16 v input60/X (sky130_fd_sc_hd__clkbuf_2)
                                         net60 (net)
                  0.09    0.00    5.16 v _4054_/A (sky130_fd_sc_hd__buf_4)
    10    0.05    0.07    0.21    5.37 v _4054_/X (sky130_fd_sc_hd__buf_4)
                                         _2342_ (net)
                  0.07    0.00    5.37 v _5688_/B2 (sky130_fd_sc_hd__a22oi_1)
     2    0.01    0.24    0.25    5.62 ^ _5688_/Y (sky130_fd_sc_hd__a22oi_1)
                                         _1030_ (net)
                  0.24    0.00    5.62 ^ _5689_/B (sky130_fd_sc_hd__nor2_2)
     1    0.01    0.06    0.08    5.70 v _5689_/Y (sky130_fd_sc_hd__nor2_2)
                                         _1032_ (net)
                  0.06    0.00    5.70 v _5690_/B (sky130_fd_sc_hd__xnor2_2)
     2    0.01    0.08    0.16    5.86 v _5690_/Y (sky130_fd_sc_hd__xnor2_2)
                                         _1033_ (net)
                  0.08    0.00    5.86 v _5691_/A (sky130_fd_sc_hd__xnor2_2)
     2    0.01    0.19    0.23    6.09 ^ _5691_/Y (sky130_fd_sc_hd__xnor2_2)
                                         _1034_ (net)
                  0.19    0.00    6.09 ^ _5789_/B_N (sky130_fd_sc_hd__or2b_4)
     2    0.01    0.05    0.31    6.41 v _5789_/X (sky130_fd_sc_hd__or2b_4)
                                         _1141_ (net)
                  0.05    0.00    6.41 v _5802_/A2 (sky130_fd_sc_hd__a21o_2)
     5    0.02    0.08    0.27    6.68 v _5802_/X (sky130_fd_sc_hd__a21o_2)
                                         _1155_ (net)
                  0.08    0.00    6.68 v _5804_/B1 (sky130_fd_sc_hd__o211a_1)
     3    0.01    0.07    0.18    6.87 v _5804_/X (sky130_fd_sc_hd__o211a_1)
                                         _1157_ (net)
                  0.07    0.00    6.87 v _5838_/A (sky130_fd_sc_hd__or4_4)
     2    0.01    0.10    0.60    7.46 v _5838_/X (sky130_fd_sc_hd__or4_4)
                                         _1194_ (net)
                  0.10    0.00    7.46 v _5840_/B1 (sky130_fd_sc_hd__o211ai_4)
     4    0.01    0.19    0.13    7.59 ^ _5840_/Y (sky130_fd_sc_hd__o211ai_4)
                                         _1197_ (net)
                  0.19    0.00    7.59 ^ _5842_/D_N (sky130_fd_sc_hd__or4bb_4)
     4    0.02    0.11    0.55    8.14 v _5842_/X (sky130_fd_sc_hd__or4bb_4)
                                         _1199_ (net)
                  0.11    0.00    8.15 v rebuffer2/A (sky130_fd_sc_hd__buf_6)
     1    0.01    0.02    0.15    8.30 v rebuffer2/X (sky130_fd_sc_hd__buf_6)
                                         net120 (net)
                  0.02    0.00    8.30 v _5845_/A2 (sky130_fd_sc_hd__a211oi_4)
     2    0.01    0.20    0.26    8.56 ^ _5845_/Y (sky130_fd_sc_hd__a211oi_4)
                                         _1202_ (net)
                  0.20    0.00    8.56 ^ _5846_/B (sky130_fd_sc_hd__or3_4)
     3    0.02    0.07    0.20    8.76 ^ _5846_/X (sky130_fd_sc_hd__or3_4)
                                         _1203_ (net)
                  0.07    0.00    8.76 ^ rebuffer23/A (sky130_fd_sc_hd__clkbuf_1)
     1    0.00    0.04    0.09    8.85 ^ rebuffer23/X (sky130_fd_sc_hd__clkbuf_1)
                                         net141 (net)
                  0.04    0.00    8.85 ^ rebuffer21/A (sky130_fd_sc_hd__clkbuf_1)
     1    0.00    0.04    0.08    8.93 ^ rebuffer21/X (sky130_fd_sc_hd__clkbuf_1)
                                         net139 (net)
                  0.04    0.00    8.93 ^ _5973_/B (sky130_fd_sc_hd__and2b_1)
     2    0.02    0.15    0.20    9.13 ^ _5973_/X (sky130_fd_sc_hd__and2b_1)
                                         _1342_ (net)
                  0.15    0.00    9.13 ^ _6015_/A_N (sky130_fd_sc_hd__and2b_1)
     2    0.01    0.07    0.25    9.38 v _6015_/X (sky130_fd_sc_hd__and2b_1)
                                         _1387_ (net)
                  0.07    0.00    9.38 v _6140_/B (sky130_fd_sc_hd__and3b_1)
     2    0.01    0.05    0.19    9.58 v _6140_/X (sky130_fd_sc_hd__and3b_1)
                                         _1524_ (net)
                  0.05    0.00    9.58 v _6250_/C (sky130_fd_sc_hd__and3_1)
     4    0.02    0.09    0.24    9.82 v _6250_/X (sky130_fd_sc_hd__and3_1)
                                         _1645_ (net)
                  0.09    0.00    9.82 v _6545_/D (sky130_fd_sc_hd__or4_4)
     3    0.01    0.09    0.47   10.29 v _6545_/X (sky130_fd_sc_hd__or4_4)
                                         _1967_ (net)
                  0.09    0.00   10.29 v _6550_/D (sky130_fd_sc_hd__or4_4)
     3    0.01    0.10    0.47   10.76 v _6550_/X (sky130_fd_sc_hd__or4_4)
                                         _1973_ (net)
                  0.10    0.00   10.76 v _6552_/A1 (sky130_fd_sc_hd__a31o_4)
     3    0.01    0.05    0.26   11.02 v _6552_/X (sky130_fd_sc_hd__a31o_4)
                                         _1975_ (net)
                  0.05    0.00   11.02 v _6553_/A (sky130_fd_sc_hd__and3_1)
     1    0.00    0.04    0.16   11.18 v _6553_/X (sky130_fd_sc_hd__and3_1)
                                         _1976_ (net)
                  0.04    0.00   11.18 v _6574_/C (sky130_fd_sc_hd__or3_4)
     1    0.00    0.07    0.34   11.52 v _6574_/X (sky130_fd_sc_hd__or3_4)
                                         _1999_ (net)
                  0.07    0.00   11.52 v _6575_/A (sky130_fd_sc_hd__buf_6)
     2    0.01    0.03    0.13   11.65 v _6575_/X (sky130_fd_sc_hd__buf_6)
                                         net85 (net)
                  0.03    0.00   11.65 v _7702_/D (sky130_fd_sc_hd__or4_4)
     1    0.00    0.08    0.42   12.07 v _7702_/X (sky130_fd_sc_hd__or4_4)
                                         _3232_ (net)
                  0.08    0.00   12.07 v _7704_/D (sky130_fd_sc_hd__or4_4)
     1    0.01    0.10    0.47   12.54 v _7704_/X (sky130_fd_sc_hd__or4_4)
                                         _3234_ (net)
                  0.10    0.00   12.54 v _7706_/D (sky130_fd_sc_hd__nor4_4)
     1    0.01    0.21    0.17   12.71 ^ _7706_/Y (sky130_fd_sc_hd__nor4_4)
                                         _3236_ (net)
                  0.21    0.00   12.71 ^ wire102/A (sky130_fd_sc_hd__clkbuf_2)
     1    0.01    0.05    0.16   12.87 ^ wire102/X (sky130_fd_sc_hd__clkbuf_2)
                                         net102 (net)
                  0.05    0.00   12.87 ^ _7707_/D_N (sky130_fd_sc_hd__nor4b_4)
     1    0.01    0.24    0.23   13.11 ^ _7707_/Y (sky130_fd_sc_hd__nor4b_4)
                                         net101 (net)
                  0.24    0.00   13.11 ^ output101/A (sky130_fd_sc_hd__buf_6)
     1    0.04    0.08    0.19   13.29 ^ output101/X (sky130_fd_sc_hd__buf_6)
                                         zero (net)
                  0.08    0.00   13.30 ^ zero (out)
                                 13.30   data arrival time

                  0.00   25.00   25.00   clock __VIRTUAL_CLK__ (rise edge)
                          0.00   25.00   clock network delay (ideal)
                         -0.25   24.75   clock uncertainty
                          0.00   24.75   clock reconvergence pessimism
                         -5.00   19.75   output external delay
                                 19.75   data required time
-----------------------------------------------------------------------------
                                 19.75   data required time
                                -13.30   data arrival time
-----------------------------------------------------------------------------
                                  6.45   slack (MET)




===========================================================================
report_checks --slack_max -0.01
============================================================================
======================= Typical Corner ===================================

No paths found.


===========================================================================
 report_check_types -max_slew -max_cap -max_fanout -violators
============================================================================
======================= Typical Corner ===================================


max slew violations count Typical: 0
max fanout violations count Typical: 0
max cap violations count Typical: 0

===========================================================================
report_parasitic_annotation -report_unannotated
============================================================================
Found 3 unannotated drivers.
 clone12/X
 rebuffer11/X
 rebuffer6/X
Found 615 partially unannotated drivers.
 A[1]
 A[4]
 B[20]
 _3845_/Y
 _3846_/X
 _3847_/Y
 _3848_/X
 _3849_/X
 _3852_/X
 _3853_/X
 _3854_/X
 _3856_/X
 _3857_/X
 _3859_/X
 _3862_/X
 _3863_/X
 _3869_/X
 _3873_/X
 _3894_/Y
 _3900_/X
 _3902_/X
 _3903_/X
 _3905_/X
 _3908_/Y
 _3910_/X
 _3911_/X
 _3912_/X
 _3914_/X
 _3918_/X
 _3922_/Y
 _3923_/Y
 _3924_/X
 _3925_/X
 _3926_/X
 _3929_/Y
 _3930_/X
 _3931_/X
 _3932_/X
 _3933_/X
 _3934_/X
 _3937_/Y
 _3941_/X
 _3946_/X
 _3948_/X
 _3950_/X
 _3955_/X
 _3956_/X
 _3959_/X
 _3966_/X
 _3969_/X
 _3970_/X
 _3973_/X
 _3974_/X
 _3975_/X
 _3976_/X
 _3977_/X
 _3980_/X
 _3981_/X
 _3982_/X
 _3983_/X
 _3984_/X
 _3986_/X
 _3988_/X
 _3989_/X
 _3990_/X
 _3991_/X
 _3992_/X
 _3993_/X
 _3996_/Y
 _3998_/X
 _3999_/X
 _4000_/X
 _4001_/Y
 _4005_/X
 _4006_/X
 _4007_/X
 _4008_/X
 _4009_/X
 _4011_/X
 _4013_/X
 _4016_/X
 _4017_/X
 _4018_/X
 _4019_/X
 _4025_/X
 _4026_/X
 _4027_/X
 _4028_/X
 _4029_/X
 _4037_/X
 _4050_/X
 _4055_/X
 _4056_/X
 _4057_/X
 _4058_/X
 _4059_/X
 _4063_/X
 _4064_/X
 _4065_/Y
 _4066_/X
 _4068_/X
 _4069_/X
 _4070_/X
 _4071_/X
 _4073_/X
 _4075_/X
 _4077_/Y
 _4079_/X
 _4080_/X
 _4081_/X
 _4083_/X
 _4084_/X
 _4085_/X
 _4086_/X
 _4088_/X
 _4096_/X
 _4100_/Y
 _4101_/X
 _4103_/X
 _4104_/X
 _4105_/Y
 _4106_/X
 _4107_/X
 _4108_/X
 _4111_/X
 _4112_/X
 _4115_/X
 _4116_/X
 _4117_/X
 _4119_/X
 _4121_/X
 _4122_/X
 _4123_/X
 _4126_/X
 _4129_/X
 _4131_/X
 _4132_/X
 _4137_/Y
 _4142_/X
 _4143_/Y
 _4147_/Y
 _4150_/Y
 _4156_/X
 _4159_/X
 _4163_/Y
 _4173_/X
 _4175_/X
 _4178_/Y
 _4187_/Y
 _4190_/X
 _4191_/Y
 _4192_/Y
 _4193_/X
 _4194_/X
 _4198_/X
 _4200_/X
 _4201_/X
 _4202_/X
 _4204_/X
 _4206_/X
 _4207_/X
 _4208_/X
 _4209_/X
 _4210_/X
 _4213_/X
 _4214_/X
 _4217_/X
 _4218_/X
 _4219_/X
 _4221_/X
 _4222_/X
 _4223_/X
 _4224_/X
 _4227_/X
 _4228_/X
 _4230_/X
 _4231_/X
 _4236_/X
 _4238_/X
 _4239_/X
 _4240_/Y
 _4241_/Y
 _4245_/X
 _4246_/X
 _4248_/X
 _4252_/X
 _4253_/Y
 _4258_/X
 _4259_/X
 _4264_/X
 _4267_/X
 _4268_/X
 _4269_/X
 _4270_/X
 _4274_/X
 _4276_/X
 _4279_/Y
 _4281_/X
 _4282_/X
 _4283_/X
 _4284_/X
 _4285_/X
 _4289_/X
 _4292_/Y
 _4294_/Y
 _4295_/Y
 _4296_/X
 _4297_/X
 _4303_/X
 _4304_/Y
 _4306_/X
 _4329_/X
 _4334_/X
 _4335_/X
 _4338_/X
 _4344_/X
 _4346_/X
 _4349_/X
 _4353_/X
 _4356_/X
 _4364_/Y
 _4365_/Y
 _4377_/X
 _4379_/X
 _4382_/X
 _4398_/X
 _4399_/X
 _4402_/Y
 _4405_/X
 _4408_/Y
 _4409_/X
 _4412_/X
 _4415_/X
 _4417_/Y
 _4422_/Y
 _4427_/Y
 _4428_/Y
 _4429_/X
 _4430_/X
 _4433_/X
 _4437_/Y
 _4444_/Y
 _4448_/X
 _4449_/Y
 _4450_/X
 _4457_/Y
 _4459_/X
 _4477_/Y
 _4489_/X
 _4490_/X
 _4495_/X
 _4498_/X
 _4513_/X
 _4514_/X
 _4516_/X
 _4522_/X
 _4534_/Y
 _4540_/X
 _4543_/X
 _4544_/X
 _4553_/X
 _4554_/X
 _4560_/Y
 _4561_/X
 _4563_/X
 _4564_/Y
 _4565_/Y
 _4586_/X
 _4600_/Y
 _4618_/X
 _4622_/X
 _4624_/X
 _4638_/X
 _4641_/Y
 _4642_/X
 _4643_/X
 _4644_/Y
 _4646_/X
 _4649_/X
 _4650_/Y
 _4653_/X
 _4654_/X
 _4655_/X
 _4667_/X
 _4681_/Y
 _4682_/X
 _4691_/X
 _4705_/X
 _4706_/X
 _4741_/X
 _4742_/X
 _4746_/Y
 _4750_/Y
 _4755_/X
 _4756_/Y
 _4757_/X
 _4758_/Y
 _4812_/X
 _4829_/Y
 _4831_/X
 _4839_/X
 _4846_/X
 _4856_/X
 _4857_/X
 _4882_/Y
 _4898_/Y
 _4918_/Y
 _4927_/X
 _4963_/X
 _4965_/X
 _4970_/Y
 _4998_/Y
 _5001_/X
 _5003_/X
 _5007_/X
 _5009_/X
 _5039_/Y
 _5062_/Y
 _5088_/X
 _5093_/X
 _5097_/X
 _5098_/X
 _5099_/Y
 _5102_/Y
 _5103_/Y
 _5111_/Y
 _5112_/X
 _5122_/Y
 _5125_/X
 _5128_/Y
 _5136_/X
 _5137_/X
 _5140_/X
 _5154_/X
 _5162_/X
 _5169_/X
 _5207_/X
 _5225_/Y
 _5268_/X
 _5269_/Y
 _5284_/X
 _5289_/X
 _5301_/X
 _5306_/X
 _5313_/X
 _5319_/Y
 _5321_/X
 _5335_/X
 _5344_/X
 _5383_/Y
 _5385_/X
 _5397_/Y
 _5399_/X
 _5400_/Y
 _5404_/Y
 _5406_/X
 _5431_/Y
 _5439_/Y
 _5468_/Y
 _5505_/X
 _5520_/X
 _5525_/Y
 _5526_/X
 _5545_/Y
 _5555_/Y
 _5561_/Y
 _5562_/Y
 _5565_/Y
 _5583_/X
 _5597_/Y
 _5617_/X
 _5624_/Y
 _5627_/X
 _5634_/X
 _5635_/Y
 _5639_/X
 _5642_/Y
 _5643_/X
 _5644_/Y
 _5645_/X
 _5661_/Y
 _5670_/Y
 _5681_/Y
 _5685_/X
 _5712_/Y
 _5713_/Y
 _5717_/X
 _5739_/X
 _5744_/X
 _5745_/Y
 _5751_/X
 _5752_/Y
 _5758_/X
 _5762_/X
 _5763_/X
 _5764_/Y
 _5777_/X
 _5779_/Y
 _5794_/Y
 _5801_/Y
 _5856_/X
 _5864_/X
 _5867_/X
 _5873_/X
 _5874_/X
 _5875_/X
 _5876_/X
 _5884_/Y
 _5885_/X
 _5887_/X
 _5893_/X
 _5902_/X
 _5911_/X
 _5916_/Y
 _5925_/Y
 _5965_/X
 _5974_/Y
 _5982_/X
 _6000_/Y
 _6001_/X
 _6011_/Y
 _6027_/Y
 _6031_/X
 _6034_/X
 _6040_/Y
 _6068_/Y
 _6075_/X
 _6118_/Y
 _6127_/X
 _6132_/X
 _6134_/X
 _6138_/X
 _6139_/Y
 _6142_/Y
 _6157_/X
 _6159_/Y
 _6161_/Y
 _6162_/X
 _6198_/X
 _6199_/Y
 _6274_/X
 _6282_/X
 _6292_/Y
 _6297_/Y
 _6302_/X
 _6332_/Y
 _6398_/X
 _6411_/Y
 _6413_/X
 _6418_/X
 _6419_/X
 _6427_/Y
 _6436_/Y
 _6450_/X
 _6466_/X
 _6467_/Y
 _6469_/Y
 _6478_/Y
 _6489_/X
 _6505_/Y
 _6506_/Y
 _6515_/Y
 _6521_/X
 _6523_/X
 _6525_/X
 _6561_/Y
 _6565_/X
 _6575_/X
 _6584_/X
 _6592_/X
 _6593_/X
 _6613_/Y
 _6647_/Y
 _6648_/X
 _6650_/Y
 _6658_/Y
 _6670_/Y
 _6685_/X
 _6686_/Y
 _6693_/Y
 _6716_/X
 _6717_/X
 _6718_/X
 _6741_/Y
 _6757_/Y
 _6759_/X
 _6772_/X
 _6773_/Y
 _6784_/Y
 _6816_/Y
 _6824_/Y
 _6825_/X
 _6829_/Y
 _6843_/X
 _6844_/Y
 _6846_/Y
 _6847_/X
 _6859_/X
 _6863_/Y
 _6869_/Y
 _6890_/Y
 _6891_/X
 _6904_/X
 _6905_/Y
 _6921_/Y
 _6924_/Y
 _6929_/X
 _6950_/X
 _6961_/Y
 _6963_/Y
 _6964_/Y
 _6965_/X
 _6966_/X
 _6968_/Y
 _6991_/Y
 _7004_/X
 _7005_/Y
 _7015_/Y
 _7023_/X
 _7029_/X
 _7030_/X
 _7046_/Y
 _7060_/Y
 _7061_/X
 _7063_/X
 _7079_/X
 _7086_/X
 _7087_/Y
 _7095_/Y
 _7121_/Y
 _7122_/Y
 _7133_/X
 _7142_/Y
 _7144_/Y
 _7147_/X
 _7169_/Y
 _7186_/X
 _7190_/X
 _7226_/Y
 _7240_/X
 _7241_/Y
 _7265_/X
 _7283_/X
 _7306_/Y
 _7318_/X
 _7330_/Y
 _7333_/Y
 _7350_/X
 _7358_/X
 _7359_/Y
 _7378_/X
 _7412_/Y
 _7413_/X
 _7448_/X
 _7483_/X
 _7499_/Y
 _7502_/Y
 _7528_/Y
 _7541_/Y
 _7551_/Y
 _7585_/Y
 _7588_/Y
 _7607_/Y
 _7612_/Y
 _7632_/Y
 _7636_/Y
 _7637_/X
 _7651_/Y
 _7687_/X
 _7688_/X
 _7690_/X
 _7691_/Y
 _7693_/X
 _7696_/X
 _7697_/X
 _7700_/X
 _7701_/X
 _7719_/X
 clone11/X
 clone14/X
 clone22/X
 clone25/X
 clone26/X
 clone27/X
 clone30/X
 clone31/X
 fanout3/X
 input10/X
 input11/X
 input16/X
 input19/X
 input20/X
 input25/X
 input32/X
 input34/X
 input39/X
 input50/X
 input51/X
 input52/X
 input53/X
 input54/X
 input55/X
 input61/X
 input63/X
 input64/X
 input65/X
 input66/X
 input9/X
 max_cap117/X
 max_cap118/X
 output69/X
 output91/X
 output95/X
 output98/X
 rebuffer20/X

===========================================================================
max slew violation count 0
max fanout violation count 0
max cap violation count 0
============================================================================

===========================================================================
check_setup -verbose -unconstrained_endpoints -multiple_clock -no_clock -no_input_delay -loops -generated_clocks
===========================================================================
