
===========================================================================
report_checks -unconstrained
===========================================================================
======================= Typical Corner ===================================

Startpoint: B[0] (input port clocked by __VIRTUAL_CLK__)
Endpoint: zero (output port clocked by __VIRTUAL_CLK__)
Path Group: __VIRTUAL_CLK__
Path Type: max

Fanout     Cap    Slew   Delay    Time   Description
-----------------------------------------------------------------------------
                  0.00    0.00    0.00   clock __VIRTUAL_CLK__ (rise edge)
                          0.00    0.00   clock network delay (ideal)
                          5.00    5.00 v input external delay
     1    0.00    0.01    0.00    5.00 v B[0] (in)
                                         B[0] (net)
                  0.01    0.00    5.00 v input32/A (sky130_fd_sc_hd__clkbuf_4)
     6    0.02    0.06    0.15    5.16 v input32/X (sky130_fd_sc_hd__clkbuf_4)
                                         net32 (net)
                  0.06    0.00    5.16 v _4120_/A (sky130_fd_sc_hd__buf_8)
     5    0.02    0.03    0.13    5.29 v _4120_/X (sky130_fd_sc_hd__buf_8)
                                         _3064_ (net)
                  0.03    0.00    5.29 v _4121_/A (sky130_fd_sc_hd__buf_12)
     2    0.01    0.03    0.12    5.41 v _4121_/X (sky130_fd_sc_hd__buf_12)
                                         _3075_ (net)
                  0.03    0.00    5.41 v fanout3/A (sky130_fd_sc_hd__buf_8)
    10    0.03    0.04    0.13    5.54 v fanout3/X (sky130_fd_sc_hd__buf_8)
                                         net152 (net)
                  0.04    0.00    5.54 v _5466_/B2 (sky130_fd_sc_hd__a22oi_1)
     2    0.01    0.19    0.19    5.72 ^ _5466_/Y (sky130_fd_sc_hd__a22oi_1)
                                         _0788_ (net)
                  0.19    0.00    5.72 ^ _5554_/A2 (sky130_fd_sc_hd__o21ba_1)
     2    0.01    0.12    0.21    5.93 ^ _5554_/X (sky130_fd_sc_hd__o21ba_1)
                                         _0884_ (net)
                  0.12    0.00    5.93 ^ _5560_/A (sky130_fd_sc_hd__xnor2_2)
     2    0.01    0.18    0.15    6.08 ^ _5560_/Y (sky130_fd_sc_hd__xnor2_2)
                                         _0891_ (net)
                  0.18    0.00    6.08 ^ _5665_/B_N (sky130_fd_sc_hd__or2b_1)
     2    0.01    0.06    0.28    6.36 v _5665_/X (sky130_fd_sc_hd__or2b_1)
                                         _1005_ (net)
                  0.06    0.00    6.36 v _5680_/B (sky130_fd_sc_hd__and3_1)
     2    0.01    0.07    0.21    6.57 v _5680_/X (sky130_fd_sc_hd__and3_1)
                                         _1022_ (net)
                  0.07    0.00    6.57 v _5682_/A1 (sky130_fd_sc_hd__o211a_1)
     3    0.01    0.07    0.28    6.85 v _5682_/X (sky130_fd_sc_hd__o211a_1)
                                         _1024_ (net)
                  0.07    0.00    6.85 v _5715_/B (sky130_fd_sc_hd__or4_4)
     2    0.01    0.09    0.56    7.41 v _5715_/X (sky130_fd_sc_hd__or4_4)
                                         _1060_ (net)
                  0.09    0.00    7.41 v _5717_/C1 (sky130_fd_sc_hd__o211a_4)
     5    0.02    0.06    0.19    7.59 v _5717_/X (sky130_fd_sc_hd__o211a_4)
                                         _1062_ (net)
                  0.06    0.00    7.59 v _5719_/B (sky130_fd_sc_hd__or3_4)
     2    0.01    0.07    0.40    7.99 v _5719_/X (sky130_fd_sc_hd__or3_4)
                                         _1065_ (net)
                  0.07    0.00    7.99 v _5721_/C1 (sky130_fd_sc_hd__o211a_4)
     5    0.02    0.06    0.18    8.17 v _5721_/X (sky130_fd_sc_hd__o211a_4)
                                         _1067_ (net)
                  0.06    0.00    8.17 v _5723_/B (sky130_fd_sc_hd__or3_4)
     2    0.00    0.07    0.38    8.56 v _5723_/X (sky130_fd_sc_hd__or3_4)
                                         _1069_ (net)
                  0.07    0.00    8.56 v _5725_/A (sky130_fd_sc_hd__and3_4)
     5    0.02    0.05    0.18    8.74 v _5725_/X (sky130_fd_sc_hd__and3_4)
                                         _1071_ (net)
                  0.05    0.00    8.74 v _5755_/B (sky130_fd_sc_hd__or3_4)
     2    0.01    0.08    0.39    9.13 v _5755_/X (sky130_fd_sc_hd__or3_4)
                                         _1103_ (net)
                  0.08    0.00    9.13 v _5853_/B (sky130_fd_sc_hd__xor2_2)
     4    0.01    0.06    0.17    9.31 v _5853_/X (sky130_fd_sc_hd__xor2_2)
                                         _1211_ (net)
                  0.06    0.00    9.31 v _5978_/B (sky130_fd_sc_hd__or4_4)
     2    0.01    0.09    0.54    9.85 v _5978_/X (sky130_fd_sc_hd__or4_4)
                                         _1347_ (net)
                  0.09    0.00    9.85 v _6550_/B (sky130_fd_sc_hd__or4_4)
     3    0.01    0.10    0.57   10.42 v _6550_/X (sky130_fd_sc_hd__or4_4)
                                         _1973_ (net)
                  0.10    0.00   10.42 v _6552_/A1 (sky130_fd_sc_hd__a31o_4)
     3    0.01    0.04    0.24   10.66 v _6552_/X (sky130_fd_sc_hd__a31o_4)
                                         _1975_ (net)
                  0.04    0.00   10.66 v _6553_/A (sky130_fd_sc_hd__and3_1)
     1    0.00    0.03    0.14   10.80 v _6553_/X (sky130_fd_sc_hd__and3_1)
                                         _1976_ (net)
                  0.03    0.00   10.80 v _6574_/C (sky130_fd_sc_hd__or3_4)
     1    0.00    0.07    0.33   11.13 v _6574_/X (sky130_fd_sc_hd__or3_4)
                                         _1999_ (net)
                  0.07    0.00   11.13 v _6575_/A (sky130_fd_sc_hd__buf_6)
     2    0.00    0.02    0.12   11.26 v _6575_/X (sky130_fd_sc_hd__buf_6)
                                         net85 (net)
                  0.02    0.00   11.26 v _7702_/D (sky130_fd_sc_hd__or4_4)
     1    0.00    0.08    0.41   11.67 v _7702_/X (sky130_fd_sc_hd__or4_4)
                                         _3232_ (net)
                  0.08    0.00   11.67 v _7704_/D (sky130_fd_sc_hd__or4_4)
     1    0.01    0.09    0.45   12.12 v _7704_/X (sky130_fd_sc_hd__or4_4)
                                         _3234_ (net)
                  0.09    0.00   12.12 v _7706_/D (sky130_fd_sc_hd__nor4_4)
     1    0.00    0.17    0.13   12.25 ^ _7706_/Y (sky130_fd_sc_hd__nor4_4)
                                         _3236_ (net)
                  0.17    0.00   12.25 ^ wire102/A (sky130_fd_sc_hd__clkbuf_2)
     1    0.00    0.03    0.13   12.39 ^ wire102/X (sky130_fd_sc_hd__clkbuf_2)
                                         net102 (net)
                  0.03    0.00   12.39 ^ _7707_/D_N (sky130_fd_sc_hd__nor4b_4)
     1    0.00    0.20    0.19   12.58 ^ _7707_/Y (sky130_fd_sc_hd__nor4b_4)
                                         net101 (net)
                  0.20    0.00   12.58 ^ output101/A (sky130_fd_sc_hd__buf_6)
     1    0.03    0.08    0.17   12.75 ^ output101/X (sky130_fd_sc_hd__buf_6)
                                         zero (net)
                  0.08    0.00   12.75 ^ zero (out)
                                 12.75   data arrival time

                  0.00   25.00   25.00   clock __VIRTUAL_CLK__ (rise edge)
                          0.00   25.00   clock network delay (ideal)
                         -0.25   24.75   clock uncertainty
                          0.00   24.75   clock reconvergence pessimism
                         -5.00   19.75   output external delay
                                 19.75   data required time
-----------------------------------------------------------------------------
                                 19.75   data required time
                                -12.75   data arrival time
-----------------------------------------------------------------------------
                                  7.00   slack (MET)




===========================================================================
report_checks --slack_max -0.01
============================================================================
======================= Typical Corner ===================================

No paths found.


===========================================================================
 report_check_types -max_slew -max_cap -max_fanout -violators
============================================================================
======================= Typical Corner ===================================

max fanout

Pin                                   Limit Fanout  Slack
---------------------------------------------------------
_4267_/X                                 10     12     -2 (VIOLATED)
_4409_/X                                 10     12     -2 (VIOLATED)
_3900_/X                                 10     11        (VIOLATED)
_4000_/X                                 10     11        (VIOLATED)
_4026_/X                                 10     11        (VIOLATED)
_4088_/X                                 10     11        (VIOLATED)
_4338_/X                                 10     11        (VIOLATED)
_4705_/X                                 10     11        (VIOLATED)


max slew violations count Typical: 0
max fanout violations count Typical: 8
max cap violations count Typical: 0

===========================================================================
report_parasitic_annotation -report_unannotated
============================================================================
Found 4101 unannotated drivers.
 A[0]
 A[10]
 A[11]
 A[12]
 A[13]
 A[14]
 A[15]
 A[16]
 A[17]
 A[18]
 A[19]
 A[1]
 A[20]
 A[21]
 A[22]
 A[23]
 A[24]
 A[25]
 A[26]
 A[27]
 A[28]
 A[29]
 A[2]
 A[30]
 A[31]
 A[3]
 A[4]
 A[5]
 A[6]
 A[7]
 A[8]
 A[9]
 B[0]
 B[10]
 B[11]
 B[12]
 B[13]
 B[14]
 B[15]
 B[16]
 B[17]
 B[18]
 B[19]
 B[1]
 B[20]
 B[21]
 B[22]
 B[23]
 B[24]
 B[25]
 B[26]
 B[27]
 B[28]
 B[29]
 B[2]
 B[30]
 B[31]
 B[3]
 B[4]
 B[5]
 B[6]
 B[7]
 B[8]
 B[9]
 opcode[0]
 opcode[1]
 opcode[2]
 opcode[3]
 _3843_/X
 _3844_/X
 _3845_/Y
 _3846_/X
 _3847_/Y
 _3848_/X
 _3849_/X
 _3850_/X
 _3851_/Y
 _3852_/X
 _3853_/X
 _3854_/X
 _3855_/X
 _3856_/X
 _3857_/X
 _3858_/X
 _3859_/X
 _3860_/X
 _3861_/X
 _3862_/X
 _3863_/X
 _3864_/X
 _3865_/X
 _3866_/X
 _3867_/Y
 _3868_/X
 _3869_/X
 _3870_/X
 _3871_/Y
 _3872_/Y
 _3873_/X
 _3874_/X
 _3875_/X
 _3876_/X
 _3877_/X
 _3878_/X
 _3879_/X
 _3880_/Y
 _3881_/X
 _3882_/X
 _3883_/X
 _3884_/X
 _3885_/Y
 _3886_/X
 _3887_/Y
 _3888_/X
 _3889_/Y
 _3890_/X
 _3891_/Y
 _3892_/Y
 _3893_/X
 _3894_/Y
 _3895_/Y
 _3896_/X
 _3897_/Y
 _3898_/Y
 _3899_/Y
 _3900_/X
 _3901_/X
 _3902_/X
 _3903_/X
 _3904_/X
 _3905_/X
 _3906_/Y
 _3907_/X
 _3908_/Y
 _3909_/X
 _3910_/X
 _3911_/X
 _3912_/X
 _3913_/X
 _3914_/X
 _3915_/Y
 _3916_/Y
 _3917_/Y
 _3918_/X
 _3919_/X
 _3920_/X
 _3921_/X
 _3922_/Y
 _3923_/Y
 _3924_/X
 _3925_/X
 _3926_/X
 _3927_/Y
 _3928_/Y
 _3929_/Y
 _3930_/X
 _3931_/X
 _3932_/X
 _3933_/X
 _3934_/X
 _3935_/Y
 _3936_/X
 _3937_/Y
 _3938_/X
 _3939_/X
 _3940_/X
 _3941_/X
 _3942_/X
 _3943_/X
 _3944_/Y
 _3945_/X
 _3946_/X
 _3947_/X
 _3948_/X
 _3949_/X
 _3950_/X
 _3951_/X
 _3952_/Y
 _3953_/X
 _3954_/Y
 _3955_/X
 _3956_/X
 _3957_/X
 _3958_/X
 _3959_/X
 _3960_/X
 _3961_/Y
 _3962_/X
 _3963_/Y
 _3964_/X
 _3965_/X
 _3966_/X
 _3967_/X
 _3968_/X
 _3969_/X
 _3970_/X
 _3971_/X
 _3972_/X
 _3973_/X
 _3974_/X
 _3975_/X
 _3976_/X
 _3977_/X
 _3978_/Y
 _3979_/X
 _3980_/X
 _3981_/X
 _3982_/X
 _3983_/X
 _3984_/X
 _3985_/X
 _3986_/X
 _3987_/X
 _3988_/X
 _3989_/X
 _3990_/X
 _3991_/X
 _3992_/X
 _3993_/X
 _3994_/X
 _3995_/Y
 _3996_/Y
 _3997_/X
 _3998_/X
 _3999_/X
 _4000_/X
 _4001_/Y
 _4002_/X
 _4003_/X
 _4004_/X
 _4005_/X
 _4006_/X
 _4007_/X
 _4008_/X
 _4009_/X
 _4010_/X
 _4011_/X
 _4012_/X
 _4013_/X
 _4014_/X
 _4015_/X
 _4016_/X
 _4017_/X
 _4018_/X
 _4019_/X
 _4020_/Y
 _4021_/X
 _4022_/X
 _4023_/X
 _4024_/X
 _4025_/X
 _4026_/X
 _4027_/X
 _4028_/X
 _4029_/X
 _4030_/X
 _4031_/X
 _4032_/Y
 _4033_/X
 _4034_/X
 _4035_/X
 _4036_/Y
 _4037_/X
 _4038_/Y
 _4039_/Y
 _4040_/Y
 _4041_/X
 _4042_/Y
 _4043_/X
 _4044_/X
 _4045_/X
 _4046_/X
 _4047_/Y
 _4048_/X
 _4049_/X
 _4050_/X
 _4051_/Y
 _4052_/X
 _4053_/X
 _4054_/X
 _4055_/X
 _4056_/X
 _4057_/X
 _4058_/X
 _4059_/X
 _4060_/Y
 _4061_/X
 _4062_/Y
 _4063_/X
 _4064_/X
 _4065_/Y
 _4066_/X
 _4067_/X
 _4068_/X
 _4069_/X
 _4070_/X
 _4071_/X
 _4072_/Y
 _4073_/X
 _4074_/X
 _4075_/X
 _4076_/X
 _4077_/Y
 _4078_/X
 _4079_/X
 _4080_/X
 _4081_/X
 _4082_/X
 _4083_/X
 _4084_/X
 _4085_/X
 _4086_/X
 _4087_/X
 _4088_/X
 _4089_/X
 _4090_/Y
 _4091_/X
 _4092_/Y
 _4093_/X
 _4094_/Y
 _4095_/Y
 _4096_/X
 _4097_/X
 _4098_/Y
 _4099_/X
 _4100_/Y
 _4101_/X
 _4102_/X
 _4103_/X
 _4104_/X
 _4105_/Y
 _4106_/X
 _4107_/X
 _4108_/X
 _4109_/Y
 _4110_/X
 _4111_/X
 _4112_/X
 _4113_/Y
 _4114_/Y
 _4115_/X
 _4116_/X
 _4117_/X
 _4118_/X
 _4119_/X
 _4120_/X
 _4121_/X
 _4122_/X
 _4123_/X
 _4124_/X
 _4125_/X
 _4126_/X
 _4127_/X
 _4128_/X
 _4129_/X
 _4130_/X
 _4131_/X
 _4132_/X
 _4133_/X
 _4134_/Y
 _4135_/X
 _4136_/X
 _4137_/Y
 _4138_/Y
 _4139_/Y
 _4140_/X
 _4141_/X
 _4142_/X
 _4143_/Y
 _4144_/X
 _4145_/X
 _4146_/Y
 _4147_/Y
 _4148_/Y
 _4149_/X
 _4150_/Y
 _4151_/Y
 _4152_/X
 _4153_/Y
 _4154_/X
 _4155_/X
 _4156_/X
 _4157_/X
 _4158_/X
 _4159_/X
 _4160_/Y
 _4161_/X
 _4162_/Y
 _4163_/Y
 _4164_/X
 _4165_/Y
 _4166_/Y
 _4167_/Y
 _4168_/X
 _4169_/X
 _4170_/X
 _4171_/Y
 _4172_/X
 _4173_/X
 _4174_/X
 _4175_/X
 _4176_/Y
 _4177_/Y
 _4178_/Y
 _4179_/Y
 _4180_/X
 _4181_/X
 _4182_/X
 _4183_/Y
 _4184_/X
 _4185_/Y
 _4186_/Y
 _4187_/Y
 _4188_/Y
 _4189_/X
 _4190_/X
 _4191_/Y
 _4192_/Y
 _4193_/X
 _4194_/X
 _4195_/X
 _4196_/X
 _4197_/X
 _4198_/X
 _4199_/X
 _4200_/X
 _4201_/X
 _4202_/X
 _4203_/X
 _4204_/X
 _4205_/X
 _4206_/X
 _4207_/X
 _4208_/X
 _4209_/X
 _4210_/X
 _4211_/X
 _4212_/X
 _4213_/X
 _4214_/X
 _4215_/X
 _4216_/X
 _4217_/X
 _4218_/X
 _4219_/X
 _4220_/X
 _4221_/X
 _4222_/X
 _4223_/X
 _4224_/X
 _4225_/X
 _4226_/X
 _4227_/X
 _4228_/X
 _4229_/X
 _4230_/X
 _4231_/X
 _4232_/X
 _4233_/X
 _4234_/Y
 _4235_/X
 _4236_/X
 _4237_/Y
 _4238_/X
 _4239_/X
 _4240_/Y
 _4241_/Y
 _4242_/X
 _4243_/Y
 _4244_/Y
 _4245_/X
 _4246_/X
 _4247_/Y
 _4248_/X
 _4249_/Y
 _4250_/Y
 _4251_/Y
 _4252_/X
 _4253_/Y
 _4254_/X
 _4255_/X
 _4256_/X
 _4257_/X
 _4258_/X
 _4259_/X
 _4260_/X
 _4261_/X
 _4262_/Y
 _4263_/X
 _4264_/X
 _4265_/X
 _4266_/X
 _4267_/X
 _4268_/X
 _4269_/X
 _4270_/X
 _4271_/X
 _4272_/X
 _4273_/X
 _4274_/X
 _4275_/X
 _4276_/X
 _4277_/X
 _4278_/X
 _4279_/Y
 _4280_/X
 _4281_/X
 _4282_/X
 _4283_/X
 _4284_/X
 _4285_/X
 _4286_/Y
 _4287_/X
 _4288_/Y
 _4289_/X
 _4290_/Y
 _4291_/X
 _4292_/Y
 _4293_/X
 _4294_/Y
 _4295_/Y
 _4296_/X
 _4297_/X
 _4298_/X
 _4299_/X
 _4300_/X
 _4301_/Y
 _4302_/Y
 _4303_/X
 _4304_/Y
 _4305_/X
 _4306_/X
 _4307_/X
 _4308_/Y
 _4309_/X
 _4310_/X
 _4311_/X
 _4312_/Y
 _4313_/X
 _4314_/X
 _4315_/X
 _4316_/X
 _4317_/X
 _4318_/X
 _4319_/X
 _4320_/X
 _4321_/X
 _4322_/X
 _4323_/X
 _4324_/X
 _4325_/X
 _4326_/X
 _4327_/Y
 _4328_/Y
 _4329_/X
 _4330_/Y
 _4331_/X
 _4332_/X
 _4333_/X
 _4334_/X
 _4335_/X
 _4336_/X
 _4337_/X
 _4338_/X
 _4339_/Y
 _4340_/X
 _4341_/X
 _4342_/X
 _4343_/X
 _4344_/X
 _4345_/X
 _4346_/X
 _4347_/X
 _4348_/X
 _4349_/X
 _4350_/X
 _4351_/X
 _4352_/X
 _4353_/X
 _4354_/X
 _4355_/X
 _4356_/X
 _4357_/X
 _4358_/X
 _4359_/X
 _4360_/X
 _4361_/X
 _4362_/Y
 _4363_/X
 _4364_/Y
 _4365_/Y
 _4366_/X
 _4367_/X
 _4368_/X
 _4369_/X
 _4370_/X
 _4371_/Y
 _4372_/X
 _4373_/X
 _4374_/Y
 _4375_/X
 _4376_/X
 _4377_/X
 _4378_/X
 _4379_/X
 _4380_/X
 _4381_/Y
 _4382_/X
 _4383_/Y
 _4384_/X
 _4385_/Y
 _4386_/X
 _4387_/Y
 _4388_/Y
 _4389_/X
 _4390_/Y
 _4391_/Y
 _4392_/X
 _4393_/Y
 _4394_/X
 _4395_/X
 _4396_/Y
 _4397_/X
 _4398_/X
 _4399_/X
 _4400_/Y
 _4401_/X
 _4402_/Y
 _4403_/X
 _4404_/X
 _4405_/X
 _4406_/X
 _4407_/X
 _4408_/Y
 _4409_/X
 _4410_/X
 _4411_/X
 _4412_/X
 _4413_/X
 _4414_/X
 _4415_/X
 _4416_/Y
 _4417_/Y
 _4418_/X
 _4419_/X
 _4420_/X
 _4421_/Y
 _4422_/Y
 _4423_/X
 _4424_/X
 _4425_/Y
 _4426_/Y
 _4427_/Y
 _4428_/Y
 _4429_/X
 _4430_/X
 _4431_/X
 _4432_/X
 _4433_/X
 _4434_/Y
 _4435_/Y
 _4436_/X
 _4437_/Y
 _4438_/Y
 _4439_/X
 _4440_/X
 _4441_/X
 _4442_/X
 _4443_/X
 _4444_/Y
 _4445_/X
 _4446_/X
 _4447_/X
 _4448_/X
 _4449_/Y
 _4450_/X
 _4451_/Y
 _4452_/Y
 _4453_/X
 _4454_/X
 _4455_/X
 _4456_/Y
 _4457_/Y
 _4458_/Y
 _4459_/X
 _4460_/Y
 _4461_/Y
 _4462_/X
 _4463_/X
 _4464_/Y
 _4465_/Y
 _4466_/X
 _4467_/X
 _4468_/Y
 _4469_/Y
 _4470_/X
 _4471_/X
 _4472_/X
 _4473_/X
 _4474_/X
 _4475_/X
 _4476_/X
 _4477_/Y
 _4478_/X
 _4479_/Y
 _4480_/Y
 _4481_/Y
 _4482_/Y
 _4483_/X
 _4484_/X
 _4485_/Y
 _4486_/Y
 _4487_/X
 _4488_/X
 _4489_/X
 _4490_/X
 _4491_/Y
 _4492_/X
 _4493_/X
 _4494_/X
 _4495_/X
 _4496_/X
 _4497_/Y
 _4498_/X
 _4499_/Y
 _4500_/Y
 _4501_/X
 _4502_/X
 _4503_/Y
 _4504_/Y
 _4505_/Y
 _4506_/Y
 _4507_/X
 _4508_/Y
 _4509_/X
 _4510_/X
 _4511_/X
 _4512_/Y
 _4513_/X
 _4514_/X
 _4515_/X
 _4516_/X
 _4517_/Y
 _4518_/X
 _4519_/Y
 _4520_/X
 _4521_/Y
 _4522_/X
 _4523_/Y
 _4524_/X
 _4525_/X
 _4526_/Y
 _4527_/X
 _4528_/Y
 _4529_/X
 _4530_/X
 _4531_/X
 _4532_/X
 _4533_/X
 _4534_/Y
 _4535_/X
 _4536_/Y
 _4537_/X
 _4538_/X
 _4539_/Y
 _4540_/X
 _4541_/X
 _4542_/Y
 _4543_/X
 _4544_/X
 _4545_/X
 _4546_/Y
 _4547_/Y
 _4548_/Y
 _4549_/X
 _4550_/X
 _4551_/X
 _4552_/Y
 _4553_/X
 _4554_/X
 _4555_/Y
 _4556_/Y
 _4557_/X
 _4558_/X
 _4559_/X
 _4560_/Y
 _4561_/X
 _4562_/X
 _4563_/X
 _4564_/Y
 _4565_/Y
 _4566_/X
 _4567_/X
 _4568_/X
 _4569_/Y
 _4570_/Y
 _4571_/X
 _4572_/Y
 _4573_/X
 _4574_/Y
 _4575_/Y
 _4576_/X
 _4577_/Y
 _4578_/Y
 _4579_/X
 _4580_/X
 _4581_/X
 _4582_/Y
 _4583_/X
 _4584_/X
 _4585_/Y
 _4586_/X
 _4587_/X
 _4588_/Y
 _4589_/X
 _4590_/X
 _4591_/Y
 _4592_/X
 _4593_/Y
 _4594_/X
 _4595_/X
 _4596_/Y
 _4597_/X
 _4598_/X
 _4599_/Y
 _4600_/Y
 _4601_/Y
 _4602_/Y
 _4603_/Y
 _4604_/Y
 _4605_/Y
 _4606_/X
 _4607_/X
 _4608_/X
 _4609_/X
 _4610_/Y
 _4611_/X
 _4612_/X
 _4613_/X
 _4614_/Y
 _4615_/Y
 _4616_/X
 _4617_/X
 _4618_/X
 _4619_/X
 _4620_/X
 _4621_/X
 _4622_/X
 _4623_/X
 _4624_/X
 _4625_/X
 _4626_/X
 _4627_/Y
 _4628_/Y
 _4629_/X
 _4630_/X
 _4631_/X
 _4632_/X
 _4633_/Y
 _4634_/Y
 _4635_/Y
 _4636_/Y
 _4637_/X
 _4638_/X
 _4639_/X
 _4640_/X
 _4641_/Y
 _4642_/X
 _4643_/X
 _4644_/Y
 _4645_/Y
 _4646_/X
 _4647_/X
 _4648_/X
 _4649_/X
 _4650_/Y
 _4651_/X
 _4652_/Y
 _4653_/X
 _4654_/X
 _4655_/X
 _4656_/X
 _4657_/X
 _4658_/X
 _4659_/X
 _4660_/Y
 _4661_/X
 _4662_/X
 _4663_/X
 _4664_/X
 _4665_/Y
 _4666_/Y
 _4667_/X
 _4668_/X
 _4669_/X
 _4670_/X
 _4671_/Y
 _4672_/X
 _4673_/Y
 _4674_/X
 _4675_/Y
 _4676_/X
 _4677_/Y
 _4678_/X
 _4679_/Y
 _4680_/X
 _4681_/Y
 _4682_/X
 _4683_/X
 _4684_/Y
 _4685_/X
 _4686_/Y
 _4687_/X
 _4688_/Y
 _4689_/X
 _4690_/Y
 _4691_/X
 _4692_/Y
 _4693_/X
 _4694_/Y
 _4695_/Y
 _4696_/X
 _4697_/Y
 _4698_/X
 _4699_/Y
 _4700_/X
 _4701_/Y
 _4702_/X
 _4703_/X
 _4704_/X
 _4705_/X
 _4706_/X
 _4707_/X
 _4708_/Y
 _4709_/Y
 _4710_/Y
 _4711_/Y
 _4712_/X
 _4713_/Y
 _4714_/Y
 _4715_/X
 _4716_/Y
 _4717_/Y
 _4718_/X
 _4719_/Y
 _4720_/X
 _4721_/Y
 _4722_/Y
 _4723_/Y
 _4724_/X
 _4725_/Y
 _4726_/X
 _4727_/X
 _4728_/X
 _4729_/Y
 _4730_/Y
 _4731_/X
 _4732_/Y
 _4733_/X
 _4734_/Y
 _4735_/X
 _4736_/X
 _4737_/Y
 _4738_/Y
 _4739_/X
 _4740_/X
 _4741_/X
 _4742_/X
 _4743_/X
 _4744_/X
 _4745_/X
 _4746_/Y
 _4747_/Y
 _4748_/X
 _4749_/X
 _4750_/Y
 _4751_/X
 _4752_/X
 _4753_/X
 _4754_/X
 _4755_/X
 _4756_/Y
 _4757_/X
 _4758_/Y
 _4759_/X
 _4760_/X
 _4761_/X
 _4762_/X
 _4763_/Y
 _4764_/X
 _4765_/Y
 _4766_/X
 _4767_/Y
 _4768_/X
 _4769_/X
 _4770_/Y
 _4771_/X
 _4772_/X
 _4773_/X
 _4774_/Y
 _4775_/Y
 _4776_/X
 _4777_/Y
 _4778_/X
 _4779_/Y
 _4780_/X
 _4781_/Y
 _4782_/Y
 _4783_/Y
 _4784_/X
 _4785_/Y
 _4786_/Y
 _4787_/X
 _4788_/Y
 _4789_/Y
 _4790_/Y
 _4791_/Y
 _4792_/X
 _4793_/Y
 _4794_/X
 _4795_/Y
 _4796_/Y
 _4797_/Y
 _4798_/X
 _4799_/Y
 _4800_/X
 _4801_/X
 _4802_/Y
 _4803_/X
 _4804_/Y
 _4805_/X
 _4806_/Y
 _4807_/X
 _4808_/Y
 _4809_/X
 _4810_/Y
 _4811_/X
 _4812_/X
 _4813_/Y
 _4814_/X
 _4815_/Y
 _4816_/X
 _4817_/Y
 _4818_/X
 _4819_/X
 _4820_/Y
 _4821_/X
 _4822_/X
 _4823_/X
 _4824_/Y
 _4825_/X
 _4826_/X
 _4827_/Y
 _4828_/X
 _4829_/Y
 _4830_/Y
 _4831_/X
 _4832_/X
 _4833_/X
 _4834_/Y
 _4835_/Y
 _4836_/Y
 _4837_/Y
 _4838_/Y
 _4839_/X
 _4840_/Y
 _4841_/X
 _4842_/X
 _4843_/Y
 _4844_/X
 _4845_/Y
 _4846_/X
 _4847_/X
 _4848_/X
 _4849_/Y
 _4850_/Y
 _4851_/X
 _4852_/X
 _4853_/Y
 _4854_/X
 _4855_/Y
 _4856_/X
 _4857_/X
 _4858_/Y
 _4859_/X
 _4860_/Y
 _4861_/X
 _4862_/X
 _4863_/Y
 _4864_/X
 _4865_/Y
 _4866_/Y
 _4867_/Y
 _4868_/Y
 _4869_/Y
 _4870_/X
 _4871_/X
 _4872_/X
 _4873_/Y
 _4874_/Y
 _4875_/X
 _4876_/Y
 _4877_/X
 _4878_/Y
 _4879_/Y
 _4880_/Y
 _4881_/X
 _4882_/Y
 _4883_/X
 _4884_/X
 _4885_/Y
 _4886_/X
 _4887_/X
 _4888_/Y
 _4889_/X
 _4890_/Y
 _4891_/Y
 _4892_/X
 _4893_/X
 _4894_/Y
 _4895_/Y
 _4896_/X
 _4897_/Y
 _4898_/Y
 _4899_/X
 _4900_/X
 _4901_/Y
 _4902_/Y
 _4903_/X
 _4904_/Y
 _4905_/X
 _4906_/X
 _4907_/X
 _4908_/X
 _4909_/Y
 _4910_/X
 _4911_/X
 _4912_/Y
 _4913_/X
 _4914_/Y
 _4915_/X
 _4916_/X
 _4917_/X
 _4918_/Y
 _4919_/X
 _4920_/X
 _4921_/X
 _4922_/X
 _4923_/Y
 _4924_/Y
 _4925_/X
 _4926_/Y
 _4927_/X
 _4928_/X
 _4929_/Y
 _4930_/Y
 _4931_/X
 _4932_/Y
 _4933_/X
 _4934_/X
 _4935_/Y
 _4936_/X
 _4937_/Y
 _4938_/Y
 _4939_/Y
 _4940_/X
 _4941_/Y
 _4942_/X
 _4943_/Y
 _4944_/X
 _4945_/Y
 _4946_/Y
 _4947_/X
 _4948_/X
 _4949_/Y
 _4950_/Y
 _4951_/X
 _4952_/Y
 _4953_/X
 _4954_/X
 _4955_/Y
 _4956_/Y
 _4957_/X
 _4958_/Y
 _4959_/X
 _4960_/Y
 _4961_/Y
 _4962_/Y
 _4963_/X
 _4964_/Y
 _4965_/X
 _4966_/X
 _4967_/Y
 _4968_/X
 _4969_/Y
 _4970_/Y
 _4971_/Y
 _4972_/X
 _4973_/Y
 _4974_/X
 _4975_/X
 _4976_/Y
 _4977_/X
 _4978_/X
 _4979_/Y
 _4980_/X
 _4981_/Y
 _4982_/X
 _4983_/Y
 _4984_/X
 _4985_/Y
 _4986_/Y
 _4987_/X
 _4988_/Y
 _4989_/X
 _4990_/X
 _4991_/X
 _4992_/Y
 _4993_/Y
 _4994_/Y
 _4995_/X
 _4996_/Y
 _4997_/X
 _4998_/Y
 _4999_/Y
 _5000_/X
 _5001_/X
 _5002_/X
 _5003_/X
 _5004_/X
 _5005_/X
 _5006_/X
 _5007_/X
 _5008_/Y
 _5009_/X
 _5010_/Y
 _5011_/X
 _5012_/X
 _5013_/Y
 _5014_/X
 _5015_/Y
 _5016_/Y
 _5017_/X
 _5018_/X
 _5019_/X
 _5020_/X
 _5021_/Y
 _5022_/X
 _5023_/Y
 _5024_/X
 _5025_/Y
 _5026_/Y
 _5027_/Y
 _5028_/Y
 _5029_/X
 _5030_/Y
 _5031_/Y
 _5032_/Y
 _5033_/X
 _5034_/Y
 _5035_/Y
 _5036_/Y
 _5037_/Y
 _5038_/Y
 _5039_/Y
 _5040_/X
 _5041_/Y
 _5042_/X
 _5043_/X
 _5044_/X
 _5045_/Y
 _5046_/Y
 _5047_/X
 _5048_/X
 _5049_/Y
 _5050_/X
 _5051_/Y
 _5052_/Y
 _5053_/Y
 _5054_/Y
 _5055_/X
 _5056_/Y
 _5057_/X
 _5058_/Y
 _5059_/Y
 _5060_/Y
 _5061_/X
 _5062_/Y
 _5063_/X
 _5064_/X
 _5065_/Y
 _5066_/X
 _5067_/X
 _5068_/Y
 _5069_/Y
 _5070_/X
 _5071_/Y
 _5072_/X
 _5073_/X
 _5074_/Y
 _5075_/X
 _5076_/Y
 _5077_/X
 _5078_/Y
 _5079_/Y
 _5080_/X
 _5081_/Y
 _5082_/X
 _5083_/Y
 _5084_/X
 _5085_/Y
 _5086_/Y
 _5087_/X
 _5088_/X
 _5089_/X
 _5090_/Y
 _5091_/X
 _5092_/X
 _5093_/X
 _5094_/X
 _5095_/X
 _5096_/X
 _5097_/X
 _5098_/X
 _5099_/Y
 _5100_/X
 _5101_/Y
 _5102_/Y
 _5103_/Y
 _5104_/X
 _5105_/X
 _5106_/X
 _5107_/X
 _5108_/X
 _5109_/Y
 _5110_/Y
 _5111_/Y
 _5112_/X
 _5113_/X
 _5114_/X
 _5115_/X
 _5116_/X
 _5117_/X
 _5118_/Y
 _5119_/X
 _5120_/X
 _5121_/Y
 _5122_/Y
 _5123_/Y
 _5124_/X
 _5125_/X
 _5126_/X
 _5127_/X
 _5128_/Y
 _5129_/Y
 _5130_/X
 _5131_/Y
 _5132_/X
 _5133_/X
 _5134_/X
 _5135_/X
 _5136_/X
 _5137_/X
 _5138_/X
 _5139_/Y
 _5140_/X
 _5141_/X
 _5142_/Y
 _5143_/Y
 _5144_/Y
 _5145_/X
 _5146_/Y
 _5147_/Y
 _5148_/X
 _5149_/Y
 _5150_/Y
 _5151_/X
 _5152_/Y
 _5153_/X
 _5154_/X
 _5155_/Y
 _5156_/X
 _5157_/X
 _5158_/Y
 _5159_/Y
 _5160_/X
 _5161_/Y
 _5162_/X
 _5163_/X
 _5164_/Y
 _5165_/Y
 _5166_/Y
 _5167_/Y
 _5168_/X
 _5169_/X
 _5170_/X
 _5171_/Y
 _5172_/X
 _5173_/Y
 _5174_/Y
 _5175_/Y
 _5176_/X
 _5177_/Y
 _5178_/X
 _5179_/X
 _5180_/Y
 _5181_/X
 _5182_/X
 _5183_/Y
 _5184_/X
 _5185_/Y
 _5186_/X
 _5187_/X
 _5188_/X
 _5189_/Y
 _5190_/Y
 _5191_/X
 _5192_/Y
 _5193_/X
 _5194_/Y
 _5195_/X
 _5196_/Y
 _5197_/X
 _5198_/X
 _5199_/Y
 _5200_/Y
 _5201_/X
 _5202_/Y
 _5203_/Y
 _5204_/X
 _5205_/Y
 _5206_/Y
 _5207_/X
 _5208_/X
 _5209_/X
 _5210_/X
 _5211_/Y
 _5212_/Y
 _5213_/Y
 _5214_/X
 _5215_/X
 _5216_/X
 _5217_/X
 _5218_/Y
 _5219_/X
 _5220_/Y
 _5221_/X
 _5222_/X
 _5223_/Y
 _5224_/Y
 _5225_/Y
 _5226_/Y
 _5227_/X
 _5228_/Y
 _5229_/Y
 _5230_/Y
 _5231_/X
 _5232_/Y
 _5233_/Y
 _5234_/X
 _5235_/Y
 _5236_/Y
 _5237_/X
 _5238_/Y
 _5239_/Y
 _5240_/X
 _5241_/X
 _5242_/Y
 _5243_/Y
 _5244_/X
 _5245_/Y
 _5246_/Y
 _5247_/X
 _5248_/Y
 _5249_/X
 _5250_/X
 _5251_/X
 _5252_/X
 _5253_/Y
 _5254_/X
 _5255_/Y
 _5256_/X
 _5257_/Y
 _5258_/Y
 _5259_/Y
 _5260_/X
 _5261_/Y
 _5262_/X
 _5263_/X
 _5264_/Y
 _5265_/X
 _5266_/X
 _5267_/Y
 _5268_/X
 _5269_/Y
 _5270_/X
 _5271_/Y
 _5272_/X
 _5273_/Y
 _5274_/Y
 _5275_/X
 _5276_/Y
 _5277_/X
 _5278_/X
 _5279_/X
 _5280_/Y
 _5281_/X
 _5282_/Y
 _5283_/Y
 _5284_/X
 _5285_/X
 _5286_/Y
 _5287_/X
 _5288_/Y
 _5289_/X
 _5290_/X
 _5291_/X
 _5292_/X
 _5293_/X
 _5294_/X
 _5295_/X
 _5296_/X
 _5297_/Y
 _5298_/X
 _5299_/X
 _5300_/X
 _5301_/X
 _5302_/Y
 _5303_/X
 _5304_/Y
 _5305_/X
 _5306_/X
 _5307_/Y
 _5308_/X
 _5309_/X
 _5310_/X
 _5311_/Y
 _5312_/X
 _5313_/X
 _5314_/Y
 _5315_/Y
 _5316_/Y
 _5317_/X
 _5318_/Y
 _5319_/Y
 _5320_/X
 _5321_/X
 _5322_/X
 _5323_/Y
 _5324_/X
 _5325_/X
 _5326_/X
 _5327_/Y
 _5328_/Y
 _5329_/Y
 _5330_/Y
 _5331_/X
 _5332_/X
 _5333_/X
 _5334_/Y
 _5335_/X
 _5336_/Y
 _5337_/Y
 _5338_/X
 _5339_/Y
 _5340_/Y
 _5341_/X
 _5342_/Y
 _5343_/Y
 _5344_/X
 _5345_/X
 _5346_/Y
 _5347_/Y
 _5348_/X
 _5349_/Y
 _5350_/X
 _5351_/Y
 _5352_/X
 _5353_/X
 _5354_/Y
 _5355_/Y
 _5356_/X
 _5357_/Y
 _5358_/X
 _5359_/X
 _5360_/Y
 _5361_/Y
 _5362_/X
 _5363_/Y
 _5364_/X
 _5365_/Y
 _5366_/Y
 _5367_/Y
 _5368_/X
 _5369_/Y
 _5370_/X
 _5371_/X
 _5372_/Y
 _5373_/X
 _5374_/X
 _5375_/Y
 _5376_/X
 _5377_/Y
 _5378_/X
 _5379_/Y
 _5380_/X
 _5381_/Y
 _5382_/X
 _5383_/Y
 _5384_/Y
 _5385_/X
 _5386_/Y
 _5387_/X
 _5388_/X
 _5389_/X
 _5390_/Y
 _5391_/X
 _5392_/Y
 _5393_/X
 _5394_/Y
 _5395_/X
 _5396_/Y
 _5397_/Y
 _5398_/Y
 _5399_/X
 _5400_/Y
 _5401_/Y
 _5402_/X
 _5403_/X
 _5404_/Y
 _5405_/X
 _5406_/X
 _5407_/X
 _5408_/X
 _5409_/X
 _5410_/X
 _5411_/X
 _5412_/X
 _5413_/X
 _5414_/X
 _5415_/X
 _5416_/X
 _5417_/Y
 _5418_/Y
 _5419_/X
 _5420_/X
 _5421_/Y
 _5422_/X
 _5423_/Y
 _5424_/Y
 _5425_/Y
 _5426_/X
 _5427_/Y
 _5428_/Y
 _5429_/X
 _5430_/Y
 _5431_/Y
 _5432_/X
 _5433_/Y
 _5434_/X
 _5435_/Y
 _5436_/X
 _5437_/X
 _5438_/X
 _5439_/Y
 _5440_/Y
 _5441_/X
 _5442_/Y
 _5443_/X
 _5444_/Y
 _5445_/X
 _5446_/Y
 _5447_/X
 _5448_/Y
 _5449_/X
 _5450_/Y
 _5451_/X
 _5452_/Y
 _5453_/Y
 _5454_/Y
 _5455_/Y
 _5456_/Y
 _5457_/X
 _5458_/X
 _5459_/Y
 _5460_/X
 _5461_/X
 _5462_/X
 _5463_/X
 _5464_/Y
 _5465_/X
 _5466_/Y
 _5467_/Y
 _5468_/Y
 _5469_/Y
 _5470_/X
 _5471_/Y
 _5472_/X
 _5473_/Y
 _5474_/Y
 _5475_/Y
 _5476_/X
 _5477_/Y
 _5478_/X
 _5479_/X
 _5480_/Y
 _5481_/X
 _5482_/X
 _5483_/Y
 _5484_/Y
 _5485_/X
 _5486_/X
 _5487_/Y
 _5488_/Y
 _5489_/X
 _5490_/X
 _5491_/Y
 _5492_/X
 _5493_/Y
 _5494_/Y
 _5495_/X
 _5496_/X
 _5497_/X
 _5498_/X
 _5499_/Y
 _5500_/Y
 _5501_/Y
 _5502_/X
 _5503_/X
 _5504_/Y
 _5505_/X
 _5506_/Y
 _5507_/X
 _5508_/Y
 _5509_/X
 _5510_/X
 _5511_/X
 _5512_/X
 _5513_/X
 _5514_/X
 _5515_/X
 _5516_/X
 _5517_/X
 _5518_/Y
 _5519_/X
 _5520_/X
 _5521_/X
 _5522_/X
 _5523_/X
 _5524_/X
 _5525_/Y
 _5526_/X
 _5527_/Y
 _5528_/X
 _5529_/Y
 _5530_/Y
 _5531_/Y
 _5532_/X
 _5533_/Y
 _5534_/Y
 _5535_/X
 _5536_/Y
 _5537_/X
 _5538_/Y
 _5539_/X
 _5540_/Y
 _5541_/Y
 _5542_/X
 _5543_/Y
 _5544_/Y
 _5545_/Y
 _5546_/X
 _5547_/Y
 _5548_/X
 _5549_/Y
 _5550_/Y
 _5551_/X
 _5552_/Y
 _5553_/X
 _5554_/X
 _5555_/Y
 _5556_/X
 _5557_/Y
 _5558_/Y
 _5559_/Y
 _5560_/Y
 _5561_/Y
 _5562_/Y
 _5563_/X
 _5564_/Y
 _5565_/Y
 _5566_/Y
 _5567_/Y
 _5568_/X
 _5569_/Y
 _5570_/X
 _5571_/Y
 _5572_/Y
 _5573_/Y
 _5574_/X
 _5575_/Y
 _5576_/X
 _5577_/X
 _5578_/Y
 _5579_/X
 _5580_/X
 _5581_/Y
 _5582_/Y
 _5583_/X
 _5584_/X
 _5585_/Y
 _5586_/X
 _5587_/Y
 _5588_/Y
 _5589_/X
 _5590_/Y
 _5591_/X
 _5592_/X
 _5593_/X
 _5594_/Y
 _5595_/Y
 _5596_/X
 _5597_/Y
 _5598_/Y
 _5599_/X
 _5600_/Y
 _5601_/X
 _5602_/X
 _5603_/Y
 _5604_/X
 _5605_/Y
 _5606_/X
 _5607_/Y
 _5608_/Y
 _5609_/X
 _5610_/X
 _5611_/Y
 _5612_/X
 _5613_/X
 _5614_/X
 _5615_/Y
 _5616_/Y
 _5617_/X
 _5618_/X
 _5619_/X
 _5620_/X
 _5621_/Y
 _5622_/X
 _5623_/Y
 _5624_/Y
 _5625_/X
 _5626_/X
 _5627_/X
 _5628_/X
 _5629_/X
 _5630_/X
 _5631_/X
 _5632_/X
 _5633_/Y
 _5634_/X
 _5635_/Y
 _5636_/X
 _5637_/Y
 _5638_/X
 _5639_/X
 _5640_/X
 _5641_/Y
 _5642_/Y
 _5643_/X
 _5644_/Y
 _5645_/X
 _5646_/Y
 _5647_/Y
 _5648_/X
 _5649_/Y
 _5650_/X
 _5651_/Y
 _5652_/Y
 _5653_/Y
 _5654_/Y
 _5655_/Y
 _5656_/Y
 _5657_/X
 _5658_/Y
 _5659_/Y
 _5660_/Y
 _5661_/Y
 _5662_/Y
 _5663_/Y
 _5664_/X
 _5665_/X
 _5666_/Y
 _5667_/X
 _5668_/X
 _5669_/Y
 _5670_/Y
 _5671_/Y
 _5672_/Y
 _5673_/X
 _5674_/Y
 _5675_/Y
 _5676_/Y
 _5677_/X
 _5678_/Y
 _5679_/Y
 _5680_/X
 _5681_/Y
 _5682_/X
 _5683_/Y
 _5684_/X
 _5685_/X
 _5686_/Y
 _5687_/X
 _5688_/Y
 _5689_/Y
 _5690_/Y
 _5691_/Y
 _5692_/Y
 _5693_/Y
 _5694_/X
 _5695_/Y
 _5696_/Y
 _5697_/Y
 _5698_/Y
 _5699_/X
 _5700_/Y
 _5701_/X
 _5702_/Y
 _5703_/Y
 _5704_/Y
 _5705_/X
 _5706_/Y
 _5707_/X
 _5708_/X
 _5709_/Y
 _5710_/X
 _5711_/X
 _5712_/Y
 _5713_/Y
 _5714_/X
 _5715_/X
 _5716_/Y
 _5717_/X
 _5718_/Y
 _5719_/X
 _5720_/Y
 _5721_/X
 _5722_/Y
 _5723_/X
 _5724_/Y
 _5725_/X
 _5726_/Y
 _5727_/Y
 _5728_/Y
 _5729_/X
 _5730_/Y
 _5731_/X
 _5732_/Y
 _5733_/X
 _5734_/Y
 _5735_/X
 _5736_/X
 _5737_/Y
 _5738_/Y
 _5739_/X
 _5740_/X
 _5741_/X
 _5742_/X
 _5743_/X
 _5744_/X
 _5745_/Y
 _5746_/X
 _5747_/X
 _5748_/X
 _5749_/X
 _5750_/X
 _5751_/X
 _5752_/Y
 _5753_/X
 _5754_/X
 _5755_/X
 _5756_/Y
 _5757_/Y
 _5758_/X
 _5759_/Y
 _5760_/Y
 _5761_/X
 _5762_/X
 _5763_/X
 _5764_/Y
 _5765_/X
 _5766_/X
 _5767_/X
 _5768_/X
 _5769_/X
 _5770_/Y
 _5771_/X
 _5772_/Y
 _5773_/Y
 _5774_/Y
 _5775_/Y
 _5776_/Y
 _5777_/X
 _5778_/Y
 _5779_/Y
 _5780_/X
 _5781_/X
 _5782_/Y
 _5783_/Y
 _5784_/X
 _5785_/Y
 _5786_/X
 _5787_/X
 _5788_/X
 _5789_/X
 _5790_/Y
 _5791_/X
 _5792_/Y
 _5793_/Y
 _5794_/Y
 _5795_/Y
 _5796_/X
 _5797_/X
 _5798_/Y
 _5799_/X
 _5800_/Y
 _5801_/Y
 _5802_/X
 _5803_/Y
 _5804_/X
 _5805_/Y
 _5806_/Y
 _5807_/X
 _5808_/X
 _5809_/Y
 _5810_/X
 _5811_/Y
 _5812_/Y
 _5813_/Y
 _5814_/Y
 _5815_/Y
 _5816_/Y
 _5817_/X
 _5818_/Y
 _5819_/Y
 _5820_/Y
 _5821_/Y
 _5822_/X
 _5823_/Y
 _5824_/X
 _5825_/Y
 _5826_/Y
 _5827_/Y
 _5828_/X
 _5829_/Y
 _5830_/X
 _5831_/X
 _5832_/Y
 _5833_/X
 _5834_/X
 _5835_/Y
 _5836_/Y
 _5837_/X
 _5838_/X
 _5839_/Y
 _5840_/Y
 _5841_/X
 _5842_/X
 _5843_/X
 _5844_/X
 _5845_/Y
 _5846_/X
 _5847_/Y
 _5848_/Y
 _5849_/X
 _5850_/X
 _5851_/Y
 _5852_/Y
 _5853_/X
 _5854_/X
 _5855_/Y
 _5856_/X
 _5857_/X
 _5858_/Y
 _5859_/X
 _5860_/Y
 _5861_/Y
 _5862_/X
 _5863_/X
 _5864_/X
 _5865_/X
 _5866_/X
 _5867_/X
 _5868_/Y
 _5869_/Y
 _5870_/X
 _5871_/X
 _5872_/Y
 _5873_/X
 _5874_/X
 _5875_/X
 _5876_/X
 _5877_/Y
 _5878_/Y
 _5879_/Y
 _5880_/Y
 _5881_/X
 _5882_/Y
 _5883_/Y
 _5884_/Y
 _5885_/X
 _5886_/Y
 _5887_/X
 _5888_/X
 _5889_/Y
 _5890_/X
 _5891_/X
 _5892_/Y
 _5893_/X
 _5894_/Y
 _5895_/Y
 _5896_/Y
 _5897_/Y
 _5898_/Y
 _5899_/Y
 _5900_/X
 _5901_/Y
 _5902_/X
 _5903_/Y
 _5904_/X
 _5905_/Y
 _5906_/X
 _5907_/Y
 _5908_/X
 _5909_/X
 _5910_/X
 _5911_/X
 _5912_/X
 _5913_/X
 _5914_/Y
 _5915_/Y
 _5916_/Y
 _5917_/Y
 _5918_/X
 _5919_/Y
 _5920_/Y
 _5921_/Y
 _5922_/Y
 _5923_/X
 _5924_/X
 _5925_/Y
 _5926_/X
 _5927_/Y
 _5928_/X
 _5929_/Y
 _5930_/Y
 _5931_/X
 _5932_/X
 _5933_/Y
 _5934_/X
 _5935_/Y
 _5936_/Y
 _5937_/Y
 _5938_/Y
 _5939_/Y
 _5940_/Y
 _5941_/X
 _5942_/Y
 _5943_/Y
 _5944_/Y
 _5945_/Y
 _5946_/X
 _5947_/Y
 _5948_/X
 _5949_/Y
 _5950_/Y
 _5951_/Y
 _5952_/X
 _5953_/Y
 _5954_/X
 _5955_/X
 _5956_/Y
 _5957_/X
 _5958_/X
 _5959_/Y
 _5960_/Y
 _5961_/X
 _5962_/X
 _5963_/Y
 _5964_/Y
 _5965_/X
 _5966_/X
 _5967_/Y
 _5968_/Y
 _5969_/X
 _5970_/Y
 _5971_/X
 _5972_/Y
 _5973_/X
 _5974_/Y
 _5975_/X
 _5976_/Y
 _5977_/X
 _5978_/X
 _5979_/Y
 _5980_/X
 _5981_/X
 _5982_/X
 _5983_/Y
 _5984_/Y
 _5985_/X
 _5986_/X
 _5987_/Y
 _5988_/Y
 _5989_/X
 _5990_/Y
 _5991_/Y
 _5992_/X
 _5993_/X
 _5994_/X
 _5995_/X
 _5996_/X
 _5997_/X
 _5998_/X
 _5999_/X
 _6000_/Y
 _6001_/X
 _6002_/X
 _6003_/X
 _6004_/X
 _6005_/X
 _6006_/Y
 _6007_/X
 _6008_/X
 _6009_/Y
 _6010_/X
 _6011_/Y
 _6012_/X
 _6013_/X
 _6014_/X
 _6015_/X
 _6016_/Y
 _6017_/X
 _6018_/X
 _6019_/X
 _6020_/Y
 _6021_/X
 _6022_/Y
 _6023_/Y
 _6024_/X
 _6025_/Y
 _6026_/Y
 _6027_/Y
 _6028_/Y
 _6029_/Y
 _6030_/Y
 _6031_/X
 _6032_/X
 _6033_/Y
 _6034_/X
 _6035_/X
 _6036_/Y
 _6037_/X
 _6038_/Y
 _6039_/Y
 _6040_/Y
 _6041_/Y
 _6042_/Y
 _6043_/Y
 _6044_/X
 _6045_/Y
 _6046_/X
 _6047_/Y
 _6048_/X
 _6049_/Y
 _6050_/X
 _6051_/Y
 _6052_/X
 _6053_/X
 _6054_/X
 _6055_/X
 _6056_/Y
 _6057_/X
 _6058_/Y
 _6059_/Y
 _6060_/Y
 _6061_/Y
 _6062_/X
 _6063_/Y
 _6064_/Y
 _6065_/Y
 _6066_/Y
 _6067_/Y
 _6068_/Y
 _6069_/X
 _6070_/Y
 _6071_/X
 _6072_/Y
 _6073_/Y
 _6074_/X
 _6075_/X
 _6076_/Y
 _6077_/X
 _6078_/Y
 _6079_/Y
 _6080_/Y
 _6081_/Y
 _6082_/Y
 _6083_/X
 _6084_/X
 _6085_/X
 _6086_/Y
 _6087_/X
 _6088_/Y
 _6089_/X
 _6090_/Y
 _6091_/X
 _6092_/Y
 _6093_/Y
 _6094_/Y
 _6095_/X
 _6096_/Y
 _6097_/X
 _6098_/X
 _6099_/Y
 _6100_/X
 _6101_/X
 _6102_/Y
 _6103_/Y
 _6104_/X
 _6105_/X
 _6106_/Y
 _6107_/Y
 _6108_/X
 _6109_/X
 _6110_/Y
 _6111_/X
 _6112_/Y
 _6113_/Y
 _6114_/X
 _6115_/X
 _6116_/X
 _6117_/X
 _6118_/Y
 _6119_/X
 _6120_/Y
 _6121_/Y
 _6122_/X
 _6123_/Y
 _6124_/X
 _6125_/X
 _6126_/X
 _6127_/X
 _6128_/Y
 _6129_/Y
 _6130_/Y
 _6131_/X
 _6132_/X
 _6133_/X
 _6134_/X
 _6135_/X
 _6136_/Y
 _6137_/Y
 _6138_/X
 _6139_/Y
 _6140_/X
 _6141_/X
 _6142_/Y
 _6143_/X
 _6144_/X
 _6145_/X
 _6146_/X
 _6147_/Y
 _6148_/Y
 _6149_/Y
 _6150_/X
 _6151_/X
 _6152_/Y
 _6153_/X
 _6154_/Y
 _6155_/Y
 _6156_/Y
 _6157_/X
 _6158_/Y
 _6159_/Y
 _6160_/X
 _6161_/Y
 _6162_/X
 _6163_/X
 _6164_/Y
 _6165_/X
 _6166_/Y
 _6167_/Y
 _6168_/Y
 _6169_/Y
 _6170_/Y
 _6171_/X
 _6172_/Y
 _6173_/X
 _6174_/Y
 _6175_/Y
 _6176_/X
 _6177_/Y
 _6178_/X
 _6179_/Y
 _6180_/X
 _6181_/X
 _6182_/X
 _6183_/X
 _6184_/Y
 _6185_/X
 _6186_/Y
 _6187_/Y
 _6188_/Y
 _6189_/Y
 _6190_/X
 _6191_/Y
 _6192_/Y
 _6193_/X
 _6194_/Y
 _6195_/Y
 _6196_/X
 _6197_/Y
 _6198_/X
 _6199_/Y
 _6200_/Y
 _6201_/X
 _6202_/X
 _6203_/X
 _6204_/Y
 _6205_/X
 _6206_/Y
 _6207_/Y
 _6208_/X
 _6209_/X
 _6210_/Y
 _6211_/Y
 _6212_/X
 _6213_/X
 _6214_/X
 _6215_/Y
 _6216_/X
 _6217_/X
 _6218_/Y
 _6219_/Y
 _6220_/X
 _6221_/Y
 _6222_/Y
 _6223_/Y
 _6224_/X
 _6225_/Y
 _6226_/X
 _6227_/X
 _6228_/Y
 _6229_/X
 _6230_/X
 _6231_/Y
 _6232_/Y
 _6233_/X
 _6234_/X
 _6235_/Y
 _6236_/X
 _6237_/Y
 _6238_/Y
 _6239_/X
 _6240_/X
 _6241_/Y
 _6242_/X
 _6243_/Y
 _6244_/Y
 _6245_/X
 _6246_/X
 _6247_/Y
 _6248_/Y
 _6249_/X
 _6250_/X
 _6251_/Y
 _6252_/Y
 _6253_/X
 _6254_/X
 _6255_/X
 _6256_/Y
 _6257_/X
 _6258_/Y
 _6259_/X
 _6260_/X
 _6261_/X
 _6262_/X
 _6263_/X
 _6264_/Y
 _6265_/X
 _6266_/X
 _6267_/Y
 _6268_/X
 _6269_/X
 _6270_/X
 _6271_/X
 _6272_/Y
 _6273_/Y
 _6274_/X
 _6275_/X
 _6276_/X
 _6277_/Y
 _6278_/Y
 _6279_/X
 _6280_/Y
 _6281_/X
 _6282_/X
 _6283_/Y
 _6284_/X
 _6285_/Y
 _6286_/Y
 _6287_/Y
 _6288_/X
 _6289_/X
 _6290_/X
 _6291_/Y
 _6292_/Y
 _6293_/X
 _6294_/X
 _6295_/X
 _6296_/Y
 _6297_/Y
 _6298_/X
 _6299_/X
 _6300_/X
 _6301_/Y
 _6302_/X
 _6303_/X
 _6304_/Y
 _6305_/X
 _6306_/Y
 _6307_/Y
 _6308_/X
 _6309_/Y
 _6310_/Y
 _6311_/X
 _6312_/X
 _6313_/X
 _6314_/X
 _6315_/Y
 _6316_/Y
 _6317_/X
 _6318_/Y
 _6319_/X
 _6320_/Y
 _6321_/X
 _6322_/Y
 _6323_/X
 _6324_/Y
 _6325_/X
 _6326_/X
 _6327_/X
 _6328_/X
 _6329_/X
 _6330_/X
 _6331_/Y
 _6332_/Y
 _6333_/X
 _6334_/Y
 _6335_/Y
 _6336_/X
 _6337_/Y
 _6338_/Y
 _6339_/Y
 _6340_/X
 _6341_/Y
 _6342_/X
 _6343_/Y
 _6344_/X
 _6345_/Y
 _6346_/X
 _6347_/Y
 _6348_/Y
 _6349_/Y
 _6350_/X
 _6351_/X
 _6352_/Y
 _6353_/Y
 _6354_/X
 _6355_/Y
 _6356_/X
 _6357_/X
 _6358_/X
 _6359_/X
 _6360_/X
 _6361_/Y
 _6362_/Y
 _6363_/X
 _6364_/Y
 _6365_/Y
 _6366_/Y
 _6367_/X
 _6368_/Y
 _6369_/X
 _6370_/Y
 _6371_/Y
 _6372_/Y
 _6373_/Y
 _6374_/X
 _6375_/X
 _6376_/Y
 _6377_/X
 _6378_/X
 _6379_/Y
 _6380_/Y
 _6381_/X
 _6382_/X
 _6383_/Y
 _6384_/Y
 _6385_/X
 _6386_/X
 _6387_/X
 _6388_/X
 _6389_/Y
 _6390_/X
 _6391_/Y
 _6392_/Y
 _6393_/X
 _6394_/Y
 _6395_/X
 _6396_/Y
 _6397_/Y
 _6398_/X
 _6399_/X
 _6400_/Y
 _6401_/Y
 _6402_/Y
 _6403_/Y
 _6404_/Y
 _6405_/X
 _6406_/X
 _6407_/X
 _6408_/X
 _6409_/X
 _6410_/X
 _6411_/Y
 _6412_/X
 _6413_/X
 _6414_/X
 _6415_/Y
 _6416_/X
 _6417_/Y
 _6418_/X
 _6419_/X
 _6420_/X
 _6421_/Y
 _6422_/X
 _6423_/X
 _6424_/X
 _6425_/X
 _6426_/Y
 _6427_/Y
 _6428_/Y
 _6429_/X
 _6430_/X
 _6431_/Y
 _6432_/Y
 _6433_/Y
 _6434_/X
 _6435_/X
 _6436_/Y
 _6437_/Y
 _6438_/X
 _6439_/Y
 _6440_/X
 _6441_/X
 _6442_/Y
 _6443_/X
 _6444_/Y
 _6445_/Y
 _6446_/Y
 _6447_/Y
 _6448_/Y
 _6449_/X
 _6450_/X
 _6451_/Y
 _6452_/X
 _6453_/Y
 _6454_/X
 _6455_/Y
 _6456_/Y
 _6457_/X
 _6458_/Y
 _6459_/X
 _6460_/Y
 _6461_/X
 _6462_/X
 _6463_/X
 _6464_/Y
 _6465_/Y
 _6466_/X
 _6467_/Y
 _6468_/X
 _6469_/Y
 _6470_/X
 _6471_/Y
 _6472_/X
 _6473_/Y
 _6474_/X
 _6475_/X
 _6476_/X
 _6477_/Y
 _6478_/Y
 _6479_/Y
 _6480_/X
 _6481_/Y
 _6482_/Y
 _6483_/X
 _6484_/Y
 _6485_/Y
 _6486_/X
 _6487_/Y
 _6488_/X
 _6489_/X
 _6490_/Y
 _6491_/Y
 _6492_/X
 _6493_/Y
 _6494_/X
 _6495_/Y
 _6496_/Y
 _6497_/X
 _6498_/Y
 _6499_/Y
 _6500_/Y
 _6501_/X
 _6502_/Y
 _6503_/X
 _6504_/Y
 _6505_/Y
 _6506_/Y
 _6507_/Y
 _6508_/X
 _6509_/X
 _6510_/Y
 _6511_/X
 _6512_/X
 _6513_/X
 _6514_/X
 _6515_/Y
 _6516_/Y
 _6517_/Y
 _6518_/Y
 _6519_/Y
 _6520_/Y
 _6521_/X
 _6522_/Y
 _6523_/X
 _6524_/Y
 _6525_/X
 _6526_/X
 _6527_/X
 _6528_/Y
 _6529_/Y
 _6530_/X
 _6531_/Y
 _6532_/X
 _6533_/X
 _6534_/Y
 _6535_/X
 _6536_/Y
 _6537_/Y
 _6538_/X
 _6539_/Y
 _6540_/X
 _6541_/X
 _6542_/Y
 _6543_/Y
 _6544_/Y
 _6545_/X
 _6546_/X
 _6547_/Y
 _6548_/Y
 _6549_/X
 _6550_/X
 _6551_/Y
 _6552_/X
 _6553_/X
 _6554_/X
 _6555_/X
 _6556_/X
 _6557_/X
 _6558_/X
 _6559_/X
 _6560_/Y
 _6561_/Y
 _6562_/X
 _6563_/X
 _6564_/X
 _6565_/X
 _6566_/X
 _6567_/Y
 _6568_/X
 _6569_/X
 _6570_/Y
 _6571_/Y
 _6572_/X
 _6573_/X
 _6574_/X
 _6575_/X
 _6576_/Y
 _6577_/Y
 _6578_/X
 _6579_/X
 _6580_/Y
 _6581_/X
 _6582_/Y
 _6583_/X
 _6584_/X
 _6585_/X
 _6586_/Y
 _6587_/X
 _6588_/Y
 _6589_/Y
 _6590_/Y
 _6591_/Y
 _6592_/X
 _6593_/X
 _6594_/Y
 _6595_/Y
 _6596_/Y
 _6597_/Y
 _6598_/X
 _6599_/X
 _6600_/X
 _6601_/X
 _6602_/Y
 _6603_/Y
 _6604_/X
 _6605_/Y
 _6606_/Y
 _6607_/X
 _6608_/Y
 _6609_/Y
 _6610_/X
 _6611_/X
 _6612_/X
 _6613_/Y
 _6614_/Y
 _6615_/X
 _6616_/Y
 _6617_/X
 _6618_/Y
 _6619_/X
 _6620_/Y
 _6621_/X
 _6622_/Y
 _6623_/X
 _6624_/X
 _6625_/X
 _6626_/Y
 _6627_/X
 _6628_/Y
 _6629_/X
 _6630_/Y
 _6631_/Y
 _6632_/X
 _6633_/Y
 _6634_/Y
 _6635_/X
 _6636_/X
 _6637_/Y
 _6638_/X
 _6639_/Y
 _6640_/Y
 _6641_/X
 _6642_/Y
 _6643_/X
 _6644_/Y
 _6645_/Y
 _6646_/Y
 _6647_/Y
 _6648_/X
 _6649_/X
 _6650_/Y
 _6651_/X
 _6652_/X
 _6653_/X
 _6654_/X
 _6655_/Y
 _6656_/Y
 _6657_/Y
 _6658_/Y
 _6659_/Y
 _6660_/Y
 _6661_/X
 _6662_/Y
 _6663_/Y
 _6664_/X
 _6665_/X
 _6666_/X
 _6667_/X
 _6668_/X
 _6669_/Y
 _6670_/Y
 _6671_/X
 _6672_/Y
 _6673_/X
 _6674_/X
 _6675_/Y
 _6676_/Y
 _6677_/X
 _6678_/Y
 _6679_/Y
 _6680_/X
 _6681_/X
 _6682_/Y
 _6683_/X
 _6684_/Y
 _6685_/X
 _6686_/Y
 _6687_/X
 _6688_/X
 _6689_/X
 _6690_/Y
 _6691_/X
 _6692_/Y
 _6693_/Y
 _6694_/X
 _6695_/Y
 _6696_/X
 _6697_/Y
 _6698_/X
 _6699_/X
 _6700_/Y
 _6701_/X
 _6702_/X
 _6703_/Y
 _6704_/X
 _6705_/X
 _6706_/X
 _6707_/X
 _6708_/X
 _6709_/Y
 _6710_/X
 _6711_/X
 _6712_/X
 _6713_/X
 _6714_/X
 _6715_/Y
 _6716_/X
 _6717_/X
 _6718_/X
 _6719_/Y
 _6720_/X
 _6721_/Y
 _6722_/Y
 _6723_/X
 _6724_/X
 _6725_/Y
 _6726_/Y
 _6727_/X
 _6728_/Y
 _6729_/X
 _6730_/Y
 _6731_/Y
 _6732_/X
 _6733_/Y
 _6734_/X
 _6735_/Y
 _6736_/Y
 _6737_/X
 _6738_/Y
 _6739_/X
 _6740_/Y
 _6741_/Y
 _6742_/Y
 _6743_/Y
 _6744_/Y
 _6745_/X
 _6746_/Y
 _6747_/Y
 _6748_/X
 _6749_/Y
 _6750_/X
 _6751_/Y
 _6752_/X
 _6753_/Y
 _6754_/X
 _6755_/Y
 _6756_/Y
 _6757_/Y
 _6758_/Y
 _6759_/X
 _6760_/X
 _6761_/Y
 _6762_/X
 _6763_/X
 _6764_/X
 _6765_/X
 _6766_/Y
 _6767_/Y
 _6768_/Y
 _6769_/Y
 _6770_/Y
 _6771_/Y
 _6772_/X
 _6773_/Y
 _6774_/Y
 _6775_/X
 _6776_/X
 _6777_/X
 _6778_/X
 _6779_/X
 _6780_/X
 _6781_/Y
 _6782_/X
 _6783_/Y
 _6784_/Y
 _6785_/X
 _6786_/Y
 _6787_/Y
 _6788_/Y
 _6789_/Y
 _6790_/Y
 _6791_/Y
 _6792_/Y
 _6793_/Y
 _6794_/X
 _6795_/X
 _6796_/Y
 _6797_/X
 _6798_/Y
 _6799_/X
 _6800_/Y
 _6801_/Y
 _6802_/Y
 _6803_/X
 _6804_/Y
 _6805_/Y
 _6806_/Y
 _6807_/Y
 _6808_/X
 _6809_/Y
 _6810_/X
 _6811_/X
 _6812_/X
 _6813_/Y
 _6814_/X
 _6815_/Y
 _6816_/Y
 _6817_/Y
 _6818_/Y
 _6819_/X
 _6820_/X
 _6821_/Y
 _6822_/Y
 _6823_/Y
 _6824_/Y
 _6825_/X
 _6826_/Y
 _6827_/Y
 _6828_/X
 _6829_/Y
 _6830_/X
 _6831_/Y
 _6832_/X
 _6833_/Y
 _6834_/X
 _6835_/Y
 _6836_/X
 _6837_/Y
 _6838_/X
 _6839_/X
 _6840_/Y
 _6841_/Y
 _6842_/X
 _6843_/X
 _6844_/Y
 _6845_/X
 _6846_/Y
 _6847_/X
 _6848_/Y
 _6849_/X
 _6850_/Y
 _6851_/X
 _6852_/X
 _6853_/X
 _6854_/Y
 _6855_/X
 _6856_/X
 _6857_/Y
 _6858_/Y
 _6859_/X
 _6860_/X
 _6861_/X
 _6862_/Y
 _6863_/Y
 _6864_/X
 _6865_/X
 _6866_/X
 _6867_/X
 _6868_/Y
 _6869_/Y
 _6870_/X
 _6871_/X
 _6872_/Y
 _6873_/X
 _6874_/Y
 _6875_/Y
 _6876_/X
 _6877_/Y
 _6878_/Y
 _6879_/X
 _6880_/Y
 _6881_/X
 _6882_/Y
 _6883_/Y
 _6884_/X
 _6885_/Y
 _6886_/X
 _6887_/X
 _6888_/Y
 _6889_/X
 _6890_/Y
 _6891_/X
 _6892_/X
 _6893_/Y
 _6894_/X
 _6895_/X
 _6896_/X
 _6897_/X
 _6898_/Y
 _6899_/Y
 _6900_/Y
 _6901_/Y
 _6902_/Y
 _6903_/Y
 _6904_/X
 _6905_/Y
 _6906_/Y
 _6907_/X
 _6908_/X
 _6909_/X
 _6910_/X
 _6911_/X
 _6912_/Y
 _6913_/X
 _6914_/Y
 _6915_/Y
 _6916_/Y
 _6917_/X
 _6918_/Y
 _6919_/Y
 _6920_/Y
 _6921_/Y
 _6922_/X
 _6923_/Y
 _6924_/Y
 _6925_/X
 _6926_/Y
 _6927_/Y
 _6928_/X
 _6929_/X
 _6930_/Y
 _6931_/Y
 _6932_/X
 _6933_/Y
 _6934_/Y
 _6935_/Y
 _6936_/Y
 _6937_/X
 _6938_/Y
 _6939_/Y
 _6940_/Y
 _6941_/X
 _6942_/Y
 _6943_/Y
 _6944_/Y
 _6945_/Y
 _6946_/Y
 _6947_/Y
 _6948_/X
 _6949_/Y
 _6950_/X
 _6951_/Y
 _6952_/Y
 _6953_/X
 _6954_/X
 _6955_/X
 _6956_/Y
 _6957_/Y
 _6958_/Y
 _6959_/Y
 _6960_/Y
 _6961_/Y
 _6962_/X
 _6963_/Y
 _6964_/Y
 _6965_/X
 _6966_/X
 _6967_/Y
 _6968_/Y
 _6969_/X
 _6970_/X
 _6971_/Y
 _6972_/Y
 _6973_/X
 _6974_/Y
 _6975_/Y
 _6976_/X
 _6977_/Y
 _6978_/X
 _6979_/Y
 _6980_/Y
 _6981_/Y
 _6982_/Y
 _6983_/X
 _6984_/Y
 _6985_/X
 _6986_/Y
 _6987_/Y
 _6988_/Y
 _6989_/Y
 _6990_/Y
 _6991_/Y
 _6992_/X
 _6993_/Y
 _6994_/Y
 _6995_/X
 _6996_/Y
 _6997_/X
 _6998_/X
 _6999_/Y
 _7000_/Y
 _7001_/X
 _7002_/Y
 _7003_/X
 _7004_/X
 _7005_/Y
 _7006_/X
 _7007_/Y
 _7008_/X
 _7009_/X
 _7010_/Y
 _7011_/X
 _7012_/X
 _7013_/X
 _7014_/Y
 _7015_/Y
 _7016_/X
 _7017_/X
 _7018_/X
 _7019_/X
 _7020_/X
 _7021_/Y
 _7022_/X
 _7023_/X
 _7024_/X
 _7025_/X
 _7026_/X
 _7027_/X
 _7028_/X
 _7029_/X
 _7030_/X
 _7031_/Y
 _7032_/Y
 _7033_/X
 _7034_/Y
 _7035_/Y
 _7036_/Y
 _7037_/Y
 _7038_/X
 _7039_/Y
 _7040_/Y
 _7041_/X
 _7042_/Y
 _7043_/Y
 _7044_/X
 _7045_/Y
 _7046_/Y
 _7047_/Y
 _7048_/X
 _7049_/X
 _7050_/Y
 _7051_/X
 _7052_/Y
 _7053_/Y
 _7054_/Y
 _7055_/Y
 _7056_/Y
 _7057_/X
 _7058_/X
 _7059_/Y
 _7060_/Y
 _7061_/X
 _7062_/Y
 _7063_/X
 _7064_/X
 _7065_/X
 _7066_/X
 _7067_/X
 _7068_/X
 _7069_/X
 _7070_/Y
 _7071_/Y
 _7072_/Y
 _7073_/X
 _7074_/Y
 _7075_/Y
 _7076_/Y
 _7077_/X
 _7078_/Y
 _7079_/X
 _7080_/Y
 _7081_/X
 _7082_/X
 _7083_/Y
 _7084_/Y
 _7085_/X
 _7086_/X
 _7087_/Y
 _7088_/Y
 _7089_/Y
 _7090_/X
 _7091_/Y
 _7092_/X
 _7093_/Y
 _7094_/Y
 _7095_/Y
 _7096_/Y
 _7097_/X
 _7098_/Y
 _7099_/Y
 _7100_/Y
 _7101_/X
 _7102_/Y
 _7103_/X
 _7104_/Y
 _7105_/X
 _7106_/X
 _7107_/Y
 _7108_/X
 _7109_/X
 _7110_/Y
 _7111_/X
 _7112_/Y
 _7113_/Y
 _7114_/Y
 _7115_/Y
 _7116_/Y
 _7117_/Y
 _7118_/X
 _7119_/X
 _7120_/Y
 _7121_/Y
 _7122_/Y
 _7123_/X
 _7124_/Y
 _7125_/X
 _7126_/X
 _7127_/Y
 _7128_/X
 _7129_/Y
 _7130_/X
 _7131_/X
 _7132_/Y
 _7133_/X
 _7134_/X
 _7135_/X
 _7136_/Y
 _7137_/X
 _7138_/X
 _7139_/X
 _7140_/Y
 _7141_/X
 _7142_/Y
 _7143_/Y
 _7144_/Y
 _7145_/Y
 _7146_/Y
 _7147_/X
 _7148_/Y
 _7149_/Y
 _7150_/X
 _7151_/X
 _7152_/X
 _7153_/Y
 _7154_/X
 _7155_/Y
 _7156_/Y
 _7157_/X
 _7158_/X
 _7159_/Y
 _7160_/X
 _7161_/Y
 _7162_/Y
 _7163_/X
 _7164_/Y
 _7165_/X
 _7166_/X
 _7167_/X
 _7168_/X
 _7169_/Y
 _7170_/Y
 _7171_/Y
 _7172_/X
 _7173_/X
 _7174_/X
 _7175_/X
 _7176_/X
 _7177_/X
 _7178_/X
 _7179_/X
 _7180_/X
 _7181_/X
 _7182_/X
 _7183_/X
 _7184_/X
 _7185_/X
 _7186_/X
 _7187_/Y
 _7188_/Y
 _7189_/X
 _7190_/X
 _7191_/X
 _7192_/Y
 _7193_/X
 _7194_/Y
 _7195_/X
 _7196_/Y
 _7197_/Y
 _7198_/Y
 _7199_/X
 _7200_/X
 _7201_/X
 _7202_/X
 _7203_/Y
 _7204_/X
 _7205_/Y
 _7206_/Y
 _7207_/X
 _7208_/X
 _7209_/Y
 _7210_/X
 _7211_/X
 _7212_/X
 _7213_/Y
 _7214_/Y
 _7215_/X
 _7216_/Y
 _7217_/Y
 _7218_/Y
 _7219_/X
 _7220_/Y
 _7221_/Y
 _7222_/Y
 _7223_/Y
 _7224_/X
 _7225_/Y
 _7226_/Y
 _7227_/Y
 _7228_/X
 _7229_/X
 _7230_/X
 _7231_/Y
 _7232_/X
 _7233_/Y
 _7234_/Y
 _7235_/Y
 _7236_/Y
 _7237_/X
 _7238_/X
 _7239_/Y
 _7240_/X
 _7241_/Y
 _7242_/X
 _7243_/Y
 _7244_/X
 _7245_/Y
 _7246_/Y
 _7247_/X
 _7248_/Y
 _7249_/Y
 _7250_/Y
 _7251_/Y
 _7252_/X
 _7253_/Y
 _7254_/Y
 _7255_/Y
 _7256_/X
 _7257_/Y
 _7258_/Y
 _7259_/X
 _7260_/Y
 _7261_/Y
 _7262_/X
 _7263_/X
 _7264_/X
 _7265_/X
 _7266_/Y
 _7267_/Y
 _7268_/Y
 _7269_/Y
 _7270_/X
 _7271_/Y
 _7272_/Y
 _7273_/Y
 _7274_/Y
 _7275_/X
 _7276_/Y
 _7277_/Y
 _7278_/Y
 _7279_/X
 _7280_/Y
 _7281_/X
 _7282_/Y
 _7283_/X
 _7284_/X
 _7285_/Y
 _7286_/X
 _7287_/X
 _7288_/X
 _7289_/Y
 _7290_/X
 _7291_/Y
 _7292_/X
 _7293_/Y
 _7294_/Y
 _7295_/Y
 _7296_/Y
 _7297_/X
 _7298_/X
 _7299_/Y
 _7300_/Y
 _7301_/Y
 _7302_/X
 _7303_/Y
 _7304_/X
 _7305_/X
 _7306_/Y
 _7307_/X
 _7308_/Y
 _7309_/X
 _7310_/X
 _7311_/Y
 _7312_/X
 _7313_/X
 _7314_/X
 _7315_/Y
 _7316_/X
 _7317_/Y
 _7318_/X
 _7319_/X
 _7320_/X
 _7321_/X
 _7322_/X
 _7323_/X
 _7324_/Y
 _7325_/X
 _7326_/Y
 _7327_/Y
 _7328_/Y
 _7329_/Y
 _7330_/Y
 _7331_/X
 _7332_/Y
 _7333_/Y
 _7334_/X
 _7335_/Y
 _7336_/X
 _7337_/Y
 _7338_/X
 _7339_/Y
 _7340_/X
 _7341_/Y
 _7342_/Y
 _7343_/X
 _7344_/X
 _7345_/Y
 _7346_/Y
 _7347_/Y
 _7348_/X
 _7349_/Y
 _7350_/X
 _7351_/Y
 _7352_/X
 _7353_/X
 _7354_/Y
 _7355_/Y
 _7356_/Y
 _7357_/X
 _7358_/X
 _7359_/Y
 _7360_/Y
 _7361_/X
 _7362_/Y
 _7363_/Y
 _7364_/Y
 _7365_/Y
 _7366_/X
 _7367_/X
 _7368_/X
 _7369_/X
 _7370_/Y
 _7371_/X
 _7372_/X
 _7373_/X
 _7374_/Y
 _7375_/Y
 _7376_/Y
 _7377_/X
 _7378_/X
 _7379_/X
 _7380_/X
 _7381_/X
 _7382_/Y
 _7383_/X
 _7384_/X
 _7385_/X
 _7386_/Y
 _7387_/X
 _7388_/X
 _7389_/Y
 _7390_/X
 _7391_/X
 _7392_/Y
 _7393_/X
 _7394_/Y
 _7395_/Y
 _7396_/Y
 _7397_/X
 _7398_/Y
 _7399_/X
 _7400_/X
 _7401_/X
 _7402_/X
 _7403_/Y
 _7404_/X
 _7405_/Y
 _7406_/Y
 _7407_/Y
 _7408_/X
 _7409_/Y
 _7410_/Y
 _7411_/Y
 _7412_/Y
 _7413_/X
 _7414_/X
 _7415_/Y
 _7416_/Y
 _7417_/X
 _7418_/X
 _7419_/Y
 _7420_/Y
 _7421_/X
 _7422_/X
 _7423_/X
 _7424_/Y
 _7425_/X
 _7426_/X
 _7427_/X
 _7428_/X
 _7429_/Y
 _7430_/X
 _7431_/X
 _7432_/X
 _7433_/X
 _7434_/Y
 _7435_/X
 _7436_/Y
 _7437_/X
 _7438_/Y
 _7439_/X
 _7440_/X
 _7441_/Y
 _7442_/Y
 _7443_/Y
 _7444_/X
 _7445_/X
 _7446_/X
 _7447_/X
 _7448_/X
 _7449_/Y
 _7450_/X
 _7451_/Y
 _7452_/X
 _7453_/Y
 _7454_/Y
 _7455_/Y
 _7456_/X
 _7457_/X
 _7458_/X
 _7459_/Y
 _7460_/X
 _7461_/X
 _7462_/Y
 _7463_/X
 _7464_/X
 _7465_/Y
 _7466_/X
 _7467_/Y
 _7468_/Y
 _7469_/Y
 _7470_/X
 _7471_/X
 _7472_/Y
 _7473_/X
 _7474_/Y
 _7475_/X
 _7476_/Y
 _7477_/X
 _7478_/X
 _7479_/X
 _7480_/Y
 _7481_/Y
 _7482_/X
 _7483_/X
 _7484_/X
 _7485_/Y
 _7486_/Y
 _7487_/X
 _7488_/Y
 _7489_/Y
 _7490_/X
 _7491_/Y
 _7492_/Y
 _7493_/Y
 _7494_/X
 _7495_/X
 _7496_/Y
 _7497_/X
 _7498_/X
 _7499_/Y
 _7500_/X
 _7501_/Y
 _7502_/Y
 _7503_/X
 _7504_/X
 _7505_/X
 _7506_/X
 _7507_/X
 _7508_/Y
 _7509_/X
 _7510_/Y
 _7511_/Y
 _7512_/Y
 _7513_/X
 _7514_/X
 _7515_/Y
 _7516_/Y
 _7517_/X
 _7518_/Y
 _7519_/Y
 _7520_/X
 _7521_/Y
 _7522_/X
 _7523_/Y
 _7524_/Y
 _7525_/Y
 _7526_/Y
 _7527_/Y
 _7528_/Y
 _7529_/X
 _7530_/Y
 _7531_/Y
 _7532_/X
 _7533_/Y
 _7534_/X
 _7535_/X
 _7536_/X
 _7537_/X
 _7538_/X
 _7539_/Y
 _7540_/X
 _7541_/Y
 _7542_/X
 _7543_/Y
 _7544_/Y
 _7545_/X
 _7546_/Y
 _7547_/X
 _7548_/Y
 _7549_/Y
 _7550_/Y
 _7551_/Y
 _7552_/Y
 _7553_/Y
 _7554_/X
 _7555_/X
 _7556_/X
 _7557_/X
 _7558_/Y
 _7559_/Y
 _7560_/Y
 _7561_/X
 _7562_/Y
 _7563_/X
 _7564_/Y
 _7565_/X
 _7566_/X
 _7567_/X
 _7568_/Y
 _7569_/Y
 _7570_/Y
 _7571_/X
 _7572_/X
 _7573_/Y
 _7574_/X
 _7575_/X
 _7576_/X
 _7577_/Y
 _7578_/Y
 _7579_/Y
 _7580_/Y
 _7581_/X
 _7582_/Y
 _7583_/Y
 _7584_/X
 _7585_/Y
 _7586_/Y
 _7587_/Y
 _7588_/Y
 _7589_/Y
 _7590_/Y
 _7591_/Y
 _7592_/Y
 _7593_/Y
 _7594_/Y
 _7595_/X
 _7596_/X
 _7597_/Y
 _7598_/X
 _7599_/X
 _7600_/X
 _7601_/X
 _7602_/Y
 _7603_/X
 _7604_/Y
 _7605_/Y
 _7606_/Y
 _7607_/Y
 _7608_/Y
 _7609_/X
 _7610_/X
 _7611_/Y
 _7612_/Y
 _7613_/Y
 _7614_/X
 _7615_/Y
 _7616_/Y
 _7617_/Y
 _7618_/Y
 _7619_/X
 _7620_/X
 _7621_/Y
 _7622_/Y
 _7623_/Y
 _7624_/X
 _7625_/Y
 _7626_/Y
 _7627_/Y
 _7628_/Y
 _7629_/Y
 _7630_/Y
 _7631_/Y
 _7632_/Y
 _7633_/X
 _7634_/X
 _7635_/Y
 _7636_/Y
 _7637_/X
 _7638_/Y
 _7639_/Y
 _7640_/X
 _7641_/X
 _7642_/X
 _7643_/Y
 _7644_/X
 _7645_/X
 _7646_/X
 _7647_/X
 _7648_/X
 _7649_/Y
 _7650_/Y
 _7651_/Y
 _7652_/X
 _7653_/X
 _7654_/Y
 _7655_/Y
 _7656_/Y
 _7657_/X
 _7658_/Y
 _7659_/X
 _7660_/Y
 _7661_/Y
 _7662_/Y
 _7663_/Y
 _7664_/Y
 _7665_/Y
 _7666_/Y
 _7667_/X
 _7668_/Y
 _7669_/Y
 _7670_/Y
 _7671_/Y
 _7672_/X
 _7673_/Y
 _7674_/Y
 _7675_/Y
 _7676_/Y
 _7677_/Y
 _7678_/Y
 _7679_/Y
 _7680_/Y
 _7681_/X
 _7682_/X
 _7683_/Y
 _7684_/X
 _7685_/X
 _7686_/X
 _7687_/X
 _7688_/X
 _7689_/X
 _7690_/X
 _7691_/Y
 _7692_/Y
 _7693_/X
 _7694_/X
 _7695_/X
 _7696_/X
 _7697_/X
 _7698_/X
 _7699_/X
 _7700_/X
 _7701_/X
 _7702_/X
 _7703_/X
 _7704_/X
 _7705_/X
 _7706_/Y
 _7707_/Y
 _7708_/X
 _7709_/Y
 _7710_/X
 _7711_/Y
 _7712_/X
 _7713_/X
 _7714_/X
 _7715_/X
 _7716_/X
 _7717_/X
 _7718_/X
 _7719_/X
 _7720_/X
 clone11/X
 clone12/X
 clone14/X
 clone22/X
 clone24/X
 clone25/X
 clone26/X
 clone27/X
 clone30/X
 clone31/X
 clone6/X
 fanout3/X
 input1/X
 input10/X
 input11/X
 input12/X
 input13/X
 input14/X
 input15/X
 input16/X
 input17/X
 input18/X
 input19/X
 input2/X
 input20/X
 input21/X
 input22/X
 input23/X
 input24/X
 input25/X
 input26/X
 input27/X
 input28/X
 input29/X
 input3/X
 input30/X
 input31/X
 input32/X
 input33/X
 input34/X
 input35/X
 input36/X
 input37/X
 input38/X
 input39/X
 input4/X
 input40/X
 input41/X
 input42/X
 input43/X
 input44/X
 input45/X
 input46/X
 input47/X
 input48/X
 input49/X
 input5/X
 input50/X
 input51/X
 input52/X
 input53/X
 input54/X
 input55/X
 input56/X
 input57/X
 input58/X
 input59/X
 input6/X
 input60/X
 input61/X
 input62/X
 input63/X
 input64/X
 input65/X
 input66/X
 input7/X
 input8/X
 input9/X
 max_cap1/X
 max_cap103/X
 max_cap104/X
 max_cap105/X
 max_cap106/X
 max_cap107/X
 max_cap108/X
 max_cap109/X
 max_cap110/X
 max_cap111/X
 max_cap112/X
 max_cap113/X
 max_cap114/X
 max_cap117/X
 max_cap118/X
 max_cap2/X
 output100/X
 output101/X
 output67/X
 output68/X
 output69/X
 output70/X
 output71/X
 output72/X
 output73/X
 output74/X
 output75/X
 output76/X
 output77/X
 output78/X
 output79/X
 output80/X
 output81/X
 output82/X
 output83/X
 output84/X
 output85/X
 output86/X
 output87/X
 output88/X
 output89/X
 output90/X
 output91/X
 output92/X
 output93/X
 output94/X
 output95/X
 output96/X
 output97/X
 output98/X
 output99/X
 rebuffer1/X
 rebuffer10/X
 rebuffer11/X
 rebuffer12/X
 rebuffer13/X
 rebuffer15/X
 rebuffer16/X
 rebuffer17/X
 rebuffer18/X
 rebuffer19/X
 rebuffer2/X
 rebuffer20/X
 rebuffer21/X
 rebuffer23/X
 rebuffer28/X
 rebuffer29/X
 rebuffer3/X
 rebuffer4/X
 rebuffer5/X
 rebuffer6/X
 rebuffer7/X
 rebuffer8/X
 rebuffer9/X
 wire102/X
 wire115/X
 wire116/X
Found 0 partially unannotated drivers.

===========================================================================
max slew violation count 0
max fanout violation count 8
max cap violation count 0
============================================================================

===========================================================================
check_setup -verbose -unconstrained_endpoints -multiple_clock -no_clock -no_input_delay -loops -generated_clocks
===========================================================================
