
===========================================================================
report_checks -unconstrained
===========================================================================
======================= nom_tt_025C_1v80 Corner ===================================

Startpoint: B[10] (input port clocked by __VIRTUAL_CLK__)
Endpoint: zero (output port clocked by __VIRTUAL_CLK__)
Path Group: __VIRTUAL_CLK__
Path Type: max

Fanout         Cap        Slew       Delay        Time   Description
---------------------------------------------------------------------------------------------
                      0.000000    0.000000    0.000000   clock __VIRTUAL_CLK__ (rise edge)
                                  0.000000    0.000000   clock network delay (ideal)
                                  2.000000    2.000000 v input external delay
     1    0.002739    0.008490    0.004308    2.004308 v B[10] (in)
                                                         B[10] (net)
                      0.008490    0.000000    2.004308 v input34/A (sky130_fd_sc_hd__clkbuf_2)
     3    0.028116    0.110728    0.155686    2.159994 v input34/X (sky130_fd_sc_hd__clkbuf_2)
                                                         net34 (net)
                      0.110729    0.000507    2.160502 v fanout440/A (sky130_fd_sc_hd__buf_6)
     6    0.026159    0.037646    0.160858    2.321360 v fanout440/X (sky130_fd_sc_hd__buf_6)
                                                         net440 (net)
                      0.037650    0.000407    2.321767 v fanout439/A (sky130_fd_sc_hd__clkbuf_4)
     9    0.034372    0.079916    0.179301    2.501068 v fanout439/X (sky130_fd_sc_hd__clkbuf_4)
                                                         net439 (net)
                      0.079920    0.000719    2.501788 v fanout438/A (sky130_fd_sc_hd__buf_4)
    10    0.028484    0.052484    0.177464    2.679252 v fanout438/X (sky130_fd_sc_hd__buf_4)
                                                         net438 (net)
                      0.052485    0.000353    2.679605 v _4959_/A2 (sky130_fd_sc_hd__a22o_2)
     2    0.004670    0.045287    0.260730    2.940334 v _4959_/X (sky130_fd_sc_hd__a22o_2)
                                                         _0635_ (net)
                      0.045287    0.000006    2.940341 v _4961_/A3 (sky130_fd_sc_hd__a31o_2)
     2    0.013111    0.060888    0.272400    3.212740 v _4961_/X (sky130_fd_sc_hd__a31o_2)
                                                         _0637_ (net)
                      0.060888    0.000015    3.212755 v _4969_/B1 (sky130_fd_sc_hd__a21o_4)
     2    0.011106    0.041431    0.195650    3.408405 v _4969_/X (sky130_fd_sc_hd__a21o_4)
                                                         _0646_ (net)
                      0.041431    0.000033    3.408438 v _5043_/A2 (sky130_fd_sc_hd__a21o_2)
     3    0.011776    0.057283    0.232685    3.641123 v _5043_/X (sky130_fd_sc_hd__a21o_2)
                                                         _0727_ (net)
                      0.057283    0.000024    3.641147 v _5044_/C (sky130_fd_sc_hd__and3_4)
     2    0.008877    0.038331    0.187714    3.828861 v _5044_/X (sky130_fd_sc_hd__and3_4)
                                                         _0728_ (net)
                      0.038331    0.000024    3.828884 v _5061_/C1 (sky130_fd_sc_hd__a211o_4)
     3    0.013176    0.062594    0.279591    4.108475 v _5061_/X (sky130_fd_sc_hd__a211o_4)
                                                         _0747_ (net)
                      0.062594    0.000075    4.108551 v _5063_/A1 (sky130_fd_sc_hd__a211o_4)
     2    0.005351    0.050866    0.322840    4.431391 v _5063_/X (sky130_fd_sc_hd__a211o_4)
                                                         _0749_ (net)
                      0.050866    0.000027    4.431418 v _5081_/A (sky130_fd_sc_hd__and3_4)
     3    0.012241    0.042564    0.160655    4.592073 v _5081_/X (sky130_fd_sc_hd__and3_4)
                                                         _0769_ (net)
                      0.042564    0.000033    4.592106 v _5166_/B (sky130_fd_sc_hd__or3_4)
     2    0.006353    0.069648    0.364379    4.956485 v _5166_/X (sky130_fd_sc_hd__or3_4)
                                                         _0862_ (net)
                      0.069648    0.000008    4.956493 v _5169_/A1 (sky130_fd_sc_hd__a211o_4)
     2    0.007962    0.054670    0.332306    5.288799 v _5169_/X (sky130_fd_sc_hd__a211o_4)
                                                         _0866_ (net)
                      0.054670    0.000035    5.288834 v _5170_/C (sky130_fd_sc_hd__and3_4)
     5    0.022943    0.054433    0.209404    5.498238 v _5170_/X (sky130_fd_sc_hd__and3_4)
                                                         _0867_ (net)
                      0.054433    0.000059    5.498296 v _5172_/A2 (sky130_fd_sc_hd__o211a_4)
     3    0.009000    0.044286    0.235370    5.733666 v _5172_/X (sky130_fd_sc_hd__o211a_4)
                                                         _0869_ (net)
                      0.044286    0.000015    5.733681 v _5253_/A1 (sky130_fd_sc_hd__o211a_2)
     2    0.007275    0.051422    0.268645    6.002326 v _5253_/X (sky130_fd_sc_hd__o211a_2)
                                                         _0958_ (net)
                      0.051422    0.000024    6.002350 v _5255_/A2 (sky130_fd_sc_hd__o211a_2)
     2    0.007422    0.051825    0.252027    6.254378 v _5255_/X (sky130_fd_sc_hd__o211a_2)
                                                         _0960_ (net)
                      0.051825    0.000036    6.254414 v _5822_/A2 (sky130_fd_sc_hd__o211a_2)
     2    0.008602    0.056649    0.256561    6.510975 v _5822_/X (sky130_fd_sc_hd__o211a_2)
                                                         _1584_ (net)
                      0.056649    0.000008    6.510983 v _5842_/A2 (sky130_fd_sc_hd__o211a_4)
     2    0.006658    0.041512    0.231112    6.742095 v _5842_/X (sky130_fd_sc_hd__o211a_4)
                                                         _1606_ (net)
                      0.041512    0.000084    6.742179 v _5856_/B (sky130_fd_sc_hd__or4bb_4)
     2    0.006223    0.087977    0.513836    7.256015 v _5856_/X (sky130_fd_sc_hd__or4bb_4)
                                                         _1621_ (net)
                      0.087977    0.000024    7.256039 v _5872_/C1 (sky130_fd_sc_hd__a2111o_2)
     2    0.011688    0.089286    0.450120    7.706159 v _5872_/X (sky130_fd_sc_hd__a2111o_2)
                                                         _1639_ (net)
                      0.089286    0.000203    7.706361 v _5877_/A2 (sky130_fd_sc_hd__a2111o_2)
     2    0.009025    0.079939    0.502491    8.208853 v _5877_/X (sky130_fd_sc_hd__a2111o_2)
                                                         _1644_ (net)
                      0.079939    0.000083    8.208935 v _5917_/A2 (sky130_fd_sc_hd__a21o_4)
     4    0.015308    0.047524    0.242394    8.451329 v _5917_/X (sky130_fd_sc_hd__a21o_4)
                                                         _1688_ (net)
                      0.047524    0.000112    8.451441 v _5936_/A1 (sky130_fd_sc_hd__a221o_2)
     2    0.013061    0.080939    0.389681    8.841122 v _5936_/X (sky130_fd_sc_hd__a221o_2)
                                                         _1709_ (net)
                      0.080939    0.000260    8.841382 v _5941_/A2 (sky130_fd_sc_hd__a211o_4)
     3    0.015463    0.067247    0.367652    9.209034 v _5941_/X (sky130_fd_sc_hd__a211o_4)
                                                         _1715_ (net)
                      0.067250    0.000553    9.209587 v _6982_/A1 (sky130_fd_sc_hd__a311o_2)
     2    0.013752    0.082850    0.360528    9.570116 v _6982_/X (sky130_fd_sc_hd__a311o_2)
                                                         net94 (net)
                      0.082856    0.000377    9.570493 v _6994_/C (sky130_fd_sc_hd__or4b_4)
     1    0.008128    0.092722    0.501369   10.071862 v _6994_/X (sky130_fd_sc_hd__or4b_4)
                                                         _2841_ (net)
                      0.092722    0.000016   10.071877 v _6995_/D (sky130_fd_sc_hd__nor4_4)
     1    0.005335    0.203989    0.152135   10.224013 ^ _6995_/Y (sky130_fd_sc_hd__nor4_4)
                                                         net103 (net)
                      0.203989    0.000012   10.224026 ^ output103/A (sky130_fd_sc_hd__buf_6)
     1    0.035270    0.079901    0.170084   10.394110 ^ output103/X (sky130_fd_sc_hd__buf_6)
                                                         zero (net)
                      0.079901    0.000398   10.394507 ^ zero (out)
                                             10.394507   data arrival time

                      0.000000   10.000000   10.000000   clock __VIRTUAL_CLK__ (rise edge)
                                  0.000000   10.000000   clock network delay (ideal)
                                 -0.250000    9.750000   clock uncertainty
                                  0.000000    9.750000   clock reconvergence pessimism
                                 -2.000000    7.750000   output external delay
                                              7.750000   data required time
---------------------------------------------------------------------------------------------
                                              7.750000   data required time
                                            -10.394507   data arrival time
---------------------------------------------------------------------------------------------
                                             -2.644508   slack (VIOLATED)




===========================================================================
report_checks --slack_max -0.01
============================================================================
======================= nom_tt_025C_1v80 Corner ===================================

Startpoint: B[10] (input port clocked by __VIRTUAL_CLK__)
Endpoint: zero (output port clocked by __VIRTUAL_CLK__)
Path Group: __VIRTUAL_CLK__
Path Type: max

Fanout         Cap        Slew       Delay        Time   Description
---------------------------------------------------------------------------------------------
                      0.000000    0.000000    0.000000   clock __VIRTUAL_CLK__ (rise edge)
                                  0.000000    0.000000   clock network delay (ideal)
                                  2.000000    2.000000 v input external delay
     1    0.002739    0.008490    0.004308    2.004308 v B[10] (in)
                                                         B[10] (net)
                      0.008490    0.000000    2.004308 v input34/A (sky130_fd_sc_hd__clkbuf_2)
     3    0.028116    0.110728    0.155686    2.159994 v input34/X (sky130_fd_sc_hd__clkbuf_2)
                                                         net34 (net)
                      0.110729    0.000507    2.160502 v fanout440/A (sky130_fd_sc_hd__buf_6)
     6    0.026159    0.037646    0.160858    2.321360 v fanout440/X (sky130_fd_sc_hd__buf_6)
                                                         net440 (net)
                      0.037650    0.000407    2.321767 v fanout439/A (sky130_fd_sc_hd__clkbuf_4)
     9    0.034372    0.079916    0.179301    2.501068 v fanout439/X (sky130_fd_sc_hd__clkbuf_4)
                                                         net439 (net)
                      0.079920    0.000719    2.501788 v fanout438/A (sky130_fd_sc_hd__buf_4)
    10    0.028484    0.052484    0.177464    2.679252 v fanout438/X (sky130_fd_sc_hd__buf_4)
                                                         net438 (net)
                      0.052485    0.000353    2.679605 v _4959_/A2 (sky130_fd_sc_hd__a22o_2)
     2    0.004670    0.045287    0.260730    2.940334 v _4959_/X (sky130_fd_sc_hd__a22o_2)
                                                         _0635_ (net)
                      0.045287    0.000006    2.940341 v _4961_/A3 (sky130_fd_sc_hd__a31o_2)
     2    0.013111    0.060888    0.272400    3.212740 v _4961_/X (sky130_fd_sc_hd__a31o_2)
                                                         _0637_ (net)
                      0.060888    0.000015    3.212755 v _4969_/B1 (sky130_fd_sc_hd__a21o_4)
     2    0.011106    0.041431    0.195650    3.408405 v _4969_/X (sky130_fd_sc_hd__a21o_4)
                                                         _0646_ (net)
                      0.041431    0.000033    3.408438 v _5043_/A2 (sky130_fd_sc_hd__a21o_2)
     3    0.011776    0.057283    0.232685    3.641123 v _5043_/X (sky130_fd_sc_hd__a21o_2)
                                                         _0727_ (net)
                      0.057283    0.000024    3.641147 v _5044_/C (sky130_fd_sc_hd__and3_4)
     2    0.008877    0.038331    0.187714    3.828861 v _5044_/X (sky130_fd_sc_hd__and3_4)
                                                         _0728_ (net)
                      0.038331    0.000024    3.828884 v _5061_/C1 (sky130_fd_sc_hd__a211o_4)
     3    0.013176    0.062594    0.279591    4.108475 v _5061_/X (sky130_fd_sc_hd__a211o_4)
                                                         _0747_ (net)
                      0.062594    0.000075    4.108551 v _5063_/A1 (sky130_fd_sc_hd__a211o_4)
     2    0.005351    0.050866    0.322840    4.431391 v _5063_/X (sky130_fd_sc_hd__a211o_4)
                                                         _0749_ (net)
                      0.050866    0.000027    4.431418 v _5081_/A (sky130_fd_sc_hd__and3_4)
     3    0.012241    0.042564    0.160655    4.592073 v _5081_/X (sky130_fd_sc_hd__and3_4)
                                                         _0769_ (net)
                      0.042564    0.000033    4.592106 v _5166_/B (sky130_fd_sc_hd__or3_4)
     2    0.006353    0.069648    0.364379    4.956485 v _5166_/X (sky130_fd_sc_hd__or3_4)
                                                         _0862_ (net)
                      0.069648    0.000008    4.956493 v _5169_/A1 (sky130_fd_sc_hd__a211o_4)
     2    0.007962    0.054670    0.332306    5.288799 v _5169_/X (sky130_fd_sc_hd__a211o_4)
                                                         _0866_ (net)
                      0.054670    0.000035    5.288834 v _5170_/C (sky130_fd_sc_hd__and3_4)
     5    0.022943    0.054433    0.209404    5.498238 v _5170_/X (sky130_fd_sc_hd__and3_4)
                                                         _0867_ (net)
                      0.054433    0.000059    5.498296 v _5172_/A2 (sky130_fd_sc_hd__o211a_4)
     3    0.009000    0.044286    0.235370    5.733666 v _5172_/X (sky130_fd_sc_hd__o211a_4)
                                                         _0869_ (net)
                      0.044286    0.000015    5.733681 v _5253_/A1 (sky130_fd_sc_hd__o211a_2)
     2    0.007275    0.051422    0.268645    6.002326 v _5253_/X (sky130_fd_sc_hd__o211a_2)
                                                         _0958_ (net)
                      0.051422    0.000024    6.002350 v _5255_/A2 (sky130_fd_sc_hd__o211a_2)
     2    0.007422    0.051825    0.252027    6.254378 v _5255_/X (sky130_fd_sc_hd__o211a_2)
                                                         _0960_ (net)
                      0.051825    0.000036    6.254414 v _5822_/A2 (sky130_fd_sc_hd__o211a_2)
     2    0.008602    0.056649    0.256561    6.510975 v _5822_/X (sky130_fd_sc_hd__o211a_2)
                                                         _1584_ (net)
                      0.056649    0.000008    6.510983 v _5842_/A2 (sky130_fd_sc_hd__o211a_4)
     2    0.006658    0.041512    0.231112    6.742095 v _5842_/X (sky130_fd_sc_hd__o211a_4)
                                                         _1606_ (net)
                      0.041512    0.000084    6.742179 v _5856_/B (sky130_fd_sc_hd__or4bb_4)
     2    0.006223    0.087977    0.513836    7.256015 v _5856_/X (sky130_fd_sc_hd__or4bb_4)
                                                         _1621_ (net)
                      0.087977    0.000024    7.256039 v _5872_/C1 (sky130_fd_sc_hd__a2111o_2)
     2    0.011688    0.089286    0.450120    7.706159 v _5872_/X (sky130_fd_sc_hd__a2111o_2)
                                                         _1639_ (net)
                      0.089286    0.000203    7.706361 v _5877_/A2 (sky130_fd_sc_hd__a2111o_2)
     2    0.009025    0.079939    0.502491    8.208853 v _5877_/X (sky130_fd_sc_hd__a2111o_2)
                                                         _1644_ (net)
                      0.079939    0.000083    8.208935 v _5917_/A2 (sky130_fd_sc_hd__a21o_4)
     4    0.015308    0.047524    0.242394    8.451329 v _5917_/X (sky130_fd_sc_hd__a21o_4)
                                                         _1688_ (net)
                      0.047524    0.000112    8.451441 v _5936_/A1 (sky130_fd_sc_hd__a221o_2)
     2    0.013061    0.080939    0.389681    8.841122 v _5936_/X (sky130_fd_sc_hd__a221o_2)
                                                         _1709_ (net)
                      0.080939    0.000260    8.841382 v _5941_/A2 (sky130_fd_sc_hd__a211o_4)
     3    0.015463    0.067247    0.367652    9.209034 v _5941_/X (sky130_fd_sc_hd__a211o_4)
                                                         _1715_ (net)
                      0.067250    0.000553    9.209587 v _6982_/A1 (sky130_fd_sc_hd__a311o_2)
     2    0.013752    0.082850    0.360528    9.570116 v _6982_/X (sky130_fd_sc_hd__a311o_2)
                                                         net94 (net)
                      0.082856    0.000377    9.570493 v _6994_/C (sky130_fd_sc_hd__or4b_4)
     1    0.008128    0.092722    0.501369   10.071862 v _6994_/X (sky130_fd_sc_hd__or4b_4)
                                                         _2841_ (net)
                      0.092722    0.000016   10.071877 v _6995_/D (sky130_fd_sc_hd__nor4_4)
     1    0.005335    0.203989    0.152135   10.224013 ^ _6995_/Y (sky130_fd_sc_hd__nor4_4)
                                                         net103 (net)
                      0.203989    0.000012   10.224026 ^ output103/A (sky130_fd_sc_hd__buf_6)
     1    0.035270    0.079901    0.170084   10.394110 ^ output103/X (sky130_fd_sc_hd__buf_6)
                                                         zero (net)
                      0.079901    0.000398   10.394507 ^ zero (out)
                                             10.394507   data arrival time

                      0.000000   10.000000   10.000000   clock __VIRTUAL_CLK__ (rise edge)
                                  0.000000   10.000000   clock network delay (ideal)
                                 -0.250000    9.750000   clock uncertainty
                                  0.000000    9.750000   clock reconvergence pessimism
                                 -2.000000    7.750000   output external delay
                                              7.750000   data required time
---------------------------------------------------------------------------------------------
                                              7.750000   data required time
                                            -10.394507   data arrival time
---------------------------------------------------------------------------------------------
                                             -2.644508   slack (VIOLATED)




===========================================================================
 report_check_types -max_slew -max_cap -max_fanout -violators
============================================================================
======================= nom_tt_025C_1v80 Corner ===================================



===========================================================================
report_parasitic_annotation -report_unannotated
============================================================================
Found 0 unannotated drivers.
Found 0 partially unannotated drivers.

===========================================================================
max slew violation count 0
Writing metric design__max_slew_violation__count__corner:nom_tt_025C_1v80: 0
max fanout violation count 0
Writing metric design__max_fanout_violation__count__corner:nom_tt_025C_1v80: 0
max cap violation count 0
Writing metric design__max_cap_violation__count__corner:nom_tt_025C_1v80: 0
============================================================================

===========================================================================
check_setup -verbose -unconstrained_endpoints -multiple_clock -no_clock -no_input_delay -loops -generated_clocks
===========================================================================
