
===========================================================================
Violator List
============================================================================
[setup in-out] B[10] -> zero : -2.644508
[setup in-out] B[10] -> overflow : -2.564091
[setup in-out] B[10] -> result[31] : -2.163371
[setup in-out] B[10] -> result[30] : -1.975555
[setup in-out] B[10] -> result[29] : -1.889338
[setup in-out] B[10] -> result[28] : -1.885214
[setup in-out] A[5] -> result[27] : -1.866432
[setup in-out] B[0] -> carry : -1.573060
[setup in-out] B[10] -> result[26] : -1.570076
[setup in-out] B[10] -> result[22] : -1.490576
[setup in-out] B[10] -> result[24] : -1.469112
[setup in-out] B[10] -> result[23] : -1.409890
[setup in-out] B[10] -> result[25] : -1.407572
[setup in-out] B[1] -> result[21] : -1.004619
[setup in-out] B[1] -> result[18] : -0.913743
[setup in-out] B[7] -> result[19] : -0.912529
[setup in-out] B[1] -> result[17] : -0.895513
[setup in-out] B[2] -> result[0] : -0.692405
[setup in-out] B[10] -> result[20] : -0.648429
[setup in-out] B[1] -> result[16] : -0.489091
[setup in-out] B[1] -> result[15] : -0.426897
[setup in-out] B[1] -> result[14] : -0.350984
[setup in-out] A[3] -> result[13] : -0.254869
[setup in-out] A[3] -> result[12] : -0.105280
Writing metric timing__hold_vio__count__corner:nom_tt_025C_1v80: 0
Writing metric timing__hold_r2r__ws__corner:nom_tt_025C_1v80: 1e30
Writing metric timing__hold_r2r_vio__count__corner:nom_tt_025C_1v80: 0
Writing metric timing__setup_vio__count__corner:nom_tt_025C_1v80: 24
Writing metric timing__setup_r2r__ws__corner:nom_tt_025C_1v80: 1e30
Writing metric timing__setup_r2r_vio__count__corner:nom_tt_025C_1v80: 0
