
===========================================================================
report_checks -unconstrained
===========================================================================
======================= min_tt_025C_1v80 Corner ===================================

Startpoint: B[1] (input port clocked by __VIRTUAL_CLK__)
Endpoint: zero (output port clocked by __VIRTUAL_CLK__)
Path Group: __VIRTUAL_CLK__
Path Type: max

Fanout         Cap        Slew       Delay        Time   Description
---------------------------------------------------------------------------------------------
                      0.000000    0.000000    0.000000   clock __VIRTUAL_CLK__ (rise edge)
                                  0.000000    0.000000   clock network delay (ideal)
                                  2.000000    2.000000 ^ input external delay
     1    0.008199    0.043394    0.028171    2.028171 ^ B[1] (in)
                                                         B[1] (net)
                      0.043394    0.000000    2.028171 ^ input44/A (sky130_fd_sc_hd__clkdlybuf4s25_1)
     2    0.027158    0.276783    0.410375    2.438546 ^ input44/X (sky130_fd_sc_hd__clkdlybuf4s25_1)
                                                         net44 (net)
                      0.276783    0.000418    2.438963 ^ fanout356/A (sky130_fd_sc_hd__clkdlybuf4s25_1)
     2    0.009756    0.108644    0.355719    2.794683 ^ fanout356/X (sky130_fd_sc_hd__clkdlybuf4s25_1)
                                                         net356 (net)
                      0.108644    0.000211    2.794894 ^ wire357/A (sky130_fd_sc_hd__clkbuf_4)
     6    0.062372    0.190337    0.264652    3.059546 ^ wire357/X (sky130_fd_sc_hd__clkbuf_4)
                                                         net357 (net)
                      0.190468    0.004098    3.063644 ^ fanout349/A (sky130_fd_sc_hd__clkdlybuf4s25_1)
     4    0.019188    0.199739    0.399445    3.463089 ^ fanout349/X (sky130_fd_sc_hd__clkdlybuf4s25_1)
                                                         net349 (net)
                      0.199739    0.000218    3.463307 ^ load_slew350/A (sky130_fd_sc_hd__buf_4)
     7    0.046254    0.134370    0.227510    3.690817 ^ load_slew350/X (sky130_fd_sc_hd__buf_4)
                                                         net350 (net)
                      0.134408    0.002166    3.692982 ^ _3503_/A (sky130_fd_sc_hd__inv_2)
     4    0.049856    0.116659    0.137599    3.830581 v _3503_/Y (sky130_fd_sc_hd__inv_2)
                                                         _0260_ (net)
                      0.116669    0.000902    3.831483 v fanout165/A (sky130_fd_sc_hd__clkbuf_4)
    10    0.103178    0.200717    0.309002    4.140484 v fanout165/X (sky130_fd_sc_hd__clkbuf_4)
                                                         net165 (net)
                      0.201120    0.006685    4.147170 v _5368_/B (sky130_fd_sc_hd__nor2_2)
     3    0.013920    0.177919    0.215200    4.362370 ^ _5368_/Y (sky130_fd_sc_hd__nor2_2)
                                                         _1084_ (net)
                      0.177919    0.000072    4.362442 ^ _5370_/B (sky130_fd_sc_hd__and3_2)
     2    0.008543    0.068446    0.226586    4.589028 ^ _5370_/X (sky130_fd_sc_hd__and3_2)
                                                         _1087_ (net)
                      0.068446    0.000117    4.589146 ^ _5397_/A (sky130_fd_sc_hd__nor2_2)
     1    0.008559    0.043912    0.052435    4.641581 v _5397_/Y (sky130_fd_sc_hd__nor2_2)
                                                         _1116_ (net)
                      0.043912    0.000082    4.641662 v _5410_/B (sky130_fd_sc_hd__xnor2_2)
     2    0.015098    0.233719    0.211581    4.853244 ^ _5410_/Y (sky130_fd_sc_hd__xnor2_2)
                                                         _1131_ (net)
                      0.233719    0.000141    4.853384 ^ _5412_/A (sky130_fd_sc_hd__xnor2_2)
     2    0.011514    0.193805    0.171360    5.024745 ^ _5412_/Y (sky130_fd_sc_hd__xnor2_2)
                                                         _1133_ (net)
                      0.193805    0.000456    5.025200 ^ rebuffer711/A (sky130_fd_sc_hd__buf_2)
     2    0.007609    0.049404    0.156561    5.181761 ^ rebuffer711/X (sky130_fd_sc_hd__buf_2)
                                                         net711 (net)
                      0.049404    0.000043    5.181804 ^ rebuffer710/A (sky130_fd_sc_hd__buf_2)
     1    0.004982    0.036004    0.101047    5.282851 ^ rebuffer710/X (sky130_fd_sc_hd__buf_2)
                                                         net710 (net)
                      0.036004    0.000025    5.282876 ^ _5414_/C (sky130_fd_sc_hd__nand3_2)
     2    0.010877    0.093441    0.093825    5.376700 v _5414_/Y (sky130_fd_sc_hd__nand3_2)
                                                         _1135_ (net)
                      0.093441    0.000137    5.376837 v _5415_/A2 (sky130_fd_sc_hd__a211o_4)
     4    0.019623    0.072539    0.380832    5.757669 v _5415_/X (sky130_fd_sc_hd__a211o_4)
                                                         _1136_ (net)
                      0.072539    0.000216    5.757885 v _5417_/B (sky130_fd_sc_hd__and3_2)
     5    0.022033    0.080068    0.255701    6.013586 v _5417_/X (sky130_fd_sc_hd__and3_2)
                                                         _1138_ (net)
                      0.080068    0.000230    6.013817 v _5511_/B (sky130_fd_sc_hd__or3_4)
     2    0.011130    0.076387    0.392392    6.406209 v _5511_/X (sky130_fd_sc_hd__or3_4)
                                                         _1242_ (net)
                      0.076387    0.000139    6.406348 v _5563_/A1 (sky130_fd_sc_hd__a21oi_4)
     2    0.009473    0.120787    0.145817    6.552165 ^ _5563_/Y (sky130_fd_sc_hd__a21oi_4)
                                                         _1299_ (net)
                      0.120787    0.000150    6.552315 ^ _5564_/B1 (sky130_fd_sc_hd__a211oi_2)
     4    0.016740    0.094552    0.089713    6.642028 v _5564_/Y (sky130_fd_sc_hd__a211oi_2)
                                                         _1300_ (net)
                      0.094552    0.000282    6.642310 v max_cap110/A (sky130_fd_sc_hd__clkbuf_2)
     3    0.011707    0.052954    0.148487    6.790796 v max_cap110/X (sky130_fd_sc_hd__clkbuf_2)
                                                         net110 (net)
                      0.052954    0.000218    6.791014 v _5567_/B1 (sky130_fd_sc_hd__a211o_2)
     2    0.007473    0.059732    0.321398    7.112412 v _5567_/X (sky130_fd_sc_hd__a211o_2)
                                                         _1303_ (net)
                      0.059732    0.000059    7.112472 v _5615_/A1 (sky130_fd_sc_hd__a211o_2)
     2    0.005982    0.056147    0.305467    7.417939 v _5615_/X (sky130_fd_sc_hd__a211o_2)
                                                         _1356_ (net)
                      0.056147    0.000063    7.418001 v _5651_/A1 (sky130_fd_sc_hd__a21bo_2)
     1    0.008688    0.049027    0.209983    7.627984 v _5651_/X (sky130_fd_sc_hd__a21bo_2)
                                                         _1396_ (net)
                      0.049027    0.000097    7.628080 v _5818_/B1 (sky130_fd_sc_hd__a41oi_4)
     2    0.018825    0.240203    0.237450    7.865530 ^ _5818_/Y (sky130_fd_sc_hd__a41oi_4)
                                                         _1579_ (net)
                      0.240204    0.000877    7.866407 ^ rebuffer693/A (sky130_fd_sc_hd__buf_6)
     4    0.015747    0.045896    0.150165    8.016573 ^ rebuffer693/X (sky130_fd_sc_hd__buf_6)
                                                         net693 (net)
                      0.045896    0.000132    8.016705 ^ _5821_/A2 (sky130_fd_sc_hd__a21o_4)
     2    0.012209    0.047963    0.124227    8.140932 ^ _5821_/X (sky130_fd_sc_hd__a21o_4)
                                                         _1583_ (net)
                      0.047963    0.000085    8.141017 ^ _6739_/A (sky130_fd_sc_hd__xor2_2)
     1    0.006748    0.052067    0.069323    8.210340 v _6739_/X (sky130_fd_sc_hd__xor2_2)
                                                         _2576_ (net)
                      0.052067    0.000126    8.210466 v _6753_/A2 (sky130_fd_sc_hd__a211o_4)
     2    0.017711    0.072390    0.360825    8.571292 v _6753_/X (sky130_fd_sc_hd__a211o_4)
                                                         net78 (net)
                      0.072390    0.000693    8.571984 v _6989_/C (sky130_fd_sc_hd__or4_4)
     1    0.008653    0.091709    0.497373    9.069357 v _6989_/X (sky130_fd_sc_hd__or4_4)
                                                         _2836_ (net)
                      0.091709    0.000252    9.069610 v _6990_/C (sky130_fd_sc_hd__or3_4)
     1    0.014651    0.082517    0.368494    9.438103 v _6990_/X (sky130_fd_sc_hd__or3_4)
                                                         _2837_ (net)
                      0.082519    0.000506    9.438609 v _6991_/C (sky130_fd_sc_hd__or3_4)
     1    0.009977    0.074615    0.351348    9.789958 v _6991_/X (sky130_fd_sc_hd__or3_4)
                                                         _2838_ (net)
                      0.074615    0.000198    9.790155 v _6992_/D (sky130_fd_sc_hd__nor4_4)
     1    0.009372    0.248058    0.181964    9.972119 ^ _6992_/Y (sky130_fd_sc_hd__nor4_4)
                                                         _2839_ (net)
                      0.248058    0.000355    9.972475 ^ wire104/A (sky130_fd_sc_hd__clkbuf_2)
     1    0.024292    0.138089    0.232055   10.204530 ^ wire104/X (sky130_fd_sc_hd__clkbuf_2)
                                                         net104 (net)
                      0.138089    0.000462   10.204991 ^ _6994_/D_N (sky130_fd_sc_hd__or4b_4)
     1    0.008159    0.091044    0.487717   10.692709 v _6994_/X (sky130_fd_sc_hd__or4b_4)
                                                         _2841_ (net)
                      0.091044    0.000072   10.692781 v _6995_/D (sky130_fd_sc_hd__nor4_4)
     1    0.005594    0.205191    0.153828   10.846609 ^ _6995_/Y (sky130_fd_sc_hd__nor4_4)
                                                         net103 (net)
                      0.205191    0.000057   10.846666 ^ output103/A (sky130_fd_sc_hd__buf_6)
     1    0.036316    0.081706    0.171499   11.018166 ^ output103/X (sky130_fd_sc_hd__buf_6)
                                                         zero (net)
                      0.081715    0.000886   11.019051 ^ zero (out)
                                             11.019051   data arrival time

                      0.000000   10.000000   10.000000   clock __VIRTUAL_CLK__ (rise edge)
                                  0.000000   10.000000   clock network delay (ideal)
                                 -0.250000    9.750000   clock uncertainty
                                  0.000000    9.750000   clock reconvergence pessimism
                                 -2.000000    7.750000   output external delay
                                              7.750000   data required time
---------------------------------------------------------------------------------------------
                                              7.750000   data required time
                                            -11.019051   data arrival time
---------------------------------------------------------------------------------------------
                                             -3.269051   slack (VIOLATED)




===========================================================================
report_checks --slack_max -0.01
============================================================================
======================= min_tt_025C_1v80 Corner ===================================

Startpoint: B[1] (input port clocked by __VIRTUAL_CLK__)
Endpoint: zero (output port clocked by __VIRTUAL_CLK__)
Path Group: __VIRTUAL_CLK__
Path Type: max

Fanout         Cap        Slew       Delay        Time   Description
---------------------------------------------------------------------------------------------
                      0.000000    0.000000    0.000000   clock __VIRTUAL_CLK__ (rise edge)
                                  0.000000    0.000000   clock network delay (ideal)
                                  2.000000    2.000000 ^ input external delay
     1    0.008199    0.043394    0.028171    2.028171 ^ B[1] (in)
                                                         B[1] (net)
                      0.043394    0.000000    2.028171 ^ input44/A (sky130_fd_sc_hd__clkdlybuf4s25_1)
     2    0.027158    0.276783    0.410375    2.438546 ^ input44/X (sky130_fd_sc_hd__clkdlybuf4s25_1)
                                                         net44 (net)
                      0.276783    0.000418    2.438963 ^ fanout356/A (sky130_fd_sc_hd__clkdlybuf4s25_1)
     2    0.009756    0.108644    0.355719    2.794683 ^ fanout356/X (sky130_fd_sc_hd__clkdlybuf4s25_1)
                                                         net356 (net)
                      0.108644    0.000211    2.794894 ^ wire357/A (sky130_fd_sc_hd__clkbuf_4)
     6    0.062372    0.190337    0.264652    3.059546 ^ wire357/X (sky130_fd_sc_hd__clkbuf_4)
                                                         net357 (net)
                      0.190468    0.004098    3.063644 ^ fanout349/A (sky130_fd_sc_hd__clkdlybuf4s25_1)
     4    0.019188    0.199739    0.399445    3.463089 ^ fanout349/X (sky130_fd_sc_hd__clkdlybuf4s25_1)
                                                         net349 (net)
                      0.199739    0.000218    3.463307 ^ load_slew350/A (sky130_fd_sc_hd__buf_4)
     7    0.046254    0.134370    0.227510    3.690817 ^ load_slew350/X (sky130_fd_sc_hd__buf_4)
                                                         net350 (net)
                      0.134408    0.002166    3.692982 ^ _3503_/A (sky130_fd_sc_hd__inv_2)
     4    0.049856    0.116659    0.137599    3.830581 v _3503_/Y (sky130_fd_sc_hd__inv_2)
                                                         _0260_ (net)
                      0.116669    0.000902    3.831483 v fanout165/A (sky130_fd_sc_hd__clkbuf_4)
    10    0.103178    0.200717    0.309002    4.140484 v fanout165/X (sky130_fd_sc_hd__clkbuf_4)
                                                         net165 (net)
                      0.201120    0.006685    4.147170 v _5368_/B (sky130_fd_sc_hd__nor2_2)
     3    0.013920    0.177919    0.215200    4.362370 ^ _5368_/Y (sky130_fd_sc_hd__nor2_2)
                                                         _1084_ (net)
                      0.177919    0.000072    4.362442 ^ _5370_/B (sky130_fd_sc_hd__and3_2)
     2    0.008543    0.068446    0.226586    4.589028 ^ _5370_/X (sky130_fd_sc_hd__and3_2)
                                                         _1087_ (net)
                      0.068446    0.000117    4.589146 ^ _5397_/A (sky130_fd_sc_hd__nor2_2)
     1    0.008559    0.043912    0.052435    4.641581 v _5397_/Y (sky130_fd_sc_hd__nor2_2)
                                                         _1116_ (net)
                      0.043912    0.000082    4.641662 v _5410_/B (sky130_fd_sc_hd__xnor2_2)
     2    0.015098    0.233719    0.211581    4.853244 ^ _5410_/Y (sky130_fd_sc_hd__xnor2_2)
                                                         _1131_ (net)
                      0.233719    0.000141    4.853384 ^ _5412_/A (sky130_fd_sc_hd__xnor2_2)
     2    0.011514    0.193805    0.171360    5.024745 ^ _5412_/Y (sky130_fd_sc_hd__xnor2_2)
                                                         _1133_ (net)
                      0.193805    0.000456    5.025200 ^ rebuffer711/A (sky130_fd_sc_hd__buf_2)
     2    0.007609    0.049404    0.156561    5.181761 ^ rebuffer711/X (sky130_fd_sc_hd__buf_2)
                                                         net711 (net)
                      0.049404    0.000043    5.181804 ^ rebuffer710/A (sky130_fd_sc_hd__buf_2)
     1    0.004982    0.036004    0.101047    5.282851 ^ rebuffer710/X (sky130_fd_sc_hd__buf_2)
                                                         net710 (net)
                      0.036004    0.000025    5.282876 ^ _5414_/C (sky130_fd_sc_hd__nand3_2)
     2    0.010877    0.093441    0.093825    5.376700 v _5414_/Y (sky130_fd_sc_hd__nand3_2)
                                                         _1135_ (net)
                      0.093441    0.000137    5.376837 v _5415_/A2 (sky130_fd_sc_hd__a211o_4)
     4    0.019623    0.072539    0.380832    5.757669 v _5415_/X (sky130_fd_sc_hd__a211o_4)
                                                         _1136_ (net)
                      0.072539    0.000216    5.757885 v _5417_/B (sky130_fd_sc_hd__and3_2)
     5    0.022033    0.080068    0.255701    6.013586 v _5417_/X (sky130_fd_sc_hd__and3_2)
                                                         _1138_ (net)
                      0.080068    0.000230    6.013817 v _5511_/B (sky130_fd_sc_hd__or3_4)
     2    0.011130    0.076387    0.392392    6.406209 v _5511_/X (sky130_fd_sc_hd__or3_4)
                                                         _1242_ (net)
                      0.076387    0.000139    6.406348 v _5563_/A1 (sky130_fd_sc_hd__a21oi_4)
     2    0.009473    0.120787    0.145817    6.552165 ^ _5563_/Y (sky130_fd_sc_hd__a21oi_4)
                                                         _1299_ (net)
                      0.120787    0.000150    6.552315 ^ _5564_/B1 (sky130_fd_sc_hd__a211oi_2)
     4    0.016740    0.094552    0.089713    6.642028 v _5564_/Y (sky130_fd_sc_hd__a211oi_2)
                                                         _1300_ (net)
                      0.094552    0.000282    6.642310 v max_cap110/A (sky130_fd_sc_hd__clkbuf_2)
     3    0.011707    0.052954    0.148487    6.790796 v max_cap110/X (sky130_fd_sc_hd__clkbuf_2)
                                                         net110 (net)
                      0.052954    0.000218    6.791014 v _5567_/B1 (sky130_fd_sc_hd__a211o_2)
     2    0.007473    0.059732    0.321398    7.112412 v _5567_/X (sky130_fd_sc_hd__a211o_2)
                                                         _1303_ (net)
                      0.059732    0.000059    7.112472 v _5615_/A1 (sky130_fd_sc_hd__a211o_2)
     2    0.005982    0.056147    0.305467    7.417939 v _5615_/X (sky130_fd_sc_hd__a211o_2)
                                                         _1356_ (net)
                      0.056147    0.000063    7.418001 v _5651_/A1 (sky130_fd_sc_hd__a21bo_2)
     1    0.008688    0.049027    0.209983    7.627984 v _5651_/X (sky130_fd_sc_hd__a21bo_2)
                                                         _1396_ (net)
                      0.049027    0.000097    7.628080 v _5818_/B1 (sky130_fd_sc_hd__a41oi_4)
     2    0.018825    0.240203    0.237450    7.865530 ^ _5818_/Y (sky130_fd_sc_hd__a41oi_4)
                                                         _1579_ (net)
                      0.240204    0.000877    7.866407 ^ rebuffer693/A (sky130_fd_sc_hd__buf_6)
     4    0.015747    0.045896    0.150165    8.016573 ^ rebuffer693/X (sky130_fd_sc_hd__buf_6)
                                                         net693 (net)
                      0.045896    0.000132    8.016705 ^ _5821_/A2 (sky130_fd_sc_hd__a21o_4)
     2    0.012209    0.047963    0.124227    8.140932 ^ _5821_/X (sky130_fd_sc_hd__a21o_4)
                                                         _1583_ (net)
                      0.047963    0.000085    8.141017 ^ _6739_/A (sky130_fd_sc_hd__xor2_2)
     1    0.006748    0.052067    0.069323    8.210340 v _6739_/X (sky130_fd_sc_hd__xor2_2)
                                                         _2576_ (net)
                      0.052067    0.000126    8.210466 v _6753_/A2 (sky130_fd_sc_hd__a211o_4)
     2    0.017711    0.072390    0.360825    8.571292 v _6753_/X (sky130_fd_sc_hd__a211o_4)
                                                         net78 (net)
                      0.072390    0.000693    8.571984 v _6989_/C (sky130_fd_sc_hd__or4_4)
     1    0.008653    0.091709    0.497373    9.069357 v _6989_/X (sky130_fd_sc_hd__or4_4)
                                                         _2836_ (net)
                      0.091709    0.000252    9.069610 v _6990_/C (sky130_fd_sc_hd__or3_4)
     1    0.014651    0.082517    0.368494    9.438103 v _6990_/X (sky130_fd_sc_hd__or3_4)
                                                         _2837_ (net)
                      0.082519    0.000506    9.438609 v _6991_/C (sky130_fd_sc_hd__or3_4)
     1    0.009977    0.074615    0.351348    9.789958 v _6991_/X (sky130_fd_sc_hd__or3_4)
                                                         _2838_ (net)
                      0.074615    0.000198    9.790155 v _6992_/D (sky130_fd_sc_hd__nor4_4)
     1    0.009372    0.248058    0.181964    9.972119 ^ _6992_/Y (sky130_fd_sc_hd__nor4_4)
                                                         _2839_ (net)
                      0.248058    0.000355    9.972475 ^ wire104/A (sky130_fd_sc_hd__clkbuf_2)
     1    0.024292    0.138089    0.232055   10.204530 ^ wire104/X (sky130_fd_sc_hd__clkbuf_2)
                                                         net104 (net)
                      0.138089    0.000462   10.204991 ^ _6994_/D_N (sky130_fd_sc_hd__or4b_4)
     1    0.008159    0.091044    0.487717   10.692709 v _6994_/X (sky130_fd_sc_hd__or4b_4)
                                                         _2841_ (net)
                      0.091044    0.000072   10.692781 v _6995_/D (sky130_fd_sc_hd__nor4_4)
     1    0.005594    0.205191    0.153828   10.846609 ^ _6995_/Y (sky130_fd_sc_hd__nor4_4)
                                                         net103 (net)
                      0.205191    0.000057   10.846666 ^ output103/A (sky130_fd_sc_hd__buf_6)
     1    0.036316    0.081706    0.171499   11.018166 ^ output103/X (sky130_fd_sc_hd__buf_6)
                                                         zero (net)
                      0.081715    0.000886   11.019051 ^ zero (out)
                                             11.019051   data arrival time

                      0.000000   10.000000   10.000000   clock __VIRTUAL_CLK__ (rise edge)
                                  0.000000   10.000000   clock network delay (ideal)
                                 -0.250000    9.750000   clock uncertainty
                                  0.000000    9.750000   clock reconvergence pessimism
                                 -2.000000    7.750000   output external delay
                                              7.750000   data required time
---------------------------------------------------------------------------------------------
                                              7.750000   data required time
                                            -11.019051   data arrival time
---------------------------------------------------------------------------------------------
                                             -3.269051   slack (VIOLATED)




===========================================================================
 report_check_types -max_slew -max_cap -max_fanout -violators
============================================================================
======================= min_tt_025C_1v80 Corner ===================================

max slew

Pin                                        Limit        Slew       Slack
------------------------------------------------------------------------
_6841_/A                                0.750000    0.973013   -0.223013 (VIOLATED)
_6906_/B1                               0.750000    0.973011   -0.223011 (VIOLATED)
_6873_/B1                               0.750000    0.973011   -0.223011 (VIOLATED)
_6870_/A1                               0.750000    0.973003   -0.223003 (VIOLATED)
_6063_/B1                               0.750000    0.972982   -0.222982 (VIOLATED)
_6633_/B1                               0.750000    0.972812   -0.222812 (VIOLATED)
fanout146/A                             0.750000    0.972792   -0.222792 (VIOLATED)
fanout147/X                             0.750000    0.972792   -0.222792 (VIOLATED)
_6778_/B1                               0.750000    0.956117   -0.206117 (VIOLATED)
_6742_/B1                               0.750000    0.956116   -0.206116 (VIOLATED)
_6720_/A1                               0.750000    0.956113   -0.206113 (VIOLATED)
_6690_/B1                               0.750000    0.956107   -0.206107 (VIOLATED)
_6601_/B1                               0.750000    0.956089   -0.206089 (VIOLATED)
_6204_/B1                               0.750000    0.956084   -0.206084 (VIOLATED)
_6443_/B1                               0.750000    0.956082   -0.206082 (VIOLATED)
_6543_/A2                               0.750000    0.956082   -0.206082 (VIOLATED)
_6517_/B1                               0.750000    0.956078   -0.206078 (VIOLATED)
_6487_/B1                               0.750000    0.956076   -0.206076 (VIOLATED)
fanout157/X                             0.750000    0.956076   -0.206076 (VIOLATED)
_3785_/B                                0.750000    0.848970   -0.098970 (VIOLATED)
_3534_/B                                0.750000    0.848968   -0.098968 (VIOLATED)
_3541_/D                                0.750000    0.848962   -0.098962 (VIOLATED)
_6075_/A                                0.750000    0.848952   -0.098952 (VIOLATED)
_6263_/A_N                              0.750000    0.848951   -0.098951 (VIOLATED)
_6076_/A                                0.750000    0.848951   -0.098951 (VIOLATED)
_6077_/A                                0.750000    0.848951   -0.098951 (VIOLATED)
_4345_/B1                               0.750000    0.848867   -0.098867 (VIOLATED)
_4088_/D                                0.750000    0.848859   -0.098859 (VIOLATED)
_4087_/B                                0.750000    0.848810   -0.098810 (VIOLATED)
fanout326/X                             0.750000    0.848810   -0.098810 (VIOLATED)
_6826_/A2                               0.750000    0.834872   -0.084872 (VIOLATED)
_6863_/A2                               0.750000    0.834870   -0.084870 (VIOLATED)
_6927_/A2                               0.750000    0.834858   -0.084858 (VIOLATED)
_6891_/A2                               0.750000    0.834848   -0.084848 (VIOLATED)
_6963_/A2                               0.750000    0.834844   -0.084844 (VIOLATED)
_6590_/A2                               0.750000    0.834842   -0.084842 (VIOLATED)
_6572_/A2                               0.750000    0.834842   -0.084842 (VIOLATED)
_6533_/A2                               0.750000    0.834840   -0.084840 (VIOLATED)
fanout141/A                             0.750000    0.834839   -0.084839 (VIOLATED)
fanout142/X                             0.750000    0.834839   -0.084839 (VIOLATED)
_6731_/A                                0.750000    0.790567   -0.040567 (VIOLATED)
_6570_/A1                               0.750000    0.790566   -0.040566 (VIOLATED)
_6460_/B                                0.750000    0.790564   -0.040564 (VIOLATED)
_6312_/A                                0.750000    0.790563   -0.040563 (VIOLATED)
_6494_/A2                               0.750000    0.790560   -0.040560 (VIOLATED)
_6496_/A2                               0.750000    0.790559   -0.040559 (VIOLATED)
_6529_/B                                0.750000    0.790543   -0.040543 (VIOLATED)
_6316_/A0                               0.750000    0.790538   -0.040538 (VIOLATED)
_5954_/B                                0.750000    0.790515   -0.040515 (VIOLATED)
_3505_/A                                0.750000    0.790507   -0.040507 (VIOLATED)
fanout574/X                             0.750000    0.790507   -0.040507 (VIOLATED)
_6628_/A1                               0.750000    0.779107   -0.029107 (VIOLATED)
_6897_/S                                0.750000    0.779107   -0.029107 (VIOLATED)
_6531_/A                                0.750000    0.779107   -0.029107 (VIOLATED)
_6389_/A                                0.750000    0.779104   -0.029104 (VIOLATED)
_6364_/A                                0.750000    0.779099   -0.029099 (VIOLATED)
_6228_/B                                0.750000    0.779093   -0.029093 (VIOLATED)
_6393_/A                                0.750000    0.779093   -0.029093 (VIOLATED)
_6318_/A                                0.750000    0.779092   -0.029092 (VIOLATED)
_6464_/A                                0.750000    0.779089   -0.029089 (VIOLATED)
_6483_/A1                               0.750000    0.779089   -0.029089 (VIOLATED)
fanout179/X                             0.750000    0.779089   -0.029089 (VIOLATED)
_6777_/A                                0.750000    0.771410   -0.021410 (VIOLATED)
_6792_/B1                               0.750000    0.771410   -0.021410 (VIOLATED)
_6773_/A1                               0.750000    0.771407   -0.021407 (VIOLATED)
_6704_/A1                               0.750000    0.771375   -0.021376 (VIOLATED)
_6669_/B1                               0.750000    0.771370   -0.021370 (VIOLATED)
_6614_/B1                               0.750000    0.771337   -0.021337 (VIOLATED)
_6598_/B1                               0.750000    0.771327   -0.021327 (VIOLATED)
_6440_/B1                               0.750000    0.771317   -0.021317 (VIOLATED)
_6516_/A                                0.750000    0.771090   -0.021090 (VIOLATED)
_6541_/B1                               0.750000    0.771090   -0.021090 (VIOLATED)
fanout146/X                             0.750000    0.771090   -0.021090 (VIOLATED)
_6864_/B1                               0.750000    0.769442   -0.019442 (VIOLATED)
_6844_/A2_N                             0.750000    0.769442   -0.019442 (VIOLATED)
_6928_/B1                               0.750000    0.769441   -0.019441 (VIOLATED)
fanout130/A                             0.750000    0.769437   -0.019437 (VIOLATED)
fanout128/A                             0.750000    0.769425   -0.019425 (VIOLATED)
fanout129/A                             0.750000    0.769422   -0.019422 (VIOLATED)
fanout131/X                             0.750000    0.769421   -0.019421 (VIOLATED)
_6853_/A                                0.750000    0.767544   -0.017544 (VIOLATED)
_6818_/A1                               0.750000    0.767543   -0.017543 (VIOLATED)
_6788_/B                                0.750000    0.767541   -0.017541 (VIOLATED)
_6688_/B1                               0.750000    0.767502   -0.017502 (VIOLATED)
_6653_/B1                               0.750000    0.767492   -0.017492 (VIOLATED)
_6616_/B1                               0.750000    0.767475   -0.017475 (VIOLATED)
_6595_/A1                               0.750000    0.767464   -0.017464 (VIOLATED)
_6566_/B                                0.750000    0.767457   -0.017457 (VIOLATED)
_6543_/B2                               0.750000    0.767451   -0.017451 (VIOLATED)
_6442_/B1                               0.750000    0.767447   -0.017447 (VIOLATED)
fanout150/X                             0.750000    0.767447   -0.017447 (VIOLATED)
_6923_/A                                0.750000    0.760330   -0.010330 (VIOLATED)
_6888_/C1                               0.750000    0.760330   -0.010330 (VIOLATED)
_6837_/A1                               0.750000    0.760322   -0.010322 (VIOLATED)
_6820_/A1                               0.750000    0.760312   -0.010312 (VIOLATED)
_6753_/A1                               0.750000    0.760277   -0.010277 (VIOLATED)
_6706_/B1                               0.750000    0.760261   -0.010261 (VIOLATED)
_6737_/A1                               0.750000    0.760254   -0.010254 (VIOLATED)
_6667_/A1                               0.750000    0.760198   -0.010198 (VIOLATED)
_6473_/A2                               0.750000    0.760143   -0.010143 (VIOLATED)
_6513_/A2                               0.750000    0.760142   -0.010142 (VIOLATED)
fanout148/X                             0.750000    0.760142   -0.010142 (VIOLATED)

max fanout

Pin                                   Limit Fanout  Slack
---------------------------------------------------------
fanout312/X                              10     11        (VIOLATED)



===========================================================================
report_parasitic_annotation -report_unannotated
============================================================================
Found 0 unannotated drivers.
Found 0 partially unannotated drivers.

===========================================================================
max slew violation count 102
max fanout violation count 1
max cap violation count 0
============================================================================

===========================================================================
check_setup -verbose -unconstrained_endpoints -multiple_clock -no_clock -no_input_delay -loops -generated_clocks
===========================================================================
