
===========================================================================
Violator List
============================================================================
[setup in-out] B[1] -> zero : -3.269051
[setup in-out] B[1] -> overflow : -3.123727
[setup in-out] B[1] -> result[31] : -2.713224
[setup in-out] B[1] -> result[30] : -2.509553
[setup in-out] B[1] -> result[29] : -2.417019
[setup in-out] B[1] -> result[28] : -2.407042
[setup in-out] B[0] -> result[27] : -2.404160
[setup in-out] B[0] -> carry : -2.223199
[setup in-out] B[1] -> result[26] : -2.122298
[setup in-out] B[1] -> result[24] : -2.053077
[setup in-out] B[1] -> result[23] : -1.996627
[setup in-out] B[1] -> result[22] : -1.992285
[setup in-out] B[1] -> result[25] : -1.942209
[setup in-out] B[1] -> result[21] : -1.672392
[setup in-out] B[1] -> result[19] : -1.565284
[setup in-out] B[1] -> result[18] : -1.556946
[setup in-out] B[1] -> result[17] : -1.553493
[setup in-out] B[2] -> result[0] : -1.455900
[setup in-out] B[1] -> result[20] : -1.219136
[setup in-out] B[1] -> result[16] : -1.085277
[setup in-out] B[1] -> result[15] : -1.023698
[setup in-out] B[1] -> result[14] : -0.944772
[setup in-out] B[1] -> result[13] : -0.742856
[setup in-out] B[1] -> result[12] : -0.598236
[setup in-out] A[1] -> result[11] : -0.044165
