
===========================================================================
report_checks -path_delay min (Hold)
============================================================================
======================= Typical Corner ===================================

Startpoint: B[31] (input port clocked by __VIRTUAL_CLK__)
Endpoint: carry (output port clocked by __VIRTUAL_CLK__)
Path Group: __VIRTUAL_CLK__
Path Type: min

Fanout     Cap    Slew   Delay    Time   Description
-----------------------------------------------------------------------------
                  0.00    0.00    0.00   clock __VIRTUAL_CLK__ (rise edge)
                          0.00    0.00   clock network delay (ideal)
                          5.00    5.00 ^ input external delay
     1    0.00    0.02    0.01    5.01 ^ B[31] (in)
                                         B[31] (net)
                  0.02    0.00    5.01 ^ input55/A (sky130_fd_sc_hd__dlymetal6s2s_1)
     5    0.02    0.18    0.17    5.18 ^ input55/X (sky130_fd_sc_hd__dlymetal6s2s_1)
                                         net55 (net)
                  0.18    0.00    5.18 ^ _7682_/B (sky130_fd_sc_hd__or2_1)
     3    0.01    0.10    0.16    5.34 ^ _7682_/X (sky130_fd_sc_hd__or2_1)
                                         _3211_ (net)
                  0.10    0.00    5.34 ^ _7720_/A2 (sky130_fd_sc_hd__a31o_1)
     1    0.00    0.05    0.15    5.49 ^ _7720_/X (sky130_fd_sc_hd__a31o_1)
                                         net67 (net)
                  0.05    0.00    5.49 ^ output67/A (sky130_fd_sc_hd__clkbuf_4)
     1    0.03    0.11    0.18    5.67 ^ output67/X (sky130_fd_sc_hd__clkbuf_4)
                                         carry (net)
                  0.11    0.00    5.67 ^ carry (out)
                                  5.67   data arrival time

                  0.00    0.00    0.00   clock __VIRTUAL_CLK__ (rise edge)
                          0.00    0.00   clock network delay (ideal)
                          0.25    0.25   clock uncertainty
                          0.00    0.25   clock reconvergence pessimism
                         -5.00   -4.75   output external delay
                                 -4.75   data required time
-----------------------------------------------------------------------------
                                 -4.75   data required time
                                 -5.67   data arrival time
-----------------------------------------------------------------------------
                                 10.42   slack (MET)


Startpoint: opcode[3] (input port clocked by __VIRTUAL_CLK__)
Endpoint: result[3] (output port clocked by __VIRTUAL_CLK__)
Path Group: __VIRTUAL_CLK__
Path Type: min

Fanout     Cap    Slew   Delay    Time   Description
-----------------------------------------------------------------------------
                  0.00    0.00    0.00   clock __VIRTUAL_CLK__ (rise edge)
                          0.00    0.00   clock network delay (ideal)
                          5.00    5.00 v input external delay
     1    0.00    0.01    0.00    5.00 v opcode[3] (in)
                                         opcode[3] (net)
                  0.01    0.00    5.00 v input66/A (sky130_fd_sc_hd__clkbuf_2)
     7    0.02    0.08    0.12    5.13 v input66/X (sky130_fd_sc_hd__clkbuf_2)
                                         net66 (net)
                  0.08    0.00    5.13 v _4186_/B (sky130_fd_sc_hd__nand2b_2)
     5    0.02    0.13    0.13    5.26 ^ _4186_/Y (sky130_fd_sc_hd__nand2b_2)
                                         _3298_ (net)
                  0.13    0.00    5.26 ^ _4300_/A (sky130_fd_sc_hd__or2_1)
     3    0.01    0.09    0.15    5.41 ^ _4300_/X (sky130_fd_sc_hd__or2_1)
                                         _3411_ (net)
                  0.09    0.00    5.41 ^ _4465_/A1 (sky130_fd_sc_hd__o31ai_1)
     2    0.00    0.04    0.09    5.50 v _4465_/Y (sky130_fd_sc_hd__o31ai_1)
                                         net94 (net)
                  0.04    0.00    5.50 v output94/A (sky130_fd_sc_hd__buf_2)
     1    0.03    0.09    0.17    5.67 v output94/X (sky130_fd_sc_hd__buf_2)
                                         result[3] (net)
                  0.09    0.00    5.67 v result[3] (out)
                                  5.67   data arrival time

                  0.00    0.00    0.00   clock __VIRTUAL_CLK__ (rise edge)
                          0.00    0.00   clock network delay (ideal)
                          0.25    0.25   clock uncertainty
                          0.00    0.25   clock reconvergence pessimism
                         -5.00   -4.75   output external delay
                                 -4.75   data required time
-----------------------------------------------------------------------------
                                 -4.75   data required time
                                 -5.67   data arrival time
-----------------------------------------------------------------------------
                                 10.42   slack (MET)


Startpoint: B[10] (input port clocked by __VIRTUAL_CLK__)
Endpoint: result[11] (output port clocked by __VIRTUAL_CLK__)
Path Group: __VIRTUAL_CLK__
Path Type: min

Fanout     Cap    Slew   Delay    Time   Description
-----------------------------------------------------------------------------
                  0.00    0.00    0.00   clock __VIRTUAL_CLK__ (rise edge)
                          0.00    0.00   clock network delay (ideal)
                          5.00    5.00 v input external delay
     2    0.01    0.02    0.01    5.01 v B[10] (in)
                                         B[10] (net)
                  0.02    0.00    5.01 v _4003_/A (sky130_fd_sc_hd__buf_2)
    10    0.03    0.08    0.16    5.17 v _4003_/X (sky130_fd_sc_hd__buf_2)
                                         _1785_ (net)
                  0.08    0.00    5.17 v _4163_/B (sky130_fd_sc_hd__nand2_4)
     9    0.04    0.13    0.14    5.31 ^ _4163_/Y (sky130_fd_sc_hd__nand2_4)
                                         _3275_ (net)
                  0.13    0.00    5.32 ^ _4931_/A1 (sky130_fd_sc_hd__a31o_1)
     1    0.00    0.04    0.14    5.46 ^ _4931_/X (sky130_fd_sc_hd__a31o_1)
                                         _0205_ (net)
                  0.04    0.00    5.46 ^ _5016_/A2 (sky130_fd_sc_hd__o21ai_1)
     2    0.01    0.05    0.06    5.53 v _5016_/Y (sky130_fd_sc_hd__o21ai_1)
                                         net71 (net)
                  0.05    0.00    5.53 v output71/A (sky130_fd_sc_hd__buf_2)
     1    0.03    0.09    0.17    5.70 v output71/X (sky130_fd_sc_hd__buf_2)
                                         result[11] (net)
                  0.09    0.00    5.70 v result[11] (out)
                                  5.70   data arrival time

                  0.00    0.00    0.00   clock __VIRTUAL_CLK__ (rise edge)
                          0.00    0.00   clock network delay (ideal)
                          0.25    0.25   clock uncertainty
                          0.00    0.25   clock reconvergence pessimism
                         -5.00   -4.75   output external delay
                                 -4.75   data required time
-----------------------------------------------------------------------------
                                 -4.75   data required time
                                 -5.70   data arrival time
-----------------------------------------------------------------------------
                                 10.45   slack (MET)


Startpoint: opcode[2] (input port clocked by __VIRTUAL_CLK__)
Endpoint: result[0] (output port clocked by __VIRTUAL_CLK__)
Path Group: __VIRTUAL_CLK__
Path Type: min

Fanout     Cap    Slew   Delay    Time   Description
-----------------------------------------------------------------------------
                  0.00    0.00    0.00   clock __VIRTUAL_CLK__ (rise edge)
                          0.00    0.00   clock network delay (ideal)
                          5.00    5.00 ^ input external delay
     1    0.00    0.02    0.01    5.01 ^ opcode[2] (in)
                                         opcode[2] (net)
                  0.02    0.00    5.01 ^ input65/A (sky130_fd_sc_hd__clkbuf_2)
     8    0.02    0.10    0.13    5.14 ^ input65/X (sky130_fd_sc_hd__clkbuf_2)
                                         net65 (net)
                  0.10    0.00    5.14 ^ _4242_/A (sky130_fd_sc_hd__clkbuf_4)
    10    0.04    0.14    0.21    5.36 ^ _4242_/X (sky130_fd_sc_hd__clkbuf_4)
                                         _3354_ (net)
                  0.14    0.00    5.36 ^ _4288_/A (sky130_fd_sc_hd__nand2_1)
     1    0.00    0.05    0.06    5.42 v _4288_/Y (sky130_fd_sc_hd__nand2_1)
                                         _3400_ (net)
                  0.05    0.00    5.42 v _4289_/B1 (sky130_fd_sc_hd__o31a_1)
     2    0.01    0.06    0.12    5.54 v _4289_/X (sky130_fd_sc_hd__o31a_1)
                                         net69 (net)
                  0.06    0.00    5.54 v output69/A (sky130_fd_sc_hd__buf_2)
     1    0.03    0.09    0.18    5.72 v output69/X (sky130_fd_sc_hd__buf_2)
                                         result[0] (net)
                  0.09    0.00    5.72 v result[0] (out)
                                  5.72   data arrival time

                  0.00    0.00    0.00   clock __VIRTUAL_CLK__ (rise edge)
                          0.00    0.00   clock network delay (ideal)
                          0.25    0.25   clock uncertainty
                          0.00    0.25   clock reconvergence pessimism
                         -5.00   -4.75   output external delay
                                 -4.75   data required time
-----------------------------------------------------------------------------
                                 -4.75   data required time
                                 -5.72   data arrival time
-----------------------------------------------------------------------------
                                 10.47   slack (MET)


Startpoint: A[30] (input port clocked by __VIRTUAL_CLK__)
Endpoint: result[30] (output port clocked by __VIRTUAL_CLK__)
Path Group: __VIRTUAL_CLK__
Path Type: min

Fanout     Cap    Slew   Delay    Time   Description
-----------------------------------------------------------------------------
                  0.00    0.00    0.00   clock __VIRTUAL_CLK__ (rise edge)
                          0.00    0.00   clock network delay (ideal)
                          5.00    5.00 ^ input external delay
     1    0.00    0.02    0.01    5.01 ^ A[30] (in)
                                         A[30] (net)
                  0.02    0.00    5.01 ^ input23/A (sky130_fd_sc_hd__clkbuf_2)
     8    0.02    0.13    0.15    5.17 ^ input23/X (sky130_fd_sc_hd__clkbuf_2)
                                         net23 (net)
                  0.13    0.00    5.17 ^ _7367_/A1 (sky130_fd_sc_hd__o221a_1)
     1    0.00    0.04    0.18    5.35 ^ _7367_/X (sky130_fd_sc_hd__o221a_1)
                                         _2865_ (net)
                  0.04    0.00    5.35 ^ _7373_/B (sky130_fd_sc_hd__and3_1)
     1    0.00    0.06    0.14    5.49 ^ _7373_/X (sky130_fd_sc_hd__and3_1)
                                         _2872_ (net)
                  0.06    0.00    5.49 ^ _7543_/B (sky130_fd_sc_hd__nand3_1)
     2    0.01    0.08    0.09    5.58 v _7543_/Y (sky130_fd_sc_hd__nand3_1)
                                         net92 (net)
                  0.08    0.00    5.58 v output92/A (sky130_fd_sc_hd__clkbuf_4)
     1    0.03    0.08    0.19    5.77 v output92/X (sky130_fd_sc_hd__clkbuf_4)
                                         result[30] (net)
                  0.08    0.00    5.77 v result[30] (out)
                                  5.77   data arrival time

                  0.00    0.00    0.00   clock __VIRTUAL_CLK__ (rise edge)
                          0.00    0.00   clock network delay (ideal)
                          0.25    0.25   clock uncertainty
                          0.00    0.25   clock reconvergence pessimism
                         -5.00   -4.75   output external delay
                                 -4.75   data required time
-----------------------------------------------------------------------------
                                 -4.75   data required time
                                 -5.77   data arrival time
-----------------------------------------------------------------------------
                                 10.52   slack (MET)


Startpoint: B[31] (input port clocked by __VIRTUAL_CLK__)
Endpoint: overflow (output port clocked by __VIRTUAL_CLK__)
Path Group: __VIRTUAL_CLK__
Path Type: min

Fanout     Cap    Slew   Delay    Time   Description
-----------------------------------------------------------------------------
                  0.00    0.00    0.00   clock __VIRTUAL_CLK__ (rise edge)
                          0.00    0.00   clock network delay (ideal)
                          5.00    5.00 ^ input external delay
     1    0.00    0.02    0.01    5.01 ^ B[31] (in)
                                         B[31] (net)
                  0.02    0.00    5.01 ^ input55/A (sky130_fd_sc_hd__dlymetal6s2s_1)
     5    0.02    0.18    0.17    5.18 ^ input55/X (sky130_fd_sc_hd__dlymetal6s2s_1)
                                         net55 (net)
                  0.18    0.00    5.18 ^ _3873_/B (sky130_fd_sc_hd__and2b_1)
     5    0.01    0.14    0.21    5.39 ^ _3873_/X (sky130_fd_sc_hd__and2b_1)
                                         _0366_ (net)
                  0.14    0.00    5.39 ^ _7713_/B1 (sky130_fd_sc_hd__a31o_1)
     1    0.00    0.04    0.10    5.49 ^ _7713_/X (sky130_fd_sc_hd__a31o_1)
                                         _3243_ (net)
                  0.04    0.00    5.49 ^ _7715_/B1 (sky130_fd_sc_hd__a2bb2o_1)
     1    0.00    0.05    0.12    5.61 ^ _7715_/X (sky130_fd_sc_hd__a2bb2o_1)
                                         net68 (net)
                  0.05    0.00    5.61 ^ output68/A (sky130_fd_sc_hd__clkbuf_4)
     1    0.03    0.11    0.18    5.79 ^ output68/X (sky130_fd_sc_hd__clkbuf_4)
                                         overflow (net)
                  0.11    0.00    5.79 ^ overflow (out)
                                  5.79   data arrival time

                  0.00    0.00    0.00   clock __VIRTUAL_CLK__ (rise edge)
                          0.00    0.00   clock network delay (ideal)
                          0.25    0.25   clock uncertainty
                          0.00    0.25   clock reconvergence pessimism
                         -5.00   -4.75   output external delay
                                 -4.75   data required time
-----------------------------------------------------------------------------
                                 -4.75   data required time
                                 -5.79   data arrival time
-----------------------------------------------------------------------------
                                 10.54   slack (MET)


Startpoint: opcode[0] (input port clocked by __VIRTUAL_CLK__)
Endpoint: result[12] (output port clocked by __VIRTUAL_CLK__)
Path Group: __VIRTUAL_CLK__
Path Type: min

Fanout     Cap    Slew   Delay    Time   Description
-----------------------------------------------------------------------------
                  0.00    0.00    0.00   clock __VIRTUAL_CLK__ (rise edge)
                          0.00    0.00   clock network delay (ideal)
                          5.00    5.00 ^ input external delay
     1    0.00    0.02    0.01    5.01 ^ opcode[0] (in)
                                         opcode[0] (net)
                  0.02    0.00    5.01 ^ input63/A (sky130_fd_sc_hd__buf_2)
     9    0.03    0.15    0.17    5.18 ^ input63/X (sky130_fd_sc_hd__buf_2)
                                         net63 (net)
                  0.15    0.00    5.18 ^ _4543_/A (sky130_fd_sc_hd__or4_1)
     1    0.01    0.06    0.14    5.32 ^ _4543_/X (sky130_fd_sc_hd__or4_1)
                                         _3650_ (net)
                  0.06    0.00    5.32 ^ _4544_/A (sky130_fd_sc_hd__clkbuf_4)
    10    0.04    0.13    0.19    5.51 ^ _4544_/X (sky130_fd_sc_hd__clkbuf_4)
                                         _3651_ (net)
                  0.13    0.00    5.51 ^ _5109_/A1 (sky130_fd_sc_hd__o21ai_1)
     2    0.01    0.06    0.10    5.62 v _5109_/Y (sky130_fd_sc_hd__o21ai_1)
                                         net72 (net)
                  0.06    0.00    5.62 v output72/A (sky130_fd_sc_hd__buf_2)
     1    0.03    0.09    0.18    5.79 v output72/X (sky130_fd_sc_hd__buf_2)
                                         result[12] (net)
                  0.09    0.00    5.79 v result[12] (out)
                                  5.79   data arrival time

                  0.00    0.00    0.00   clock __VIRTUAL_CLK__ (rise edge)
                          0.00    0.00   clock network delay (ideal)
                          0.25    0.25   clock uncertainty
                          0.00    0.25   clock reconvergence pessimism
                         -5.00   -4.75   output external delay
                                 -4.75   data required time
-----------------------------------------------------------------------------
                                 -4.75   data required time
                                 -5.79   data arrival time
-----------------------------------------------------------------------------
                                 10.54   slack (MET)


Startpoint: opcode[3] (input port clocked by __VIRTUAL_CLK__)
Endpoint: result[9] (output port clocked by __VIRTUAL_CLK__)
Path Group: __VIRTUAL_CLK__
Path Type: min

Fanout     Cap    Slew   Delay    Time   Description
-----------------------------------------------------------------------------
                  0.00    0.00    0.00   clock __VIRTUAL_CLK__ (rise edge)
                          0.00    0.00   clock network delay (ideal)
                          5.00    5.00 v input external delay
     1    0.00    0.01    0.00    5.00 v opcode[3] (in)
                                         opcode[3] (net)
                  0.01    0.00    5.00 v input66/A (sky130_fd_sc_hd__clkbuf_2)
     7    0.02    0.08    0.12    5.13 v input66/X (sky130_fd_sc_hd__clkbuf_2)
                                         net66 (net)
                  0.08    0.00    5.13 v _4186_/B (sky130_fd_sc_hd__nand2b_2)
     5    0.02    0.13    0.13    5.26 ^ _4186_/Y (sky130_fd_sc_hd__nand2b_2)
                                         _3298_ (net)
                  0.13    0.00    5.26 ^ _4381_/A (sky130_fd_sc_hd__nor2_1)
     2    0.01    0.06    0.08    5.35 v _4381_/Y (sky130_fd_sc_hd__nor2_1)
                                         _3491_ (net)
                  0.06    0.00    5.35 v _4382_/A (sky130_fd_sc_hd__clkbuf_4)
    10    0.04    0.09    0.18    5.53 v _4382_/X (sky130_fd_sc_hd__clkbuf_4)
                                         _3492_ (net)
                  0.09    0.00    5.53 v _4820_/A (sky130_fd_sc_hd__nand2_1)
     1    0.00    0.04    0.07    5.60 ^ _4820_/Y (sky130_fd_sc_hd__nand2_1)
                                         _0085_ (net)
                  0.04    0.00    5.60 ^ _4849_/A2 (sky130_fd_sc_hd__o21ai_1)
     2    0.01    0.05    0.06    5.66 v _4849_/Y (sky130_fd_sc_hd__o21ai_1)
                                         net100 (net)
                  0.05    0.00    5.66 v output100/A (sky130_fd_sc_hd__buf_2)
     1    0.03    0.09    0.17    5.83 v output100/X (sky130_fd_sc_hd__buf_2)
                                         result[9] (net)
                  0.09    0.00    5.83 v result[9] (out)
                                  5.83   data arrival time

                  0.00    0.00    0.00   clock __VIRTUAL_CLK__ (rise edge)
                          0.00    0.00   clock network delay (ideal)
                          0.25    0.25   clock uncertainty
                          0.00    0.25   clock reconvergence pessimism
                         -5.00   -4.75   output external delay
                                 -4.75   data required time
-----------------------------------------------------------------------------
                                 -4.75   data required time
                                 -5.83   data arrival time
-----------------------------------------------------------------------------
                                 10.58   slack (MET)


Startpoint: B[28] (input port clocked by __VIRTUAL_CLK__)
Endpoint: result[29] (output port clocked by __VIRTUAL_CLK__)
Path Group: __VIRTUAL_CLK__
Path Type: min

Fanout     Cap    Slew   Delay    Time   Description
-----------------------------------------------------------------------------
                  0.00    0.00    0.00   clock __VIRTUAL_CLK__ (rise edge)
                          0.00    0.00   clock network delay (ideal)
                          5.00    5.00 v input external delay
     1    0.00    0.01    0.00    5.00 v B[28] (in)
                                         B[28] (net)
                  0.01    0.00    5.00 v input51/A (sky130_fd_sc_hd__clkbuf_4)
    10    0.03    0.08    0.16    5.16 v input51/X (sky130_fd_sc_hd__clkbuf_4)
                                         net51 (net)
                  0.08    0.00    5.16 v _3847_/A (sky130_fd_sc_hd__inv_2)
     5    0.02    0.11    0.11    5.28 ^ _3847_/Y (sky130_fd_sc_hd__inv_2)
                                         _0083_ (net)
                  0.11    0.00    5.28 ^ _7192_/B (sky130_fd_sc_hd__nand2_1)
     2    0.00    0.05    0.07    5.35 v _7192_/Y (sky130_fd_sc_hd__nand2_1)
                                         _2674_ (net)
                  0.05    0.00    5.35 v _7194_/A1 (sky130_fd_sc_hd__a21oi_1)
     1    0.00    0.07    0.10    5.44 ^ _7194_/Y (sky130_fd_sc_hd__a21oi_1)
                                         _2676_ (net)
                  0.07    0.00    5.44 ^ _7195_/C (sky130_fd_sc_hd__or3_1)
     1    0.00    0.05    0.11    5.55 ^ _7195_/X (sky130_fd_sc_hd__or3_1)
                                         _2677_ (net)
                  0.05    0.00    5.55 ^ _7359_/A (sky130_fd_sc_hd__nand4_1)
     2    0.01    0.12    0.10    5.65 v _7359_/Y (sky130_fd_sc_hd__nand4_1)
                                         net90 (net)
                  0.12    0.00    5.65 v output90/A (sky130_fd_sc_hd__clkbuf_4)
     1    0.03    0.08    0.20    5.86 v output90/X (sky130_fd_sc_hd__clkbuf_4)
                                         result[29] (net)
                  0.08    0.00    5.86 v result[29] (out)
                                  5.86   data arrival time

                  0.00    0.00    0.00   clock __VIRTUAL_CLK__ (rise edge)
                          0.00    0.00   clock network delay (ideal)
                          0.25    0.25   clock uncertainty
                          0.00    0.25   clock reconvergence pessimism
                         -5.00   -4.75   output external delay
                                 -4.75   data required time
-----------------------------------------------------------------------------
                                 -4.75   data required time
                                 -5.86   data arrival time
-----------------------------------------------------------------------------
                                 10.61   slack (MET)


Startpoint: A[29] (input port clocked by __VIRTUAL_CLK__)
Endpoint: zero (output port clocked by __VIRTUAL_CLK__)
Path Group: __VIRTUAL_CLK__
Path Type: min

Fanout     Cap    Slew   Delay    Time   Description
-----------------------------------------------------------------------------
                  0.00    0.00    0.00   clock __VIRTUAL_CLK__ (rise edge)
                          0.00    0.00   clock network delay (ideal)
                          5.00    5.00 v input external delay
     1    0.00    0.01    0.00    5.00 v A[29] (in)
                                         A[29] (net)
                  0.01    0.00    5.00 v input21/A (sky130_fd_sc_hd__buf_1)
     3    0.01    0.05    0.09    5.09 v input21/X (sky130_fd_sc_hd__buf_1)
                                         net21 (net)
                  0.05    0.00    5.09 v _3869_/A (sky130_fd_sc_hd__clkbuf_4)
    10    0.03    0.08    0.17    5.27 v _3869_/X (sky130_fd_sc_hd__clkbuf_4)
                                         _0322_ (net)
                  0.08    0.00    5.27 v _7206_/A (sky130_fd_sc_hd__nand2_1)
     2    0.01    0.07    0.08    5.35 ^ _7206_/Y (sky130_fd_sc_hd__nand2_1)
                                         _2689_ (net)
                  0.07    0.00    5.35 ^ _7361_/A2 (sky130_fd_sc_hd__a21o_1)
     3    0.01    0.08    0.14    5.49 ^ _7361_/X (sky130_fd_sc_hd__a21o_1)
                                         _2859_ (net)
                  0.08    0.00    5.49 ^ _7363_/A2 (sky130_fd_sc_hd__o21ai_1)
     1    0.00    0.03    0.06    5.54 v _7363_/Y (sky130_fd_sc_hd__o21ai_1)
                                         _2861_ (net)
                  0.03    0.00    5.54 v _7543_/A (sky130_fd_sc_hd__nand3_1)
     2    0.01    0.09    0.08    5.62 ^ _7543_/Y (sky130_fd_sc_hd__nand3_1)
                                         net92 (net)
                  0.09    0.00    5.62 ^ _7707_/B (sky130_fd_sc_hd__nor4b_1)
     1    0.00    0.04    0.06    5.69 v _7707_/Y (sky130_fd_sc_hd__nor4b_1)
                                         net101 (net)
                  0.04    0.00    5.69 v output101/A (sky130_fd_sc_hd__clkbuf_4)
     1    0.03    0.08    0.17    5.86 v output101/X (sky130_fd_sc_hd__clkbuf_4)
                                         zero (net)
                  0.08    0.00    5.86 v zero (out)
                                  5.86   data arrival time

                  0.00    0.00    0.00   clock __VIRTUAL_CLK__ (rise edge)
                          0.00    0.00   clock network delay (ideal)
                          0.25    0.25   clock uncertainty
                          0.00    0.25   clock reconvergence pessimism
                         -5.00   -4.75   output external delay
                                 -4.75   data required time
-----------------------------------------------------------------------------
                                 -4.75   data required time
                                 -5.86   data arrival time
-----------------------------------------------------------------------------
                                 10.61   slack (MET)


Startpoint: A[7] (input port clocked by __VIRTUAL_CLK__)
Endpoint: result[8] (output port clocked by __VIRTUAL_CLK__)
Path Group: __VIRTUAL_CLK__
Path Type: min

Fanout     Cap    Slew   Delay    Time   Description
-----------------------------------------------------------------------------
                  0.00    0.00    0.00   clock __VIRTUAL_CLK__ (rise edge)
                          0.00    0.00   clock network delay (ideal)
                          5.00    5.00 v input external delay
     1    0.00    0.01    0.00    5.00 v A[7] (in)
                                         A[7] (net)
                  0.01    0.00    5.00 v input29/A (sky130_fd_sc_hd__buf_2)
     6    0.02    0.07    0.14    5.14 v input29/X (sky130_fd_sc_hd__buf_2)
                                         net29 (net)
                  0.07    0.00    5.14 v _4644_/A (sky130_fd_sc_hd__nand2_4)
     8    0.04    0.13    0.12    5.27 ^ _4644_/Y (sky130_fd_sc_hd__nand2_4)
                                         _3749_ (net)
                  0.13    0.00    5.27 ^ _4765_/A2 (sky130_fd_sc_hd__a21oi_1)
     3    0.01    0.06    0.10    5.38 v _4765_/Y (sky130_fd_sc_hd__a21oi_1)
                                         _0026_ (net)
                  0.06    0.00    5.38 v _4767_/A (sky130_fd_sc_hd__nor2_1)
     1    0.00    0.08    0.10    5.47 ^ _4767_/Y (sky130_fd_sc_hd__nor2_1)
                                         _0028_ (net)
                  0.08    0.00    5.47 ^ _4768_/C1 (sky130_fd_sc_hd__a211o_1)
     1    0.01    0.06    0.11    5.58 ^ _4768_/X (sky130_fd_sc_hd__a211o_1)
                                         _0029_ (net)
                  0.06    0.00    5.58 ^ _4769_/B1 (sky130_fd_sc_hd__a31o_1)
     2    0.01    0.07    0.11    5.69 ^ _4769_/X (sky130_fd_sc_hd__a31o_1)
                                         net99 (net)
                  0.07    0.00    5.69 ^ output99/A (sky130_fd_sc_hd__buf_2)
     1    0.03    0.17    0.20    5.89 ^ output99/X (sky130_fd_sc_hd__buf_2)
                                         result[8] (net)
                  0.17    0.00    5.89 ^ result[8] (out)
                                  5.89   data arrival time

                  0.00    0.00    0.00   clock __VIRTUAL_CLK__ (rise edge)
                          0.00    0.00   clock network delay (ideal)
                          0.25    0.25   clock uncertainty
                          0.00    0.25   clock reconvergence pessimism
                         -5.00   -4.75   output external delay
                                 -4.75   data required time
-----------------------------------------------------------------------------
                                 -4.75   data required time
                                 -5.89   data arrival time
-----------------------------------------------------------------------------
                                 10.64   slack (MET)


Startpoint: opcode[3] (input port clocked by __VIRTUAL_CLK__)
Endpoint: result[15] (output port clocked by __VIRTUAL_CLK__)
Path Group: __VIRTUAL_CLK__
Path Type: min

Fanout     Cap    Slew   Delay    Time   Description
-----------------------------------------------------------------------------
                  0.00    0.00    0.00   clock __VIRTUAL_CLK__ (rise edge)
                          0.00    0.00   clock network delay (ideal)
                          5.00    5.00 v input external delay
     1    0.00    0.01    0.00    5.00 v opcode[3] (in)
                                         opcode[3] (net)
                  0.01    0.00    5.00 v input66/A (sky130_fd_sc_hd__clkbuf_2)
     7    0.02    0.08    0.12    5.13 v input66/X (sky130_fd_sc_hd__clkbuf_2)
                                         net66 (net)
                  0.08    0.00    5.13 v _4186_/B (sky130_fd_sc_hd__nand2b_2)
     5    0.02    0.13    0.13    5.26 ^ _4186_/Y (sky130_fd_sc_hd__nand2b_2)
                                         _3298_ (net)
                  0.13    0.00    5.26 ^ _4381_/A (sky130_fd_sc_hd__nor2_1)
     2    0.01    0.06    0.08    5.35 v _4381_/Y (sky130_fd_sc_hd__nor2_1)
                                         _3491_ (net)
                  0.06    0.00    5.35 v _4382_/A (sky130_fd_sc_hd__clkbuf_4)
    10    0.04    0.09    0.18    5.53 v _4382_/X (sky130_fd_sc_hd__clkbuf_4)
                                         _3492_ (net)
                  0.09    0.00    5.53 v _5415_/A1 (sky130_fd_sc_hd__a31o_1)
     2    0.01    0.05    0.19    5.72 v _5415_/X (sky130_fd_sc_hd__a31o_1)
                                         net75 (net)
                  0.05    0.00    5.72 v output75/A (sky130_fd_sc_hd__buf_2)
     1    0.03    0.09    0.17    5.89 v output75/X (sky130_fd_sc_hd__buf_2)
                                         result[15] (net)
                  0.09    0.00    5.89 v result[15] (out)
                                  5.89   data arrival time

                  0.00    0.00    0.00   clock __VIRTUAL_CLK__ (rise edge)
                          0.00    0.00   clock network delay (ideal)
                          0.25    0.25   clock uncertainty
                          0.00    0.25   clock reconvergence pessimism
                         -5.00   -4.75   output external delay
                                 -4.75   data required time
-----------------------------------------------------------------------------
                                 -4.75   data required time
                                 -5.89   data arrival time
-----------------------------------------------------------------------------
                                 10.64   slack (MET)


Startpoint: opcode[3] (input port clocked by __VIRTUAL_CLK__)
Endpoint: result[17] (output port clocked by __VIRTUAL_CLK__)
Path Group: __VIRTUAL_CLK__
Path Type: min

Fanout     Cap    Slew   Delay    Time   Description
-----------------------------------------------------------------------------
                  0.00    0.00    0.00   clock __VIRTUAL_CLK__ (rise edge)
                          0.00    0.00   clock network delay (ideal)
                          5.00    5.00 v input external delay
     1    0.00    0.01    0.00    5.00 v opcode[3] (in)
                                         opcode[3] (net)
                  0.01    0.00    5.00 v input66/A (sky130_fd_sc_hd__clkbuf_2)
     7    0.02    0.08    0.12    5.13 v input66/X (sky130_fd_sc_hd__clkbuf_2)
                                         net66 (net)
                  0.08    0.00    5.13 v _4186_/B (sky130_fd_sc_hd__nand2b_2)
     5    0.02    0.13    0.13    5.26 ^ _4186_/Y (sky130_fd_sc_hd__nand2b_2)
                                         _3298_ (net)
                  0.13    0.00    5.26 ^ _4381_/A (sky130_fd_sc_hd__nor2_1)
     2    0.01    0.06    0.08    5.35 v _4381_/Y (sky130_fd_sc_hd__nor2_1)
                                         _3491_ (net)
                  0.06    0.00    5.35 v _4382_/A (sky130_fd_sc_hd__clkbuf_4)
    10    0.04    0.09    0.18    5.53 v _4382_/X (sky130_fd_sc_hd__clkbuf_4)
                                         _3492_ (net)
                  0.09    0.00    5.53 v _5638_/A1 (sky130_fd_sc_hd__a31o_1)
     2    0.01    0.05    0.19    5.72 v _5638_/X (sky130_fd_sc_hd__a31o_1)
                                         net77 (net)
                  0.05    0.00    5.72 v output77/A (sky130_fd_sc_hd__buf_2)
     1    0.03    0.09    0.17    5.90 v output77/X (sky130_fd_sc_hd__buf_2)
                                         result[17] (net)
                  0.09    0.00    5.90 v result[17] (out)
                                  5.90   data arrival time

                  0.00    0.00    0.00   clock __VIRTUAL_CLK__ (rise edge)
                          0.00    0.00   clock network delay (ideal)
                          0.25    0.25   clock uncertainty
                          0.00    0.25   clock reconvergence pessimism
                         -5.00   -4.75   output external delay
                                 -4.75   data required time
-----------------------------------------------------------------------------
                                 -4.75   data required time
                                 -5.90   data arrival time
-----------------------------------------------------------------------------
                                 10.65   slack (MET)


Startpoint: opcode[3] (input port clocked by __VIRTUAL_CLK__)
Endpoint: result[14] (output port clocked by __VIRTUAL_CLK__)
Path Group: __VIRTUAL_CLK__
Path Type: min

Fanout     Cap    Slew   Delay    Time   Description
-----------------------------------------------------------------------------
                  0.00    0.00    0.00   clock __VIRTUAL_CLK__ (rise edge)
                          0.00    0.00   clock network delay (ideal)
                          5.00    5.00 v input external delay
     1    0.00    0.01    0.00    5.00 v opcode[3] (in)
                                         opcode[3] (net)
                  0.01    0.00    5.00 v input66/A (sky130_fd_sc_hd__clkbuf_2)
     7    0.02    0.08    0.12    5.13 v input66/X (sky130_fd_sc_hd__clkbuf_2)
                                         net66 (net)
                  0.08    0.00    5.13 v _4186_/B (sky130_fd_sc_hd__nand2b_2)
     5    0.02    0.13    0.13    5.26 ^ _4186_/Y (sky130_fd_sc_hd__nand2b_2)
                                         _3298_ (net)
                  0.13    0.00    5.26 ^ _4300_/A (sky130_fd_sc_hd__or2_1)
     3    0.01    0.09    0.15    5.41 ^ _4300_/X (sky130_fd_sc_hd__or2_1)
                                         _3411_ (net)
                  0.09    0.00    5.41 ^ _4540_/A (sky130_fd_sc_hd__buf_4)
    10    0.05    0.15    0.20    5.61 ^ _4540_/X (sky130_fd_sc_hd__buf_4)
                                         _3647_ (net)
                  0.15    0.00    5.61 ^ _5311_/A1 (sky130_fd_sc_hd__o31ai_1)
     2    0.01    0.05    0.11    5.73 v _5311_/Y (sky130_fd_sc_hd__o31ai_1)
                                         net74 (net)
                  0.05    0.00    5.73 v output74/A (sky130_fd_sc_hd__buf_2)
     1    0.03    0.09    0.18    5.90 v output74/X (sky130_fd_sc_hd__buf_2)
                                         result[14] (net)
                  0.09    0.00    5.90 v result[14] (out)
                                  5.90   data arrival time

                  0.00    0.00    0.00   clock __VIRTUAL_CLK__ (rise edge)
                          0.00    0.00   clock network delay (ideal)
                          0.25    0.25   clock uncertainty
                          0.00    0.25   clock reconvergence pessimism
                         -5.00   -4.75   output external delay
                                 -4.75   data required time
-----------------------------------------------------------------------------
                                 -4.75   data required time
                                 -5.90   data arrival time
-----------------------------------------------------------------------------
                                 10.65   slack (MET)


Startpoint: opcode[3] (input port clocked by __VIRTUAL_CLK__)
Endpoint: result[21] (output port clocked by __VIRTUAL_CLK__)
Path Group: __VIRTUAL_CLK__
Path Type: min

Fanout     Cap    Slew   Delay    Time   Description
-----------------------------------------------------------------------------
                  0.00    0.00    0.00   clock __VIRTUAL_CLK__ (rise edge)
                          0.00    0.00   clock network delay (ideal)
                          5.00    5.00 v input external delay
     1    0.00    0.01    0.00    5.00 v opcode[3] (in)
                                         opcode[3] (net)
                  0.01    0.00    5.00 v input66/A (sky130_fd_sc_hd__clkbuf_2)
     7    0.02    0.08    0.12    5.13 v input66/X (sky130_fd_sc_hd__clkbuf_2)
                                         net66 (net)
                  0.08    0.00    5.13 v _4186_/B (sky130_fd_sc_hd__nand2b_2)
     5    0.02    0.13    0.13    5.26 ^ _4186_/Y (sky130_fd_sc_hd__nand2b_2)
                                         _3298_ (net)
                  0.13    0.00    5.26 ^ _4300_/A (sky130_fd_sc_hd__or2_1)
     3    0.01    0.09    0.15    5.41 ^ _4300_/X (sky130_fd_sc_hd__or2_1)
                                         _3411_ (net)
                  0.09    0.00    5.41 ^ _4540_/A (sky130_fd_sc_hd__buf_4)
    10    0.05    0.15    0.20    5.61 ^ _4540_/X (sky130_fd_sc_hd__buf_4)
                                         _3647_ (net)
                  0.15    0.01    5.62 ^ _6139_/A1 (sky130_fd_sc_hd__o21ai_2)
     2    0.01    0.06    0.10    5.72 v _6139_/Y (sky130_fd_sc_hd__o21ai_2)
                                         net82 (net)
                  0.06    0.00    5.72 v output82/A (sky130_fd_sc_hd__clkbuf_4)
     1    0.03    0.08    0.18    5.90 v output82/X (sky130_fd_sc_hd__clkbuf_4)
                                         result[21] (net)
                  0.08    0.00    5.90 v result[21] (out)
                                  5.90   data arrival time

                  0.00    0.00    0.00   clock __VIRTUAL_CLK__ (rise edge)
                          0.00    0.00   clock network delay (ideal)
                          0.25    0.25   clock uncertainty
                          0.00    0.25   clock reconvergence pessimism
                         -5.00   -4.75   output external delay
                                 -4.75   data required time
-----------------------------------------------------------------------------
                                 -4.75   data required time
                                 -5.90   data arrival time
-----------------------------------------------------------------------------
                                 10.65   slack (MET)


Startpoint: opcode[0] (input port clocked by __VIRTUAL_CLK__)
Endpoint: result[6] (output port clocked by __VIRTUAL_CLK__)
Path Group: __VIRTUAL_CLK__
Path Type: min

Fanout     Cap    Slew   Delay    Time   Description
-----------------------------------------------------------------------------
                  0.00    0.00    0.00   clock __VIRTUAL_CLK__ (rise edge)
                          0.00    0.00   clock network delay (ideal)
                          5.00    5.00 v input external delay
     1    0.00    0.01    0.00    5.00 v opcode[0] (in)
                                         opcode[0] (net)
                  0.01    0.00    5.00 v input63/A (sky130_fd_sc_hd__buf_2)
     9    0.03    0.08    0.15    5.15 v input63/X (sky130_fd_sc_hd__buf_2)
                                         net63 (net)
                  0.08    0.00    5.15 v _4182_/B_N (sky130_fd_sc_hd__or2b_1)
     4    0.01    0.11    0.20    5.35 ^ _4182_/X (sky130_fd_sc_hd__or2b_1)
                                         _3294_ (net)
                  0.11    0.00    5.35 ^ _4498_/C (sky130_fd_sc_hd__or3_4)
     6    0.03    0.09    0.17    5.52 ^ _4498_/X (sky130_fd_sc_hd__or3_4)
                                         _3606_ (net)
                  0.09    0.00    5.53 ^ _4574_/A (sky130_fd_sc_hd__nor2_1)
     1    0.00    0.03    0.05    5.58 v _4574_/Y (sky130_fd_sc_hd__nor2_1)
                                         _3680_ (net)
                  0.03    0.00    5.58 v _4630_/A2 (sky130_fd_sc_hd__a21o_1)
     2    0.01    0.04    0.17    5.75 v _4630_/X (sky130_fd_sc_hd__a21o_1)
                                         net97 (net)
                  0.04    0.00    5.75 v output97/A (sky130_fd_sc_hd__buf_2)
     1    0.03    0.09    0.17    5.92 v output97/X (sky130_fd_sc_hd__buf_2)
                                         result[6] (net)
                  0.09    0.00    5.92 v result[6] (out)
                                  5.92   data arrival time

                  0.00    0.00    0.00   clock __VIRTUAL_CLK__ (rise edge)
                          0.00    0.00   clock network delay (ideal)
                          0.25    0.25   clock uncertainty
                          0.00    0.25   clock reconvergence pessimism
                         -5.00   -4.75   output external delay
                                 -4.75   data required time
-----------------------------------------------------------------------------
                                 -4.75   data required time
                                 -5.92   data arrival time
-----------------------------------------------------------------------------
                                 10.67   slack (MET)


Startpoint: opcode[0] (input port clocked by __VIRTUAL_CLK__)
Endpoint: result[20] (output port clocked by __VIRTUAL_CLK__)
Path Group: __VIRTUAL_CLK__
Path Type: min

Fanout     Cap    Slew   Delay    Time   Description
-----------------------------------------------------------------------------
                  0.00    0.00    0.00   clock __VIRTUAL_CLK__ (rise edge)
                          0.00    0.00   clock network delay (ideal)
                          5.00    5.00 ^ input external delay
     1    0.00    0.02    0.01    5.01 ^ opcode[0] (in)
                                         opcode[0] (net)
                  0.02    0.00    5.01 ^ input63/A (sky130_fd_sc_hd__buf_2)
     9    0.03    0.15    0.17    5.18 ^ input63/X (sky130_fd_sc_hd__buf_2)
                                         net63 (net)
                  0.15    0.00    5.18 ^ _4187_/A (sky130_fd_sc_hd__nor3_4)
     6    0.03    0.06    0.09    5.26 v _4187_/Y (sky130_fd_sc_hd__nor3_4)
                                         _3299_ (net)
                  0.06    0.00    5.26 v _4188_/B (sky130_fd_sc_hd__nand2_2)
     6    0.03    0.14    0.14    5.40 ^ _4188_/Y (sky130_fd_sc_hd__nand2_2)
                                         _3300_ (net)
                  0.14    0.00    5.40 ^ _6001_/A1 (sky130_fd_sc_hd__o211a_1)
     1    0.01    0.07    0.19    5.58 ^ _6001_/X (sky130_fd_sc_hd__o211a_1)
                                         _1373_ (net)
                  0.07    0.00    5.58 ^ _6011_/C (sky130_fd_sc_hd__nand4b_2)
     2    0.01    0.13    0.14    5.73 v _6011_/Y (sky130_fd_sc_hd__nand4b_2)
                                         net81 (net)
                  0.13    0.00    5.73 v output81/A (sky130_fd_sc_hd__clkbuf_4)
     1    0.03    0.08    0.21    5.94 v output81/X (sky130_fd_sc_hd__clkbuf_4)
                                         result[20] (net)
                  0.08    0.00    5.94 v result[20] (out)
                                  5.94   data arrival time

                  0.00    0.00    0.00   clock __VIRTUAL_CLK__ (rise edge)
                          0.00    0.00   clock network delay (ideal)
                          0.25    0.25   clock uncertainty
                          0.00    0.25   clock reconvergence pessimism
                         -5.00   -4.75   output external delay
                                 -4.75   data required time
-----------------------------------------------------------------------------
                                 -4.75   data required time
                                 -5.94   data arrival time
-----------------------------------------------------------------------------
                                 10.69   slack (MET)


Startpoint: opcode[3] (input port clocked by __VIRTUAL_CLK__)
Endpoint: result[5] (output port clocked by __VIRTUAL_CLK__)
Path Group: __VIRTUAL_CLK__
Path Type: min

Fanout     Cap    Slew   Delay    Time   Description
-----------------------------------------------------------------------------
                  0.00    0.00    0.00   clock __VIRTUAL_CLK__ (rise edge)
                          0.00    0.00   clock network delay (ideal)
                          5.00    5.00 v input external delay
     1    0.00    0.01    0.00    5.00 v opcode[3] (in)
                                         opcode[3] (net)
                  0.01    0.00    5.00 v input66/A (sky130_fd_sc_hd__clkbuf_2)
     7    0.02    0.08    0.12    5.13 v input66/X (sky130_fd_sc_hd__clkbuf_2)
                                         net66 (net)
                  0.08    0.00    5.13 v _4186_/B (sky130_fd_sc_hd__nand2b_2)
     5    0.02    0.13    0.13    5.26 ^ _4186_/Y (sky130_fd_sc_hd__nand2b_2)
                                         _3298_ (net)
                  0.13    0.00    5.26 ^ _4300_/A (sky130_fd_sc_hd__or2_1)
     3    0.01    0.09    0.15    5.41 ^ _4300_/X (sky130_fd_sc_hd__or2_1)
                                         _3411_ (net)
                  0.09    0.00    5.41 ^ _4540_/A (sky130_fd_sc_hd__buf_4)
    10    0.05    0.15    0.20    5.61 ^ _4540_/X (sky130_fd_sc_hd__buf_4)
                                         _3647_ (net)
                  0.15    0.00    5.61 ^ _4541_/B1 (sky130_fd_sc_hd__a21o_1)
     1    0.00    0.04    0.10    5.71 ^ _4541_/X (sky130_fd_sc_hd__a21o_1)
                                         _3648_ (net)
                  0.04    0.00    5.71 ^ _4569_/A2 (sky130_fd_sc_hd__o21ai_1)
     2    0.01    0.04    0.06    5.77 v _4569_/Y (sky130_fd_sc_hd__o21ai_1)
                                         net96 (net)
                  0.04    0.00    5.77 v output96/A (sky130_fd_sc_hd__buf_2)
     1    0.03    0.09    0.17    5.94 v output96/X (sky130_fd_sc_hd__buf_2)
                                         result[5] (net)
                  0.09    0.00    5.94 v result[5] (out)
                                  5.94   data arrival time

                  0.00    0.00    0.00   clock __VIRTUAL_CLK__ (rise edge)
                          0.00    0.00   clock network delay (ideal)
                          0.25    0.25   clock uncertainty
                          0.00    0.25   clock reconvergence pessimism
                         -5.00   -4.75   output external delay
                                 -4.75   data required time
-----------------------------------------------------------------------------
                                 -4.75   data required time
                                 -5.94   data arrival time
-----------------------------------------------------------------------------
                                 10.69   slack (MET)


Startpoint: B[24] (input port clocked by __VIRTUAL_CLK__)
Endpoint: result[25] (output port clocked by __VIRTUAL_CLK__)
Path Group: __VIRTUAL_CLK__
Path Type: min

Fanout     Cap    Slew   Delay    Time   Description
-----------------------------------------------------------------------------
                  0.00    0.00    0.00   clock __VIRTUAL_CLK__ (rise edge)
                          0.00    0.00   clock network delay (ideal)
                          5.00    5.00 v input external delay
     1    0.00    0.01    0.00    5.00 v B[24] (in)
                                         B[24] (net)
                  0.01    0.00    5.00 v input47/A (sky130_fd_sc_hd__buf_2)
    10    0.03    0.08    0.15    5.15 v input47/X (sky130_fd_sc_hd__buf_2)
                                         net47 (net)
                  0.08    0.00    5.16 v _3859_/A (sky130_fd_sc_hd__buf_2)
    10    0.03    0.08    0.18    5.34 v _3859_/X (sky130_fd_sc_hd__buf_2)
                                         _0213_ (net)
                  0.08    0.00    5.34 v _3892_/B (sky130_fd_sc_hd__nand2_1)
     3    0.01    0.12    0.13    5.46 ^ _3892_/Y (sky130_fd_sc_hd__nand2_1)
                                         _0573_ (net)
                  0.12    0.00    5.46 ^ _6576_/B1 (sky130_fd_sc_hd__o21ai_2)
     4    0.01    0.06    0.09    5.55 v _6576_/Y (sky130_fd_sc_hd__o21ai_2)
                                         _2000_ (net)
                  0.06    0.00    5.55 v _6577_/B (sky130_fd_sc_hd__nor2_1)
     1    0.01    0.12    0.11    5.66 ^ _6577_/Y (sky130_fd_sc_hd__nor2_1)
                                         _2001_ (net)
                  0.12    0.00    5.66 ^ _6719_/A1 (sky130_fd_sc_hd__o21ai_2)
     2    0.02    0.07    0.10    5.76 v _6719_/Y (sky130_fd_sc_hd__o21ai_2)
                                         net86 (net)
                  0.07    0.00    5.76 v output86/A (sky130_fd_sc_hd__clkbuf_4)
     1    0.03    0.08    0.18    5.95 v output86/X (sky130_fd_sc_hd__clkbuf_4)
                                         result[25] (net)
                  0.08    0.00    5.95 v result[25] (out)
                                  5.95   data arrival time

                  0.00    0.00    0.00   clock __VIRTUAL_CLK__ (rise edge)
                          0.00    0.00   clock network delay (ideal)
                          0.25    0.25   clock uncertainty
                          0.00    0.25   clock reconvergence pessimism
                         -5.00   -4.75   output external delay
                                 -4.75   data required time
-----------------------------------------------------------------------------
                                 -4.75   data required time
                                 -5.95   data arrival time
-----------------------------------------------------------------------------
                                 10.70   slack (MET)


Startpoint: opcode[0] (input port clocked by __VIRTUAL_CLK__)
Endpoint: result[2] (output port clocked by __VIRTUAL_CLK__)
Path Group: __VIRTUAL_CLK__
Path Type: min

Fanout     Cap    Slew   Delay    Time   Description
-----------------------------------------------------------------------------
                  0.00    0.00    0.00   clock __VIRTUAL_CLK__ (rise edge)
                          0.00    0.00   clock network delay (ideal)
                          5.00    5.00 ^ input external delay
     1    0.00    0.02    0.01    5.01 ^ opcode[0] (in)
                                         opcode[0] (net)
                  0.02    0.00    5.01 ^ input63/A (sky130_fd_sc_hd__buf_2)
     9    0.03    0.15    0.17    5.18 ^ input63/X (sky130_fd_sc_hd__buf_2)
                                         net63 (net)
                  0.15    0.00    5.18 ^ _4259_/A (sky130_fd_sc_hd__or3_4)
     5    0.03    0.10    0.20    5.37 ^ _4259_/X (sky130_fd_sc_hd__or3_4)
                                         _3371_ (net)
                  0.10    0.00    5.37 ^ _4365_/A1 (sky130_fd_sc_hd__o21ai_2)
     2    0.01    0.06    0.09    5.46 v _4365_/Y (sky130_fd_sc_hd__o21ai_2)
                                         _3475_ (net)
                  0.06    0.00    5.46 v _4407_/A2 (sky130_fd_sc_hd__a211o_1)
     2    0.01    0.07    0.31    5.77 v _4407_/X (sky130_fd_sc_hd__a211o_1)
                                         net91 (net)
                  0.07    0.00    5.77 v output91/A (sky130_fd_sc_hd__buf_2)
     1    0.03    0.09    0.18    5.95 v output91/X (sky130_fd_sc_hd__buf_2)
                                         result[2] (net)
                  0.09    0.00    5.95 v result[2] (out)
                                  5.95   data arrival time

                  0.00    0.00    0.00   clock __VIRTUAL_CLK__ (rise edge)
                          0.00    0.00   clock network delay (ideal)
                          0.25    0.25   clock uncertainty
                          0.00    0.25   clock reconvergence pessimism
                         -5.00   -4.75   output external delay
                                 -4.75   data required time
-----------------------------------------------------------------------------
                                 -4.75   data required time
                                 -5.95   data arrival time
-----------------------------------------------------------------------------
                                 10.70   slack (MET)


Startpoint: opcode[3] (input port clocked by __VIRTUAL_CLK__)
Endpoint: result[10] (output port clocked by __VIRTUAL_CLK__)
Path Group: __VIRTUAL_CLK__
Path Type: min

Fanout     Cap    Slew   Delay    Time   Description
-----------------------------------------------------------------------------
                  0.00    0.00    0.00   clock __VIRTUAL_CLK__ (rise edge)
                          0.00    0.00   clock network delay (ideal)
                          5.00    5.00 v input external delay
     1    0.00    0.01    0.00    5.00 v opcode[3] (in)
                                         opcode[3] (net)
                  0.01    0.00    5.00 v input66/A (sky130_fd_sc_hd__clkbuf_2)
     7    0.02    0.08    0.12    5.13 v input66/X (sky130_fd_sc_hd__clkbuf_2)
                                         net66 (net)
                  0.08    0.00    5.13 v _4186_/B (sky130_fd_sc_hd__nand2b_2)
     5    0.02    0.13    0.13    5.26 ^ _4186_/Y (sky130_fd_sc_hd__nand2b_2)
                                         _3298_ (net)
                  0.13    0.00    5.26 ^ _4300_/A (sky130_fd_sc_hd__or2_1)
     3    0.01    0.09    0.15    5.41 ^ _4300_/X (sky130_fd_sc_hd__or2_1)
                                         _3411_ (net)
                  0.09    0.00    5.41 ^ _4540_/A (sky130_fd_sc_hd__buf_4)
    10    0.05    0.15    0.20    5.61 ^ _4540_/X (sky130_fd_sc_hd__buf_4)
                                         _3647_ (net)
                  0.15    0.00    5.61 ^ _4903_/B1 (sky130_fd_sc_hd__a31o_1)
     1    0.00    0.05    0.11    5.73 ^ _4903_/X (sky130_fd_sc_hd__a31o_1)
                                         _0175_ (net)
                  0.05    0.00    5.73 ^ _4929_/A2 (sky130_fd_sc_hd__o21ai_1)
     2    0.01    0.05    0.06    5.79 v _4929_/Y (sky130_fd_sc_hd__o21ai_1)
                                         net70 (net)
                  0.05    0.00    5.79 v output70/A (sky130_fd_sc_hd__buf_2)
     1    0.03    0.09    0.17    5.96 v output70/X (sky130_fd_sc_hd__buf_2)
                                         result[10] (net)
                  0.09    0.00    5.96 v result[10] (out)
                                  5.96   data arrival time

                  0.00    0.00    0.00   clock __VIRTUAL_CLK__ (rise edge)
                          0.00    0.00   clock network delay (ideal)
                          0.25    0.25   clock uncertainty
                          0.00    0.25   clock reconvergence pessimism
                         -5.00   -4.75   output external delay
                                 -4.75   data required time
-----------------------------------------------------------------------------
                                 -4.75   data required time
                                 -5.96   data arrival time
-----------------------------------------------------------------------------
                                 10.71   slack (MET)


Startpoint: opcode[3] (input port clocked by __VIRTUAL_CLK__)
Endpoint: result[16] (output port clocked by __VIRTUAL_CLK__)
Path Group: __VIRTUAL_CLK__
Path Type: min

Fanout     Cap    Slew   Delay    Time   Description
-----------------------------------------------------------------------------
                  0.00    0.00    0.00   clock __VIRTUAL_CLK__ (rise edge)
                          0.00    0.00   clock network delay (ideal)
                          5.00    5.00 v input external delay
     1    0.00    0.01    0.00    5.00 v opcode[3] (in)
                                         opcode[3] (net)
                  0.01    0.00    5.00 v input66/A (sky130_fd_sc_hd__clkbuf_2)
     7    0.02    0.08    0.12    5.13 v input66/X (sky130_fd_sc_hd__clkbuf_2)
                                         net66 (net)
                  0.08    0.00    5.13 v _4186_/B (sky130_fd_sc_hd__nand2b_2)
     5    0.02    0.13    0.13    5.26 ^ _4186_/Y (sky130_fd_sc_hd__nand2b_2)
                                         _3298_ (net)
                  0.13    0.00    5.26 ^ _4300_/A (sky130_fd_sc_hd__or2_1)
     3    0.01    0.09    0.15    5.41 ^ _4300_/X (sky130_fd_sc_hd__or2_1)
                                         _3411_ (net)
                  0.09    0.00    5.41 ^ _4540_/A (sky130_fd_sc_hd__buf_4)
    10    0.05    0.15    0.20    5.61 ^ _4540_/X (sky130_fd_sc_hd__buf_4)
                                         _3647_ (net)
                  0.15    0.00    5.61 ^ _5507_/C1 (sky130_fd_sc_hd__a211o_1)
     1    0.00    0.04    0.11    5.73 ^ _5507_/X (sky130_fd_sc_hd__a211o_1)
                                         _0833_ (net)
                  0.04    0.00    5.73 ^ _5527_/A (sky130_fd_sc_hd__nand2_1)
     2    0.01    0.05    0.06    5.79 v _5527_/Y (sky130_fd_sc_hd__nand2_1)
                                         net76 (net)
                  0.05    0.00    5.79 v output76/A (sky130_fd_sc_hd__buf_2)
     1    0.03    0.09    0.17    5.96 v output76/X (sky130_fd_sc_hd__buf_2)
                                         result[16] (net)
                  0.09    0.00    5.96 v result[16] (out)
                                  5.96   data arrival time

                  0.00    0.00    0.00   clock __VIRTUAL_CLK__ (rise edge)
                          0.00    0.00   clock network delay (ideal)
                          0.25    0.25   clock uncertainty
                          0.00    0.25   clock reconvergence pessimism
                         -5.00   -4.75   output external delay
                                 -4.75   data required time
-----------------------------------------------------------------------------
                                 -4.75   data required time
                                 -5.96   data arrival time
-----------------------------------------------------------------------------
                                 10.71   slack (MET)


Startpoint: A[7] (input port clocked by __VIRTUAL_CLK__)
Endpoint: result[7] (output port clocked by __VIRTUAL_CLK__)
Path Group: __VIRTUAL_CLK__
Path Type: min

Fanout     Cap    Slew   Delay    Time   Description
-----------------------------------------------------------------------------
                  0.00    0.00    0.00   clock __VIRTUAL_CLK__ (rise edge)
                          0.00    0.00   clock network delay (ideal)
                          5.00    5.00 ^ input external delay
     1    0.00    0.02    0.01    5.01 ^ A[7] (in)
                                         A[7] (net)
                  0.02    0.00    5.01 ^ input29/A (sky130_fd_sc_hd__buf_2)
     6    0.03    0.13    0.15    5.16 ^ input29/X (sky130_fd_sc_hd__buf_2)
                                         net29 (net)
                  0.13    0.00    5.16 ^ _4644_/A (sky130_fd_sc_hd__nand2_4)
     8    0.04    0.09    0.11    5.27 v _4644_/Y (sky130_fd_sc_hd__nand2_4)
                                         _3749_ (net)
                  0.09    0.00    5.27 v _4651_/A2 (sky130_fd_sc_hd__o2111a_1)
     1    0.00    0.03    0.23    5.50 v _4651_/X (sky130_fd_sc_hd__o2111a_1)
                                         _3756_ (net)
                  0.03    0.00    5.50 v _4652_/B1 (sky130_fd_sc_hd__o21ai_1)
     1    0.00    0.08    0.06    5.56 ^ _4652_/Y (sky130_fd_sc_hd__o21ai_1)
                                         _3757_ (net)
                  0.08    0.00    5.56 ^ _4656_/B1 (sky130_fd_sc_hd__a211o_1)
     1    0.01    0.06    0.11    5.67 ^ _4656_/X (sky130_fd_sc_hd__a211o_1)
                                         _3761_ (net)
                  0.06    0.00    5.68 ^ _4703_/B1 (sky130_fd_sc_hd__a211o_1)
     2    0.01    0.07    0.11    5.79 ^ _4703_/X (sky130_fd_sc_hd__a211o_1)
                                         net98 (net)
                  0.07    0.00    5.79 ^ output98/A (sky130_fd_sc_hd__buf_2)
     1    0.03    0.17    0.20    5.98 ^ output98/X (sky130_fd_sc_hd__buf_2)
                                         result[7] (net)
                  0.17    0.00    5.98 ^ result[7] (out)
                                  5.98   data arrival time

                  0.00    0.00    0.00   clock __VIRTUAL_CLK__ (rise edge)
                          0.00    0.00   clock network delay (ideal)
                          0.25    0.25   clock uncertainty
                          0.00    0.25   clock reconvergence pessimism
                         -5.00   -4.75   output external delay
                                 -4.75   data required time
-----------------------------------------------------------------------------
                                 -4.75   data required time
                                 -5.98   data arrival time
-----------------------------------------------------------------------------
                                 10.73   slack (MET)


Startpoint: B[12] (input port clocked by __VIRTUAL_CLK__)
Endpoint: result[13] (output port clocked by __VIRTUAL_CLK__)
Path Group: __VIRTUAL_CLK__
Path Type: min

Fanout     Cap    Slew   Delay    Time   Description
-----------------------------------------------------------------------------
                  0.00    0.00    0.00   clock __VIRTUAL_CLK__ (rise edge)
                          0.00    0.00   clock network delay (ideal)
                          5.00    5.00 v input external delay
     1    0.00    0.01    0.00    5.00 v B[12] (in)
                                         B[12] (net)
                  0.01    0.00    5.00 v input34/A (sky130_fd_sc_hd__buf_2)
     8    0.03    0.08    0.15    5.15 v input34/X (sky130_fd_sc_hd__buf_2)
                                         net34 (net)
                  0.08    0.00    5.15 v _4020_/A (sky130_fd_sc_hd__inv_2)
     8    0.03    0.13    0.13    5.28 ^ _4020_/Y (sky130_fd_sc_hd__inv_2)
                                         _1971_ (net)
                  0.13    0.00    5.28 ^ _4023_/B (sky130_fd_sc_hd__and2_1)
     2    0.00    0.06    0.14    5.42 ^ _4023_/X (sky130_fd_sc_hd__and2_1)
                                         _2003_ (net)
                  0.06    0.00    5.42 ^ _5110_/A (sky130_fd_sc_hd__nor2_1)
     1    0.00    0.03    0.05    5.47 v _5110_/Y (sky130_fd_sc_hd__nor2_1)
                                         _0400_ (net)
                  0.03    0.00    5.47 v _5111_/B (sky130_fd_sc_hd__xnor2_1)
     1    0.01    0.10    0.19    5.66 ^ _5111_/Y (sky130_fd_sc_hd__xnor2_1)
                                         _0401_ (net)
                  0.10    0.00    5.66 ^ _5209_/A2 (sky130_fd_sc_hd__a211o_1)
     2    0.01    0.07    0.14    5.80 ^ _5209_/X (sky130_fd_sc_hd__a211o_1)
                                         net73 (net)
                  0.07    0.00    5.80 ^ output73/A (sky130_fd_sc_hd__buf_2)
     1    0.03    0.17    0.20    6.00 ^ output73/X (sky130_fd_sc_hd__buf_2)
                                         result[13] (net)
                  0.17    0.00    6.00 ^ result[13] (out)
                                  6.00   data arrival time

                  0.00    0.00    0.00   clock __VIRTUAL_CLK__ (rise edge)
                          0.00    0.00   clock network delay (ideal)
                          0.25    0.25   clock uncertainty
                          0.00    0.25   clock reconvergence pessimism
                         -5.00   -4.75   output external delay
                                 -4.75   data required time
-----------------------------------------------------------------------------
                                 -4.75   data required time
                                 -6.00   data arrival time
-----------------------------------------------------------------------------
                                 10.75   slack (MET)


Startpoint: opcode[2] (input port clocked by __VIRTUAL_CLK__)
Endpoint: result[4] (output port clocked by __VIRTUAL_CLK__)
Path Group: __VIRTUAL_CLK__
Path Type: min

Fanout     Cap    Slew   Delay    Time   Description
-----------------------------------------------------------------------------
                  0.00    0.00    0.00   clock __VIRTUAL_CLK__ (rise edge)
                          0.00    0.00   clock network delay (ideal)
                          5.00    5.00 ^ input external delay
     1    0.00    0.02    0.01    5.01 ^ opcode[2] (in)
                                         opcode[2] (net)
                  0.02    0.00    5.01 ^ input65/A (sky130_fd_sc_hd__clkbuf_2)
     8    0.02    0.10    0.13    5.14 ^ input65/X (sky130_fd_sc_hd__clkbuf_2)
                                         net65 (net)
                  0.10    0.00    5.14 ^ _4306_/A (sky130_fd_sc_hd__or3_4)
     6    0.02    0.08    0.16    5.31 ^ _4306_/X (sky130_fd_sc_hd__or3_4)
                                         _3417_ (net)
                  0.08    0.00    5.31 ^ _4508_/A2 (sky130_fd_sc_hd__o21ai_1)
     1    0.00    0.03    0.06    5.36 v _4508_/Y (sky130_fd_sc_hd__o21ai_1)
                                         _3616_ (net)
                  0.03    0.00    5.36 v _4509_/D1 (sky130_fd_sc_hd__a2111o_1)
     1    0.00    0.06    0.27    5.64 v _4509_/X (sky130_fd_sc_hd__a2111o_1)
                                         _3617_ (net)
                  0.06    0.00    5.64 v _4510_/B1 (sky130_fd_sc_hd__a31o_1)
     2    0.01    0.05    0.19    5.83 v _4510_/X (sky130_fd_sc_hd__a31o_1)
                                         net95 (net)
                  0.05    0.00    5.83 v output95/A (sky130_fd_sc_hd__buf_2)
     1    0.03    0.09    0.17    6.00 v output95/X (sky130_fd_sc_hd__buf_2)
                                         result[4] (net)
                  0.09    0.00    6.00 v result[4] (out)
                                  6.00   data arrival time

                  0.00    0.00    0.00   clock __VIRTUAL_CLK__ (rise edge)
                          0.00    0.00   clock network delay (ideal)
                          0.25    0.25   clock uncertainty
                          0.00    0.25   clock reconvergence pessimism
                         -5.00   -4.75   output external delay
                                 -4.75   data required time
-----------------------------------------------------------------------------
                                 -4.75   data required time
                                 -6.00   data arrival time
-----------------------------------------------------------------------------
                                 10.75   slack (MET)


Startpoint: A[30] (input port clocked by __VIRTUAL_CLK__)
Endpoint: result[31] (output port clocked by __VIRTUAL_CLK__)
Path Group: __VIRTUAL_CLK__
Path Type: min

Fanout     Cap    Slew   Delay    Time   Description
-----------------------------------------------------------------------------
                  0.00    0.00    0.00   clock __VIRTUAL_CLK__ (rise edge)
                          0.00    0.00   clock network delay (ideal)
                          5.00    5.00 v input external delay
     1    0.00    0.01    0.01    5.01 v A[30] (in)
                                         A[30] (net)
                  0.01    0.00    5.01 v input23/A (sky130_fd_sc_hd__clkbuf_2)
     8    0.02    0.09    0.13    5.14 v input23/X (sky130_fd_sc_hd__clkbuf_2)
                                         net23 (net)
                  0.09    0.00    5.14 v _7365_/A (sky130_fd_sc_hd__nand2_1)
     2    0.01    0.06    0.08    5.22 ^ _7365_/Y (sky130_fd_sc_hd__nand2_1)
                                         _2863_ (net)
                  0.06    0.00    5.22 ^ _7548_/B1 (sky130_fd_sc_hd__o21ai_1)
     2    0.01    0.07    0.09    5.31 v _7548_/Y (sky130_fd_sc_hd__o21ai_1)
                                         _3063_ (net)
                  0.07    0.00    5.31 v _7549_/B (sky130_fd_sc_hd__xnor2_1)
     2    0.00    0.05    0.13    5.44 v _7549_/Y (sky130_fd_sc_hd__xnor2_1)
                                         _3065_ (net)
                  0.05    0.00    5.44 v _7550_/B (sky130_fd_sc_hd__nor2_1)
     3    0.01    0.16    0.14    5.58 ^ _7550_/Y (sky130_fd_sc_hd__nor2_1)
                                         _3066_ (net)
                  0.16    0.00    5.58 ^ _7694_/B (sky130_fd_sc_hd__or3_1)
     1    0.00    0.04    0.12    5.70 ^ _7694_/X (sky130_fd_sc_hd__or3_1)
                                         _3224_ (net)
                  0.04    0.00    5.70 ^ _7695_/A (sky130_fd_sc_hd__buf_1)
     2    0.01    0.10    0.11    5.81 ^ _7695_/X (sky130_fd_sc_hd__buf_1)
                                         net93 (net)
                  0.10    0.00    5.81 ^ output93/A (sky130_fd_sc_hd__clkbuf_4)
     1    0.03    0.11    0.19    6.01 ^ output93/X (sky130_fd_sc_hd__clkbuf_4)
                                         result[31] (net)
                  0.11    0.00    6.01 ^ result[31] (out)
                                  6.01   data arrival time

                  0.00    0.00    0.00   clock __VIRTUAL_CLK__ (rise edge)
                          0.00    0.00   clock network delay (ideal)
                          0.25    0.25   clock uncertainty
                          0.00    0.25   clock reconvergence pessimism
                         -5.00   -4.75   output external delay
                                 -4.75   data required time
-----------------------------------------------------------------------------
                                 -4.75   data required time
                                 -6.01   data arrival time
-----------------------------------------------------------------------------
                                 10.76   slack (MET)


Startpoint: A[31] (input port clocked by __VIRTUAL_CLK__)
Endpoint: result[24] (output port clocked by __VIRTUAL_CLK__)
Path Group: __VIRTUAL_CLK__
Path Type: min

Fanout     Cap    Slew   Delay    Time   Description
-----------------------------------------------------------------------------
                  0.00    0.00    0.00   clock __VIRTUAL_CLK__ (rise edge)
                          0.00    0.00   clock network delay (ideal)
                          5.00    5.00 ^ input external delay
     1    0.00    0.02    0.01    5.01 ^ A[31] (in)
                                         A[31] (net)
                  0.02    0.00    5.01 ^ input24/A (sky130_fd_sc_hd__buf_2)
    10    0.03    0.16    0.17    5.18 ^ input24/X (sky130_fd_sc_hd__buf_2)
                                         net24 (net)
                  0.16    0.00    5.18 ^ _4427_/B (sky130_fd_sc_hd__nand2_2)
     6    0.03    0.12    0.13    5.31 v _4427_/Y (sky130_fd_sc_hd__nand2_2)
                                         _3536_ (net)
                  0.12    0.00    5.32 v _6560_/A1 (sky130_fd_sc_hd__a21oi_1)
     1    0.00    0.07    0.13    5.44 ^ _6560_/Y (sky130_fd_sc_hd__a21oi_1)
                                         _1984_ (net)
                  0.07    0.00    5.44 ^ _6573_/A (sky130_fd_sc_hd__or4b_1)
     1    0.00    0.06    0.12    5.56 ^ _6573_/X (sky130_fd_sc_hd__or4b_1)
                                         _1998_ (net)
                  0.06    0.00    5.56 ^ _6574_/C (sky130_fd_sc_hd__or3_1)
     1    0.00    0.03    0.09    5.64 ^ _6574_/X (sky130_fd_sc_hd__or3_1)
                                         _1999_ (net)
                  0.03    0.00    5.64 ^ _6575_/A (sky130_fd_sc_hd__buf_1)
     2    0.01    0.16    0.15    5.79 ^ _6575_/X (sky130_fd_sc_hd__buf_1)
                                         net85 (net)
                  0.16    0.00    5.79 ^ output85/A (sky130_fd_sc_hd__clkbuf_4)
     1    0.03    0.11    0.22    6.01 ^ output85/X (sky130_fd_sc_hd__clkbuf_4)
                                         result[24] (net)
                  0.11    0.00    6.01 ^ result[24] (out)
                                  6.01   data arrival time

                  0.00    0.00    0.00   clock __VIRTUAL_CLK__ (rise edge)
                          0.00    0.00   clock network delay (ideal)
                          0.25    0.25   clock uncertainty
                          0.00    0.25   clock reconvergence pessimism
                         -5.00   -4.75   output external delay
                                 -4.75   data required time
-----------------------------------------------------------------------------
                                 -4.75   data required time
                                 -6.01   data arrival time
-----------------------------------------------------------------------------
                                 10.76   slack (MET)


Startpoint: B[28] (input port clocked by __VIRTUAL_CLK__)
Endpoint: result[28] (output port clocked by __VIRTUAL_CLK__)
Path Group: __VIRTUAL_CLK__
Path Type: min

Fanout     Cap    Slew   Delay    Time   Description
-----------------------------------------------------------------------------
                  0.00    0.00    0.00   clock __VIRTUAL_CLK__ (rise edge)
                          0.00    0.00   clock network delay (ideal)
                          5.00    5.00 ^ input external delay
     1    0.00    0.02    0.01    5.01 ^ B[28] (in)
                                         B[28] (net)
                  0.02    0.00    5.01 ^ input51/A (sky130_fd_sc_hd__clkbuf_4)
    10    0.04    0.12    0.17    5.18 ^ input51/X (sky130_fd_sc_hd__clkbuf_4)
                                         net51 (net)
                  0.12    0.00    5.18 ^ _3878_/B (sky130_fd_sc_hd__and2_1)
     3    0.01    0.11    0.18    5.36 ^ _3878_/X (sky130_fd_sc_hd__and2_1)
                                         _0420_ (net)
                  0.11    0.00    5.36 ^ _3880_/A (sky130_fd_sc_hd__nor2b_2)
     6    0.02    0.05    0.08    5.44 v _3880_/Y (sky130_fd_sc_hd__nor2b_2)
                                         _0442_ (net)
                  0.05    0.00    5.44 v _7188_/A (sky130_fd_sc_hd__nand2_1)
     1    0.00    0.03    0.05    5.48 ^ _7188_/Y (sky130_fd_sc_hd__nand2_1)
                                         _2670_ (net)
                  0.03    0.00    5.48 ^ _7190_/B (sky130_fd_sc_hd__and3_1)
     1    0.01    0.09    0.17    5.65 ^ _7190_/X (sky130_fd_sc_hd__and3_1)
                                         _2673_ (net)
                  0.09    0.00    5.65 ^ _7191_/C1 (sky130_fd_sc_hd__a211o_1)
     2    0.01    0.11    0.15    5.80 ^ _7191_/X (sky130_fd_sc_hd__a211o_1)
                                         net89 (net)
                  0.11    0.00    5.80 ^ output89/A (sky130_fd_sc_hd__buf_2)
     1    0.03    0.17    0.21    6.01 ^ output89/X (sky130_fd_sc_hd__buf_2)
                                         result[28] (net)
                  0.17    0.00    6.01 ^ result[28] (out)
                                  6.01   data arrival time

                  0.00    0.00    0.00   clock __VIRTUAL_CLK__ (rise edge)
                          0.00    0.00   clock network delay (ideal)
                          0.25    0.25   clock uncertainty
                          0.00    0.25   clock reconvergence pessimism
                         -5.00   -4.75   output external delay
                                 -4.75   data required time
-----------------------------------------------------------------------------
                                 -4.75   data required time
                                 -6.01   data arrival time
-----------------------------------------------------------------------------
                                 10.76   slack (MET)


Startpoint: A[0] (input port clocked by __VIRTUAL_CLK__)
Endpoint: result[1] (output port clocked by __VIRTUAL_CLK__)
Path Group: __VIRTUAL_CLK__
Path Type: min

Fanout     Cap    Slew   Delay    Time   Description
-----------------------------------------------------------------------------
                  0.00    0.00    0.00   clock __VIRTUAL_CLK__ (rise edge)
                          0.00    0.00   clock network delay (ideal)
                          5.00    5.00 v input external delay
     1    0.00    0.01    0.00    5.00 v A[0] (in)
                                         A[0] (net)
                  0.01    0.00    5.00 v input1/A (sky130_fd_sc_hd__buf_1)
     3    0.01    0.08    0.11    5.12 v input1/X (sky130_fd_sc_hd__buf_1)
                                         net1 (net)
                  0.08    0.00    5.12 v _4123_/A (sky130_fd_sc_hd__clkbuf_4)
    10    0.04    0.09    0.20    5.31 v _4123_/X (sky130_fd_sc_hd__clkbuf_4)
                                         _3097_ (net)
                  0.09    0.00    5.31 v _4243_/A (sky130_fd_sc_hd__nand2_4)
     9    0.03    0.11    0.12    5.43 ^ _4243_/Y (sky130_fd_sc_hd__nand2_4)
                                         _3355_ (net)
                  0.11    0.00    5.44 ^ _4291_/B (sky130_fd_sc_hd__or2_1)
     1    0.00    0.04    0.10    5.54 ^ _4291_/X (sky130_fd_sc_hd__or2_1)
                                         _3402_ (net)
                  0.04    0.00    5.54 ^ _4310_/A2 (sky130_fd_sc_hd__a31o_1)
     1    0.00    0.04    0.12    5.66 ^ _4310_/X (sky130_fd_sc_hd__a31o_1)
                                         _3421_ (net)
                  0.04    0.00    5.66 ^ _4351_/A (sky130_fd_sc_hd__or3_1)
     1    0.00    0.04    0.08    5.74 ^ _4351_/X (sky130_fd_sc_hd__or3_1)
                                         _3462_ (net)
                  0.04    0.00    5.74 ^ _4352_/A (sky130_fd_sc_hd__clkbuf_1)
     2    0.01    0.08    0.10    5.84 ^ _4352_/X (sky130_fd_sc_hd__clkbuf_1)
                                         net80 (net)
                  0.08    0.00    5.84 ^ output80/A (sky130_fd_sc_hd__buf_2)
     1    0.03    0.17    0.20    6.03 ^ output80/X (sky130_fd_sc_hd__buf_2)
                                         result[1] (net)
                  0.17    0.00    6.03 ^ result[1] (out)
                                  6.03   data arrival time

                  0.00    0.00    0.00   clock __VIRTUAL_CLK__ (rise edge)
                          0.00    0.00   clock network delay (ideal)
                          0.25    0.25   clock uncertainty
                          0.00    0.25   clock reconvergence pessimism
                         -5.00   -4.75   output external delay
                                 -4.75   data required time
-----------------------------------------------------------------------------
                                 -4.75   data required time
                                 -6.03   data arrival time
-----------------------------------------------------------------------------
                                 10.78   slack (MET)


Startpoint: B[26] (input port clocked by __VIRTUAL_CLK__)
Endpoint: result[26] (output port clocked by __VIRTUAL_CLK__)
Path Group: __VIRTUAL_CLK__
Path Type: min

Fanout     Cap    Slew   Delay    Time   Description
-----------------------------------------------------------------------------
                  0.00    0.00    0.00   clock __VIRTUAL_CLK__ (rise edge)
                          0.00    0.00   clock network delay (ideal)
                          5.00    5.00 ^ input external delay
     1    0.00    0.02    0.01    5.01 ^ B[26] (in)
                                         B[26] (net)
                  0.02    0.00    5.01 ^ input49/A (sky130_fd_sc_hd__buf_1)
     3    0.01    0.17    0.15    5.16 ^ input49/X (sky130_fd_sc_hd__buf_1)
                                         net49 (net)
                  0.17    0.00    5.16 ^ _3850_/A (sky130_fd_sc_hd__buf_2)
    10    0.04    0.17    0.23    5.39 ^ _3850_/X (sky130_fd_sc_hd__buf_2)
                                         _0116_ (net)
                  0.17    0.00    5.40 ^ _3895_/B (sky130_fd_sc_hd__nand2_1)
     2    0.00    0.06    0.08    5.48 v _3895_/Y (sky130_fd_sc_hd__nand2_1)
                                         _0606_ (net)
                  0.06    0.00    5.48 v _3897_/A (sky130_fd_sc_hd__nand2_1)
     3    0.01    0.09    0.09    5.57 ^ _3897_/Y (sky130_fd_sc_hd__nand2_1)
                                         _0627_ (net)
                  0.09    0.00    5.57 ^ _6858_/A1 (sky130_fd_sc_hd__o21ai_1)
     1    0.01    0.05    0.09    5.65 v _6858_/Y (sky130_fd_sc_hd__o21ai_1)
                                         _2309_ (net)
                  0.05    0.00    5.65 v _6869_/B1 (sky130_fd_sc_hd__o211ai_2)
     1    0.01    0.07    0.08    5.73 ^ _6869_/Y (sky130_fd_sc_hd__o211ai_2)
                                         _2322_ (net)
                  0.07    0.00    5.73 ^ _6870_/B1 (sky130_fd_sc_hd__a31o_1)
     2    0.01    0.12    0.15    5.88 ^ _6870_/X (sky130_fd_sc_hd__a31o_1)
                                         net87 (net)
                  0.12    0.00    5.88 ^ output87/A (sky130_fd_sc_hd__buf_2)
     1    0.03    0.17    0.21    6.09 ^ output87/X (sky130_fd_sc_hd__buf_2)
                                         result[26] (net)
                  0.17    0.00    6.09 ^ result[26] (out)
                                  6.09   data arrival time

                  0.00    0.00    0.00   clock __VIRTUAL_CLK__ (rise edge)
                          0.00    0.00   clock network delay (ideal)
                          0.25    0.25   clock uncertainty
                          0.00    0.25   clock reconvergence pessimism
                         -5.00   -4.75   output external delay
                                 -4.75   data required time
-----------------------------------------------------------------------------
                                 -4.75   data required time
                                 -6.09   data arrival time
-----------------------------------------------------------------------------
                                 10.84   slack (MET)


Startpoint: opcode[3] (input port clocked by __VIRTUAL_CLK__)
Endpoint: result[23] (output port clocked by __VIRTUAL_CLK__)
Path Group: __VIRTUAL_CLK__
Path Type: min

Fanout     Cap    Slew   Delay    Time   Description
-----------------------------------------------------------------------------
                  0.00    0.00    0.00   clock __VIRTUAL_CLK__ (rise edge)
                          0.00    0.00   clock network delay (ideal)
                          5.00    5.00 v input external delay
     1    0.00    0.01    0.00    5.00 v opcode[3] (in)
                                         opcode[3] (net)
                  0.01    0.00    5.00 v input66/A (sky130_fd_sc_hd__clkbuf_2)
     7    0.02    0.08    0.12    5.13 v input66/X (sky130_fd_sc_hd__clkbuf_2)
                                         net66 (net)
                  0.08    0.00    5.13 v _4186_/B (sky130_fd_sc_hd__nand2b_2)
     5    0.02    0.13    0.13    5.26 ^ _4186_/Y (sky130_fd_sc_hd__nand2b_2)
                                         _3298_ (net)
                  0.13    0.00    5.26 ^ _4381_/A (sky130_fd_sc_hd__nor2_1)
     2    0.01    0.06    0.08    5.35 v _4381_/Y (sky130_fd_sc_hd__nor2_1)
                                         _3491_ (net)
                  0.06    0.00    5.35 v _4382_/A (sky130_fd_sc_hd__clkbuf_4)
    10    0.04    0.09    0.18    5.53 v _4382_/X (sky130_fd_sc_hd__clkbuf_4)
                                         _3492_ (net)
                  0.09    0.00    5.53 v _5639_/A (sky130_fd_sc_hd__clkbuf_4)
    10    0.04    0.09    0.20    5.73 v _5639_/X (sky130_fd_sc_hd__clkbuf_4)
                                         _0977_ (net)
                  0.09    0.00    5.73 v _6420_/A1 (sky130_fd_sc_hd__a21o_1)
     2    0.01    0.08    0.20    5.93 v _6420_/X (sky130_fd_sc_hd__a21o_1)
                                         net84 (net)
                  0.08    0.00    5.93 v output84/A (sky130_fd_sc_hd__buf_2)
     1    0.03    0.09    0.18    6.12 v output84/X (sky130_fd_sc_hd__buf_2)
                                         result[23] (net)
                  0.09    0.00    6.12 v result[23] (out)
                                  6.12   data arrival time

                  0.00    0.00    0.00   clock __VIRTUAL_CLK__ (rise edge)
                          0.00    0.00   clock network delay (ideal)
                          0.25    0.25   clock uncertainty
                          0.00    0.25   clock reconvergence pessimism
                         -5.00   -4.75   output external delay
                                 -4.75   data required time
-----------------------------------------------------------------------------
                                 -4.75   data required time
                                 -6.12   data arrival time
-----------------------------------------------------------------------------
                                 10.87   slack (MET)


Startpoint: B[26] (input port clocked by __VIRTUAL_CLK__)
Endpoint: result[27] (output port clocked by __VIRTUAL_CLK__)
Path Group: __VIRTUAL_CLK__
Path Type: min

Fanout     Cap    Slew   Delay    Time   Description
-----------------------------------------------------------------------------
                  0.00    0.00    0.00   clock __VIRTUAL_CLK__ (rise edge)
                          0.00    0.00   clock network delay (ideal)
                          5.00    5.00 v input external delay
     1    0.00    0.01    0.00    5.00 v B[26] (in)
                                         B[26] (net)
                  0.01    0.00    5.00 v input49/A (sky130_fd_sc_hd__buf_1)
     3    0.01    0.08    0.11    5.12 v input49/X (sky130_fd_sc_hd__buf_1)
                                         net49 (net)
                  0.08    0.00    5.12 v _3850_/A (sky130_fd_sc_hd__buf_2)
    10    0.03    0.09    0.18    5.30 v _3850_/X (sky130_fd_sc_hd__buf_2)
                                         _0116_ (net)
                  0.09    0.00    5.30 v _3851_/A (sky130_fd_sc_hd__inv_2)
     3    0.01    0.05    0.07    5.38 ^ _3851_/Y (sky130_fd_sc_hd__inv_2)
                                         _0126_ (net)
                  0.05    0.00    5.38 ^ _7009_/A2 (sky130_fd_sc_hd__a21o_1)
     2    0.01    0.08    0.13    5.51 ^ _7009_/X (sky130_fd_sc_hd__a21o_1)
                                         _2475_ (net)
                  0.08    0.00    5.51 ^ _7010_/B (sky130_fd_sc_hd__xnor2_1)
     1    0.00    0.05    0.11    5.62 ^ _7010_/Y (sky130_fd_sc_hd__xnor2_1)
                                         _2476_ (net)
                  0.05    0.00    5.62 ^ _7023_/A2 (sky130_fd_sc_hd__a211o_1)
     1    0.01    0.08    0.14    5.76 ^ _7023_/X (sky130_fd_sc_hd__a211o_1)
                                         _2490_ (net)
                  0.08    0.00    5.76 ^ _7024_/B1 (sky130_fd_sc_hd__a31o_1)
     2    0.01    0.12    0.15    5.91 ^ _7024_/X (sky130_fd_sc_hd__a31o_1)
                                         net88 (net)
                  0.12    0.00    5.91 ^ output88/A (sky130_fd_sc_hd__buf_2)
     1    0.03    0.17    0.21    6.13 ^ output88/X (sky130_fd_sc_hd__buf_2)
                                         result[27] (net)
                  0.17    0.00    6.13 ^ result[27] (out)
                                  6.13   data arrival time

                  0.00    0.00    0.00   clock __VIRTUAL_CLK__ (rise edge)
                          0.00    0.00   clock network delay (ideal)
                          0.25    0.25   clock uncertainty
                          0.00    0.25   clock reconvergence pessimism
                         -5.00   -4.75   output external delay
                                 -4.75   data required time
-----------------------------------------------------------------------------
                                 -4.75   data required time
                                 -6.13   data arrival time
-----------------------------------------------------------------------------
                                 10.88   slack (MET)


Startpoint: opcode[3] (input port clocked by __VIRTUAL_CLK__)
Endpoint: result[22] (output port clocked by __VIRTUAL_CLK__)
Path Group: __VIRTUAL_CLK__
Path Type: min

Fanout     Cap    Slew   Delay    Time   Description
-----------------------------------------------------------------------------
                  0.00    0.00    0.00   clock __VIRTUAL_CLK__ (rise edge)
                          0.00    0.00   clock network delay (ideal)
                          5.00    5.00 v input external delay
     1    0.00    0.01    0.00    5.00 v opcode[3] (in)
                                         opcode[3] (net)
                  0.01    0.00    5.00 v input66/A (sky130_fd_sc_hd__clkbuf_2)
     7    0.02    0.08    0.12    5.13 v input66/X (sky130_fd_sc_hd__clkbuf_2)
                                         net66 (net)
                  0.08    0.00    5.13 v _4186_/B (sky130_fd_sc_hd__nand2b_2)
     5    0.02    0.13    0.13    5.26 ^ _4186_/Y (sky130_fd_sc_hd__nand2b_2)
                                         _3298_ (net)
                  0.13    0.00    5.26 ^ _4381_/A (sky130_fd_sc_hd__nor2_1)
     2    0.01    0.06    0.08    5.35 v _4381_/Y (sky130_fd_sc_hd__nor2_1)
                                         _3491_ (net)
                  0.06    0.00    5.35 v _4382_/A (sky130_fd_sc_hd__clkbuf_4)
    10    0.04    0.09    0.18    5.53 v _4382_/X (sky130_fd_sc_hd__clkbuf_4)
                                         _3492_ (net)
                  0.09    0.00    5.53 v _5639_/A (sky130_fd_sc_hd__clkbuf_4)
    10    0.04    0.09    0.20    5.73 v _5639_/X (sky130_fd_sc_hd__clkbuf_4)
                                         _0977_ (net)
                  0.09    0.00    5.73 v _6275_/A1 (sky130_fd_sc_hd__a31o_1)
     2    0.01    0.08    0.22    5.95 v _6275_/X (sky130_fd_sc_hd__a31o_1)
                                         net83 (net)
                  0.08    0.00    5.95 v output83/A (sky130_fd_sc_hd__clkbuf_4)
     1    0.03    0.08    0.19    6.14 v output83/X (sky130_fd_sc_hd__clkbuf_4)
                                         result[22] (net)
                  0.08    0.00    6.14 v result[22] (out)
                                  6.14   data arrival time

                  0.00    0.00    0.00   clock __VIRTUAL_CLK__ (rise edge)
                          0.00    0.00   clock network delay (ideal)
                          0.25    0.25   clock uncertainty
                          0.00    0.25   clock reconvergence pessimism
                         -5.00   -4.75   output external delay
                                 -4.75   data required time
-----------------------------------------------------------------------------
                                 -4.75   data required time
                                 -6.14   data arrival time
-----------------------------------------------------------------------------
                                 10.89   slack (MET)


Startpoint: opcode[3] (input port clocked by __VIRTUAL_CLK__)
Endpoint: result[18] (output port clocked by __VIRTUAL_CLK__)
Path Group: __VIRTUAL_CLK__
Path Type: min

Fanout     Cap    Slew   Delay    Time   Description
-----------------------------------------------------------------------------
                  0.00    0.00    0.00   clock __VIRTUAL_CLK__ (rise edge)
                          0.00    0.00   clock network delay (ideal)
                          5.00    5.00 v input external delay
     1    0.00    0.01    0.00    5.00 v opcode[3] (in)
                                         opcode[3] (net)
                  0.01    0.00    5.00 v input66/A (sky130_fd_sc_hd__clkbuf_2)
     7    0.02    0.08    0.12    5.13 v input66/X (sky130_fd_sc_hd__clkbuf_2)
                                         net66 (net)
                  0.08    0.00    5.13 v _4186_/B (sky130_fd_sc_hd__nand2b_2)
     5    0.02    0.13    0.13    5.26 ^ _4186_/Y (sky130_fd_sc_hd__nand2b_2)
                                         _3298_ (net)
                  0.13    0.00    5.26 ^ _4381_/A (sky130_fd_sc_hd__nor2_1)
     2    0.01    0.06    0.08    5.35 v _4381_/Y (sky130_fd_sc_hd__nor2_1)
                                         _3491_ (net)
                  0.06    0.00    5.35 v _4382_/A (sky130_fd_sc_hd__clkbuf_4)
    10    0.04    0.09    0.18    5.53 v _4382_/X (sky130_fd_sc_hd__clkbuf_4)
                                         _3492_ (net)
                  0.09    0.00    5.53 v _5639_/A (sky130_fd_sc_hd__clkbuf_4)
    10    0.04    0.09    0.20    5.73 v _5639_/X (sky130_fd_sc_hd__clkbuf_4)
                                         _0977_ (net)
                  0.09    0.00    5.73 v _5753_/A1 (sky130_fd_sc_hd__a31o_1)
     2    0.01    0.08    0.22    5.95 v _5753_/X (sky130_fd_sc_hd__a31o_1)
                                         net78 (net)
                  0.08    0.00    5.95 v output78/A (sky130_fd_sc_hd__clkbuf_4)
     1    0.03    0.08    0.19    6.14 v output78/X (sky130_fd_sc_hd__clkbuf_4)
                                         result[18] (net)
                  0.08    0.00    6.14 v result[18] (out)
                                  6.14   data arrival time

                  0.00    0.00    0.00   clock __VIRTUAL_CLK__ (rise edge)
                          0.00    0.00   clock network delay (ideal)
                          0.25    0.25   clock uncertainty
                          0.00    0.25   clock reconvergence pessimism
                         -5.00   -4.75   output external delay
                                 -4.75   data required time
-----------------------------------------------------------------------------
                                 -4.75   data required time
                                 -6.14   data arrival time
-----------------------------------------------------------------------------
                                 10.89   slack (MET)


Startpoint: opcode[3] (input port clocked by __VIRTUAL_CLK__)
Endpoint: result[19] (output port clocked by __VIRTUAL_CLK__)
Path Group: __VIRTUAL_CLK__
Path Type: min

Fanout     Cap    Slew   Delay    Time   Description
-----------------------------------------------------------------------------
                  0.00    0.00    0.00   clock __VIRTUAL_CLK__ (rise edge)
                          0.00    0.00   clock network delay (ideal)
                          5.00    5.00 v input external delay
     1    0.00    0.01    0.00    5.00 v opcode[3] (in)
                                         opcode[3] (net)
                  0.01    0.00    5.00 v input66/A (sky130_fd_sc_hd__clkbuf_2)
     7    0.02    0.08    0.12    5.13 v input66/X (sky130_fd_sc_hd__clkbuf_2)
                                         net66 (net)
                  0.08    0.00    5.13 v _4186_/B (sky130_fd_sc_hd__nand2b_2)
     5    0.02    0.13    0.13    5.26 ^ _4186_/Y (sky130_fd_sc_hd__nand2b_2)
                                         _3298_ (net)
                  0.13    0.00    5.26 ^ _4381_/A (sky130_fd_sc_hd__nor2_1)
     2    0.01    0.06    0.08    5.35 v _4381_/Y (sky130_fd_sc_hd__nor2_1)
                                         _3491_ (net)
                  0.06    0.00    5.35 v _4382_/A (sky130_fd_sc_hd__clkbuf_4)
    10    0.04    0.09    0.18    5.53 v _4382_/X (sky130_fd_sc_hd__clkbuf_4)
                                         _3492_ (net)
                  0.09    0.00    5.53 v _5639_/A (sky130_fd_sc_hd__clkbuf_4)
    10    0.04    0.09    0.20    5.73 v _5639_/X (sky130_fd_sc_hd__clkbuf_4)
                                         _0977_ (net)
                  0.09    0.00    5.73 v _5876_/A1 (sky130_fd_sc_hd__a31o_1)
     2    0.01    0.08    0.23    5.95 v _5876_/X (sky130_fd_sc_hd__a31o_1)
                                         net79 (net)
                  0.08    0.00    5.95 v output79/A (sky130_fd_sc_hd__clkbuf_4)
     1    0.03    0.08    0.19    6.14 v output79/X (sky130_fd_sc_hd__clkbuf_4)
                                         result[19] (net)
                  0.08    0.00    6.15 v result[19] (out)
                                  6.15   data arrival time

                  0.00    0.00    0.00   clock __VIRTUAL_CLK__ (rise edge)
                          0.00    0.00   clock network delay (ideal)
                          0.25    0.25   clock uncertainty
                          0.00    0.25   clock reconvergence pessimism
                         -5.00   -4.75   output external delay
                                 -4.75   data required time
-----------------------------------------------------------------------------
                                 -4.75   data required time
                                 -6.15   data arrival time
-----------------------------------------------------------------------------
                                 10.90   slack (MET)



worst slack corner Typical: 10.4180
