
===========================================================================
report_checks -unconstrained
===========================================================================
======================= Typical Corner ===================================

Startpoint: A[12] (input port clocked by __VIRTUAL_CLK__)
Endpoint: zero (output port clocked by __VIRTUAL_CLK__)
Path Group: __VIRTUAL_CLK__
Path Type: max

Fanout     Cap    Slew   Delay    Time   Description
-----------------------------------------------------------------------------
                  0.00    0.00    0.00   clock __VIRTUAL_CLK__ (rise edge)
                          0.00    0.00   clock network delay (ideal)
                          5.00    5.00 ^ input external delay
     1    0.00    0.02    0.01    5.01 ^ A[12] (in)
                                         A[12] (net)
                  0.02    0.00    5.01 ^ input3/A (sky130_fd_sc_hd__clkbuf_2)
     7    0.02    0.13    0.17    5.18 ^ input3/X (sky130_fd_sc_hd__clkbuf_2)
                                         net3 (net)
                  0.13    0.00    5.18 ^ _4016_/A (sky130_fd_sc_hd__clkbuf_4)
    10    0.04    0.12    0.24    5.42 ^ _4016_/X (sky130_fd_sc_hd__clkbuf_4)
                                         _1927_ (net)
                  0.12    0.00    5.42 ^ _4017_/A (sky130_fd_sc_hd__buf_4)
    10    0.05    0.14    0.22    5.64 ^ _4017_/X (sky130_fd_sc_hd__buf_4)
                                         _1938_ (net)
                  0.14    0.00    5.64 ^ _5562_/B (sky130_fd_sc_hd__nand2_1)
     2    0.01    0.09    0.13    5.77 v _5562_/Y (sky130_fd_sc_hd__nand2_1)
                                         _0893_ (net)
                  0.09    0.00    5.77 v _5685_/A1 (sky130_fd_sc_hd__o21ba_1)
     2    0.01    0.06    0.23    6.00 v _5685_/X (sky130_fd_sc_hd__o21ba_1)
                                         _1027_ (net)
                  0.06    0.00    6.00 v _5691_/A (sky130_fd_sc_hd__xnor2_1)
     2    0.01    0.28    0.28    6.27 ^ _5691_/Y (sky130_fd_sc_hd__xnor2_1)
                                         _1034_ (net)
                  0.28    0.00    6.27 ^ _5789_/B_N (sky130_fd_sc_hd__or2b_1)
     2    0.01    0.07    0.30    6.57 v _5789_/X (sky130_fd_sc_hd__or2b_1)
                                         _1141_ (net)
                  0.07    0.00    6.57 v _5802_/A2 (sky130_fd_sc_hd__a21o_2)
     5    0.02    0.07    0.28    6.85 v _5802_/X (sky130_fd_sc_hd__a21o_2)
                                         _1155_ (net)
                  0.07    0.00    6.85 v _5804_/B1 (sky130_fd_sc_hd__o211a_1)
     3    0.01    0.07    0.17    7.02 v _5804_/X (sky130_fd_sc_hd__o211a_1)
                                         _1157_ (net)
                  0.07    0.00    7.02 v _5838_/A (sky130_fd_sc_hd__or4_1)
     2    0.01    0.12    0.60    7.61 v _5838_/X (sky130_fd_sc_hd__or4_1)
                                         _1194_ (net)
                  0.12    0.00    7.61 v _5840_/B1 (sky130_fd_sc_hd__o211ai_2)
     4    0.01    0.20    0.14    7.75 ^ _5840_/Y (sky130_fd_sc_hd__o211ai_2)
                                         _1197_ (net)
                  0.20    0.00    7.75 ^ _5842_/C_N (sky130_fd_sc_hd__or4bb_2)
     4    0.02    0.14    0.74    8.49 v _5842_/X (sky130_fd_sc_hd__or4bb_2)
                                         _1199_ (net)
                  0.14    0.00    8.49 v _5844_/B1 (sky130_fd_sc_hd__o211a_1)
     3    0.01    0.07    0.20    8.69 v _5844_/X (sky130_fd_sc_hd__o211a_1)
                                         _1201_ (net)
                  0.07    0.00    8.69 v _5846_/B (sky130_fd_sc_hd__or3_2)
     3    0.01    0.11    0.53    9.22 v _5846_/X (sky130_fd_sc_hd__or3_2)
                                         _1203_ (net)
                  0.11    0.00    9.22 v _5849_/A1 (sky130_fd_sc_hd__a211o_1)
     3    0.01    0.09    0.34    9.57 v _5849_/X (sky130_fd_sc_hd__a211o_1)
                                         _1207_ (net)
                  0.09    0.00    9.57 v _5850_/C (sky130_fd_sc_hd__and3_2)
     4    0.02    0.08    0.29    9.85 v _5850_/X (sky130_fd_sc_hd__and3_2)
                                         _1208_ (net)
                  0.08    0.00    9.85 v _5852_/A (sky130_fd_sc_hd__nor2_1)
     1    0.01    0.18    0.19   10.05 ^ _5852_/Y (sky130_fd_sc_hd__nor2_1)
                                         _1210_ (net)
                  0.18    0.00   10.05 ^ _5853_/B (sky130_fd_sc_hd__xor2_2)
     4    0.01    0.08    0.12   10.17 v _5853_/X (sky130_fd_sc_hd__xor2_2)
                                         _1211_ (net)
                  0.08    0.00   10.17 v _5978_/D (sky130_fd_sc_hd__or4_2)
     2    0.01    0.14    0.64   10.81 v _5978_/X (sky130_fd_sc_hd__or4_2)
                                         _1347_ (net)
                  0.14    0.00   10.81 v _6550_/B (sky130_fd_sc_hd__or4_1)
     3    0.01    0.12    0.60   11.41 v _6550_/X (sky130_fd_sc_hd__or4_1)
                                         _1973_ (net)
                  0.12    0.00   11.41 v _6552_/A3 (sky130_fd_sc_hd__a31o_1)
     3    0.01    0.07    0.29   11.70 v _6552_/X (sky130_fd_sc_hd__a31o_1)
                                         _1975_ (net)
                  0.07    0.00   11.70 v _6553_/C (sky130_fd_sc_hd__and3_1)
     1    0.00    0.04    0.20   11.90 v _6553_/X (sky130_fd_sc_hd__and3_1)
                                         _1976_ (net)
                  0.04    0.00   11.90 v _6574_/A (sky130_fd_sc_hd__or3_1)
     1    0.00    0.06    0.37   12.27 v _6574_/X (sky130_fd_sc_hd__or3_1)
                                         _1999_ (net)
                  0.06    0.00   12.27 v _6575_/A (sky130_fd_sc_hd__buf_1)
     2    0.01    0.08    0.15   12.41 v _6575_/X (sky130_fd_sc_hd__buf_1)
                                         net85 (net)
                  0.08    0.00   12.41 v _7702_/C (sky130_fd_sc_hd__or4_1)
     1    0.00    0.08    0.49   12.90 v _7702_/X (sky130_fd_sc_hd__or4_1)
                                         _3232_ (net)
                  0.08    0.00   12.90 v _7704_/C (sky130_fd_sc_hd__or4_1)
     1    0.01    0.10    0.53   13.43 v _7704_/X (sky130_fd_sc_hd__or4_1)
                                         _3234_ (net)
                  0.10    0.00   13.43 v _7706_/C (sky130_fd_sc_hd__nor4_1)
     1    0.01    0.30    0.32   13.75 ^ _7706_/Y (sky130_fd_sc_hd__nor4_1)
                                         _3236_ (net)
                  0.30    0.00   13.75 ^ wire102/A (sky130_fd_sc_hd__buf_1)
     1    0.01    0.08    0.16   13.90 ^ wire102/X (sky130_fd_sc_hd__buf_1)
                                         net102 (net)
                  0.08    0.00   13.90 ^ _7707_/D_N (sky130_fd_sc_hd__nor4b_1)
     1    0.00    0.31    0.30   14.20 ^ _7707_/Y (sky130_fd_sc_hd__nor4b_1)
                                         net101 (net)
                  0.31    0.00   14.20 ^ output101/A (sky130_fd_sc_hd__clkbuf_4)
     1    0.03    0.12    0.29   14.49 ^ output101/X (sky130_fd_sc_hd__clkbuf_4)
                                         zero (net)
                  0.12    0.00   14.49 ^ zero (out)
                                 14.49   data arrival time

                  0.00   25.00   25.00   clock __VIRTUAL_CLK__ (rise edge)
                          0.00   25.00   clock network delay (ideal)
                         -0.25   24.75   clock uncertainty
                          0.00   24.75   clock reconvergence pessimism
                         -5.00   19.75   output external delay
                                 19.75   data required time
-----------------------------------------------------------------------------
                                 19.75   data required time
                                -14.49   data arrival time
-----------------------------------------------------------------------------
                                  5.26   slack (MET)




===========================================================================
report_checks --slack_max -0.01
============================================================================
======================= Typical Corner ===================================

No paths found.


===========================================================================
 report_check_types -max_slew -max_cap -max_fanout -violators
============================================================================
======================= Typical Corner ===================================


max slew violations count Typical: 0
max fanout violations count Typical: 0
max cap violations count Typical: 0

===========================================================================
report_parasitic_annotation -report_unannotated
============================================================================
Found 0 unannotated drivers.
Found 0 partially unannotated drivers.

===========================================================================
max slew violation count 0
max fanout violation count 0
max cap violation count 0
============================================================================

===========================================================================
check_setup -verbose -unconstrained_endpoints -multiple_clock -no_clock -no_input_delay -loops -generated_clocks
===========================================================================
