
===========================================================================
report_checks -unconstrained
===========================================================================
======================= max_tt_025C_1v80 Corner ===================================

Startpoint: B[1] (input port clocked by __VIRTUAL_CLK__)
Endpoint: zero (output port clocked by __VIRTUAL_CLK__)
Path Group: __VIRTUAL_CLK__
Path Type: max

Fanout         Cap        Slew       Delay        Time   Description
---------------------------------------------------------------------------------------------
                      0.000000    0.000000    0.000000   clock __VIRTUAL_CLK__ (rise edge)
                                  0.000000    0.000000   clock network delay (ideal)
                                  5.000000    5.000000 ^ input external delay
     1    0.008037    0.042628    0.027887    5.027887 ^ B[1] (in)
                                                         B[1] (net)
                      0.042637    0.000000    5.027887 ^ input44/A (sky130_fd_sc_hd__clkdlybuf4s25_1)
     2    0.029296    0.297894    0.423641    5.451528 ^ input44/X (sky130_fd_sc_hd__clkdlybuf4s25_1)
                                                         net44 (net)
                      0.297905    0.002148    5.453676 ^ fanout371/A (sky130_fd_sc_hd__buf_2)
     7    0.070293    0.341417    0.386894    5.840570 ^ fanout371/X (sky130_fd_sc_hd__buf_2)
                                                         net371 (net)
                      0.341679    0.007860    5.848430 ^ fanout366/A (sky130_fd_sc_hd__clkbuf_2)
     7    0.052622    0.286171    0.347550    6.195981 ^ fanout366/X (sky130_fd_sc_hd__clkbuf_2)
                                                         net366 (net)
                      0.286432    0.007147    6.203127 ^ fanout365/A (sky130_fd_sc_hd__clkbuf_2)
     5    0.029196    0.163247    0.258094    6.461221 ^ fanout365/X (sky130_fd_sc_hd__clkbuf_2)
                                                         net365 (net)
                      0.163404    0.003267    6.464488 ^ _3503_/A (sky130_fd_sc_hd__inv_2)
     5    0.058767    0.140465    0.159576    6.624063 v _3503_/Y (sky130_fd_sc_hd__inv_2)
                                                         _0260_ (net)
                      0.140551    0.002925    6.626988 v fanout160/A (sky130_fd_sc_hd__clkdlybuf4s25_1)
     3    0.021209    0.163757    0.385048    7.012036 v fanout160/X (sky130_fd_sc_hd__clkdlybuf4s25_1)
                                                         net160 (net)
                      0.163769    0.001493    7.013529 v wire161/A (sky130_fd_sc_hd__buf_4)
     6    0.062560    0.088371    0.247044    7.260572 v wire161/X (sky130_fd_sc_hd__buf_4)
                                                         net161 (net)
                      0.089475    0.007590    7.268163 v _5368_/B (sky130_fd_sc_hd__nor2_2)
     3    0.014219    0.173985    0.171815    7.439978 ^ _5368_/Y (sky130_fd_sc_hd__nor2_2)
                                                         _1084_ (net)
                      0.173990    0.000756    7.440734 ^ _5370_/B (sky130_fd_sc_hd__and3_2)
     2    0.007423    0.063343    0.220270    7.661005 ^ _5370_/X (sky130_fd_sc_hd__and3_2)
                                                         _1087_ (net)
                      0.063343    0.000301    7.661305 ^ _5397_/A (sky130_fd_sc_hd__nor2_2)
     1    0.008677    0.043540    0.050888    7.712194 v _5397_/Y (sky130_fd_sc_hd__nor2_2)
                                                         _1116_ (net)
                      0.043563    0.000671    7.712865 v _5410_/B (sky130_fd_sc_hd__xnor2_2)
     2    0.014096    0.093931    0.156128    7.868994 v _5410_/Y (sky130_fd_sc_hd__xnor2_2)
                                                         _1131_ (net)
                      0.093938    0.000901    7.869895 v _5412_/A (sky130_fd_sc_hd__xnor2_2)
     3    0.020274    0.292108    0.299006    8.168900 ^ _5412_/Y (sky130_fd_sc_hd__xnor2_2)
                                                         _1133_ (net)
                      0.292132    0.002095    8.170996 ^ _5413_/C (sky130_fd_sc_hd__and3_2)
     2    0.008814    0.070576    0.249576    8.420572 ^ _5413_/X (sky130_fd_sc_hd__and3_2)
                                                         _1134_ (net)
                      0.070579    0.000578    8.421150 ^ _5505_/B1 (sky130_fd_sc_hd__a211oi_2)
     2    0.007717    0.061287    0.054747    8.475898 v _5505_/Y (sky130_fd_sc_hd__a211oi_2)
                                                         _1235_ (net)
                      0.061287    0.000429    8.476327 v max_cap114/A (sky130_fd_sc_hd__clkbuf_2)
     5    0.022575    0.091221    0.162753    8.639080 v max_cap114/X (sky130_fd_sc_hd__clkbuf_2)
                                                         net114 (net)
                      0.091240    0.001259    8.640339 v _5508_/A (sky130_fd_sc_hd__or3b_4)
     2    0.007906    0.072854    0.414853    9.055192 v _5508_/X (sky130_fd_sc_hd__or3b_4)
                                                         _1238_ (net)
                      0.072854    0.000510    9.055701 v _5511_/A (sky130_fd_sc_hd__or3_4)
     2    0.010952    0.076187    0.408066    9.463767 v _5511_/X (sky130_fd_sc_hd__or3_4)
                                                         _1242_ (net)
                      0.076187    0.000751    9.464518 v _5563_/A1 (sky130_fd_sc_hd__a21oi_4)
     2    0.009780    0.122594    0.147064    9.611581 ^ _5563_/Y (sky130_fd_sc_hd__a21oi_4)
                                                         _1299_ (net)
                      0.122595    0.000676    9.612257 ^ _5564_/B1 (sky130_fd_sc_hd__a211oi_2)
     4    0.017930    0.099282    0.092008    9.704266 v _5564_/Y (sky130_fd_sc_hd__a211oi_2)
                                                         _1300_ (net)
                      0.099346    0.001189    9.705455 v max_cap109/A (sky130_fd_sc_hd__clkbuf_2)
     3    0.013414    0.058702    0.155064    9.860518 v max_cap109/X (sky130_fd_sc_hd__clkbuf_2)
                                                         net109 (net)
                      0.058717    0.000897    9.861415 v _5567_/B1 (sky130_fd_sc_hd__a211o_2)
     2    0.007311    0.059368    0.322669   10.184084 v _5567_/X (sky130_fd_sc_hd__a211o_2)
                                                         _1303_ (net)
                      0.059368    0.000236   10.184320 v _5615_/A1 (sky130_fd_sc_hd__a211o_2)
     2    0.005533    0.055175    0.303456   10.487776 v _5615_/X (sky130_fd_sc_hd__a211o_2)
                                                         _1356_ (net)
                      0.055175    0.000363   10.488139 v _5651_/A1 (sky130_fd_sc_hd__a21bo_2)
     1    0.005057    0.040611    0.197828   10.685968 v _5651_/X (sky130_fd_sc_hd__a21bo_2)
                                                         _1396_ (net)
                      0.040611    0.000366   10.686334 v _5818_/B1 (sky130_fd_sc_hd__a41oi_2)
     1    0.006336    0.164400    0.167592   10.853926 ^ _5818_/Y (sky130_fd_sc_hd__a41oi_2)
                                                         _1579_ (net)
                      0.164400    0.000464   10.854390 ^ wire105/A (sky130_fd_sc_hd__buf_6)
     4    0.022515    0.056141    0.143576   10.997966 ^ wire105/X (sky130_fd_sc_hd__buf_6)
                                                         net105 (net)
                      0.056247    0.002096   11.000062 ^ _5821_/A1 (sky130_fd_sc_hd__a21o_2)
     2    0.012181    0.071291    0.145824   11.145885 ^ _5821_/X (sky130_fd_sc_hd__a21o_2)
                                                         _1583_ (net)
                      0.071294    0.000578   11.146463 ^ _6739_/A (sky130_fd_sc_hd__xor2_2)
     1    0.004761    0.045953    0.069646   11.216109 v _6739_/X (sky130_fd_sc_hd__xor2_2)
                                                         _2576_ (net)
                      0.045954    0.000359   11.216468 v _6753_/A2 (sky130_fd_sc_hd__a211o_2)
     2    0.023885    0.099313    0.393435   11.609902 v _6753_/X (sky130_fd_sc_hd__a211o_2)
                                                         net78 (net)
                      0.099377    0.002357   11.612260 v _6989_/C (sky130_fd_sc_hd__or4_4)
     1    0.011323    0.096596    0.515975   12.128235 v _6989_/X (sky130_fd_sc_hd__or4_4)
                                                         _2836_ (net)
                      0.096596    0.000737   12.128972 v _6990_/C (sky130_fd_sc_hd__or3_4)
     1    0.010579    0.075597    0.357725   12.486696 v _6990_/X (sky130_fd_sc_hd__or3_4)
                                                         _2837_ (net)
                      0.075597    0.000764   12.487460 v _6991_/B (sky130_fd_sc_hd__or3_4)
     1    0.016661    0.087196    0.406726   12.894187 v _6991_/X (sky130_fd_sc_hd__or3_4)
                                                         _2838_ (net)
                      0.087198    0.002030   12.896217 v _6992_/D (sky130_fd_sc_hd__nor4_4)
     1    0.009809    0.253420    0.189980   13.086198 ^ _6992_/Y (sky130_fd_sc_hd__nor4_4)
                                                         _2839_ (net)
                      0.253420    0.000842   13.087039 ^ wire104/A (sky130_fd_sc_hd__clkbuf_2)
     1    0.029515    0.165245    0.251314   13.338353 ^ wire104/X (sky130_fd_sc_hd__clkbuf_2)
                                                         net104 (net)
                      0.165280    0.002351   13.340704 ^ _6994_/D_N (sky130_fd_sc_hd__or4b_4)
     1    0.008182    0.091132    0.492582   13.833286 v _6994_/X (sky130_fd_sc_hd__or4b_4)
                                                         _2841_ (net)
                      0.091132    0.000620   13.833906 v _6995_/D (sky130_fd_sc_hd__nor4_4)
     1    0.005109    0.199851    0.149535   13.983441 ^ _6995_/Y (sky130_fd_sc_hd__nor4_4)
                                                         net103 (net)
                      0.199851    0.000239   13.983681 ^ output103/A (sky130_fd_sc_hd__buf_6)
     1    0.037014    0.083216    0.170415   14.154096 ^ output103/X (sky130_fd_sc_hd__buf_6)
                                                         zero (net)
                      0.083299    0.002357   14.156452 ^ zero (out)
                                             14.156452   data arrival time

                      0.000000   25.000000   25.000000   clock __VIRTUAL_CLK__ (rise edge)
                                  0.000000   25.000000   clock network delay (ideal)
                                 -0.250000   24.750000   clock uncertainty
                                  0.000000   24.750000   clock reconvergence pessimism
                                 -5.000000   19.750000   output external delay
                                             19.750000   data required time
---------------------------------------------------------------------------------------------
                                             19.750000   data required time
                                            -14.156452   data arrival time
---------------------------------------------------------------------------------------------
                                              5.593547   slack (MET)




===========================================================================
report_checks --slack_max -0.01
============================================================================
======================= max_tt_025C_1v80 Corner ===================================

No paths found.


===========================================================================
 report_check_types -max_slew -max_cap -max_fanout -violators
============================================================================
======================= max_tt_025C_1v80 Corner ===================================

max slew

Pin                                        Limit        Slew       Slack
------------------------------------------------------------------------
_6824_/B1                               0.750000    1.201834   -0.451834 (VIOLATED)
_6778_/B1                               0.750000    1.201813   -0.451813 (VIOLATED)
_6742_/B1                               0.750000    1.201775   -0.451775 (VIOLATED)
_6720_/A1                               0.750000    1.201743   -0.451743 (VIOLATED)
_6690_/B1                               0.750000    1.201698   -0.451698 (VIOLATED)
_6601_/B1                               0.750000    1.201664   -0.451664 (VIOLATED)
_6933_/A1                               0.750000    1.201637   -0.451637 (VIOLATED)
_6443_/B1                               0.750000    1.201629   -0.451629 (VIOLATED)
_6204_/B1                               0.750000    1.201627   -0.451627 (VIOLATED)
_6487_/B1                               0.750000    1.201610   -0.451610 (VIOLATED)
fanout152/X                             0.750000    1.201571   -0.451571 (VIOLATED)
_6810_/B1                               0.750000    1.111569   -0.361569 (VIOLATED)
_6844_/A2_N                             0.750000    1.111462   -0.361462 (VIOLATED)
_6864_/B1                               0.750000    1.111449   -0.361449 (VIOLATED)
_6892_/B1                               0.750000    1.111348   -0.361348 (VIOLATED)
_6928_/B1                               0.750000    1.111318   -0.361318 (VIOLATED)
_6941_/B1                               0.750000    1.111144   -0.361144 (VIOLATED)
_6964_/B1                               0.750000    1.110924   -0.360925 (VIOLATED)
_6979_/B1                               0.750000    1.110806   -0.360806 (VIOLATED)
fanout126/A                             0.750000    1.110240   -0.360241 (VIOLATED)
fanout125/A                             0.750000    1.110234   -0.360234 (VIOLATED)
fanout127/X                             0.750000    1.110229   -0.360230 (VIOLATED)
_6669_/B1                               0.750000    1.102417   -0.352417 (VIOLATED)
_6704_/A1                               0.750000    1.102414   -0.352414 (VIOLATED)
_6773_/A1                               0.750000    1.102293   -0.352293 (VIOLATED)
_6792_/B1                               0.750000    1.102250   -0.352250 (VIOLATED)
_6777_/A                                0.750000    1.102227   -0.352227 (VIOLATED)
_6870_/A1                               0.750000    1.102219   -0.352219 (VIOLATED)
_6841_/A                                0.750000    1.102109   -0.352109 (VIOLATED)
_6873_/B1                               0.750000    1.102043   -0.352043 (VIOLATED)
_6906_/B1                               0.750000    1.102001   -0.352001 (VIOLATED)
_6063_/B1                               0.750000    1.101848   -0.351848 (VIOLATED)
fanout142/X                             0.750000    1.101817   -0.351817 (VIOLATED)
_3785_/B                                0.750000    0.918012   -0.168012 (VIOLATED)
_3534_/B                                0.750000    0.917993   -0.167993 (VIOLATED)
_3541_/D                                0.750000    0.917950   -0.167950 (VIOLATED)
_6076_/A                                0.750000    0.917910   -0.167910 (VIOLATED)
_6075_/A                                0.750000    0.917908   -0.167908 (VIOLATED)
_6077_/A                                0.750000    0.917904   -0.167904 (VIOLATED)
_6263_/A_N                              0.750000    0.917891   -0.167891 (VIOLATED)
_4345_/B1                               0.750000    0.917784   -0.167784 (VIOLATED)
_4088_/D                                0.750000    0.917728   -0.167728 (VIOLATED)
_4087_/B                                0.750000    0.917553   -0.167553 (VIOLATED)
fanout331/X                             0.750000    0.917531   -0.167531 (VIOLATED)
_6316_/A0                               0.750000    0.902784   -0.152784 (VIOLATED)
_6460_/B                                0.750000    0.902764   -0.152764 (VIOLATED)
_6529_/B                                0.750000    0.902745   -0.152745 (VIOLATED)
_6494_/A2                               0.750000    0.902738   -0.152738 (VIOLATED)
_6496_/A2                               0.750000    0.902735   -0.152735 (VIOLATED)
_6312_/A                                0.750000    0.902720   -0.152720 (VIOLATED)
_5954_/B                                0.750000    0.902706   -0.152706 (VIOLATED)
_3505_/A                                0.750000    0.902705   -0.152705 (VIOLATED)
_6064_/A                                0.750000    0.902696   -0.152696 (VIOLATED)
_6065_/A                                0.750000    0.902692   -0.152692 (VIOLATED)
fanout585/X                             0.750000    0.902678   -0.152678 (VIOLATED)
_6528_/A                                0.750000    0.884889   -0.134889 (VIOLATED)
_6482_/A2                               0.750000    0.884886   -0.134886 (VIOLATED)
_6675_/B2                               0.750000    0.884873   -0.134873 (VIOLATED)
_6641_/B2                               0.750000    0.884776   -0.134776 (VIOLATED)
_6713_/B2                               0.750000    0.884771   -0.134771 (VIOLATED)
_6911_/B2                               0.750000    0.884731   -0.134731 (VIOLATED)
_6846_/A2                               0.750000    0.884709   -0.134709 (VIOLATED)
_6925_/B2                               0.750000    0.884588   -0.134588 (VIOLATED)
_6960_/A                                0.750000    0.884578   -0.134578 (VIOLATED)
fanout123/A                             0.750000    0.884386   -0.134386 (VIOLATED)
fanout124/X                             0.750000    0.884367   -0.134367 (VIOLATED)
_6818_/A1                               0.750000    0.871791   -0.121791 (VIOLATED)
_6788_/B                                0.750000    0.871760   -0.121760 (VIOLATED)
_6688_/B1                               0.750000    0.871496   -0.121496 (VIOLATED)
_6653_/B1                               0.750000    0.871279   -0.121279 (VIOLATED)
_6616_/B1                               0.750000    0.871058   -0.121058 (VIOLATED)
_6600_/B1                               0.750000    0.870965   -0.120965 (VIOLATED)
_6595_/A1                               0.750000    0.870925   -0.120925 (VIOLATED)
_6566_/B                                0.750000    0.870794   -0.120794 (VIOLATED)
_6543_/B2                               0.750000    0.870464   -0.120464 (VIOLATED)
_6442_/B1                               0.750000    0.870333   -0.120334 (VIOLATED)
fanout146/X                             0.750000    0.870290   -0.120290 (VIOLATED)
fanout191/A                             0.750000    0.860558   -0.110558 (VIOLATED)
_3748_/B                                0.750000    0.860519   -0.110519 (VIOLATED)
_3750_/B2                               0.750000    0.860517   -0.110517 (VIOLATED)
fanout189/A                             0.750000    0.860400   -0.110400 (VIOLATED)
fanout186/A                             0.750000    0.860380   -0.110380 (VIOLATED)
fanout188/A                             0.750000    0.860378   -0.110378 (VIOLATED)
input8/X                                0.750000    0.860265   -0.110265 (VIOLATED)
_6923_/A                                0.750000    0.854632   -0.104632 (VIOLATED)
_6888_/C1                               0.750000    0.854630   -0.104630 (VIOLATED)
_6820_/A1                               0.750000    0.854593   -0.104593 (VIOLATED)
_6837_/A1                               0.750000    0.854523   -0.104523 (VIOLATED)
_6753_/A1                               0.750000    0.854284   -0.104284 (VIOLATED)
_6706_/B1                               0.750000    0.854218   -0.104218 (VIOLATED)
_6737_/A1                               0.750000    0.854142   -0.104142 (VIOLATED)
_6667_/A1                               0.750000    0.853794   -0.103794 (VIOLATED)
_6473_/A2                               0.750000    0.853552   -0.103552 (VIOLATED)
_6513_/A2                               0.750000    0.853540   -0.103540 (VIOLATED)
fanout144/X                             0.750000    0.853534   -0.103534 (VIOLATED)
_6891_/B1                               0.750000    0.832283   -0.082283 (VIOLATED)
_6879_/A2                               0.750000    0.832265   -0.082265 (VIOLATED)
_6334_/A2                               0.750000    0.832181   -0.082181 (VIOLATED)
_6591_/A2                               0.750000    0.832074   -0.082074 (VIOLATED)
_6572_/B1                               0.750000    0.832071   -0.082071 (VIOLATED)
_6551_/A2                               0.750000    0.832064   -0.082064 (VIOLATED)
_6508_/B1                               0.750000    0.832059   -0.082059 (VIOLATED)
_6535_/A2                               0.750000    0.832052   -0.082052 (VIOLATED)
_6468_/B1                               0.750000    0.832003   -0.082003 (VIOLATED)
_6445_/B1                               0.750000    0.831993   -0.081993 (VIOLATED)
fanout135/X                             0.750000    0.831942   -0.081942 (VIOLATED)
_6389_/A                                0.750000    0.808620   -0.058620 (VIOLATED)
_6366_/A                                0.750000    0.808616   -0.058616 (VIOLATED)
_6364_/A                                0.750000    0.808597   -0.058597 (VIOLATED)
_6318_/A                                0.750000    0.808558   -0.058558 (VIOLATED)
_6393_/A                                0.750000    0.808546   -0.058546 (VIOLATED)
_6628_/A1                               0.750000    0.808458   -0.058458 (VIOLATED)
_6531_/A                                0.750000    0.808393   -0.058393 (VIOLATED)
_6228_/B                                0.750000    0.808311   -0.058311 (VIOLATED)
_6464_/A                                0.750000    0.808306   -0.058306 (VIOLATED)
_6483_/A1                               0.750000    0.808302   -0.058302 (VIOLATED)
fanout176/X                             0.750000    0.808283   -0.058283 (VIOLATED)
_6916_/A2                               0.750000    0.807301   -0.057301 (VIOLATED)
_6573_/B1                               0.750000    0.807297   -0.057297 (VIOLATED)
_6591_/B1                               0.750000    0.807296   -0.057296 (VIOLATED)
_6339_/A                                0.750000    0.807294   -0.057294 (VIOLATED)
_6340_/A2                               0.750000    0.807294   -0.057294 (VIOLATED)
_6880_/B1                               0.750000    0.807293   -0.057293 (VIOLATED)
_6535_/B1                               0.750000    0.807279   -0.057279 (VIOLATED)
_6506_/B                                0.750000    0.807220   -0.057220 (VIOLATED)
_6469_/B1                               0.750000    0.807192   -0.057192 (VIOLATED)
_6449_/B1                               0.750000    0.806955   -0.056955 (VIOLATED)
fanout126/X                             0.750000    0.806955   -0.056955 (VIOLATED)
_3765_/A                                0.750000    0.789598   -0.039598 (VIOLATED)
_6316_/A3                               0.750000    0.789531   -0.039531 (VIOLATED)
_6958_/A1                               0.750000    0.789498   -0.039498 (VIOLATED)
_6416_/A3                               0.750000    0.789490   -0.039490 (VIOLATED)
_6492_/A1                               0.750000    0.789473   -0.039473 (VIOLATED)
_6938_/A0                               0.750000    0.789406   -0.039406 (VIOLATED)
_6956_/A2                               0.750000    0.789179   -0.039179 (VIOLATED)
_6975_/A2                               0.750000    0.789125   -0.039125 (VIOLATED)
_6397_/A0                               0.750000    0.789121   -0.039121 (VIOLATED)
fanout605/A                             0.750000    0.789065   -0.039065 (VIOLATED)
fanout606/X                             0.750000    0.789046   -0.039046 (VIOLATED)
_6925_/A1                               0.750000    0.755379   -0.005379 (VIOLATED)
_6659_/A1                               0.750000    0.755361   -0.005361 (VIOLATED)
_6308_/B1                               0.750000    0.755351   -0.005351 (VIOLATED)
_6895_/A1                               0.750000    0.755313   -0.005313 (VIOLATED)
_6961_/A1                               0.750000    0.755264   -0.005264 (VIOLATED)
_6693_/A1                               0.750000    0.755239   -0.005239 (VIOLATED)
_6623_/A1                               0.750000    0.755196   -0.005196 (VIOLATED)
_6675_/A1                               0.750000    0.755131   -0.005131 (VIOLATED)
_6641_/A2                               0.750000    0.754899   -0.004899 (VIOLATED)
_6713_/A1                               0.750000    0.754833   -0.004833 (VIOLATED)
fanout122/X                             0.750000    0.754796   -0.004796 (VIOLATED)
_6511_/A1                               0.750000    0.754166   -0.004166 (VIOLATED)
_6451_/A1                               0.750000    0.754164   -0.004164 (VIOLATED)
_6576_/B2                               0.750000    0.754163   -0.004163 (VIOLATED)
_6372_/B                                0.750000    0.754127   -0.004127 (VIOLATED)
_6784_/B2                               0.750000    0.753920   -0.003920 (VIOLATED)
_6593_/A2_N                             0.750000    0.753869   -0.003870 (VIOLATED)
_6881_/A1                               0.750000    0.753822   -0.003822 (VIOLATED)
_6801_/B2                               0.750000    0.753767   -0.003767 (VIOLATED)
_6866_/A2                               0.750000    0.753730   -0.003730 (VIOLATED)
_6768_/A1                               0.750000    0.753584   -0.003584 (VIOLATED)
fanout121/X                             0.750000    0.753579   -0.003579 (VIOLATED)
_6178_/A                                0.750000    0.750044   -0.000045 (VIOLATED)
_6177_/A                                0.750000    0.750042   -0.000042 (VIOLATED)
_6275_/A_N                              0.750000    0.750041   -0.000041 (VIOLATED)
_4067_/B                                0.750000    0.750013   -0.000013 (VIOLATED)
_4107_/A2                               0.750000    0.750009   -0.000009 (VIOLATED)



===========================================================================
report_parasitic_annotation -report_unannotated
============================================================================
Found 0 unannotated drivers.
Found 0 partially unannotated drivers.

===========================================================================
max slew violation count 166
max fanout violation count 0
max cap violation count 0
============================================================================

===========================================================================
check_setup -verbose -unconstrained_endpoints -multiple_clock -no_clock -no_input_delay -loops -generated_clocks
===========================================================================
