Reading timing models for corner nom_tt_025C_1v80…
Reading timing library for the 'nom_tt_025C_1v80' corner at '/foss/pdks/ciel/sky130/versions/7b70722e33c03fcb5dabcf4d479fb0822d9251c9/sky130A/libs.ref/sky130_fd_sc_hd/lib/sky130_fd_sc_hd__tt_025C_1v80.lib'…
Reading OpenROAD database at '/foss/designs/alu32_openlane/runs/RUN_2026-05-28_05-40-44/42-openroad-repairantennas/1-openroad-diodeinsertion/alu32.odb'…
Reading design constraints file at '/usr/local/lib/python3.12/dist-packages/librelane/scripts/base.sdc'…
[WARNING STA-0366] port '__VIRTUAL_CLK__' not found.
[INFO] Using clock __VIRTUAL_CLK__…
[INFO] Setting output delay to: 5.0
[INFO] Setting input delay to: 5.0
[WARNING STA-0366] port '__VIRTUAL_CLK__' not found.
[INFO] Setting load to: 0.033442
[INFO] Setting clock uncertainty to: 0.25
[INFO] Setting clock transition to: 0.1499999999999999944488848768742172978818416595458984375
[WARNING STA-0419] transition time can not be specified for virtual clocks.
[INFO] Setting timing derate to: 5%
[WARNING STA-0450] virtual clock __VIRTUAL_CLK__ can not be propagated.
[INFO ORD-0030] Using 6 thread(s).
+ detailed_route -droute_end_iter 64 -or_seed 42 -verbose 1 -output_drc /foss/designs/alu32_openlane/runs/RUN_2026-05-28_05-40-44/44-openroad-detailedrouting/drt-run-0/alu32.drc
[INFO DRT-0149] Reading tech and libs.
[WARNING DRT-0349] LEF58_ENCLOSURE with no CUTCLASS is not supported. Skipping for layer mcon
[WARNING DRT-0349] LEF58_ENCLOSURE with no CUTCLASS is not supported. Skipping for layer mcon
[WARNING DRT-0349] LEF58_ENCLOSURE with no CUTCLASS is not supported. Skipping for layer via
[WARNING DRT-0349] LEF58_ENCLOSURE with no CUTCLASS is not supported. Skipping for layer via
[WARNING DRT-0349] LEF58_ENCLOSURE with no CUTCLASS is not supported. Skipping for layer via2
[WARNING DRT-0349] LEF58_ENCLOSURE with no CUTCLASS is not supported. Skipping for layer via2
[WARNING DRT-0349] LEF58_ENCLOSURE with no CUTCLASS is not supported. Skipping for layer via3
[WARNING DRT-0349] LEF58_ENCLOSURE with no CUTCLASS is not supported. Skipping for layer via3
[WARNING DRT-0349] LEF58_ENCLOSURE with no CUTCLASS is not supported. Skipping for layer via4
[WARNING DRT-0349] LEF58_ENCLOSURE with no CUTCLASS is not supported. Skipping for layer via4

Units:                1000
Number of layers:     13
Number of macros:     445
Number of vias:       29
Number of viarulegen: 25

[INFO DRT-0150] Reading design.

Design:                   alu32
Die area:                 ( 0 0 ) ( 304395 315115 )
Number of track patterns: 12
Number of DEF vias:       0
Number of components:     5701
Number of terminals:      105
Number of snets:          2
Number of nets:           4356

[INFO DRT-0167] List of default vias:
  Layer via
    default via: M1M2_PR
  Layer via2
    default via: M2M3_PR
  Layer via3
    default via: M3M4_PR
  Layer via4
    default via: M4M5_PR
[INFO DRT-0162] Library cell analysis.
[INFO DRT-0163] Instance analysis.
[INFO DRT-0164] Number of unique instances = 345.
[INFO DRT-0168] Init region query.
[INFO DRT-0024]   Complete FR_MASTERSLICE.
[INFO DRT-0024]   Complete licon.
[INFO DRT-0024]   Complete li1.
[INFO DRT-0024]   Complete mcon.
[INFO DRT-0024]   Complete met1.
[INFO DRT-0024]   Complete via.
[INFO DRT-0024]   Complete met2.
[INFO DRT-0024]   Complete via2.
[INFO DRT-0024]   Complete met3.
[INFO DRT-0024]   Complete via3.
[INFO DRT-0024]   Complete met4.
[INFO DRT-0024]   Complete via4.
[INFO DRT-0024]   Complete met5.
[INFO DRT-0033] FR_MASTERSLICE shape region query size = 0.
[INFO DRT-0033] licon shape region query size = 0.
[INFO DRT-0033] li1 shape region query size = 123819.
[INFO DRT-0033] mcon shape region query size = 0.
[INFO DRT-0033] met1 shape region query size = 13946.
[INFO DRT-0033] via shape region query size = 1080.
[INFO DRT-0033] met2 shape region query size = 700.
[INFO DRT-0033] via2 shape region query size = 864.
[INFO DRT-0033] met3 shape region query size = 699.
[INFO DRT-0033] via3 shape region query size = 864.
[INFO DRT-0033] met4 shape region query size = 232.
[INFO DRT-0033] via4 shape region query size = 8.
[INFO DRT-0033] met5 shape region query size = 16.
[INFO DRT-0165] Start pin access.
[INFO DRT-0076]   Complete 1000 pins.
[INFO DRT-0076]   Complete 2000 pins.
[INFO DRT-0078]   Complete 2783 pins.
[INFO DRT-0079]   Complete 100 unique inst patterns.
[INFO DRT-0079]   Complete 200 unique inst patterns.
[INFO DRT-0079]   Complete 300 unique inst patterns.
[INFO DRT-0081]   Complete 345 unique inst patterns.
[INFO DRT-0084]   Complete 2765 groups.
#scanned instances     = 5701
#unique  instances     = 345
#stdCellGenAp          = 10107
#stdCellValidPlanarAp  = 114
#stdCellValidViaAp     = 7705
#stdCellPinNoAp        = 0
#stdCellPinCnt         = 15505
#instTermValidViaApCnt = 0
#macroGenAp            = 0
#macroValidPlanarAp    = 0
#macroValidViaAp       = 0
#macroNoAp             = 0
[INFO DRT-0166] Complete pin access.
[INFO DRT-0267] cpu time = 00:03:59, elapsed time = 00:00:41, memory = 151.13 (MB), peak = 150.40 (MB)

[INFO DRT-0157] Number of guides:     35411

[INFO DRT-0169] Post process guides.
[INFO DRT-0176] GCELLGRID X 0 DO 44 STEP 6900 ;
[INFO DRT-0177] GCELLGRID Y 0 DO 45 STEP 6900 ;
[INFO DRT-0028]   Complete FR_MASTERSLICE.
[INFO DRT-0028]   Complete licon.
[INFO DRT-0028]   Complete li1.
[INFO DRT-0028]   Complete mcon.
[INFO DRT-0028]   Complete met1.
[INFO DRT-0028]   Complete via.
[INFO DRT-0028]   Complete met2.
[INFO DRT-0028]   Complete via2.
[INFO DRT-0028]   Complete met3.
[INFO DRT-0028]   Complete via3.
[INFO DRT-0028]   Complete met4.
[INFO DRT-0028]   Complete via4.
[INFO DRT-0028]   Complete met5.
[INFO DRT-0178] Init guide query.
[INFO DRT-0035]   Complete FR_MASTERSLICE (guide).
[INFO DRT-0035]   Complete licon (guide).
[INFO DRT-0035]   Complete li1 (guide).
[INFO DRT-0035]   Complete mcon (guide).
[INFO DRT-0035]   Complete met1 (guide).
[INFO DRT-0035]   Complete via (guide).
[INFO DRT-0035]   Complete met2 (guide).
[INFO DRT-0035]   Complete via2 (guide).
[INFO DRT-0035]   Complete met3 (guide).
[INFO DRT-0035]   Complete via3 (guide).
[INFO DRT-0035]   Complete met4 (guide).
[INFO DRT-0035]   Complete via4 (guide).
[INFO DRT-0035]   Complete met5 (guide).
[INFO DRT-0036] FR_MASTERSLICE guide region query size = 0.
[INFO DRT-0036] licon guide region query size = 0.
[INFO DRT-0036] li1 guide region query size = 12095.
[INFO DRT-0036] mcon guide region query size = 0.
[INFO DRT-0036] met1 guide region query size = 10890.
[INFO DRT-0036] via guide region query size = 0.
[INFO DRT-0036] met2 guide region query size = 5780.
[INFO DRT-0036] via2 guide region query size = 0.
[INFO DRT-0036] met3 guide region query size = 517.
[INFO DRT-0036] via3 guide region query size = 0.
[INFO DRT-0036] met4 guide region query size = 201.
[INFO DRT-0036] via4 guide region query size = 0.
[INFO DRT-0036] met5 guide region query size = 15.
[INFO DRT-0179] Init gr pin query.
[INFO DRT-0267] cpu time = 00:00:00, elapsed time = 00:00:00, memory = 163.93 (MB), peak = 163.40 (MB)
[INFO DRT-0245] skipped writing guide updates to database.
[INFO DRT-0185] Post process initialize RPin region query.
[INFO DRT-0181] Start track assignment.
[INFO DRT-0184] Done with 18076 vertical wires in 1 frboxes and 11422 horizontal wires in 1 frboxes.
[INFO DRT-0186] Done with 2029 vertical wires in 1 frboxes and 3017 horizontal wires in 1 frboxes.
[INFO DRT-0182] Complete track assignment.
[INFO DRT-0267] cpu time = 00:00:03, elapsed time = 00:00:02, memory = 237.16 (MB), peak = 242.44 (MB)
[INFO DRT-0187] Start routing data preparation.
[INFO DRT-0267] cpu time = 00:00:00, elapsed time = 00:00:00, memory = 237.28 (MB), peak = 242.44 (MB)
[INFO DRT-0194] Start detail routing.
[INFO DRT-0195] Start 0th optimization iteration.
    Completing 10% with 0 violations.
    elapsed time = 00:00:01, memory = 331.95 (MB).
    Completing 20% with 0 violations.
    elapsed time = 00:00:03, memory = 356.89 (MB).
    Completing 30% with 0 violations.
    elapsed time = 00:00:03, memory = 358.72 (MB).
    Completing 40% with 323 violations.
    elapsed time = 00:00:07, memory = 430.23 (MB).
    Completing 50% with 323 violations.
    elapsed time = 00:00:08, memory = 401.87 (MB).
    Completing 60% with 618 violations.
    elapsed time = 00:00:11, memory = 437.78 (MB).
    Completing 70% with 618 violations.
    elapsed time = 00:00:12, memory = 469.33 (MB).
    Completing 80% with 618 violations.
    elapsed time = 00:00:15, memory = 449.22 (MB).
    Completing 90% with 1006 violations.
    elapsed time = 00:00:19, memory = 509.57 (MB).
    Completing 100% with 1288 violations.
    elapsed time = 00:00:20, memory = 482.84 (MB).
[INFO DRT-0199]   Number of violations = 1517.
Viol/Layer         li1   mcon   met1   met2   met3   met4
Cut Spacing          0      7      0      0      0      0
Metal Spacing        0      0    279     48      2      0
Min Hole             0      0      1      0      0      0
Recheck              4      0    161     60      4      0
Short                0      1    828    119      2      1
[INFO DRT-0267] cpu time = 00:01:33, elapsed time = 00:00:21, memory = 809.44 (MB), peak = 808.80 (MB)
Total wire length = 163034 um.
Total wire length on LAYER li1 = 0 um.
Total wire length on LAYER met1 = 66247 um.
Total wire length on LAYER met2 = 76100 um.
Total wire length on LAYER met3 = 10030 um.
Total wire length on LAYER met4 = 10095 um.
Total wire length on LAYER met5 = 560 um.
Total number of vias = 34117.
Up-via summary (total 34117):

------------------------
 FR_MASTERSLICE        0
            li1    15702
           met1    17335
           met2      697
           met3      353
           met4       30
------------------------
               34117


[INFO DRT-0195] Start 1st optimization iteration.
    Completing 10% with 1517 violations.
    elapsed time = 00:00:01, memory = 809.72 (MB).
    Completing 20% with 1517 violations.
    elapsed time = 00:00:02, memory = 809.72 (MB).
    Completing 30% with 1517 violations.
    elapsed time = 00:00:03, memory = 809.72 (MB).
    Completing 40% with 1329 violations.
    elapsed time = 00:00:06, memory = 842.22 (MB).
    Completing 50% with 1329 violations.
    elapsed time = 00:00:08, memory = 845.47 (MB).
    Completing 60% with 1126 violations.
    elapsed time = 00:00:10, memory = 817.23 (MB).
    Completing 70% with 1126 violations.
    elapsed time = 00:00:11, memory = 822.35 (MB).
    Completing 80% with 1126 violations.
    elapsed time = 00:00:13, memory = 822.35 (MB).
    Completing 90% with 927 violations.
    elapsed time = 00:00:17, memory = 825.95 (MB).
    Completing 100% with 660 violations.
    elapsed time = 00:00:18, memory = 825.95 (MB).
[INFO DRT-0199]   Number of violations = 660.
Viol/Layer        mcon   met1   met2
Cut Spacing          1      0      0
Metal Spacing        0    127     23
Short                0    481     28
[INFO DRT-0267] cpu time = 00:01:27, elapsed time = 00:00:19, memory = 826.75 (MB), peak = 844.80 (MB)
Total wire length = 162245 um.
Total wire length on LAYER li1 = 0 um.
Total wire length on LAYER met1 = 65632 um.
Total wire length on LAYER met2 = 75943 um.
Total wire length on LAYER met3 = 10110 um.
Total wire length on LAYER met4 = 10023 um.
Total wire length on LAYER met5 = 534 um.
Total number of vias = 33865.
Up-via summary (total 33865):

------------------------
 FR_MASTERSLICE        0
            li1    15689
           met1    17096
           met2      711
           met3      341
           met4       28
------------------------
               33865


[INFO DRT-0195] Start 2nd optimization iteration.
    Completing 10% with 660 violations.
    elapsed time = 00:00:00, memory = 827.57 (MB).
    Completing 20% with 660 violations.
    elapsed time = 00:00:04, memory = 831.99 (MB).
    Completing 30% with 611 violations.
    elapsed time = 00:00:05, memory = 831.99 (MB).
    Completing 40% with 611 violations.
    elapsed time = 00:00:07, memory = 833.68 (MB).
    Completing 50% with 611 violations.
    elapsed time = 00:00:08, memory = 833.68 (MB).
    Completing 60% with 698 violations.
    elapsed time = 00:00:10, memory = 833.68 (MB).
    Completing 70% with 698 violations.
    elapsed time = 00:00:13, memory = 835.18 (MB).
    Completing 80% with 682 violations.
    elapsed time = 00:00:14, memory = 835.49 (MB).
    Completing 90% with 682 violations.
    elapsed time = 00:00:17, memory = 835.49 (MB).
    Completing 100% with 625 violations.
    elapsed time = 00:00:21, memory = 835.50 (MB).
[INFO DRT-0199]   Number of violations = 625.
Viol/Layer        mcon   met1   met2   met4
Cut Spacing          4      0      0      0
Metal Spacing        0    136     24      2
Short                0    426     32      1
[INFO DRT-0267] cpu time = 00:01:34, elapsed time = 00:00:21, memory = 838.48 (MB), peak = 844.80 (MB)
Total wire length = 162045 um.
Total wire length on LAYER li1 = 0 um.
Total wire length on LAYER met1 = 65613 um.
Total wire length on LAYER met2 = 75913 um.
Total wire length on LAYER met3 = 10053 um.
Total wire length on LAYER met4 = 9946 um.
Total wire length on LAYER met5 = 517 um.
Total number of vias = 33798.
Up-via summary (total 33798):

------------------------
 FR_MASTERSLICE        0
            li1    15696
           met1    17059
           met2      693
           met3      326
           met4       24
------------------------
               33798


[INFO DRT-0195] Start 3rd optimization iteration.
    Completing 10% with 625 violations.
    elapsed time = 00:00:00, memory = 838.48 (MB).
    Completing 20% with 625 violations.
    elapsed time = 00:00:00, memory = 838.48 (MB).
    Completing 30% with 625 violations.
    elapsed time = 00:00:02, memory = 841.20 (MB).
    Completing 40% with 510 violations.
    elapsed time = 00:00:07, memory = 846.92 (MB).
    Completing 50% with 510 violations.
    elapsed time = 00:00:07, memory = 846.92 (MB).
    Completing 60% with 356 violations.
    elapsed time = 00:00:16, memory = 848.03 (MB).
    Completing 70% with 356 violations.
    elapsed time = 00:00:16, memory = 848.03 (MB).
    Completing 80% with 356 violations.
    elapsed time = 00:00:20, memory = 848.03 (MB).
    Completing 90% with 215 violations.
    elapsed time = 00:00:21, memory = 848.03 (MB).
    Completing 100% with 46 violations.
    elapsed time = 00:00:21, memory = 848.03 (MB).
[INFO DRT-0199]   Number of violations = 46.
Viol/Layer        met1   met2
Metal Spacing       17      6
Short               23      0
[INFO DRT-0267] cpu time = 00:01:02, elapsed time = 00:00:22, memory = 848.03 (MB), peak = 857.64 (MB)
Total wire length = 161952 um.
Total wire length on LAYER li1 = 0 um.
Total wire length on LAYER met1 = 63838 um.
Total wire length on LAYER met2 = 75988 um.
Total wire length on LAYER met3 = 11660 um.
Total wire length on LAYER met4 = 9947 um.
Total wire length on LAYER met5 = 517 um.
Total number of vias = 34162.
Up-via summary (total 34162):

------------------------
 FR_MASTERSLICE        0
            li1    15695
           met1    17169
           met2      944
           met3      330
           met4       24
------------------------
               34162


[INFO DRT-0195] Start 4th guides tiles iteration.
    Completing 10% with 46 violations.
    elapsed time = 00:00:00, memory = 848.03 (MB).
    Completing 20% with 46 violations.
    elapsed time = 00:00:00, memory = 848.03 (MB).
    Completing 30% with 46 violations.
    elapsed time = 00:00:00, memory = 848.03 (MB).
    Completing 40% with 46 violations.
    elapsed time = 00:00:00, memory = 848.03 (MB).
    Completing 50% with 46 violations.
    elapsed time = 00:00:00, memory = 848.03 (MB).
    Completing 60% with 9 violations.
    elapsed time = 00:00:00, memory = 848.09 (MB).
    Completing 70% with 9 violations.
    elapsed time = 00:00:00, memory = 848.09 (MB).
    Completing 80% with 9 violations.
    elapsed time = 00:00:00, memory = 848.09 (MB).
    Completing 90% with 9 violations.
    elapsed time = 00:00:00, memory = 848.09 (MB).
    Completing 100% with 0 violations.
    elapsed time = 00:00:00, memory = 848.09 (MB).
[INFO DRT-0199]   Number of violations = 0.
[INFO DRT-0267] cpu time = 00:00:03, elapsed time = 00:00:01, memory = 848.09 (MB), peak = 857.64 (MB)
Total wire length = 161946 um.
Total wire length on LAYER li1 = 0 um.
Total wire length on LAYER met1 = 63812 um.
Total wire length on LAYER met2 = 76060 um.
Total wire length on LAYER met3 = 11673 um.
Total wire length on LAYER met4 = 9881 um.
Total wire length on LAYER met5 = 517 um.
Total number of vias = 34155.
Up-via summary (total 34155):

------------------------
 FR_MASTERSLICE        0
            li1    15694
           met1    17166
           met2      943
           met3      328
           met4       24
------------------------
               34155


[INFO DRT-0198] Complete detail routing.
Total wire length = 161946 um.
Total wire length on LAYER li1 = 0 um.
Total wire length on LAYER met1 = 63812 um.
Total wire length on LAYER met2 = 76060 um.
Total wire length on LAYER met3 = 11673 um.
Total wire length on LAYER met4 = 9881 um.
Total wire length on LAYER met5 = 517 um.
Total number of vias = 34155.
Up-via summary (total 34155):

------------------------
 FR_MASTERSLICE        0
            li1    15694
           met1    17166
           met2      943
           met3      328
           met4       24
------------------------
               34155


[INFO DRT-0267] cpu time = 00:05:41, elapsed time = 00:01:25, memory = 848.21 (MB), peak = 857.64 (MB)

[INFO DRT-0180] Post processing.
+ check_antennas 
[INFO ANT-0002] Found 6 net violations.
[INFO ANT-0001] Found 6 pin violations.
[INFO] Running antenna repair iteration 1…
+ repair_antennas sky130_fd_sc_hd__diode_2 -ratio_margin 10
[INFO GRT-0012] Found 7 antenna violations.
[INFO GRT-0015] Inserted 7 diodes.
+ detailed_route -droute_end_iter 64 -or_seed 42 -verbose 1 -output_drc /foss/designs/alu32_openlane/runs/RUN_2026-05-28_05-40-44/44-openroad-detailedrouting/drt-run-1/alu32.drc
[INFO DRT-0024]   Complete FR_MASTERSLICE.
[INFO DRT-0024]   Complete licon.
[INFO DRT-0024]   Complete li1.
[INFO DRT-0024]   Complete mcon.
[INFO DRT-0024]   Complete met1.
[INFO DRT-0024]   Complete via.
[INFO DRT-0024]   Complete met2.
[INFO DRT-0024]   Complete via2.
[INFO DRT-0024]   Complete met3.
[INFO DRT-0024]   Complete via3.
[INFO DRT-0024]   Complete met4.
[INFO DRT-0024]   Complete via4.
[INFO DRT-0024]   Complete met5.
[INFO DRT-0165] Start pin access.
[INFO DRT-0076]   Complete 1000 pins.
[INFO DRT-0076]   Complete 2000 pins.
[INFO DRT-0078]   Complete 2803 pins.
[INFO DRT-0079]   Complete 100 unique inst patterns.
[INFO DRT-0079]   Complete 200 unique inst patterns.
[INFO DRT-0079]   Complete 300 unique inst patterns.
[INFO DRT-0081]   Complete 349 unique inst patterns.
[INFO DRT-0084]   Complete 2765 groups.
#scanned instances     = 5708
#unique  instances     = 349
#stdCellGenAp          = 10155
#stdCellValidPlanarAp  = 114
#stdCellValidViaAp     = 7753
#stdCellPinNoAp        = 0
#stdCellPinCnt         = 15505
#instTermValidViaApCnt = 0
#macroGenAp            = 0
#macroValidPlanarAp    = 0
#macroValidViaAp       = 0
#macroNoAp             = 0
[INFO DRT-0166] Complete pin access.
[INFO DRT-0267] cpu time = 00:04:04, elapsed time = 00:00:42, memory = 850.69 (MB), peak = 857.64 (MB)

[INFO DRT-0157] Number of guides:     35382

[INFO DRT-0169] Post process guides.
[INFO DRT-0176] GCELLGRID X 0 DO 44 STEP 6900 ;
[INFO DRT-0177] GCELLGRID Y 0 DO 45 STEP 6900 ;
[INFO DRT-0028]   Complete FR_MASTERSLICE.
[INFO DRT-0028]   Complete licon.
[INFO DRT-0028]   Complete li1.
[INFO DRT-0028]   Complete mcon.
[INFO DRT-0028]   Complete met1.
[INFO DRT-0028]   Complete via.
[INFO DRT-0028]   Complete met2.
[INFO DRT-0028]   Complete via2.
[INFO DRT-0028]   Complete met3.
[INFO DRT-0028]   Complete via3.
[INFO DRT-0028]   Complete met4.
[INFO DRT-0028]   Complete via4.
[INFO DRT-0028]   Complete met5.
[INFO DRT-0178] Init guide query.
[INFO DRT-0035]   Complete FR_MASTERSLICE (guide).
[INFO DRT-0035]   Complete licon (guide).
[INFO DRT-0035]   Complete li1 (guide).
[INFO DRT-0035]   Complete mcon (guide).
[INFO DRT-0035]   Complete met1 (guide).
[INFO DRT-0035]   Complete via (guide).
[INFO DRT-0035]   Complete met2 (guide).
[INFO DRT-0035]   Complete via2 (guide).
[INFO DRT-0035]   Complete met3 (guide).
[INFO DRT-0035]   Complete via3 (guide).
[INFO DRT-0035]   Complete met4 (guide).
[INFO DRT-0035]   Complete via4 (guide).
[INFO DRT-0035]   Complete met5 (guide).
[INFO DRT-0036] FR_MASTERSLICE guide region query size = 0.
[INFO DRT-0036] licon guide region query size = 0.
[INFO DRT-0036] li1 guide region query size = 12100.
[INFO DRT-0036] mcon guide region query size = 0.
[INFO DRT-0036] met1 guide region query size = 10892.
[INFO DRT-0036] via guide region query size = 0.
[INFO DRT-0036] met2 guide region query size = 5776.
[INFO DRT-0036] via2 guide region query size = 0.
[INFO DRT-0036] met3 guide region query size = 505.
[INFO DRT-0036] via3 guide region query size = 0.
[INFO DRT-0036] met4 guide region query size = 191.
[INFO DRT-0036] via4 guide region query size = 0.
[INFO DRT-0036] met5 guide region query size = 12.
[INFO DRT-0179] Init gr pin query.
[INFO DRT-0267] cpu time = 00:00:00, elapsed time = 00:00:00, memory = 850.69 (MB), peak = 857.64 (MB)
[INFO DRT-0245] skipped writing guide updates to database.
[INFO DRT-0185] Post process initialize RPin region query.
[INFO DRT-0181] Start track assignment.
[INFO DRT-0184] Done with 18067 vertical wires in 1 frboxes and 11409 horizontal wires in 1 frboxes.
[INFO DRT-0186] Done with 2047 vertical wires in 1 frboxes and 3042 horizontal wires in 1 frboxes.
[INFO DRT-0182] Complete track assignment.
[INFO DRT-0267] cpu time = 00:00:03, elapsed time = 00:00:02, memory = 850.69 (MB), peak = 857.64 (MB)
[INFO DRT-0187] Start routing data preparation.
[INFO DRT-0267] cpu time = 00:00:00, elapsed time = 00:00:00, memory = 850.69 (MB), peak = 857.64 (MB)
[INFO DRT-0194] Start detail routing.
[INFO DRT-0195] Start 0th optimization iteration.
    Completing 10% with 0 violations.
    elapsed time = 00:00:00, memory = 850.69 (MB).
    Completing 20% with 0 violations.
    elapsed time = 00:00:00, memory = 850.69 (MB).
    Completing 30% with 0 violations.
    elapsed time = 00:00:01, memory = 850.69 (MB).
    Completing 40% with 47 violations.
    elapsed time = 00:00:02, memory = 850.69 (MB).
    Completing 50% with 47 violations.
    elapsed time = 00:00:02, memory = 850.69 (MB).
    Completing 60% with 98 violations.
    elapsed time = 00:00:04, memory = 850.69 (MB).
    Completing 70% with 98 violations.
    elapsed time = 00:00:04, memory = 850.69 (MB).
    Completing 80% with 98 violations.
    elapsed time = 00:00:04, memory = 850.69 (MB).
    Completing 90% with 121 violations.
    elapsed time = 00:00:05, memory = 850.69 (MB).
    Completing 100% with 142 violations.
    elapsed time = 00:00:06, memory = 850.69 (MB).
[INFO DRT-0199]   Number of violations = 181.
Viol/Layer         li1   met1   met2   met3
Metal Spacing        0      3     12      0
Recheck              1     18     19      1
Short                0     60     66      1
[INFO DRT-0267] cpu time = 00:00:28, elapsed time = 00:00:06, memory = 950.71 (MB), peak = 950.34 (MB)
Total wire length = 162026 um.
Total wire length on LAYER li1 = 0 um.
Total wire length on LAYER met1 = 64124 um.
Total wire length on LAYER met2 = 76403 um.
Total wire length on LAYER met3 = 11393 um.
Total wire length on LAYER met4 = 9601 um.
Total wire length on LAYER met5 = 504 um.
Total number of vias = 34187.
Up-via summary (total 34187):

------------------------
 FR_MASTERSLICE        0
            li1    15705
           met1    17212
           met2      932
           met3      316
           met4       22
------------------------
               34187


[INFO DRT-0195] Start 1st optimization iteration.
    Completing 10% with 181 violations.
    elapsed time = 00:00:00, memory = 950.71 (MB).
    Completing 20% with 181 violations.
    elapsed time = 00:00:00, memory = 950.71 (MB).
    Completing 30% with 181 violations.
    elapsed time = 00:00:01, memory = 950.71 (MB).
    Completing 40% with 144 violations.
    elapsed time = 00:00:01, memory = 918.46 (MB).
    Completing 50% with 144 violations.
    elapsed time = 00:00:01, memory = 889.71 (MB).
    Completing 60% with 110 violations.
    elapsed time = 00:00:04, memory = 890.47 (MB).
    Completing 70% with 110 violations.
    elapsed time = 00:00:04, memory = 890.47 (MB).
    Completing 80% with 110 violations.
    elapsed time = 00:00:04, memory = 890.47 (MB).
    Completing 90% with 89 violations.
    elapsed time = 00:00:05, memory = 890.47 (MB).
    Completing 100% with 57 violations.
    elapsed time = 00:00:06, memory = 890.47 (MB).
[INFO DRT-0199]   Number of violations = 57.
Viol/Layer        met1   met2
Metal Spacing        2      2
Short               36     17
[INFO DRT-0267] cpu time = 00:00:23, elapsed time = 00:00:06, memory = 951.48 (MB), peak = 951.12 (MB)
Total wire length = 161987 um.
Total wire length on LAYER li1 = 0 um.
Total wire length on LAYER met1 = 64122 um.
Total wire length on LAYER met2 = 76373 um.
Total wire length on LAYER met3 = 11380 um.
Total wire length on LAYER met4 = 9607 um.
Total wire length on LAYER met5 = 504 um.
Total number of vias = 34165.
Up-via summary (total 34165):

------------------------
 FR_MASTERSLICE        0
            li1    15703
           met1    17195
           met2      927
           met3      318
           met4       22
------------------------
               34165


[INFO DRT-0195] Start 2nd optimization iteration.
    Completing 10% with 57 violations.
    elapsed time = 00:00:00, memory = 951.48 (MB).
    Completing 20% with 57 violations.
    elapsed time = 00:00:00, memory = 951.48 (MB).
    Completing 30% with 55 violations.
    elapsed time = 00:00:00, memory = 951.48 (MB).
    Completing 40% with 55 violations.
    elapsed time = 00:00:00, memory = 951.48 (MB).
    Completing 50% with 55 violations.
    elapsed time = 00:00:00, memory = 951.48 (MB).
    Completing 60% with 64 violations.
    elapsed time = 00:00:01, memory = 951.48 (MB).
    Completing 70% with 64 violations.
    elapsed time = 00:00:01, memory = 951.48 (MB).
    Completing 80% with 62 violations.
    elapsed time = 00:00:02, memory = 951.48 (MB).
    Completing 90% with 62 violations.
    elapsed time = 00:00:02, memory = 951.48 (MB).
    Completing 100% with 58 violations.
    elapsed time = 00:00:02, memory = 951.48 (MB).
[INFO DRT-0199]   Number of violations = 58.
Viol/Layer        met1   met2
Metal Spacing       10      0
Short               32     16
[INFO DRT-0267] cpu time = 00:00:08, elapsed time = 00:00:03, memory = 848.57 (MB), peak = 951.12 (MB)
Total wire length = 161994 um.
Total wire length on LAYER li1 = 0 um.
Total wire length on LAYER met1 = 64118 um.
Total wire length on LAYER met2 = 76371 um.
Total wire length on LAYER met3 = 11392 um.
Total wire length on LAYER met4 = 9607 um.
Total wire length on LAYER met5 = 504 um.
Total number of vias = 34160.
Up-via summary (total 34160):

------------------------
 FR_MASTERSLICE        0
            li1    15702
           met1    17188
           met2      930
           met3      318
           met4       22
------------------------
               34160


[INFO DRT-0195] Start 3rd guides tiles iteration.
    Completing 10% with 58 violations.
    elapsed time = 00:00:00, memory = 880.66 (MB).
    Completing 20% with 58 violations.
    elapsed time = 00:00:00, memory = 880.66 (MB).
    Completing 30% with 58 violations.
    elapsed time = 00:00:00, memory = 880.66 (MB).
    Completing 40% with 58 violations.
    elapsed time = 00:00:00, memory = 880.66 (MB).
    Completing 50% with 58 violations.
    elapsed time = 00:00:02, memory = 848.57 (MB).
    Completing 60% with 39 violations.
    elapsed time = 00:00:02, memory = 848.57 (MB).
    Completing 70% with 39 violations.
    elapsed time = 00:00:02, memory = 848.57 (MB).
    Completing 80% with 39 violations.
    elapsed time = 00:00:03, memory = 848.57 (MB).
    Completing 90% with 39 violations.
    elapsed time = 00:00:03, memory = 848.57 (MB).
    Completing 100% with 0 violations.
    elapsed time = 00:00:04, memory = 848.57 (MB).
[INFO DRT-0199]   Number of violations = 0.
[INFO DRT-0267] cpu time = 00:00:06, elapsed time = 00:00:04, memory = 951.50 (MB), peak = 951.12 (MB)
Total wire length = 161935 um.
Total wire length on LAYER li1 = 0 um.
Total wire length on LAYER met1 = 63772 um.
Total wire length on LAYER met2 = 76008 um.
Total wire length on LAYER met3 = 11690 um.
Total wire length on LAYER met4 = 9960 um.
Total wire length on LAYER met5 = 504 um.
Total number of vias = 34197.
Up-via summary (total 34197):

------------------------
 FR_MASTERSLICE        0
            li1    15704
           met1    17198
           met2      946
           met3      327
           met4       22
------------------------
               34197


[INFO DRT-0198] Complete detail routing.
Total wire length = 161935 um.
Total wire length on LAYER li1 = 0 um.
Total wire length on LAYER met1 = 63772 um.
Total wire length on LAYER met2 = 76008 um.
Total wire length on LAYER met3 = 11690 um.
Total wire length on LAYER met4 = 9960 um.
Total wire length on LAYER met5 = 504 um.
Total number of vias = 34197.
Up-via summary (total 34197):

------------------------
 FR_MASTERSLICE        0
            li1    15704
           met1    17198
           met2      946
           met3      327
           met4       22
------------------------
               34197


[INFO DRT-0267] cpu time = 00:01:06, elapsed time = 00:00:20, memory = 951.50 (MB), peak = 951.12 (MB)

[INFO DRT-0180] Post processing.
+ check_antennas 
[INFO ANT-0002] Found 1 net violations.
[INFO ANT-0001] Found 1 pin violations.
[INFO] Running antenna repair iteration 2…
+ repair_antennas sky130_fd_sc_hd__diode_2 -ratio_margin 10
[INFO GRT-0012] Found 1 antenna violations.
[INFO GRT-0015] Inserted 1 diodes.
+ detailed_route -droute_end_iter 64 -or_seed 42 -verbose 1 -output_drc /foss/designs/alu32_openlane/runs/RUN_2026-05-28_05-40-44/44-openroad-detailedrouting/drt-run-2/alu32.drc
[INFO DRT-0024]   Complete FR_MASTERSLICE.
[INFO DRT-0024]   Complete licon.
[INFO DRT-0024]   Complete li1.
[INFO DRT-0024]   Complete mcon.
[INFO DRT-0024]   Complete met1.
[INFO DRT-0024]   Complete via.
[INFO DRT-0024]   Complete met2.
[INFO DRT-0024]   Complete via2.
[INFO DRT-0024]   Complete met3.
[INFO DRT-0024]   Complete via3.
[INFO DRT-0024]   Complete met4.
[INFO DRT-0024]   Complete via4.
[INFO DRT-0024]   Complete met5.
[INFO DRT-0165] Start pin access.
[INFO DRT-0076]   Complete 1000 pins.
[INFO DRT-0076]   Complete 2000 pins.
[INFO DRT-0078]   Complete 2803 pins.
[INFO DRT-0079]   Complete 100 unique inst patterns.
[INFO DRT-0079]   Complete 200 unique inst patterns.
[INFO DRT-0079]   Complete 300 unique inst patterns.
[INFO DRT-0081]   Complete 349 unique inst patterns.
[INFO DRT-0084]   Complete 2765 groups.
#scanned instances     = 5709
#unique  instances     = 349
#stdCellGenAp          = 10155
#stdCellValidPlanarAp  = 114
#stdCellValidViaAp     = 7753
#stdCellPinNoAp        = 0
#stdCellPinCnt         = 15505
#instTermValidViaApCnt = 0
#macroGenAp            = 0
#macroValidPlanarAp    = 0
#macroValidViaAp       = 0
#macroNoAp             = 0
[INFO DRT-0166] Complete pin access.
[INFO DRT-0267] cpu time = 00:04:12, elapsed time = 00:00:43, memory = 951.50 (MB), peak = 951.12 (MB)

[INFO DRT-0157] Number of guides:     35381

[INFO DRT-0169] Post process guides.
[INFO DRT-0176] GCELLGRID X 0 DO 44 STEP 6900 ;
[INFO DRT-0177] GCELLGRID Y 0 DO 45 STEP 6900 ;
[INFO DRT-0028]   Complete FR_MASTERSLICE.
[INFO DRT-0028]   Complete licon.
[INFO DRT-0028]   Complete li1.
[INFO DRT-0028]   Complete mcon.
[INFO DRT-0028]   Complete met1.
[INFO DRT-0028]   Complete via.
[INFO DRT-0028]   Complete met2.
[INFO DRT-0028]   Complete via2.
[INFO DRT-0028]   Complete met3.
[INFO DRT-0028]   Complete via3.
[INFO DRT-0028]   Complete met4.
[INFO DRT-0028]   Complete via4.
[INFO DRT-0028]   Complete met5.
[INFO DRT-0178] Init guide query.
[INFO DRT-0035]   Complete FR_MASTERSLICE (guide).
[INFO DRT-0035]   Complete licon (guide).
[INFO DRT-0035]   Complete li1 (guide).
[INFO DRT-0035]   Complete mcon (guide).
[INFO DRT-0035]   Complete met1 (guide).
[INFO DRT-0035]   Complete via (guide).
[INFO DRT-0035]   Complete met2 (guide).
[INFO DRT-0035]   Complete via2 (guide).
[INFO DRT-0035]   Complete met3 (guide).
[INFO DRT-0035]   Complete via3 (guide).
[INFO DRT-0035]   Complete met4 (guide).
[INFO DRT-0035]   Complete via4 (guide).
[INFO DRT-0035]   Complete met5 (guide).
[INFO DRT-0036] FR_MASTERSLICE guide region query size = 0.
[INFO DRT-0036] licon guide region query size = 0.
[INFO DRT-0036] li1 guide region query size = 12101.
[INFO DRT-0036] mcon guide region query size = 0.
[INFO DRT-0036] met1 guide region query size = 10893.
[INFO DRT-0036] via guide region query size = 0.
[INFO DRT-0036] met2 guide region query size = 5776.
[INFO DRT-0036] via2 guide region query size = 0.
[INFO DRT-0036] met3 guide region query size = 504.
[INFO DRT-0036] via3 guide region query size = 0.
[INFO DRT-0036] met4 guide region query size = 190.
[INFO DRT-0036] via4 guide region query size = 0.
[INFO DRT-0036] met5 guide region query size = 12.
[INFO DRT-0179] Init gr pin query.
[INFO DRT-0267] cpu time = 00:00:00, elapsed time = 00:00:00, memory = 951.50 (MB), peak = 951.12 (MB)
[INFO DRT-0245] skipped writing guide updates to database.
[INFO DRT-0185] Post process initialize RPin region query.
[INFO DRT-0181] Start track assignment.
[INFO DRT-0184] Done with 18067 vertical wires in 1 frboxes and 11409 horizontal wires in 1 frboxes.
[INFO DRT-0186] Done with 2070 vertical wires in 1 frboxes and 3035 horizontal wires in 1 frboxes.
[INFO DRT-0182] Complete track assignment.
[INFO DRT-0267] cpu time = 00:00:03, elapsed time = 00:00:02, memory = 951.50 (MB), peak = 951.12 (MB)
[INFO DRT-0187] Start routing data preparation.
[INFO DRT-0267] cpu time = 00:00:00, elapsed time = 00:00:00, memory = 951.50 (MB), peak = 951.12 (MB)
[INFO DRT-0194] Start detail routing.
[INFO DRT-0195] Start 0th optimization iteration.
    Completing 10% with 0 violations.
    elapsed time = 00:00:00, memory = 951.50 (MB).
    Completing 20% with 0 violations.
    elapsed time = 00:00:00, memory = 951.50 (MB).
    Completing 30% with 0 violations.
    elapsed time = 00:00:00, memory = 951.50 (MB).
    Completing 40% with 0 violations.
    elapsed time = 00:00:01, memory = 951.50 (MB).
    Completing 50% with 0 violations.
    elapsed time = 00:00:01, memory = 951.50 (MB).
    Completing 60% with 2 violations.
    elapsed time = 00:00:02, memory = 951.50 (MB).
    Completing 70% with 2 violations.
    elapsed time = 00:00:02, memory = 951.50 (MB).
    Completing 80% with 2 violations.
    elapsed time = 00:00:03, memory = 951.50 (MB).
    Completing 90% with 6 violations.
    elapsed time = 00:00:03, memory = 951.50 (MB).
    Completing 100% with 7 violations.
    elapsed time = 00:00:04, memory = 951.50 (MB).
[INFO DRT-0199]   Number of violations = 8.
Viol/Layer        met1   met4
Metal Spacing        1      0
Recheck              1      0
Short                4      2
[INFO DRT-0267] cpu time = 00:00:19, elapsed time = 00:00:04, memory = 951.50 (MB), peak = 951.12 (MB)
Total wire length = 161951 um.
Total wire length on LAYER li1 = 0 um.
Total wire length on LAYER met1 = 63790 um.
Total wire length on LAYER met2 = 76012 um.
Total wire length on LAYER met3 = 11677 um.
Total wire length on LAYER met4 = 9965 um.
Total wire length on LAYER met5 = 504 um.
Total number of vias = 34197.
Up-via summary (total 34197):

------------------------
 FR_MASTERSLICE        0
            li1    15705
           met1    17201
           met2      944
           met3      325
           met4       22
------------------------
               34197


[INFO DRT-0195] Start 1st optimization iteration.
    Completing 10% with 8 violations.
    elapsed time = 00:00:00, memory = 951.50 (MB).
    Completing 20% with 8 violations.
    elapsed time = 00:00:00, memory = 951.50 (MB).
    Completing 30% with 8 violations.
    elapsed time = 00:00:00, memory = 951.50 (MB).
    Completing 40% with 8 violations.
    elapsed time = 00:00:01, memory = 951.50 (MB).
    Completing 50% with 8 violations.
    elapsed time = 00:00:01, memory = 951.50 (MB).
    Completing 60% with 2 violations.
    elapsed time = 00:00:02, memory = 951.50 (MB).
    Completing 70% with 2 violations.
    elapsed time = 00:00:02, memory = 951.50 (MB).
    Completing 80% with 2 violations.
    elapsed time = 00:00:02, memory = 951.50 (MB).
    Completing 90% with 1 violations.
    elapsed time = 00:00:03, memory = 951.50 (MB).
    Completing 100% with 0 violations.
    elapsed time = 00:00:03, memory = 951.50 (MB).
[INFO DRT-0199]   Number of violations = 0.
[INFO DRT-0267] cpu time = 00:00:19, elapsed time = 00:00:04, memory = 951.50 (MB), peak = 951.12 (MB)
Total wire length = 161944 um.
Total wire length on LAYER li1 = 0 um.
Total wire length on LAYER met1 = 63790 um.
Total wire length on LAYER met2 = 76008 um.
Total wire length on LAYER met3 = 11679 um.
Total wire length on LAYER met4 = 9961 um.
Total wire length on LAYER met5 = 504 um.
Total number of vias = 34190.
Up-via summary (total 34190):

------------------------
 FR_MASTERSLICE        0
            li1    15705
           met1    17194
           met2      944
           met3      325
           met4       22
------------------------
               34190


[INFO DRT-0198] Complete detail routing.
Total wire length = 161944 um.
Total wire length on LAYER li1 = 0 um.
Total wire length on LAYER met1 = 63790 um.
Total wire length on LAYER met2 = 76008 um.
Total wire length on LAYER met3 = 11679 um.
Total wire length on LAYER met4 = 9961 um.
Total wire length on LAYER met5 = 504 um.
Total number of vias = 34190.
Up-via summary (total 34190):

------------------------
 FR_MASTERSLICE        0
            li1    15705
           met1    17194
           met2      944
           met3      325
           met4       22
------------------------
               34190


[INFO DRT-0267] cpu time = 00:00:38, elapsed time = 00:00:08, memory = 951.50 (MB), peak = 951.12 (MB)

[INFO DRT-0180] Post processing.
+ check_antennas 
[INFO ANT-0002] Found 0 net violations.
[INFO ANT-0001] Found 0 pin violations.
Setting global connections for newly added cells…
[INFO] Setting global connections...
[INFO ODB-0403] 32 connections made, 0 conflicts skipped.
Updating metrics…
Cell type report:                       Count       Area
  Fill cell                               214     803.27
  Tap cell                               1199    1500.19
  Antenna cell                              8      20.02
  Timing Repair Buffer                    770    6477.46
  Inverter                                 73     274.01
  Multi-Input combinational cell         3445   35297.60
  Total                                  5709   44372.56
Writing OpenROAD database to '/foss/designs/alu32_openlane/runs/RUN_2026-05-28_05-40-44/44-openroad-detailedrouting/alu32.odb'…
Writing netlist to '/foss/designs/alu32_openlane/runs/RUN_2026-05-28_05-40-44/44-openroad-detailedrouting/alu32.nl.v'…
Writing powered netlist to '/foss/designs/alu32_openlane/runs/RUN_2026-05-28_05-40-44/44-openroad-detailedrouting/alu32.pnl.v'…
Writing layout to '/foss/designs/alu32_openlane/runs/RUN_2026-05-28_05-40-44/44-openroad-detailedrouting/alu32.def'…
Writing timing constraints to '/foss/designs/alu32_openlane/runs/RUN_2026-05-28_05-40-44/44-openroad-detailedrouting/alu32.sdc'…
