+ analyze_power_grid -net VPWR -voltage_file /foss/designs/alu32_openlane/runs/RUN_2026-05-28_05-40-44/56-openroad-irdropreport/net-VPWR.csv
[INFO PSM-0040] All shapes on net VPWR are connected.
########## IR report #################
Net              : VPWR
Corner           : nom_tt_025C_1v80
Total power      : 4.41e-03 W
Supply voltage   : 1.80e+00 V
Worstcase voltage: 1.80e+00 V
Average voltage  : 1.80e+00 V
Average IR drop  : 1.91e-04 V
Worstcase IR drop: 1.47e-03 V
Percentage drop  : 0.08 %
######################################
+ analyze_power_grid -net VGND -voltage_file /foss/designs/alu32_openlane/runs/RUN_2026-05-28_05-40-44/56-openroad-irdropreport/net-VGND.csv
[INFO PSM-0040] All shapes on net VGND are connected.
########## IR report #################
Net              : VGND
Corner           : nom_tt_025C_1v80
Total power      : 4.41e-03 W
Supply voltage   : 0.00e+00 V
Worstcase voltage: 1.28e-03 V
Average voltage  : 1.83e-04 V
Average IR drop  : 1.83e-04 V
Worstcase IR drop: 1.28e-03 V
Percentage drop  : 0.07 %
######################################
