
===========================================================================
report_checks -unconstrained
===========================================================================
======================= max_tt_025C_1v80 Corner ===================================

Startpoint: B[1] (input port clocked by __VIRTUAL_CLK__)
Endpoint: zero (output port clocked by __VIRTUAL_CLK__)
Path Group: __VIRTUAL_CLK__
Path Type: max

Fanout         Cap        Slew       Delay        Time   Description
---------------------------------------------------------------------------------------------
                      0.000000    0.000000    0.000000   clock __VIRTUAL_CLK__ (rise edge)
                                  0.000000    0.000000   clock network delay (ideal)
                                  2.000000    2.000000 ^ input external delay
     1    0.009468    0.049056    0.032397    2.032397 ^ B[1] (in)
                                                         B[1] (net)
                      0.049058    0.000000    2.032397 ^ input44/A (sky130_fd_sc_hd__clkdlybuf4s25_1)
     2    0.029577    0.300487    0.427878    2.460275 ^ input44/X (sky130_fd_sc_hd__clkdlybuf4s25_1)
                                                         net44 (net)
                      0.300498    0.002145    2.462420 ^ fanout356/A (sky130_fd_sc_hd__clkdlybuf4s25_1)
     2    0.010975    0.120455    0.367550    2.829970 ^ fanout356/X (sky130_fd_sc_hd__clkdlybuf4s25_1)
                                                         net356 (net)
                      0.120460    0.000942    2.830913 ^ wire357/A (sky130_fd_sc_hd__clkbuf_4)
     6    0.073022    0.222172    0.285685    3.116598 ^ wire357/X (sky130_fd_sc_hd__clkbuf_4)
                                                         net357 (net)
                      0.223224    0.012405    3.129003 ^ fanout349/A (sky130_fd_sc_hd__clkdlybuf4s25_1)
     4    0.020386    0.211527    0.414737    3.543741 ^ fanout349/X (sky130_fd_sc_hd__clkdlybuf4s25_1)
                                                         net349 (net)
                      0.211531    0.001262    3.545002 ^ load_slew350/A (sky130_fd_sc_hd__buf_4)
     7    0.050958    0.146961    0.237476    3.782478 ^ load_slew350/X (sky130_fd_sc_hd__buf_4)
                                                         net350 (net)
                      0.147389    0.005989    3.788466 ^ _3503_/A (sky130_fd_sc_hd__inv_2)
     4    0.059474    0.139700    0.154716    3.943182 v _3503_/Y (sky130_fd_sc_hd__inv_2)
                                                         _0260_ (net)
                      0.139961    0.005029    3.948211 v fanout165/A (sky130_fd_sc_hd__clkbuf_4)
    10    0.122066    0.238144    0.337627    4.285838 v fanout165/X (sky130_fd_sc_hd__clkbuf_4)
                                                         net165 (net)
                      0.240387    0.018802    4.304640 v _5368_/B (sky130_fd_sc_hd__nor2_2)
     3    0.014748    0.189008    0.237081    4.541721 ^ _5368_/Y (sky130_fd_sc_hd__nor2_2)
                                                         _1084_ (net)
                      0.189008    0.000436    4.542157 ^ _5370_/B (sky130_fd_sc_hd__and3_2)
     2    0.009101    0.071215    0.231967    4.774124 ^ _5370_/X (sky130_fd_sc_hd__and3_2)
                                                         _1087_ (net)
                      0.071219    0.000597    4.774722 ^ _5397_/A (sky130_fd_sc_hd__nor2_2)
     1    0.008697    0.045051    0.053279    4.828001 v _5397_/Y (sky130_fd_sc_hd__nor2_2)
                                                         _1116_ (net)
                      0.045071    0.000668    4.828669 v _5410_/B (sky130_fd_sc_hd__xnor2_2)
     2    0.014270    0.093387    0.157288    4.985957 v _5410_/Y (sky130_fd_sc_hd__xnor2_2)
                                                         _1131_ (net)
                      0.093395    0.000922    4.986879 v _5412_/A (sky130_fd_sc_hd__xnor2_2)
     2    0.013518    0.215988    0.242551    5.229430 ^ _5412_/Y (sky130_fd_sc_hd__xnor2_2)
                                                         _1133_ (net)
                      0.216072    0.001363    5.230793 ^ rebuffer711/A (sky130_fd_sc_hd__buf_2)
     2    0.007887    0.051114    0.163380    5.394173 ^ rebuffer711/X (sky130_fd_sc_hd__buf_2)
                                                         net711 (net)
                      0.051115    0.000312    5.394485 ^ rebuffer710/A (sky130_fd_sc_hd__buf_2)
     1    0.005023    0.036151    0.101738    5.496222 ^ rebuffer710/X (sky130_fd_sc_hd__buf_2)
                                                         net710 (net)
                      0.036152    0.000240    5.496462 ^ _5414_/C (sky130_fd_sc_hd__nand3_2)
     2    0.011390    0.096426    0.095687    5.592149 v _5414_/Y (sky130_fd_sc_hd__nand3_2)
                                                         _1135_ (net)
                      0.096431    0.000756    5.592906 v _5415_/A2 (sky130_fd_sc_hd__a211o_4)
     4    0.020401    0.073511    0.382862    5.975767 v _5415_/X (sky130_fd_sc_hd__a211o_4)
                                                         _1136_ (net)
                      0.073511    0.001186    5.976954 v _5417_/B (sky130_fd_sc_hd__and3_2)
     5    0.023186    0.082877    0.257976    6.234930 v _5417_/X (sky130_fd_sc_hd__and3_2)
                                                         _1138_ (net)
                      0.082899    0.001322    6.236252 v _5511_/B (sky130_fd_sc_hd__or3_4)
     2    0.011460    0.077006    0.394162    6.630414 v _5511_/X (sky130_fd_sc_hd__or3_4)
                                                         _1242_ (net)
                      0.077006    0.000875    6.631289 v _5563_/A1 (sky130_fd_sc_hd__a21oi_4)
     2    0.010073    0.124360    0.148824    6.780113 ^ _5563_/Y (sky130_fd_sc_hd__a21oi_4)
                                                         _1299_ (net)
                      0.124361    0.000705    6.780818 ^ _5564_/B1 (sky130_fd_sc_hd__a211oi_2)
     4    0.018241    0.100142    0.092944    6.873762 v _5564_/Y (sky130_fd_sc_hd__a211oi_2)
                                                         _1300_ (net)
                      0.100209    0.001244    6.875006 v max_cap110/A (sky130_fd_sc_hd__clkbuf_2)
     3    0.012675    0.056134    0.153389    7.028395 v max_cap110/X (sky130_fd_sc_hd__clkbuf_2)
                                                         net110 (net)
                      0.056152    0.000973    7.029368 v _5567_/B1 (sky130_fd_sc_hd__a211o_2)
     2    0.007757    0.060562    0.323541    7.352910 v _5567_/X (sky130_fd_sc_hd__a211o_2)
                                                         _1303_ (net)
                      0.060562    0.000406    7.353315 v _5615_/A1 (sky130_fd_sc_hd__a211o_2)
     2    0.006371    0.057062    0.307205    7.660521 v _5615_/X (sky130_fd_sc_hd__a211o_2)
                                                         _1356_ (net)
                      0.057062    0.000395    7.660916 v _5651_/A1 (sky130_fd_sc_hd__a21bo_2)
     1    0.008886    0.049766    0.210663    7.871579 v _5651_/X (sky130_fd_sc_hd__a21bo_2)
                                                         _1396_ (net)
                      0.049775    0.000671    7.872250 v _5818_/B1 (sky130_fd_sc_hd__a41oi_4)
     2    0.021740    0.258891    0.252681    8.124930 ^ _5818_/Y (sky130_fd_sc_hd__a41oi_4)
                                                         _1579_ (net)
                      0.258898    0.002490    8.127420 ^ rebuffer693/A (sky130_fd_sc_hd__buf_6)
     4    0.016421    0.047410    0.154877    8.282298 ^ rebuffer693/X (sky130_fd_sc_hd__buf_6)
                                                         net693 (net)
                      0.047428    0.000855    8.283154 ^ _5821_/A2 (sky130_fd_sc_hd__a21o_4)
     2    0.012536    0.048858    0.125170    8.408323 ^ _5821_/X (sky130_fd_sc_hd__a21o_4)
                                                         _1583_ (net)
                      0.048865    0.000578    8.408901 ^ _6739_/A (sky130_fd_sc_hd__xor2_2)
     1    0.007292    0.054093    0.071187    8.480088 v _6739_/X (sky130_fd_sc_hd__xor2_2)
                                                         _2576_ (net)
                      0.054095    0.000578    8.480666 v _6753_/A2 (sky130_fd_sc_hd__a211o_4)
     2    0.020873    0.076711    0.366172    8.846838 v _6753_/X (sky130_fd_sc_hd__a211o_4)
                                                         net78 (net)
                      0.076720    0.002084    8.848922 v _6989_/C (sky130_fd_sc_hd__or4_4)
     1    0.010075    0.094241    0.503859    9.352781 v _6989_/X (sky130_fd_sc_hd__or4_4)
                                                         _2836_ (net)
                      0.094297    0.000652    9.353433 v _6990_/C (sky130_fd_sc_hd__or3_4)
     1    0.017118    0.087790    0.375801    9.729234 v _6990_/X (sky130_fd_sc_hd__or3_4)
                                                         _2837_ (net)
                      0.087790    0.001455    9.730688 v _6991_/C (sky130_fd_sc_hd__or3_4)
     1    0.010571    0.075714    0.354599   10.085287 v _6991_/X (sky130_fd_sc_hd__or3_4)
                                                         _2838_ (net)
                      0.075714    0.001124   10.086412 v _6992_/D (sky130_fd_sc_hd__nor4_4)
     1    0.011473    0.271606    0.200998   10.287411 ^ _6992_/Y (sky130_fd_sc_hd__nor4_4)
                                                         _2839_ (net)
                      0.271608    0.001258   10.288668 ^ wire104/A (sky130_fd_sc_hd__clkbuf_2)
     1    0.027451    0.154714    0.248692   10.537360 ^ wire104/X (sky130_fd_sc_hd__clkbuf_2)
                                                         net104 (net)
                      0.154747    0.002223   10.539583 ^ _6994_/D_N (sky130_fd_sc_hd__or4b_4)
     1    0.008270    0.091339    0.490990   11.030573 v _6994_/X (sky130_fd_sc_hd__or4b_4)
                                                         _2841_ (net)
                      0.091339    0.000626   11.031199 v _6995_/D (sky130_fd_sc_hd__nor4_4)
     1    0.005797    0.207465    0.155657   11.186856 ^ _6995_/Y (sky130_fd_sc_hd__nor4_4)
                                                         net103 (net)
                      0.207466    0.000443   11.187300 ^ output103/A (sky130_fd_sc_hd__buf_6)
     1    0.036925    0.083165    0.171364   11.358664 ^ output103/X (sky130_fd_sc_hd__buf_6)
                                                         zero (net)
                      0.083413    0.003288   11.361952 ^ zero (out)
                                             11.361952   data arrival time

                      0.000000   10.000000   10.000000   clock __VIRTUAL_CLK__ (rise edge)
                                  0.000000   10.000000   clock network delay (ideal)
                                 -0.250000    9.750000   clock uncertainty
                                  0.000000    9.750000   clock reconvergence pessimism
                                 -2.000000    7.750000   output external delay
                                              7.750000   data required time
---------------------------------------------------------------------------------------------
                                              7.750000   data required time
                                            -11.361952   data arrival time
---------------------------------------------------------------------------------------------
                                             -3.611952   slack (VIOLATED)




===========================================================================
report_checks --slack_max -0.01
============================================================================
======================= max_tt_025C_1v80 Corner ===================================

Startpoint: B[1] (input port clocked by __VIRTUAL_CLK__)
Endpoint: zero (output port clocked by __VIRTUAL_CLK__)
Path Group: __VIRTUAL_CLK__
Path Type: max

Fanout         Cap        Slew       Delay        Time   Description
---------------------------------------------------------------------------------------------
                      0.000000    0.000000    0.000000   clock __VIRTUAL_CLK__ (rise edge)
                                  0.000000    0.000000   clock network delay (ideal)
                                  2.000000    2.000000 ^ input external delay
     1    0.009468    0.049056    0.032397    2.032397 ^ B[1] (in)
                                                         B[1] (net)
                      0.049058    0.000000    2.032397 ^ input44/A (sky130_fd_sc_hd__clkdlybuf4s25_1)
     2    0.029577    0.300487    0.427878    2.460275 ^ input44/X (sky130_fd_sc_hd__clkdlybuf4s25_1)
                                                         net44 (net)
                      0.300498    0.002145    2.462420 ^ fanout356/A (sky130_fd_sc_hd__clkdlybuf4s25_1)
     2    0.010975    0.120455    0.367550    2.829970 ^ fanout356/X (sky130_fd_sc_hd__clkdlybuf4s25_1)
                                                         net356 (net)
                      0.120460    0.000942    2.830913 ^ wire357/A (sky130_fd_sc_hd__clkbuf_4)
     6    0.073022    0.222172    0.285685    3.116598 ^ wire357/X (sky130_fd_sc_hd__clkbuf_4)
                                                         net357 (net)
                      0.223224    0.012405    3.129003 ^ fanout349/A (sky130_fd_sc_hd__clkdlybuf4s25_1)
     4    0.020386    0.211527    0.414737    3.543741 ^ fanout349/X (sky130_fd_sc_hd__clkdlybuf4s25_1)
                                                         net349 (net)
                      0.211531    0.001262    3.545002 ^ load_slew350/A (sky130_fd_sc_hd__buf_4)
     7    0.050958    0.146961    0.237476    3.782478 ^ load_slew350/X (sky130_fd_sc_hd__buf_4)
                                                         net350 (net)
                      0.147389    0.005989    3.788466 ^ _3503_/A (sky130_fd_sc_hd__inv_2)
     4    0.059474    0.139700    0.154716    3.943182 v _3503_/Y (sky130_fd_sc_hd__inv_2)
                                                         _0260_ (net)
                      0.139961    0.005029    3.948211 v fanout165/A (sky130_fd_sc_hd__clkbuf_4)
    10    0.122066    0.238144    0.337627    4.285838 v fanout165/X (sky130_fd_sc_hd__clkbuf_4)
                                                         net165 (net)
                      0.240387    0.018802    4.304640 v _5368_/B (sky130_fd_sc_hd__nor2_2)
     3    0.014748    0.189008    0.237081    4.541721 ^ _5368_/Y (sky130_fd_sc_hd__nor2_2)
                                                         _1084_ (net)
                      0.189008    0.000436    4.542157 ^ _5370_/B (sky130_fd_sc_hd__and3_2)
     2    0.009101    0.071215    0.231967    4.774124 ^ _5370_/X (sky130_fd_sc_hd__and3_2)
                                                         _1087_ (net)
                      0.071219    0.000597    4.774722 ^ _5397_/A (sky130_fd_sc_hd__nor2_2)
     1    0.008697    0.045051    0.053279    4.828001 v _5397_/Y (sky130_fd_sc_hd__nor2_2)
                                                         _1116_ (net)
                      0.045071    0.000668    4.828669 v _5410_/B (sky130_fd_sc_hd__xnor2_2)
     2    0.014270    0.093387    0.157288    4.985957 v _5410_/Y (sky130_fd_sc_hd__xnor2_2)
                                                         _1131_ (net)
                      0.093395    0.000922    4.986879 v _5412_/A (sky130_fd_sc_hd__xnor2_2)
     2    0.013518    0.215988    0.242551    5.229430 ^ _5412_/Y (sky130_fd_sc_hd__xnor2_2)
                                                         _1133_ (net)
                      0.216072    0.001363    5.230793 ^ rebuffer711/A (sky130_fd_sc_hd__buf_2)
     2    0.007887    0.051114    0.163380    5.394173 ^ rebuffer711/X (sky130_fd_sc_hd__buf_2)
                                                         net711 (net)
                      0.051115    0.000312    5.394485 ^ rebuffer710/A (sky130_fd_sc_hd__buf_2)
     1    0.005023    0.036151    0.101738    5.496222 ^ rebuffer710/X (sky130_fd_sc_hd__buf_2)
                                                         net710 (net)
                      0.036152    0.000240    5.496462 ^ _5414_/C (sky130_fd_sc_hd__nand3_2)
     2    0.011390    0.096426    0.095687    5.592149 v _5414_/Y (sky130_fd_sc_hd__nand3_2)
                                                         _1135_ (net)
                      0.096431    0.000756    5.592906 v _5415_/A2 (sky130_fd_sc_hd__a211o_4)
     4    0.020401    0.073511    0.382862    5.975767 v _5415_/X (sky130_fd_sc_hd__a211o_4)
                                                         _1136_ (net)
                      0.073511    0.001186    5.976954 v _5417_/B (sky130_fd_sc_hd__and3_2)
     5    0.023186    0.082877    0.257976    6.234930 v _5417_/X (sky130_fd_sc_hd__and3_2)
                                                         _1138_ (net)
                      0.082899    0.001322    6.236252 v _5511_/B (sky130_fd_sc_hd__or3_4)
     2    0.011460    0.077006    0.394162    6.630414 v _5511_/X (sky130_fd_sc_hd__or3_4)
                                                         _1242_ (net)
                      0.077006    0.000875    6.631289 v _5563_/A1 (sky130_fd_sc_hd__a21oi_4)
     2    0.010073    0.124360    0.148824    6.780113 ^ _5563_/Y (sky130_fd_sc_hd__a21oi_4)
                                                         _1299_ (net)
                      0.124361    0.000705    6.780818 ^ _5564_/B1 (sky130_fd_sc_hd__a211oi_2)
     4    0.018241    0.100142    0.092944    6.873762 v _5564_/Y (sky130_fd_sc_hd__a211oi_2)
                                                         _1300_ (net)
                      0.100209    0.001244    6.875006 v max_cap110/A (sky130_fd_sc_hd__clkbuf_2)
     3    0.012675    0.056134    0.153389    7.028395 v max_cap110/X (sky130_fd_sc_hd__clkbuf_2)
                                                         net110 (net)
                      0.056152    0.000973    7.029368 v _5567_/B1 (sky130_fd_sc_hd__a211o_2)
     2    0.007757    0.060562    0.323541    7.352910 v _5567_/X (sky130_fd_sc_hd__a211o_2)
                                                         _1303_ (net)
                      0.060562    0.000406    7.353315 v _5615_/A1 (sky130_fd_sc_hd__a211o_2)
     2    0.006371    0.057062    0.307205    7.660521 v _5615_/X (sky130_fd_sc_hd__a211o_2)
                                                         _1356_ (net)
                      0.057062    0.000395    7.660916 v _5651_/A1 (sky130_fd_sc_hd__a21bo_2)
     1    0.008886    0.049766    0.210663    7.871579 v _5651_/X (sky130_fd_sc_hd__a21bo_2)
                                                         _1396_ (net)
                      0.049775    0.000671    7.872250 v _5818_/B1 (sky130_fd_sc_hd__a41oi_4)
     2    0.021740    0.258891    0.252681    8.124930 ^ _5818_/Y (sky130_fd_sc_hd__a41oi_4)
                                                         _1579_ (net)
                      0.258898    0.002490    8.127420 ^ rebuffer693/A (sky130_fd_sc_hd__buf_6)
     4    0.016421    0.047410    0.154877    8.282298 ^ rebuffer693/X (sky130_fd_sc_hd__buf_6)
                                                         net693 (net)
                      0.047428    0.000855    8.283154 ^ _5821_/A2 (sky130_fd_sc_hd__a21o_4)
     2    0.012536    0.048858    0.125170    8.408323 ^ _5821_/X (sky130_fd_sc_hd__a21o_4)
                                                         _1583_ (net)
                      0.048865    0.000578    8.408901 ^ _6739_/A (sky130_fd_sc_hd__xor2_2)
     1    0.007292    0.054093    0.071187    8.480088 v _6739_/X (sky130_fd_sc_hd__xor2_2)
                                                         _2576_ (net)
                      0.054095    0.000578    8.480666 v _6753_/A2 (sky130_fd_sc_hd__a211o_4)
     2    0.020873    0.076711    0.366172    8.846838 v _6753_/X (sky130_fd_sc_hd__a211o_4)
                                                         net78 (net)
                      0.076720    0.002084    8.848922 v _6989_/C (sky130_fd_sc_hd__or4_4)
     1    0.010075    0.094241    0.503859    9.352781 v _6989_/X (sky130_fd_sc_hd__or4_4)
                                                         _2836_ (net)
                      0.094297    0.000652    9.353433 v _6990_/C (sky130_fd_sc_hd__or3_4)
     1    0.017118    0.087790    0.375801    9.729234 v _6990_/X (sky130_fd_sc_hd__or3_4)
                                                         _2837_ (net)
                      0.087790    0.001455    9.730688 v _6991_/C (sky130_fd_sc_hd__or3_4)
     1    0.010571    0.075714    0.354599   10.085287 v _6991_/X (sky130_fd_sc_hd__or3_4)
                                                         _2838_ (net)
                      0.075714    0.001124   10.086412 v _6992_/D (sky130_fd_sc_hd__nor4_4)
     1    0.011473    0.271606    0.200998   10.287411 ^ _6992_/Y (sky130_fd_sc_hd__nor4_4)
                                                         _2839_ (net)
                      0.271608    0.001258   10.288668 ^ wire104/A (sky130_fd_sc_hd__clkbuf_2)
     1    0.027451    0.154714    0.248692   10.537360 ^ wire104/X (sky130_fd_sc_hd__clkbuf_2)
                                                         net104 (net)
                      0.154747    0.002223   10.539583 ^ _6994_/D_N (sky130_fd_sc_hd__or4b_4)
     1    0.008270    0.091339    0.490990   11.030573 v _6994_/X (sky130_fd_sc_hd__or4b_4)
                                                         _2841_ (net)
                      0.091339    0.000626   11.031199 v _6995_/D (sky130_fd_sc_hd__nor4_4)
     1    0.005797    0.207465    0.155657   11.186856 ^ _6995_/Y (sky130_fd_sc_hd__nor4_4)
                                                         net103 (net)
                      0.207466    0.000443   11.187300 ^ output103/A (sky130_fd_sc_hd__buf_6)
     1    0.036925    0.083165    0.171364   11.358664 ^ output103/X (sky130_fd_sc_hd__buf_6)
                                                         zero (net)
                      0.083413    0.003288   11.361952 ^ zero (out)
                                             11.361952   data arrival time

                      0.000000   10.000000   10.000000   clock __VIRTUAL_CLK__ (rise edge)
                                  0.000000   10.000000   clock network delay (ideal)
                                 -0.250000    9.750000   clock uncertainty
                                  0.000000    9.750000   clock reconvergence pessimism
                                 -2.000000    7.750000   output external delay
                                              7.750000   data required time
---------------------------------------------------------------------------------------------
                                              7.750000   data required time
                                            -11.361952   data arrival time
---------------------------------------------------------------------------------------------
                                             -3.611952   slack (VIOLATED)




===========================================================================
 report_check_types -max_slew -max_cap -max_fanout -violators
============================================================================
======================= max_tt_025C_1v80 Corner ===================================

max slew

Pin                                        Limit        Slew       Slack
------------------------------------------------------------------------
_6906_/B1                               0.750000    1.125465   -0.375465 (VIOLATED)
_6841_/A                                0.750000    1.125458   -0.375458 (VIOLATED)
_6873_/B1                               0.750000    1.125455   -0.375455 (VIOLATED)
_6870_/A1                               0.750000    1.125370   -0.375370 (VIOLATED)
_6063_/B1                               0.750000    1.125153   -0.375153 (VIOLATED)
_6633_/B1                               0.750000    1.123998   -0.373998 (VIOLATED)
fanout146/A                             0.750000    1.123840   -0.373840 (VIOLATED)
fanout147/X                             0.750000    1.123785   -0.373785 (VIOLATED)
_6742_/B1                               0.750000    1.094101   -0.344101 (VIOLATED)
_6778_/B1                               0.750000    1.094101   -0.344101 (VIOLATED)
_6720_/A1                               0.750000    1.094071   -0.344071 (VIOLATED)
_6690_/B1                               0.750000    1.094022   -0.344022 (VIOLATED)
_6601_/B1                               0.750000    1.093937   -0.343937 (VIOLATED)
_6443_/B1                               0.750000    1.093898   -0.343898 (VIOLATED)
_6543_/A2                               0.750000    1.093891   -0.343891 (VIOLATED)
_6204_/B1                               0.750000    1.093877   -0.343877 (VIOLATED)
_6517_/B1                               0.750000    1.093852   -0.343852 (VIOLATED)
_6487_/B1                               0.750000    1.093844   -0.343844 (VIOLATED)
fanout157/X                             0.750000    1.093818   -0.343818 (VIOLATED)
_6826_/A2                               0.750000    0.976702   -0.226702 (VIOLATED)
_6863_/A2                               0.750000    0.976691   -0.226691 (VIOLATED)
_6927_/A2                               0.750000    0.976612   -0.226612 (VIOLATED)
_6891_/A2                               0.750000    0.976526   -0.226526 (VIOLATED)
_6590_/A2                               0.750000    0.976489   -0.226489 (VIOLATED)
_6572_/A2                               0.750000    0.976485   -0.226485 (VIOLATED)
_6963_/A2                               0.750000    0.976479   -0.226479 (VIOLATED)
_6533_/A2                               0.750000    0.976458   -0.226458 (VIOLATED)
fanout141/A                             0.750000    0.976415   -0.226415 (VIOLATED)
fanout142/X                             0.750000    0.976378   -0.226378 (VIOLATED)
_3785_/B                                0.750000    0.975067   -0.225067 (VIOLATED)
_3534_/B                                0.750000    0.975056   -0.225056 (VIOLATED)
_3541_/D                                0.750000    0.974995   -0.224995 (VIOLATED)
_6076_/A                                0.750000    0.974874   -0.224874 (VIOLATED)
_6075_/A                                0.750000    0.974870   -0.224870 (VIOLATED)
_6077_/A                                0.750000    0.974869   -0.224869 (VIOLATED)
_6263_/A_N                              0.750000    0.974867   -0.224867 (VIOLATED)
_4345_/B1                               0.750000    0.974265   -0.224265 (VIOLATED)
_4088_/D                                0.750000    0.974142   -0.224142 (VIOLATED)
_4087_/B                                0.750000    0.973834   -0.223834 (VIOLATED)
fanout326/X                             0.750000    0.973806   -0.223806 (VIOLATED)
_6731_/A                                0.750000    0.901403   -0.151403 (VIOLATED)
_6570_/A1                               0.750000    0.901393   -0.151393 (VIOLATED)
_6460_/B                                0.750000    0.901390   -0.151390 (VIOLATED)
_6312_/A                                0.750000    0.901374   -0.151374 (VIOLATED)
_6494_/A2                               0.750000    0.901364   -0.151364 (VIOLATED)
_6496_/A2                               0.750000    0.901355   -0.151355 (VIOLATED)
_6529_/B                                0.750000    0.901244   -0.151244 (VIOLATED)
_6316_/A0                               0.750000    0.901182   -0.151182 (VIOLATED)
_5954_/B                                0.750000    0.901068   -0.151068 (VIOLATED)
_3505_/A                                0.750000    0.901002   -0.151002 (VIOLATED)
fanout574/X                             0.750000    0.901002   -0.151002 (VIOLATED)
_6923_/A                                0.750000    0.880798   -0.130798 (VIOLATED)
_6888_/C1                               0.750000    0.880797   -0.130797 (VIOLATED)
_6837_/A1                               0.750000    0.880760   -0.130760 (VIOLATED)
_6820_/A1                               0.750000    0.880711   -0.130711 (VIOLATED)
_6753_/A1                               0.750000    0.880519   -0.130519 (VIOLATED)
_6706_/B1                               0.750000    0.880445   -0.130445 (VIOLATED)
_6737_/A1                               0.750000    0.880424   -0.130425 (VIOLATED)
_6667_/A1                               0.750000    0.880212   -0.130212 (VIOLATED)
_6473_/A2                               0.750000    0.880011   -0.130011 (VIOLATED)
_6513_/A2                               0.750000    0.879993   -0.129994 (VIOLATED)
fanout148/X                             0.750000    0.879983   -0.129983 (VIOLATED)
_6628_/A1                               0.750000    0.878632   -0.128632 (VIOLATED)
_6531_/A                                0.750000    0.878631   -0.128631 (VIOLATED)
_6897_/S                                0.750000    0.878627   -0.128627 (VIOLATED)
_6389_/A                                0.750000    0.878610   -0.128610 (VIOLATED)
_6364_/A                                0.750000    0.878577   -0.128577 (VIOLATED)
_6228_/B                                0.750000    0.878521   -0.128521 (VIOLATED)
_6393_/A                                0.750000    0.878520   -0.128520 (VIOLATED)
_6318_/A                                0.750000    0.878509   -0.128509 (VIOLATED)
_6464_/A                                0.750000    0.878471   -0.128471 (VIOLATED)
_6483_/A1                               0.750000    0.878463   -0.128463 (VIOLATED)
fanout179/X                             0.750000    0.878463   -0.128463 (VIOLATED)
_6818_/A1                               0.750000    0.877814   -0.127814 (VIOLATED)
_6853_/A                                0.750000    0.877813   -0.127813 (VIOLATED)
_6788_/B                                0.750000    0.877786   -0.127786 (VIOLATED)
_6688_/B1                               0.750000    0.877428   -0.127428 (VIOLATED)
_6653_/B1                               0.750000    0.877331   -0.127331 (VIOLATED)
_6616_/B1                               0.750000    0.877197   -0.127197 (VIOLATED)
_6595_/A1                               0.750000    0.877007   -0.127007 (VIOLATED)
_6566_/B                                0.750000    0.876842   -0.126842 (VIOLATED)
_6543_/B2                               0.750000    0.876743   -0.126743 (VIOLATED)
_6442_/B1                               0.750000    0.876673   -0.126673 (VIOLATED)
fanout150/X                             0.750000    0.876651   -0.126651 (VIOLATED)
_6864_/B1                               0.750000    0.873696   -0.123696 (VIOLATED)
_6844_/A2_N                             0.750000    0.873690   -0.123690 (VIOLATED)
_6928_/B1                               0.750000    0.873688   -0.123688 (VIOLATED)
fanout130/A                             0.750000    0.873651   -0.123651 (VIOLATED)
fanout128/A                             0.750000    0.873559   -0.123559 (VIOLATED)
fanout129/A                             0.750000    0.873536   -0.123536 (VIOLATED)
fanout131/X                             0.750000    0.873498   -0.123498 (VIOLATED)
_6777_/A                                0.750000    0.862477   -0.112477 (VIOLATED)
_6792_/B1                               0.750000    0.862474   -0.112474 (VIOLATED)
_6773_/A1                               0.750000    0.862456   -0.112456 (VIOLATED)
_6704_/A1                               0.750000    0.862268   -0.112268 (VIOLATED)
_6669_/B1                               0.750000    0.862212   -0.112212 (VIOLATED)
_6614_/B1                               0.750000    0.861986   -0.111986 (VIOLATED)
_6598_/B1                               0.750000    0.861860   -0.111860 (VIOLATED)
_6440_/B1                               0.750000    0.861773   -0.111773 (VIOLATED)
_6541_/B1                               0.750000    0.861710   -0.111711 (VIOLATED)
_6516_/A                                0.750000    0.861692   -0.111692 (VIOLATED)
fanout146/X                             0.750000    0.861682   -0.111682 (VIOLATED)
_6768_/A1                               0.750000    0.828496   -0.078496 (VIOLATED)
_6801_/B2                               0.750000    0.828456   -0.078456 (VIOLATED)
_6866_/A2                               0.750000    0.828441   -0.078441 (VIOLATED)
_6593_/A2_N                             0.750000    0.828378   -0.078378 (VIOLATED)
_6784_/B2                               0.750000    0.828351   -0.078352 (VIOLATED)
_6849_/B2                               0.750000    0.828319   -0.078319 (VIOLATED)
_6511_/A1                               0.750000    0.828162   -0.078162 (VIOLATED)
_6576_/B2                               0.750000    0.828158   -0.078158 (VIOLATED)
_6451_/A1                               0.750000    0.828149   -0.078149 (VIOLATED)
_6372_/B                                0.750000    0.828044   -0.078044 (VIOLATED)
fanout124/X                             0.750000    0.828034   -0.078034 (VIOLATED)
_6641_/A2                               0.750000    0.822646   -0.072646 (VIOLATED)
_6911_/A1                               0.750000    0.822621   -0.072621 (VIOLATED)
_6925_/A1                               0.750000    0.822581   -0.072581 (VIOLATED)
_6659_/A1                               0.750000    0.822529   -0.072529 (VIOLATED)
_6308_/B1                               0.750000    0.822518   -0.072518 (VIOLATED)
_6961_/A1                               0.750000    0.822414   -0.072414 (VIOLATED)
_6895_/A1                               0.750000    0.822369   -0.072369 (VIOLATED)
_6693_/A1                               0.750000    0.822319   -0.072319 (VIOLATED)
_6623_/A1                               0.750000    0.822242   -0.072242 (VIOLATED)
_6675_/A1                               0.750000    0.822008   -0.072008 (VIOLATED)
fanout125/X                             0.750000    0.821998   -0.071998 (VIOLATED)
_6891_/B1                               0.750000    0.816691   -0.066691 (VIOLATED)
_6879_/A2                               0.750000    0.816658   -0.066658 (VIOLATED)
_6591_/A2                               0.750000    0.816649   -0.066649 (VIOLATED)
_6572_/B1                               0.750000    0.816647   -0.066647 (VIOLATED)
_6551_/A2                               0.750000    0.816638   -0.066638 (VIOLATED)
_6334_/A2                               0.750000    0.816636   -0.066636 (VIOLATED)
_6508_/B1                               0.750000    0.816628   -0.066628 (VIOLATED)
_6535_/A2                               0.750000    0.816614   -0.066614 (VIOLATED)
_6468_/B1                               0.750000    0.816607   -0.066607 (VIOLATED)
_6445_/B1                               0.750000    0.816604   -0.066604 (VIOLATED)
fanout139/X                             0.750000    0.816363   -0.066363 (VIOLATED)
_6811_/A2                               0.750000    0.809055   -0.059055 (VIOLATED)
_6826_/B1                               0.750000    0.809053   -0.059053 (VIOLATED)
_6863_/B1                               0.750000    0.809022   -0.059022 (VIOLATED)
_6843_/A2                               0.750000    0.809009   -0.059009 (VIOLATED)
_6927_/B1                               0.750000    0.808926   -0.058926 (VIOLATED)
_6913_/B1                               0.750000    0.808906   -0.058907 (VIOLATED)
fanout137/A                             0.750000    0.808872   -0.058872 (VIOLATED)
_6662_/B1                               0.750000    0.808868   -0.058868 (VIOLATED)
_6645_/B1                               0.750000    0.808867   -0.058867 (VIOLATED)
fanout138/X                             0.750000    0.808854   -0.058854 (VIOLATED)
_6925_/B2                               0.750000    0.800104   -0.050104 (VIOLATED)
_6960_/A                                0.750000    0.800103   -0.050103 (VIOLATED)
_6865_/A2                               0.750000    0.800099   -0.050099 (VIOLATED)
_6911_/B2                               0.750000    0.800028   -0.050028 (VIOLATED)
fanout126/A                             0.750000    0.799873   -0.049873 (VIOLATED)
_6713_/B2                               0.750000    0.799820   -0.049820 (VIOLATED)
_6482_/A2                               0.750000    0.799510   -0.049510 (VIOLATED)
_6675_/B2                               0.750000    0.799142   -0.049142 (VIOLATED)
_6528_/A                                0.750000    0.799036   -0.049036 (VIOLATED)
_6743_/A1                               0.750000    0.798937   -0.048937 (VIOLATED)
fanout127/X                             0.750000    0.798897   -0.048897 (VIOLATED)
_6605_/B1                               0.750000    0.770660   -0.020660 (VIOLATED)
_6591_/B1                               0.750000    0.770655   -0.020655 (VIOLATED)
_6573_/B1                               0.750000    0.770653   -0.020653 (VIOLATED)
_6339_/A                                0.750000    0.770649   -0.020649 (VIOLATED)
_6535_/B1                               0.750000    0.770612   -0.020612 (VIOLATED)
_6506_/B                                0.750000    0.770593   -0.020593 (VIOLATED)
_6880_/B1                               0.750000    0.770576   -0.020576 (VIOLATED)
_6340_/A2                               0.750000    0.770574   -0.020574 (VIOLATED)
_6469_/B1                               0.750000    0.770574   -0.020574 (VIOLATED)
_6449_/B1                               0.750000    0.770343   -0.020343 (VIOLATED)
fanout129/X                             0.750000    0.770341   -0.020341 (VIOLATED)
_6608_/S                                0.750000    0.770185   -0.020185 (VIOLATED)
_6303_/A                                0.750000    0.770183   -0.020183 (VIOLATED)
_6602_/A                                0.750000    0.770180   -0.020180 (VIOLATED)
_6568_/C1                               0.750000    0.770154   -0.020154 (VIOLATED)
_6524_/S                                0.750000    0.770125   -0.020125 (VIOLATED)
_6577_/S0                               0.750000    0.770109   -0.020109 (VIOLATED)
_6481_/S1                               0.750000    0.770109   -0.020109 (VIOLATED)
_6407_/S1                               0.750000    0.770084   -0.020084 (VIOLATED)
_6219_/B                                0.750000    0.770006   -0.020006 (VIOLATED)
_6226_/A2                               0.750000    0.769953   -0.019953 (VIOLATED)
fanout177/X                             0.750000    0.769953   -0.019953 (VIOLATED)
_6173_/A                                0.750000    0.753860   -0.003860 (VIOLATED)
_6174_/A                                0.750000    0.753857   -0.003857 (VIOLATED)
_6175_/A                                0.750000    0.753855   -0.003855 (VIOLATED)
_3485_/A                                0.750000    0.753818   -0.003819 (VIOLATED)
_3890_/C                                0.750000    0.753740   -0.003740 (VIOLATED)
_3993_/B2                               0.750000    0.753729   -0.003729 (VIOLATED)
_3889_/C                                0.750000    0.753728   -0.003728 (VIOLATED)
_3955_/D                                0.750000    0.753720   -0.003720 (VIOLATED)
_3957_/B1                               0.750000    0.753714   -0.003714 (VIOLATED)
_3990_/B                                0.750000    0.753705   -0.003705 (VIOLATED)
fanout311/X                             0.750000    0.753669   -0.003669 (VIOLATED)

max fanout

Pin                                   Limit Fanout  Slack
---------------------------------------------------------
fanout312/X                              10     11        (VIOLATED)



===========================================================================
report_parasitic_annotation -report_unannotated
============================================================================
Found 0 unannotated drivers.
Found 0 partially unannotated drivers.

===========================================================================
max slew violation count 189
max fanout violation count 1
max cap violation count 0
============================================================================

===========================================================================
check_setup -verbose -unconstrained_endpoints -multiple_clock -no_clock -no_input_delay -loops -generated_clocks
===========================================================================
